02/04/15::13:34:46: scuff-cas3D running on bullet0268 
02/04/15::13:34:46: Setting material properties of exterior region to VACUUM. 
02/04/15::13:34:46: Flipped 514 panel normals to comport with region definitions. 
02/04/15::13:34:46: Computing full zero-temperature Casimir quantities. 
02/04/15::13:34:46: Read 1 geometrical transformations from file BeadPEC_L-1.25893.trans. 
02/04/15::13:34:46: Minimum distance between surface points=1.258930e+00 
02/04/15::13:34:46: Computing Casimir integrand at Xi=0.001
 
02/04/15::13:34:46: Assembling T1 at Xi=1.000000e-03... 
02/04/15::13:34:46: Assembling BEM matrix block (0,0) 
02/04/15::13:35:19: Assembling T2 at Xi=1.000000e-03... 
02/04/15::13:35:19: Assembling BEM matrix block (1,1) 
02/04/15::13:40:47: LU-factorizing T1 at Xi=0.001... 
02/04/15::13:40:47: LU-factorizing T2 at Xi=0.001... 
02/04/15::13:40:53: Applying transform 1.25893... 
02/04/15::13:40:53:  Assembling U(0,1) 
02/04/15::13:40:53: Assembling BEM matrix block (0,1) 
02/04/15::13:45:14:   Computing ZForce... 
02/04/15::13:45:16: Computing Casimir integrand at Xi=0.0705035
 
02/04/15::13:45:16: Assembling T1 at Xi=7.050347e-02... 
02/04/15::13:45:16: Assembling BEM matrix block (0,0) 
02/04/15::13:45:19: Assembling T2 at Xi=7.050347e-02... 
02/04/15::13:45:19: Assembling BEM matrix block (1,1) 
02/04/15::13:47:52: LU-factorizing T1 at Xi=0.0705035... 
02/04/15::13:47:52: LU-factorizing T2 at Xi=0.0705035... 
02/04/15::13:47:57: Applying transform 1.25893... 
02/04/15::13:47:57:  Assembling U(0,1) 
02/04/15::13:47:57: Assembling BEM matrix block (0,1) 
02/04/15::13:52:01:   Computing ZForce... 
02/04/15::13:52:03: Computing Casimir integrand at Xi=0.140007
 
02/04/15::13:52:03: Assembling T1 at Xi=1.400069e-01... 
02/04/15::13:52:03: Assembling BEM matrix block (0,0) 
02/04/15::13:52:06: Assembling T2 at Xi=1.400069e-01... 
02/04/15::13:52:06: Assembling BEM matrix block (1,1) 
02/04/15::13:54:44: LU-factorizing T1 at Xi=0.140007... 
02/04/15::13:54:44: LU-factorizing T2 at Xi=0.140007... 
02/04/15::13:54:49: Applying transform 1.25893... 
02/04/15::13:54:49:  Assembling U(0,1) 
02/04/15::13:54:49: Assembling BEM matrix block (0,1) 
02/04/15::13:58:54:   Computing ZForce... 
02/04/15::13:58:56: Computing Casimir integrand at Xi=0.279014
 
02/04/15::13:58:56: Assembling T1 at Xi=2.790139e-01... 
02/04/15::13:58:56: Assembling BEM matrix block (0,0) 
02/04/15::13:58:59: Assembling T2 at Xi=2.790139e-01... 
02/04/15::13:58:59: Assembling BEM matrix block (1,1) 
02/04/15::14:01:45: LU-factorizing T1 at Xi=0.279014... 
02/04/15::14:01:45: LU-factorizing T2 at Xi=0.279014... 
02/04/15::14:01:50: Applying transform 1.25893... 
02/04/15::14:01:50:  Assembling U(0,1) 
02/04/15::14:01:50: Assembling BEM matrix block (0,1) 
02/04/15::14:05:55:   Computing ZForce... 
02/04/15::14:05:58: Computing Casimir integrand at Xi=0.418021
 
02/04/15::14:05:58: Assembling T1 at Xi=4.180208e-01... 
02/04/15::14:05:58: Assembling BEM matrix block (0,0) 
02/04/15::14:06:01: Assembling T2 at Xi=4.180208e-01... 
02/04/15::14:06:01: Assembling BEM matrix block (1,1) 
02/04/15::14:08:54: LU-factorizing T1 at Xi=0.418021... 
02/04/15::14:08:54: LU-factorizing T2 at Xi=0.418021... 
02/04/15::14:08:59: Applying transform 1.25893... 
02/04/15::14:08:59:  Assembling U(0,1) 
02/04/15::14:08:59: Assembling BEM matrix block (0,1) 
02/04/15::14:13:05:   Computing ZForce... 
02/04/15::14:13:08: Computing Casimir integrand at Xi=0.696035
 
02/04/15::14:13:08: Assembling T1 at Xi=6.960347e-01... 
02/04/15::14:13:08: Assembling BEM matrix block (0,0) 
02/04/15::14:13:11: Assembling T2 at Xi=6.960347e-01... 
02/04/15::14:13:11: Assembling BEM matrix block (1,1) 
02/04/15::14:16:19: LU-factorizing T1 at Xi=0.696035... 
02/04/15::14:16:19: LU-factorizing T2 at Xi=0.696035... 
02/04/15::14:16:24: Applying transform 1.25893... 
02/04/15::14:16:24:  Assembling U(0,1) 
02/04/15::14:16:24: Assembling BEM matrix block (0,1) 
02/04/15::14:20:32:   Computing ZForce... 
02/04/15::14:20:34: Computing Casimir integrand at Xi=0.974049
 
02/04/15::14:20:34: Assembling T1 at Xi=9.740485e-01... 
02/04/15::14:20:34: Assembling BEM matrix block (0,0) 
02/04/15::14:20:38: Assembling T2 at Xi=9.740485e-01... 
02/04/15::14:20:38: Assembling BEM matrix block (1,1) 
02/04/15::14:44:04: LU-factorizing T1 at Xi=0.974049... 
02/04/15::14:44:04: LU-factorizing T2 at Xi=0.974049... 
02/04/15::14:44:09: Applying transform 1.25893... 
02/04/15::14:44:09:  Assembling U(0,1) 
02/04/15::14:44:09: Assembling BEM matrix block (0,1) 
02/04/15::14:48:12:   Computing ZForce... 
02/04/15::14:48:15: Computing Casimir integrand at Xi=0.557028
 
02/04/15::14:48:15: Assembling T1 at Xi=5.570277e-01... 
02/04/15::14:48:15: Assembling BEM matrix block (0,0) 
02/04/15::14:48:18: Assembling T2 at Xi=5.570277e-01... 
02/04/15::14:48:18: Assembling BEM matrix block (1,1) 
02/04/15::14:51:18: LU-factorizing T1 at Xi=0.557028... 
02/04/15::14:51:18: LU-factorizing T2 at Xi=0.557028... 
02/04/15::14:51:24: Applying transform 1.25893... 
02/04/15::14:51:24:  Assembling U(0,1) 
02/04/15::14:51:24: Assembling BEM matrix block (0,1) 
02/04/15::14:55:31:   Computing ZForce... 
02/04/15::14:55:33: Computing Casimir integrand at Xi=0.974049
 
02/04/15::14:55:33: Assembling T1 at Xi=9.740485e-01... 
02/04/15::14:55:33: Assembling BEM matrix block (0,0) 
02/04/15::14:55:37: Assembling T2 at Xi=9.740485e-01... 
02/04/15::14:55:37: Assembling BEM matrix block (1,1) 
02/04/15::15:19:03: LU-factorizing T1 at Xi=0.974049... 
02/04/15::15:19:03: LU-factorizing T2 at Xi=0.974049... 
02/04/15::15:19:08: Applying transform 1.25893... 
02/04/15::15:19:08:  Assembling U(0,1) 
02/04/15::15:19:08: Assembling BEM matrix block (0,1) 
02/04/15::15:23:11:   Computing ZForce... 
02/04/15::15:23:13: Computing Casimir integrand at Xi=1.25206
 
02/04/15::15:23:13: Assembling T1 at Xi=1.252062e+00... 
02/04/15::15:23:13: Assembling BEM matrix block (0,0) 
02/04/15::15:23:17: Assembling T2 at Xi=1.252062e+00... 
02/04/15::15:23:17: Assembling BEM matrix block (1,1) 
02/04/15::15:46:44: LU-factorizing T1 at Xi=1.25206... 
02/04/15::15:46:44: LU-factorizing T2 at Xi=1.25206... 
02/04/15::15:46:50: Applying transform 1.25893... 
02/04/15::15:46:50:  Assembling U(0,1) 
02/04/15::15:46:50: Assembling BEM matrix block (0,1) 
02/04/15::15:50:53:   Computing ZForce... 
02/04/15::15:50:55: Computing Casimir integrand at Xi=0.835042
 
02/04/15::15:50:55: Assembling T1 at Xi=8.350416e-01... 
02/04/15::15:50:55: Assembling BEM matrix block (0,0) 
02/04/15::15:50:59: Assembling T2 at Xi=8.350416e-01... 
02/04/15::15:50:59: Assembling BEM matrix block (1,1) 
02/04/15::15:54:14: LU-factorizing T1 at Xi=0.835042... 
02/04/15::15:54:14: LU-factorizing T2 at Xi=0.835042... 
02/04/15::15:54:19: Applying transform 1.25893... 
02/04/15::15:54:19:  Assembling U(0,1) 
02/04/15::15:54:19: Assembling BEM matrix block (0,1) 
02/04/15::15:58:28:   Computing ZForce... 
02/04/15::15:58:31: Computing Casimir integrand at Xi=1.11306
 
02/04/15::15:58:31: Assembling T1 at Xi=1.113055e+00... 
02/04/15::15:58:31: Assembling BEM matrix block (0,0) 
02/04/15::15:58:34: Assembling T2 at Xi=1.113055e+00... 
02/04/15::15:58:34: Assembling BEM matrix block (1,1) 
02/04/15::16:22:01: LU-factorizing T1 at Xi=1.11306... 
02/04/15::16:22:01: LU-factorizing T2 at Xi=1.11306... 
02/04/15::16:22:07: Applying transform 1.25893... 
02/04/15::16:22:07:  Assembling U(0,1) 
02/04/15::16:22:07: Assembling BEM matrix block (0,1) 
02/04/15::16:26:10:   Computing ZForce... 
02/04/15::16:26:12: Computing Casimir integrand at Xi=1.25206
 
02/04/15::16:26:12: Assembling T1 at Xi=1.252062e+00... 
02/04/15::16:26:12: Assembling BEM matrix block (0,0) 
02/04/15::16:26:15: Assembling T2 at Xi=1.252062e+00... 
02/04/15::16:26:15: Assembling BEM matrix block (1,1) 
02/04/15::16:49:42: LU-factorizing T1 at Xi=1.25206... 
02/04/15::16:49:42: LU-factorizing T2 at Xi=1.25206... 
02/04/15::16:49:48: Applying transform 1.25893... 
02/04/15::16:49:48:  Assembling U(0,1) 
02/04/15::16:49:48: Assembling BEM matrix block (0,1) 
02/04/15::16:53:51:   Computing ZForce... 
02/04/15::16:53:54: Computing Casimir integrand at Xi=1.39107
 
02/04/15::16:53:54: Assembling T1 at Xi=1.391069e+00... 
02/04/15::16:53:54: Assembling BEM matrix block (0,0) 
02/04/15::16:53:57: Assembling T2 at Xi=1.391069e+00... 
02/04/15::16:53:57: Assembling BEM matrix block (1,1) 
02/04/15::17:17:35: LU-factorizing T1 at Xi=1.39107... 
02/04/15::17:17:35: LU-factorizing T2 at Xi=1.39107... 
02/04/15::17:17:41: Applying transform 1.25893... 
02/04/15::17:17:41:  Assembling U(0,1) 
02/04/15::17:17:41: Assembling BEM matrix block (0,1) 
02/04/15::17:21:44:   Computing ZForce... 
02/04/15::17:21:46: Computing Casimir integrand at Xi=1.53008
 
02/04/15::17:21:46: Assembling T1 at Xi=1.530076e+00... 
02/04/15::17:21:46: Assembling BEM matrix block (0,0) 
02/04/15::17:21:50: Assembling T2 at Xi=1.530076e+00... 
02/04/15::17:21:50: Assembling BEM matrix block (1,1) 
02/04/15::17:46:04: LU-factorizing T1 at Xi=1.53008... 
02/04/15::17:46:04: LU-factorizing T2 at Xi=1.53008... 
02/04/15::17:46:10: Applying transform 1.25893... 
02/04/15::17:46:10:  Assembling U(0,1) 
02/04/15::17:46:10: Assembling BEM matrix block (0,1) 
02/04/15::17:50:12:   Computing ZForce... 
02/04/15::17:50:14: Computing Casimir integrand at Xi=1.66908
 
02/04/15::17:50:14: Assembling T1 at Xi=1.669083e+00... 
02/04/15::17:50:14: Assembling BEM matrix block (0,0) 
02/04/15::17:50:18: Assembling T2 at Xi=1.669083e+00... 
02/04/15::17:50:18: Assembling BEM matrix block (1,1) 
02/04/15::18:15:09: LU-factorizing T1 at Xi=1.66908... 
02/04/15::18:15:09: LU-factorizing T2 at Xi=1.66908... 
02/04/15::18:15:14: Applying transform 1.25893... 
02/04/15::18:15:14:  Assembling U(0,1) 
02/04/15::18:15:14: Assembling BEM matrix block (0,1) 
02/04/15::18:19:15:   Computing ZForce... 
02/04/15::18:19:17: Computing Casimir integrand at Xi=1.80809
 
02/04/15::18:19:17: Assembling T1 at Xi=1.808090e+00... 
02/04/15::18:19:17: Assembling BEM matrix block (0,0) 
02/04/15::18:19:21: Assembling T2 at Xi=1.808090e+00... 
02/04/15::18:19:21: Assembling BEM matrix block (1,1) 
02/04/15::18:44:37: LU-factorizing T1 at Xi=1.80809... 
02/04/15::18:44:37: LU-factorizing T2 at Xi=1.80809... 
02/04/15::18:44:42: Applying transform 1.25893... 
02/04/15::18:44:42:  Assembling U(0,1) 
02/04/15::18:44:42: Assembling BEM matrix block (0,1) 
02/04/15::18:48:42:   Computing ZForce... 
02/04/15::18:48:44: Computing Casimir integrand at Xi=1.9471
 
02/04/15::18:48:44: Assembling T1 at Xi=1.947097e+00... 
02/04/15::18:48:44: Assembling BEM matrix block (0,0) 
02/04/15::18:48:48: Assembling T2 at Xi=1.947097e+00... 
02/04/15::18:48:48: Assembling BEM matrix block (1,1) 
02/04/15::19:14:10: LU-factorizing T1 at Xi=1.9471... 
02/04/15::19:14:10: LU-factorizing T2 at Xi=1.9471... 
02/04/15::19:14:15: Applying transform 1.25893... 
02/04/15::19:14:15:  Assembling U(0,1) 
02/04/15::19:14:15: Assembling BEM matrix block (0,1) 
02/04/15::19:18:15:   Computing ZForce... 
02/04/15::19:18:17: Computing Casimir integrand at Xi=2.0861
 
02/04/15::19:18:17: Assembling T1 at Xi=2.086104e+00... 
02/04/15::19:18:17: Assembling BEM matrix block (0,0) 
02/04/15::19:18:21: Assembling T2 at Xi=2.086104e+00... 
02/04/15::19:18:21: Assembling BEM matrix block (1,1) 
02/04/15::19:43:44: LU-factorizing T1 at Xi=2.0861... 
02/04/15::19:43:44: LU-factorizing T2 at Xi=2.0861... 
02/04/15::19:43:49: Applying transform 1.25893... 
02/04/15::19:43:49:  Assembling U(0,1) 
02/04/15::19:43:49: Assembling BEM matrix block (0,1) 
02/04/15::19:47:49:   Computing ZForce... 
02/04/15::19:47:51: Computing Casimir integrand at Xi=2.22511
 
02/04/15::19:47:51: Assembling T1 at Xi=2.225111e+00... 
02/04/15::19:47:51: Assembling BEM matrix block (0,0) 
02/04/15::19:47:55: Assembling T2 at Xi=2.225111e+00... 
02/04/15::19:47:55: Assembling BEM matrix block (1,1) 
02/04/15::20:13:18: LU-factorizing T1 at Xi=2.22511... 
02/04/15::20:13:18: LU-factorizing T2 at Xi=2.22511... 
02/04/15::20:13:24: Applying transform 1.25893... 
02/04/15::20:13:24:  Assembling U(0,1) 
02/04/15::20:13:24: Assembling BEM matrix block (0,1) 
02/04/15::20:17:23:   Computing ZForce... 
02/04/15::20:17:25: Computing Casimir integrand at Xi=2.36412
 
02/04/15::20:17:25: Assembling T1 at Xi=2.364118e+00... 
02/04/15::20:17:25: Assembling BEM matrix block (0,0) 
02/04/15::20:17:30: Assembling T2 at Xi=2.364118e+00... 
02/04/15::20:17:30: Assembling BEM matrix block (1,1) 
02/04/15::20:42:53: LU-factorizing T1 at Xi=2.36412... 
02/04/15::20:42:53: LU-factorizing T2 at Xi=2.36412... 
02/04/15::20:42:58: Applying transform 1.25893... 
02/04/15::20:42:58:  Assembling U(0,1) 
02/04/15::20:42:58: Assembling BEM matrix block (0,1) 
02/04/15::20:46:58:   Computing ZForce... 
02/04/15::20:47:00: Computing Casimir integrand at Xi=2.50312
 
02/04/15::20:47:00: Assembling T1 at Xi=2.503125e+00... 
02/04/15::20:47:00: Assembling BEM matrix block (0,0) 
02/04/15::20:47:04: Assembling T2 at Xi=2.503125e+00... 
02/04/15::20:47:04: Assembling BEM matrix block (1,1) 
02/04/15::21:12:27: LU-factorizing T1 at Xi=2.50312... 
02/04/15::21:12:27: LU-factorizing T2 at Xi=2.50312... 
02/04/15::21:12:33: Applying transform 1.25893... 
02/04/15::21:12:33:  Assembling U(0,1) 
02/04/15::21:12:33: Assembling BEM matrix block (0,1) 
02/04/15::21:16:33:   Computing ZForce... 
02/04/15::21:16:35: Computing Casimir integrand at Xi=2.64213
 
02/04/15::21:16:35: Assembling T1 at Xi=2.642132e+00... 
02/04/15::21:16:35: Assembling BEM matrix block (0,0) 
02/04/15::21:16:39: Assembling T2 at Xi=2.642132e+00... 
02/04/15::21:16:39: Assembling BEM matrix block (1,1) 
02/04/15::21:42:03: LU-factorizing T1 at Xi=2.64213... 
02/04/15::21:42:03: LU-factorizing T2 at Xi=2.64213... 
02/04/15::21:42:08: Applying transform 1.25893... 
02/04/15::21:42:08:  Assembling U(0,1) 
02/04/15::21:42:08: Assembling BEM matrix block (0,1) 
02/04/15::21:46:08:   Computing ZForce... 
02/04/15::21:46:10: Computing Casimir integrand at Xi=2.78114
 
02/04/15::21:46:10: Assembling T1 at Xi=2.781139e+00... 
02/04/15::21:46:10: Assembling BEM matrix block (0,0) 
02/04/15::21:46:15: Assembling T2 at Xi=2.781139e+00... 
02/04/15::21:46:15: Assembling BEM matrix block (1,1) 
02/04/15::22:11:39: LU-factorizing T1 at Xi=2.78114... 
02/04/15::22:11:39: LU-factorizing T2 at Xi=2.78114... 
02/04/15::22:11:44: Applying transform 1.25893... 
02/04/15::22:11:44:  Assembling U(0,1) 
02/04/15::22:11:44: Assembling BEM matrix block (0,1) 
02/04/15::22:15:44:   Computing ZForce... 
02/04/15::22:15:46: Computing Casimir integrand at Xi=2.92015
 
02/04/15::22:15:46: Assembling T1 at Xi=2.920146e+00... 
02/04/15::22:15:46: Assembling BEM matrix block (0,0) 
02/04/15::22:15:51: Assembling T2 at Xi=2.920146e+00... 
02/04/15::22:15:51: Assembling BEM matrix block (1,1) 
02/04/15::22:41:15: LU-factorizing T1 at Xi=2.92015... 
02/04/15::22:41:15: LU-factorizing T2 at Xi=2.92015... 
02/04/15::22:41:20: Applying transform 1.25893... 
02/04/15::22:41:20:  Assembling U(0,1) 
02/04/15::22:41:20: Assembling BEM matrix block (0,1) 
02/04/15::22:45:20:   Computing ZForce... 
02/04/15::22:45:22: Computing Casimir integrand at Xi=3.05915
 
02/04/15::22:45:22: Assembling T1 at Xi=3.059153e+00... 
02/04/15::22:45:22: Assembling BEM matrix block (0,0) 
02/04/15::22:45:27: Assembling T2 at Xi=3.059153e+00... 
02/04/15::22:45:27: Assembling BEM matrix block (1,1) 
02/04/15::23:10:51: LU-factorizing T1 at Xi=3.05915... 
02/04/15::23:10:51: LU-factorizing T2 at Xi=3.05915... 
02/04/15::23:10:57: Applying transform 1.25893... 
02/04/15::23:10:57:  Assembling U(0,1) 
02/04/15::23:10:57: Assembling BEM matrix block (0,1) 
02/04/15::23:14:57:   Computing ZForce... 
02/04/15::23:14:59: Computing Casimir integrand at Xi=3.19816
 
02/04/15::23:14:59: Assembling T1 at Xi=3.198159e+00... 
02/04/15::23:14:59: Assembling BEM matrix block (0,0) 
02/04/15::23:15:04: Assembling T2 at Xi=3.198159e+00... 
02/04/15::23:15:04: Assembling BEM matrix block (1,1) 
02/04/15::23:40:28: LU-factorizing T1 at Xi=3.19816... 
02/04/15::23:40:28: LU-factorizing T2 at Xi=3.19816... 
02/04/15::23:40:33: Applying transform 1.25893... 
02/04/15::23:40:33:  Assembling U(0,1) 
02/04/15::23:40:33: Assembling BEM matrix block (0,1) 
02/04/15::23:44:33:   Computing ZForce... 
02/04/15::23:44:35: Computing Casimir integrand at Xi=3.47617
 
02/04/15::23:44:35: Assembling T1 at Xi=3.476173e+00... 
02/04/15::23:44:35: Assembling BEM matrix block (0,0) 
02/04/15::23:44:40: Assembling T2 at Xi=3.476173e+00... 
02/04/15::23:44:40: Assembling BEM matrix block (1,1) 
02/05/15::00:10:04: LU-factorizing T1 at Xi=3.47617... 
02/05/15::00:10:04: LU-factorizing T2 at Xi=3.47617... 
02/05/15::00:10:10: Applying transform 1.25893... 
02/05/15::00:10:10:  Assembling U(0,1) 
02/05/15::00:10:10: Assembling BEM matrix block (0,1) 
02/05/15::00:14:09:   Computing ZForce... 
02/05/15::00:14:12: Computing Casimir integrand at Xi=3.75419
 
02/05/15::00:14:12: Assembling T1 at Xi=3.754187e+00... 
02/05/15::00:14:12: Assembling BEM matrix block (0,0) 
02/05/15::00:14:19: Assembling T2 at Xi=3.754187e+00... 
02/05/15::00:14:19: Assembling BEM matrix block (1,1) 
02/05/15::00:39:43: LU-factorizing T1 at Xi=3.75419... 
02/05/15::00:39:43: LU-factorizing T2 at Xi=3.75419... 
02/05/15::00:39:49: Applying transform 1.25893... 
02/05/15::00:39:49:  Assembling U(0,1) 
02/05/15::00:39:49: Assembling BEM matrix block (0,1) 
02/05/15::00:43:48:   Computing ZForce... 
02/05/15::00:43:51: Computing Casimir integrand at Xi=3.33717
 
02/05/15::00:43:51: Assembling T1 at Xi=3.337166e+00... 
02/05/15::00:43:51: Assembling BEM matrix block (0,0) 
02/05/15::00:43:55: Assembling T2 at Xi=3.337166e+00... 
02/05/15::00:43:55: Assembling BEM matrix block (1,1) 
02/05/15::01:09:22: LU-factorizing T1 at Xi=3.33717... 
02/05/15::01:09:22: LU-factorizing T2 at Xi=3.33717... 
02/05/15::01:09:27: Applying transform 1.25893... 
02/05/15::01:09:27:  Assembling U(0,1) 
02/05/15::01:09:27: Assembling BEM matrix block (0,1) 
02/05/15::01:13:28:   Computing ZForce... 
02/05/15::01:13:30: Computing Casimir integrand at Xi=3.75419
 
02/05/15::01:13:30: Assembling T1 at Xi=3.754187e+00... 
02/05/15::01:13:30: Assembling BEM matrix block (0,0) 
02/05/15::01:13:38: Assembling T2 at Xi=3.754187e+00... 
02/05/15::01:13:38: Assembling BEM matrix block (1,1) 
02/05/15::01:43:10:   Computing ZForce... 
02/05/15::01:43:13: Computing Casimir integrand at Xi=4.0322
 
02/05/15::01:43:13: Assembling T1 at Xi=4.032201e+00... 
02/05/15::01:43:13: Assembling BEM matrix block (0,0) 
02/05/15::01:43:26: Assembling T2 at Xi=4.032201e+00... 
02/05/15::01:43:26: Assembling BEM matrix block (1,1) 
02/05/15::02:08:57: LU-factorizing T1 at Xi=4.0322... 
02/05/15::02:08:57: LU-factorizing T2 at Xi=4.0322... 
02/05/15::02:09:03: Applying transform 1.25893... 
02/05/15::02:09:03:  Assembling U(0,1) 
02/05/15::02:09:03: Assembling BEM matrix block (0,1) 
02/05/15::02:13:05:   Computing ZForce... 
02/05/15::02:13:08: Computing Casimir integrand at Xi=3.61518
 
02/05/15::02:13:08: Assembling T1 at Xi=3.615180e+00... 
02/05/15::02:13:08: Assembling BEM matrix block (0,0) 
02/05/15::02:13:14: Assembling T2 at Xi=3.615180e+00... 
02/05/15::02:13:14: Assembling BEM matrix block (1,1) 
02/05/15::02:38:48: LU-factorizing T1 at Xi=3.61518... 
02/05/15::02:38:48: LU-factorizing T2 at Xi=3.61518... 
02/05/15::02:38:53: Applying transform 1.25893... 
02/05/15::02:38:53:  Assembling U(0,1) 
02/05/15::02:38:53: Assembling BEM matrix block (0,1) 
02/05/15::02:42:55:   Computing ZForce... 
