02/03/15::18:30:16: scuff-cas3D running on hequ0109 
02/03/15::18:30:16: Setting material properties of exterior region to VACUUM. 
02/03/15::18:30:16: Flipped 514 panel normals to comport with region definitions. 
02/03/15::18:30:16: Computing full zero-temperature Casimir quantities. 
02/03/15::18:30:16: Read 1 geometrical transformations from file Bead_L-1.99526.trans. 
02/03/15::18:30:16: Minimum distance between surface points=1.995260e+00 
02/03/15::18:30:16: Computing Casimir integrand at Xi=0.001
 
02/03/15::18:30:16: Assembling T1 at Xi=1.000000e-03... 
02/03/15::18:30:16: Assembling BEM matrix block (0,0) 
02/03/15::18:30:44: Assembling T2 at Xi=1.000000e-03... 
02/03/15::18:30:44: Assembling BEM matrix block (1,1) 
02/03/15::18:55:41: LU-factorizing T1 at Xi=0.001... 
02/03/15::18:55:41: LU-factorizing T2 at Xi=0.001... 
02/03/15::18:56:17: Applying transform 1.99526... 
02/03/15::18:56:17:  Assembling U(0,1) 
02/03/15::18:56:17: Assembling BEM matrix block (0,1) 
02/03/15::19:00:09:   Computing ZForce... 
02/03/15::19:00:23: Computing Casimir integrand at Xi=0.0448539
 
02/03/15::19:00:23: Assembling T1 at Xi=4.485393e-02... 
02/03/15::19:00:23: Assembling BEM matrix block (0,0) 
02/03/15::19:00:27: Assembling T2 at Xi=4.485393e-02... 
02/03/15::19:00:27: Assembling BEM matrix block (1,1) 
02/03/15::19:22:57: LU-factorizing T1 at Xi=0.0448539... 
02/03/15::19:22:57: LU-factorizing T2 at Xi=0.0448539... 
02/03/15::19:23:32: Applying transform 1.99526... 
02/03/15::19:23:32:  Assembling U(0,1) 
02/03/15::19:23:32: Assembling BEM matrix block (0,1) 
02/03/15::19:27:13:   Computing ZForce... 
02/03/15::19:27:28: Computing Casimir integrand at Xi=0.0887079
 
02/03/15::19:27:28: Assembling T1 at Xi=8.870787e-02... 
02/03/15::19:27:28: Assembling BEM matrix block (0,0) 
02/03/15::19:27:32: Assembling T2 at Xi=8.870787e-02... 
02/03/15::19:27:32: Assembling BEM matrix block (1,1) 
02/03/15::19:50:13: LU-factorizing T1 at Xi=0.0887079... 
02/03/15::19:50:13: LU-factorizing T2 at Xi=0.0887079... 
02/03/15::19:50:49: Applying transform 1.99526... 
02/03/15::19:50:49:  Assembling U(0,1) 
02/03/15::19:50:49: Assembling BEM matrix block (0,1) 
02/03/15::19:54:29:   Computing ZForce... 
02/03/15::19:54:44: Computing Casimir integrand at Xi=0.176416
 
02/03/15::19:54:44: Assembling T1 at Xi=1.764157e-01... 
02/03/15::19:54:44: Assembling BEM matrix block (0,0) 
02/03/15::19:54:48: Assembling T2 at Xi=1.764157e-01... 
02/03/15::19:54:48: Assembling BEM matrix block (1,1) 
02/03/15::20:17:32: LU-factorizing T1 at Xi=0.176416... 
02/03/15::20:17:32: LU-factorizing T2 at Xi=0.176416... 
02/03/15::20:18:07: Applying transform 1.99526... 
02/03/15::20:18:07:  Assembling U(0,1) 
02/03/15::20:18:07: Assembling BEM matrix block (0,1) 
02/03/15::20:21:51:   Computing ZForce... 
02/03/15::20:22:05: Computing Casimir integrand at Xi=0.264124
 
02/03/15::20:22:05: Assembling T1 at Xi=2.641236e-01... 
02/03/15::20:22:05: Assembling BEM matrix block (0,0) 
02/03/15::20:22:10: Assembling T2 at Xi=2.641236e-01... 
02/03/15::20:22:10: Assembling BEM matrix block (1,1) 
02/03/15::20:45:02: LU-factorizing T1 at Xi=0.264124... 
02/03/15::20:45:02: LU-factorizing T2 at Xi=0.264124... 
02/03/15::20:45:38: Applying transform 1.99526... 
02/03/15::20:45:38:  Assembling U(0,1) 
02/03/15::20:45:38: Assembling BEM matrix block (0,1) 
02/03/15::20:49:23:   Computing ZForce... 
02/03/15::20:49:37: Computing Casimir integrand at Xi=0.439539
 
02/03/15::20:49:37: Assembling T1 at Xi=4.395393e-01... 
02/03/15::20:49:37: Assembling BEM matrix block (0,0) 
02/03/15::20:49:42: Assembling T2 at Xi=4.395393e-01... 
02/03/15::20:49:42: Assembling BEM matrix block (1,1) 
02/03/15::21:13:04: LU-factorizing T1 at Xi=0.439539... 
02/03/15::21:13:04: LU-factorizing T2 at Xi=0.439539... 
02/03/15::21:13:40: Applying transform 1.99526... 
02/03/15::21:13:40:  Assembling U(0,1) 
02/03/15::21:13:40: Assembling BEM matrix block (0,1) 
02/03/15::21:17:25:   Computing ZForce... 
02/03/15::21:17:40: Computing Casimir integrand at Xi=0.614955
 
02/03/15::21:17:40: Assembling T1 at Xi=6.149551e-01... 
02/03/15::21:17:40: Assembling BEM matrix block (0,0) 
02/03/15::21:17:46: Assembling T2 at Xi=6.149551e-01... 
02/03/15::21:17:46: Assembling BEM matrix block (1,1) 
02/03/15::21:41:18: LU-factorizing T1 at Xi=0.614955... 
02/03/15::21:41:18: LU-factorizing T2 at Xi=0.614955... 
02/03/15::21:41:53: Applying transform 1.99526... 
02/03/15::21:41:53:  Assembling U(0,1) 
02/03/15::21:41:53: Assembling BEM matrix block (0,1) 
02/03/15::21:45:40:   Computing ZForce... 
02/03/15::21:45:54: Computing Casimir integrand at Xi=0.351831
 
02/03/15::21:45:54: Assembling T1 at Xi=3.518315e-01... 
02/03/15::21:45:54: Assembling BEM matrix block (0,0) 
02/03/15::21:45:59: Assembling T2 at Xi=3.518315e-01... 
02/03/15::21:45:59: Assembling BEM matrix block (1,1) 
02/03/15::22:09:11: LU-factorizing T1 at Xi=0.351831... 
02/03/15::22:09:11: LU-factorizing T2 at Xi=0.351831... 
02/03/15::22:09:47: Applying transform 1.99526... 
02/03/15::22:09:47:  Assembling U(0,1) 
02/03/15::22:09:47: Assembling BEM matrix block (0,1) 
02/03/15::22:13:32:   Computing ZForce... 
02/03/15::22:13:47: Computing Casimir integrand at Xi=0.614955
 
02/03/15::22:13:47: Assembling T1 at Xi=6.149551e-01... 
02/03/15::22:13:47: Assembling BEM matrix block (0,0) 
02/03/15::22:13:52: Assembling T2 at Xi=6.149551e-01... 
02/03/15::22:13:52: Assembling BEM matrix block (1,1) 
02/03/15::22:37:27: LU-factorizing T1 at Xi=0.614955... 
02/03/15::22:37:27: LU-factorizing T2 at Xi=0.614955... 
02/03/15::22:38:03: Applying transform 1.99526... 
02/03/15::22:38:03:  Assembling U(0,1) 
02/03/15::22:38:03: Assembling BEM matrix block (0,1) 
02/03/15::22:41:48:   Computing ZForce... 
02/03/15::22:42:03: Computing Casimir integrand at Xi=0.790371
 
02/03/15::22:42:03: Assembling T1 at Xi=7.903708e-01... 
02/03/15::22:42:03: Assembling BEM matrix block (0,0) 
02/03/15::22:42:09: Assembling T2 at Xi=7.903708e-01... 
02/03/15::22:42:09: Assembling BEM matrix block (1,1) 
02/03/15::23:05:45: LU-factorizing T1 at Xi=0.790371... 
02/03/15::23:05:45: LU-factorizing T2 at Xi=0.790371... 
02/03/15::23:06:21: Applying transform 1.99526... 
02/03/15::23:06:21:  Assembling U(0,1) 
02/03/15::23:06:21: Assembling BEM matrix block (0,1) 
02/03/15::23:10:06:   Computing ZForce... 
02/03/15::23:10:21: Computing Casimir integrand at Xi=0.527247
 
02/03/15::23:10:21: Assembling T1 at Xi=5.272472e-01... 
02/03/15::23:10:21: Assembling BEM matrix block (0,0) 
02/03/15::23:10:26: Assembling T2 at Xi=5.272472e-01... 
02/03/15::23:10:26: Assembling BEM matrix block (1,1) 
02/03/15::23:33:22: LU-factorizing T1 at Xi=0.527247... 
02/03/15::23:33:22: LU-factorizing T2 at Xi=0.527247... 
02/03/15::23:33:59: Applying transform 1.99526... 
02/03/15::23:33:59:  Assembling U(0,1) 
02/03/15::23:33:59: Assembling BEM matrix block (0,1) 
02/03/15::23:37:43:   Computing ZForce... 
02/03/15::23:37:58: Computing Casimir integrand at Xi=0.702663
 
02/03/15::23:37:58: Assembling T1 at Xi=7.026629e-01... 
02/03/15::23:37:58: Assembling BEM matrix block (0,0) 
02/03/15::23:38:04: Assembling T2 at Xi=7.026629e-01... 
02/03/15::23:38:04: Assembling BEM matrix block (1,1) 
02/04/15::00:01:21: LU-factorizing T1 at Xi=0.702663... 
02/04/15::00:01:21: LU-factorizing T2 at Xi=0.702663... 
02/04/15::00:01:57: Applying transform 1.99526... 
02/04/15::00:01:57:  Assembling U(0,1) 
02/04/15::00:01:57: Assembling BEM matrix block (0,1) 
02/04/15::00:05:43:   Computing ZForce... 
02/04/15::00:05:58: Computing Casimir integrand at Xi=0.790371
 
02/04/15::00:05:58: Assembling T1 at Xi=7.903708e-01... 
02/04/15::00:05:58: Assembling BEM matrix block (0,0) 
02/04/15::00:06:04: Assembling T2 at Xi=7.903708e-01... 
02/04/15::00:06:04: Assembling BEM matrix block (1,1) 
02/04/15::00:29:13: LU-factorizing T1 at Xi=0.790371... 
02/04/15::00:29:13: LU-factorizing T2 at Xi=0.790371... 
02/04/15::00:29:49: Applying transform 1.99526... 
02/04/15::00:29:49:  Assembling U(0,1) 
02/04/15::00:29:49: Assembling BEM matrix block (0,1) 
02/04/15::00:33:33:   Computing ZForce... 
02/04/15::00:33:47: Computing Casimir integrand at Xi=0.878079
 
02/04/15::00:33:47: Assembling T1 at Xi=8.780787e-01... 
02/04/15::00:33:47: Assembling BEM matrix block (0,0) 
02/04/15::00:33:54: Assembling T2 at Xi=8.780787e-01... 
02/04/15::00:33:54: Assembling BEM matrix block (1,1) 
02/04/15::00:57:15: LU-factorizing T1 at Xi=0.878079... 
02/04/15::00:57:15: LU-factorizing T2 at Xi=0.878079... 
02/04/15::00:57:52: Applying transform 1.99526... 
02/04/15::00:57:52:  Assembling U(0,1) 
02/04/15::00:57:52: Assembling BEM matrix block (0,1) 
02/04/15::01:01:36:   Computing ZForce... 
02/04/15::01:01:51: Computing Casimir integrand at Xi=0.965787
 
02/04/15::01:01:51: Assembling T1 at Xi=9.657865e-01... 
02/04/15::01:01:51: Assembling BEM matrix block (0,0) 
02/04/15::01:01:57: Assembling T2 at Xi=9.657865e-01... 
02/04/15::01:01:57: Assembling BEM matrix block (1,1) 
02/04/15::01:42:05: LU-factorizing T1 at Xi=0.965787... 
02/04/15::01:42:05: LU-factorizing T2 at Xi=0.965787... 
02/04/15::01:42:41: Applying transform 1.99526... 
02/04/15::01:42:41:  Assembling U(0,1) 
02/04/15::01:42:41: Assembling BEM matrix block (0,1) 
02/04/15::01:46:26:   Computing ZForce... 
02/04/15::01:46:41: Computing Casimir integrand at Xi=1.05349
 
02/04/15::01:46:41: Assembling T1 at Xi=1.053494e+00... 
02/04/15::01:46:41: Assembling BEM matrix block (0,0) 
02/04/15::01:46:49: Assembling T2 at Xi=1.053494e+00... 
02/04/15::01:46:49: Assembling BEM matrix block (1,1) 
02/04/15::02:27:34: LU-factorizing T1 at Xi=1.05349... 
02/04/15::02:27:34: LU-factorizing T2 at Xi=1.05349... 
02/04/15::02:28:10: Applying transform 1.99526... 
02/04/15::02:28:10:  Assembling U(0,1) 
02/04/15::02:28:10: Assembling BEM matrix block (0,1) 
02/04/15::02:31:54:   Computing ZForce... 
02/04/15::02:32:08: Computing Casimir integrand at Xi=1.1412
 
02/04/15::02:32:08: Assembling T1 at Xi=1.141202e+00... 
02/04/15::02:32:08: Assembling BEM matrix block (0,0) 
02/04/15::02:32:19: Assembling T2 at Xi=1.141202e+00... 
02/04/15::02:32:19: Assembling BEM matrix block (1,1) 
02/04/15::03:12:22: LU-factorizing T1 at Xi=1.1412... 
02/04/15::03:12:22: LU-factorizing T2 at Xi=1.1412... 
02/04/15::03:12:58: Applying transform 1.99526... 
02/04/15::03:12:58:  Assembling U(0,1) 
02/04/15::03:12:58: Assembling BEM matrix block (0,1) 
02/04/15::03:16:43:   Computing ZForce... 
02/04/15::03:16:57: Computing Casimir integrand at Xi=1.22891
 
02/04/15::03:16:57: Assembling T1 at Xi=1.228910e+00... 
02/04/15::03:16:57: Assembling BEM matrix block (0,0) 
02/04/15::03:17:18: Assembling T2 at Xi=1.228910e+00... 
02/04/15::03:17:18: Assembling BEM matrix block (1,1) 
02/04/15::03:57:41: LU-factorizing T1 at Xi=1.22891... 
02/04/15::03:57:41: LU-factorizing T2 at Xi=1.22891... 
02/04/15::03:58:17: Applying transform 1.99526... 
02/04/15::03:58:17:  Assembling U(0,1) 
02/04/15::03:58:17: Assembling BEM matrix block (0,1) 
02/04/15::04:01:59:   Computing ZForce... 
02/04/15::04:02:13: Computing Casimir integrand at Xi=1.31662
 
02/04/15::04:02:13: Assembling T1 at Xi=1.316618e+00... 
02/04/15::04:02:13: Assembling BEM matrix block (0,0) 
02/04/15::04:02:45: Assembling T2 at Xi=1.316618e+00... 
02/04/15::04:02:45: Assembling BEM matrix block (1,1) 
02/04/15::04:43:16: LU-factorizing T1 at Xi=1.31662... 
02/04/15::04:43:16: LU-factorizing T2 at Xi=1.31662... 
02/04/15::04:43:52: Applying transform 1.99526... 
02/04/15::04:43:52:  Assembling U(0,1) 
02/04/15::04:43:52: Assembling BEM matrix block (0,1) 
02/04/15::04:47:34:   Computing ZForce... 
02/04/15::04:47:49: Computing Casimir integrand at Xi=1.40433
 
02/04/15::04:47:49: Assembling T1 at Xi=1.404326e+00... 
02/04/15::04:47:49: Assembling BEM matrix block (0,0) 
02/04/15::04:48:36: Assembling T2 at Xi=1.404326e+00... 
02/04/15::04:48:36: Assembling BEM matrix block (1,1) 
02/04/15::05:29:07: LU-factorizing T1 at Xi=1.40433... 
02/04/15::05:29:07: LU-factorizing T2 at Xi=1.40433... 
02/04/15::05:29:43: Applying transform 1.99526... 
02/04/15::05:29:43:  Assembling U(0,1) 
02/04/15::05:29:43: Assembling BEM matrix block (0,1) 
02/04/15::05:33:28:   Computing ZForce... 
02/04/15::05:33:42: Computing Casimir integrand at Xi=1.49203
 
02/04/15::05:33:42: Assembling T1 at Xi=1.492034e+00... 
02/04/15::05:33:42: Assembling BEM matrix block (0,0) 
02/04/15::05:34:42: Assembling T2 at Xi=1.492034e+00... 
02/04/15::05:34:42: Assembling BEM matrix block (1,1) 
02/04/15::06:15:33: LU-factorizing T1 at Xi=1.49203... 
02/04/15::06:15:33: LU-factorizing T2 at Xi=1.49203... 
02/04/15::06:16:09: Applying transform 1.99526... 
02/04/15::06:16:09:  Assembling U(0,1) 
02/04/15::06:16:09: Assembling BEM matrix block (0,1) 
02/04/15::06:19:54:   Computing ZForce... 
02/04/15::06:20:08: Computing Casimir integrand at Xi=1.66745
 
02/04/15::06:20:08: Assembling T1 at Xi=1.667449e+00... 
02/04/15::06:20:08: Assembling BEM matrix block (0,0) 
02/04/15::06:21:26: Assembling T2 at Xi=1.667449e+00... 
02/04/15::06:21:26: Assembling BEM matrix block (1,1) 
02/04/15::07:03:32: LU-factorizing T1 at Xi=1.66745... 
02/04/15::07:03:32: LU-factorizing T2 at Xi=1.66745... 
02/04/15::07:04:07: Applying transform 1.99526... 
02/04/15::07:04:07:  Assembling U(0,1) 
02/04/15::07:04:07: Assembling BEM matrix block (0,1) 
02/04/15::07:07:50:   Computing ZForce... 
02/04/15::07:08:05: Computing Casimir integrand at Xi=1.84287
 
02/04/15::07:08:05: Assembling T1 at Xi=1.842865e+00... 
02/04/15::07:08:05: Assembling BEM matrix block (0,0) 
02/04/15::07:09:28: Assembling T2 at Xi=1.842865e+00... 
02/04/15::07:09:28: Assembling BEM matrix block (1,1) 
02/04/15::07:51:50: LU-factorizing T1 at Xi=1.84287... 
02/04/15::07:51:50: LU-factorizing T2 at Xi=1.84287... 
02/04/15::07:52:26: Applying transform 1.99526... 
02/04/15::07:52:26:  Assembling U(0,1) 
02/04/15::07:52:26: Assembling BEM matrix block (0,1) 
02/04/15::07:56:07:   Computing ZForce... 
02/04/15::07:56:22: Computing Casimir integrand at Xi=1.57974
 
02/04/15::07:56:22: Assembling T1 at Xi=1.579742e+00... 
02/04/15::07:56:22: Assembling BEM matrix block (0,0) 
02/04/15::07:57:31: Assembling T2 at Xi=1.579742e+00... 
02/04/15::07:57:31: Assembling BEM matrix block (1,1) 
02/04/15::08:38:35: LU-factorizing T1 at Xi=1.57974... 
02/04/15::08:38:35: LU-factorizing T2 at Xi=1.57974... 
02/04/15::08:39:11: Applying transform 1.99526... 
02/04/15::08:39:11:  Assembling U(0,1) 
02/04/15::08:39:11: Assembling BEM matrix block (0,1) 
02/04/15::08:42:52:   Computing ZForce... 
02/04/15::08:43:06: Computing Casimir integrand at Xi=1.75516
 
02/04/15::08:43:06: Assembling T1 at Xi=1.755157e+00... 
02/04/15::08:43:06: Assembling BEM matrix block (0,0) 
02/04/15::08:44:28: Assembling T2 at Xi=1.755157e+00... 
02/04/15::08:44:28: Assembling BEM matrix block (1,1) 
02/04/15::09:26:35: LU-factorizing T1 at Xi=1.75516... 
02/04/15::09:26:35: LU-factorizing T2 at Xi=1.75516... 
02/04/15::09:27:11: Applying transform 1.99526... 
02/04/15::09:27:11:  Assembling U(0,1) 
02/04/15::09:27:11: Assembling BEM matrix block (0,1) 
02/04/15::09:30:50:   Computing ZForce... 
02/04/15::09:31:05: Computing Casimir integrand at Xi=1.84287
 
02/04/15::09:31:05: Assembling T1 at Xi=1.842865e+00... 
02/04/15::09:31:05: Assembling BEM matrix block (0,0) 
02/04/15::09:32:28: Assembling T2 at Xi=1.842865e+00... 
02/04/15::09:32:28: Assembling BEM matrix block (1,1) 
02/04/15::10:15:02: LU-factorizing T1 at Xi=1.84287... 
02/04/15::10:15:02: LU-factorizing T2 at Xi=1.84287... 
02/04/15::10:15:39: Applying transform 1.99526... 
02/04/15::10:15:39:  Assembling U(0,1) 
02/04/15::10:15:39: Assembling BEM matrix block (0,1) 
02/04/15::10:19:29:   Computing ZForce... 
02/04/15::10:19:46: Computing Casimir integrand at Xi=1.7113
 
02/04/15::10:19:46: Assembling T1 at Xi=1.711303e+00... 
02/04/15::10:19:46: Assembling BEM matrix block (0,0) 
02/04/15::10:21:15: Assembling T2 at Xi=1.711303e+00... 
02/04/15::10:21:15: Assembling BEM matrix block (1,1) 
02/04/15::11:04:19: LU-factorizing T1 at Xi=1.7113... 
02/04/15::11:04:19: LU-factorizing T2 at Xi=1.7113... 
02/04/15::11:04:55: Applying transform 1.99526... 
02/04/15::11:04:55:  Assembling U(0,1) 
02/04/15::11:04:55: Assembling BEM matrix block (0,1) 
02/04/15::11:08:36:   Computing ZForce... 
02/04/15::11:08:50: Computing Casimir integrand at Xi=1.68938
 
02/04/15::11:08:50: Assembling T1 at Xi=1.689376e+00... 
02/04/15::11:08:50: Assembling BEM matrix block (0,0) 
02/04/15::11:10:09: Assembling T2 at Xi=1.689376e+00... 
02/04/15::11:10:09: Assembling BEM matrix block (1,1) 
02/04/15::11:51:57: LU-factorizing T1 at Xi=1.68938... 
02/04/15::11:51:57: LU-factorizing T2 at Xi=1.68938... 
02/04/15::11:52:33: Applying transform 1.99526... 
02/04/15::11:52:33:  Assembling U(0,1) 
02/04/15::11:52:33: Assembling BEM matrix block (0,1) 
02/04/15::11:56:12:   Computing ZForce... 
02/04/15::11:56:27: Computing Casimir integrand at Xi=1.67841
 
02/04/15::11:56:27: Assembling T1 at Xi=1.678413e+00... 
02/04/15::11:56:27: Assembling BEM matrix block (0,0) 
02/04/15::11:57:44: Assembling T2 at Xi=1.678413e+00... 
02/04/15::11:57:44: Assembling BEM matrix block (1,1) 
02/04/15::12:39:19: LU-factorizing T1 at Xi=1.67841... 
02/04/15::12:39:19: LU-factorizing T2 at Xi=1.67841... 
02/04/15::12:39:55: Applying transform 1.99526... 
02/04/15::12:39:55:  Assembling U(0,1) 
02/04/15::12:39:55: Assembling BEM matrix block (0,1) 
02/04/15::12:43:36:   Computing ZForce... 
02/04/15::12:43:50: Computing Casimir integrand at Xi=1.7113
 
02/04/15::12:43:50: Assembling T1 at Xi=1.711303e+00... 
02/04/15::12:43:50: Assembling BEM matrix block (0,0) 
02/04/15::12:45:12: Assembling T2 at Xi=1.711303e+00... 
02/04/15::12:45:12: Assembling BEM matrix block (1,1) 
02/04/15::13:27:05: LU-factorizing T1 at Xi=1.7113... 
02/04/15::13:27:05: LU-factorizing T2 at Xi=1.7113... 
02/04/15::13:27:41: Applying transform 1.99526... 
02/04/15::13:27:41:  Assembling U(0,1) 
02/04/15::13:27:41: Assembling BEM matrix block (0,1) 
02/04/15::13:31:21:   Computing ZForce... 
02/04/15::13:31:36: Computing Casimir integrand at Xi=1.73323
 
02/04/15::13:31:36: Assembling T1 at Xi=1.733230e+00... 
02/04/15::13:31:36: Assembling BEM matrix block (0,0) 
02/04/15::13:32:57: Assembling T2 at Xi=1.733230e+00... 
02/04/15::13:32:57: Assembling BEM matrix block (1,1) 
02/04/15::14:14:37: LU-factorizing T1 at Xi=1.73323... 
02/04/15::14:14:37: LU-factorizing T2 at Xi=1.73323... 
02/04/15::14:15:13: Applying transform 1.99526... 
02/04/15::14:15:13:  Assembling U(0,1) 
02/04/15::14:15:13: Assembling BEM matrix block (0,1) 
02/04/15::14:18:52:   Computing ZForce... 
02/04/15::14:19:07: Computing Casimir integrand at Xi=1.70034
 
02/04/15::14:19:07: Assembling T1 at Xi=1.700340e+00... 
02/04/15::14:19:07: Assembling BEM matrix block (0,0) 
02/04/15::14:20:26: Assembling T2 at Xi=1.700340e+00... 
02/04/15::14:20:26: Assembling BEM matrix block (1,1) 
02/04/15::15:02:08: LU-factorizing T1 at Xi=1.70034... 
02/04/15::15:02:09: LU-factorizing T2 at Xi=1.70034... 
02/04/15::15:02:44: Applying transform 1.99526... 
02/04/15::15:02:44:  Assembling U(0,1) 
02/04/15::15:02:44: Assembling BEM matrix block (0,1) 
02/04/15::15:06:24:   Computing ZForce... 
02/04/15::15:06:39: Computing Casimir integrand at Xi=1.69486
 
02/04/15::15:06:39: Assembling T1 at Xi=1.694858e+00... 
02/04/15::15:06:39: Assembling BEM matrix block (0,0) 
02/04/15::15:07:58: Assembling T2 at Xi=1.694858e+00... 
02/04/15::15:07:58: Assembling BEM matrix block (1,1) 
02/04/15::15:49:41: LU-factorizing T1 at Xi=1.69486... 
02/04/15::15:49:41: LU-factorizing T2 at Xi=1.69486... 
02/04/15::15:50:17: Applying transform 1.99526... 
02/04/15::15:50:17:  Assembling U(0,1) 
02/04/15::15:50:17: Assembling BEM matrix block (0,1) 
02/04/15::15:53:58:   Computing ZForce... 
02/04/15::15:54:13: Computing Casimir integrand at Xi=1.7113
 
02/04/15::15:54:13: Assembling T1 at Xi=1.711303e+00... 
02/04/15::15:54:13: Assembling BEM matrix block (0,0) 
02/04/15::15:55:33: Assembling T2 at Xi=1.711303e+00... 
02/04/15::15:55:33: Assembling BEM matrix block (1,1) 
02/04/15::16:37:01: LU-factorizing T1 at Xi=1.7113... 
02/04/15::16:37:02: LU-factorizing T2 at Xi=1.7113... 
02/04/15::16:37:38: Applying transform 1.99526... 
02/04/15::16:37:38:  Assembling U(0,1) 
02/04/15::16:37:38: Assembling BEM matrix block (0,1) 
02/04/15::16:41:16:   Computing ZForce... 
02/04/15::16:41:31: Computing Casimir integrand at Xi=1.72227
 
02/04/15::16:41:31: Assembling T1 at Xi=1.722267e+00... 
02/04/15::16:41:31: Assembling BEM matrix block (0,0) 
02/04/15::16:42:51: Assembling T2 at Xi=1.722267e+00... 
02/04/15::16:42:51: Assembling BEM matrix block (1,1) 
02/04/15::17:24:13: LU-factorizing T1 at Xi=1.72227... 
02/04/15::17:24:13: LU-factorizing T2 at Xi=1.72227... 
02/04/15::17:24:49: Applying transform 1.99526... 
02/04/15::17:24:49:  Assembling U(0,1) 
02/04/15::17:24:49: Assembling BEM matrix block (0,1) 
02/04/15::17:28:27:   Computing ZForce... 
02/04/15::17:28:41: Computing Casimir integrand at Xi=1.70582
 
02/04/15::17:28:41: Assembling T1 at Xi=1.705822e+00... 
02/04/15::17:28:41: Assembling BEM matrix block (0,0) 
02/04/15::17:30:01: Assembling T2 at Xi=1.705822e+00... 
02/04/15::17:30:01: Assembling BEM matrix block (1,1) 
02/04/15::18:11:30: LU-factorizing T1 at Xi=1.70582... 
02/04/15::18:11:30: LU-factorizing T2 at Xi=1.70582... 
02/04/15::18:12:06: Applying transform 1.99526... 
02/04/15::18:12:06:  Assembling U(0,1) 
02/04/15::18:12:06: Assembling BEM matrix block (0,1) 
02/04/15::18:15:46:   Computing ZForce... 
02/04/15::18:16:00: Computing Casimir integrand at Xi=1.70308
 
02/04/15::18:16:00: Assembling T1 at Xi=1.703081e+00... 
02/04/15::18:16:00: Assembling BEM matrix block (0,0) 
02/04/15::18:17:21: Assembling T2 at Xi=1.703081e+00... 
02/04/15::18:17:21: Assembling BEM matrix block (1,1) 
02/04/15::18:58:52: LU-factorizing T1 at Xi=1.70308... 
02/04/15::18:58:52: LU-factorizing T2 at Xi=1.70308... 
02/04/15::18:59:28: Applying transform 1.99526... 
02/04/15::18:59:28:  Assembling U(0,1) 
02/04/15::18:59:28: Assembling BEM matrix block (0,1) 
02/04/15::19:03:08:   Computing ZForce... 
02/04/15::19:03:22: Computing Casimir integrand at Xi=1.7113
 
02/04/15::19:03:22: Assembling T1 at Xi=1.711303e+00... 
02/04/15::19:03:22: Assembling BEM matrix block (0,0) 
02/04/15::19:04:42: Assembling T2 at Xi=1.711303e+00... 
02/04/15::19:04:42: Assembling BEM matrix block (1,1) 
02/04/15::19:46:15: LU-factorizing T1 at Xi=1.7113... 
02/04/15::19:46:15: LU-factorizing T2 at Xi=1.7113... 
02/04/15::19:46:51: Applying transform 1.99526... 
02/04/15::19:46:51:  Assembling U(0,1) 
02/04/15::19:46:51: Assembling BEM matrix block (0,1) 
02/04/15::19:50:30:   Computing ZForce... 
02/04/15::19:50:45: Computing Casimir integrand at Xi=1.71679
 
02/04/15::19:50:45: Assembling T1 at Xi=1.716785e+00... 
02/04/15::19:50:45: Assembling BEM matrix block (0,0) 
02/04/15::19:52:05: Assembling T2 at Xi=1.716785e+00... 
02/04/15::19:52:05: Assembling BEM matrix block (1,1) 
02/04/15::20:33:14: LU-factorizing T1 at Xi=1.71679... 
02/04/15::20:33:15: LU-factorizing T2 at Xi=1.71679... 
02/04/15::20:33:51: Applying transform 1.99526... 
02/04/15::20:33:51:  Assembling U(0,1) 
02/04/15::20:33:51: Assembling BEM matrix block (0,1) 
02/04/15::20:37:29:   Computing ZForce... 
02/04/15::20:37:44: Computing Casimir integrand at Xi=1.70856
 
02/04/15::20:37:44: Assembling T1 at Xi=1.708563e+00... 
02/04/15::20:37:44: Assembling BEM matrix block (0,0) 
02/04/15::20:39:03: Assembling T2 at Xi=1.708563e+00... 
02/04/15::20:39:03: Assembling BEM matrix block (1,1) 
02/04/15::21:20:22: LU-factorizing T1 at Xi=1.70856... 
02/04/15::21:20:22: LU-factorizing T2 at Xi=1.70856... 
02/04/15::21:20:58: Applying transform 1.99526... 
02/04/15::21:20:58:  Assembling U(0,1) 
02/04/15::21:20:58: Assembling BEM matrix block (0,1) 
02/04/15::21:24:37:   Computing ZForce... 
02/04/15::21:24:51: Computing Casimir integrand at Xi=1.70719
 
02/04/15::21:24:51: Assembling T1 at Xi=1.707192e+00... 
02/04/15::21:24:51: Assembling BEM matrix block (0,0) 
02/04/15::21:26:12: Assembling T2 at Xi=1.707192e+00... 
02/04/15::21:26:12: Assembling BEM matrix block (1,1) 
02/04/15::22:07:49: LU-factorizing T1 at Xi=1.70719... 
02/04/15::22:07:49: LU-factorizing T2 at Xi=1.70719... 
02/04/15::22:08:24: Applying transform 1.99526... 
02/04/15::22:08:24:  Assembling U(0,1) 
02/04/15::22:08:24: Assembling BEM matrix block (0,1) 
02/04/15::22:12:04:   Computing ZForce... 
02/04/15::22:12:18: Computing Casimir integrand at Xi=1.70651
 
02/04/15::22:12:18: Assembling T1 at Xi=1.706507e+00... 
02/04/15::22:12:18: Assembling BEM matrix block (0,0) 
02/04/15::22:13:38: Assembling T2 at Xi=1.706507e+00... 
02/04/15::22:13:38: Assembling BEM matrix block (1,1) 
02/04/15::22:55:14: LU-factorizing T1 at Xi=1.70651... 
02/04/15::22:55:14: LU-factorizing T2 at Xi=1.70651... 
02/04/15::22:55:49: Applying transform 1.99526... 
02/04/15::22:55:49:  Assembling U(0,1) 
02/04/15::22:55:49: Assembling BEM matrix block (0,1) 
02/04/15::22:59:29:   Computing ZForce... 
02/04/15::22:59:43: Computing Casimir integrand at Xi=1.70616
 
02/04/15::22:59:43: Assembling T1 at Xi=1.706164e+00... 
02/04/15::22:59:43: Assembling BEM matrix block (0,0) 
02/04/15::23:01:04: Assembling T2 at Xi=1.706164e+00... 
02/04/15::23:01:04: Assembling BEM matrix block (1,1) 
02/04/15::23:42:32: LU-factorizing T1 at Xi=1.70616... 
02/04/15::23:42:32: LU-factorizing T2 at Xi=1.70616... 
02/04/15::23:43:08: Applying transform 1.99526... 
02/04/15::23:43:08:  Assembling U(0,1) 
02/04/15::23:43:08: Assembling BEM matrix block (0,1) 
02/04/15::23:46:47:   Computing ZForce... 
02/04/15::23:47:02: Computing Casimir integrand at Xi=1.70719
 
02/04/15::23:47:02: Assembling T1 at Xi=1.707192e+00... 
02/04/15::23:47:02: Assembling BEM matrix block (0,0) 
02/04/15::23:48:22: Assembling T2 at Xi=1.707192e+00... 
02/04/15::23:48:22: Assembling BEM matrix block (1,1) 
02/05/15::00:30:02: LU-factorizing T1 at Xi=1.70719... 
02/05/15::00:30:02: LU-factorizing T2 at Xi=1.70719... 
02/05/15::00:30:38: Applying transform 1.99526... 
02/05/15::00:30:38:  Assembling U(0,1) 
02/05/15::00:30:38: Assembling BEM matrix block (0,1) 
02/05/15::00:34:19:   Computing ZForce... 
02/05/15::00:34:33: Computing Casimir integrand at Xi=1.70788
 
02/05/15::00:34:33: Assembling T1 at Xi=1.707877e+00... 
02/05/15::00:34:33: Assembling BEM matrix block (0,0) 
02/05/15::00:35:54: Assembling T2 at Xi=1.707877e+00... 
02/05/15::00:35:54: Assembling BEM matrix block (1,1) 
02/05/15::01:17:19: LU-factorizing T1 at Xi=1.70788... 
02/05/15::01:17:19: LU-factorizing T2 at Xi=1.70788... 
02/05/15::01:17:55: Applying transform 1.99526... 
02/05/15::01:17:55:  Assembling U(0,1) 
02/05/15::01:17:55: Assembling BEM matrix block (0,1) 
02/05/15::02:05:31: LU-factorizing T1 at Xi=1.70685... 
02/05/15::02:05:31: LU-factorizing T2 at Xi=1.70685... 
02/05/15::02:06:07: Applying transform 1.99526... 
02/05/15::02:06:07:  Assembling U(0,1) 
02/05/15::02:06:07: Assembling BEM matrix block (0,1) 
02/05/15::02:09:45:   Computing ZForce... 
02/05/15::02:10:00: Computing Casimir integrand at Xi=1.70668
 
02/05/15::02:10:00: Assembling T1 at Xi=1.706678e+00... 
02/05/15::02:10:00: Assembling BEM matrix block (0,0) 
02/05/15::02:11:20: Assembling T2 at Xi=1.706678e+00... 
02/05/15::02:11:20: Assembling BEM matrix block (1,1) 
02/05/15::02:52:56: LU-factorizing T1 at Xi=1.70668... 
02/05/15::02:52:56: LU-factorizing T2 at Xi=1.70668... 
02/05/15::02:53:32: Applying transform 1.99526... 
02/05/15::02:53:32:  Assembling U(0,1) 
02/05/15::02:53:32: Assembling BEM matrix block (0,1) 
02/05/15::02:57:11:   Computing ZForce... 
02/05/15::02:57:26: Computing Casimir integrand at Xi=1.70659
 
02/05/15::02:57:26: Assembling T1 at Xi=1.706593e+00... 
02/05/15::02:57:26: Assembling BEM matrix block (0,0) 
02/05/15::02:58:46: Assembling T2 at Xi=1.706593e+00... 
02/05/15::02:58:46: Assembling BEM matrix block (1,1) 
