02/05/15::00:30:41: scuff-cas3D running on fell0157 
02/05/15::00:30:41: Setting material properties of exterior region to VACUUM. 
02/05/15::00:30:41: Flipped 500 panel normals to comport with region definitions. 
02/05/15::00:30:41: Computing full Matsubara-summed Casimir quantities at T=3.000000e+02 Kelvin. 
02/05/15::00:30:41: Read 1 geometrical transformations from file BeadPEC_300K_L-0.316228.trans. 
02/05/15::00:30:41: Beginning Matsubara sum at T=300 kelvin... 
02/05/15::00:30:41: Computing Casimir integrand at Xi=0.001
 
02/05/15::00:30:41: Assembling T1 at Xi=1.000000e-03... 
02/05/15::00:30:41: Assembling BEM matrix block (0,0) 
02/05/15::00:31:21: Assembling T2 at Xi=1.000000e-03... 
02/05/15::00:31:21: Assembling BEM matrix block (1,1) 
02/05/15::00:38:10: LU-factorizing T1 at Xi=0.001... 
02/05/15::00:38:10: LU-factorizing T2 at Xi=0.001... 
02/05/15::00:38:18: Applying transform 0.316228... 
02/05/15::00:38:18:  Assembling U(0,1) 
02/05/15::00:38:18: Assembling BEM matrix block (0,1) 
02/05/15::00:44:10:   Computing ZForce... 
02/05/15::00:44:14: Computing Casimir integrand at Xi=0.823279
 
02/05/15::00:44:14: Assembling T1 at Xi=8.232789e-01... 
02/05/15::00:44:14: Assembling BEM matrix block (0,0) 
02/05/15::00:44:17: Assembling T2 at Xi=8.232789e-01... 
02/05/15::00:44:17: Assembling BEM matrix block (1,1) 
02/05/15::00:48:04: LU-factorizing T1 at Xi=0.823279... 
02/05/15::00:48:04: LU-factorizing T2 at Xi=0.823279... 
02/05/15::00:48:13: Applying transform 0.316228... 
02/05/15::00:48:13:  Assembling U(0,1) 
02/05/15::00:48:13: Assembling BEM matrix block (0,1) 
02/05/15::00:53:42:   Computing ZForce... 
02/05/15::00:53:46: Computing Casimir integrand at Xi=1.64656
 
02/05/15::00:53:46: Assembling T1 at Xi=1.646558e+00... 
02/05/15::00:53:46: Assembling BEM matrix block (0,0) 
02/05/15::00:53:50: Assembling T2 at Xi=1.646558e+00... 
02/05/15::00:53:50: Assembling BEM matrix block (1,1) 
02/05/15::02:03:34: LU-factorizing T1 at Xi=2.46984... 
02/05/15::02:03:34: LU-factorizing T2 at Xi=2.46984... 
02/05/15::02:03:43: Applying transform 0.316228... 
02/05/15::02:03:43:  Assembling U(0,1) 
02/05/15::02:03:43: Assembling BEM matrix block (0,1) 
02/05/15::02:09:01:   Computing ZForce... 
02/05/15::02:09:04: Computing Casimir integrand at Xi=3.29312
 
02/05/15::02:09:04: Assembling T1 at Xi=3.293115e+00... 
02/05/15::02:09:04: Assembling BEM matrix block (0,0) 
02/05/15::02:09:09: Assembling T2 at Xi=3.293115e+00... 
02/05/15::02:09:09: Assembling BEM matrix block (1,1) 
02/05/15::02:41:07: LU-factorizing T1 at Xi=3.29312... 
02/05/15::02:41:07: LU-factorizing T2 at Xi=3.29312... 
02/05/15::02:41:15: Applying transform 0.316228... 
02/05/15::02:41:15:  Assembling U(0,1) 
02/05/15::02:41:15: Assembling BEM matrix block (0,1) 
02/05/15::02:46:32:   Computing ZForce... 
02/05/15::02:46:35: Computing Casimir integrand at Xi=4.11639
 
02/05/15::02:46:35: Assembling T1 at Xi=4.116394e+00... 
02/05/15::02:46:35: Assembling BEM matrix block (0,0) 
02/05/15::02:46:56: Assembling T2 at Xi=4.116394e+00... 
02/05/15::02:46:56: Assembling BEM matrix block (1,1) 
02/05/15::03:18:53: LU-factorizing T1 at Xi=4.11639... 
02/05/15::03:18:53: LU-factorizing T2 at Xi=4.11639... 
02/05/15::03:19:01: Applying transform 0.316228... 
02/05/15::03:19:01:  Assembling U(0,1) 
02/05/15::03:19:01: Assembling BEM matrix block (0,1) 
02/05/15::03:24:19:   Computing ZForce... 
02/05/15::03:24:22: Computing Casimir integrand at Xi=4.93967
 
02/05/15::03:24:22: Assembling T1 at Xi=4.939673e+00... 
02/05/15::03:24:22: Assembling BEM matrix block (0,0) 
02/05/15::03:25:48: Assembling T2 at Xi=4.939673e+00... 
02/05/15::03:25:48: Assembling BEM matrix block (1,1) 
02/05/15::03:57:43: LU-factorizing T1 at Xi=4.93967... 
02/05/15::03:57:43: LU-factorizing T2 at Xi=4.93967... 
02/05/15::03:57:51: Applying transform 0.316228... 
02/05/15::03:57:51:  Assembling U(0,1) 
02/05/15::03:57:51: Assembling BEM matrix block (0,1) 
02/05/15::04:03:08:   Computing ZForce... 
02/05/15::04:03:12: Computing Casimir integrand at Xi=5.76295
 
02/05/15::04:03:12: Assembling T1 at Xi=5.762952e+00... 
02/05/15::04:03:12: Assembling BEM matrix block (0,0) 
02/05/15::04:05:05: Assembling T2 at Xi=5.762952e+00... 
02/05/15::04:05:05: Assembling BEM matrix block (1,1) 
02/05/15::04:35:56: LU-factorizing T1 at Xi=5.76295... 
02/05/15::04:35:56: LU-factorizing T2 at Xi=5.76295... 
02/05/15::04:36:05: Applying transform 0.316228... 
02/05/15::04:36:05:  Assembling U(0,1) 
02/05/15::04:36:05: Assembling BEM matrix block (0,1) 
02/05/15::04:41:22:   Computing ZForce... 
02/05/15::04:41:25: Computing Casimir integrand at Xi=6.58623
 
02/05/15::04:41:25: Assembling T1 at Xi=6.586231e+00... 
02/05/15::04:41:25: Assembling BEM matrix block (0,0) 
02/05/15::04:43:26: Assembling T2 at Xi=6.586231e+00... 
02/05/15::04:43:26: Assembling BEM matrix block (1,1) 
02/05/15::05:14:02: LU-factorizing T1 at Xi=6.58623... 
02/05/15::05:14:02: LU-factorizing T2 at Xi=6.58623... 
02/05/15::05:14:11: Applying transform 0.316228... 
02/05/15::05:14:11:  Assembling U(0,1) 
02/05/15::05:14:11: Assembling BEM matrix block (0,1) 
02/05/15::05:19:29:   Computing ZForce... 
02/05/15::05:19:32: Computing Casimir integrand at Xi=7.40951
 
02/05/15::05:19:32: Assembling T1 at Xi=7.409510e+00... 
02/05/15::05:19:32: Assembling BEM matrix block (0,0) 
02/05/15::05:21:34: Assembling T2 at Xi=7.409510e+00... 
02/05/15::05:21:34: Assembling BEM matrix block (1,1) 
02/05/15::05:52:38: LU-factorizing T1 at Xi=7.40951... 
02/05/15::05:52:38: LU-factorizing T2 at Xi=7.40951... 
02/05/15::05:52:47: Applying transform 0.316228... 
02/05/15::05:52:47:  Assembling U(0,1) 
02/05/15::05:52:47: Assembling BEM matrix block (0,1) 
02/05/15::05:58:07:   Computing ZForce... 
02/05/15::05:58:10: Computing Casimir integrand at Xi=8.23279
 
02/05/15::05:58:10: Assembling T1 at Xi=8.232789e+00... 
02/05/15::05:58:10: Assembling BEM matrix block (0,0) 
02/05/15::06:00:12: Assembling T2 at Xi=8.232789e+00... 
02/05/15::06:00:12: Assembling BEM matrix block (1,1) 
02/05/15::06:31:26: LU-factorizing T1 at Xi=8.23279... 
02/05/15::06:31:26: LU-factorizing T2 at Xi=8.23279... 
02/05/15::06:31:35: Applying transform 0.316228... 
02/05/15::06:31:35:  Assembling U(0,1) 
02/05/15::06:31:35: Assembling BEM matrix block (0,1) 
02/05/15::06:36:56:   Computing ZForce... 
02/05/15::06:36:59: Computing Casimir integrand at Xi=9.05607
 
02/05/15::06:36:59: Assembling T1 at Xi=9.056067e+00... 
02/05/15::06:36:59: Assembling BEM matrix block (0,0) 
02/05/15::06:39:01: Assembling T2 at Xi=9.056067e+00... 
02/05/15::06:39:01: Assembling BEM matrix block (1,1) 
02/05/15::07:10:20: LU-factorizing T1 at Xi=9.05607... 
02/05/15::07:10:20: LU-factorizing T2 at Xi=9.05607... 
02/05/15::07:10:30: Applying transform 0.316228... 
02/05/15::07:10:30:  Assembling U(0,1) 
02/05/15::07:10:30: Assembling BEM matrix block (0,1) 
02/05/15::07:15:50:   Computing ZForce... 
02/05/15::07:15:54: Computing Casimir integrand at Xi=9.87935
 
02/05/15::07:15:54: Assembling T1 at Xi=9.879346e+00... 
02/05/15::07:15:54: Assembling BEM matrix block (0,0) 
02/05/15::07:17:56: Assembling T2 at Xi=9.879346e+00... 
02/05/15::07:17:56: Assembling BEM matrix block (1,1) 
02/05/15::07:49:20: LU-factorizing T1 at Xi=9.87935... 
02/05/15::07:49:20: LU-factorizing T2 at Xi=9.87935... 
02/05/15::07:49:32: Applying transform 0.316228... 
02/05/15::07:49:32:  Assembling U(0,1) 
02/05/15::07:49:32: Assembling BEM matrix block (0,1) 
02/05/15::07:55:04:   Computing ZForce... 
02/05/15::07:55:08: Computing Casimir integrand at Xi=10.7026
 
02/05/15::07:55:08: Assembling T1 at Xi=1.070263e+01... 
02/05/15::07:55:08: Assembling BEM matrix block (0,0) 
02/05/15::07:57:12: Assembling T2 at Xi=1.070263e+01... 
02/05/15::07:57:12: Assembling BEM matrix block (1,1) 
02/05/15::08:28:42: LU-factorizing T1 at Xi=10.7026... 
02/05/15::08:28:42: LU-factorizing T2 at Xi=10.7026... 
02/05/15::08:28:55: Applying transform 0.316228... 
02/05/15::08:28:55:  Assembling U(0,1) 
02/05/15::08:28:55: Assembling BEM matrix block (0,1) 
02/05/15::08:34:50:   Computing ZForce... 
02/05/15::08:34:55: Computing Casimir integrand at Xi=11.5259
 
02/05/15::08:34:55: Assembling T1 at Xi=1.152590e+01... 
02/05/15::08:34:55: Assembling BEM matrix block (0,0) 
02/05/15::08:36:58: Assembling T2 at Xi=1.152590e+01... 
02/05/15::08:36:58: Assembling BEM matrix block (1,1) 
02/05/15::09:08:32: LU-factorizing T1 at Xi=11.5259... 
02/05/15::09:08:32: LU-factorizing T2 at Xi=11.5259... 
02/05/15::09:08:50: Applying transform 0.316228... 
02/05/15::09:08:50:  Assembling U(0,1) 
02/05/15::09:08:50: Assembling BEM matrix block (0,1) 
02/05/15::09:14:56:   Computing ZForce... 
02/05/15::09:15:03: Computing Casimir integrand at Xi=12.3492
 
02/05/15::09:15:03: Assembling T1 at Xi=1.234918e+01... 
02/05/15::09:15:03: Assembling BEM matrix block (0,0) 
02/05/15::09:17:05: Assembling T2 at Xi=1.234918e+01... 
02/05/15::09:17:05: Assembling BEM matrix block (1,1) 
02/05/15::09:48:22: LU-factorizing T1 at Xi=12.3492... 
02/05/15::09:48:23: LU-factorizing T2 at Xi=12.3492... 
02/05/15::09:48:49: Applying transform 0.316228... 
02/05/15::09:48:49:  Assembling U(0,1) 
02/05/15::09:48:49: Assembling BEM matrix block (0,1) 
02/05/15::09:55:14:   Computing ZForce... 
02/05/15::09:55:23: Computing Casimir integrand at Xi=13.1725
 
02/05/15::09:55:23: Assembling T1 at Xi=1.317246e+01... 
02/05/15::09:55:23: Assembling BEM matrix block (0,0) 
02/05/15::09:57:25: Assembling T2 at Xi=1.317246e+01... 
02/05/15::09:57:25: Assembling BEM matrix block (1,1) 
02/05/15::10:28:51: LU-factorizing T1 at Xi=13.1725... 
02/05/15::10:28:51: LU-factorizing T2 at Xi=13.1725... 
02/05/15::10:29:21: Applying transform 0.316228... 
02/05/15::10:29:21:  Assembling U(0,1) 
02/05/15::10:29:21: Assembling BEM matrix block (0,1) 
02/05/15::10:36:06:   Computing ZForce... 
02/05/15::10:36:17: Computing Casimir integrand at Xi=13.9957
 
02/05/15::10:36:17: Assembling T1 at Xi=1.399574e+01... 
02/05/15::10:36:17: Assembling BEM matrix block (0,0) 
02/05/15::10:38:19: Assembling T2 at Xi=1.399574e+01... 
02/05/15::10:38:19: Assembling BEM matrix block (1,1) 
02/05/15::11:10:09: LU-factorizing T1 at Xi=13.9957... 
02/05/15::11:10:09: LU-factorizing T2 at Xi=13.9957... 
02/05/15::11:10:47: Applying transform 0.316228... 
02/05/15::11:10:47:  Assembling U(0,1) 
02/05/15::11:10:47: Assembling BEM matrix block (0,1) 
02/05/15::11:17:51:   Computing ZForce... 
02/05/15::11:18:05: Computing Casimir integrand at Xi=14.819
 
02/05/15::11:18:05: Assembling T1 at Xi=1.481902e+01... 
02/05/15::11:18:05: Assembling BEM matrix block (0,0) 
02/05/15::11:20:07: Assembling T2 at Xi=1.481902e+01... 
02/05/15::11:20:07: Assembling BEM matrix block (1,1) 
02/05/15::11:51:53: LU-factorizing T1 at Xi=14.819... 
02/05/15::11:51:53: LU-factorizing T2 at Xi=14.819... 
02/05/15::11:52:22: Applying transform 0.316228... 
02/05/15::11:52:22:  Assembling U(0,1) 
02/05/15::11:52:22: Assembling BEM matrix block (0,1) 
02/05/15::11:59:05:   Computing ZForce... 
02/05/15::11:59:16: Computing Casimir integrand at Xi=15.6423
 
02/05/15::11:59:16: Assembling T1 at Xi=1.564230e+01... 
02/05/15::11:59:16: Assembling BEM matrix block (0,0) 
02/05/15::12:01:18: Assembling T2 at Xi=1.564230e+01... 
02/05/15::12:01:18: Assembling BEM matrix block (1,1) 
02/05/15::12:33:08: LU-factorizing T1 at Xi=15.6423... 
02/05/15::12:33:08: LU-factorizing T2 at Xi=15.6423... 
02/05/15::12:33:41: Applying transform 0.316228... 
02/05/15::12:33:41:  Assembling U(0,1) 
02/05/15::12:33:41: Assembling BEM matrix block (0,1) 
02/05/15::12:40:18:   Computing ZForce... 
02/05/15::12:40:29: Computing Casimir integrand at Xi=16.4656
 
02/05/15::12:40:29: Assembling T1 at Xi=1.646558e+01... 
02/05/15::12:40:29: Assembling BEM matrix block (0,0) 
02/05/15::12:42:30: Assembling T2 at Xi=1.646558e+01... 
02/05/15::12:42:30: Assembling BEM matrix block (1,1) 
02/05/15::13:14:17: LU-factorizing T1 at Xi=16.4656... 
02/05/15::13:14:17: LU-factorizing T2 at Xi=16.4656... 
02/05/15::13:14:45: Applying transform 0.316228... 
02/05/15::13:14:45:  Assembling U(0,1) 
02/05/15::13:14:45: Assembling BEM matrix block (0,1) 
02/05/15::13:21:16:   Computing ZForce... 
02/05/15::13:21:26: Computing Casimir integrand at Xi=17.2889
 
02/05/15::13:21:26: Assembling T1 at Xi=1.728886e+01... 
02/05/15::13:21:26: Assembling BEM matrix block (0,0) 
02/05/15::13:23:28: Assembling T2 at Xi=1.728886e+01... 
02/05/15::13:23:28: Assembling BEM matrix block (1,1) 
02/05/15::13:55:20: LU-factorizing T1 at Xi=17.2889... 
02/05/15::13:55:20: LU-factorizing T2 at Xi=17.2889... 
02/05/15::13:55:53: Applying transform 0.316228... 
02/05/15::13:55:53:  Assembling U(0,1) 
02/05/15::13:55:53: Assembling BEM matrix block (0,1) 
02/05/15::14:02:26:   Computing ZForce... 
02/05/15::14:02:37: Computing Casimir integrand at Xi=18.1121
 
02/05/15::14:02:37: Assembling T1 at Xi=1.811213e+01... 
02/05/15::14:02:37: Assembling BEM matrix block (0,0) 
02/05/15::14:04:39: Assembling T2 at Xi=1.811213e+01... 
02/05/15::14:05:09: Assembling BEM matrix block (1,1) 
02/05/15::14:37:02: LU-factorizing T1 at Xi=18.1121... 
02/05/15::14:37:02: LU-factorizing T2 at Xi=18.1121... 
02/05/15::14:37:29: Applying transform 0.316228... 
02/05/15::14:37:29:  Assembling U(0,1) 
02/05/15::14:37:29: Assembling BEM matrix block (0,1) 
02/05/15::14:43:51:   Computing ZForce... 
02/05/15::14:44:00: Computing Casimir integrand at Xi=18.9354
 
02/05/15::14:44:00: Assembling T1 at Xi=1.893541e+01... 
02/05/15::14:44:00: Assembling BEM matrix block (0,0) 
02/05/15::14:46:02: Assembling T2 at Xi=1.893541e+01... 
02/05/15::14:46:02: Assembling BEM matrix block (1,1) 
02/05/15::15:17:52: LU-factorizing T1 at Xi=18.9354... 
02/05/15::15:17:52: LU-factorizing T2 at Xi=18.9354... 
02/05/15::15:18:21: Applying transform 0.316228... 
02/05/15::15:18:21:  Assembling U(0,1) 
02/05/15::15:18:21: Assembling BEM matrix block (0,1) 
02/05/15::15:24:45:   Computing ZForce... 
02/05/15::15:24:54: Computing Casimir integrand at Xi=19.7587
 
02/05/15::15:24:54: Assembling T1 at Xi=1.975869e+01... 
02/05/15::15:24:54: Assembling BEM matrix block (0,0) 
02/05/15::15:26:57: Assembling T2 at Xi=1.975869e+01... 
02/05/15::15:26:57: Assembling BEM matrix block (1,1) 
02/05/15::15:58:49: LU-factorizing T1 at Xi=19.7587... 
02/05/15::15:58:49: LU-factorizing T2 at Xi=19.7587... 
02/05/15::15:59:22: Applying transform 0.316228... 
02/05/15::15:59:22:  Assembling U(0,1) 
02/05/15::15:59:22: Assembling BEM matrix block (0,1) 
02/05/15::16:05:47:   Computing ZForce... 
02/05/15::16:05:57: Computing Casimir integrand at Xi=20.582
 
02/05/15::16:05:57: Assembling T1 at Xi=2.058197e+01... 
02/05/15::16:05:57: Assembling BEM matrix block (0,0) 
02/05/15::16:07:59: Assembling T2 at Xi=2.058197e+01... 
02/05/15::16:07:59: Assembling BEM matrix block (1,1) 
02/05/15::16:39:53: LU-factorizing T1 at Xi=20.582... 
02/05/15::16:39:53: LU-factorizing T2 at Xi=20.582... 
02/05/15::16:40:21: Applying transform 0.316228... 
02/05/15::16:40:21:  Assembling U(0,1) 
02/05/15::16:40:21: Assembling BEM matrix block (0,1) 
02/05/15::16:46:39:   Computing ZForce... 
02/05/15::16:46:48: Matsubara sum converged after summing n=25 frequency points. 
