02/03/15::18:30:16: scuff-cas3D running on hequ0180 
02/03/15::18:30:16: Setting material properties of exterior region to VACUUM. 
02/03/15::18:30:16: Flipped 514 panel normals to comport with region definitions. 
02/03/15::18:30:16: Computing full zero-temperature Casimir quantities. 
02/03/15::18:30:16: Read 1 geometrical transformations from file Bead_L-1.58489.trans. 
02/03/15::18:30:16: Minimum distance between surface points=1.584890e+00 
02/03/15::18:30:16: Computing Casimir integrand at Xi=0.001
 
02/03/15::18:30:16: Assembling T1 at Xi=1.000000e-03... 
02/03/15::18:30:16: Assembling BEM matrix block (0,0) 
02/03/15::18:30:43: Assembling T2 at Xi=1.000000e-03... 
02/03/15::18:30:43: Assembling BEM matrix block (1,1) 
02/03/15::18:56:08: LU-factorizing T1 at Xi=0.001... 
02/03/15::18:56:08: LU-factorizing T2 at Xi=0.001... 
02/03/15::18:56:44: Applying transform 1.58489... 
02/03/15::18:56:44:  Assembling U(0,1) 
02/03/15::18:56:44: Assembling BEM matrix block (0,1) 
02/03/15::19:00:49:   Computing ZForce... 
02/03/15::19:01:04: Computing Casimir integrand at Xi=0.0562089
 
02/03/15::19:01:04: Assembling T1 at Xi=5.620888e-02... 
02/03/15::19:01:04: Assembling BEM matrix block (0,0) 
02/03/15::19:01:08: Assembling T2 at Xi=5.620888e-02... 
02/03/15::19:01:08: Assembling BEM matrix block (1,1) 
02/03/15::19:23:46: LU-factorizing T1 at Xi=0.0562089... 
02/03/15::19:23:46: LU-factorizing T2 at Xi=0.0562089... 
02/03/15::19:24:22: Applying transform 1.58489... 
02/03/15::19:24:22:  Assembling U(0,1) 
02/03/15::19:24:22: Assembling BEM matrix block (0,1) 
02/03/15::19:28:14:   Computing ZForce... 
02/03/15::19:28:29: Computing Casimir integrand at Xi=0.111418
 
02/03/15::19:28:29: Assembling T1 at Xi=1.114178e-01... 
02/03/15::19:28:29: Assembling BEM matrix block (0,0) 
02/03/15::19:28:33: Assembling T2 at Xi=1.114178e-01... 
02/03/15::19:28:33: Assembling BEM matrix block (1,1) 
02/03/15::19:51:19: LU-factorizing T1 at Xi=0.111418... 
02/03/15::19:51:19: LU-factorizing T2 at Xi=0.111418... 
02/03/15::19:51:54: Applying transform 1.58489... 
02/03/15::19:51:54:  Assembling U(0,1) 
02/03/15::19:51:54: Assembling BEM matrix block (0,1) 
02/03/15::19:55:47:   Computing ZForce... 
02/03/15::19:56:02: Computing Casimir integrand at Xi=0.221836
 
02/03/15::19:56:02: Assembling T1 at Xi=2.218355e-01... 
02/03/15::19:56:02: Assembling BEM matrix block (0,0) 
02/03/15::19:56:06: Assembling T2 at Xi=2.218355e-01... 
02/03/15::19:56:06: Assembling BEM matrix block (1,1) 
02/03/15::20:18:56: LU-factorizing T1 at Xi=0.221836... 
02/03/15::20:18:56: LU-factorizing T2 at Xi=0.221836... 
02/03/15::20:19:31: Applying transform 1.58489... 
02/03/15::20:19:31:  Assembling U(0,1) 
02/03/15::20:19:31: Assembling BEM matrix block (0,1) 
02/03/15::20:23:25:   Computing ZForce... 
02/03/15::20:23:39: Computing Casimir integrand at Xi=0.332253
 
02/03/15::20:23:39: Assembling T1 at Xi=3.322533e-01... 
02/03/15::20:23:39: Assembling BEM matrix block (0,0) 
02/03/15::20:23:45: Assembling T2 at Xi=3.322533e-01... 
02/03/15::20:23:45: Assembling BEM matrix block (1,1) 
02/03/15::20:46:41: LU-factorizing T1 at Xi=0.332253... 
02/03/15::20:46:41: LU-factorizing T2 at Xi=0.332253... 
02/03/15::20:47:16: Applying transform 1.58489... 
02/03/15::20:47:16:  Assembling U(0,1) 
02/03/15::20:47:16: Assembling BEM matrix block (0,1) 
02/03/15::20:51:11:   Computing ZForce... 
02/03/15::20:51:26: Computing Casimir integrand at Xi=0.553089
 
02/03/15::20:51:26: Assembling T1 at Xi=5.530888e-01... 
02/03/15::20:51:26: Assembling BEM matrix block (0,0) 
02/03/15::20:51:31: Assembling T2 at Xi=5.530888e-01... 
02/03/15::20:51:31: Assembling BEM matrix block (1,1) 
02/03/15::21:14:33: LU-factorizing T1 at Xi=0.553089... 
02/03/15::21:14:33: LU-factorizing T2 at Xi=0.553089... 
02/03/15::21:15:09: Applying transform 1.58489... 
02/03/15::21:15:09:  Assembling U(0,1) 
02/03/15::21:15:09: Assembling BEM matrix block (0,1) 
02/03/15::21:19:03:   Computing ZForce... 
02/03/15::21:19:17: Computing Casimir integrand at Xi=0.773924
 
02/03/15::21:19:17: Assembling T1 at Xi=7.739243e-01... 
02/03/15::21:19:17: Assembling BEM matrix block (0,0) 
02/03/15::21:19:23: Assembling T2 at Xi=7.739243e-01... 
02/03/15::21:19:23: Assembling BEM matrix block (1,1) 
02/03/15::21:42:38: LU-factorizing T1 at Xi=0.773924... 
02/03/15::21:42:38: LU-factorizing T2 at Xi=0.773924... 
02/03/15::21:43:13: Applying transform 1.58489... 
02/03/15::21:43:13:  Assembling U(0,1) 
02/03/15::21:43:13: Assembling BEM matrix block (0,1) 
02/03/15::21:47:09:   Computing ZForce... 
02/03/15::21:47:24: Computing Casimir integrand at Xi=0.442671
 
02/03/15::21:47:24: Assembling T1 at Xi=4.426710e-01... 
02/03/15::21:47:24: Assembling BEM matrix block (0,0) 
02/03/15::21:47:29: Assembling T2 at Xi=4.426710e-01... 
02/03/15::21:47:29: Assembling BEM matrix block (1,1) 
02/03/15::22:10:28: LU-factorizing T1 at Xi=0.442671... 
02/03/15::22:10:28: LU-factorizing T2 at Xi=0.442671... 
02/03/15::22:11:03: Applying transform 1.58489... 
02/03/15::22:11:03:  Assembling U(0,1) 
02/03/15::22:11:03: Assembling BEM matrix block (0,1) 
02/03/15::22:14:57:   Computing ZForce... 
02/03/15::22:15:11: Computing Casimir integrand at Xi=0.663507
 
02/03/15::22:15:11: Assembling T1 at Xi=6.635065e-01... 
02/03/15::22:15:11: Assembling BEM matrix block (0,0) 
02/03/15::22:15:17: Assembling T2 at Xi=6.635065e-01... 
02/03/15::22:15:17: Assembling BEM matrix block (1,1) 
02/03/15::22:38:30: LU-factorizing T1 at Xi=0.663507... 
02/03/15::22:38:30: LU-factorizing T2 at Xi=0.663507... 
02/03/15::22:39:05: Applying transform 1.58489... 
02/03/15::22:39:05:  Assembling U(0,1) 
02/03/15::22:39:05: Assembling BEM matrix block (0,1) 
02/03/15::22:43:00:   Computing ZForce... 
02/03/15::22:43:15: Computing Casimir integrand at Xi=0.773924
 
02/03/15::22:43:15: Assembling T1 at Xi=7.739243e-01... 
02/03/15::22:43:15: Assembling BEM matrix block (0,0) 
02/03/15::22:43:21: Assembling T2 at Xi=7.739243e-01... 
02/03/15::22:43:21: Assembling BEM matrix block (1,1) 
02/03/15::23:06:39: LU-factorizing T1 at Xi=0.773924... 
02/03/15::23:06:39: LU-factorizing T2 at Xi=0.773924... 
02/03/15::23:07:14: Applying transform 1.58489... 
02/03/15::23:07:14:  Assembling U(0,1) 
02/03/15::23:07:14: Assembling BEM matrix block (0,1) 
02/03/15::23:11:10:   Computing ZForce... 
02/03/15::23:11:25: Computing Casimir integrand at Xi=0.884342
 
02/03/15::23:11:25: Assembling T1 at Xi=8.843421e-01... 
02/03/15::23:11:25: Assembling BEM matrix block (0,0) 
02/03/15::23:11:31: Assembling T2 at Xi=8.843421e-01... 
02/03/15::23:11:31: Assembling BEM matrix block (1,1) 
02/03/15::23:35:06: LU-factorizing T1 at Xi=0.884342... 
02/03/15::23:35:06: LU-factorizing T2 at Xi=0.884342... 
02/03/15::23:35:41: Applying transform 1.58489... 
02/03/15::23:35:41:  Assembling U(0,1) 
02/03/15::23:35:41: Assembling BEM matrix block (0,1) 
02/03/15::23:39:37:   Computing ZForce... 
02/03/15::23:39:52: Computing Casimir integrand at Xi=0.99476
 
02/03/15::23:39:52: Assembling T1 at Xi=9.947598e-01... 
02/03/15::23:39:52: Assembling BEM matrix block (0,0) 
02/03/15::23:39:58: Assembling T2 at Xi=9.947598e-01... 
02/03/15::23:39:58: Assembling BEM matrix block (1,1) 
02/04/15::00:20:07: LU-factorizing T1 at Xi=0.99476... 
02/04/15::00:20:07: LU-factorizing T2 at Xi=0.99476... 
02/04/15::00:20:43: Applying transform 1.58489... 
02/04/15::00:20:43:  Assembling U(0,1) 
02/04/15::00:20:43: Assembling BEM matrix block (0,1) 
02/04/15::00:24:36:   Computing ZForce... 
02/04/15::00:24:50: Computing Casimir integrand at Xi=1.10518
 
02/04/15::00:24:50: Assembling T1 at Xi=1.105178e+00... 
02/04/15::00:24:50: Assembling BEM matrix block (0,0) 
02/04/15::00:25:00: Assembling T2 at Xi=1.105178e+00... 
02/04/15::00:25:00: Assembling BEM matrix block (1,1) 
02/04/15::01:05:44: LU-factorizing T1 at Xi=1.10518... 
02/04/15::01:05:44: LU-factorizing T2 at Xi=1.10518... 
02/04/15::01:06:20: Applying transform 1.58489... 
02/04/15::01:06:20:  Assembling U(0,1) 
02/04/15::01:06:20: Assembling BEM matrix block (0,1) 
02/04/15::01:10:15:   Computing ZForce... 
02/04/15::01:10:29: Computing Casimir integrand at Xi=1.2156
 
02/04/15::01:10:29: Assembling T1 at Xi=1.215595e+00... 
02/04/15::01:10:29: Assembling BEM matrix block (0,0) 
02/04/15::01:10:49: Assembling T2 at Xi=1.215595e+00... 
02/04/15::01:10:49: Assembling BEM matrix block (1,1) 
02/04/15::01:51:42: LU-factorizing T1 at Xi=1.2156... 
02/04/15::01:51:42: LU-factorizing T2 at Xi=1.2156... 
02/04/15::01:52:18: Applying transform 1.58489... 
02/04/15::01:52:18:  Assembling U(0,1) 
02/04/15::01:52:18: Assembling BEM matrix block (0,1) 
02/04/15::01:56:14:   Computing ZForce... 
02/04/15::01:56:29: Computing Casimir integrand at Xi=1.32601
 
02/04/15::01:56:29: Assembling T1 at Xi=1.326013e+00... 
02/04/15::01:56:29: Assembling BEM matrix block (0,0) 
02/04/15::01:57:04: Assembling T2 at Xi=1.326013e+00... 
02/04/15::01:57:04: Assembling BEM matrix block (1,1) 
02/04/15::02:38:19: LU-factorizing T1 at Xi=1.32601... 
02/04/15::02:38:19: LU-factorizing T2 at Xi=1.32601... 
02/04/15::02:38:54: Applying transform 1.58489... 
02/04/15::02:38:54:  Assembling U(0,1) 
02/04/15::02:38:54: Assembling BEM matrix block (0,1) 
02/04/15::02:42:48:   Computing ZForce... 
02/04/15::02:43:03: Computing Casimir integrand at Xi=1.43643
 
02/04/15::02:43:03: Assembling T1 at Xi=1.436431e+00... 
02/04/15::02:43:03: Assembling BEM matrix block (0,0) 
02/04/15::02:43:55: Assembling T2 at Xi=1.436431e+00... 
02/04/15::02:43:55: Assembling BEM matrix block (1,1) 
02/04/15::03:25:00: LU-factorizing T1 at Xi=1.43643... 
02/04/15::03:25:00: LU-factorizing T2 at Xi=1.43643... 
02/04/15::03:25:36: Applying transform 1.58489... 
02/04/15::03:25:36:  Assembling U(0,1) 
02/04/15::03:25:36: Assembling BEM matrix block (0,1) 
02/04/15::03:29:32:   Computing ZForce... 
02/04/15::03:29:46: Computing Casimir integrand at Xi=1.2708
 
02/04/15::03:29:46: Assembling T1 at Xi=1.270804e+00... 
02/04/15::03:29:46: Assembling BEM matrix block (0,0) 
02/04/15::03:30:15: Assembling T2 at Xi=1.270804e+00... 
02/04/15::03:30:15: Assembling BEM matrix block (1,1) 
02/04/15::04:11:11: LU-factorizing T1 at Xi=1.2708... 
02/04/15::04:11:12: LU-factorizing T2 at Xi=1.2708... 
02/04/15::04:11:47: Applying transform 1.58489... 
02/04/15::04:11:47:  Assembling U(0,1) 
02/04/15::04:11:47: Assembling BEM matrix block (0,1) 
02/04/15::04:15:42:   Computing ZForce... 
02/04/15::04:15:56: Computing Casimir integrand at Xi=1.43643
 
02/04/15::04:15:56: Assembling T1 at Xi=1.436431e+00... 
02/04/15::04:15:57: Assembling BEM matrix block (0,0) 
02/04/15::04:16:49: Assembling T2 at Xi=1.436431e+00... 
02/04/15::04:16:49: Assembling BEM matrix block (1,1) 
02/04/15::04:58:02: LU-factorizing T1 at Xi=1.43643... 
02/04/15::04:58:02: LU-factorizing T2 at Xi=1.43643... 
02/04/15::04:58:37: Applying transform 1.58489... 
02/04/15::04:58:37:  Assembling U(0,1) 
02/04/15::04:58:37: Assembling BEM matrix block (0,1) 
02/04/15::05:02:31:   Computing ZForce... 
02/04/15::05:02:46: Computing Casimir integrand at Xi=1.54685
 
02/04/15::05:02:46: Assembling T1 at Xi=1.546849e+00... 
02/04/15::05:02:46: Assembling BEM matrix block (0,0) 
02/04/15::05:03:54: Assembling T2 at Xi=1.546849e+00... 
02/04/15::05:03:54: Assembling BEM matrix block (1,1) 
02/04/15::05:45:50: LU-factorizing T1 at Xi=1.54685... 
02/04/15::05:45:50: LU-factorizing T2 at Xi=1.54685... 
02/04/15::05:46:25: Applying transform 1.58489... 
02/04/15::05:46:25:  Assembling U(0,1) 
02/04/15::05:46:25: Assembling BEM matrix block (0,1) 
02/04/15::05:50:19:   Computing ZForce... 
02/04/15::05:50:34: Computing Casimir integrand at Xi=1.76768
 
02/04/15::05:50:34: Assembling T1 at Xi=1.767684e+00... 
02/04/15::05:50:34: Assembling BEM matrix block (0,0) 
02/04/15::05:51:59: Assembling T2 at Xi=1.767684e+00... 
02/04/15::05:51:59: Assembling BEM matrix block (1,1) 
02/04/15::06:34:23: LU-factorizing T1 at Xi=1.76768... 
02/04/15::06:34:23: LU-factorizing T2 at Xi=1.76768... 
02/04/15::06:34:58: Applying transform 1.58489... 
02/04/15::06:34:58:  Assembling U(0,1) 
02/04/15::06:34:58: Assembling BEM matrix block (0,1) 
02/04/15::06:38:50:   Computing ZForce... 
02/04/15::06:39:04: Computing Casimir integrand at Xi=1.98852
 
02/04/15::06:39:04: Assembling T1 at Xi=1.988520e+00... 
02/04/15::06:39:04: Assembling BEM matrix block (0,0) 
02/04/15::06:40:31: Assembling T2 at Xi=1.988520e+00... 
02/04/15::06:40:31: Assembling BEM matrix block (1,1) 
02/04/15::07:22:40: LU-factorizing T1 at Xi=1.98852... 
02/04/15::07:22:40: LU-factorizing T2 at Xi=1.98852... 
02/04/15::07:23:16: Applying transform 1.58489... 
02/04/15::07:23:16:  Assembling U(0,1) 
02/04/15::07:23:16: Assembling BEM matrix block (0,1) 
02/04/15::07:27:04:   Computing ZForce... 
02/04/15::07:27:19: Computing Casimir integrand at Xi=1.65727
 
02/04/15::07:27:19: Assembling T1 at Xi=1.657266e+00... 
02/04/15::07:27:19: Assembling BEM matrix block (0,0) 
02/04/15::07:28:36: Assembling T2 at Xi=1.657266e+00... 
02/04/15::07:28:36: Assembling BEM matrix block (1,1) 
02/04/15::08:09:54: LU-factorizing T1 at Xi=1.65727... 
02/04/15::08:09:54: LU-factorizing T2 at Xi=1.65727... 
02/04/15::08:10:30: Applying transform 1.58489... 
02/04/15::08:10:30:  Assembling U(0,1) 
02/04/15::08:10:30: Assembling BEM matrix block (0,1) 
02/04/15::08:14:20:   Computing ZForce... 
02/04/15::08:14:34: Computing Casimir integrand at Xi=1.8781
 
02/04/15::08:14:34: Assembling T1 at Xi=1.878102e+00... 
02/04/15::08:14:34: Assembling BEM matrix block (0,0) 
02/04/15::08:16:00: Assembling T2 at Xi=1.878102e+00... 
02/04/15::08:16:00: Assembling BEM matrix block (1,1) 
02/04/15::08:58:44: LU-factorizing T1 at Xi=1.8781... 
02/04/15::08:58:44: LU-factorizing T2 at Xi=1.8781... 
02/04/15::08:59:20: Applying transform 1.58489... 
02/04/15::08:59:20:  Assembling U(0,1) 
02/04/15::08:59:20: Assembling BEM matrix block (0,1) 
02/04/15::09:03:12:   Computing ZForce... 
02/04/15::09:03:27: Computing Casimir integrand at Xi=1.98852
 
02/04/15::09:03:27: Assembling T1 at Xi=1.988520e+00... 
02/04/15::09:03:27: Assembling BEM matrix block (0,0) 
02/04/15::09:04:54: Assembling T2 at Xi=1.988520e+00... 
02/04/15::09:04:54: Assembling BEM matrix block (1,1) 
02/04/15::09:47:11: LU-factorizing T1 at Xi=1.98852... 
02/04/15::09:47:11: LU-factorizing T2 at Xi=1.98852... 
02/04/15::09:47:47: Applying transform 1.58489... 
02/04/15::09:47:47:  Assembling U(0,1) 
02/04/15::09:47:47: Assembling BEM matrix block (0,1) 
02/04/15::09:51:35:   Computing ZForce... 
02/04/15::09:51:50: Computing Casimir integrand at Xi=2.09894
 
02/04/15::09:51:50: Assembling T1 at Xi=2.098937e+00... 
02/04/15::09:51:50: Assembling BEM matrix block (0,0) 
02/04/15::09:53:15: Assembling T2 at Xi=2.098937e+00... 
02/04/15::09:53:15: Assembling BEM matrix block (1,1) 
02/04/15::10:35:36: LU-factorizing T1 at Xi=2.09894... 
02/04/15::10:35:36: LU-factorizing T2 at Xi=2.09894... 
02/04/15::10:36:11: Applying transform 1.58489... 
02/04/15::10:36:11:  Assembling U(0,1) 
02/04/15::10:36:11: Assembling BEM matrix block (0,1) 
02/04/15::10:39:59:   Computing ZForce... 
02/04/15::10:40:14: Computing Casimir integrand at Xi=2.20936
 
02/04/15::10:40:14: Assembling T1 at Xi=2.209355e+00... 
02/04/15::10:40:14: Assembling BEM matrix block (0,0) 
02/04/15::10:41:41: Assembling T2 at Xi=2.209355e+00... 
02/04/15::10:41:41: Assembling BEM matrix block (1,1) 
02/04/15::11:24:46: LU-factorizing T1 at Xi=2.20936... 
02/04/15::11:24:46: LU-factorizing T2 at Xi=2.20936... 
02/04/15::11:25:22: Applying transform 1.58489... 
02/04/15::11:25:22:  Assembling U(0,1) 
02/04/15::11:25:22: Assembling BEM matrix block (0,1) 
02/04/15::11:29:13:   Computing ZForce... 
02/04/15::11:29:28: Computing Casimir integrand at Xi=2.31977
 
02/04/15::11:29:28: Assembling T1 at Xi=2.319773e+00... 
02/04/15::11:29:28: Assembling BEM matrix block (0,0) 
02/04/15::11:30:54: Assembling T2 at Xi=2.319773e+00... 
02/04/15::11:30:54: Assembling BEM matrix block (1,1) 
02/04/15::12:13:34: LU-factorizing T1 at Xi=2.31977... 
02/04/15::12:13:34: LU-factorizing T2 at Xi=2.31977... 
02/04/15::12:14:10: Applying transform 1.58489... 
02/04/15::12:14:10:  Assembling U(0,1) 
02/04/15::12:14:10: Assembling BEM matrix block (0,1) 
02/04/15::12:18:01:   Computing ZForce... 
02/04/15::12:18:15: Computing Casimir integrand at Xi=2.43019
 
02/04/15::12:18:16: Assembling T1 at Xi=2.430191e+00... 
02/04/15::12:18:16: Assembling BEM matrix block (0,0) 
02/04/15::12:19:43: Assembling T2 at Xi=2.430191e+00... 
02/04/15::12:19:43: Assembling BEM matrix block (1,1) 
02/04/15::13:02:01: LU-factorizing T1 at Xi=2.43019... 
02/04/15::13:02:01: LU-factorizing T2 at Xi=2.43019... 
02/04/15::13:02:37: Applying transform 1.58489... 
02/04/15::13:02:37:  Assembling U(0,1) 
02/04/15::13:02:37: Assembling BEM matrix block (0,1) 
02/04/15::13:06:24:   Computing ZForce... 
02/04/15::13:06:38: Computing Casimir integrand at Xi=2.54061
 
02/04/15::13:06:38: Assembling T1 at Xi=2.540608e+00... 
02/04/15::13:06:38: Assembling BEM matrix block (0,0) 
02/04/15::13:08:05: Assembling T2 at Xi=2.540608e+00... 
02/04/15::13:08:05: Assembling BEM matrix block (1,1) 
02/04/15::13:50:14: LU-factorizing T1 at Xi=2.54061... 
02/04/15::13:50:14: LU-factorizing T2 at Xi=2.54061... 
02/04/15::13:50:50: Applying transform 1.58489... 
02/04/15::13:50:50:  Assembling U(0,1) 
02/04/15::13:50:50: Assembling BEM matrix block (0,1) 
02/04/15::13:54:39:   Computing ZForce... 
02/04/15::13:54:54: Computing Casimir integrand at Xi=2.65103
 
02/04/15::13:54:54: Assembling T1 at Xi=2.651026e+00... 
02/04/15::13:54:54: Assembling BEM matrix block (0,0) 
02/04/15::13:56:20: Assembling T2 at Xi=2.651026e+00... 
02/04/15::13:56:20: Assembling BEM matrix block (1,1) 
02/04/15::14:38:35: LU-factorizing T1 at Xi=2.65103... 
02/04/15::14:38:35: LU-factorizing T2 at Xi=2.65103... 
02/04/15::14:39:10: Applying transform 1.58489... 
02/04/15::14:39:10:  Assembling U(0,1) 
02/04/15::14:39:10: Assembling BEM matrix block (0,1) 
02/04/15::14:43:01:   Computing ZForce... 
02/04/15::14:43:15: Computing Casimir integrand at Xi=2.76144
 
02/04/15::14:43:15: Assembling T1 at Xi=2.761444e+00... 
02/04/15::14:43:15: Assembling BEM matrix block (0,0) 
02/04/15::14:44:43: Assembling T2 at Xi=2.761444e+00... 
02/04/15::14:44:43: Assembling BEM matrix block (1,1) 
02/04/15::15:27:11: LU-factorizing T1 at Xi=2.76144... 
02/04/15::15:27:11: LU-factorizing T2 at Xi=2.76144... 
02/04/15::15:27:47: Applying transform 1.58489... 
02/04/15::15:27:47:  Assembling U(0,1) 
02/04/15::15:27:47: Assembling BEM matrix block (0,1) 
02/04/15::15:31:36:   Computing ZForce... 
02/04/15::15:31:51: Computing Casimir integrand at Xi=2.87186
 
02/04/15::15:31:51: Assembling T1 at Xi=2.871862e+00... 
02/04/15::15:31:51: Assembling BEM matrix block (0,0) 
02/04/15::15:33:18: Assembling T2 at Xi=2.871862e+00... 
02/04/15::15:33:18: Assembling BEM matrix block (1,1) 
02/04/15::16:15:56: LU-factorizing T1 at Xi=2.87186... 
02/04/15::16:15:56: LU-factorizing T2 at Xi=2.87186... 
02/04/15::16:16:31: Applying transform 1.58489... 
02/04/15::16:16:31:  Assembling U(0,1) 
02/04/15::16:16:31: Assembling BEM matrix block (0,1) 
02/04/15::16:20:22:   Computing ZForce... 
02/04/15::16:20:37: Computing Casimir integrand at Xi=3.0927
 
02/04/15::16:20:37: Assembling T1 at Xi=3.092697e+00... 
02/04/15::16:20:37: Assembling BEM matrix block (0,0) 
02/04/15::16:22:04: Assembling T2 at Xi=3.092697e+00... 
02/04/15::16:22:04: Assembling BEM matrix block (1,1) 
02/04/15::17:05:01: LU-factorizing T1 at Xi=3.0927... 
02/04/15::17:05:01: LU-factorizing T2 at Xi=3.0927... 
02/04/15::17:05:36: Applying transform 1.58489... 
02/04/15::17:05:36:  Assembling U(0,1) 
02/04/15::17:05:36: Assembling BEM matrix block (0,1) 
02/04/15::17:09:27:   Computing ZForce... 
02/04/15::17:09:42: Computing Casimir integrand at Xi=3.31353
 
02/04/15::17:09:42: Assembling T1 at Xi=3.313533e+00... 
02/04/15::17:09:42: Assembling BEM matrix block (0,0) 
02/04/15::17:11:10: Assembling T2 at Xi=3.313533e+00... 
02/04/15::17:11:10: Assembling BEM matrix block (1,1) 
02/04/15::17:53:51: LU-factorizing T1 at Xi=3.31353... 
02/04/15::17:53:52: LU-factorizing T2 at Xi=3.31353... 
02/04/15::17:54:27: Applying transform 1.58489... 
02/04/15::17:54:27:  Assembling U(0,1) 
02/04/15::17:54:27: Assembling BEM matrix block (0,1) 
02/04/15::17:58:18:   Computing ZForce... 
02/04/15::17:58:32: Computing Casimir integrand at Xi=2.98228
 
02/04/15::17:58:32: Assembling T1 at Xi=2.982279e+00... 
02/04/15::17:58:32: Assembling BEM matrix block (0,0) 
02/04/15::18:00:00: Assembling T2 at Xi=2.982279e+00... 
02/04/15::18:00:00: Assembling BEM matrix block (1,1) 
02/04/15::18:42:56: LU-factorizing T1 at Xi=2.98228... 
02/04/15::18:42:57: LU-factorizing T2 at Xi=2.98228... 
02/04/15::18:43:32: Applying transform 1.58489... 
02/04/15::18:43:32:  Assembling U(0,1) 
02/04/15::18:43:32: Assembling BEM matrix block (0,1) 
02/04/15::18:47:22:   Computing ZForce... 
