02/04/15::13:34:45: scuff-cas3D running on kiso0061 
02/04/15::13:34:45: Setting material properties of exterior region to VACUUM. 
02/04/15::13:34:46: Flipped 514 panel normals to comport with region definitions. 
02/04/15::13:34:46: Computing full zero-temperature Casimir quantities. 
02/04/15::13:34:46: Read 1 geometrical transformations from file BeadPEC_L-0.125893.trans. 
02/04/15::13:34:46: Minimum distance between surface points=1.258930e-01 
02/04/15::13:34:46: Computing Casimir integrand at Xi=0.001
 
02/04/15::13:34:46: Assembling T1 at Xi=1.000000e-03... 
02/04/15::13:34:46: Assembling BEM matrix block (0,0) 
02/04/15::13:35:09: Assembling T2 at Xi=1.000000e-03... 
02/04/15::13:35:09: Assembling BEM matrix block (1,1) 
02/04/15::13:38:50: LU-factorizing T1 at Xi=0.001... 
02/04/15::13:38:50: LU-factorizing T2 at Xi=0.001... 
02/04/15::13:38:55: Applying transform 0.125893... 
02/04/15::13:38:55:  Assembling U(0,1) 
02/04/15::13:38:55: Assembling BEM matrix block (0,1) 
02/04/15::13:42:19:   Computing ZForce... 
02/04/15::13:42:21: Computing Casimir integrand at Xi=0.696035
 
02/04/15::13:42:21: Assembling T1 at Xi=6.960347e-01... 
02/04/15::13:42:21: Assembling BEM matrix block (0,0) 
02/04/15::13:42:23: Assembling T2 at Xi=6.960347e-01... 
02/04/15::13:42:23: Assembling BEM matrix block (1,1) 
02/04/15::13:44:24: LU-factorizing T1 at Xi=0.696035... 
02/04/15::13:44:24: LU-factorizing T2 at Xi=0.696035... 
02/04/15::13:44:29: Applying transform 0.125893... 
02/04/15::13:44:29:  Assembling U(0,1) 
02/04/15::13:44:29: Assembling BEM matrix block (0,1) 
02/04/15::13:47:39:   Computing ZForce... 
02/04/15::13:47:41: Computing Casimir integrand at Xi=1.39107
 
02/04/15::13:47:41: Assembling T1 at Xi=1.391069e+00... 
02/04/15::13:47:41: Assembling BEM matrix block (0,0) 
02/04/15::13:47:43: Assembling T2 at Xi=1.391069e+00... 
02/04/15::13:47:43: Assembling BEM matrix block (1,1) 
02/04/15::14:03:14: LU-factorizing T1 at Xi=1.39107... 
02/04/15::14:03:14: LU-factorizing T2 at Xi=1.39107... 
02/04/15::14:03:19: Applying transform 0.125893... 
02/04/15::14:03:19:  Assembling U(0,1) 
02/04/15::14:03:19: Assembling BEM matrix block (0,1) 
02/04/15::14:06:26:   Computing ZForce... 
02/04/15::14:06:28: Computing Casimir integrand at Xi=2.78114
 
02/04/15::14:06:28: Assembling T1 at Xi=2.781139e+00... 
02/04/15::14:06:28: Assembling BEM matrix block (0,0) 
02/04/15::14:06:31: Assembling T2 at Xi=2.781139e+00... 
02/04/15::14:06:31: Assembling BEM matrix block (1,1) 
02/04/15::14:23:13: LU-factorizing T1 at Xi=2.78114... 
02/04/15::14:23:13: LU-factorizing T2 at Xi=2.78114... 
02/04/15::14:23:18: Applying transform 0.125893... 
02/04/15::14:23:18:  Assembling U(0,1) 
02/04/15::14:23:18: Assembling BEM matrix block (0,1) 
02/04/15::14:26:22:   Computing ZForce... 
02/04/15::14:26:24: Computing Casimir integrand at Xi=4.17121
 
02/04/15::14:26:24: Assembling T1 at Xi=4.171208e+00... 
02/04/15::14:26:24: Assembling BEM matrix block (0,0) 
02/04/15::14:26:38: Assembling T2 at Xi=4.171208e+00... 
02/04/15::14:26:38: Assembling BEM matrix block (1,1) 
02/04/15::14:43:20: LU-factorizing T1 at Xi=4.17121... 
02/04/15::14:43:21: LU-factorizing T2 at Xi=4.17121... 
02/04/15::14:43:26: Applying transform 0.125893... 
02/04/15::14:43:26:  Assembling U(0,1) 
02/04/15::14:43:26: Assembling BEM matrix block (0,1) 
02/04/15::14:46:30:   Computing ZForce... 
02/04/15::14:46:32: Computing Casimir integrand at Xi=2.0861
 
02/04/15::14:46:32: Assembling T1 at Xi=2.086104e+00... 
02/04/15::14:46:32: Assembling BEM matrix block (0,0) 
02/04/15::14:46:35: Assembling T2 at Xi=2.086104e+00... 
02/04/15::14:46:35: Assembling BEM matrix block (1,1) 
02/04/15::15:03:16: LU-factorizing T1 at Xi=2.0861... 
02/04/15::15:03:16: LU-factorizing T2 at Xi=2.0861... 
02/04/15::15:03:21: Applying transform 0.125893... 
02/04/15::15:03:21:  Assembling U(0,1) 
02/04/15::15:03:21: Assembling BEM matrix block (0,1) 
02/04/15::15:06:25:   Computing ZForce... 
02/04/15::15:06:27: Computing Casimir integrand at Xi=1.73859
 
02/04/15::15:06:27: Assembling T1 at Xi=1.738587e+00... 
02/04/15::15:06:27: Assembling BEM matrix block (0,0) 
02/04/15::15:06:30: Assembling T2 at Xi=1.738587e+00... 
02/04/15::15:06:30: Assembling BEM matrix block (1,1) 
02/04/15::15:22:59: LU-factorizing T1 at Xi=1.73859... 
02/04/15::15:22:59: LU-factorizing T2 at Xi=1.73859... 
02/04/15::15:23:04: Applying transform 0.125893... 
02/04/15::15:23:04:  Assembling U(0,1) 
02/04/15::15:23:04: Assembling BEM matrix block (0,1) 
02/04/15::15:26:08:   Computing ZForce... 
02/04/15::15:26:10: Computing Casimir integrand at Xi=2.78114
 
02/04/15::15:26:10: Assembling T1 at Xi=2.781139e+00... 
02/04/15::15:26:10: Assembling BEM matrix block (0,0) 
02/04/15::15:26:13: Assembling T2 at Xi=2.781139e+00... 
02/04/15::15:26:13: Assembling BEM matrix block (1,1) 
02/04/15::15:42:59: LU-factorizing T1 at Xi=2.78114... 
02/04/15::15:42:59: LU-factorizing T2 at Xi=2.78114... 
02/04/15::15:43:04: Applying transform 0.125893... 
02/04/15::15:43:04:  Assembling U(0,1) 
02/04/15::15:43:04: Assembling BEM matrix block (0,1) 
02/04/15::15:46:09:   Computing ZForce... 
02/04/15::15:46:11: Computing Casimir integrand at Xi=3.47617
 
02/04/15::15:46:11: Assembling T1 at Xi=3.476173e+00... 
02/04/15::15:46:11: Assembling BEM matrix block (0,0) 
02/04/15::15:46:14: Assembling T2 at Xi=3.476173e+00... 
02/04/15::15:46:14: Assembling BEM matrix block (1,1) 
02/04/15::16:03:03: LU-factorizing T1 at Xi=3.47617... 
02/04/15::16:03:03: LU-factorizing T2 at Xi=3.47617... 
02/04/15::16:03:09: Applying transform 0.125893... 
02/04/15::16:03:09:  Assembling U(0,1) 
02/04/15::16:03:09: Assembling BEM matrix block (0,1) 
02/04/15::16:06:15:   Computing ZForce... 
02/04/15::16:06:17: Computing Casimir integrand at Xi=4.17121
 
02/04/15::16:06:17: Assembling T1 at Xi=4.171208e+00... 
02/04/15::16:06:17: Assembling BEM matrix block (0,0) 
02/04/15::16:06:30: Assembling T2 at Xi=4.171208e+00... 
02/04/15::16:06:30: Assembling BEM matrix block (1,1) 
02/04/15::16:23:25: LU-factorizing T1 at Xi=4.17121... 
02/04/15::16:23:25: LU-factorizing T2 at Xi=4.17121... 
02/04/15::16:23:30: Applying transform 0.125893... 
02/04/15::16:23:30:  Assembling U(0,1) 
02/04/15::16:23:30: Assembling BEM matrix block (0,1) 
02/04/15::16:26:36:   Computing ZForce... 
02/04/15::16:26:38: Computing Casimir integrand at Xi=4.86624
 
02/04/15::16:26:38: Assembling T1 at Xi=4.866243e+00... 
02/04/15::16:26:38: Assembling BEM matrix block (0,0) 
02/04/15::16:27:16: Assembling T2 at Xi=4.866243e+00... 
02/04/15::16:27:16: Assembling BEM matrix block (1,1) 
02/04/15::16:44:01: LU-factorizing T1 at Xi=4.86624... 
02/04/15::16:44:01: LU-factorizing T2 at Xi=4.86624... 
02/04/15::16:44:06: Applying transform 0.125893... 
02/04/15::16:44:06:  Assembling U(0,1) 
02/04/15::16:44:06: Assembling BEM matrix block (0,1) 
02/04/15::16:47:11:   Computing ZForce... 
02/04/15::16:47:13: Computing Casimir integrand at Xi=5.56128
 
02/04/15::16:47:13: Assembling T1 at Xi=5.561277e+00... 
02/04/15::16:47:13: Assembling BEM matrix block (0,0) 
02/04/15::16:48:10: Assembling T2 at Xi=5.561277e+00... 
02/04/15::16:48:10: Assembling BEM matrix block (1,1) 
02/04/15::17:05:03: LU-factorizing T1 at Xi=5.56128... 
02/04/15::17:05:03: LU-factorizing T2 at Xi=5.56128... 
02/04/15::17:05:08: Applying transform 0.125893... 
02/04/15::17:05:08:  Assembling U(0,1) 
02/04/15::17:05:08: Assembling BEM matrix block (0,1) 
02/04/15::17:08:14:   Computing ZForce... 
02/04/15::17:08:16: Computing Casimir integrand at Xi=6.25631
 
02/04/15::17:08:16: Assembling T1 at Xi=6.256312e+00... 
02/04/15::17:08:16: Assembling BEM matrix block (0,0) 
02/04/15::17:09:22: Assembling T2 at Xi=6.256312e+00... 
02/04/15::17:09:22: Assembling BEM matrix block (1,1) 
02/04/15::17:25:32: LU-factorizing T1 at Xi=6.25631... 
02/04/15::17:25:32: LU-factorizing T2 at Xi=6.25631... 
02/04/15::17:25:37: Applying transform 0.125893... 
02/04/15::17:25:37:  Assembling U(0,1) 
02/04/15::17:25:37: Assembling BEM matrix block (0,1) 
02/04/15::17:28:44:   Computing ZForce... 
02/04/15::17:28:46: Computing Casimir integrand at Xi=6.95135
 
02/04/15::17:28:46: Assembling T1 at Xi=6.951347e+00... 
02/04/15::17:28:46: Assembling BEM matrix block (0,0) 
02/04/15::17:29:53: Assembling T2 at Xi=6.951347e+00... 
02/04/15::17:29:53: Assembling BEM matrix block (1,1) 
02/04/15::17:45:56: LU-factorizing T1 at Xi=6.95135... 
02/04/15::17:45:56: LU-factorizing T2 at Xi=6.95135... 
02/04/15::17:46:01: Applying transform 0.125893... 
02/04/15::17:46:01:  Assembling U(0,1) 
02/04/15::17:46:01: Assembling BEM matrix block (0,1) 
02/04/15::17:49:06:   Computing ZForce... 
02/04/15::17:49:08: Computing Casimir integrand at Xi=7.64638
 
02/04/15::17:49:08: Assembling T1 at Xi=7.646381e+00... 
02/04/15::17:49:08: Assembling BEM matrix block (0,0) 
02/04/15::17:50:16: Assembling T2 at Xi=7.646381e+00... 
02/04/15::17:50:16: Assembling BEM matrix block (1,1) 
02/04/15::18:06:23: LU-factorizing T1 at Xi=7.64638... 
02/04/15::18:06:23: LU-factorizing T2 at Xi=7.64638... 
02/04/15::18:06:28: Applying transform 0.125893... 
02/04/15::18:06:28:  Assembling U(0,1) 
02/04/15::18:06:28: Assembling BEM matrix block (0,1) 
02/04/15::18:09:33:   Computing ZForce... 
02/04/15::18:09:35: Computing Casimir integrand at Xi=9.03645
 
02/04/15::18:09:35: Assembling T1 at Xi=9.036451e+00... 
02/04/15::18:09:35: Assembling BEM matrix block (0,0) 
02/04/15::18:10:42: Assembling T2 at Xi=9.036451e+00... 
02/04/15::18:10:42: Assembling BEM matrix block (1,1) 
02/04/15::18:26:56: LU-factorizing T1 at Xi=9.03645... 
02/04/15::18:26:56: LU-factorizing T2 at Xi=9.03645... 
02/04/15::18:27:01: Applying transform 0.125893... 
02/04/15::18:27:01:  Assembling U(0,1) 
02/04/15::18:27:01: Assembling BEM matrix block (0,1) 
02/04/15::18:30:07:   Computing ZForce... 
02/04/15::18:30:09: Computing Casimir integrand at Xi=10.4265
 
02/04/15::18:30:09: Assembling T1 at Xi=1.042652e+01... 
02/04/15::18:30:09: Assembling BEM matrix block (0,0) 
02/04/15::18:31:17: Assembling T2 at Xi=1.042652e+01... 
02/04/15::18:31:17: Assembling BEM matrix block (1,1) 
02/04/15::18:47:34: LU-factorizing T1 at Xi=10.4265... 
02/04/15::18:47:34: LU-factorizing T2 at Xi=10.4265... 
02/04/15::18:47:41: Applying transform 0.125893... 
02/04/15::18:47:41:  Assembling U(0,1) 
02/04/15::18:47:41: Assembling BEM matrix block (0,1) 
02/04/15::18:51:00:   Computing ZForce... 
02/04/15::18:51:03: Computing Casimir integrand at Xi=8.34142
 
02/04/15::18:51:03: Assembling T1 at Xi=8.341416e+00... 
02/04/15::18:51:03: Assembling BEM matrix block (0,0) 
02/04/15::18:52:10: Assembling T2 at Xi=8.341416e+00... 
02/04/15::18:52:10: Assembling BEM matrix block (1,1) 
02/04/15::19:08:33: LU-factorizing T1 at Xi=8.34142... 
02/04/15::19:08:33: LU-factorizing T2 at Xi=8.34142... 
02/04/15::19:08:39: Applying transform 0.125893... 
02/04/15::19:08:39:  Assembling U(0,1) 
02/04/15::19:08:39: Assembling BEM matrix block (0,1) 
02/04/15::19:11:47:   Computing ZForce... 
02/04/15::19:11:50: Computing Casimir integrand at Xi=10.4265
 
02/04/15::19:11:50: Assembling T1 at Xi=1.042652e+01... 
02/04/15::19:11:50: Assembling BEM matrix block (0,0) 
02/04/15::19:12:58: Assembling T2 at Xi=1.042652e+01... 
02/04/15::19:12:58: Assembling BEM matrix block (1,1) 
02/04/15::19:29:25: LU-factorizing T1 at Xi=10.4265... 
02/04/15::19:29:25: LU-factorizing T2 at Xi=10.4265... 
02/04/15::19:29:32: Applying transform 0.125893... 
02/04/15::19:29:32:  Assembling U(0,1) 
02/04/15::19:29:32: Assembling BEM matrix block (0,1) 
02/04/15::19:32:53:   Computing ZForce... 
02/04/15::19:32:56: Computing Casimir integrand at Xi=11.8166
 
02/04/15::19:32:56: Assembling T1 at Xi=1.181659e+01... 
02/04/15::19:32:56: Assembling BEM matrix block (0,0) 
02/04/15::19:34:05: Assembling T2 at Xi=1.181659e+01... 
02/04/15::19:34:05: Assembling BEM matrix block (1,1) 
02/04/15::19:50:36: LU-factorizing T1 at Xi=11.8166... 
02/04/15::19:50:36: LU-factorizing T2 at Xi=11.8166... 
02/04/15::19:50:47: Applying transform 0.125893... 
02/04/15::19:50:47:  Assembling U(0,1) 
02/04/15::19:50:47: Assembling BEM matrix block (0,1) 
02/04/15::19:54:21:   Computing ZForce... 
02/04/15::19:54:25: Computing Casimir integrand at Xi=9.73149
 
02/04/15::19:54:25: Assembling T1 at Xi=9.731485e+00... 
02/04/15::19:54:25: Assembling BEM matrix block (0,0) 
02/04/15::19:55:33: Assembling T2 at Xi=9.731485e+00... 
02/04/15::19:55:33: Assembling BEM matrix block (1,1) 
02/04/15::20:12:06: LU-factorizing T1 at Xi=9.73149... 
02/04/15::20:12:06: LU-factorizing T2 at Xi=9.73149... 
02/04/15::20:12:12: Applying transform 0.125893... 
02/04/15::20:12:12:  Assembling U(0,1) 
02/04/15::20:12:12: Assembling BEM matrix block (0,1) 
02/04/15::20:15:24:   Computing ZForce... 
02/04/15::20:15:26: Computing Casimir integrand at Xi=11.8166
 
02/04/15::20:15:26: Assembling T1 at Xi=1.181659e+01... 
02/04/15::20:15:26: Assembling BEM matrix block (0,0) 
02/04/15::20:16:35: Assembling T2 at Xi=1.181659e+01... 
02/04/15::20:16:35: Assembling BEM matrix block (1,1) 
02/04/15::20:33:06: LU-factorizing T1 at Xi=11.8166... 
02/04/15::20:33:06: LU-factorizing T2 at Xi=11.8166... 
02/04/15::20:33:17: Applying transform 0.125893... 
02/04/15::20:33:17:  Assembling U(0,1) 
02/04/15::20:33:17: Assembling BEM matrix block (0,1) 
02/04/15::20:36:52:   Computing ZForce... 
02/04/15::20:36:56: Computing Casimir integrand at Xi=13.2067
 
02/04/15::20:36:56: Assembling T1 at Xi=1.320666e+01... 
02/04/15::20:36:56: Assembling BEM matrix block (0,0) 
02/04/15::20:38:05: Assembling T2 at Xi=1.320666e+01... 
02/04/15::20:38:05: Assembling BEM matrix block (1,1) 
02/04/15::20:54:49: LU-factorizing T1 at Xi=13.2067... 
02/04/15::20:54:49: LU-factorizing T2 at Xi=13.2067... 
02/04/15::20:55:04: Applying transform 0.125893... 
02/04/15::20:55:04:  Assembling U(0,1) 
02/04/15::20:55:04: Assembling BEM matrix block (0,1) 
02/04/15::20:58:58:   Computing ZForce... 
02/04/15::20:59:03: Computing Casimir integrand at Xi=11.1216
 
02/04/15::20:59:03: Assembling T1 at Xi=1.112155e+01... 
02/04/15::20:59:03: Assembling BEM matrix block (0,0) 
02/04/15::21:00:12: Assembling T2 at Xi=1.112155e+01... 
02/04/15::21:00:12: Assembling BEM matrix block (1,1) 
02/04/15::21:16:52: LU-factorizing T1 at Xi=11.1216... 
02/04/15::21:16:52: LU-factorizing T2 at Xi=11.1216... 
02/04/15::21:17:00: Applying transform 0.125893... 
02/04/15::21:17:00:  Assembling U(0,1) 
02/04/15::21:17:00: Assembling BEM matrix block (0,1) 
02/04/15::21:20:27:   Computing ZForce... 
02/04/15::21:20:31: Computing Casimir integrand at Xi=13.2067
 
02/04/15::21:20:31: Assembling T1 at Xi=1.320666e+01... 
02/04/15::21:20:31: Assembling BEM matrix block (0,0) 
02/04/15::21:21:39: Assembling T2 at Xi=1.320666e+01... 
02/04/15::21:21:39: Assembling BEM matrix block (1,1) 
02/04/15::21:38:01: LU-factorizing T1 at Xi=13.2067... 
02/04/15::21:38:01: LU-factorizing T2 at Xi=13.2067... 
02/04/15::21:38:15: Applying transform 0.125893... 
02/04/15::21:38:15:  Assembling U(0,1) 
02/04/15::21:38:15: Assembling BEM matrix block (0,1) 
02/04/15::21:42:04:   Computing ZForce... 
02/04/15::21:42:09: Computing Casimir integrand at Xi=14.5967
 
02/04/15::21:42:09: Assembling T1 at Xi=1.459673e+01... 
02/04/15::21:42:09: Assembling BEM matrix block (0,0) 
02/04/15::21:43:16: Assembling T2 at Xi=1.459673e+01... 
02/04/15::21:43:16: Assembling BEM matrix block (1,1) 
02/04/15::21:59:42: LU-factorizing T1 at Xi=14.5967... 
02/04/15::21:59:42: LU-factorizing T2 at Xi=14.5967... 
02/04/15::21:59:59: Applying transform 0.125893... 
02/04/15::21:59:59:  Assembling U(0,1) 
02/04/15::21:59:59: Assembling BEM matrix block (0,1) 
02/04/15::22:03:47:   Computing ZForce... 
02/04/15::22:03:53: Computing Casimir integrand at Xi=12.5116
 
02/04/15::22:03:53: Assembling T1 at Xi=1.251162e+01... 
02/04/15::22:03:53: Assembling BEM matrix block (0,0) 
02/04/15::22:05:00: Assembling T2 at Xi=1.251162e+01... 
02/04/15::22:05:00: Assembling BEM matrix block (1,1) 
02/04/15::22:21:23: LU-factorizing T1 at Xi=12.5116... 
02/04/15::22:21:23: LU-factorizing T2 at Xi=12.5116... 
02/04/15::22:21:36: Applying transform 0.125893... 
02/04/15::22:21:36:  Assembling U(0,1) 
02/04/15::22:21:36: Assembling BEM matrix block (0,1) 
02/04/15::22:25:16:   Computing ZForce... 
02/04/15::22:25:21: Computing Casimir integrand at Xi=14.5967
 
02/04/15::22:25:21: Assembling T1 at Xi=1.459673e+01... 
02/04/15::22:25:21: Assembling BEM matrix block (0,0) 
02/04/15::22:26:29: Assembling T2 at Xi=1.459673e+01... 
02/04/15::22:26:29: Assembling BEM matrix block (1,1) 
02/04/15::22:43:02: LU-factorizing T1 at Xi=14.5967... 
02/04/15::22:43:02: LU-factorizing T2 at Xi=14.5967... 
02/04/15::22:43:18: Applying transform 0.125893... 
02/04/15::22:43:18:  Assembling U(0,1) 
02/04/15::22:43:18: Assembling BEM matrix block (0,1) 
02/04/15::22:47:07:   Computing ZForce... 
02/04/15::22:47:13: Computing Casimir integrand at Xi=15.9868
 
02/04/15::22:47:13: Assembling T1 at Xi=1.598680e+01... 
02/04/15::22:47:13: Assembling BEM matrix block (0,0) 
02/04/15::22:48:21: Assembling T2 at Xi=1.598680e+01... 
02/04/15::22:48:21: Assembling BEM matrix block (1,1) 
02/04/15::23:04:57: LU-factorizing T1 at Xi=15.9868... 
02/04/15::23:04:57: LU-factorizing T2 at Xi=15.9868... 
02/04/15::23:05:11: Applying transform 0.125893... 
02/04/15::23:05:11:  Assembling U(0,1) 
02/04/15::23:05:11: Assembling BEM matrix block (0,1) 
02/04/15::23:08:53:   Computing ZForce... 
02/04/15::23:08:58: Computing Casimir integrand at Xi=13.9017
 
02/04/15::23:08:58: Assembling T1 at Xi=1.390169e+01... 
02/04/15::23:08:58: Assembling BEM matrix block (0,0) 
02/04/15::23:10:07: Assembling T2 at Xi=1.390169e+01... 
02/04/15::23:10:07: Assembling BEM matrix block (1,1) 
02/04/15::23:26:45: LU-factorizing T1 at Xi=13.9017... 
02/04/15::23:26:45: LU-factorizing T2 at Xi=13.9017... 
02/04/15::23:27:03: Applying transform 0.125893... 
02/04/15::23:27:03:  Assembling U(0,1) 
02/04/15::23:27:03: Assembling BEM matrix block (0,1) 
02/04/15::23:31:00:   Computing ZForce... 
02/04/15::23:31:06: Computing Casimir integrand at Xi=15.9868
 
02/04/15::23:31:06: Assembling T1 at Xi=1.598680e+01... 
02/04/15::23:31:06: Assembling BEM matrix block (0,0) 
02/04/15::23:32:14: Assembling T2 at Xi=1.598680e+01... 
02/04/15::23:32:14: Assembling BEM matrix block (1,1) 
02/04/15::23:48:55: LU-factorizing T1 at Xi=15.9868... 
02/04/15::23:48:55: LU-factorizing T2 at Xi=15.9868... 
02/04/15::23:49:09: Applying transform 0.125893... 
02/04/15::23:49:09:  Assembling U(0,1) 
02/04/15::23:49:09: Assembling BEM matrix block (0,1) 
02/04/15::23:52:50:   Computing ZForce... 
02/04/15::23:52:55: Computing Casimir integrand at Xi=17.3769
 
02/04/15::23:52:55: Assembling T1 at Xi=1.737687e+01... 
02/04/15::23:52:55: Assembling BEM matrix block (0,0) 
02/04/15::23:54:03: Assembling T2 at Xi=1.737687e+01... 
02/04/15::23:54:03: Assembling BEM matrix block (1,1) 
02/05/15::00:10:40: LU-factorizing T1 at Xi=17.3769... 
02/05/15::00:10:40: LU-factorizing T2 at Xi=17.3769... 
02/05/15::00:10:56: Applying transform 0.125893... 
02/05/15::00:10:56:  Assembling U(0,1) 
02/05/15::00:10:56: Assembling BEM matrix block (0,1) 
02/05/15::00:14:39:   Computing ZForce... 
02/05/15::00:14:44: Computing Casimir integrand at Xi=15.2918
 
02/05/15::00:14:44: Assembling T1 at Xi=1.529176e+01... 
02/05/15::00:14:44: Assembling BEM matrix block (0,0) 
02/05/15::00:15:52: Assembling T2 at Xi=1.529176e+01... 
02/05/15::00:15:52: Assembling BEM matrix block (1,1) 
02/05/15::00:32:30: LU-factorizing T1 at Xi=15.2918... 
02/05/15::00:32:30: LU-factorizing T2 at Xi=15.2918... 
02/05/15::00:32:46: Applying transform 0.125893... 
02/05/15::00:32:46:  Assembling U(0,1) 
02/05/15::00:32:46: Assembling BEM matrix block (0,1) 
02/05/15::00:36:35:   Computing ZForce... 
02/05/15::00:36:41: Computing Casimir integrand at Xi=17.3769
 
02/05/15::00:36:41: Assembling T1 at Xi=1.737687e+01... 
02/05/15::00:36:41: Assembling BEM matrix block (0,0) 
02/05/15::00:37:50: Assembling T2 at Xi=1.737687e+01... 
02/05/15::00:37:50: Assembling BEM matrix block (1,1) 
02/05/15::00:54:41: LU-factorizing T1 at Xi=17.3769... 
02/05/15::00:54:41: LU-factorizing T2 at Xi=17.3769... 
02/05/15::00:54:57: Applying transform 0.125893... 
02/05/15::00:54:57:  Assembling U(0,1) 
02/05/15::00:54:57: Assembling BEM matrix block (0,1) 
02/05/15::00:58:40:   Computing ZForce... 
02/05/15::00:58:45: Computing Casimir integrand at Xi=18.7669
 
02/05/15::00:58:45: Assembling T1 at Xi=1.876694e+01... 
02/05/15::00:58:46: Assembling BEM matrix block (0,0) 
02/05/15::00:59:53: Assembling T2 at Xi=1.876694e+01... 
02/05/15::00:59:53: Assembling BEM matrix block (1,1) 
02/05/15::01:16:34: LU-factorizing T1 at Xi=18.7669... 
02/05/15::01:16:34: LU-factorizing T2 at Xi=18.7669... 
02/05/15::01:16:47: Applying transform 0.125893... 
02/05/15::01:16:47:  Assembling U(0,1) 
02/05/15::01:16:47: Assembling BEM matrix block (0,1) 
