02/05/15::00:30:38: scuff-cas3D running on hequ0154 
02/05/15::00:30:38: Setting material properties of exterior region to VACUUM. 
02/05/15::00:30:38: Flipped 500 panel normals to comport with region definitions. 
02/05/15::00:30:38: Computing full Matsubara-summed Casimir quantities at T=3.000000e+02 Kelvin. 
02/05/15::00:30:38: Read 1 geometrical transformations from file BeadPEC_300K_L-0.630957.trans. 
02/05/15::00:30:38: Beginning Matsubara sum at T=300 kelvin... 
02/05/15::00:30:38: Computing Casimir integrand at Xi=0.001
 
02/05/15::00:30:38: Assembling T1 at Xi=1.000000e-03... 
02/05/15::00:30:38: Assembling BEM matrix block (0,0) 
02/05/15::00:31:03: Assembling T2 at Xi=1.000000e-03... 
02/05/15::00:31:03: Assembling BEM matrix block (1,1) 
02/05/15::00:35:20: LU-factorizing T1 at Xi=0.001... 
02/05/15::00:35:20: LU-factorizing T2 at Xi=0.001... 
02/05/15::00:35:24: Applying transform 0.630957... 
02/05/15::00:35:24:  Assembling U(0,1) 
02/05/15::00:35:24: Assembling BEM matrix block (0,1) 
02/05/15::00:39:02:   Computing ZForce... 
02/05/15::00:39:04: Computing Casimir integrand at Xi=0.823279
 
02/05/15::00:39:04: Assembling T1 at Xi=8.232789e-01... 
02/05/15::00:39:04: Assembling BEM matrix block (0,0) 
02/05/15::00:39:07: Assembling T2 at Xi=8.232789e-01... 
02/05/15::00:39:07: Assembling BEM matrix block (1,1) 
02/05/15::00:41:37: LU-factorizing T1 at Xi=0.823279... 
02/05/15::00:41:37: LU-factorizing T2 at Xi=0.823279... 
02/05/15::00:41:41: Applying transform 0.630957... 
02/05/15::00:41:41:  Assembling U(0,1) 
02/05/15::00:41:41: Assembling BEM matrix block (0,1) 
02/05/15::00:45:04:   Computing ZForce... 
02/05/15::00:45:06: Computing Casimir integrand at Xi=1.64656
 
02/05/15::00:45:06: Assembling T1 at Xi=1.646558e+00... 
02/05/15::00:45:06: Assembling BEM matrix block (0,0) 
02/05/15::00:45:08: Assembling T2 at Xi=1.646558e+00... 
02/05/15::00:45:08: Assembling BEM matrix block (1,1) 
02/05/15::01:05:02: LU-factorizing T1 at Xi=1.64656... 
02/05/15::01:05:02: LU-factorizing T2 at Xi=1.64656... 
02/05/15::01:05:06: Applying transform 0.630957... 
02/05/15::01:05:06:  Assembling U(0,1) 
02/05/15::01:05:06: Assembling BEM matrix block (0,1) 
02/05/15::01:08:22:   Computing ZForce... 
02/05/15::01:08:24: Computing Casimir integrand at Xi=2.46984
 
02/05/15::01:08:24: Assembling T1 at Xi=2.469837e+00... 
02/05/15::01:08:24: Assembling BEM matrix block (0,0) 
02/05/15::01:08:27: Assembling T2 at Xi=2.469837e+00... 
02/05/15::01:08:27: Assembling BEM matrix block (1,1) 
02/05/15::01:52:52: LU-factorizing T1 at Xi=3.29312... 
02/05/15::01:52:52: LU-factorizing T2 at Xi=3.29312... 
02/05/15::01:52:56: Applying transform 0.630957... 
02/05/15::01:52:56:  Assembling U(0,1) 
02/05/15::01:52:57: Assembling BEM matrix block (0,1) 
02/05/15::01:56:12:   Computing ZForce... 
02/05/15::01:56:13: Computing Casimir integrand at Xi=4.11639
 
02/05/15::01:56:13: Assembling T1 at Xi=4.116394e+00... 
02/05/15::01:56:13: Assembling BEM matrix block (0,0) 
02/05/15::01:56:27: Assembling T2 at Xi=4.116394e+00... 
02/05/15::01:56:27: Assembling BEM matrix block (1,1) 
02/05/15::02:16:48: LU-factorizing T1 at Xi=4.11639... 
02/05/15::02:16:48: LU-factorizing T2 at Xi=4.11639... 
02/05/15::02:16:52: Applying transform 0.630957... 
02/05/15::02:16:52:  Assembling U(0,1) 
02/05/15::02:16:52: Assembling BEM matrix block (0,1) 
02/05/15::02:20:07:   Computing ZForce... 
02/05/15::02:20:09: Computing Casimir integrand at Xi=4.93967
 
02/05/15::02:20:09: Assembling T1 at Xi=4.939673e+00... 
02/05/15::02:20:09: Assembling BEM matrix block (0,0) 
02/05/15::02:21:04: Assembling T2 at Xi=4.939673e+00... 
02/05/15::02:21:04: Assembling BEM matrix block (1,1) 
02/05/15::02:41:26: LU-factorizing T1 at Xi=4.93967... 
02/05/15::02:41:26: LU-factorizing T2 at Xi=4.93967... 
02/05/15::02:41:31: Applying transform 0.630957... 
02/05/15::02:41:31:  Assembling U(0,1) 
02/05/15::02:41:31: Assembling BEM matrix block (0,1) 
02/05/15::02:44:46:   Computing ZForce... 
02/05/15::02:44:47: Computing Casimir integrand at Xi=5.76295
 
02/05/15::02:44:47: Assembling T1 at Xi=5.762952e+00... 
02/05/15::02:44:47: Assembling BEM matrix block (0,0) 
02/05/15::02:46:01: Assembling T2 at Xi=5.762952e+00... 
02/05/15::02:46:01: Assembling BEM matrix block (1,1) 
02/05/15::03:05:21: LU-factorizing T1 at Xi=5.76295... 
02/05/15::03:05:21: LU-factorizing T2 at Xi=5.76295... 
02/05/15::03:05:25: Applying transform 0.630957... 
02/05/15::03:05:25:  Assembling U(0,1) 
02/05/15::03:05:25: Assembling BEM matrix block (0,1) 
02/05/15::03:08:40:   Computing ZForce... 
02/05/15::03:08:42: Computing Casimir integrand at Xi=6.58623
 
02/05/15::03:08:42: Assembling T1 at Xi=6.586231e+00... 
02/05/15::03:08:42: Assembling BEM matrix block (0,0) 
02/05/15::03:10:02: Assembling T2 at Xi=6.586231e+00... 
02/05/15::03:10:02: Assembling BEM matrix block (1,1) 
02/05/15::03:29:24: LU-factorizing T1 at Xi=6.58623... 
02/05/15::03:29:24: LU-factorizing T2 at Xi=6.58623... 
02/05/15::03:29:29: Applying transform 0.630957... 
02/05/15::03:29:29:  Assembling U(0,1) 
02/05/15::03:29:29: Assembling BEM matrix block (0,1) 
02/05/15::03:32:43:   Computing ZForce... 
02/05/15::03:32:45: Computing Casimir integrand at Xi=7.40951
 
02/05/15::03:32:45: Assembling T1 at Xi=7.409510e+00... 
02/05/15::03:32:45: Assembling BEM matrix block (0,0) 
02/05/15::03:34:04: Assembling T2 at Xi=7.409510e+00... 
02/05/15::03:34:04: Assembling BEM matrix block (1,1) 
02/05/15::03:53:31: LU-factorizing T1 at Xi=7.40951... 
02/05/15::03:53:31: LU-factorizing T2 at Xi=7.40951... 
02/05/15::03:53:36: Applying transform 0.630957... 
02/05/15::03:53:36:  Assembling U(0,1) 
02/05/15::03:53:36: Assembling BEM matrix block (0,1) 
02/05/15::03:56:51:   Computing ZForce... 
02/05/15::03:56:52: Computing Casimir integrand at Xi=8.23279
 
02/05/15::03:56:52: Assembling T1 at Xi=8.232789e+00... 
02/05/15::03:56:52: Assembling BEM matrix block (0,0) 
02/05/15::03:58:12: Assembling T2 at Xi=8.232789e+00... 
02/05/15::03:58:12: Assembling BEM matrix block (1,1) 
02/05/15::04:17:48: LU-factorizing T1 at Xi=8.23279... 
02/05/15::04:17:48: LU-factorizing T2 at Xi=8.23279... 
02/05/15::04:17:53: Applying transform 0.630957... 
02/05/15::04:17:53:  Assembling U(0,1) 
02/05/15::04:17:53: Assembling BEM matrix block (0,1) 
02/05/15::04:21:08:   Computing ZForce... 
02/05/15::04:21:10: Computing Casimir integrand at Xi=9.05607
 
02/05/15::04:21:10: Assembling T1 at Xi=9.056067e+00... 
02/05/15::04:21:10: Assembling BEM matrix block (0,0) 
02/05/15::04:22:31: Assembling T2 at Xi=9.056067e+00... 
02/05/15::04:22:31: Assembling BEM matrix block (1,1) 
02/05/15::04:42:18: LU-factorizing T1 at Xi=9.05607... 
02/05/15::04:42:18: LU-factorizing T2 at Xi=9.05607... 
02/05/15::04:42:23: Applying transform 0.630957... 
02/05/15::04:42:23:  Assembling U(0,1) 
02/05/15::04:42:23: Assembling BEM matrix block (0,1) 
02/05/15::04:45:40:   Computing ZForce... 
02/05/15::04:45:42: Computing Casimir integrand at Xi=9.87935
 
02/05/15::04:45:42: Assembling T1 at Xi=9.879346e+00... 
02/05/15::04:45:42: Assembling BEM matrix block (0,0) 
02/05/15::04:47:03: Assembling T2 at Xi=9.879346e+00... 
02/05/15::04:47:03: Assembling BEM matrix block (1,1) 
02/05/15::05:06:53: LU-factorizing T1 at Xi=9.87935... 
02/05/15::05:06:53: LU-factorizing T2 at Xi=9.87935... 
02/05/15::05:06:59: Applying transform 0.630957... 
02/05/15::05:06:59:  Assembling U(0,1) 
02/05/15::05:06:59: Assembling BEM matrix block (0,1) 
02/05/15::05:10:24:   Computing ZForce... 
02/05/15::05:10:26: Computing Casimir integrand at Xi=10.7026
 
02/05/15::05:10:26: Assembling T1 at Xi=1.070263e+01... 
02/05/15::05:10:26: Assembling BEM matrix block (0,0) 
02/05/15::05:11:47: Assembling T2 at Xi=1.070263e+01... 
02/05/15::05:11:47: Assembling BEM matrix block (1,1) 
02/05/15::05:31:35: LU-factorizing T1 at Xi=10.7026... 
02/05/15::05:31:35: LU-factorizing T2 at Xi=10.7026... 
02/05/15::05:31:41: Applying transform 0.630957... 
02/05/15::05:31:41:  Assembling U(0,1) 
02/05/15::05:31:41: Assembling BEM matrix block (0,1) 
02/05/15::05:35:20:   Computing ZForce... 
02/05/15::05:35:22: Computing Casimir integrand at Xi=11.5259
 
02/05/15::05:35:22: Assembling T1 at Xi=1.152590e+01... 
02/05/15::05:35:22: Assembling BEM matrix block (0,0) 
02/05/15::05:36:43: Assembling T2 at Xi=1.152590e+01... 
02/05/15::05:36:43: Assembling BEM matrix block (1,1) 
02/05/15::05:56:34: LU-factorizing T1 at Xi=11.5259... 
02/05/15::05:56:34: LU-factorizing T2 at Xi=11.5259... 
02/05/15::05:56:43: Applying transform 0.630957... 
02/05/15::05:56:43:  Assembling U(0,1) 
02/05/15::05:56:43: Assembling BEM matrix block (0,1) 
02/05/15::06:00:32:   Computing ZForce... 
02/05/15::06:00:35: Computing Casimir integrand at Xi=12.3492
 
02/05/15::06:00:35: Assembling T1 at Xi=1.234918e+01... 
02/05/15::06:00:35: Assembling BEM matrix block (0,0) 
02/05/15::06:01:56: Assembling T2 at Xi=1.234918e+01... 
02/05/15::06:01:56: Assembling BEM matrix block (1,1) 
02/05/15::06:21:50: LU-factorizing T1 at Xi=12.3492... 
02/05/15::06:21:50: LU-factorizing T2 at Xi=12.3492... 
02/05/15::06:22:02: Applying transform 0.630957... 
02/05/15::06:22:02:  Assembling U(0,1) 
02/05/15::06:22:02: Assembling BEM matrix block (0,1) 
02/05/15::06:26:02:   Computing ZForce... 
02/05/15::06:26:06: Matsubara sum converged after summing n=15 frequency points. 
