02/05/15::00:30:41: scuff-cas3D running on fell0023 
02/05/15::00:30:41: Setting material properties of exterior region to VACUUM. 
02/05/15::00:30:41: Flipped 500 panel normals to comport with region definitions. 
02/05/15::00:30:41: Computing full Matsubara-summed Casimir quantities at T=3.000000e+02 Kelvin. 
02/05/15::00:30:41: Read 1 geometrical transformations from file BeadPEC_300K_L-1.58489.trans. 
02/05/15::00:30:41: Beginning Matsubara sum at T=300 kelvin... 
02/05/15::00:30:41: Computing Casimir integrand at Xi=0.001
 
02/05/15::00:30:41: Assembling T1 at Xi=1.000000e-03... 
02/05/15::00:30:41: Assembling BEM matrix block (0,0) 
02/05/15::00:31:21: Assembling T2 at Xi=1.000000e-03... 
02/05/15::00:31:21: Assembling BEM matrix block (1,1) 
02/05/15::00:38:08: LU-factorizing T1 at Xi=0.001... 
02/05/15::00:38:08: LU-factorizing T2 at Xi=0.001... 
02/05/15::00:38:16: Applying transform 1.58489... 
02/05/15::00:38:16:  Assembling U(0,1) 
02/05/15::00:38:16: Assembling BEM matrix block (0,1) 
02/05/15::00:43:14:   Computing ZForce... 
02/05/15::00:43:17: Computing Casimir integrand at Xi=0.823279
 
02/05/15::00:43:17: Assembling T1 at Xi=8.232789e-01... 
02/05/15::00:43:17: Assembling BEM matrix block (0,0) 
02/05/15::00:43:21: Assembling T2 at Xi=8.232789e-01... 
02/05/15::00:43:21: Assembling BEM matrix block (1,1) 
02/05/15::00:47:07: LU-factorizing T1 at Xi=0.823279... 
02/05/15::00:47:07: LU-factorizing T2 at Xi=0.823279... 
02/05/15::00:47:16: Applying transform 1.58489... 
02/05/15::00:47:16:  Assembling U(0,1) 
02/05/15::00:47:16: Assembling BEM matrix block (0,1) 
02/05/15::00:51:57:   Computing ZForce... 
02/05/15::00:52:01: Computing Casimir integrand at Xi=1.64656
 
02/05/15::00:52:01: Assembling T1 at Xi=1.646558e+00... 
02/05/15::00:52:01: Assembling BEM matrix block (0,0) 
02/05/15::00:52:05: Assembling T2 at Xi=1.646558e+00... 
02/05/15::00:52:05: Assembling BEM matrix block (1,1) 
02/05/15::02:01:23: LU-factorizing T1 at Xi=2.46984... 
02/05/15::02:01:23: LU-factorizing T2 at Xi=2.46984... 
02/05/15::02:01:31: Applying transform 1.58489... 
02/05/15::02:01:31:  Assembling U(0,1) 
02/05/15::02:01:31: Assembling BEM matrix block (0,1) 
02/05/15::02:06:05:   Computing ZForce... 
02/05/15::02:06:09: Computing Casimir integrand at Xi=3.29312
 
02/05/15::02:06:09: Assembling T1 at Xi=3.293115e+00... 
02/05/15::02:06:09: Assembling BEM matrix block (0,0) 
02/05/15::02:06:14: Assembling T2 at Xi=3.293115e+00... 
02/05/15::02:06:14: Assembling BEM matrix block (1,1) 
02/05/15::02:38:21: LU-factorizing T1 at Xi=3.29312... 
02/05/15::02:38:21: LU-factorizing T2 at Xi=3.29312... 
02/05/15::02:38:30: Applying transform 1.58489... 
02/05/15::02:38:30:  Assembling U(0,1) 
02/05/15::02:38:30: Assembling BEM matrix block (0,1) 
02/05/15::02:43:03:   Computing ZForce... 
02/05/15::02:43:06: Computing Casimir integrand at Xi=4.11639
 
02/05/15::02:43:06: Assembling T1 at Xi=4.116394e+00... 
02/05/15::02:43:06: Assembling BEM matrix block (0,0) 
02/05/15::02:43:27: Assembling T2 at Xi=4.116394e+00... 
02/05/15::02:43:27: Assembling BEM matrix block (1,1) 
02/05/15::03:15:33: LU-factorizing T1 at Xi=4.11639... 
02/05/15::03:15:33: LU-factorizing T2 at Xi=4.11639... 
02/05/15::03:15:41: Applying transform 1.58489... 
02/05/15::03:15:41:  Assembling U(0,1) 
02/05/15::03:15:41: Assembling BEM matrix block (0,1) 
02/05/15::03:20:15:   Computing ZForce... 
02/05/15::03:20:18: Computing Casimir integrand at Xi=4.93967
 
02/05/15::03:20:18: Assembling T1 at Xi=4.939673e+00... 
02/05/15::03:20:18: Assembling BEM matrix block (0,0) 
02/05/15::03:21:43: Assembling T2 at Xi=4.939673e+00... 
02/05/15::03:21:43: Assembling BEM matrix block (1,1) 
02/05/15::03:53:47: LU-factorizing T1 at Xi=4.93967... 
02/05/15::03:53:47: LU-factorizing T2 at Xi=4.93967... 
02/05/15::03:53:55: Applying transform 1.58489... 
02/05/15::03:53:55:  Assembling U(0,1) 
02/05/15::03:53:55: Assembling BEM matrix block (0,1) 
02/05/15::03:58:29:   Computing ZForce... 
02/05/15::03:58:32: Computing Casimir integrand at Xi=5.76295
 
02/05/15::03:58:32: Assembling T1 at Xi=5.762952e+00... 
02/05/15::03:58:32: Assembling BEM matrix block (0,0) 
02/05/15::04:00:27: Assembling T2 at Xi=5.762952e+00... 
02/05/15::04:00:27: Assembling BEM matrix block (1,1) 
02/05/15::04:31:16: LU-factorizing T1 at Xi=5.76295... 
02/05/15::04:31:16: LU-factorizing T2 at Xi=5.76295... 
02/05/15::04:31:24: Applying transform 1.58489... 
02/05/15::04:31:24:  Assembling U(0,1) 
02/05/15::04:31:24: Assembling BEM matrix block (0,1) 
02/05/15::04:35:59:   Computing ZForce... 
02/05/15::04:36:03: Computing Casimir integrand at Xi=6.58623
 
02/05/15::04:36:03: Assembling T1 at Xi=6.586231e+00... 
02/05/15::04:36:03: Assembling BEM matrix block (0,0) 
02/05/15::04:38:05: Assembling T2 at Xi=6.586231e+00... 
02/05/15::04:38:05: Assembling BEM matrix block (1,1) 
02/05/15::05:09:02: LU-factorizing T1 at Xi=6.58623... 
02/05/15::05:09:02: LU-factorizing T2 at Xi=6.58623... 
02/05/15::05:09:12: Applying transform 1.58489... 
02/05/15::05:09:12:  Assembling U(0,1) 
02/05/15::05:09:12: Assembling BEM matrix block (0,1) 
02/05/15::05:13:54:   Computing ZForce... 
02/05/15::05:13:58: Matsubara sum converged after summing n=8 frequency points. 
