02/03/15::18:29:56: scuff-cas3D running on bullet0273 
02/03/15::18:29:56: Setting material properties of exterior region to VACUUM. 
02/03/15::18:29:56: Flipped 514 panel normals to comport with region definitions. 
02/03/15::18:29:56: Computing full zero-temperature Casimir quantities. 
02/03/15::18:29:56: Read 1 geometrical transformations from file Bead_L-0.158489.trans. 
02/03/15::18:29:56: Minimum distance between surface points=1.584890e-01 
02/03/15::18:29:56: Computing Casimir integrand at Xi=0.001
 
02/03/15::18:29:56: Assembling T1 at Xi=1.000000e-03... 
02/03/15::18:29:56: Assembling BEM matrix block (0,0) 
02/03/15::18:30:32: Assembling T2 at Xi=1.000000e-03... 
02/03/15::18:30:32: Assembling BEM matrix block (1,1) 
02/03/15::19:01:27: LU-factorizing T1 at Xi=0.001... 
02/03/15::19:01:27: LU-factorizing T2 at Xi=0.001... 
02/03/15::19:02:10: Applying transform 0.158489... 
02/03/15::19:02:10:  Assembling U(0,1) 
02/03/15::19:02:10: Assembling BEM matrix block (0,1) 
02/03/15::19:07:58:   Computing ZForce... 
02/03/15::19:08:16: Computing Casimir integrand at Xi=0.553089
 
02/03/15::19:08:16: Assembling T1 at Xi=5.530888e-01... 
02/03/15::19:08:16: Assembling BEM matrix block (0,0) 
02/03/15::19:08:23: Assembling T2 at Xi=5.530888e-01... 
02/03/15::19:08:23: Assembling BEM matrix block (1,1) 
02/03/15::19:36:06: LU-factorizing T1 at Xi=0.553089... 
02/03/15::19:36:06: LU-factorizing T2 at Xi=0.553089... 
02/03/15::19:36:49: Applying transform 0.158489... 
02/03/15::19:36:49:  Assembling U(0,1) 
02/03/15::19:36:49: Assembling BEM matrix block (0,1) 
02/03/15::19:42:17:   Computing ZForce... 
02/03/15::19:42:34: Computing Casimir integrand at Xi=1.10518
 
02/03/15::19:42:34: Assembling T1 at Xi=1.105178e+00... 
02/03/15::19:42:34: Assembling BEM matrix block (0,0) 
02/03/15::19:42:47: Assembling T2 at Xi=1.105178e+00... 
02/03/15::19:42:47: Assembling BEM matrix block (1,1) 
02/03/15::20:31:16: LU-factorizing T1 at Xi=1.10518... 
02/03/15::20:31:16: LU-factorizing T2 at Xi=1.10518... 
02/03/15::20:31:58: Applying transform 0.158489... 
02/03/15::20:31:58:  Assembling U(0,1) 
02/03/15::20:31:58: Assembling BEM matrix block (0,1) 
02/03/15::20:37:22:   Computing ZForce... 
02/03/15::20:37:39: Computing Casimir integrand at Xi=0.277044
 
02/03/15::20:37:39: Assembling T1 at Xi=2.770444e-01... 
02/03/15::20:37:39: Assembling BEM matrix block (0,0) 
02/03/15::20:37:45: Assembling T2 at Xi=2.770444e-01... 
02/03/15::20:37:45: Assembling BEM matrix block (1,1) 
02/03/15::21:05:15: LU-factorizing T1 at Xi=0.277044... 
02/03/15::21:05:15: LU-factorizing T2 at Xi=0.277044... 
02/03/15::21:05:58: Applying transform 0.158489... 
02/03/15::21:05:58:  Assembling U(0,1) 
02/03/15::21:05:58: Assembling BEM matrix block (0,1) 
02/03/15::21:11:25:   Computing ZForce... 
02/03/15::21:11:42: Computing Casimir integrand at Xi=1.10518
 
02/03/15::21:11:42: Assembling T1 at Xi=1.105178e+00... 
02/03/15::21:11:42: Assembling BEM matrix block (0,0) 
02/03/15::21:11:55: Assembling T2 at Xi=1.105178e+00... 
02/03/15::21:11:55: Assembling BEM matrix block (1,1) 
02/03/15::22:00:28: LU-factorizing T1 at Xi=1.10518... 
02/03/15::22:00:28: LU-factorizing T2 at Xi=1.10518... 
02/03/15::22:01:10: Applying transform 0.158489... 
02/03/15::22:01:10:  Assembling U(0,1) 
02/03/15::22:01:10: Assembling BEM matrix block (0,1) 
02/03/15::22:06:33:   Computing ZForce... 
02/03/15::22:06:50: Computing Casimir integrand at Xi=1.65727
 
02/03/15::22:06:50: Assembling T1 at Xi=1.657266e+00... 
02/03/15::22:06:50: Assembling BEM matrix block (0,0) 
02/03/15::22:08:25: Assembling T2 at Xi=1.657266e+00... 
02/03/15::22:08:25: Assembling BEM matrix block (1,1) 
02/03/15::22:58:31: LU-factorizing T1 at Xi=1.65727... 
02/03/15::22:58:31: LU-factorizing T2 at Xi=1.65727... 
02/03/15::22:59:13: Applying transform 0.158489... 
02/03/15::22:59:13:  Assembling U(0,1) 
02/03/15::22:59:13: Assembling BEM matrix block (0,1) 
02/03/15::23:04:34:   Computing ZForce... 
02/03/15::23:04:51: Computing Casimir integrand at Xi=0.829133
 
02/03/15::23:04:51: Assembling T1 at Xi=8.291332e-01... 
02/03/15::23:04:51: Assembling BEM matrix block (0,0) 
02/03/15::23:04:59: Assembling T2 at Xi=8.291332e-01... 
02/03/15::23:04:59: Assembling BEM matrix block (1,1) 
02/03/15::23:33:05: LU-factorizing T1 at Xi=0.829133... 
02/03/15::23:33:05: LU-factorizing T2 at Xi=0.829133... 
02/03/15::23:33:47: Applying transform 0.158489... 
02/03/15::23:33:47:  Assembling U(0,1) 
02/03/15::23:33:47: Assembling BEM matrix block (0,1) 
02/03/15::23:39:17:   Computing ZForce... 
02/03/15::23:39:34: Computing Casimir integrand at Xi=1.38122
 
02/03/15::23:39:34: Assembling T1 at Xi=1.381222e+00... 
02/03/15::23:39:34: Assembling BEM matrix block (0,0) 
02/03/15::23:40:27: Assembling T2 at Xi=1.381222e+00... 
02/03/15::23:40:27: Assembling BEM matrix block (1,1) 
02/04/15::00:29:14: LU-factorizing T1 at Xi=1.38122... 
02/04/15::00:29:14: LU-factorizing T2 at Xi=1.38122... 
02/04/15::00:29:56: Applying transform 0.158489... 
02/04/15::00:29:56:  Assembling U(0,1) 
02/04/15::00:29:56: Assembling BEM matrix block (0,1) 
02/04/15::00:35:19:   Computing ZForce... 
02/04/15::00:35:37: Computing Casimir integrand at Xi=1.65727
 
02/04/15::00:35:37: Assembling T1 at Xi=1.657266e+00... 
02/04/15::00:35:37: Assembling BEM matrix block (0,0) 
02/04/15::00:37:11: Assembling T2 at Xi=1.657266e+00... 
02/04/15::00:37:11: Assembling BEM matrix block (1,1) 
02/04/15::01:27:15: LU-factorizing T1 at Xi=1.65727... 
02/04/15::01:27:15: LU-factorizing T2 at Xi=1.65727... 
02/04/15::01:27:57: Applying transform 0.158489... 
02/04/15::01:27:57:  Assembling U(0,1) 
02/04/15::01:27:57: Assembling BEM matrix block (0,1) 
02/04/15::01:33:17:   Computing ZForce... 
02/04/15::01:33:34: Computing Casimir integrand at Xi=1.2432
 
02/04/15::01:33:34: Assembling T1 at Xi=1.243200e+00... 
02/04/15::01:33:34: Assembling BEM matrix block (0,0) 
02/04/15::01:34:03: Assembling T2 at Xi=1.243200e+00... 
02/04/15::01:34:03: Assembling BEM matrix block (1,1) 
02/04/15::02:22:37: LU-factorizing T1 at Xi=1.2432... 
02/04/15::02:22:37: LU-factorizing T2 at Xi=1.2432... 
02/04/15::02:23:19: Applying transform 0.158489... 
02/04/15::02:23:19:  Assembling U(0,1) 
02/04/15::02:23:19: Assembling BEM matrix block (0,1) 
02/04/15::02:28:42:   Computing ZForce... 
02/04/15::02:28:59: Computing Casimir integrand at Xi=1.65727
 
02/04/15::02:28:59: Assembling T1 at Xi=1.657266e+00... 
02/04/15::02:28:59: Assembling BEM matrix block (0,0) 
02/04/15::02:30:34: Assembling T2 at Xi=1.657266e+00... 
02/04/15::02:30:34: Assembling BEM matrix block (1,1) 
02/04/15::03:20:39: LU-factorizing T1 at Xi=1.65727... 
02/04/15::03:20:39: LU-factorizing T2 at Xi=1.65727... 
02/04/15::03:21:21: Applying transform 0.158489... 
02/04/15::03:21:21:  Assembling U(0,1) 
02/04/15::03:21:21: Assembling BEM matrix block (0,1) 
02/04/15::03:26:43:   Computing ZForce... 
02/04/15::03:27:00: Computing Casimir integrand at Xi=1.93331
 
02/04/15::03:27:00: Assembling T1 at Xi=1.933311e+00... 
02/04/15::03:27:00: Assembling BEM matrix block (0,0) 
02/04/15::03:28:43: Assembling T2 at Xi=1.933311e+00... 
02/04/15::03:28:43: Assembling BEM matrix block (1,1) 
02/04/15::04:19:31: LU-factorizing T1 at Xi=1.93331... 
02/04/15::04:19:31: LU-factorizing T2 at Xi=1.93331... 
02/04/15::04:20:13: Applying transform 0.158489... 
02/04/15::04:20:13:  Assembling U(0,1) 
02/04/15::04:20:13: Assembling BEM matrix block (0,1) 
02/04/15::04:25:33:   Computing ZForce... 
02/04/15::04:25:51: Computing Casimir integrand at Xi=1.51924
 
02/04/15::04:25:51: Assembling T1 at Xi=1.519244e+00... 
02/04/15::04:25:51: Assembling BEM matrix block (0,0) 
02/04/15::04:27:10: Assembling T2 at Xi=1.519244e+00... 
02/04/15::04:27:10: Assembling BEM matrix block (1,1) 
02/04/15::05:16:35: LU-factorizing T1 at Xi=1.51924... 
02/04/15::05:16:35: LU-factorizing T2 at Xi=1.51924... 
02/04/15::05:17:17: Applying transform 0.158489... 
02/04/15::05:17:17:  Assembling U(0,1) 
02/04/15::05:17:17: Assembling BEM matrix block (0,1) 
02/04/15::05:22:39:   Computing ZForce... 
02/04/15::05:22:56: Computing Casimir integrand at Xi=1.93331
 
02/04/15::05:22:56: Assembling T1 at Xi=1.933311e+00... 
02/04/15::05:22:56: Assembling BEM matrix block (0,0) 
02/04/15::05:24:40: Assembling T2 at Xi=1.933311e+00... 
02/04/15::05:24:40: Assembling BEM matrix block (1,1) 
02/04/15::06:15:30: LU-factorizing T1 at Xi=1.93331... 
02/04/15::06:15:30: LU-factorizing T2 at Xi=1.93331... 
02/04/15::06:16:12: Applying transform 0.158489... 
02/04/15::06:16:12:  Assembling U(0,1) 
02/04/15::06:16:12: Assembling BEM matrix block (0,1) 
02/04/15::06:21:32:   Computing ZForce... 
02/04/15::06:21:49: Computing Casimir integrand at Xi=2.20936
 
02/04/15::06:21:49: Assembling T1 at Xi=2.209355e+00... 
02/04/15::06:21:49: Assembling BEM matrix block (0,0) 
02/04/15::06:23:34: Assembling T2 at Xi=2.209355e+00... 
02/04/15::06:23:34: Assembling BEM matrix block (1,1) 
02/04/15::07:14:30: LU-factorizing T1 at Xi=2.20936... 
02/04/15::07:14:31: LU-factorizing T2 at Xi=2.20936... 
02/04/15::07:15:13: Applying transform 0.158489... 
02/04/15::07:15:13:  Assembling U(0,1) 
02/04/15::07:15:13: Assembling BEM matrix block (0,1) 
02/04/15::07:20:33:   Computing ZForce... 
02/04/15::07:20:50: Computing Casimir integrand at Xi=1.79529
 
02/04/15::07:20:50: Assembling T1 at Xi=1.795289e+00... 
02/04/15::07:20:50: Assembling BEM matrix block (0,0) 
02/04/15::07:22:33: Assembling T2 at Xi=1.795289e+00... 
02/04/15::07:22:33: Assembling BEM matrix block (1,1) 
02/04/15::08:13:12: LU-factorizing T1 at Xi=1.79529... 
02/04/15::08:13:13: LU-factorizing T2 at Xi=1.79529... 
02/04/15::08:13:55: Applying transform 0.158489... 
02/04/15::08:13:55:  Assembling U(0,1) 
02/04/15::08:13:55: Assembling BEM matrix block (0,1) 
02/04/15::08:19:15:   Computing ZForce... 
02/04/15::08:19:32: Computing Casimir integrand at Xi=1.72628
 
02/04/15::08:19:32: Assembling T1 at Xi=1.726277e+00... 
02/04/15::08:19:32: Assembling BEM matrix block (0,0) 
02/04/15::08:21:13: Assembling T2 at Xi=1.726277e+00... 
02/04/15::08:21:13: Assembling BEM matrix block (1,1) 
02/04/15::09:11:45: LU-factorizing T1 at Xi=1.72628... 
02/04/15::09:11:45: LU-factorizing T2 at Xi=1.72628... 
02/04/15::09:12:27: Applying transform 0.158489... 
02/04/15::09:12:27:  Assembling U(0,1) 
02/04/15::09:12:27: Assembling BEM matrix block (0,1) 
02/04/15::09:17:48:   Computing ZForce... 
02/04/15::09:18:05: Computing Casimir integrand at Xi=1.69177
 
02/04/15::09:18:05: Assembling T1 at Xi=1.691772e+00... 
02/04/15::09:18:05: Assembling BEM matrix block (0,0) 
02/04/15::09:19:43: Assembling T2 at Xi=1.691772e+00... 
02/04/15::09:19:43: Assembling BEM matrix block (1,1) 
02/04/15::10:10:02: LU-factorizing T1 at Xi=1.69177... 
02/04/15::10:10:02: LU-factorizing T2 at Xi=1.69177... 
02/04/15::10:10:44: Applying transform 0.158489... 
02/04/15::10:10:44:  Assembling U(0,1) 
02/04/15::10:10:44: Assembling BEM matrix block (0,1) 
02/04/15::10:16:06:   Computing ZForce... 
02/04/15::10:16:23: Computing Casimir integrand at Xi=1.67452
 
02/04/15::10:16:23: Assembling T1 at Xi=1.674519e+00... 
02/04/15::10:16:23: Assembling BEM matrix block (0,0) 
02/04/15::10:17:58: Assembling T2 at Xi=1.674519e+00... 
02/04/15::10:17:59: Assembling BEM matrix block (1,1) 
02/04/15::11:08:15: LU-factorizing T1 at Xi=1.67452... 
02/04/15::11:08:15: LU-factorizing T2 at Xi=1.67452... 
02/04/15::11:08:58: Applying transform 0.158489... 
02/04/15::11:08:58:  Assembling U(0,1) 
02/04/15::11:08:58: Assembling BEM matrix block (0,1) 
02/04/15::11:14:19:   Computing ZForce... 
02/04/15::11:14:37: Computing Casimir integrand at Xi=1.72628
 
02/04/15::11:14:37: Assembling T1 at Xi=1.726277e+00... 
02/04/15::11:14:37: Assembling BEM matrix block (0,0) 
02/04/15::11:16:17: Assembling T2 at Xi=1.726277e+00... 
02/04/15::11:16:17: Assembling BEM matrix block (1,1) 
02/04/15::12:06:47: LU-factorizing T1 at Xi=1.72628... 
02/04/15::12:06:48: LU-factorizing T2 at Xi=1.72628... 
02/04/15::12:07:30: Applying transform 0.158489... 
02/04/15::12:07:30:  Assembling U(0,1) 
02/04/15::12:07:30: Assembling BEM matrix block (0,1) 
02/04/15::12:12:49:   Computing ZForce... 
02/04/15::12:13:06: Computing Casimir integrand at Xi=1.76078
 
02/04/15::12:13:06: Assembling T1 at Xi=1.760783e+00... 
02/04/15::12:13:06: Assembling BEM matrix block (0,0) 
02/04/15::12:14:47: Assembling T2 at Xi=1.760783e+00... 
02/04/15::12:14:47: Assembling BEM matrix block (1,1) 
02/04/15::13:05:15: LU-factorizing T1 at Xi=1.76078... 
02/04/15::13:05:15: LU-factorizing T2 at Xi=1.76078... 
02/04/15::13:05:57: Applying transform 0.158489... 
02/04/15::13:05:57:  Assembling U(0,1) 
02/04/15::13:05:57: Assembling BEM matrix block (0,1) 
02/04/15::13:11:16:   Computing ZForce... 
02/04/15::13:11:34: Computing Casimir integrand at Xi=1.70902
 
02/04/15::13:11:34: Assembling T1 at Xi=1.709025e+00... 
02/04/15::13:11:34: Assembling BEM matrix block (0,0) 
02/04/15::13:13:13: Assembling T2 at Xi=1.709025e+00... 
02/04/15::13:13:13: Assembling BEM matrix block (1,1) 
02/04/15::14:03:32: LU-factorizing T1 at Xi=1.70902... 
02/04/15::14:03:32: LU-factorizing T2 at Xi=1.70902... 
02/04/15::14:04:14: Applying transform 0.158489... 
02/04/15::14:04:14:  Assembling U(0,1) 
02/04/15::14:04:14: Assembling BEM matrix block (0,1) 
02/04/15::14:09:34:   Computing ZForce... 
02/04/15::14:09:51: Computing Casimir integrand at Xi=1.7004
 
02/04/15::14:09:51: Assembling T1 at Xi=1.700398e+00... 
02/04/15::14:09:51: Assembling BEM matrix block (0,0) 
02/04/15::14:11:30: Assembling T2 at Xi=1.700398e+00... 
02/04/15::14:11:30: Assembling BEM matrix block (1,1) 
02/04/15::15:01:47: LU-factorizing T1 at Xi=1.7004... 
02/04/15::15:01:47: LU-factorizing T2 at Xi=1.7004... 
02/04/15::15:02:29: Applying transform 0.158489... 
02/04/15::15:02:29:  Assembling U(0,1) 
02/04/15::15:02:29: Assembling BEM matrix block (0,1) 
02/04/15::15:07:50:   Computing ZForce... 
02/04/15::15:08:07: Computing Casimir integrand at Xi=1.69609
 
02/04/15::15:08:07: Assembling T1 at Xi=1.696085e+00... 
02/04/15::15:08:07: Assembling BEM matrix block (0,0) 
02/04/15::15:09:46: Assembling T2 at Xi=1.696085e+00... 
02/04/15::15:09:46: Assembling BEM matrix block (1,1) 
02/04/15::16:00:03: LU-factorizing T1 at Xi=1.69609... 
02/04/15::16:00:03: LU-factorizing T2 at Xi=1.69609... 
02/04/15::16:00:46: Applying transform 0.158489... 
02/04/15::16:00:46:  Assembling U(0,1) 
02/04/15::16:00:46: Assembling BEM matrix block (0,1) 
02/04/15::16:06:07:   Computing ZForce... 
02/04/15::16:06:24: Computing Casimir integrand at Xi=1.70902
 
02/04/15::16:06:24: Assembling T1 at Xi=1.709025e+00... 
02/04/15::16:06:24: Assembling BEM matrix block (0,0) 
02/04/15::16:08:03: Assembling T2 at Xi=1.709025e+00... 
02/04/15::16:08:03: Assembling BEM matrix block (1,1) 
02/04/15::16:58:25: LU-factorizing T1 at Xi=1.70902... 
02/04/15::16:58:25: LU-factorizing T2 at Xi=1.70902... 
02/04/15::16:59:07: Applying transform 0.158489... 
02/04/15::16:59:07:  Assembling U(0,1) 
02/04/15::16:59:07: Assembling BEM matrix block (0,1) 
02/04/15::17:04:27:   Computing ZForce... 
02/04/15::17:04:44: Computing Casimir integrand at Xi=1.71765
 
02/04/15::17:04:44: Assembling T1 at Xi=1.717651e+00... 
02/04/15::17:04:44: Assembling BEM matrix block (0,0) 
02/04/15::17:06:24: Assembling T2 at Xi=1.717651e+00... 
02/04/15::17:06:24: Assembling BEM matrix block (1,1) 
02/04/15::17:56:51: LU-factorizing T1 at Xi=1.71765... 
02/04/15::17:56:52: LU-factorizing T2 at Xi=1.71765... 
02/04/15::17:57:34: Applying transform 0.158489... 
02/04/15::17:57:34:  Assembling U(0,1) 
02/04/15::17:57:34: Assembling BEM matrix block (0,1) 
02/04/15::18:02:55:   Computing ZForce... 
02/04/15::18:03:12: Computing Casimir integrand at Xi=1.70471
 
02/04/15::18:03:12: Assembling T1 at Xi=1.704711e+00... 
02/04/15::18:03:12: Assembling BEM matrix block (0,0) 
02/04/15::18:04:51: Assembling T2 at Xi=1.704711e+00... 
02/04/15::18:04:51: Assembling BEM matrix block (1,1) 
02/04/15::18:55:20: LU-factorizing T1 at Xi=1.70471... 
02/04/15::18:55:20: LU-factorizing T2 at Xi=1.70471... 
02/04/15::18:56:02: Applying transform 0.158489... 
02/04/15::18:56:02:  Assembling U(0,1) 
02/04/15::18:56:02: Assembling BEM matrix block (0,1) 
02/04/15::19:01:24:   Computing ZForce... 
02/04/15::19:01:41: Computing Casimir integrand at Xi=1.70255
 
02/04/15::19:01:41: Assembling T1 at Xi=1.702555e+00... 
02/04/15::19:01:41: Assembling BEM matrix block (0,0) 
02/04/15::19:03:21: Assembling T2 at Xi=1.702555e+00... 
02/04/15::19:03:21: Assembling BEM matrix block (1,1) 
02/04/15::19:53:46: LU-factorizing T1 at Xi=1.70255... 
02/04/15::19:53:47: LU-factorizing T2 at Xi=1.70255... 
02/04/15::19:54:29: Applying transform 0.158489... 
02/04/15::19:54:29:  Assembling U(0,1) 
02/04/15::19:54:29: Assembling BEM matrix block (0,1) 
02/04/15::20:00:32:   Computing ZForce... 
02/04/15::20:00:49: Computing Casimir integrand at Xi=1.70902
 
02/04/15::20:00:49: Assembling T1 at Xi=1.709025e+00... 
02/04/15::20:00:49: Assembling BEM matrix block (0,0) 
02/04/15::20:02:44: Assembling T2 at Xi=1.709025e+00... 
02/04/15::20:02:44: Assembling BEM matrix block (1,1) 
02/04/15::20:59:16: LU-factorizing T1 at Xi=1.70902... 
02/04/15::20:59:16: LU-factorizing T2 at Xi=1.70902... 
02/04/15::20:59:58: Applying transform 0.158489... 
02/04/15::20:59:58:  Assembling U(0,1) 
02/04/15::20:59:58: Assembling BEM matrix block (0,1) 
02/04/15::21:07:25:   Computing ZForce... 
02/04/15::21:07:43: Computing Casimir integrand at Xi=1.71334
 
02/04/15::21:07:43: Assembling T1 at Xi=1.713338e+00... 
02/04/15::21:07:43: Assembling BEM matrix block (0,0) 
02/04/15::21:09:23: Assembling T2 at Xi=1.713338e+00... 
02/04/15::21:09:23: Assembling BEM matrix block (1,1) 
02/04/15::22:10:20: LU-factorizing T1 at Xi=1.71334... 
02/04/15::22:10:24: LU-factorizing T2 at Xi=1.71334... 
02/04/15::22:11:45: Applying transform 0.158489... 
02/04/15::22:11:45:  Assembling U(0,1) 
02/04/15::22:11:45: Assembling BEM matrix block (0,1) 
02/04/15::22:18:08:   Computing ZForce... 
02/04/15::22:18:26: Computing Casimir integrand at Xi=1.70687
 
02/04/15::22:18:26: Assembling T1 at Xi=1.706868e+00... 
02/04/15::22:18:26: Assembling BEM matrix block (0,0) 
02/04/15::22:20:32: Assembling T2 at Xi=1.706868e+00... 
02/04/15::22:20:32: Assembling BEM matrix block (1,1) 
02/04/15::23:17:27: LU-factorizing T1 at Xi=1.70687... 
02/04/15::23:17:27: LU-factorizing T2 at Xi=1.70687... 
02/04/15::23:18:10: Applying transform 0.158489... 
02/04/15::23:18:10:  Assembling U(0,1) 
02/04/15::23:18:10: Assembling BEM matrix block (0,1) 
02/04/15::23:24:37:   Computing ZForce... 
02/04/15::23:24:55: Computing Casimir integrand at Xi=1.70579
 
02/04/15::23:24:55: Assembling T1 at Xi=1.705790e+00... 
02/04/15::23:24:55: Assembling BEM matrix block (0,0) 
02/04/15::23:26:34: Assembling T2 at Xi=1.705790e+00... 
02/04/15::23:26:34: Assembling BEM matrix block (1,1) 
02/05/15::00:23:55: LU-factorizing T1 at Xi=1.70579... 
02/05/15::00:23:55: LU-factorizing T2 at Xi=1.70579... 
02/05/15::00:24:37: Applying transform 0.158489... 
02/05/15::00:24:37:  Assembling U(0,1) 
02/05/15::00:24:37: Assembling BEM matrix block (0,1) 
02/05/15::00:30:03:   Computing ZForce... 
02/05/15::00:30:20: Computing Casimir integrand at Xi=1.70525
 
02/05/15::00:30:20: Assembling T1 at Xi=1.705251e+00... 
02/05/15::00:30:20: Assembling BEM matrix block (0,0) 
02/05/15::00:32:00: Assembling T2 at Xi=1.705251e+00... 
02/05/15::00:32:00: Assembling BEM matrix block (1,1) 
