02/04/15::13:34:45: scuff-cas3D running on hequ0014 
02/04/15::13:34:45: Setting material properties of exterior region to VACUUM. 
02/04/15::13:34:45: Flipped 514 panel normals to comport with region definitions. 
02/04/15::13:34:45: Computing full zero-temperature Casimir quantities. 
02/04/15::13:34:45: Read 1 geometrical transformations from file BeadPEC_L-7.94328.trans. 
02/04/15::13:34:45: Minimum distance between surface points=7.943280e+00 
02/04/15::13:34:45: Computing Casimir integrand at Xi=0.001
 
02/04/15::13:34:45: Assembling T1 at Xi=1.000000e-03... 
02/04/15::13:34:45: Assembling BEM matrix block (0,0) 
02/04/15::13:35:11: Assembling T2 at Xi=1.000000e-03... 
02/04/15::13:35:11: Assembling BEM matrix block (1,1) 
02/04/15::13:39:34: LU-factorizing T1 at Xi=0.001... 
02/04/15::13:39:34: LU-factorizing T2 at Xi=0.001... 
02/04/15::13:39:39: Applying transform 7.94328... 
02/04/15::13:39:39:  Assembling U(0,1) 
02/04/15::13:39:39: Assembling BEM matrix block (0,1) 
02/04/15::13:40:30:   Computing ZForce... 
02/04/15::13:40:32: Computing Casimir integrand at Xi=0.0120156
 
02/04/15::13:40:32: Assembling T1 at Xi=1.201560e-02... 
02/04/15::13:40:32: Assembling BEM matrix block (0,0) 
02/04/15::13:40:34: Assembling T2 at Xi=1.201560e-02... 
02/04/15::13:40:34: Assembling BEM matrix block (1,1) 
02/04/15::13:42:31: LU-factorizing T1 at Xi=0.0120156... 
02/04/15::13:42:31: LU-factorizing T2 at Xi=0.0120156... 
02/04/15::13:42:36: Applying transform 7.94328... 
02/04/15::13:42:36:  Assembling U(0,1) 
02/04/15::13:42:36: Assembling BEM matrix block (0,1) 
02/04/15::13:43:27:   Computing ZForce... 
02/04/15::13:43:28: Computing Casimir integrand at Xi=0.0230312
 
02/04/15::13:43:28: Assembling T1 at Xi=2.303120e-02... 
02/04/15::13:43:29: Assembling BEM matrix block (0,0) 
02/04/15::13:43:31: Assembling T2 at Xi=2.303120e-02... 
02/04/15::13:43:31: Assembling BEM matrix block (1,1) 
02/04/15::13:45:29: LU-factorizing T1 at Xi=0.0230312... 
02/04/15::13:45:29: LU-factorizing T2 at Xi=0.0230312... 
02/04/15::13:45:34: Applying transform 7.94328... 
02/04/15::13:45:34:  Assembling U(0,1) 
02/04/15::13:45:34: Assembling BEM matrix block (0,1) 
02/04/15::13:46:24:   Computing ZForce... 
02/04/15::13:46:26: Computing Casimir integrand at Xi=0.0450624
 
02/04/15::13:46:26: Assembling T1 at Xi=4.506240e-02... 
02/04/15::13:46:26: Assembling BEM matrix block (0,0) 
02/04/15::13:46:29: Assembling T2 at Xi=4.506240e-02... 
02/04/15::13:46:29: Assembling BEM matrix block (1,1) 
02/04/15::13:48:29: LU-factorizing T1 at Xi=0.0450624... 
02/04/15::13:48:29: LU-factorizing T2 at Xi=0.0450624... 
02/04/15::13:48:34: Applying transform 7.94328... 
02/04/15::13:48:34:  Assembling U(0,1) 
02/04/15::13:48:34: Assembling BEM matrix block (0,1) 
02/04/15::13:49:24:   Computing ZForce... 
02/04/15::13:49:26: Computing Casimir integrand at Xi=0.0670936
 
02/04/15::13:49:26: Assembling T1 at Xi=6.709360e-02... 
02/04/15::13:49:26: Assembling BEM matrix block (0,0) 
02/04/15::13:49:28: Assembling T2 at Xi=6.709360e-02... 
02/04/15::13:49:28: Assembling BEM matrix block (1,1) 
02/04/15::13:51:29: LU-factorizing T1 at Xi=0.0670936... 
02/04/15::13:51:29: LU-factorizing T2 at Xi=0.0670936... 
02/04/15::13:51:34: Applying transform 7.94328... 
02/04/15::13:51:34:  Assembling U(0,1) 
02/04/15::13:51:34: Assembling BEM matrix block (0,1) 
02/04/15::13:52:24:   Computing ZForce... 
02/04/15::13:52:25: Computing Casimir integrand at Xi=0.111156
 
02/04/15::13:52:25: Assembling T1 at Xi=1.111560e-01... 
02/04/15::13:52:25: Assembling BEM matrix block (0,0) 
02/04/15::13:52:28: Assembling T2 at Xi=1.111560e-01... 
02/04/15::13:52:28: Assembling BEM matrix block (1,1) 
02/04/15::13:54:32: LU-factorizing T1 at Xi=0.111156... 
02/04/15::13:54:32: LU-factorizing T2 at Xi=0.111156... 
02/04/15::13:54:36: Applying transform 7.94328... 
02/04/15::13:54:36:  Assembling U(0,1) 
02/04/15::13:54:36: Assembling BEM matrix block (0,1) 
02/04/15::13:55:27:   Computing ZForce... 
02/04/15::13:55:29: Computing Casimir integrand at Xi=0.155218
 
02/04/15::13:55:29: Assembling T1 at Xi=1.552184e-01... 
02/04/15::13:55:29: Assembling BEM matrix block (0,0) 
02/04/15::13:55:31: Assembling T2 at Xi=1.552184e-01... 
02/04/15::13:55:31: Assembling BEM matrix block (1,1) 
02/04/15::13:57:37: LU-factorizing T1 at Xi=0.155218... 
02/04/15::13:57:37: LU-factorizing T2 at Xi=0.155218... 
02/04/15::13:57:41: Applying transform 7.94328... 
02/04/15::13:57:41:  Assembling U(0,1) 
02/04/15::13:57:41: Assembling BEM matrix block (0,1) 
02/04/15::13:58:31:   Computing ZForce... 
02/04/15::13:58:33: Computing Casimir integrand at Xi=0.243343
 
02/04/15::13:58:33: Assembling T1 at Xi=2.433432e-01... 
02/04/15::13:58:33: Assembling BEM matrix block (0,0) 
02/04/15::13:58:36: Assembling T2 at Xi=2.433432e-01... 
02/04/15::13:58:36: Assembling BEM matrix block (1,1) 
02/04/15::14:00:45: LU-factorizing T1 at Xi=0.243343... 
02/04/15::14:00:45: LU-factorizing T2 at Xi=0.243343... 
02/04/15::14:00:50: Applying transform 7.94328... 
02/04/15::14:00:50:  Assembling U(0,1) 
02/04/15::14:00:50: Assembling BEM matrix block (0,1) 
02/04/15::14:01:40:   Computing ZForce... 
02/04/15::14:01:42: Computing Casimir integrand at Xi=0.331468
 
02/04/15::14:01:42: Assembling T1 at Xi=3.314680e-01... 
02/04/15::14:01:42: Assembling BEM matrix block (0,0) 
02/04/15::14:01:44: Assembling T2 at Xi=3.314680e-01... 
02/04/15::14:01:44: Assembling BEM matrix block (1,1) 
02/04/15::14:03:58: LU-factorizing T1 at Xi=0.331468... 
02/04/15::14:03:58: LU-factorizing T2 at Xi=0.331468... 
02/04/15::14:04:03: Applying transform 7.94328... 
02/04/15::14:04:03:  Assembling U(0,1) 
02/04/15::14:04:03: Assembling BEM matrix block (0,1) 
02/04/15::14:04:53:   Computing ZForce... 
02/04/15::14:04:55: Computing Casimir integrand at Xi=0.199281
 
02/04/15::14:04:55: Assembling T1 at Xi=1.992808e-01... 
02/04/15::14:04:55: Assembling BEM matrix block (0,0) 
02/04/15::14:04:57: Assembling T2 at Xi=1.992808e-01... 
02/04/15::14:04:57: Assembling BEM matrix block (1,1) 
02/04/15::14:07:05: LU-factorizing T1 at Xi=0.199281... 
02/04/15::14:07:05: LU-factorizing T2 at Xi=0.199281... 
02/04/15::14:07:10: Applying transform 7.94328... 
02/04/15::14:07:10:  Assembling U(0,1) 
02/04/15::14:07:10: Assembling BEM matrix block (0,1) 
02/04/15::14:08:00:   Computing ZForce... 
02/04/15::14:08:02: Computing Casimir integrand at Xi=0.287406
 
02/04/15::14:08:02: Assembling T1 at Xi=2.874056e-01... 
02/04/15::14:08:02: Assembling BEM matrix block (0,0) 
02/04/15::14:08:04: Assembling T2 at Xi=2.874056e-01... 
02/04/15::14:08:04: Assembling BEM matrix block (1,1) 
02/04/15::14:10:17: LU-factorizing T1 at Xi=0.287406... 
02/04/15::14:10:17: LU-factorizing T2 at Xi=0.287406... 
02/04/15::14:10:21: Applying transform 7.94328... 
02/04/15::14:10:21:  Assembling U(0,1) 
02/04/15::14:10:21: Assembling BEM matrix block (0,1) 
02/04/15::14:11:11:   Computing ZForce... 
02/04/15::14:11:13: Computing Casimir integrand at Xi=0.331468
 
02/04/15::14:11:13: Assembling T1 at Xi=3.314680e-01... 
02/04/15::14:11:13: Assembling BEM matrix block (0,0) 
02/04/15::14:11:16: Assembling T2 at Xi=3.314680e-01... 
02/04/15::14:11:16: Assembling BEM matrix block (1,1) 
02/04/15::14:13:30: LU-factorizing T1 at Xi=0.331468... 
02/04/15::14:13:30: LU-factorizing T2 at Xi=0.331468... 
02/04/15::14:13:34: Applying transform 7.94328... 
02/04/15::14:13:34:  Assembling U(0,1) 
02/04/15::14:13:34: Assembling BEM matrix block (0,1) 
02/04/15::14:14:25:   Computing ZForce... 
02/04/15::14:14:27: Computing Casimir integrand at Xi=0.265374
 
02/04/15::14:14:27: Assembling T1 at Xi=2.653744e-01... 
02/04/15::14:14:27: Assembling BEM matrix block (0,0) 
02/04/15::14:14:29: Assembling T2 at Xi=2.653744e-01... 
02/04/15::14:14:29: Assembling BEM matrix block (1,1) 
02/04/15::14:16:39: LU-factorizing T1 at Xi=0.265374... 
02/04/15::14:16:39: LU-factorizing T2 at Xi=0.265374... 
02/04/15::14:16:44: Applying transform 7.94328... 
02/04/15::14:16:44:  Assembling U(0,1) 
02/04/15::14:16:44: Assembling BEM matrix block (0,1) 
02/04/15::14:17:34:   Computing ZForce... 
02/04/15::14:17:36: Computing Casimir integrand at Xi=0.331468
 
02/04/15::14:17:36: Assembling T1 at Xi=3.314680e-01... 
02/04/15::14:17:36: Assembling BEM matrix block (0,0) 
02/04/15::14:17:38: Assembling T2 at Xi=3.314680e-01... 
02/04/15::14:17:38: Assembling BEM matrix block (1,1) 
02/04/15::14:19:52: LU-factorizing T1 at Xi=0.331468... 
02/04/15::14:19:52: LU-factorizing T2 at Xi=0.331468... 
02/04/15::14:19:57: Applying transform 7.94328... 
02/04/15::14:19:57:  Assembling U(0,1) 
02/04/15::14:19:57: Assembling BEM matrix block (0,1) 
02/04/15::14:20:47:   Computing ZForce... 
02/04/15::14:20:49: Computing Casimir integrand at Xi=0.37553
 
02/04/15::14:20:49: Assembling T1 at Xi=3.755304e-01... 
02/04/15::14:20:49: Assembling BEM matrix block (0,0) 
02/04/15::14:20:51: Assembling T2 at Xi=3.755304e-01... 
02/04/15::14:20:51: Assembling BEM matrix block (1,1) 
02/04/15::14:23:07: LU-factorizing T1 at Xi=0.37553... 
02/04/15::14:23:07: LU-factorizing T2 at Xi=0.37553... 
02/04/15::14:23:12: Applying transform 7.94328... 
02/04/15::14:23:12:  Assembling U(0,1) 
02/04/15::14:23:12: Assembling BEM matrix block (0,1) 
02/04/15::14:24:03:   Computing ZForce... 
02/04/15::14:24:05: Computing Casimir integrand at Xi=0.309437
 
02/04/15::14:24:05: Assembling T1 at Xi=3.094368e-01... 
02/04/15::14:24:05: Assembling BEM matrix block (0,0) 
02/04/15::14:24:08: Assembling T2 at Xi=3.094368e-01... 
02/04/15::14:24:08: Assembling BEM matrix block (1,1) 
02/04/15::14:26:58: LU-factorizing T1 at Xi=0.309437... 
02/04/15::14:26:58: LU-factorizing T2 at Xi=0.309437... 
02/04/15::14:27:04: Applying transform 7.94328... 
02/04/15::14:27:04:  Assembling U(0,1) 
02/04/15::14:27:04: Assembling BEM matrix block (0,1) 
02/04/15::14:28:10:   Computing ZForce... 
02/04/15::14:28:13: Computing Casimir integrand at Xi=0.37553
 
02/04/15::14:28:13: Assembling T1 at Xi=3.755304e-01... 
02/04/15::14:28:13: Assembling BEM matrix block (0,0) 
02/04/15::14:28:16: Assembling T2 at Xi=3.755304e-01... 
02/04/15::14:28:16: Assembling BEM matrix block (1,1) 
02/04/15::14:31:17: LU-factorizing T1 at Xi=0.37553... 
02/04/15::14:31:17: LU-factorizing T2 at Xi=0.37553... 
02/04/15::14:31:24: Applying transform 7.94328... 
02/04/15::14:31:24:  Assembling U(0,1) 
02/04/15::14:31:24: Assembling BEM matrix block (0,1) 
02/04/15::14:32:31:   Computing ZForce... 
02/04/15::14:32:33: Computing Casimir integrand at Xi=0.419593
 
02/04/15::14:32:33: Assembling T1 at Xi=4.195928e-01... 
02/04/15::14:32:33: Assembling BEM matrix block (0,0) 
02/04/15::14:32:36: Assembling T2 at Xi=4.195928e-01... 
02/04/15::14:32:36: Assembling BEM matrix block (1,1) 
02/04/15::14:35:42: LU-factorizing T1 at Xi=0.419593... 
02/04/15::14:35:42: LU-factorizing T2 at Xi=0.419593... 
02/04/15::14:35:49: Applying transform 7.94328... 
02/04/15::14:35:49:  Assembling U(0,1) 
02/04/15::14:35:49: Assembling BEM matrix block (0,1) 
02/04/15::14:36:57:   Computing ZForce... 
02/04/15::14:37:00: Computing Casimir integrand at Xi=0.353499
 
02/04/15::14:37:00: Assembling T1 at Xi=3.534992e-01... 
02/04/15::14:37:00: Assembling BEM matrix block (0,0) 
02/04/15::14:37:03: Assembling T2 at Xi=3.534992e-01... 
02/04/15::14:37:03: Assembling BEM matrix block (1,1) 
02/04/15::14:40:03: LU-factorizing T1 at Xi=0.353499... 
02/04/15::14:40:03: LU-factorizing T2 at Xi=0.353499... 
02/04/15::14:40:09: Applying transform 7.94328... 
02/04/15::14:40:09:  Assembling U(0,1) 
02/04/15::14:40:09: Assembling BEM matrix block (0,1) 
02/04/15::14:41:16:   Computing ZForce... 
02/04/15::14:41:18: Computing Casimir integrand at Xi=0.419593
 
02/04/15::14:41:18: Assembling T1 at Xi=4.195928e-01... 
02/04/15::14:41:18: Assembling BEM matrix block (0,0) 
02/04/15::14:41:21: Assembling T2 at Xi=4.195928e-01... 
02/04/15::14:41:21: Assembling BEM matrix block (1,1) 
02/04/15::14:44:04: LU-factorizing T1 at Xi=0.419593... 
02/04/15::14:44:04: LU-factorizing T2 at Xi=0.419593... 
02/04/15::14:44:09: Applying transform 7.94328... 
02/04/15::14:44:09:  Assembling U(0,1) 
02/04/15::14:44:09: Assembling BEM matrix block (0,1) 
02/04/15::14:44:58:   Computing ZForce... 
02/04/15::14:45:00: Computing Casimir integrand at Xi=0.463655
 
02/04/15::14:45:00: Assembling T1 at Xi=4.636552e-01... 
02/04/15::14:45:00: Assembling BEM matrix block (0,0) 
02/04/15::14:45:03: Assembling T2 at Xi=4.636552e-01... 
02/04/15::14:45:03: Assembling BEM matrix block (1,1) 
02/04/15::14:47:23: LU-factorizing T1 at Xi=0.463655... 
02/04/15::14:47:23: LU-factorizing T2 at Xi=0.463655... 
02/04/15::14:47:28: Applying transform 7.94328... 
02/04/15::14:47:28:  Assembling U(0,1) 
02/04/15::14:47:28: Assembling BEM matrix block (0,1) 
02/04/15::14:48:18:   Computing ZForce... 
02/04/15::14:48:19: Computing Casimir integrand at Xi=0.397562
 
02/04/15::14:48:19: Assembling T1 at Xi=3.975616e-01... 
02/04/15::14:48:19: Assembling BEM matrix block (0,0) 
02/04/15::14:48:22: Assembling T2 at Xi=3.975616e-01... 
02/04/15::14:48:22: Assembling BEM matrix block (1,1) 
02/04/15::14:51:08: LU-factorizing T1 at Xi=0.397562... 
02/04/15::14:51:08: LU-factorizing T2 at Xi=0.397562... 
02/04/15::14:51:12: Applying transform 7.94328... 
02/04/15::14:51:12:  Assembling U(0,1) 
02/04/15::14:51:12: Assembling BEM matrix block (0,1) 
02/04/15::14:52:02:   Computing ZForce... 
02/04/15::14:52:04: Computing Casimir integrand at Xi=0.463655
 
02/04/15::14:52:04: Assembling T1 at Xi=4.636552e-01... 
02/04/15::14:52:04: Assembling BEM matrix block (0,0) 
02/04/15::14:52:06: Assembling T2 at Xi=4.636552e-01... 
02/04/15::14:52:06: Assembling BEM matrix block (1,1) 
02/04/15::14:54:27: LU-factorizing T1 at Xi=0.463655... 
02/04/15::14:54:27: LU-factorizing T2 at Xi=0.463655... 
02/04/15::14:54:31: Applying transform 7.94328... 
02/04/15::14:54:31:  Assembling U(0,1) 
02/04/15::14:54:31: Assembling BEM matrix block (0,1) 
02/04/15::15:18:39:   Computing ZForce... 
02/04/15::15:18:41: Computing Casimir integrand at Xi=0.507718
 
02/04/15::15:18:41: Assembling T1 at Xi=5.077176e-01... 
02/04/15::15:18:41: Assembling BEM matrix block (0,0) 
02/04/15::15:18:43: Assembling T2 at Xi=5.077176e-01... 
02/04/15::15:18:43: Assembling BEM matrix block (1,1) 
02/04/15::15:21:06: LU-factorizing T1 at Xi=0.507718... 
02/04/15::15:21:06: LU-factorizing T2 at Xi=0.507718... 
02/04/15::15:21:11: Applying transform 7.94328... 
02/04/15::15:21:11:  Assembling U(0,1) 
02/04/15::15:21:11: Assembling BEM matrix block (0,1) 
02/04/15::15:22:00:   Computing ZForce... 
02/04/15::15:22:02: Computing Casimir integrand at Xi=0.441624
 
02/04/15::15:22:02: Assembling T1 at Xi=4.416240e-01... 
02/04/15::15:22:02: Assembling BEM matrix block (0,0) 
02/04/15::15:22:05: Assembling T2 at Xi=4.416240e-01... 
02/04/15::15:22:05: Assembling BEM matrix block (1,1) 
02/04/15::15:24:25: LU-factorizing T1 at Xi=0.441624... 
02/04/15::15:24:25: LU-factorizing T2 at Xi=0.441624... 
02/04/15::15:24:30: Applying transform 7.94328... 
02/04/15::15:24:30:  Assembling U(0,1) 
02/04/15::15:24:30: Assembling BEM matrix block (0,1) 
02/04/15::15:25:20:   Computing ZForce... 
02/04/15::15:25:22: Computing Casimir integrand at Xi=0.507718
 
02/04/15::15:25:22: Assembling T1 at Xi=5.077176e-01... 
02/04/15::15:25:22: Assembling BEM matrix block (0,0) 
02/04/15::15:25:25: Assembling T2 at Xi=5.077176e-01... 
02/04/15::15:25:25: Assembling BEM matrix block (1,1) 
02/04/15::15:27:50: LU-factorizing T1 at Xi=0.507718... 
02/04/15::15:27:50: LU-factorizing T2 at Xi=0.507718... 
02/04/15::15:27:54: Applying transform 7.94328... 
02/04/15::15:27:54:  Assembling U(0,1) 
02/04/15::15:27:54: Assembling BEM matrix block (0,1) 
02/04/15::15:33:21:   Computing ZForce... 
02/04/15::15:33:22: Computing Casimir integrand at Xi=0.55178
 
02/04/15::15:33:23: Assembling T1 at Xi=5.517800e-01... 
02/04/15::15:33:23: Assembling BEM matrix block (0,0) 
02/04/15::15:33:25: Assembling T2 at Xi=5.517800e-01... 
02/04/15::15:33:25: Assembling BEM matrix block (1,1) 
02/04/15::15:35:50: LU-factorizing T1 at Xi=0.55178... 
02/04/15::15:35:51: LU-factorizing T2 at Xi=0.55178... 
02/04/15::15:35:55: Applying transform 7.94328... 
02/04/15::15:35:55:  Assembling U(0,1) 
02/04/15::15:35:55: Assembling BEM matrix block (0,1) 
02/04/15::15:36:46:   Computing ZForce... 
02/04/15::15:36:48: Computing Casimir integrand at Xi=0.485686
 
02/04/15::15:36:48: Assembling T1 at Xi=4.856864e-01... 
02/04/15::15:36:48: Assembling BEM matrix block (0,0) 
02/04/15::15:36:50: Assembling T2 at Xi=4.856864e-01... 
02/04/15::15:36:50: Assembling BEM matrix block (1,1) 
02/04/15::15:43:32: LU-factorizing T1 at Xi=0.485686... 
02/04/15::15:43:32: LU-factorizing T2 at Xi=0.485686... 
02/04/15::15:43:37: Applying transform 7.94328... 
02/04/15::15:43:37:  Assembling U(0,1) 
02/04/15::15:43:37: Assembling BEM matrix block (0,1) 
02/04/15::15:44:27:   Computing ZForce... 
02/04/15::15:44:29: Computing Casimir integrand at Xi=0.55178
 
02/04/15::15:44:29: Assembling T1 at Xi=5.517800e-01... 
02/04/15::15:44:29: Assembling BEM matrix block (0,0) 
02/04/15::15:44:32: Assembling T2 at Xi=5.517800e-01... 
02/04/15::15:44:32: Assembling BEM matrix block (1,1) 
02/04/15::15:46:58: LU-factorizing T1 at Xi=0.55178... 
02/04/15::15:46:58: LU-factorizing T2 at Xi=0.55178... 
02/04/15::15:47:02: Applying transform 7.94328... 
02/04/15::15:47:02:  Assembling U(0,1) 
02/04/15::15:47:02: Assembling BEM matrix block (0,1) 
02/04/15::15:47:52:   Computing ZForce... 
02/04/15::15:47:54: Computing Casimir integrand at Xi=0.595842
 
02/04/15::15:47:54: Assembling T1 at Xi=5.958424e-01... 
02/04/15::15:47:54: Assembling BEM matrix block (0,0) 
02/04/15::15:47:57: Assembling T2 at Xi=5.958424e-01... 
02/04/15::15:47:57: Assembling BEM matrix block (1,1) 
02/04/15::15:50:25: LU-factorizing T1 at Xi=0.595842... 
02/04/15::15:50:25: LU-factorizing T2 at Xi=0.595842... 
02/04/15::15:50:30: Applying transform 7.94328... 
02/04/15::15:50:30:  Assembling U(0,1) 
02/04/15::15:50:30: Assembling BEM matrix block (0,1) 
02/04/15::15:51:20:   Computing ZForce... 
02/04/15::15:51:22: Computing Casimir integrand at Xi=0.529749
 
02/04/15::15:51:22: Assembling T1 at Xi=5.297488e-01... 
02/04/15::15:51:22: Assembling BEM matrix block (0,0) 
02/04/15::15:51:24: Assembling T2 at Xi=5.297488e-01... 
02/04/15::15:51:24: Assembling BEM matrix block (1,1) 
02/04/15::15:53:50: LU-factorizing T1 at Xi=0.529749... 
02/04/15::15:53:50: LU-factorizing T2 at Xi=0.529749... 
02/04/15::15:53:55: Applying transform 7.94328... 
02/04/15::15:53:55:  Assembling U(0,1) 
02/04/15::15:53:55: Assembling BEM matrix block (0,1) 
02/04/15::15:54:45:   Computing ZForce... 
02/04/15::15:54:47: Computing Casimir integrand at Xi=0.595842
 
02/04/15::15:54:47: Assembling T1 at Xi=5.958424e-01... 
02/04/15::15:54:47: Assembling BEM matrix block (0,0) 
02/04/15::15:54:50: Assembling T2 at Xi=5.958424e-01... 
02/04/15::15:54:50: Assembling BEM matrix block (1,1) 
02/04/15::16:07:20: LU-factorizing T1 at Xi=0.595842... 
02/04/15::16:07:20: LU-factorizing T2 at Xi=0.595842... 
02/04/15::16:07:24: Applying transform 7.94328... 
02/04/15::16:07:24:  Assembling U(0,1) 
02/04/15::16:07:24: Assembling BEM matrix block (0,1) 
02/04/15::16:08:14:   Computing ZForce... 
02/04/15::16:08:16: Computing Casimir integrand at Xi=0.639905
 
02/04/15::16:08:16: Assembling T1 at Xi=6.399048e-01... 
02/04/15::16:08:16: Assembling BEM matrix block (0,0) 
02/04/15::16:08:18: Assembling T2 at Xi=6.399048e-01... 
02/04/15::16:08:18: Assembling BEM matrix block (1,1) 
02/04/15::16:22:26: LU-factorizing T1 at Xi=0.639905... 
02/04/15::16:22:26: LU-factorizing T2 at Xi=0.639905... 
02/04/15::16:22:31: Applying transform 7.94328... 
02/04/15::16:22:31:  Assembling U(0,1) 
02/04/15::16:22:31: Assembling BEM matrix block (0,1) 
02/04/15::16:23:20:   Computing ZForce... 
02/04/15::16:23:22: Computing Casimir integrand at Xi=0.573811
 
02/04/15::16:23:22: Assembling T1 at Xi=5.738112e-01... 
02/04/15::16:23:22: Assembling BEM matrix block (0,0) 
02/04/15::16:23:25: Assembling T2 at Xi=5.738112e-01... 
02/04/15::16:23:25: Assembling BEM matrix block (1,1) 
02/04/15::16:25:51: LU-factorizing T1 at Xi=0.573811... 
02/04/15::16:25:51: LU-factorizing T2 at Xi=0.573811... 
02/04/15::16:25:56: Applying transform 7.94328... 
02/04/15::16:25:56:  Assembling U(0,1) 
02/04/15::16:25:56: Assembling BEM matrix block (0,1) 
02/04/15::16:26:46:   Computing ZForce... 
02/04/15::16:26:47: Computing Casimir integrand at Xi=0.639905
 
02/04/15::16:26:47: Assembling T1 at Xi=6.399048e-01... 
02/04/15::16:26:47: Assembling BEM matrix block (0,0) 
02/04/15::16:26:50: Assembling T2 at Xi=6.399048e-01... 
02/04/15::16:26:50: Assembling BEM matrix block (1,1) 
02/04/15::16:38:35: LU-factorizing T1 at Xi=0.639905... 
02/04/15::16:38:35: LU-factorizing T2 at Xi=0.639905... 
02/04/15::16:38:39: Applying transform 7.94328... 
02/04/15::16:38:39:  Assembling U(0,1) 
02/04/15::16:38:39: Assembling BEM matrix block (0,1) 
02/04/15::16:42:27:   Computing ZForce... 
02/04/15::16:42:29: Computing Casimir integrand at Xi=0.683967
 
02/04/15::16:42:29: Assembling T1 at Xi=6.839672e-01... 
02/04/15::16:42:29: Assembling BEM matrix block (0,0) 
02/04/15::16:42:31: Assembling T2 at Xi=6.839672e-01... 
02/04/15::16:42:31: Assembling BEM matrix block (1,1) 
02/04/15::16:45:02: LU-factorizing T1 at Xi=0.683967... 
02/04/15::16:45:02: LU-factorizing T2 at Xi=0.683967... 
02/04/15::16:45:07: Applying transform 7.94328... 
02/04/15::16:45:07:  Assembling U(0,1) 
02/04/15::16:45:07: Assembling BEM matrix block (0,1) 
02/04/15::16:45:57:   Computing ZForce... 
02/04/15::16:45:59: Computing Casimir integrand at Xi=0.617874
 
02/04/15::16:45:59: Assembling T1 at Xi=6.178736e-01... 
02/04/15::16:45:59: Assembling BEM matrix block (0,0) 
02/04/15::16:46:01: Assembling T2 at Xi=6.178736e-01... 
02/04/15::16:46:01: Assembling BEM matrix block (1,1) 
02/04/15::16:48:29: LU-factorizing T1 at Xi=0.617874... 
02/04/15::16:48:29: LU-factorizing T2 at Xi=0.617874... 
02/04/15::16:48:34: Applying transform 7.94328... 
02/04/15::16:48:34:  Assembling U(0,1) 
02/04/15::16:48:34: Assembling BEM matrix block (0,1) 
02/04/15::16:49:24:   Computing ZForce... 
02/04/15::16:49:26: Computing Casimir integrand at Xi=0.683967
 
02/04/15::16:49:26: Assembling T1 at Xi=6.839672e-01... 
02/04/15::16:49:26: Assembling BEM matrix block (0,0) 
02/04/15::16:49:29: Assembling T2 at Xi=6.839672e-01... 
02/04/15::16:49:29: Assembling BEM matrix block (1,1) 
02/04/15::16:52:00: LU-factorizing T1 at Xi=0.683967... 
02/04/15::16:52:00: LU-factorizing T2 at Xi=0.683967... 
02/04/15::16:52:04: Applying transform 7.94328... 
02/04/15::16:52:04:  Assembling U(0,1) 
02/04/15::16:52:04: Assembling BEM matrix block (0,1) 
02/04/15::16:52:54:   Computing ZForce... 
02/04/15::16:52:56: Computing Casimir integrand at Xi=0.72803
 
02/04/15::16:52:56: Assembling T1 at Xi=7.280296e-01... 
02/04/15::16:52:56: Assembling BEM matrix block (0,0) 
02/04/15::16:52:58: Assembling T2 at Xi=7.280296e-01... 
02/04/15::16:52:58: Assembling BEM matrix block (1,1) 
02/04/15::16:55:32: LU-factorizing T1 at Xi=0.72803... 
02/04/15::16:55:32: LU-factorizing T2 at Xi=0.72803... 
02/04/15::16:55:36: Applying transform 7.94328... 
02/04/15::16:55:36:  Assembling U(0,1) 
02/04/15::16:55:36: Assembling BEM matrix block (0,1) 
02/04/15::16:56:26:   Computing ZForce... 
02/04/15::16:56:28: Computing Casimir integrand at Xi=0.661936
 
02/04/15::16:56:28: Assembling T1 at Xi=6.619360e-01... 
02/04/15::16:56:28: Assembling BEM matrix block (0,0) 
02/04/15::16:56:30: Assembling T2 at Xi=6.619360e-01... 
02/04/15::16:56:30: Assembling BEM matrix block (1,1) 
02/04/15::16:59:01: LU-factorizing T1 at Xi=0.661936... 
02/04/15::16:59:01: LU-factorizing T2 at Xi=0.661936... 
02/04/15::16:59:05: Applying transform 7.94328... 
02/04/15::16:59:05:  Assembling U(0,1) 
02/04/15::16:59:05: Assembling BEM matrix block (0,1) 
02/04/15::16:59:55:   Computing ZForce... 
