02/04/15::13:34:46: scuff-cas3D running on bullet0268 
02/04/15::13:34:46: Setting material properties of exterior region to VACUUM. 
02/04/15::13:34:46: Flipped 514 panel normals to comport with region definitions. 
02/04/15::13:34:46: Computing full zero-temperature Casimir quantities. 
02/04/15::13:34:46: Read 1 geometrical transformations from file BeadPEC_L-0.630957.trans. 
02/04/15::13:34:46: Minimum distance between surface points=6.309570e-01 
02/04/15::13:34:46: Computing Casimir integrand at Xi=0.001
 
02/04/15::13:34:46: Assembling T1 at Xi=1.000000e-03... 
02/04/15::13:34:46: Assembling BEM matrix block (0,0) 
02/04/15::13:35:19: Assembling T2 at Xi=1.000000e-03... 
02/04/15::13:35:19: Assembling BEM matrix block (1,1) 
02/04/15::13:40:47: LU-factorizing T1 at Xi=0.001... 
02/04/15::13:40:47: LU-factorizing T2 at Xi=0.001... 
02/04/15::13:40:53: Applying transform 0.630957... 
02/04/15::13:40:53:  Assembling U(0,1) 
02/04/15::13:40:53: Assembling BEM matrix block (0,1) 
02/04/15::13:45:36:   Computing ZForce... 
02/04/15::13:45:38: Computing Casimir integrand at Xi=0.139678
 
02/04/15::13:45:38: Assembling T1 at Xi=1.396782e-01... 
02/04/15::13:45:38: Assembling BEM matrix block (0,0) 
02/04/15::13:45:41: Assembling T2 at Xi=1.396782e-01... 
02/04/15::13:45:41: Assembling BEM matrix block (1,1) 
02/04/15::13:48:19: LU-factorizing T1 at Xi=0.139678... 
02/04/15::13:48:19: LU-factorizing T2 at Xi=0.139678... 
02/04/15::13:48:24: Applying transform 0.630957... 
02/04/15::13:48:24:  Assembling U(0,1) 
02/04/15::13:48:24: Assembling BEM matrix block (0,1) 
02/04/15::13:52:47:   Computing ZForce... 
02/04/15::13:52:50: Computing Casimir integrand at Xi=0.278356
 
02/04/15::13:52:50: Assembling T1 at Xi=2.783565e-01... 
02/04/15::13:52:50: Assembling BEM matrix block (0,0) 
02/04/15::13:52:53: Assembling T2 at Xi=2.783565e-01... 
02/04/15::13:52:53: Assembling BEM matrix block (1,1) 
02/04/15::13:55:38: LU-factorizing T1 at Xi=0.278356... 
02/04/15::13:55:38: LU-factorizing T2 at Xi=0.278356... 
02/04/15::13:55:44: Applying transform 0.630957... 
02/04/15::13:55:44:  Assembling U(0,1) 
02/04/15::13:55:44: Assembling BEM matrix block (0,1) 
02/04/15::14:00:08:   Computing ZForce... 
02/04/15::14:00:10: Computing Casimir integrand at Xi=0.555713
 
02/04/15::14:00:10: Assembling T1 at Xi=5.557129e-01... 
02/04/15::14:00:10: Assembling BEM matrix block (0,0) 
02/04/15::14:00:14: Assembling T2 at Xi=5.557129e-01... 
02/04/15::14:00:14: Assembling BEM matrix block (1,1) 
02/04/15::14:03:14: LU-factorizing T1 at Xi=0.555713... 
02/04/15::14:03:14: LU-factorizing T2 at Xi=0.555713... 
02/04/15::14:03:20: Applying transform 0.630957... 
02/04/15::14:03:20:  Assembling U(0,1) 
02/04/15::14:03:20: Assembling BEM matrix block (0,1) 
02/04/15::14:07:46:   Computing ZForce... 
02/04/15::14:07:49: Computing Casimir integrand at Xi=0.833069
 
02/04/15::14:07:49: Assembling T1 at Xi=8.330694e-01... 
02/04/15::14:07:49: Assembling BEM matrix block (0,0) 
02/04/15::14:07:52: Assembling T2 at Xi=8.330694e-01... 
02/04/15::14:07:52: Assembling BEM matrix block (1,1) 
02/04/15::14:11:07: LU-factorizing T1 at Xi=0.833069... 
02/04/15::14:11:07: LU-factorizing T2 at Xi=0.833069... 
02/04/15::14:11:13: Applying transform 0.630957... 
02/04/15::14:11:13:  Assembling U(0,1) 
02/04/15::14:11:13: Assembling BEM matrix block (0,1) 
02/04/15::14:15:41:   Computing ZForce... 
02/04/15::14:15:43: Computing Casimir integrand at Xi=1.38778
 
02/04/15::14:15:43: Assembling T1 at Xi=1.387782e+00... 
02/04/15::14:15:43: Assembling BEM matrix block (0,0) 
02/04/15::14:15:47: Assembling T2 at Xi=1.387782e+00... 
02/04/15::14:15:47: Assembling BEM matrix block (1,1) 
02/04/15::14:39:28: LU-factorizing T1 at Xi=1.38778... 
02/04/15::14:39:28: LU-factorizing T2 at Xi=1.38778... 
02/04/15::14:39:33: Applying transform 0.630957... 
02/04/15::14:39:33:  Assembling U(0,1) 
02/04/15::14:39:33: Assembling BEM matrix block (0,1) 
02/04/15::14:43:55:   Computing ZForce... 
02/04/15::14:43:57: Computing Casimir integrand at Xi=1.9425
 
02/04/15::14:43:57: Assembling T1 at Xi=1.942495e+00... 
02/04/15::14:43:57: Assembling BEM matrix block (0,0) 
02/04/15::14:44:01: Assembling T2 at Xi=1.942495e+00... 
02/04/15::14:44:02: Assembling BEM matrix block (1,1) 
02/04/15::15:09:27: LU-factorizing T1 at Xi=1.9425... 
02/04/15::15:09:27: LU-factorizing T2 at Xi=1.9425... 
02/04/15::15:09:33: Applying transform 0.630957... 
02/04/15::15:09:33:  Assembling U(0,1) 
02/04/15::15:09:33: Assembling BEM matrix block (0,1) 
02/04/15::15:13:51:   Computing ZForce... 
02/04/15::15:13:53: Computing Casimir integrand at Xi=1.11043
 
02/04/15::15:13:53: Assembling T1 at Xi=1.110426e+00... 
02/04/15::15:13:53: Assembling BEM matrix block (0,0) 
02/04/15::15:13:56: Assembling T2 at Xi=1.110426e+00... 
02/04/15::15:13:56: Assembling BEM matrix block (1,1) 
02/04/15::15:37:26: LU-factorizing T1 at Xi=1.11043... 
02/04/15::15:37:26: LU-factorizing T2 at Xi=1.11043... 
02/04/15::15:37:31: Applying transform 0.630957... 
02/04/15::15:37:31:  Assembling U(0,1) 
02/04/15::15:37:31: Assembling BEM matrix block (0,1) 
02/04/15::15:41:53:   Computing ZForce... 
02/04/15::15:41:55: Computing Casimir integrand at Xi=1.66514
 
02/04/15::15:41:55: Assembling T1 at Xi=1.665139e+00... 
02/04/15::15:41:55: Assembling BEM matrix block (0,0) 
02/04/15::15:41:59: Assembling T2 at Xi=1.665139e+00... 
02/04/15::15:41:59: Assembling BEM matrix block (1,1) 
02/04/15::16:06:53: LU-factorizing T1 at Xi=1.66514... 
02/04/15::16:06:53: LU-factorizing T2 at Xi=1.66514... 
02/04/15::16:06:58: Applying transform 0.630957... 
02/04/15::16:06:58:  Assembling U(0,1) 
02/04/15::16:06:58: Assembling BEM matrix block (0,1) 
02/04/15::16:11:17:   Computing ZForce... 
02/04/15::16:11:20: Computing Casimir integrand at Xi=1.9425
 
02/04/15::16:11:20: Assembling T1 at Xi=1.942495e+00... 
02/04/15::16:11:20: Assembling BEM matrix block (0,0) 
02/04/15::16:11:24: Assembling T2 at Xi=1.942495e+00... 
02/04/15::16:11:24: Assembling BEM matrix block (1,1) 
02/04/15::16:36:51: LU-factorizing T1 at Xi=1.9425... 
02/04/15::16:36:51: LU-factorizing T2 at Xi=1.9425... 
02/04/15::16:36:56: Applying transform 0.630957... 
02/04/15::16:36:56:  Assembling U(0,1) 
02/04/15::16:36:56: Assembling BEM matrix block (0,1) 
02/04/15::16:41:14:   Computing ZForce... 
02/04/15::16:41:16: Computing Casimir integrand at Xi=2.21985
 
02/04/15::16:41:16: Assembling T1 at Xi=2.219852e+00... 
02/04/15::16:41:16: Assembling BEM matrix block (0,0) 
02/04/15::16:41:21: Assembling T2 at Xi=2.219852e+00... 
02/04/15::16:41:21: Assembling BEM matrix block (1,1) 
02/04/15::17:06:48: LU-factorizing T1 at Xi=2.21985... 
02/04/15::17:06:48: LU-factorizing T2 at Xi=2.21985... 
02/04/15::17:06:53: Applying transform 0.630957... 
02/04/15::17:06:53:  Assembling U(0,1) 
02/04/15::17:06:53: Assembling BEM matrix block (0,1) 
02/04/15::17:11:11:   Computing ZForce... 
02/04/15::17:11:14: Computing Casimir integrand at Xi=2.49721
 
02/04/15::17:11:14: Assembling T1 at Xi=2.497208e+00... 
02/04/15::17:11:14: Assembling BEM matrix block (0,0) 
02/04/15::17:11:18: Assembling T2 at Xi=2.497208e+00... 
02/04/15::17:11:18: Assembling BEM matrix block (1,1) 
02/04/15::17:36:44: LU-factorizing T1 at Xi=2.49721... 
02/04/15::17:36:44: LU-factorizing T2 at Xi=2.49721... 
02/04/15::17:36:50: Applying transform 0.630957... 
02/04/15::17:36:50:  Assembling U(0,1) 
02/04/15::17:36:50: Assembling BEM matrix block (0,1) 
02/04/15::17:41:08:   Computing ZForce... 
02/04/15::17:41:10: Computing Casimir integrand at Xi=2.77456
 
02/04/15::17:41:10: Assembling T1 at Xi=2.774565e+00... 
02/04/15::17:41:10: Assembling BEM matrix block (0,0) 
02/04/15::17:41:14: Assembling T2 at Xi=2.774565e+00... 
02/04/15::17:41:14: Assembling BEM matrix block (1,1) 
02/04/15::18:06:42: LU-factorizing T1 at Xi=2.77456... 
02/04/15::18:06:42: LU-factorizing T2 at Xi=2.77456... 
02/04/15::18:06:47: Applying transform 0.630957... 
02/04/15::18:06:47:  Assembling U(0,1) 
02/04/15::18:06:47: Assembling BEM matrix block (0,1) 
02/04/15::18:11:05:   Computing ZForce... 
02/04/15::18:11:07: Computing Casimir integrand at Xi=3.05192
 
02/04/15::18:11:07: Assembling T1 at Xi=3.051921e+00... 
02/04/15::18:11:07: Assembling BEM matrix block (0,0) 
02/04/15::18:11:12: Assembling T2 at Xi=3.051921e+00... 
02/04/15::18:11:12: Assembling BEM matrix block (1,1) 
02/04/15::18:36:38: LU-factorizing T1 at Xi=3.05192... 
02/04/15::18:36:38: LU-factorizing T2 at Xi=3.05192... 
02/04/15::18:36:44: Applying transform 0.630957... 
02/04/15::18:36:44:  Assembling U(0,1) 
02/04/15::18:36:44: Assembling BEM matrix block (0,1) 
02/04/15::18:41:01:   Computing ZForce... 
02/04/15::18:41:03: Computing Casimir integrand at Xi=3.32928
 
02/04/15::18:41:03: Assembling T1 at Xi=3.329278e+00... 
02/04/15::18:41:03: Assembling BEM matrix block (0,0) 
02/04/15::18:41:08: Assembling T2 at Xi=3.329278e+00... 
02/04/15::18:41:08: Assembling BEM matrix block (1,1) 
02/04/15::19:06:34: LU-factorizing T1 at Xi=3.32928... 
02/04/15::19:06:34: LU-factorizing T2 at Xi=3.32928... 
02/04/15::19:06:40: Applying transform 0.630957... 
02/04/15::19:06:40:  Assembling U(0,1) 
02/04/15::19:06:40: Assembling BEM matrix block (0,1) 
02/04/15::19:10:57:   Computing ZForce... 
02/04/15::19:11:00: Computing Casimir integrand at Xi=3.60663
 
02/04/15::19:11:00: Assembling T1 at Xi=3.606634e+00... 
02/04/15::19:11:00: Assembling BEM matrix block (0,0) 
02/04/15::19:11:06: Assembling T2 at Xi=3.606634e+00... 
02/04/15::19:11:06: Assembling BEM matrix block (1,1) 
02/04/15::19:36:32: LU-factorizing T1 at Xi=3.60663... 
02/04/15::19:36:32: LU-factorizing T2 at Xi=3.60663... 
02/04/15::19:36:38: Applying transform 0.630957... 
02/04/15::19:36:38:  Assembling U(0,1) 
02/04/15::19:36:38: Assembling BEM matrix block (0,1) 
02/04/15::19:40:55:   Computing ZForce... 
02/04/15::19:40:58: Computing Casimir integrand at Xi=3.88399
 
02/04/15::19:40:58: Assembling T1 at Xi=3.883990e+00... 
02/04/15::19:40:58: Assembling BEM matrix block (0,0) 
02/04/15::19:41:08: Assembling T2 at Xi=3.883990e+00... 
02/04/15::19:41:08: Assembling BEM matrix block (1,1) 
02/04/15::20:06:34: LU-factorizing T1 at Xi=3.88399... 
02/04/15::20:06:34: LU-factorizing T2 at Xi=3.88399... 
02/04/15::20:06:39: Applying transform 0.630957... 
02/04/15::20:06:39:  Assembling U(0,1) 
02/04/15::20:06:39: Assembling BEM matrix block (0,1) 
02/04/15::20:10:57:   Computing ZForce... 
02/04/15::20:10:59: Computing Casimir integrand at Xi=4.16135
 
02/04/15::20:10:59: Assembling T1 at Xi=4.161347e+00... 
02/04/15::20:10:59: Assembling BEM matrix block (0,0) 
02/04/15::20:11:19: Assembling T2 at Xi=4.161347e+00... 
02/04/15::20:11:19: Assembling BEM matrix block (1,1) 
02/04/15::20:36:45: LU-factorizing T1 at Xi=4.16135... 
02/04/15::20:36:45: LU-factorizing T2 at Xi=4.16135... 
02/04/15::20:36:51: Applying transform 0.630957... 
02/04/15::20:36:51:  Assembling U(0,1) 
02/04/15::20:36:51: Assembling BEM matrix block (0,1) 
02/04/15::20:41:09:   Computing ZForce... 
02/04/15::20:41:11: Computing Casimir integrand at Xi=4.4387
 
02/04/15::20:41:11: Assembling T1 at Xi=4.438703e+00... 
02/04/15::20:41:11: Assembling BEM matrix block (0,0) 
02/04/15::20:41:45: Assembling T2 at Xi=4.438703e+00... 
02/04/15::20:41:45: Assembling BEM matrix block (1,1) 
02/04/15::21:07:11: LU-factorizing T1 at Xi=4.4387... 
02/04/15::21:07:11: LU-factorizing T2 at Xi=4.4387... 
02/04/15::21:07:17: Applying transform 0.630957... 
02/04/15::21:07:17:  Assembling U(0,1) 
02/04/15::21:07:17: Assembling BEM matrix block (0,1) 
02/04/15::21:11:35:   Computing ZForce... 
02/04/15::21:11:37: Computing Casimir integrand at Xi=4.71606
 
02/04/15::21:11:37: Assembling T1 at Xi=4.716060e+00... 
02/04/15::21:11:37: Assembling BEM matrix block (0,0) 
02/04/15::21:12:26: Assembling T2 at Xi=4.716060e+00... 
02/04/15::21:12:26: Assembling BEM matrix block (1,1) 
02/04/15::21:37:53: LU-factorizing T1 at Xi=4.71606... 
02/04/15::21:37:53: LU-factorizing T2 at Xi=4.71606... 
02/04/15::21:37:58: Applying transform 0.630957... 
02/04/15::21:37:58:  Assembling U(0,1) 
02/04/15::21:37:58: Assembling BEM matrix block (0,1) 
02/04/15::21:42:16:   Computing ZForce... 
02/04/15::21:42:19: Computing Casimir integrand at Xi=4.99342
 
02/04/15::21:42:19: Assembling T1 at Xi=4.993416e+00... 
02/04/15::21:42:19: Assembling BEM matrix block (0,0) 
02/04/15::21:43:21: Assembling T2 at Xi=4.993416e+00... 
02/04/15::21:43:21: Assembling BEM matrix block (1,1) 
02/04/15::22:08:48: LU-factorizing T1 at Xi=4.99342... 
02/04/15::22:08:48: LU-factorizing T2 at Xi=4.99342... 
02/04/15::22:08:54: Applying transform 0.630957... 
02/04/15::22:08:54:  Assembling U(0,1) 
02/04/15::22:08:54: Assembling BEM matrix block (0,1) 
02/04/15::22:13:12:   Computing ZForce... 
02/04/15::22:13:14: Computing Casimir integrand at Xi=5.27077
 
02/04/15::22:13:14: Assembling T1 at Xi=5.270773e+00... 
02/04/15::22:13:14: Assembling BEM matrix block (0,0) 
02/04/15::22:14:30: Assembling T2 at Xi=5.270773e+00... 
02/04/15::22:14:30: Assembling BEM matrix block (1,1) 
02/04/15::22:39:57: LU-factorizing T1 at Xi=5.27077... 
02/04/15::22:39:57: LU-factorizing T2 at Xi=5.27077... 
02/04/15::22:40:03: Applying transform 0.630957... 
02/04/15::22:40:03:  Assembling U(0,1) 
02/04/15::22:40:03: Assembling BEM matrix block (0,1) 
02/04/15::22:44:20:   Computing ZForce... 
02/04/15::22:44:23: Computing Casimir integrand at Xi=5.54813
 
02/04/15::22:44:23: Assembling T1 at Xi=5.548129e+00... 
02/04/15::22:44:23: Assembling BEM matrix block (0,0) 
02/04/15::22:45:49: Assembling T2 at Xi=5.548129e+00... 
02/04/15::22:45:49: Assembling BEM matrix block (1,1) 
02/04/15::23:11:16: LU-factorizing T1 at Xi=5.54813... 
02/04/15::23:11:16: LU-factorizing T2 at Xi=5.54813... 
02/04/15::23:11:22: Applying transform 0.630957... 
02/04/15::23:11:22:  Assembling U(0,1) 
02/04/15::23:11:22: Assembling BEM matrix block (0,1) 
02/04/15::23:15:40:   Computing ZForce... 
02/04/15::23:15:42: Computing Casimir integrand at Xi=5.82549
 
02/04/15::23:15:42: Assembling T1 at Xi=5.825486e+00... 
02/04/15::23:15:42: Assembling BEM matrix block (0,0) 
02/04/15::23:17:16: Assembling T2 at Xi=5.825486e+00... 
02/04/15::23:17:16: Assembling BEM matrix block (1,1) 
02/04/15::23:41:33: LU-factorizing T1 at Xi=5.82549... 
02/04/15::23:41:33: LU-factorizing T2 at Xi=5.82549... 
02/04/15::23:41:38: Applying transform 0.630957... 
02/04/15::23:41:38:  Assembling U(0,1) 
02/04/15::23:41:38: Assembling BEM matrix block (0,1) 
02/04/15::23:45:56:   Computing ZForce... 
02/04/15::23:45:59: Computing Casimir integrand at Xi=6.10284
 
02/04/15::23:45:59: Assembling T1 at Xi=6.102842e+00... 
02/04/15::23:45:59: Assembling BEM matrix block (0,0) 
02/04/15::23:47:36: Assembling T2 at Xi=6.102842e+00... 
02/04/15::23:47:36: Assembling BEM matrix block (1,1) 
02/05/15::00:11:54: LU-factorizing T1 at Xi=6.10284... 
02/05/15::00:11:54: LU-factorizing T2 at Xi=6.10284... 
02/05/15::00:11:59: Applying transform 0.630957... 
02/05/15::00:11:59:  Assembling U(0,1) 
02/05/15::00:11:59: Assembling BEM matrix block (0,1) 
02/05/15::00:16:17:   Computing ZForce... 
02/05/15::00:16:19: Computing Casimir integrand at Xi=6.3802
 
02/05/15::00:16:19: Assembling T1 at Xi=6.380199e+00... 
02/05/15::00:16:19: Assembling BEM matrix block (0,0) 
02/05/15::00:17:58: Assembling T2 at Xi=6.380199e+00... 
02/05/15::00:17:58: Assembling BEM matrix block (1,1) 
02/05/15::00:42:15: LU-factorizing T1 at Xi=6.3802... 
02/05/15::00:42:15: LU-factorizing T2 at Xi=6.3802... 
02/05/15::00:42:20: Applying transform 0.630957... 
02/05/15::00:42:20:  Assembling U(0,1) 
02/05/15::00:42:20: Assembling BEM matrix block (0,1) 
02/05/15::00:46:38:   Computing ZForce... 
