02/03/15::18:29:56: scuff-cas3D running on bullet0273 
02/03/15::18:29:56: Setting material properties of exterior region to VACUUM. 
02/03/15::18:29:56: Flipped 514 panel normals to comport with region definitions. 
02/03/15::18:29:56: Computing full zero-temperature Casimir quantities. 
02/03/15::18:29:56: Read 1 geometrical transformations from file Bead_L-0.1.trans. 
02/03/15::18:29:56: Minimum distance between surface points=1.000000e-01 
02/03/15::18:29:56: Computing Casimir integrand at Xi=0.001
 
02/03/15::18:29:56: Assembling T1 at Xi=1.000000e-03... 
02/03/15::18:29:56: Assembling BEM matrix block (0,0) 
02/03/15::18:30:33: Assembling T2 at Xi=1.000000e-03... 
02/03/15::18:30:33: Assembling BEM matrix block (1,1) 
02/03/15::19:01:55: LU-factorizing T1 at Xi=0.001... 
02/03/15::19:01:55: LU-factorizing T2 at Xi=0.001... 
02/03/15::19:02:39: Applying transform 0.1... 
02/03/15::19:02:39:  Assembling U(0,1) 
02/03/15::19:02:39: Assembling BEM matrix block (0,1) 
02/03/15::19:08:34:   Computing ZForce... 
02/03/15::19:08:52: Computing Casimir integrand at Xi=0.876
 
02/03/15::19:08:52: Assembling T1 at Xi=8.760000e-01... 
02/03/15::19:08:52: Assembling BEM matrix block (0,0) 
02/03/15::19:09:00: Assembling T2 at Xi=8.760000e-01... 
02/03/15::19:09:00: Assembling BEM matrix block (1,1) 
02/03/15::19:37:12: LU-factorizing T1 at Xi=0.876... 
02/03/15::19:37:13: LU-factorizing T2 at Xi=0.876... 
02/03/15::19:37:57: Applying transform 0.1... 
02/03/15::19:37:57:  Assembling U(0,1) 
02/03/15::19:37:57: Assembling BEM matrix block (0,1) 
02/03/15::19:43:32:   Computing ZForce... 
02/03/15::19:43:50: Computing Casimir integrand at Xi=1.751
 
02/03/15::19:43:50: Assembling T1 at Xi=1.751000e+00... 
02/03/15::19:43:50: Assembling BEM matrix block (0,0) 
02/03/15::19:45:31: Assembling T2 at Xi=1.751000e+00... 
02/03/15::19:45:31: Assembling BEM matrix block (1,1) 
02/03/15::20:36:11: LU-factorizing T1 at Xi=1.751... 
02/03/15::20:36:12: LU-factorizing T2 at Xi=1.751... 
02/03/15::20:36:56: Applying transform 0.1... 
02/03/15::20:36:56:  Assembling U(0,1) 
02/03/15::20:36:56: Assembling BEM matrix block (0,1) 
02/03/15::20:42:26:   Computing ZForce... 
02/03/15::20:42:45: Computing Casimir integrand at Xi=0.4385
 
02/03/15::20:42:45: Assembling T1 at Xi=4.385000e-01... 
02/03/15::20:42:45: Assembling BEM matrix block (0,0) 
02/03/15::20:42:52: Assembling T2 at Xi=4.385000e-01... 
02/03/15::20:42:52: Assembling BEM matrix block (1,1) 
02/03/15::21:10:54: LU-factorizing T1 at Xi=0.4385... 
02/03/15::21:10:54: LU-factorizing T2 at Xi=0.4385... 
02/03/15::21:11:38: Applying transform 0.1... 
02/03/15::21:11:38:  Assembling U(0,1) 
02/03/15::21:11:38: Assembling BEM matrix block (0,1) 
02/03/15::21:17:15:   Computing ZForce... 
02/03/15::21:17:33: Computing Casimir integrand at Xi=0.21975
 
02/03/15::21:17:33: Assembling T1 at Xi=2.197500e-01... 
02/03/15::21:17:33: Assembling BEM matrix block (0,0) 
02/03/15::21:17:39: Assembling T2 at Xi=2.197500e-01... 
02/03/15::21:17:39: Assembling BEM matrix block (1,1) 
02/03/15::21:45:03: LU-factorizing T1 at Xi=0.21975... 
02/03/15::21:45:03: LU-factorizing T2 at Xi=0.21975... 
02/03/15::21:45:47: Applying transform 0.1... 
02/03/15::21:45:47:  Assembling U(0,1) 
02/03/15::21:45:47: Assembling BEM matrix block (0,1) 
02/03/15::21:51:18:   Computing ZForce... 
02/03/15::21:51:35: Computing Casimir integrand at Xi=0.876
 
02/03/15::21:51:35: Assembling T1 at Xi=8.760000e-01... 
02/03/15::21:51:35: Assembling BEM matrix block (0,0) 
02/03/15::21:51:44: Assembling T2 at Xi=8.760000e-01... 
02/03/15::21:51:44: Assembling BEM matrix block (1,1) 
02/03/15::22:19:56: LU-factorizing T1 at Xi=0.876... 
02/03/15::22:19:56: LU-factorizing T2 at Xi=0.876... 
02/03/15::22:20:40: Applying transform 0.1... 
02/03/15::22:20:40:  Assembling U(0,1) 
02/03/15::22:20:40: Assembling BEM matrix block (0,1) 
02/03/15::22:26:15:   Computing ZForce... 
02/03/15::22:26:33: Computing Casimir integrand at Xi=1.3135
 
02/03/15::22:26:33: Assembling T1 at Xi=1.313500e+00... 
02/03/15::22:26:33: Assembling BEM matrix block (0,0) 
02/03/15::22:27:12: Assembling T2 at Xi=1.313500e+00... 
02/03/15::22:27:12: Assembling BEM matrix block (1,1) 
02/03/15::23:16:24: LU-factorizing T1 at Xi=1.3135... 
02/03/15::23:16:24: LU-factorizing T2 at Xi=1.3135... 
02/03/15::23:17:08: Applying transform 0.1... 
02/03/15::23:17:08:  Assembling U(0,1) 
02/03/15::23:17:08: Assembling BEM matrix block (0,1) 
02/03/15::23:22:43:   Computing ZForce... 
02/03/15::23:23:01: Computing Casimir integrand at Xi=0.65725
 
02/03/15::23:23:01: Assembling T1 at Xi=6.572500e-01... 
02/03/15::23:23:01: Assembling BEM matrix block (0,0) 
02/03/15::23:23:09: Assembling T2 at Xi=6.572500e-01... 
02/03/15::23:23:09: Assembling BEM matrix block (1,1) 
02/03/15::23:51:34: LU-factorizing T1 at Xi=0.65725... 
02/03/15::23:51:34: LU-factorizing T2 at Xi=0.65725... 
02/03/15::23:52:18: Applying transform 0.1... 
02/03/15::23:52:18:  Assembling U(0,1) 
02/03/15::23:52:18: Assembling BEM matrix block (0,1) 
02/03/15::23:57:53:   Computing ZForce... 
02/03/15::23:58:11: Computing Casimir integrand at Xi=1.3135
 
02/03/15::23:58:11: Assembling T1 at Xi=1.313500e+00... 
02/03/15::23:58:11: Assembling BEM matrix block (0,0) 
02/03/15::23:58:50: Assembling T2 at Xi=1.313500e+00... 
02/03/15::23:58:50: Assembling BEM matrix block (1,1) 
02/04/15::00:47:44: LU-factorizing T1 at Xi=1.3135... 
02/04/15::00:47:44: LU-factorizing T2 at Xi=1.3135... 
02/04/15::00:48:28: Applying transform 0.1... 
02/04/15::00:48:28:  Assembling U(0,1) 
02/04/15::00:48:28: Assembling BEM matrix block (0,1) 
02/04/15::00:53:58:   Computing ZForce... 
02/04/15::00:54:16: Computing Casimir integrand at Xi=1.751
 
02/04/15::00:54:16: Assembling T1 at Xi=1.751000e+00... 
02/04/15::00:54:16: Assembling BEM matrix block (0,0) 
02/04/15::00:55:57: Assembling T2 at Xi=1.751000e+00... 
02/04/15::00:55:57: Assembling BEM matrix block (1,1) 
02/04/15::01:46:36: LU-factorizing T1 at Xi=1.751... 
02/04/15::01:46:36: LU-factorizing T2 at Xi=1.751... 
02/04/15::01:47:20: Applying transform 0.1... 
02/04/15::01:47:20:  Assembling U(0,1) 
02/04/15::01:47:20: Assembling BEM matrix block (0,1) 
02/04/15::01:52:44:   Computing ZForce... 
02/04/15::01:53:02: Computing Casimir integrand at Xi=1.09475
 
02/04/15::01:53:02: Assembling T1 at Xi=1.094750e+00... 
02/04/15::01:53:02: Assembling BEM matrix block (0,0) 
02/04/15::01:53:13: Assembling T2 at Xi=1.094750e+00... 
02/04/15::01:53:13: Assembling BEM matrix block (1,1) 
02/04/15::02:41:49: LU-factorizing T1 at Xi=1.09475... 
02/04/15::02:41:49: LU-factorizing T2 at Xi=1.09475... 
02/04/15::02:42:33: Applying transform 0.1... 
02/04/15::02:42:33:  Assembling U(0,1) 
02/04/15::02:42:33: Assembling BEM matrix block (0,1) 
02/04/15::02:48:02:   Computing ZForce... 
02/04/15::02:48:20: Computing Casimir integrand at Xi=1.751
 
02/04/15::02:48:20: Assembling T1 at Xi=1.751000e+00... 
02/04/15::02:48:20: Assembling BEM matrix block (0,0) 
02/04/15::02:50:01: Assembling T2 at Xi=1.751000e+00... 
02/04/15::02:50:01: Assembling BEM matrix block (1,1) 
02/04/15::03:40:40: LU-factorizing T1 at Xi=1.751... 
02/04/15::03:40:40: LU-factorizing T2 at Xi=1.751... 
02/04/15::03:41:24: Applying transform 0.1... 
02/04/15::03:41:24:  Assembling U(0,1) 
02/04/15::03:41:24: Assembling BEM matrix block (0,1) 
02/04/15::03:46:49:   Computing ZForce... 
02/04/15::03:47:07: Computing Casimir integrand at Xi=2.1885
 
02/04/15::03:47:07: Assembling T1 at Xi=2.188500e+00... 
02/04/15::03:47:07: Assembling BEM matrix block (0,0) 
02/04/15::03:48:52: Assembling T2 at Xi=2.188500e+00... 
02/04/15::03:48:52: Assembling BEM matrix block (1,1) 
02/04/15::04:39:55: LU-factorizing T1 at Xi=2.1885... 
02/04/15::04:39:55: LU-factorizing T2 at Xi=2.1885... 
02/04/15::04:40:39: Applying transform 0.1... 
02/04/15::04:40:39:  Assembling U(0,1) 
02/04/15::04:40:39: Assembling BEM matrix block (0,1) 
02/04/15::04:46:05:   Computing ZForce... 
02/04/15::04:46:22: Computing Casimir integrand at Xi=1.53225
 
02/04/15::04:46:22: Assembling T1 at Xi=1.532250e+00... 
02/04/15::04:46:22: Assembling BEM matrix block (0,0) 
02/04/15::04:47:43: Assembling T2 at Xi=1.532250e+00... 
02/04/15::04:47:43: Assembling BEM matrix block (1,1) 
02/04/15::05:37:23: LU-factorizing T1 at Xi=1.53225... 
02/04/15::05:37:23: LU-factorizing T2 at Xi=1.53225... 
02/04/15::05:38:07: Applying transform 0.1... 
02/04/15::05:38:07:  Assembling U(0,1) 
02/04/15::05:38:07: Assembling BEM matrix block (0,1) 
02/04/15::05:43:36:   Computing ZForce... 
02/04/15::05:43:54: Computing Casimir integrand at Xi=1.42287
 
02/04/15::05:43:54: Assembling T1 at Xi=1.422875e+00... 
02/04/15::05:43:54: Assembling BEM matrix block (0,0) 
02/04/15::05:44:55: Assembling T2 at Xi=1.422875e+00... 
02/04/15::05:44:55: Assembling BEM matrix block (1,1) 
02/04/15::06:34:00: LU-factorizing T1 at Xi=1.42287... 
02/04/15::06:34:00: LU-factorizing T2 at Xi=1.42287... 
02/04/15::06:34:44: Applying transform 0.1... 
02/04/15::06:34:44:  Assembling U(0,1) 
02/04/15::06:34:44: Assembling BEM matrix block (0,1) 
02/04/15::06:40:12:   Computing ZForce... 
02/04/15::06:40:30: Computing Casimir integrand at Xi=1.751
 
02/04/15::06:40:30: Assembling T1 at Xi=1.751000e+00... 
02/04/15::06:40:30: Assembling BEM matrix block (0,0) 
02/04/15::06:42:12: Assembling T2 at Xi=1.751000e+00... 
02/04/15::06:42:12: Assembling BEM matrix block (1,1) 
02/04/15::07:32:49: LU-factorizing T1 at Xi=1.751... 
02/04/15::07:32:49: LU-factorizing T2 at Xi=1.751... 
02/04/15::07:33:33: Applying transform 0.1... 
02/04/15::07:33:33:  Assembling U(0,1) 
02/04/15::07:33:33: Assembling BEM matrix block (0,1) 
02/04/15::07:38:58:   Computing ZForce... 
02/04/15::07:39:16: Computing Casimir integrand at Xi=1.96975
 
02/04/15::07:39:16: Assembling T1 at Xi=1.969750e+00... 
02/04/15::07:39:16: Assembling BEM matrix block (0,0) 
02/04/15::07:41:00: Assembling T2 at Xi=1.969750e+00... 
02/04/15::07:41:00: Assembling BEM matrix block (1,1) 
02/04/15::08:32:09: LU-factorizing T1 at Xi=1.96975... 
02/04/15::08:32:09: LU-factorizing T2 at Xi=1.96975... 
02/04/15::08:32:54: Applying transform 0.1... 
02/04/15::08:32:54:  Assembling U(0,1) 
02/04/15::08:32:54: Assembling BEM matrix block (0,1) 
02/04/15::08:38:22:   Computing ZForce... 
02/04/15::08:38:41: Computing Casimir integrand at Xi=1.64162
 
02/04/15::08:38:41: Assembling T1 at Xi=1.641625e+00... 
02/04/15::08:38:41: Assembling BEM matrix block (0,0) 
02/04/15::08:40:15: Assembling T2 at Xi=1.641625e+00... 
02/04/15::08:40:15: Assembling BEM matrix block (1,1) 
02/04/15::09:30:35: LU-factorizing T1 at Xi=1.64162... 
02/04/15::09:30:35: LU-factorizing T2 at Xi=1.64162... 
02/04/15::09:31:19: Applying transform 0.1... 
02/04/15::09:31:19:  Assembling U(0,1) 
02/04/15::09:31:19: Assembling BEM matrix block (0,1) 
02/04/15::09:36:46:   Computing ZForce... 
02/04/15::09:37:03: Computing Casimir integrand at Xi=1.58694
 
02/04/15::09:37:03: Assembling T1 at Xi=1.586937e+00... 
02/04/15::09:37:03: Assembling BEM matrix block (0,0) 
02/04/15::09:38:32: Assembling T2 at Xi=1.586937e+00... 
02/04/15::09:38:32: Assembling BEM matrix block (1,1) 
02/04/15::10:28:23: LU-factorizing T1 at Xi=1.58694... 
02/04/15::10:28:23: LU-factorizing T2 at Xi=1.58694... 
02/04/15::10:29:07: Applying transform 0.1... 
02/04/15::10:29:07:  Assembling U(0,1) 
02/04/15::10:29:07: Assembling BEM matrix block (0,1) 
02/04/15::10:34:34:   Computing ZForce... 
02/04/15::10:34:52: Computing Casimir integrand at Xi=1.69631
 
02/04/15::10:34:52: Assembling T1 at Xi=1.696312e+00... 
02/04/15::10:34:52: Assembling BEM matrix block (0,0) 
02/04/15::10:36:31: Assembling T2 at Xi=1.696312e+00... 
02/04/15::10:36:31: Assembling BEM matrix block (1,1) 
02/04/15::11:26:55: LU-factorizing T1 at Xi=1.69631... 
02/04/15::11:26:55: LU-factorizing T2 at Xi=1.69631... 
02/04/15::11:27:39: Applying transform 0.1... 
02/04/15::11:27:39:  Assembling U(0,1) 
02/04/15::11:27:39: Assembling BEM matrix block (0,1) 
02/04/15::11:33:07:   Computing ZForce... 
02/04/15::11:33:25: Computing Casimir integrand at Xi=1.751
 
02/04/15::11:33:25: Assembling T1 at Xi=1.751000e+00... 
02/04/15::11:33:25: Assembling BEM matrix block (0,0) 
02/04/15::11:35:06: Assembling T2 at Xi=1.751000e+00... 
02/04/15::11:35:06: Assembling BEM matrix block (1,1) 
02/04/15::12:25:45: LU-factorizing T1 at Xi=1.751... 
02/04/15::12:25:45: LU-factorizing T2 at Xi=1.751... 
02/04/15::12:26:28: Applying transform 0.1... 
02/04/15::12:26:28:  Assembling U(0,1) 
02/04/15::12:26:28: Assembling BEM matrix block (0,1) 
02/04/15::12:31:53:   Computing ZForce... 
02/04/15::12:32:11: Computing Casimir integrand at Xi=1.66897
 
02/04/15::12:32:11: Assembling T1 at Xi=1.668969e+00... 
02/04/15::12:32:11: Assembling BEM matrix block (0,0) 
02/04/15::12:33:47: Assembling T2 at Xi=1.668969e+00... 
02/04/15::12:33:47: Assembling BEM matrix block (1,1) 
02/04/15::13:24:06: LU-factorizing T1 at Xi=1.66897... 
02/04/15::13:24:06: LU-factorizing T2 at Xi=1.66897... 
02/04/15::13:24:49: Applying transform 0.1... 
02/04/15::13:24:49:  Assembling U(0,1) 
02/04/15::13:24:49: Assembling BEM matrix block (0,1) 
02/04/15::13:30:15:   Computing ZForce... 
02/04/15::13:30:33: Computing Casimir integrand at Xi=1.751
 
02/04/15::13:30:33: Assembling T1 at Xi=1.751000e+00... 
02/04/15::13:30:33: Assembling BEM matrix block (0,0) 
02/04/15::13:32:15: Assembling T2 at Xi=1.751000e+00... 
02/04/15::13:32:15: Assembling BEM matrix block (1,1) 
02/04/15::14:22:53: LU-factorizing T1 at Xi=1.751... 
02/04/15::14:22:53: LU-factorizing T2 at Xi=1.751... 
02/04/15::14:23:37: Applying transform 0.1... 
02/04/15::14:23:37:  Assembling U(0,1) 
02/04/15::14:23:37: Assembling BEM matrix block (0,1) 
02/04/15::14:29:01:   Computing ZForce... 
02/04/15::14:29:19: Computing Casimir integrand at Xi=1.80569
 
02/04/15::14:29:19: Assembling T1 at Xi=1.805687e+00... 
02/04/15::14:29:19: Assembling BEM matrix block (0,0) 
02/04/15::14:31:02: Assembling T2 at Xi=1.805687e+00... 
02/04/15::14:31:03: Assembling BEM matrix block (1,1) 
02/04/15::15:22:36: LU-factorizing T1 at Xi=1.80569... 
02/04/15::15:22:36: LU-factorizing T2 at Xi=1.80569... 
02/04/15::15:23:20: Applying transform 0.1... 
02/04/15::15:23:20:  Assembling U(0,1) 
02/04/15::15:23:20: Assembling BEM matrix block (0,1) 
02/04/15::15:28:48:   Computing ZForce... 
02/04/15::15:29:06: Computing Casimir integrand at Xi=1.72366
 
02/04/15::15:29:06: Assembling T1 at Xi=1.723656e+00... 
02/04/15::15:29:06: Assembling BEM matrix block (0,0) 
02/04/15::15:30:47: Assembling T2 at Xi=1.723656e+00... 
02/04/15::15:30:47: Assembling BEM matrix block (1,1) 
02/04/15::16:21:30: LU-factorizing T1 at Xi=1.72366... 
02/04/15::16:21:30: LU-factorizing T2 at Xi=1.72366... 
02/04/15::16:22:14: Applying transform 0.1... 
02/04/15::16:22:14:  Assembling U(0,1) 
02/04/15::16:22:14: Assembling BEM matrix block (0,1) 
02/04/15::16:27:39:   Computing ZForce... 
02/04/15::16:27:57: Computing Casimir integrand at Xi=1.70998
 
02/04/15::16:27:57: Assembling T1 at Xi=1.709984e+00... 
02/04/15::16:27:57: Assembling BEM matrix block (0,0) 
02/04/15::16:29:37: Assembling T2 at Xi=1.709984e+00... 
02/04/15::16:29:37: Assembling BEM matrix block (1,1) 
02/04/15::17:20:06: LU-factorizing T1 at Xi=1.70998... 
02/04/15::17:20:06: LU-factorizing T2 at Xi=1.70998... 
02/04/15::17:20:49: Applying transform 0.1... 
02/04/15::17:20:49:  Assembling U(0,1) 
02/04/15::17:20:49: Assembling BEM matrix block (0,1) 
02/04/15::17:26:15:   Computing ZForce... 
02/04/15::17:26:32: Computing Casimir integrand at Xi=1.70315
 
02/04/15::17:26:32: Assembling T1 at Xi=1.703148e+00... 
02/04/15::17:26:32: Assembling BEM matrix block (0,0) 
02/04/15::17:28:12: Assembling T2 at Xi=1.703148e+00... 
02/04/15::17:28:12: Assembling BEM matrix block (1,1) 
02/04/15::18:18:38: LU-factorizing T1 at Xi=1.70315... 
02/04/15::18:18:38: LU-factorizing T2 at Xi=1.70315... 
02/04/15::18:19:21: Applying transform 0.1... 
02/04/15::18:19:21:  Assembling U(0,1) 
02/04/15::18:19:21: Assembling BEM matrix block (0,1) 
02/04/15::18:24:47:   Computing ZForce... 
02/04/15::18:25:04: Computing Casimir integrand at Xi=1.69973
 
02/04/15::18:25:04: Assembling T1 at Xi=1.699730e+00... 
02/04/15::18:25:04: Assembling BEM matrix block (0,0) 
02/04/15::18:26:44: Assembling T2 at Xi=1.699730e+00... 
02/04/15::18:26:44: Assembling BEM matrix block (1,1) 
02/04/15::19:17:44: LU-factorizing T1 at Xi=1.69973... 
02/04/15::19:17:44: LU-factorizing T2 at Xi=1.69973... 
02/04/15::19:18:28: Applying transform 0.1... 
02/04/15::19:18:28:  Assembling U(0,1) 
02/04/15::19:18:28: Assembling BEM matrix block (0,1) 
02/04/15::19:23:55:   Computing ZForce... 
02/04/15::19:24:13: Computing Casimir integrand at Xi=1.70998
 
02/04/15::19:24:13: Assembling T1 at Xi=1.709984e+00... 
02/04/15::19:24:13: Assembling BEM matrix block (0,0) 
02/04/15::19:25:53: Assembling T2 at Xi=1.709984e+00... 
02/04/15::19:25:53: Assembling BEM matrix block (1,1) 
02/04/15::20:16:34: LU-factorizing T1 at Xi=1.70998... 
02/04/15::20:16:34: LU-factorizing T2 at Xi=1.70998... 
02/04/15::20:17:18: Applying transform 0.1... 
02/04/15::20:17:18:  Assembling U(0,1) 
02/04/15::20:17:18: Assembling BEM matrix block (0,1) 
02/04/15::20:22:46:   Computing ZForce... 
02/04/15::20:23:04: Computing Casimir integrand at Xi=1.71682
 
02/04/15::20:23:04: Assembling T1 at Xi=1.716820e+00... 
02/04/15::20:23:04: Assembling BEM matrix block (0,0) 
02/04/15::20:24:44: Assembling T2 at Xi=1.716820e+00... 
02/04/15::20:24:44: Assembling BEM matrix block (1,1) 
02/04/15::21:15:29: LU-factorizing T1 at Xi=1.71682... 
02/04/15::21:15:29: LU-factorizing T2 at Xi=1.71682... 
02/04/15::21:16:14: Applying transform 0.1... 
02/04/15::21:16:14:  Assembling U(0,1) 
02/04/15::21:16:14: Assembling BEM matrix block (0,1) 
02/04/15::21:21:41:   Computing ZForce... 
02/04/15::21:21:59: Computing Casimir integrand at Xi=1.70657
 
02/04/15::21:21:59: Assembling T1 at Xi=1.706566e+00... 
02/04/15::21:21:59: Assembling BEM matrix block (0,0) 
02/04/15::21:23:39: Assembling T2 at Xi=1.706566e+00... 
02/04/15::21:23:39: Assembling BEM matrix block (1,1) 
02/04/15::22:14:21: LU-factorizing T1 at Xi=1.70657... 
02/04/15::22:14:21: LU-factorizing T2 at Xi=1.70657... 
02/04/15::22:15:05: Applying transform 0.1... 
02/04/15::22:15:05:  Assembling U(0,1) 
02/04/15::22:15:05: Assembling BEM matrix block (0,1) 
02/04/15::22:20:33:   Computing ZForce... 
02/04/15::22:20:51: Computing Casimir integrand at Xi=1.70486
 
02/04/15::22:20:51: Assembling T1 at Xi=1.704857e+00... 
02/04/15::22:20:51: Assembling BEM matrix block (0,0) 
02/04/15::22:22:32: Assembling T2 at Xi=1.704857e+00... 
02/04/15::22:22:32: Assembling BEM matrix block (1,1) 
02/04/15::23:13:13: LU-factorizing T1 at Xi=1.70486... 
02/04/15::23:13:13: LU-factorizing T2 at Xi=1.70486... 
02/04/15::23:13:57: Applying transform 0.1... 
02/04/15::23:13:57:  Assembling U(0,1) 
02/04/15::23:13:57: Assembling BEM matrix block (0,1) 
02/04/15::23:19:24:   Computing ZForce... 
02/04/15::23:19:42: Computing Casimir integrand at Xi=1.70998
 
02/04/15::23:19:42: Assembling T1 at Xi=1.709984e+00... 
02/04/15::23:19:42: Assembling BEM matrix block (0,0) 
02/04/15::23:21:23: Assembling T2 at Xi=1.709984e+00... 
02/04/15::23:21:23: Assembling BEM matrix block (1,1) 
02/05/15::00:12:05: LU-factorizing T1 at Xi=1.70998... 
02/05/15::00:12:05: LU-factorizing T2 at Xi=1.70998... 
02/05/15::00:12:50: Applying transform 0.1... 
02/05/15::00:12:50:  Assembling U(0,1) 
02/05/15::00:12:50: Assembling BEM matrix block (0,1) 
02/05/15::00:18:17:   Computing ZForce... 
02/05/15::00:18:35: Computing Casimir integrand at Xi=1.7134
 
02/05/15::00:18:35: Assembling T1 at Xi=1.713402e+00... 
02/05/15::00:18:35: Assembling BEM matrix block (0,0) 
02/05/15::00:20:16: Assembling T2 at Xi=1.713402e+00... 
02/05/15::00:20:16: Assembling BEM matrix block (1,1) 
02/05/15::01:10:59: LU-factorizing T1 at Xi=1.7134... 
02/05/15::01:11:00: LU-factorizing T2 at Xi=1.7134... 
02/05/15::01:11:44: Applying transform 0.1... 
02/05/15::01:11:44:  Assembling U(0,1) 
02/05/15::01:11:44: Assembling BEM matrix block (0,1) 
02/05/15::01:17:11:   Computing ZForce... 
02/05/15::01:17:29: Computing Casimir integrand at Xi=1.70828
 
02/05/15::01:17:29: Assembling T1 at Xi=1.708275e+00... 
02/05/15::01:17:29: Assembling BEM matrix block (0,0) 
02/05/15::01:19:10: Assembling T2 at Xi=1.708275e+00... 
02/05/15::01:19:10: Assembling BEM matrix block (1,1) 
02/05/15::02:09:49: LU-factorizing T1 at Xi=1.70828... 
02/05/15::02:09:49: LU-factorizing T2 at Xi=1.70828... 
02/05/15::02:10:33: Applying transform 0.1... 
02/05/15::02:10:33:  Assembling U(0,1) 
02/05/15::02:10:33: Assembling BEM matrix block (0,1) 
02/05/15::02:16:00:   Computing ZForce... 
02/05/15::02:16:18: Computing Casimir integrand at Xi=1.70742
 
02/05/15::02:16:18: Assembling T1 at Xi=1.707421e+00... 
02/05/15::02:16:18: Assembling BEM matrix block (0,0) 
02/05/15::02:17:58: Assembling T2 at Xi=1.707421e+00... 
02/05/15::02:17:58: Assembling BEM matrix block (1,1) 
02/05/15::03:08:41: LU-factorizing T1 at Xi=1.70742... 
02/05/15::03:08:41: LU-factorizing T2 at Xi=1.70742... 
02/05/15::03:09:25: Applying transform 0.1... 
02/05/15::03:09:25:  Assembling U(0,1) 
02/05/15::03:09:25: Assembling BEM matrix block (0,1) 
02/05/15::03:14:52:   Computing ZForce... 
02/05/15::03:15:10: Computing Casimir integrand at Xi=1.70699
 
02/05/15::03:15:10: Assembling T1 at Xi=1.706994e+00... 
02/05/15::03:15:10: Assembling BEM matrix block (0,0) 
02/05/15::03:16:50: Assembling T2 at Xi=1.706994e+00... 
02/05/15::03:16:50: Assembling BEM matrix block (1,1) 
02/05/15::04:07:29: LU-factorizing T1 at Xi=1.70699... 
02/05/15::04:07:29: LU-factorizing T2 at Xi=1.70699... 
02/05/15::04:08:13: Applying transform 0.1... 
02/05/15::04:08:13:  Assembling U(0,1) 
02/05/15::04:08:13: Assembling BEM matrix block (0,1) 
02/05/15::04:13:40:   Computing ZForce... 
02/05/15::04:13:58: Computing Casimir integrand at Xi=1.70678
 
02/05/15::04:13:58: Assembling T1 at Xi=1.706780e+00... 
02/05/15::04:13:58: Assembling BEM matrix block (0,0) 
02/05/15::04:15:38: Assembling T2 at Xi=1.706780e+00... 
02/05/15::04:15:38: Assembling BEM matrix block (1,1) 
