02/04/15::13:34:46: scuff-cas3D running on bullet0095 
02/04/15::13:34:46: Setting material properties of exterior region to VACUUM. 
02/04/15::13:34:46: Flipped 514 panel normals to comport with region definitions. 
02/04/15::13:34:46: Computing full zero-temperature Casimir quantities. 
02/04/15::13:34:46: Read 1 geometrical transformations from file BeadPEC_L-0.158489.trans. 
02/04/15::13:34:46: Minimum distance between surface points=1.584890e-01 
02/04/15::13:34:46: Computing Casimir integrand at Xi=0.001
 
02/04/15::13:34:46: Assembling T1 at Xi=1.000000e-03... 
02/04/15::13:34:46: Assembling BEM matrix block (0,0) 
02/04/15::13:35:19: Assembling T2 at Xi=1.000000e-03... 
02/04/15::13:35:19: Assembling BEM matrix block (1,1) 
02/04/15::13:40:48: LU-factorizing T1 at Xi=0.001... 
02/04/15::13:40:48: LU-factorizing T2 at Xi=0.001... 
02/04/15::13:40:54: Applying transform 0.158489... 
02/04/15::13:40:54:  Assembling U(0,1) 
02/04/15::13:40:54: Assembling BEM matrix block (0,1) 
02/04/15::13:45:58:   Computing ZForce... 
02/04/15::13:46:00: Computing Casimir integrand at Xi=0.553089
 
02/04/15::13:46:00: Assembling T1 at Xi=5.530888e-01... 
02/04/15::13:46:00: Assembling BEM matrix block (0,0) 
02/04/15::13:46:04: Assembling T2 at Xi=5.530888e-01... 
02/04/15::13:46:04: Assembling BEM matrix block (1,1) 
02/04/15::13:49:05: LU-factorizing T1 at Xi=0.553089... 
02/04/15::13:49:05: LU-factorizing T2 at Xi=0.553089... 
02/04/15::13:49:11: Applying transform 0.158489... 
02/04/15::13:49:11:  Assembling U(0,1) 
02/04/15::13:49:11: Assembling BEM matrix block (0,1) 
02/04/15::13:53:54:   Computing ZForce... 
02/04/15::13:53:56: Computing Casimir integrand at Xi=1.10518
 
02/04/15::13:53:56: Assembling T1 at Xi=1.105178e+00... 
02/04/15::13:53:56: Assembling BEM matrix block (0,0) 
02/04/15::13:54:00: Assembling T2 at Xi=1.105178e+00... 
02/04/15::13:54:00: Assembling BEM matrix block (1,1) 
02/04/15::14:17:33: LU-factorizing T1 at Xi=1.10518... 
02/04/15::14:17:33: LU-factorizing T2 at Xi=1.10518... 
02/04/15::14:17:39: Applying transform 0.158489... 
02/04/15::14:17:39:  Assembling U(0,1) 
02/04/15::14:17:39: Assembling BEM matrix block (0,1) 
02/04/15::14:22:18:   Computing ZForce... 
02/04/15::14:22:20: Computing Casimir integrand at Xi=2.20936
 
02/04/15::14:22:20: Assembling T1 at Xi=2.209355e+00... 
02/04/15::14:22:20: Assembling BEM matrix block (0,0) 
02/04/15::14:22:25: Assembling T2 at Xi=2.209355e+00... 
02/04/15::14:22:25: Assembling BEM matrix block (1,1) 
02/04/15::14:47:56: LU-factorizing T1 at Xi=2.20936... 
02/04/15::14:47:56: LU-factorizing T2 at Xi=2.20936... 
02/04/15::14:48:02: Applying transform 0.158489... 
02/04/15::14:48:02:  Assembling U(0,1) 
02/04/15::14:48:02: Assembling BEM matrix block (0,1) 
02/04/15::14:52:36:   Computing ZForce... 
02/04/15::14:52:38: Computing Casimir integrand at Xi=3.31353
 
02/04/15::14:52:38: Assembling T1 at Xi=3.313533e+00... 
02/04/15::14:52:38: Assembling BEM matrix block (0,0) 
02/04/15::14:52:43: Assembling T2 at Xi=3.313533e+00... 
02/04/15::14:52:43: Assembling BEM matrix block (1,1) 
02/04/15::15:18:13: LU-factorizing T1 at Xi=3.31353... 
02/04/15::15:18:13: LU-factorizing T2 at Xi=3.31353... 
02/04/15::15:18:19: Applying transform 0.158489... 
02/04/15::15:18:19:  Assembling U(0,1) 
02/04/15::15:18:19: Assembling BEM matrix block (0,1) 
02/04/15::15:22:54:   Computing ZForce... 
02/04/15::15:22:56: Computing Casimir integrand at Xi=1.65727
 
02/04/15::15:22:56: Assembling T1 at Xi=1.657266e+00... 
02/04/15::15:22:56: Assembling BEM matrix block (0,0) 
02/04/15::15:23:00: Assembling T2 at Xi=1.657266e+00... 
02/04/15::15:23:00: Assembling BEM matrix block (1,1) 
02/04/15::15:47:52: LU-factorizing T1 at Xi=1.65727... 
02/04/15::15:47:53: LU-factorizing T2 at Xi=1.65727... 
02/04/15::15:47:59: Applying transform 0.158489... 
02/04/15::15:47:59:  Assembling U(0,1) 
02/04/15::15:47:59: Assembling BEM matrix block (0,1) 
02/04/15::15:52:34:   Computing ZForce... 
02/04/15::15:52:37: Computing Casimir integrand at Xi=2.76144
 
02/04/15::15:52:37: Assembling T1 at Xi=2.761444e+00... 
02/04/15::15:52:37: Assembling BEM matrix block (0,0) 
02/04/15::15:52:41: Assembling T2 at Xi=2.761444e+00... 
02/04/15::15:52:41: Assembling BEM matrix block (1,1) 
02/04/15::16:18:11: LU-factorizing T1 at Xi=2.76144... 
02/04/15::16:18:11: LU-factorizing T2 at Xi=2.76144... 
02/04/15::16:18:17: Applying transform 0.158489... 
02/04/15::16:18:17:  Assembling U(0,1) 
02/04/15::16:18:17: Assembling BEM matrix block (0,1) 
02/04/15::16:22:52:   Computing ZForce... 
02/04/15::16:22:54: Computing Casimir integrand at Xi=3.31353
 
02/04/15::16:22:54: Assembling T1 at Xi=3.313533e+00... 
02/04/15::16:22:54: Assembling BEM matrix block (0,0) 
02/04/15::16:22:59: Assembling T2 at Xi=3.313533e+00... 
02/04/15::16:22:59: Assembling BEM matrix block (1,1) 
02/04/15::16:48:29: LU-factorizing T1 at Xi=3.31353... 
02/04/15::16:48:29: LU-factorizing T2 at Xi=3.31353... 
02/04/15::16:48:35: Applying transform 0.158489... 
02/04/15::16:48:35:  Assembling U(0,1) 
02/04/15::16:48:35: Assembling BEM matrix block (0,1) 
02/04/15::16:53:09:   Computing ZForce... 
02/04/15::16:53:12: Computing Casimir integrand at Xi=3.86562
 
02/04/15::16:53:12: Assembling T1 at Xi=3.865622e+00... 
02/04/15::16:53:12: Assembling BEM matrix block (0,0) 
02/04/15::16:53:22: Assembling T2 at Xi=3.865622e+00... 
02/04/15::16:53:22: Assembling BEM matrix block (1,1) 
02/04/15::17:18:54: LU-factorizing T1 at Xi=3.86562... 
02/04/15::17:18:54: LU-factorizing T2 at Xi=3.86562... 
02/04/15::17:19:00: Applying transform 0.158489... 
02/04/15::17:19:00:  Assembling U(0,1) 
02/04/15::17:19:00: Assembling BEM matrix block (0,1) 
02/04/15::17:23:35:   Computing ZForce... 
02/04/15::17:23:38: Computing Casimir integrand at Xi=4.41771
 
02/04/15::17:23:38: Assembling T1 at Xi=4.417710e+00... 
02/04/15::17:23:38: Assembling BEM matrix block (0,0) 
02/04/15::17:24:11: Assembling T2 at Xi=4.417710e+00... 
02/04/15::17:24:11: Assembling BEM matrix block (1,1) 
02/04/15::17:49:43: LU-factorizing T1 at Xi=4.41771... 
02/04/15::17:49:43: LU-factorizing T2 at Xi=4.41771... 
02/04/15::17:49:49: Applying transform 0.158489... 
02/04/15::17:49:49:  Assembling U(0,1) 
02/04/15::17:49:49: Assembling BEM matrix block (0,1) 
02/04/15::17:54:24:   Computing ZForce... 
02/04/15::17:54:27: Computing Casimir integrand at Xi=4.9698
 
02/04/15::17:54:27: Assembling T1 at Xi=4.969799e+00... 
02/04/15::17:54:27: Assembling BEM matrix block (0,0) 
02/04/15::17:55:28: Assembling T2 at Xi=4.969799e+00... 
02/04/15::17:55:28: Assembling BEM matrix block (1,1) 
02/04/15::18:20:59: LU-factorizing T1 at Xi=4.9698... 
02/04/15::18:20:59: LU-factorizing T2 at Xi=4.9698... 
02/04/15::18:21:05: Applying transform 0.158489... 
02/04/15::18:21:05:  Assembling U(0,1) 
02/04/15::18:21:05: Assembling BEM matrix block (0,1) 
02/04/15::18:25:40:   Computing ZForce... 
02/04/15::18:25:43: Computing Casimir integrand at Xi=5.52189
 
02/04/15::18:25:43: Assembling T1 at Xi=5.521888e+00... 
02/04/15::18:25:43: Assembling BEM matrix block (0,0) 
02/04/15::18:27:08: Assembling T2 at Xi=5.521888e+00... 
02/04/15::18:27:08: Assembling BEM matrix block (1,1) 
02/04/15::18:52:40: LU-factorizing T1 at Xi=5.52189... 
02/04/15::18:52:40: LU-factorizing T2 at Xi=5.52189... 
02/04/15::18:52:46: Applying transform 0.158489... 
02/04/15::18:52:46:  Assembling U(0,1) 
02/04/15::18:52:46: Assembling BEM matrix block (0,1) 
02/04/15::18:57:21:   Computing ZForce... 
02/04/15::18:57:23: Computing Casimir integrand at Xi=6.62607
 
02/04/15::18:57:23: Assembling T1 at Xi=6.626065e+00... 
02/04/15::18:57:23: Assembling BEM matrix block (0,0) 
02/04/15::18:59:03: Assembling T2 at Xi=6.626065e+00... 
02/04/15::18:59:03: Assembling BEM matrix block (1,1) 
02/04/15::19:23:28: LU-factorizing T1 at Xi=6.62607... 
02/04/15::19:23:28: LU-factorizing T2 at Xi=6.62607... 
02/04/15::19:23:34: Applying transform 0.158489... 
02/04/15::19:23:34:  Assembling U(0,1) 
02/04/15::19:23:34: Assembling BEM matrix block (0,1) 
02/04/15::19:28:09:   Computing ZForce... 
02/04/15::19:28:11: Computing Casimir integrand at Xi=7.73024
 
02/04/15::19:28:11: Assembling T1 at Xi=7.730243e+00... 
02/04/15::19:28:11: Assembling BEM matrix block (0,0) 
02/04/15::19:29:52: Assembling T2 at Xi=7.730243e+00... 
02/04/15::19:29:52: Assembling BEM matrix block (1,1) 
02/04/15::19:54:27: LU-factorizing T1 at Xi=7.73024... 
02/04/15::19:54:27: LU-factorizing T2 at Xi=7.73024... 
02/04/15::19:54:34: Applying transform 0.158489... 
02/04/15::19:54:34:  Assembling U(0,1) 
02/04/15::19:54:34: Assembling BEM matrix block (0,1) 
02/04/15::19:59:11:   Computing ZForce... 
02/04/15::19:59:14: Computing Casimir integrand at Xi=6.07398
 
02/04/15::19:59:14: Assembling T1 at Xi=6.073977e+00... 
02/04/15::19:59:14: Assembling BEM matrix block (0,0) 
02/04/15::20:00:54: Assembling T2 at Xi=6.073977e+00... 
02/04/15::20:00:54: Assembling BEM matrix block (1,1) 
02/04/15::20:25:55: LU-factorizing T1 at Xi=6.07398... 
02/04/15::20:25:55: LU-factorizing T2 at Xi=6.07398... 
02/04/15::20:26:01: Applying transform 0.158489... 
02/04/15::20:26:01:  Assembling U(0,1) 
02/04/15::20:26:01: Assembling BEM matrix block (0,1) 
02/04/15::20:30:44:   Computing ZForce... 
02/04/15::20:30:46: Computing Casimir integrand at Xi=7.73024
 
02/04/15::20:30:46: Assembling T1 at Xi=7.730243e+00... 
02/04/15::20:30:46: Assembling BEM matrix block (0,0) 
02/04/15::20:32:30: Assembling T2 at Xi=7.730243e+00... 
02/04/15::20:32:30: Assembling BEM matrix block (1,1) 
02/04/15::20:57:45: LU-factorizing T1 at Xi=7.73024... 
02/04/15::20:57:45: LU-factorizing T2 at Xi=7.73024... 
02/04/15::20:57:52: Applying transform 0.158489... 
02/04/15::20:57:52:  Assembling U(0,1) 
02/04/15::20:57:52: Assembling BEM matrix block (0,1) 
02/04/15::21:02:35:   Computing ZForce... 
02/04/15::21:02:38: Computing Casimir integrand at Xi=8.83442
 
02/04/15::21:02:38: Assembling T1 at Xi=8.834421e+00... 
02/04/15::21:02:38: Assembling BEM matrix block (0,0) 
02/04/15::21:04:22: Assembling T2 at Xi=8.834421e+00... 
02/04/15::21:04:22: Assembling BEM matrix block (1,1) 
02/04/15::21:29:13: LU-factorizing T1 at Xi=8.83442... 
02/04/15::21:29:13: LU-factorizing T2 at Xi=8.83442... 
02/04/15::21:29:20: Applying transform 0.158489... 
02/04/15::21:29:20:  Assembling U(0,1) 
02/04/15::21:29:20: Assembling BEM matrix block (0,1) 
02/04/15::21:33:59:   Computing ZForce... 
02/04/15::21:34:01: Computing Casimir integrand at Xi=7.17815
 
02/04/15::21:34:01: Assembling T1 at Xi=7.178154e+00... 
02/04/15::21:34:01: Assembling BEM matrix block (0,0) 
02/04/15::21:35:42: Assembling T2 at Xi=7.178154e+00... 
02/04/15::21:35:42: Assembling BEM matrix block (1,1) 
02/04/15::22:00:14: LU-factorizing T1 at Xi=7.17815... 
02/04/15::22:00:14: LU-factorizing T2 at Xi=7.17815... 
02/04/15::22:00:21: Applying transform 0.158489... 
02/04/15::22:00:21:  Assembling U(0,1) 
02/04/15::22:00:21: Assembling BEM matrix block (0,1) 
02/04/15::22:04:56:   Computing ZForce... 
02/04/15::22:04:58: Computing Casimir integrand at Xi=8.83442
 
02/04/15::22:04:58: Assembling T1 at Xi=8.834421e+00... 
02/04/15::22:04:58: Assembling BEM matrix block (0,0) 
02/04/15::22:06:39: Assembling T2 at Xi=8.834421e+00... 
02/04/15::22:06:39: Assembling BEM matrix block (1,1) 
02/04/15::22:31:17: LU-factorizing T1 at Xi=8.83442... 
02/04/15::22:31:17: LU-factorizing T2 at Xi=8.83442... 
02/04/15::22:31:24: Applying transform 0.158489... 
02/04/15::22:31:24:  Assembling U(0,1) 
02/04/15::22:31:24: Assembling BEM matrix block (0,1) 
02/04/15::22:36:00:   Computing ZForce... 
02/04/15::22:36:03: Computing Casimir integrand at Xi=9.9386
 
02/04/15::22:36:03: Assembling T1 at Xi=9.938598e+00... 
02/04/15::22:36:03: Assembling BEM matrix block (0,0) 
02/04/15::22:37:44: Assembling T2 at Xi=9.938598e+00... 
02/04/15::22:37:44: Assembling BEM matrix block (1,1) 
02/04/15::23:02:31: LU-factorizing T1 at Xi=9.9386... 
02/04/15::23:02:31: LU-factorizing T2 at Xi=9.9386... 
02/04/15::23:02:40: Applying transform 0.158489... 
02/04/15::23:02:40:  Assembling U(0,1) 
02/04/15::23:02:40: Assembling BEM matrix block (0,1) 
02/04/15::23:07:26:   Computing ZForce... 
02/04/15::23:07:29: Computing Casimir integrand at Xi=8.28233
 
02/04/15::23:07:29: Assembling T1 at Xi=8.282332e+00... 
02/04/15::23:07:29: Assembling BEM matrix block (0,0) 
02/04/15::23:09:11: Assembling T2 at Xi=8.282332e+00... 
02/04/15::23:09:11: Assembling BEM matrix block (1,1) 
02/04/15::23:33:53: LU-factorizing T1 at Xi=8.28233... 
02/04/15::23:33:53: LU-factorizing T2 at Xi=8.28233... 
02/04/15::23:34:00: Applying transform 0.158489... 
02/04/15::23:34:00:  Assembling U(0,1) 
02/04/15::23:34:00: Assembling BEM matrix block (0,1) 
02/04/15::23:38:37:   Computing ZForce... 
02/04/15::23:38:40: Computing Casimir integrand at Xi=9.9386
 
02/04/15::23:38:40: Assembling T1 at Xi=9.938598e+00... 
02/04/15::23:38:40: Assembling BEM matrix block (0,0) 
02/04/15::23:40:22: Assembling T2 at Xi=9.938598e+00... 
02/04/15::23:40:22: Assembling BEM matrix block (1,1) 
02/05/15::00:05:09: LU-factorizing T1 at Xi=9.9386... 
02/05/15::00:05:09: LU-factorizing T2 at Xi=9.9386... 
02/05/15::00:05:18: Applying transform 0.158489... 
02/05/15::00:05:18:  Assembling U(0,1) 
02/05/15::00:05:18: Assembling BEM matrix block (0,1) 
02/05/15::00:10:04:   Computing ZForce... 
02/05/15::00:10:07: Computing Casimir integrand at Xi=11.0428
 
02/05/15::00:10:07: Assembling T1 at Xi=1.104278e+01... 
02/05/15::00:10:07: Assembling BEM matrix block (0,0) 
02/05/15::00:11:49: Assembling T2 at Xi=1.104278e+01... 
02/05/15::00:11:49: Assembling BEM matrix block (1,1) 
02/05/15::00:36:32: LU-factorizing T1 at Xi=11.0428... 
02/05/15::00:36:32: LU-factorizing T2 at Xi=11.0428... 
02/05/15::00:36:44: Applying transform 0.158489... 
02/05/15::00:36:44:  Assembling U(0,1) 
02/05/15::00:36:44: Assembling BEM matrix block (0,1) 
02/05/15::00:41:51:   Computing ZForce... 
02/05/15::00:41:56: Computing Casimir integrand at Xi=9.38651
 
02/05/15::00:41:56: Assembling T1 at Xi=9.386509e+00... 
02/05/15::00:41:56: Assembling BEM matrix block (0,0) 
02/05/15::00:43:37: Assembling T2 at Xi=9.386509e+00... 
02/05/15::00:43:37: Assembling BEM matrix block (1,1) 
02/05/15::01:08:19: LU-factorizing T1 at Xi=9.38651... 
02/05/15::01:08:19: LU-factorizing T2 at Xi=9.38651... 
02/05/15::01:08:26: Applying transform 0.158489... 
02/05/15::01:08:26:  Assembling U(0,1) 
02/05/15::01:08:26: Assembling BEM matrix block (0,1) 
02/05/15::01:13:04:   Computing ZForce... 
02/05/15::01:13:06: Computing Casimir integrand at Xi=11.0428
 
02/05/15::01:13:06: Assembling T1 at Xi=1.104278e+01... 
02/05/15::01:13:06: Assembling BEM matrix block (0,0) 
02/05/15::01:14:47: Assembling T2 at Xi=1.104278e+01... 
02/05/15::01:14:47: Assembling BEM matrix block (1,1) 
02/05/15::01:44:42:   Computing ZForce... 
02/05/15::01:44:47: Computing Casimir integrand at Xi=12.147
 
02/05/15::01:44:47: Assembling T1 at Xi=1.214695e+01... 
02/05/15::01:44:47: Assembling BEM matrix block (0,0) 
02/05/15::01:46:29: Assembling T2 at Xi=1.214695e+01... 
02/05/15::01:46:29: Assembling BEM matrix block (1,1) 
02/05/15::02:11:12: LU-factorizing T1 at Xi=12.147... 
02/05/15::02:11:12: LU-factorizing T2 at Xi=12.147... 
02/05/15::02:11:36: Applying transform 0.158489... 
02/05/15::02:11:36:  Assembling U(0,1) 
02/05/15::02:11:36: Assembling BEM matrix block (0,1) 
02/05/15::02:17:06:   Computing ZForce... 
02/05/15::02:17:15: Computing Casimir integrand at Xi=10.4907
 
02/05/15::02:17:15: Assembling T1 at Xi=1.049069e+01... 
02/05/15::02:17:15: Assembling BEM matrix block (0,0) 
02/05/15::02:18:56: Assembling T2 at Xi=1.049069e+01... 
02/05/15::02:18:56: Assembling BEM matrix block (1,1) 
02/05/15::02:43:40: LU-factorizing T1 at Xi=10.4907... 
02/05/15::02:43:40: LU-factorizing T2 at Xi=10.4907... 
02/05/15::02:43:50: Applying transform 0.158489... 
02/05/15::02:43:50:  Assembling U(0,1) 
02/05/15::02:43:50: Assembling BEM matrix block (0,1) 
02/05/15::02:48:49:   Computing ZForce... 
02/05/15::02:48:54: Computing Casimir integrand at Xi=12.147
 
02/05/15::02:48:54: Assembling T1 at Xi=1.214695e+01... 
02/05/15::02:48:54: Assembling BEM matrix block (0,0) 
02/05/15::02:50:35: Assembling T2 at Xi=1.214695e+01... 
02/05/15::02:50:35: Assembling BEM matrix block (1,1) 
02/05/15::03:15:22: LU-factorizing T1 at Xi=12.147... 
02/05/15::03:15:22: LU-factorizing T2 at Xi=12.147... 
02/05/15::03:15:47: Applying transform 0.158489... 
02/05/15::03:15:47:  Assembling U(0,1) 
02/05/15::03:15:47: Assembling BEM matrix block (0,1) 
02/05/15::03:21:15:   Computing ZForce... 
02/05/15::03:21:24: Computing Casimir integrand at Xi=13.2511
 
02/05/15::03:21:24: Assembling T1 at Xi=1.325113e+01... 
02/05/15::03:21:24: Assembling BEM matrix block (0,0) 
02/05/15::03:23:06: Assembling T2 at Xi=1.325113e+01... 
02/05/15::03:23:06: Assembling BEM matrix block (1,1) 
02/05/15::03:47:59: LU-factorizing T1 at Xi=13.2511... 
02/05/15::03:47:59: LU-factorizing T2 at Xi=13.2511... 
02/05/15::03:48:30: Applying transform 0.158489... 
02/05/15::03:48:30:  Assembling U(0,1) 
02/05/15::03:48:30: Assembling BEM matrix block (0,1) 
02/05/15::03:54:21:   Computing ZForce... 
02/05/15::03:54:33: Computing Casimir integrand at Xi=11.5949
 
02/05/15::03:54:33: Assembling T1 at Xi=1.159486e+01... 
02/05/15::03:54:33: Assembling BEM matrix block (0,0) 
02/05/15::03:56:14: Assembling T2 at Xi=1.159486e+01... 
02/05/15::03:56:14: Assembling BEM matrix block (1,1) 
02/05/15::04:20:53: LU-factorizing T1 at Xi=11.5949... 
02/05/15::04:20:53: LU-factorizing T2 at Xi=11.5949... 
02/05/15::04:21:11: Applying transform 0.158489... 
02/05/15::04:21:11:  Assembling U(0,1) 
02/05/15::04:21:11: Assembling BEM matrix block (0,1) 
02/05/15::04:26:28:   Computing ZForce... 
02/05/15::04:26:35: Computing Casimir integrand at Xi=13.2511
 
02/05/15::04:26:35: Assembling T1 at Xi=1.325113e+01... 
02/05/15::04:26:35: Assembling BEM matrix block (0,0) 
02/05/15::04:28:16: Assembling T2 at Xi=1.325113e+01... 
02/05/15::04:28:16: Assembling BEM matrix block (1,1) 
02/05/15::04:52:58: LU-factorizing T1 at Xi=13.2511... 
02/05/15::04:52:58: LU-factorizing T2 at Xi=13.2511... 
02/05/15::04:53:29: Applying transform 0.158489... 
02/05/15::04:53:29:  Assembling U(0,1) 
02/05/15::04:53:29: Assembling BEM matrix block (0,1) 
02/05/15::04:59:20:   Computing ZForce... 
02/05/15::04:59:31: Computing Casimir integrand at Xi=14.3553
 
02/05/15::04:59:31: Assembling T1 at Xi=1.435531e+01... 
02/05/15::04:59:31: Assembling BEM matrix block (0,0) 
02/05/15::05:01:12: Assembling T2 at Xi=1.435531e+01... 
02/05/15::05:01:12: Assembling BEM matrix block (1,1) 
02/05/15::05:26:01: LU-factorizing T1 at Xi=14.3553... 
02/05/15::05:26:01: LU-factorizing T2 at Xi=14.3553... 
02/05/15::05:26:42: Applying transform 0.158489... 
02/05/15::05:26:42:  Assembling U(0,1) 
02/05/15::05:26:42: Assembling BEM matrix block (0,1) 
02/05/15::05:32:41:   Computing ZForce... 
02/05/15::05:32:55: Computing Casimir integrand at Xi=12.699
 
02/05/15::05:32:55: Assembling T1 at Xi=1.269904e+01... 
02/05/15::05:32:55: Assembling BEM matrix block (0,0) 
02/05/15::05:34:36: Assembling T2 at Xi=1.269904e+01... 
02/05/15::05:34:36: Assembling BEM matrix block (1,1) 
02/05/15::05:59:14: LU-factorizing T1 at Xi=12.699... 
02/05/15::05:59:14: LU-factorizing T2 at Xi=12.699... 
02/05/15::05:59:43: Applying transform 0.158489... 
02/05/15::05:59:43:  Assembling U(0,1) 
02/05/15::05:59:43: Assembling BEM matrix block (0,1) 
02/05/15::06:05:21:   Computing ZForce... 
02/05/15::06:05:31: Computing Casimir integrand at Xi=14.3553
 
02/05/15::06:05:31: Assembling T1 at Xi=1.435531e+01... 
02/05/15::06:05:31: Assembling BEM matrix block (0,0) 
02/05/15::06:07:12: Assembling T2 at Xi=1.435531e+01... 
02/05/15::06:07:12: Assembling BEM matrix block (1,1) 
02/05/15::06:32:00: LU-factorizing T1 at Xi=14.3553... 
02/05/15::06:32:00: LU-factorizing T2 at Xi=14.3553... 
02/05/15::06:32:41: Applying transform 0.158489... 
02/05/15::06:32:41:  Assembling U(0,1) 
02/05/15::06:32:41: Assembling BEM matrix block (0,1) 
02/05/15::06:38:40:   Computing ZForce... 
02/05/15::06:38:54: Computing Casimir integrand at Xi=15.4595
 
02/05/15::06:38:54: Assembling T1 at Xi=1.545949e+01... 
02/05/15::06:38:54: Assembling BEM matrix block (0,0) 
02/05/15::06:40:35: Assembling T2 at Xi=1.545949e+01... 
02/05/15::06:40:35: Assembling BEM matrix block (1,1) 
02/05/15::07:05:20: LU-factorizing T1 at Xi=15.4595... 
02/05/15::07:05:20: LU-factorizing T2 at Xi=15.4595... 
02/05/15::07:05:54: Applying transform 0.158489... 
02/05/15::07:05:54:  Assembling U(0,1) 
02/05/15::07:05:54: Assembling BEM matrix block (0,1) 
02/05/15::07:11:38:   Computing ZForce... 
02/05/15::07:11:50: Computing Casimir integrand at Xi=16.5637
 
02/05/15::07:11:50: Assembling T1 at Xi=1.656366e+01... 
02/05/15::07:11:50: Assembling BEM matrix block (0,0) 
02/05/15::07:13:31: Assembling T2 at Xi=1.656366e+01... 
02/05/15::07:13:31: Assembling BEM matrix block (1,1) 
02/05/15::07:38:16: LU-factorizing T1 at Xi=16.5637... 
02/05/15::07:38:16: LU-factorizing T2 at Xi=16.5637... 
02/05/15::07:38:44: Applying transform 0.158489... 
02/05/15::07:38:44:  Assembling U(0,1) 
02/05/15::07:38:44: Assembling BEM matrix block (0,1) 
02/05/15::07:44:19:   Computing ZForce... 
02/05/15::07:44:29: Computing Casimir integrand at Xi=17.6678
 
02/05/15::07:44:29: Assembling T1 at Xi=1.766784e+01... 
02/05/15::07:44:29: Assembling BEM matrix block (0,0) 
02/05/15::07:46:10: Assembling T2 at Xi=1.766784e+01... 
02/05/15::07:46:10: Assembling BEM matrix block (1,1) 
02/05/15::08:10:55: LU-factorizing T1 at Xi=17.6678... 
02/05/15::08:10:55: LU-factorizing T2 at Xi=17.6678... 
02/05/15::08:11:27: Applying transform 0.158489... 
02/05/15::08:11:27:  Assembling U(0,1) 
02/05/15::08:11:27: Assembling BEM matrix block (0,1) 
02/05/15::08:17:01:   Computing ZForce... 
02/05/15::08:17:11: Computing Casimir integrand at Xi=18.772
 
02/05/15::08:17:11: Assembling T1 at Xi=1.877202e+01... 
02/05/15::08:17:11: Assembling BEM matrix block (0,0) 
02/05/15::08:18:52: Assembling T2 at Xi=1.877202e+01... 
02/05/15::08:18:52: Assembling BEM matrix block (1,1) 
02/05/15::08:43:37: LU-factorizing T1 at Xi=18.772... 
02/05/15::08:43:37: LU-factorizing T2 at Xi=18.772... 
02/05/15::08:44:04: Applying transform 0.158489... 
02/05/15::08:44:04:  Assembling U(0,1) 
02/05/15::08:44:04: Assembling BEM matrix block (0,1) 
02/05/15::08:49:31:   Computing ZForce... 
02/05/15::08:49:41: Computing Casimir integrand at Xi=19.8762
 
02/05/15::08:49:41: Assembling T1 at Xi=1.987620e+01... 
02/05/15::08:49:41: Assembling BEM matrix block (0,0) 
02/05/15::08:51:22: Assembling T2 at Xi=1.987620e+01... 
02/05/15::08:51:22: Assembling BEM matrix block (1,1) 
02/05/15::09:16:06: LU-factorizing T1 at Xi=19.8762... 
02/05/15::09:16:06: LU-factorizing T2 at Xi=19.8762... 
02/05/15::09:16:39: Applying transform 0.158489... 
02/05/15::09:16:39:  Assembling U(0,1) 
02/05/15::09:16:39: Assembling BEM matrix block (0,1) 
02/05/15::09:22:09:   Computing ZForce... 
