02/05/15::00:30:35: scuff-cas3D running on fell0307 
02/05/15::00:30:35: Setting material properties of exterior region to VACUUM. 
02/05/15::00:30:35: Flipped 500 panel normals to comport with region definitions. 
02/05/15::00:30:35: Computing full Matsubara-summed Casimir quantities at T=3.000000e+02 Kelvin. 
02/05/15::00:30:35: Read 1 geometrical transformations from file BeadPEC_300K_L-1.25893.trans. 
02/05/15::00:30:35: Beginning Matsubara sum at T=300 kelvin... 
02/05/15::00:30:35: Computing Casimir integrand at Xi=0.001
 
02/05/15::00:30:35: Assembling T1 at Xi=1.000000e-03... 
02/05/15::00:30:35: Assembling BEM matrix block (0,0) 
02/05/15::00:31:15: Assembling T2 at Xi=1.000000e-03... 
02/05/15::00:31:15: Assembling BEM matrix block (1,1) 
02/05/15::00:38:03: LU-factorizing T1 at Xi=0.001... 
02/05/15::00:38:03: LU-factorizing T2 at Xi=0.001... 
02/05/15::00:38:11: Applying transform 1.25893... 
02/05/15::00:38:11:  Assembling U(0,1) 
02/05/15::00:38:11: Assembling BEM matrix block (0,1) 
02/05/15::00:43:25:   Computing ZForce... 
02/05/15::00:43:28: Computing Casimir integrand at Xi=0.823279
 
02/05/15::00:43:28: Assembling T1 at Xi=8.232789e-01... 
02/05/15::00:43:28: Assembling BEM matrix block (0,0) 
02/05/15::00:43:32: Assembling T2 at Xi=8.232789e-01... 
02/05/15::00:43:32: Assembling BEM matrix block (1,1) 
02/05/15::00:47:21: LU-factorizing T1 at Xi=0.823279... 
02/05/15::00:47:21: LU-factorizing T2 at Xi=0.823279... 
02/05/15::00:47:29: Applying transform 1.25893... 
02/05/15::00:47:29:  Assembling U(0,1) 
02/05/15::00:47:29: Assembling BEM matrix block (0,1) 
02/05/15::00:52:26:   Computing ZForce... 
02/05/15::00:52:29: Computing Casimir integrand at Xi=1.64656
 
02/05/15::00:52:29: Assembling T1 at Xi=1.646558e+00... 
02/05/15::00:52:29: Assembling BEM matrix block (0,0) 
02/05/15::00:52:33: Assembling T2 at Xi=1.646558e+00... 
02/05/15::00:52:33: Assembling BEM matrix block (1,1) 
02/05/15::02:02:21: LU-factorizing T1 at Xi=2.46984... 
02/05/15::02:02:21: LU-factorizing T2 at Xi=2.46984... 
02/05/15::02:02:30: Applying transform 1.25893... 
02/05/15::02:02:30:  Assembling U(0,1) 
02/05/15::02:02:30: Assembling BEM matrix block (0,1) 
02/05/15::02:07:21:   Computing ZForce... 
02/05/15::02:07:24: Computing Casimir integrand at Xi=3.29312
 
02/05/15::02:07:24: Assembling T1 at Xi=3.293115e+00... 
02/05/15::02:07:24: Assembling BEM matrix block (0,0) 
02/05/15::02:07:29: Assembling T2 at Xi=3.293115e+00... 
02/05/15::02:07:29: Assembling BEM matrix block (1,1) 
02/05/15::02:39:50: LU-factorizing T1 at Xi=3.29312... 
02/05/15::02:39:50: LU-factorizing T2 at Xi=3.29312... 
02/05/15::02:39:59: Applying transform 1.25893... 
02/05/15::02:39:59:  Assembling U(0,1) 
02/05/15::02:39:59: Assembling BEM matrix block (0,1) 
02/05/15::02:44:50:   Computing ZForce... 
02/05/15::02:44:53: Computing Casimir integrand at Xi=4.11639
 
02/05/15::02:44:53: Assembling T1 at Xi=4.116394e+00... 
02/05/15::02:44:53: Assembling BEM matrix block (0,0) 
02/05/15::02:45:15: Assembling T2 at Xi=4.116394e+00... 
02/05/15::02:45:15: Assembling BEM matrix block (1,1) 
02/05/15::03:17:28: LU-factorizing T1 at Xi=4.11639... 
02/05/15::03:17:28: LU-factorizing T2 at Xi=4.11639... 
02/05/15::03:17:37: Applying transform 1.25893... 
02/05/15::03:17:37:  Assembling U(0,1) 
02/05/15::03:17:37: Assembling BEM matrix block (0,1) 
02/05/15::03:22:28:   Computing ZForce... 
02/05/15::03:22:32: Computing Casimir integrand at Xi=4.93967
 
02/05/15::03:22:32: Assembling T1 at Xi=4.939673e+00... 
02/05/15::03:22:32: Assembling BEM matrix block (0,0) 
02/05/15::03:23:58: Assembling T2 at Xi=4.939673e+00... 
02/05/15::03:23:58: Assembling BEM matrix block (1,1) 
02/05/15::03:56:15: LU-factorizing T1 at Xi=4.93967... 
02/05/15::03:56:15: LU-factorizing T2 at Xi=4.93967... 
02/05/15::03:56:24: Applying transform 1.25893... 
02/05/15::03:56:24:  Assembling U(0,1) 
02/05/15::03:56:24: Assembling BEM matrix block (0,1) 
02/05/15::04:01:15:   Computing ZForce... 
02/05/15::04:01:18: Computing Casimir integrand at Xi=5.76295
 
02/05/15::04:01:18: Assembling T1 at Xi=5.762952e+00... 
02/05/15::04:01:18: Assembling BEM matrix block (0,0) 
02/05/15::04:03:14: Assembling T2 at Xi=5.762952e+00... 
02/05/15::04:03:14: Assembling BEM matrix block (1,1) 
02/05/15::04:34:08: LU-factorizing T1 at Xi=5.76295... 
02/05/15::04:34:08: LU-factorizing T2 at Xi=5.76295... 
02/05/15::04:34:16: Applying transform 1.25893... 
02/05/15::04:34:16:  Assembling U(0,1) 
02/05/15::04:34:16: Assembling BEM matrix block (0,1) 
02/05/15::04:39:08:   Computing ZForce... 
02/05/15::04:39:11: Computing Casimir integrand at Xi=6.58623
 
02/05/15::04:39:11: Assembling T1 at Xi=6.586231e+00... 
02/05/15::04:39:11: Assembling BEM matrix block (0,0) 
02/05/15::04:41:13: Assembling T2 at Xi=6.586231e+00... 
02/05/15::04:41:13: Assembling BEM matrix block (1,1) 
02/05/15::05:11:57: LU-factorizing T1 at Xi=6.58623... 
02/05/15::05:11:57: LU-factorizing T2 at Xi=6.58623... 
02/05/15::05:12:05: Applying transform 1.25893... 
02/05/15::05:12:05:  Assembling U(0,1) 
02/05/15::05:12:05: Assembling BEM matrix block (0,1) 
02/05/15::05:16:56:   Computing ZForce... 
02/05/15::05:16:59: Computing Casimir integrand at Xi=7.40951
 
02/05/15::05:16:59: Assembling T1 at Xi=7.409510e+00... 
02/05/15::05:16:59: Assembling BEM matrix block (0,0) 
02/05/15::05:19:02: Assembling T2 at Xi=7.409510e+00... 
02/05/15::05:19:02: Assembling BEM matrix block (1,1) 
02/05/15::05:50:16: LU-factorizing T1 at Xi=7.40951... 
02/05/15::05:50:16: LU-factorizing T2 at Xi=7.40951... 
02/05/15::05:50:25: Applying transform 1.25893... 
02/05/15::05:50:25:  Assembling U(0,1) 
02/05/15::05:50:25: Assembling BEM matrix block (0,1) 
02/05/15::05:55:16:   Computing ZForce... 
02/05/15::05:55:19: Matsubara sum converged after summing n=9 frequency points. 
