02/03/15::18:30:16: scuff-cas3D running on hequ0146 
02/03/15::18:30:16: Setting material properties of exterior region to VACUUM. 
02/03/15::18:30:16: Flipped 514 panel normals to comport with region definitions. 
02/03/15::18:30:16: Computing full zero-temperature Casimir quantities. 
02/03/15::18:30:16: Read 1 geometrical transformations from file Bead_L-0.630957.trans. 
02/03/15::18:30:16: Minimum distance between surface points=6.309570e-01 
02/03/15::18:30:16: Computing Casimir integrand at Xi=0.001
 
02/03/15::18:30:16: Assembling T1 at Xi=1.000000e-03... 
02/03/15::18:30:16: Assembling BEM matrix block (0,0) 
02/03/15::18:30:43: Assembling T2 at Xi=1.000000e-03... 
02/03/15::18:30:43: Assembling BEM matrix block (1,1) 
02/03/15::18:56:24: LU-factorizing T1 at Xi=0.001... 
02/03/15::18:56:24: LU-factorizing T2 at Xi=0.001... 
02/03/15::18:56:59: Applying transform 0.630957... 
02/03/15::18:56:59:  Assembling U(0,1) 
02/03/15::18:56:59: Assembling BEM matrix block (0,1) 
02/03/15::19:01:32:   Computing ZForce... 
02/03/15::19:01:46: Computing Casimir integrand at Xi=0.139678
 
02/03/15::19:01:46: Assembling T1 at Xi=1.396782e-01... 
02/03/15::19:01:46: Assembling BEM matrix block (0,0) 
02/03/15::19:01:51: Assembling T2 at Xi=1.396782e-01... 
02/03/15::19:01:51: Assembling BEM matrix block (1,1) 
02/03/15::19:24:49: LU-factorizing T1 at Xi=0.139678... 
02/03/15::19:24:49: LU-factorizing T2 at Xi=0.139678... 
02/03/15::19:25:24: Applying transform 0.630957... 
02/03/15::19:25:24:  Assembling U(0,1) 
02/03/15::19:25:24: Assembling BEM matrix block (0,1) 
02/03/15::19:29:42:   Computing ZForce... 
02/03/15::19:29:56: Computing Casimir integrand at Xi=0.278356
 
02/03/15::19:29:56: Assembling T1 at Xi=2.783565e-01... 
02/03/15::19:29:56: Assembling BEM matrix block (0,0) 
02/03/15::19:30:01: Assembling T2 at Xi=2.783565e-01... 
02/03/15::19:30:01: Assembling BEM matrix block (1,1) 
02/03/15::19:53:02: LU-factorizing T1 at Xi=0.278356... 
02/03/15::19:53:03: LU-factorizing T2 at Xi=0.278356... 
02/03/15::19:53:37: Applying transform 0.630957... 
02/03/15::19:53:37:  Assembling U(0,1) 
02/03/15::19:53:37: Assembling BEM matrix block (0,1) 
02/03/15::19:57:55:   Computing ZForce... 
02/03/15::19:58:09: Computing Casimir integrand at Xi=0.555713
 
02/03/15::19:58:09: Assembling T1 at Xi=5.557129e-01... 
02/03/15::19:58:09: Assembling BEM matrix block (0,0) 
02/03/15::19:58:15: Assembling T2 at Xi=5.557129e-01... 
02/03/15::19:58:15: Assembling BEM matrix block (1,1) 
02/03/15::20:21:33: LU-factorizing T1 at Xi=0.555713... 
02/03/15::20:21:33: LU-factorizing T2 at Xi=0.555713... 
02/03/15::20:22:08: Applying transform 0.630957... 
02/03/15::20:22:08:  Assembling U(0,1) 
02/03/15::20:22:08: Assembling BEM matrix block (0,1) 
02/03/15::20:26:26:   Computing ZForce... 
02/03/15::20:26:41: Computing Casimir integrand at Xi=0.833069
 
02/03/15::20:26:41: Assembling T1 at Xi=8.330694e-01... 
02/03/15::20:26:41: Assembling BEM matrix block (0,0) 
02/03/15::20:26:47: Assembling T2 at Xi=8.330694e-01... 
02/03/15::20:26:47: Assembling BEM matrix block (1,1) 
02/03/15::20:50:26: LU-factorizing T1 at Xi=0.833069... 
02/03/15::20:50:26: LU-factorizing T2 at Xi=0.833069... 
02/03/15::20:51:01: Applying transform 0.630957... 
02/03/15::20:51:01:  Assembling U(0,1) 
02/03/15::20:51:01: Assembling BEM matrix block (0,1) 
02/03/15::20:55:24:   Computing ZForce... 
02/03/15::20:55:38: Computing Casimir integrand at Xi=0.417035
 
02/03/15::20:55:38: Assembling T1 at Xi=4.170347e-01... 
02/03/15::20:55:38: Assembling BEM matrix block (0,0) 
02/03/15::20:55:44: Assembling T2 at Xi=4.170347e-01... 
02/03/15::20:55:44: Assembling BEM matrix block (1,1) 
02/03/15::21:19:06: LU-factorizing T1 at Xi=0.417035... 
02/03/15::21:19:06: LU-factorizing T2 at Xi=0.417035... 
02/03/15::21:19:41: Applying transform 0.630957... 
02/03/15::21:19:41:  Assembling U(0,1) 
02/03/15::21:19:41: Assembling BEM matrix block (0,1) 
02/03/15::21:24:02:   Computing ZForce... 
02/03/15::21:24:16: Computing Casimir integrand at Xi=0.833069
 
02/03/15::21:24:16: Assembling T1 at Xi=8.330694e-01... 
02/03/15::21:24:16: Assembling BEM matrix block (0,0) 
02/03/15::21:24:22: Assembling T2 at Xi=8.330694e-01... 
02/03/15::21:24:22: Assembling BEM matrix block (1,1) 
02/03/15::21:48:14: LU-factorizing T1 at Xi=0.833069... 
02/03/15::21:48:14: LU-factorizing T2 at Xi=0.833069... 
02/03/15::21:48:49: Applying transform 0.630957... 
02/03/15::21:48:49:  Assembling U(0,1) 
02/03/15::21:48:49: Assembling BEM matrix block (0,1) 
02/03/15::21:53:12:   Computing ZForce... 
02/03/15::21:53:26: Computing Casimir integrand at Xi=1.11043
 
02/03/15::21:53:26: Assembling T1 at Xi=1.110426e+00... 
02/03/15::21:53:26: Assembling BEM matrix block (0,0) 
02/03/15::21:53:36: Assembling T2 at Xi=1.110426e+00... 
02/03/15::21:53:36: Assembling BEM matrix block (1,1) 
02/03/15::22:34:44: LU-factorizing T1 at Xi=1.11043... 
02/03/15::22:34:44: LU-factorizing T2 at Xi=1.11043... 
02/03/15::22:35:19: Applying transform 0.630957... 
02/03/15::22:35:19:  Assembling U(0,1) 
02/03/15::22:35:19: Assembling BEM matrix block (0,1) 
02/03/15::22:39:38:   Computing ZForce... 
02/03/15::22:39:53: Computing Casimir integrand at Xi=0.694391
 
02/03/15::22:39:53: Assembling T1 at Xi=6.943912e-01... 
02/03/15::22:39:53: Assembling BEM matrix block (0,0) 
02/03/15::22:39:59: Assembling T2 at Xi=6.943912e-01... 
02/03/15::22:39:59: Assembling BEM matrix block (1,1) 
02/03/15::23:03:42: LU-factorizing T1 at Xi=0.694391... 
02/03/15::23:03:42: LU-factorizing T2 at Xi=0.694391... 
02/03/15::23:04:17: Applying transform 0.630957... 
02/03/15::23:04:17:  Assembling U(0,1) 
02/03/15::23:04:17: Assembling BEM matrix block (0,1) 
02/03/15::23:08:39:   Computing ZForce... 
02/03/15::23:08:54: Computing Casimir integrand at Xi=1.11043
 
02/03/15::23:08:54: Assembling T1 at Xi=1.110426e+00... 
02/03/15::23:08:54: Assembling BEM matrix block (0,0) 
02/03/15::23:09:03: Assembling T2 at Xi=1.110426e+00... 
02/03/15::23:09:03: Assembling BEM matrix block (1,1) 
02/03/15::23:50:13: LU-factorizing T1 at Xi=1.11043... 
02/03/15::23:50:13: LU-factorizing T2 at Xi=1.11043... 
02/03/15::23:50:48: Applying transform 0.630957... 
02/03/15::23:50:48:  Assembling U(0,1) 
02/03/15::23:50:48: Assembling BEM matrix block (0,1) 
02/03/15::23:55:07:   Computing ZForce... 
02/03/15::23:55:22: Computing Casimir integrand at Xi=1.38778
 
02/03/15::23:55:22: Assembling T1 at Xi=1.387782e+00... 
02/03/15::23:55:22: Assembling BEM matrix block (0,0) 
02/03/15::23:56:08: Assembling T2 at Xi=1.387782e+00... 
02/03/15::23:56:08: Assembling BEM matrix block (1,1) 
02/04/15::00:37:20: LU-factorizing T1 at Xi=1.38778... 
02/04/15::00:37:20: LU-factorizing T2 at Xi=1.38778... 
02/04/15::00:37:55: Applying transform 0.630957... 
02/04/15::00:37:55:  Assembling U(0,1) 
02/04/15::00:37:55: Assembling BEM matrix block (0,1) 
02/04/15::00:42:14:   Computing ZForce... 
02/04/15::00:42:28: Computing Casimir integrand at Xi=0.971748
 
02/04/15::00:42:28: Assembling T1 at Xi=9.717476e-01... 
02/04/15::00:42:28: Assembling BEM matrix block (0,0) 
02/04/15::00:42:34: Assembling T2 at Xi=9.717476e-01... 
02/04/15::00:42:34: Assembling BEM matrix block (1,1) 
02/04/15::01:23:31: LU-factorizing T1 at Xi=0.971748... 
02/04/15::01:23:31: LU-factorizing T2 at Xi=0.971748... 
02/04/15::01:24:06: Applying transform 0.630957... 
02/04/15::01:24:06:  Assembling U(0,1) 
02/04/15::01:24:06: Assembling BEM matrix block (0,1) 
02/04/15::01:28:24:   Computing ZForce... 
02/04/15::01:28:38: Computing Casimir integrand at Xi=1.38778
 
02/04/15::01:28:38: Assembling T1 at Xi=1.387782e+00... 
02/04/15::01:28:38: Assembling BEM matrix block (0,0) 
02/04/15::01:29:25: Assembling T2 at Xi=1.387782e+00... 
02/04/15::01:29:25: Assembling BEM matrix block (1,1) 
02/04/15::02:10:43: LU-factorizing T1 at Xi=1.38778... 
02/04/15::02:10:43: LU-factorizing T2 at Xi=1.38778... 
02/04/15::02:11:19: Applying transform 0.630957... 
02/04/15::02:11:19:  Assembling U(0,1) 
02/04/15::02:11:19: Assembling BEM matrix block (0,1) 
02/04/15::02:15:39:   Computing ZForce... 
02/04/15::02:15:53: Computing Casimir integrand at Xi=1.66514
 
02/04/15::02:15:53: Assembling T1 at Xi=1.665139e+00... 
02/04/15::02:15:54: Assembling BEM matrix block (0,0) 
02/04/15::02:17:14: Assembling T2 at Xi=1.665139e+00... 
02/04/15::02:17:14: Assembling BEM matrix block (1,1) 
02/04/15::02:59:43: LU-factorizing T1 at Xi=1.66514... 
02/04/15::02:59:43: LU-factorizing T2 at Xi=1.66514... 
02/04/15::03:00:18: Applying transform 0.630957... 
02/04/15::03:00:18:  Assembling U(0,1) 
02/04/15::03:00:18: Assembling BEM matrix block (0,1) 
02/04/15::03:04:34:   Computing ZForce... 
02/04/15::03:04:49: Computing Casimir integrand at Xi=1.2491
 
02/04/15::03:04:49: Assembling T1 at Xi=1.249104e+00... 
02/04/15::03:04:49: Assembling BEM matrix block (0,0) 
02/04/15::03:05:13: Assembling T2 at Xi=1.249104e+00... 
02/04/15::03:05:13: Assembling BEM matrix block (1,1) 
02/04/15::03:46:06: LU-factorizing T1 at Xi=1.2491... 
02/04/15::03:46:06: LU-factorizing T2 at Xi=1.2491... 
02/04/15::03:46:41: Applying transform 0.630957... 
02/04/15::03:46:41:  Assembling U(0,1) 
02/04/15::03:46:41: Assembling BEM matrix block (0,1) 
02/04/15::03:50:58:   Computing ZForce... 
02/04/15::03:51:26: Computing Casimir integrand at Xi=1.66514
 
02/04/15::03:51:26: Assembling T1 at Xi=1.665139e+00... 
02/04/15::03:51:26: Assembling BEM matrix block (0,0) 
02/04/15::03:52:45: Assembling T2 at Xi=1.665139e+00... 
02/04/15::03:52:45: Assembling BEM matrix block (1,1) 
02/04/15::04:34:46: LU-factorizing T1 at Xi=1.66514... 
02/04/15::04:34:46: LU-factorizing T2 at Xi=1.66514... 
02/04/15::04:35:21: Applying transform 0.630957... 
02/04/15::04:35:21:  Assembling U(0,1) 
02/04/15::04:35:21: Assembling BEM matrix block (0,1) 
02/04/15::04:39:37:   Computing ZForce... 
02/04/15::04:39:51: Computing Casimir integrand at Xi=1.9425
 
02/04/15::04:39:51: Assembling T1 at Xi=1.942495e+00... 
02/04/15::04:39:51: Assembling BEM matrix block (0,0) 
02/04/15::04:41:18: Assembling T2 at Xi=1.942495e+00... 
02/04/15::04:41:18: Assembling BEM matrix block (1,1) 
02/04/15::05:23:56: LU-factorizing T1 at Xi=1.9425... 
02/04/15::05:23:56: LU-factorizing T2 at Xi=1.9425... 
02/04/15::05:24:30: Applying transform 0.630957... 
02/04/15::05:24:30:  Assembling U(0,1) 
02/04/15::05:24:30: Assembling BEM matrix block (0,1) 
02/04/15::05:28:46:   Computing ZForce... 
02/04/15::05:29:00: Computing Casimir integrand at Xi=2.21985
 
02/04/15::05:29:00: Assembling T1 at Xi=2.219852e+00... 
02/04/15::05:29:00: Assembling BEM matrix block (0,0) 
02/04/15::05:30:28: Assembling T2 at Xi=2.219852e+00... 
02/04/15::05:30:28: Assembling BEM matrix block (1,1) 
02/04/15::06:13:26: LU-factorizing T1 at Xi=2.21985... 
02/04/15::06:13:26: LU-factorizing T2 at Xi=2.21985... 
02/04/15::06:14:01: Applying transform 0.630957... 
02/04/15::06:14:01:  Assembling U(0,1) 
02/04/15::06:14:01: Assembling BEM matrix block (0,1) 
02/04/15::06:18:16:   Computing ZForce... 
02/04/15::06:18:30: Computing Casimir integrand at Xi=2.49721
 
02/04/15::06:18:30: Assembling T1 at Xi=2.497208e+00... 
02/04/15::06:18:30: Assembling BEM matrix block (0,0) 
02/04/15::06:19:59: Assembling T2 at Xi=2.497208e+00... 
02/04/15::06:19:59: Assembling BEM matrix block (1,1) 
02/04/15::07:02:53: LU-factorizing T1 at Xi=2.49721... 
02/04/15::07:02:53: LU-factorizing T2 at Xi=2.49721... 
02/04/15::07:03:28: Applying transform 0.630957... 
02/04/15::07:03:28:  Assembling U(0,1) 
02/04/15::07:03:28: Assembling BEM matrix block (0,1) 
02/04/15::07:07:43:   Computing ZForce... 
02/04/15::07:07:58: Computing Casimir integrand at Xi=2.77456
 
02/04/15::07:07:58: Assembling T1 at Xi=2.774565e+00... 
02/04/15::07:07:58: Assembling BEM matrix block (0,0) 
02/04/15::07:09:26: Assembling T2 at Xi=2.774565e+00... 
02/04/15::07:09:26: Assembling BEM matrix block (1,1) 
02/04/15::07:52:33: LU-factorizing T1 at Xi=2.77456... 
02/04/15::07:52:33: LU-factorizing T2 at Xi=2.77456... 
02/04/15::07:53:08: Applying transform 0.630957... 
02/04/15::07:53:08:  Assembling U(0,1) 
02/04/15::07:53:08: Assembling BEM matrix block (0,1) 
02/04/15::07:57:22:   Computing ZForce... 
02/04/15::07:57:36: Computing Casimir integrand at Xi=3.05192
 
02/04/15::07:57:36: Assembling T1 at Xi=3.051921e+00... 
02/04/15::07:57:36: Assembling BEM matrix block (0,0) 
02/04/15::07:59:05: Assembling T2 at Xi=3.051921e+00... 
02/04/15::07:59:05: Assembling BEM matrix block (1,1) 
02/04/15::08:41:55: LU-factorizing T1 at Xi=3.05192... 
02/04/15::08:41:55: LU-factorizing T2 at Xi=3.05192... 
02/04/15::08:42:30: Applying transform 0.630957... 
02/04/15::08:42:30:  Assembling U(0,1) 
02/04/15::08:42:30: Assembling BEM matrix block (0,1) 
02/04/15::08:46:46:   Computing ZForce... 
02/04/15::08:47:00: Computing Casimir integrand at Xi=3.32928
 
02/04/15::08:47:00: Assembling T1 at Xi=3.329278e+00... 
02/04/15::08:47:00: Assembling BEM matrix block (0,0) 
02/04/15::08:48:29: Assembling T2 at Xi=3.329278e+00... 
02/04/15::08:48:29: Assembling BEM matrix block (1,1) 
02/04/15::09:31:40: LU-factorizing T1 at Xi=3.32928... 
02/04/15::09:31:40: LU-factorizing T2 at Xi=3.32928... 
02/04/15::09:32:16: Applying transform 0.630957... 
02/04/15::09:32:16:  Assembling U(0,1) 
02/04/15::09:32:16: Assembling BEM matrix block (0,1) 
02/04/15::09:36:30:   Computing ZForce... 
02/04/15::09:36:45: Computing Casimir integrand at Xi=3.60663
 
02/04/15::09:36:45: Assembling T1 at Xi=3.606634e+00... 
02/04/15::09:36:45: Assembling BEM matrix block (0,0) 
02/04/15::09:38:14: Assembling T2 at Xi=3.606634e+00... 
02/04/15::09:38:14: Assembling BEM matrix block (1,1) 
02/04/15::10:21:30: LU-factorizing T1 at Xi=3.60663... 
02/04/15::10:21:30: LU-factorizing T2 at Xi=3.60663... 
02/04/15::10:22:05: Applying transform 0.630957... 
02/04/15::10:22:05:  Assembling U(0,1) 
02/04/15::10:22:05: Assembling BEM matrix block (0,1) 
02/04/15::10:26:19:   Computing ZForce... 
02/04/15::10:26:34: Computing Casimir integrand at Xi=3.88399
 
02/04/15::10:26:34: Assembling T1 at Xi=3.883990e+00... 
02/04/15::10:26:34: Assembling BEM matrix block (0,0) 
02/04/15::10:28:06: Assembling T2 at Xi=3.883990e+00... 
02/04/15::10:28:06: Assembling BEM matrix block (1,1) 
02/04/15::11:11:54: LU-factorizing T1 at Xi=3.88399... 
02/04/15::11:11:54: LU-factorizing T2 at Xi=3.88399... 
02/04/15::11:12:29: Applying transform 0.630957... 
02/04/15::11:12:29:  Assembling U(0,1) 
02/04/15::11:12:29: Assembling BEM matrix block (0,1) 
02/04/15::11:16:45:   Computing ZForce... 
02/04/15::11:16:59: Computing Casimir integrand at Xi=4.16135
 
02/04/15::11:16:59: Assembling T1 at Xi=4.161347e+00... 
02/04/15::11:16:59: Assembling BEM matrix block (0,0) 
02/04/15::11:18:41: Assembling T2 at Xi=4.161347e+00... 
02/04/15::11:18:41: Assembling BEM matrix block (1,1) 
02/04/15::12:02:03: LU-factorizing T1 at Xi=4.16135... 
02/04/15::12:02:03: LU-factorizing T2 at Xi=4.16135... 
02/04/15::12:02:38: Applying transform 0.630957... 
02/04/15::12:02:38:  Assembling U(0,1) 
02/04/15::12:02:38: Assembling BEM matrix block (0,1) 
02/04/15::12:06:51:   Computing ZForce... 
02/04/15::12:07:05: Computing Casimir integrand at Xi=4.4387
 
02/04/15::12:07:05: Assembling T1 at Xi=4.438703e+00... 
02/04/15::12:07:05: Assembling BEM matrix block (0,0) 
02/04/15::12:08:58: Assembling T2 at Xi=4.438703e+00... 
02/04/15::12:08:58: Assembling BEM matrix block (1,1) 
02/04/15::12:52:07: LU-factorizing T1 at Xi=4.4387... 
02/04/15::12:52:08: LU-factorizing T2 at Xi=4.4387... 
02/04/15::12:52:43: Applying transform 0.630957... 
02/04/15::12:52:43:  Assembling U(0,1) 
02/04/15::12:52:43: Assembling BEM matrix block (0,1) 
02/04/15::12:56:58:   Computing ZForce... 
02/04/15::12:57:13: Computing Casimir integrand at Xi=4.71606
 
02/04/15::12:57:13: Assembling T1 at Xi=4.716060e+00... 
02/04/15::12:57:13: Assembling BEM matrix block (0,0) 
02/04/15::12:59:17: Assembling T2 at Xi=4.716060e+00... 
02/04/15::12:59:17: Assembling BEM matrix block (1,1) 
02/04/15::13:42:14: LU-factorizing T1 at Xi=4.71606... 
02/04/15::13:42:14: LU-factorizing T2 at Xi=4.71606... 
02/04/15::13:42:50: Applying transform 0.630957... 
02/04/15::13:42:50:  Assembling U(0,1) 
02/04/15::13:42:50: Assembling BEM matrix block (0,1) 
02/04/15::13:47:00:   Computing ZForce... 
02/04/15::13:47:15: Computing Casimir integrand at Xi=4.99342
 
02/04/15::13:47:15: Assembling T1 at Xi=4.993416e+00... 
02/04/15::13:47:15: Assembling BEM matrix block (0,0) 
02/04/15::13:49:29: Assembling T2 at Xi=4.993416e+00... 
02/04/15::13:49:29: Assembling BEM matrix block (1,1) 
02/04/15::14:32:10: LU-factorizing T1 at Xi=4.99342... 
02/04/15::14:32:10: LU-factorizing T2 at Xi=4.99342... 
02/04/15::14:32:46: Applying transform 0.630957... 
02/04/15::14:32:46:  Assembling U(0,1) 
02/04/15::14:32:46: Assembling BEM matrix block (0,1) 
02/04/15::14:36:55:   Computing ZForce... 
02/04/15::14:37:10: Computing Casimir integrand at Xi=5.27077
 
02/04/15::14:37:10: Assembling T1 at Xi=5.270773e+00... 
02/04/15::14:37:10: Assembling BEM matrix block (0,0) 
02/04/15::14:39:35: Assembling T2 at Xi=5.270773e+00... 
02/04/15::14:39:35: Assembling BEM matrix block (1,1) 
02/04/15::15:22:22: LU-factorizing T1 at Xi=5.27077... 
02/04/15::15:22:22: LU-factorizing T2 at Xi=5.27077... 
02/04/15::15:22:57: Applying transform 0.630957... 
02/04/15::15:22:57:  Assembling U(0,1) 
02/04/15::15:22:57: Assembling BEM matrix block (0,1) 
02/04/15::15:27:12:   Computing ZForce... 
02/04/15::15:27:27: Computing Casimir integrand at Xi=5.54813
 
02/04/15::15:27:27: Assembling T1 at Xi=5.548129e+00... 
02/04/15::15:27:27: Assembling BEM matrix block (0,0) 
02/04/15::15:30:03: Assembling T2 at Xi=5.548129e+00... 
02/04/15::15:30:03: Assembling BEM matrix block (1,1) 
02/04/15::16:13:07: LU-factorizing T1 at Xi=5.54813... 
02/04/15::16:13:07: LU-factorizing T2 at Xi=5.54813... 
02/04/15::16:13:43: Applying transform 0.630957... 
02/04/15::16:13:43:  Assembling U(0,1) 
02/04/15::16:13:43: Assembling BEM matrix block (0,1) 
02/04/15::16:17:52:   Computing ZForce... 
02/04/15::16:18:07: Computing Casimir integrand at Xi=5.82549
 
02/04/15::16:18:07: Assembling T1 at Xi=5.825486e+00... 
02/04/15::16:18:07: Assembling BEM matrix block (0,0) 
02/04/15::16:20:46: Assembling T2 at Xi=5.825486e+00... 
02/04/15::16:20:46: Assembling BEM matrix block (1,1) 
02/04/15::17:02:26: LU-factorizing T1 at Xi=5.82549... 
02/04/15::17:02:26: LU-factorizing T2 at Xi=5.82549... 
02/04/15::17:03:02: Applying transform 0.630957... 
02/04/15::17:03:02:  Assembling U(0,1) 
02/04/15::17:03:02: Assembling BEM matrix block (0,1) 
02/04/15::17:07:12:   Computing ZForce... 
02/04/15::17:07:26: Computing Casimir integrand at Xi=6.10284
 
02/04/15::17:07:26: Assembling T1 at Xi=6.102842e+00... 
02/04/15::17:07:26: Assembling BEM matrix block (0,0) 
02/04/15::17:10:09: Assembling T2 at Xi=6.102842e+00... 
02/04/15::17:10:09: Assembling BEM matrix block (1,1) 
02/04/15::17:52:04: LU-factorizing T1 at Xi=6.10284... 
02/04/15::17:52:05: LU-factorizing T2 at Xi=6.10284... 
02/04/15::17:52:40: Applying transform 0.630957... 
02/04/15::17:52:40:  Assembling U(0,1) 
02/04/15::17:52:40: Assembling BEM matrix block (0,1) 
02/04/15::17:56:53:   Computing ZForce... 
02/04/15::17:57:07: Computing Casimir integrand at Xi=6.3802
 
02/04/15::17:57:07: Assembling T1 at Xi=6.380199e+00... 
02/04/15::17:57:07: Assembling BEM matrix block (0,0) 
02/04/15::17:59:54: Assembling T2 at Xi=6.380199e+00... 
02/04/15::17:59:54: Assembling BEM matrix block (1,1) 
02/04/15::18:42:08: LU-factorizing T1 at Xi=6.3802... 
02/04/15::18:42:08: LU-factorizing T2 at Xi=6.3802... 
02/04/15::18:42:44: Applying transform 0.630957... 
02/04/15::18:42:44:  Assembling U(0,1) 
02/04/15::18:42:44: Assembling BEM matrix block (0,1) 
02/04/15::18:46:57:   Computing ZForce... 
02/04/15::18:47:12: Computing Casimir integrand at Xi=6.65756
 
02/04/15::18:47:12: Assembling T1 at Xi=6.657555e+00... 
02/04/15::18:47:12: Assembling BEM matrix block (0,0) 
02/04/15::18:49:59: Assembling T2 at Xi=6.657555e+00... 
02/04/15::18:49:59: Assembling BEM matrix block (1,1) 
02/04/15::19:32:41: LU-factorizing T1 at Xi=6.65756... 
02/04/15::19:32:41: LU-factorizing T2 at Xi=6.65756... 
02/04/15::19:33:16: Applying transform 0.630957... 
02/04/15::19:33:16:  Assembling U(0,1) 
02/04/15::19:33:16: Assembling BEM matrix block (0,1) 
02/04/15::19:37:31:   Computing ZForce... 
02/04/15::19:37:46: Computing Casimir integrand at Xi=6.93491
 
02/04/15::19:37:46: Assembling T1 at Xi=6.934912e+00... 
02/04/15::19:37:46: Assembling BEM matrix block (0,0) 
02/04/15::19:40:34: Assembling T2 at Xi=6.934912e+00... 
02/04/15::19:40:34: Assembling BEM matrix block (1,1) 
02/04/15::20:23:06: LU-factorizing T1 at Xi=6.93491... 
02/04/15::20:23:06: LU-factorizing T2 at Xi=6.93491... 
02/04/15::20:23:43: Applying transform 0.630957... 
02/04/15::20:23:43:  Assembling U(0,1) 
02/04/15::20:23:43: Assembling BEM matrix block (0,1) 
02/04/15::20:27:56:   Computing ZForce... 
