02/04/15::13:34:46: scuff-cas3D running on bullet0067 
02/04/15::13:34:46: Setting material properties of exterior region to VACUUM. 
02/04/15::13:34:46: Flipped 514 panel normals to comport with region definitions. 
02/04/15::13:34:46: Computing full zero-temperature Casimir quantities. 
02/04/15::13:34:46: Read 1 geometrical transformations from file BeadPEC_L-0.398107.trans. 
02/04/15::13:34:46: Minimum distance between surface points=3.981070e-01 
02/04/15::13:34:46: Computing Casimir integrand at Xi=0.001
 
02/04/15::13:34:46: Assembling T1 at Xi=1.000000e-03... 
02/04/15::13:34:46: Assembling BEM matrix block (0,0) 
02/04/15::13:35:33: Assembling T2 at Xi=1.000000e-03... 
02/04/15::13:35:33: Assembling BEM matrix block (1,1) 
02/04/15::13:57:12: LU-factorizing T1 at Xi=0.001... 
02/04/15::13:57:12: LU-factorizing T2 at Xi=0.001... 
02/04/15::13:57:24: Applying transform 0.398107... 
02/04/15::13:57:24:  Assembling U(0,1) 
02/04/15::13:57:24: Assembling BEM matrix block (0,1) 
02/04/15::14:13:00:   Computing ZForce... 
02/04/15::14:13:05: Computing Casimir integrand at Xi=0.22079
 
02/04/15::14:13:05: Assembling T1 at Xi=2.207902e-01... 
02/04/15::14:13:05: Assembling BEM matrix block (0,0) 
02/04/15::14:13:08: Assembling T2 at Xi=2.207902e-01... 
02/04/15::14:13:08: Assembling BEM matrix block (1,1) 
02/04/15::14:22:51: LU-factorizing T1 at Xi=0.22079... 
02/04/15::14:22:51: LU-factorizing T2 at Xi=0.22079... 
02/04/15::14:23:14: Applying transform 0.398107... 
02/04/15::14:23:14:  Assembling U(0,1) 
02/04/15::14:23:14: Assembling BEM matrix block (0,1) 
02/04/15::14:40:25:   Computing ZForce... 
02/04/15::14:40:31: Computing Casimir integrand at Xi=0.44058
 
02/04/15::14:40:31: Assembling T1 at Xi=4.405803e-01... 
02/04/15::14:40:31: Assembling BEM matrix block (0,0) 
02/04/15::14:40:45: Assembling T2 at Xi=4.405803e-01... 
02/04/15::14:40:45: Assembling BEM matrix block (1,1) 
02/04/15::14:54:51: LU-factorizing T1 at Xi=0.44058... 
02/04/15::14:54:51: LU-factorizing T2 at Xi=0.44058... 
02/04/15::14:55:04: Applying transform 0.398107... 
02/04/15::14:55:04:  Assembling U(0,1) 
02/04/15::14:55:04: Assembling BEM matrix block (0,1) 
02/04/15::15:12:41:   Computing ZForce... 
02/04/15::15:12:53: Computing Casimir integrand at Xi=0.880161
 
02/04/15::15:12:53: Assembling T1 at Xi=8.801606e-01... 
02/04/15::15:12:53: Assembling BEM matrix block (0,0) 
02/04/15::15:13:14: Assembling T2 at Xi=8.801606e-01... 
02/04/15::15:13:14: Assembling BEM matrix block (1,1) 
02/04/15::15:27:30: LU-factorizing T1 at Xi=0.880161... 
02/04/15::15:27:31: LU-factorizing T2 at Xi=0.880161... 
02/04/15::15:28:05: Applying transform 0.398107... 
02/04/15::15:28:05:  Assembling U(0,1) 
02/04/15::15:28:05: Assembling BEM matrix block (0,1) 
02/04/15::15:47:53:   Computing ZForce... 
02/04/15::15:48:11: Computing Casimir integrand at Xi=1.31974
 
02/04/15::15:48:11: Assembling T1 at Xi=1.319741e+00... 
02/04/15::15:48:11: Assembling BEM matrix block (0,0) 
02/04/15::15:48:26: Assembling T2 at Xi=1.319741e+00... 
02/04/15::15:48:26: Assembling BEM matrix block (1,1) 
02/04/15::17:21:27: LU-factorizing T1 at Xi=1.31974... 
02/04/15::17:21:28: LU-factorizing T2 at Xi=1.31974... 
02/04/15::17:21:52: Applying transform 0.398107... 
02/04/15::17:21:52:  Assembling U(0,1) 
02/04/15::17:21:52: Assembling BEM matrix block (0,1) 
02/04/15::17:37:52:   Computing ZForce... 
02/04/15::17:37:56: Computing Casimir integrand at Xi=1.75932
 
02/04/15::17:37:56: Assembling T1 at Xi=1.759321e+00... 
02/04/15::17:37:56: Assembling BEM matrix block (0,0) 
02/04/15::17:38:11: Assembling T2 at Xi=1.759321e+00... 
02/04/15::17:38:11: Assembling BEM matrix block (1,1) 
02/04/15::18:36:17: LU-factorizing T1 at Xi=1.75932... 
02/04/15::18:36:17: LU-factorizing T2 at Xi=1.75932... 
02/04/15::18:36:23: Applying transform 0.398107... 
02/04/15::18:36:23:  Assembling U(0,1) 
02/04/15::18:36:23: Assembling BEM matrix block (0,1) 
02/04/15::18:40:46:   Computing ZForce... 
02/04/15::18:40:49: Computing Casimir integrand at Xi=2.1989
 
02/04/15::18:40:49: Assembling T1 at Xi=2.198902e+00... 
02/04/15::18:40:49: Assembling BEM matrix block (0,0) 
02/04/15::18:40:53: Assembling T2 at Xi=2.198902e+00... 
02/04/15::18:40:53: Assembling BEM matrix block (1,1) 
02/04/15::19:06:17: LU-factorizing T1 at Xi=2.1989... 
02/04/15::19:06:17: LU-factorizing T2 at Xi=2.1989... 
02/04/15::19:06:23: Applying transform 0.398107... 
02/04/15::19:06:23:  Assembling U(0,1) 
02/04/15::19:06:23: Assembling BEM matrix block (0,1) 
02/04/15::19:10:46:   Computing ZForce... 
02/04/15::19:10:48: Computing Casimir integrand at Xi=1.53953
 
02/04/15::19:10:48: Assembling T1 at Xi=1.539531e+00... 
02/04/15::19:10:48: Assembling BEM matrix block (0,0) 
02/04/15::19:10:52: Assembling T2 at Xi=1.539531e+00... 
02/04/15::19:10:52: Assembling BEM matrix block (1,1) 
02/04/15::19:35:12: LU-factorizing T1 at Xi=1.53953... 
02/04/15::19:35:12: LU-factorizing T2 at Xi=1.53953... 
02/04/15::19:35:18: Applying transform 0.398107... 
02/04/15::19:35:18:  Assembling U(0,1) 
02/04/15::19:35:18: Assembling BEM matrix block (0,1) 
02/04/15::19:39:44:   Computing ZForce... 
02/04/15::19:39:46: Computing Casimir integrand at Xi=2.1989
 
02/04/15::19:39:46: Assembling T1 at Xi=2.198902e+00... 
02/04/15::19:39:46: Assembling BEM matrix block (0,0) 
02/04/15::19:39:51: Assembling T2 at Xi=2.198902e+00... 
02/04/15::19:39:51: Assembling BEM matrix block (1,1) 
02/04/15::20:05:17: LU-factorizing T1 at Xi=2.1989... 
02/04/15::20:05:17: LU-factorizing T2 at Xi=2.1989... 
02/04/15::20:05:23: Applying transform 0.398107... 
02/04/15::20:05:23:  Assembling U(0,1) 
02/04/15::20:05:23: Assembling BEM matrix block (0,1) 
02/04/15::20:09:46:   Computing ZForce... 
02/04/15::20:09:49: Computing Casimir integrand at Xi=2.63848
 
02/04/15::20:09:49: Assembling T1 at Xi=2.638482e+00... 
02/04/15::20:09:49: Assembling BEM matrix block (0,0) 
02/04/15::20:09:53: Assembling T2 at Xi=2.638482e+00... 
02/04/15::20:09:53: Assembling BEM matrix block (1,1) 
02/04/15::20:35:19: LU-factorizing T1 at Xi=2.63848... 
02/04/15::20:35:19: LU-factorizing T2 at Xi=2.63848... 
02/04/15::20:35:25: Applying transform 0.398107... 
02/04/15::20:35:25:  Assembling U(0,1) 
02/04/15::20:35:25: Assembling BEM matrix block (0,1) 
02/04/15::20:39:49:   Computing ZForce... 
02/04/15::20:39:51: Computing Casimir integrand at Xi=1.97911
 
02/04/15::20:39:51: Assembling T1 at Xi=1.979111e+00... 
02/04/15::20:39:51: Assembling BEM matrix block (0,0) 
02/04/15::20:39:55: Assembling T2 at Xi=1.979111e+00... 
02/04/15::20:39:55: Assembling BEM matrix block (1,1) 
02/04/15::21:05:20: LU-factorizing T1 at Xi=1.97911... 
02/04/15::21:05:20: LU-factorizing T2 at Xi=1.97911... 
02/04/15::21:05:26: Applying transform 0.398107... 
02/04/15::21:05:26:  Assembling U(0,1) 
02/04/15::21:05:26: Assembling BEM matrix block (0,1) 
02/04/15::21:09:49:   Computing ZForce... 
02/04/15::21:09:52: Computing Casimir integrand at Xi=2.63848
 
02/04/15::21:09:52: Assembling T1 at Xi=2.638482e+00... 
02/04/15::21:09:52: Assembling BEM matrix block (0,0) 
02/04/15::21:09:56: Assembling T2 at Xi=2.638482e+00... 
02/04/15::21:09:56: Assembling BEM matrix block (1,1) 
02/04/15::21:35:22: LU-factorizing T1 at Xi=2.63848... 
02/04/15::21:35:22: LU-factorizing T2 at Xi=2.63848... 
02/04/15::21:35:28: Applying transform 0.398107... 
02/04/15::21:35:28:  Assembling U(0,1) 
02/04/15::21:35:28: Assembling BEM matrix block (0,1) 
02/04/15::21:39:51:   Computing ZForce... 
02/04/15::21:39:54: Computing Casimir integrand at Xi=3.07806
 
02/04/15::21:39:54: Assembling T1 at Xi=3.078062e+00... 
02/04/15::21:39:54: Assembling BEM matrix block (0,0) 
02/04/15::21:39:58: Assembling T2 at Xi=3.078062e+00... 
02/04/15::21:39:58: Assembling BEM matrix block (1,1) 
02/04/15::22:05:23: LU-factorizing T1 at Xi=3.07806... 
02/04/15::22:05:23: LU-factorizing T2 at Xi=3.07806... 
02/04/15::22:05:29: Applying transform 0.398107... 
02/04/15::22:05:29:  Assembling U(0,1) 
02/04/15::22:05:29: Assembling BEM matrix block (0,1) 
02/04/15::22:09:53:   Computing ZForce... 
02/04/15::22:09:56: Computing Casimir integrand at Xi=2.41869
 
02/04/15::22:09:56: Assembling T1 at Xi=2.418692e+00... 
02/04/15::22:09:56: Assembling BEM matrix block (0,0) 
02/04/15::22:10:00: Assembling T2 at Xi=2.418692e+00... 
02/04/15::22:10:00: Assembling BEM matrix block (1,1) 
02/04/15::22:35:26: LU-factorizing T1 at Xi=2.41869... 
02/04/15::22:35:26: LU-factorizing T2 at Xi=2.41869... 
02/04/15::22:35:31: Applying transform 0.398107... 
02/04/15::22:35:31:  Assembling U(0,1) 
02/04/15::22:35:31: Assembling BEM matrix block (0,1) 
02/04/15::22:39:55:   Computing ZForce... 
02/04/15::22:39:57: Computing Casimir integrand at Xi=3.07806
 
02/04/15::22:39:57: Assembling T1 at Xi=3.078062e+00... 
02/04/15::22:39:57: Assembling BEM matrix block (0,0) 
02/04/15::22:40:02: Assembling T2 at Xi=3.078062e+00... 
02/04/15::22:40:02: Assembling BEM matrix block (1,1) 
02/04/15::23:05:26: LU-factorizing T1 at Xi=3.07806... 
02/04/15::23:05:26: LU-factorizing T2 at Xi=3.07806... 
02/04/15::23:05:32: Applying transform 0.398107... 
02/04/15::23:05:32:  Assembling U(0,1) 
02/04/15::23:05:32: Assembling BEM matrix block (0,1) 
02/04/15::23:09:56:   Computing ZForce... 
02/04/15::23:09:58: Computing Casimir integrand at Xi=3.51764
 
02/04/15::23:09:58: Assembling T1 at Xi=3.517643e+00... 
02/04/15::23:09:58: Assembling BEM matrix block (0,0) 
02/04/15::23:10:03: Assembling T2 at Xi=3.517643e+00... 
02/04/15::23:10:03: Assembling BEM matrix block (1,1) 
02/04/15::23:35:28: LU-factorizing T1 at Xi=3.51764... 
02/04/15::23:35:28: LU-factorizing T2 at Xi=3.51764... 
02/04/15::23:35:34: Applying transform 0.398107... 
02/04/15::23:35:34:  Assembling U(0,1) 
02/04/15::23:35:34: Assembling BEM matrix block (0,1) 
02/04/15::23:39:58:   Computing ZForce... 
02/04/15::23:40:00: Computing Casimir integrand at Xi=3.95722
 
02/04/15::23:40:00: Assembling T1 at Xi=3.957223e+00... 
02/04/15::23:40:00: Assembling BEM matrix block (0,0) 
02/04/15::23:40:11: Assembling T2 at Xi=3.957223e+00... 
02/04/15::23:40:11: Assembling BEM matrix block (1,1) 
02/05/15::00:05:36: LU-factorizing T1 at Xi=3.95722... 
02/05/15::00:05:36: LU-factorizing T2 at Xi=3.95722... 
02/05/15::00:05:42: Applying transform 0.398107... 
02/05/15::00:05:42:  Assembling U(0,1) 
02/05/15::00:05:42: Assembling BEM matrix block (0,1) 
02/05/15::00:10:05:   Computing ZForce... 
02/05/15::00:10:07: Computing Casimir integrand at Xi=4.3968
 
02/05/15::00:10:07: Assembling T1 at Xi=4.396803e+00... 
02/05/15::00:10:07: Assembling BEM matrix block (0,0) 
02/05/15::00:10:40: Assembling T2 at Xi=4.396803e+00... 
02/05/15::00:10:40: Assembling BEM matrix block (1,1) 
02/05/15::00:36:04: LU-factorizing T1 at Xi=4.3968... 
02/05/15::00:36:04: LU-factorizing T2 at Xi=4.3968... 
02/05/15::00:36:10: Applying transform 0.398107... 
02/05/15::00:36:10:  Assembling U(0,1) 
02/05/15::00:36:10: Assembling BEM matrix block (0,1) 
02/05/15::00:40:33:   Computing ZForce... 
02/05/15::00:40:36: Computing Casimir integrand at Xi=4.83638
 
02/05/15::00:40:36: Assembling T1 at Xi=4.836383e+00... 
02/05/15::00:40:36: Assembling BEM matrix block (0,0) 
02/05/15::00:41:30: Assembling T2 at Xi=4.836383e+00... 
02/05/15::00:41:30: Assembling BEM matrix block (1,1) 
02/05/15::01:06:55: LU-factorizing T1 at Xi=4.83638... 
02/05/15::01:06:55: LU-factorizing T2 at Xi=4.83638... 
02/05/15::01:07:01: Applying transform 0.398107... 
02/05/15::01:07:01:  Assembling U(0,1) 
02/05/15::01:07:01: Assembling BEM matrix block (0,1) 
02/05/15::01:11:24:   Computing ZForce... 
02/05/15::01:11:26: Computing Casimir integrand at Xi=5.27596
 
02/05/15::01:11:26: Assembling T1 at Xi=5.275964e+00... 
02/05/15::01:11:26: Assembling BEM matrix block (0,0) 
02/05/15::01:12:42: Assembling T2 at Xi=5.275964e+00... 
02/05/15::01:12:42: Assembling BEM matrix block (1,1) 
02/05/15::01:42:36:   Computing ZForce... 
02/05/15::01:42:38: Computing Casimir integrand at Xi=5.71554
 
02/05/15::01:42:38: Assembling T1 at Xi=5.715544e+00... 
02/05/15::01:42:38: Assembling BEM matrix block (0,0) 
02/05/15::01:44:09: Assembling T2 at Xi=5.715544e+00... 
02/05/15::01:44:09: Assembling BEM matrix block (1,1) 
02/05/15::02:09:37: LU-factorizing T1 at Xi=5.71554... 
02/05/15::02:09:37: LU-factorizing T2 at Xi=5.71554... 
02/05/15::02:09:43: Applying transform 0.398107... 
02/05/15::02:09:43:  Assembling U(0,1) 
02/05/15::02:09:43: Assembling BEM matrix block (0,1) 
02/05/15::02:14:08:   Computing ZForce... 
02/05/15::02:14:10: Computing Casimir integrand at Xi=6.15512
 
02/05/15::02:14:10: Assembling T1 at Xi=6.155124e+00... 
02/05/15::02:14:10: Assembling BEM matrix block (0,0) 
02/05/15::02:15:49: Assembling T2 at Xi=6.155124e+00... 
02/05/15::02:15:49: Assembling BEM matrix block (1,1) 
02/05/15::02:40:16: LU-factorizing T1 at Xi=6.15512... 
02/05/15::02:40:16: LU-factorizing T2 at Xi=6.15512... 
02/05/15::02:40:22: Applying transform 0.398107... 
02/05/15::02:40:22:  Assembling U(0,1) 
02/05/15::02:40:22: Assembling BEM matrix block (0,1) 
02/05/15::02:44:48:   Computing ZForce... 
02/05/15::02:44:50: Computing Casimir integrand at Xi=6.5947
 
02/05/15::02:44:50: Assembling T1 at Xi=6.594705e+00... 
02/05/15::02:44:50: Assembling BEM matrix block (0,0) 
02/05/15::02:46:30: Assembling T2 at Xi=6.594705e+00... 
02/05/15::02:46:30: Assembling BEM matrix block (1,1) 
02/05/15::03:10:53: LU-factorizing T1 at Xi=6.5947... 
02/05/15::03:10:53: LU-factorizing T2 at Xi=6.5947... 
02/05/15::03:10:59: Applying transform 0.398107... 
02/05/15::03:10:59:  Assembling U(0,1) 
02/05/15::03:10:59: Assembling BEM matrix block (0,1) 
02/05/15::03:15:22:   Computing ZForce... 
02/05/15::03:15:24: Computing Casimir integrand at Xi=7.03429
 
02/05/15::03:15:24: Assembling T1 at Xi=7.034285e+00... 
02/05/15::03:15:24: Assembling BEM matrix block (0,0) 
02/05/15::03:17:04: Assembling T2 at Xi=7.034285e+00... 
02/05/15::03:17:04: Assembling BEM matrix block (1,1) 
02/05/15::03:41:27: LU-factorizing T1 at Xi=7.03429... 
02/05/15::03:41:27: LU-factorizing T2 at Xi=7.03429... 
02/05/15::03:41:32: Applying transform 0.398107... 
02/05/15::03:41:32:  Assembling U(0,1) 
02/05/15::03:41:32: Assembling BEM matrix block (0,1) 
02/05/15::03:45:56:   Computing ZForce... 
02/05/15::03:45:58: Computing Casimir integrand at Xi=7.47387
 
02/05/15::03:45:58: Assembling T1 at Xi=7.473865e+00... 
02/05/15::03:45:58: Assembling BEM matrix block (0,0) 
02/05/15::03:47:39: Assembling T2 at Xi=7.473865e+00... 
02/05/15::03:47:39: Assembling BEM matrix block (1,1) 
02/05/15::04:12:07: LU-factorizing T1 at Xi=7.47387... 
02/05/15::04:12:07: LU-factorizing T2 at Xi=7.47387... 
02/05/15::04:12:13: Applying transform 0.398107... 
02/05/15::04:12:13:  Assembling U(0,1) 
02/05/15::04:12:13: Assembling BEM matrix block (0,1) 
02/05/15::04:16:39:   Computing ZForce... 
02/05/15::04:16:42: Computing Casimir integrand at Xi=7.91345
 
02/05/15::04:16:42: Assembling T1 at Xi=7.913446e+00... 
02/05/15::04:16:42: Assembling BEM matrix block (0,0) 
02/05/15::04:18:23: Assembling T2 at Xi=7.913446e+00... 
02/05/15::04:18:23: Assembling BEM matrix block (1,1) 
02/05/15::04:43:00: LU-factorizing T1 at Xi=7.91345... 
02/05/15::04:43:00: LU-factorizing T2 at Xi=7.91345... 
02/05/15::04:43:06: Applying transform 0.398107... 
02/05/15::04:43:06:  Assembling U(0,1) 
02/05/15::04:43:06: Assembling BEM matrix block (0,1) 
02/05/15::04:47:33:   Computing ZForce... 
02/05/15::04:47:36: Computing Casimir integrand at Xi=8.35303
 
02/05/15::04:47:36: Assembling T1 at Xi=8.353026e+00... 
02/05/15::04:47:36: Assembling BEM matrix block (0,0) 
02/05/15::04:49:17: Assembling T2 at Xi=8.353026e+00... 
02/05/15::04:49:17: Assembling BEM matrix block (1,1) 
02/05/15::05:13:53: LU-factorizing T1 at Xi=8.35303... 
02/05/15::05:13:53: LU-factorizing T2 at Xi=8.35303... 
02/05/15::05:14:00: Applying transform 0.398107... 
02/05/15::05:14:00:  Assembling U(0,1) 
02/05/15::05:14:00: Assembling BEM matrix block (0,1) 
02/05/15::05:18:24:   Computing ZForce... 
02/05/15::05:18:27: Computing Casimir integrand at Xi=8.79261
 
02/05/15::05:18:27: Assembling T1 at Xi=8.792606e+00... 
02/05/15::05:18:27: Assembling BEM matrix block (0,0) 
02/05/15::05:20:07: Assembling T2 at Xi=8.792606e+00... 
02/05/15::05:20:07: Assembling BEM matrix block (1,1) 
02/05/15::05:44:41: LU-factorizing T1 at Xi=8.79261... 
02/05/15::05:44:42: LU-factorizing T2 at Xi=8.79261... 
02/05/15::05:44:48: Applying transform 0.398107... 
02/05/15::05:44:48:  Assembling U(0,1) 
02/05/15::05:44:48: Assembling BEM matrix block (0,1) 
02/05/15::05:49:13:   Computing ZForce... 
02/05/15::05:49:16: Computing Casimir integrand at Xi=9.23219
 
02/05/15::05:49:16: Assembling T1 at Xi=9.232187e+00... 
02/05/15::05:49:16: Assembling BEM matrix block (0,0) 
02/05/15::05:50:56: Assembling T2 at Xi=9.232187e+00... 
02/05/15::05:50:56: Assembling BEM matrix block (1,1) 
02/05/15::06:15:30: LU-factorizing T1 at Xi=9.23219... 
02/05/15::06:15:30: LU-factorizing T2 at Xi=9.23219... 
02/05/15::06:15:37: Applying transform 0.398107... 
02/05/15::06:15:37:  Assembling U(0,1) 
02/05/15::06:15:37: Assembling BEM matrix block (0,1) 
02/05/15::06:20:03:   Computing ZForce... 
02/05/15::06:20:05: Computing Casimir integrand at Xi=9.67177
 
02/05/15::06:20:05: Assembling T1 at Xi=9.671767e+00... 
02/05/15::06:20:05: Assembling BEM matrix block (0,0) 
02/05/15::06:21:46: Assembling T2 at Xi=9.671767e+00... 
02/05/15::06:21:46: Assembling BEM matrix block (1,1) 
02/05/15::06:46:20: LU-factorizing T1 at Xi=9.67177... 
02/05/15::06:46:20: LU-factorizing T2 at Xi=9.67177... 
02/05/15::06:46:28: Applying transform 0.398107... 
02/05/15::06:46:28:  Assembling U(0,1) 
02/05/15::06:46:28: Assembling BEM matrix block (0,1) 
02/05/15::06:50:56:   Computing ZForce... 
