02/03/15::18:30:16: scuff-cas3D running on hequ0127 
02/03/15::18:30:16: Setting material properties of exterior region to VACUUM. 
02/03/15::18:30:16: Flipped 514 panel normals to comport with region definitions. 
02/03/15::18:30:16: Computing full zero-temperature Casimir quantities. 
02/03/15::18:30:16: Read 1 geometrical transformations from file Bead_L-0.501187.trans. 
02/03/15::18:30:16: Minimum distance between surface points=5.011870e-01 
02/03/15::18:30:16: Computing Casimir integrand at Xi=0.001
 
02/03/15::18:30:16: Assembling T1 at Xi=1.000000e-03... 
02/03/15::18:30:16: Assembling BEM matrix block (0,0) 
02/03/15::18:30:43: Assembling T2 at Xi=1.000000e-03... 
02/03/15::18:30:43: Assembling BEM matrix block (1,1) 
02/03/15::18:56:04: LU-factorizing T1 at Xi=0.001... 
02/03/15::18:56:04: LU-factorizing T2 at Xi=0.001... 
02/03/15::18:56:39: Applying transform 0.501187... 
02/03/15::18:56:39:  Assembling U(0,1) 
02/03/15::18:56:39: Assembling BEM matrix block (0,1) 
02/03/15::19:01:14:   Computing ZForce... 
02/03/15::19:01:29: Computing Casimir integrand at Xi=0.175586
 
02/03/15::19:01:29: Assembling T1 at Xi=1.755855e-01... 
02/03/15::19:01:29: Assembling BEM matrix block (0,0) 
02/03/15::19:01:33: Assembling T2 at Xi=1.755855e-01... 
02/03/15::19:01:33: Assembling BEM matrix block (1,1) 
02/03/15::19:24:21: LU-factorizing T1 at Xi=0.175586... 
02/03/15::19:24:21: LU-factorizing T2 at Xi=0.175586... 
02/03/15::19:24:56: Applying transform 0.501187... 
02/03/15::19:24:56:  Assembling U(0,1) 
02/03/15::19:24:56: Assembling BEM matrix block (0,1) 
02/03/15::19:29:15:   Computing ZForce... 
02/03/15::19:29:29: Computing Casimir integrand at Xi=0.350171
 
02/03/15::19:29:29: Assembling T1 at Xi=3.501711e-01... 
02/03/15::19:29:29: Assembling BEM matrix block (0,0) 
02/03/15::19:29:34: Assembling T2 at Xi=3.501711e-01... 
02/03/15::19:29:34: Assembling BEM matrix block (1,1) 
02/03/15::19:52:30: LU-factorizing T1 at Xi=0.350171... 
02/03/15::19:52:30: LU-factorizing T2 at Xi=0.350171... 
02/03/15::19:53:05: Applying transform 0.501187... 
02/03/15::19:53:05:  Assembling U(0,1) 
02/03/15::19:53:05: Assembling BEM matrix block (0,1) 
02/03/15::19:57:24:   Computing ZForce... 
02/03/15::19:57:38: Computing Casimir integrand at Xi=0.699342
 
02/03/15::19:57:38: Assembling T1 at Xi=6.993421e-01... 
02/03/15::19:57:38: Assembling BEM matrix block (0,0) 
02/03/15::19:57:44: Assembling T2 at Xi=6.993421e-01... 
02/03/15::19:57:44: Assembling BEM matrix block (1,1) 
02/03/15::20:21:05: LU-factorizing T1 at Xi=0.699342... 
02/03/15::20:21:05: LU-factorizing T2 at Xi=0.699342... 
02/03/15::20:21:40: Applying transform 0.501187... 
02/03/15::20:21:40:  Assembling U(0,1) 
02/03/15::20:21:40: Assembling BEM matrix block (0,1) 
02/03/15::20:26:00:   Computing ZForce... 
02/03/15::20:26:15: Computing Casimir integrand at Xi=1.04851
 
02/03/15::20:26:15: Assembling T1 at Xi=1.048513e+00... 
02/03/15::20:26:15: Assembling BEM matrix block (0,0) 
02/03/15::20:26:22: Assembling T2 at Xi=1.048513e+00... 
02/03/15::20:26:22: Assembling BEM matrix block (1,1) 
02/03/15::21:06:25: LU-factorizing T1 at Xi=1.04851... 
02/03/15::21:06:25: LU-factorizing T2 at Xi=1.04851... 
02/03/15::21:07:00: Applying transform 0.501187... 
02/03/15::21:07:00:  Assembling U(0,1) 
02/03/15::21:07:00: Assembling BEM matrix block (0,1) 
02/03/15::21:11:17:   Computing ZForce... 
02/03/15::21:11:32: Computing Casimir integrand at Xi=0.524757
 
02/03/15::21:11:32: Assembling T1 at Xi=5.247566e-01... 
02/03/15::21:11:32: Assembling BEM matrix block (0,0) 
02/03/15::21:11:37: Assembling T2 at Xi=5.247566e-01... 
02/03/15::21:11:37: Assembling BEM matrix block (1,1) 
02/03/15::21:34:47: LU-factorizing T1 at Xi=0.524757... 
02/03/15::21:34:47: LU-factorizing T2 at Xi=0.524757... 
02/03/15::21:35:22: Applying transform 0.501187... 
02/03/15::21:35:22:  Assembling U(0,1) 
02/03/15::21:35:22: Assembling BEM matrix block (0,1) 
02/03/15::21:39:41:   Computing ZForce... 
02/03/15::21:39:56: Computing Casimir integrand at Xi=1.04851
 
02/03/15::21:39:56: Assembling T1 at Xi=1.048513e+00... 
02/03/15::21:39:56: Assembling BEM matrix block (0,0) 
02/03/15::21:40:03: Assembling T2 at Xi=1.048513e+00... 
02/03/15::21:40:03: Assembling BEM matrix block (1,1) 
02/03/15::22:20:09: LU-factorizing T1 at Xi=1.04851... 
02/03/15::22:20:10: LU-factorizing T2 at Xi=1.04851... 
02/03/15::22:20:45: Applying transform 0.501187... 
02/03/15::22:20:45:  Assembling U(0,1) 
02/03/15::22:20:45: Assembling BEM matrix block (0,1) 
02/03/15::22:25:02:   Computing ZForce... 
02/03/15::22:25:16: Computing Casimir integrand at Xi=1.39768
 
02/03/15::22:25:16: Assembling T1 at Xi=1.397684e+00... 
02/03/15::22:25:16: Assembling BEM matrix block (0,0) 
02/03/15::22:26:03: Assembling T2 at Xi=1.397684e+00... 
02/03/15::22:26:03: Assembling BEM matrix block (1,1) 
02/03/15::23:06:28: LU-factorizing T1 at Xi=1.39768... 
02/03/15::23:06:28: LU-factorizing T2 at Xi=1.39768... 
02/03/15::23:07:04: Applying transform 0.501187... 
02/03/15::23:07:04:  Assembling U(0,1) 
02/03/15::23:07:04: Assembling BEM matrix block (0,1) 
02/03/15::23:11:18:   Computing ZForce... 
02/03/15::23:11:32: Computing Casimir integrand at Xi=0.873928
 
02/03/15::23:11:32: Assembling T1 at Xi=8.739277e-01... 
02/03/15::23:11:32: Assembling BEM matrix block (0,0) 
02/03/15::23:11:39: Assembling T2 at Xi=8.739277e-01... 
02/03/15::23:11:39: Assembling BEM matrix block (1,1) 
02/03/15::23:34:58: LU-factorizing T1 at Xi=0.873928... 
02/03/15::23:34:58: LU-factorizing T2 at Xi=0.873928... 
02/03/15::23:35:33: Applying transform 0.501187... 
02/03/15::23:35:33:  Assembling U(0,1) 
02/03/15::23:35:33: Assembling BEM matrix block (0,1) 
02/03/15::23:39:54:   Computing ZForce... 
02/03/15::23:40:08: Computing Casimir integrand at Xi=1.39768
 
02/03/15::23:40:08: Assembling T1 at Xi=1.397684e+00... 
02/03/15::23:40:08: Assembling BEM matrix block (0,0) 
02/03/15::23:40:55: Assembling T2 at Xi=1.397684e+00... 
02/03/15::23:40:55: Assembling BEM matrix block (1,1) 
02/04/15::00:21:34: LU-factorizing T1 at Xi=1.39768... 
02/04/15::00:21:34: LU-factorizing T2 at Xi=1.39768... 
02/04/15::00:22:09: Applying transform 0.501187... 
02/04/15::00:22:09:  Assembling U(0,1) 
02/04/15::00:22:09: Assembling BEM matrix block (0,1) 
02/04/15::00:26:28:   Computing ZForce... 
02/04/15::00:26:42: Computing Casimir integrand at Xi=1.74686
 
02/04/15::00:26:43: Assembling T1 at Xi=1.746855e+00... 
02/04/15::00:26:43: Assembling BEM matrix block (0,0) 
02/04/15::00:28:04: Assembling T2 at Xi=1.746855e+00... 
02/04/15::00:28:04: Assembling BEM matrix block (1,1) 
02/04/15::01:10:17: LU-factorizing T1 at Xi=1.74686... 
02/04/15::01:10:17: LU-factorizing T2 at Xi=1.74686... 
02/04/15::01:10:52: Applying transform 0.501187... 
02/04/15::01:10:52:  Assembling U(0,1) 
02/04/15::01:10:52: Assembling BEM matrix block (0,1) 
02/04/15::01:15:08:   Computing ZForce... 
02/04/15::01:15:23: Computing Casimir integrand at Xi=1.2231
 
02/04/15::01:15:23: Assembling T1 at Xi=1.223099e+00... 
02/04/15::01:15:23: Assembling BEM matrix block (0,0) 
02/04/15::01:15:43: Assembling T2 at Xi=1.223099e+00... 
02/04/15::01:15:43: Assembling BEM matrix block (1,1) 
02/04/15::01:56:08: LU-factorizing T1 at Xi=1.2231... 
02/04/15::01:56:08: LU-factorizing T2 at Xi=1.2231... 
02/04/15::01:56:43: Applying transform 0.501187... 
02/04/15::01:56:43:  Assembling U(0,1) 
02/04/15::01:56:44: Assembling BEM matrix block (0,1) 
02/04/15::02:01:03:   Computing ZForce... 
02/04/15::02:01:18: Computing Casimir integrand at Xi=1.74686
 
02/04/15::02:01:18: Assembling T1 at Xi=1.746855e+00... 
02/04/15::02:01:18: Assembling BEM matrix block (0,0) 
02/04/15::02:02:40: Assembling T2 at Xi=1.746855e+00... 
02/04/15::02:02:41: Assembling BEM matrix block (1,1) 
02/04/15::02:44:25: LU-factorizing T1 at Xi=1.74686... 
02/04/15::02:44:25: LU-factorizing T2 at Xi=1.74686... 
02/04/15::02:45:00: Applying transform 0.501187... 
02/04/15::02:45:00:  Assembling U(0,1) 
02/04/15::02:45:00: Assembling BEM matrix block (0,1) 
02/04/15::02:49:18:   Computing ZForce... 
02/04/15::02:49:32: Computing Casimir integrand at Xi=2.09603
 
02/04/15::02:49:32: Assembling T1 at Xi=2.096026e+00... 
02/04/15::02:49:32: Assembling BEM matrix block (0,0) 
02/04/15::02:50:58: Assembling T2 at Xi=2.096026e+00... 
02/04/15::02:50:58: Assembling BEM matrix block (1,1) 
02/04/15::03:33:33: LU-factorizing T1 at Xi=2.09603... 
02/04/15::03:33:33: LU-factorizing T2 at Xi=2.09603... 
02/04/15::03:34:08: Applying transform 0.501187... 
02/04/15::03:34:08:  Assembling U(0,1) 
02/04/15::03:34:08: Assembling BEM matrix block (0,1) 
02/04/15::03:38:26:   Computing ZForce... 
02/04/15::03:38:40: Computing Casimir integrand at Xi=1.57227
 
02/04/15::03:38:40: Assembling T1 at Xi=1.572270e+00... 
02/04/15::03:38:40: Assembling BEM matrix block (0,0) 
02/04/15::03:39:50: Assembling T2 at Xi=1.572270e+00... 
02/04/15::03:39:50: Assembling BEM matrix block (1,1) 
02/04/15::04:20:56: LU-factorizing T1 at Xi=1.57227... 
02/04/15::04:20:56: LU-factorizing T2 at Xi=1.57227... 
02/04/15::04:21:31: Applying transform 0.501187... 
02/04/15::04:21:31:  Assembling U(0,1) 
02/04/15::04:21:31: Assembling BEM matrix block (0,1) 
02/04/15::04:25:44:   Computing ZForce... 
02/04/15::04:25:58: Computing Casimir integrand at Xi=1.48498
 
02/04/15::04:25:58: Assembling T1 at Xi=1.484977e+00... 
02/04/15::04:25:58: Assembling BEM matrix block (0,0) 
02/04/15::04:26:55: Assembling T2 at Xi=1.484977e+00... 
02/04/15::04:26:55: Assembling BEM matrix block (1,1) 
02/04/15::05:07:45: LU-factorizing T1 at Xi=1.48498... 
02/04/15::05:07:45: LU-factorizing T2 at Xi=1.48498... 
02/04/15::05:08:19: Applying transform 0.501187... 
02/04/15::05:08:19:  Assembling U(0,1) 
02/04/15::05:08:19: Assembling BEM matrix block (0,1) 
02/04/15::05:12:30:   Computing ZForce... 
02/04/15::05:12:44: Computing Casimir integrand at Xi=1.74686
 
02/04/15::05:12:44: Assembling T1 at Xi=1.746855e+00... 
02/04/15::05:12:44: Assembling BEM matrix block (0,0) 
02/04/15::05:14:03: Assembling T2 at Xi=1.746855e+00... 
02/04/15::05:14:03: Assembling BEM matrix block (1,1) 
02/04/15::05:55:59: LU-factorizing T1 at Xi=1.74686... 
02/04/15::05:55:59: LU-factorizing T2 at Xi=1.74686... 
02/04/15::05:56:33: Applying transform 0.501187... 
02/04/15::05:56:33:  Assembling U(0,1) 
02/04/15::05:56:33: Assembling BEM matrix block (0,1) 
02/04/15::06:00:41:   Computing ZForce... 
02/04/15::06:00:55: Computing Casimir integrand at Xi=1.92144
 
02/04/15::06:00:55: Assembling T1 at Xi=1.921441e+00... 
02/04/15::06:00:55: Assembling BEM matrix block (0,0) 
02/04/15::06:02:17: Assembling T2 at Xi=1.921441e+00... 
02/04/15::06:02:17: Assembling BEM matrix block (1,1) 
02/04/15::06:44:44: LU-factorizing T1 at Xi=1.92144... 
02/04/15::06:44:44: LU-factorizing T2 at Xi=1.92144... 
02/04/15::06:45:20: Applying transform 0.501187... 
02/04/15::06:45:20:  Assembling U(0,1) 
02/04/15::06:45:20: Assembling BEM matrix block (0,1) 
02/04/15::06:49:36:   Computing ZForce... 
02/04/15::06:49:51: Computing Casimir integrand at Xi=1.65956
 
02/04/15::06:49:51: Assembling T1 at Xi=1.659563e+00... 
02/04/15::06:49:51: Assembling BEM matrix block (0,0) 
02/04/15::06:51:08: Assembling T2 at Xi=1.659563e+00... 
02/04/15::06:51:08: Assembling BEM matrix block (1,1) 
02/04/15::07:32:47: LU-factorizing T1 at Xi=1.65956... 
02/04/15::07:32:47: LU-factorizing T2 at Xi=1.65956... 
02/04/15::07:33:23: Applying transform 0.501187... 
02/04/15::07:33:23:  Assembling U(0,1) 
02/04/15::07:33:23: Assembling BEM matrix block (0,1) 
02/04/15::07:37:37:   Computing ZForce... 
02/04/15::07:37:52: Computing Casimir integrand at Xi=1.61592
 
02/04/15::07:37:52: Assembling T1 at Xi=1.615916e+00... 
02/04/15::07:37:52: Assembling BEM matrix block (0,0) 
02/04/15::07:39:05: Assembling T2 at Xi=1.615916e+00... 
02/04/15::07:39:05: Assembling BEM matrix block (1,1) 
02/04/15::08:20:06: LU-factorizing T1 at Xi=1.61592... 
02/04/15::08:20:06: LU-factorizing T2 at Xi=1.61592... 
02/04/15::08:20:41: Applying transform 0.501187... 
02/04/15::08:20:41:  Assembling U(0,1) 
02/04/15::08:20:41: Assembling BEM matrix block (0,1) 
02/04/15::08:24:56:   Computing ZForce... 
02/04/15::08:25:10: Computing Casimir integrand at Xi=1.70321
 
02/04/15::08:25:10: Assembling T1 at Xi=1.703209e+00... 
02/04/15::08:25:10: Assembling BEM matrix block (0,0) 
02/04/15::08:26:30: Assembling T2 at Xi=1.703209e+00... 
02/04/15::08:26:30: Assembling BEM matrix block (1,1) 
02/04/15::09:08:14: LU-factorizing T1 at Xi=1.70321... 
02/04/15::09:08:14: LU-factorizing T2 at Xi=1.70321... 
02/04/15::09:08:49: Applying transform 0.501187... 
02/04/15::09:08:49:  Assembling U(0,1) 
02/04/15::09:08:49: Assembling BEM matrix block (0,1) 
02/04/15::09:13:05:   Computing ZForce... 
02/04/15::09:13:19: Computing Casimir integrand at Xi=1.74686
 
02/04/15::09:13:19: Assembling T1 at Xi=1.746855e+00... 
02/04/15::09:13:19: Assembling BEM matrix block (0,0) 
02/04/15::09:14:41: Assembling T2 at Xi=1.746855e+00... 
02/04/15::09:14:41: Assembling BEM matrix block (1,1) 
02/04/15::09:56:41: LU-factorizing T1 at Xi=1.74686... 
02/04/15::09:56:41: LU-factorizing T2 at Xi=1.74686... 
02/04/15::09:57:16: Applying transform 0.501187... 
02/04/15::09:57:16:  Assembling U(0,1) 
02/04/15::09:57:16: Assembling BEM matrix block (0,1) 
02/04/15::10:01:31:   Computing ZForce... 
02/04/15::10:01:46: Computing Casimir integrand at Xi=1.68139
 
02/04/15::10:01:46: Assembling T1 at Xi=1.681386e+00... 
02/04/15::10:01:46: Assembling BEM matrix block (0,0) 
02/04/15::10:03:04: Assembling T2 at Xi=1.681386e+00... 
02/04/15::10:03:04: Assembling BEM matrix block (1,1) 
02/04/15::10:45:15: LU-factorizing T1 at Xi=1.68139... 
02/04/15::10:45:15: LU-factorizing T2 at Xi=1.68139... 
02/04/15::10:45:50: Applying transform 0.501187... 
02/04/15::10:45:50:  Assembling U(0,1) 
02/04/15::10:45:50: Assembling BEM matrix block (0,1) 
02/04/15::10:50:06:   Computing ZForce... 
02/04/15::10:50:21: Computing Casimir integrand at Xi=1.74686
 
02/04/15::10:50:21: Assembling T1 at Xi=1.746855e+00... 
02/04/15::10:50:21: Assembling BEM matrix block (0,0) 
02/04/15::10:51:43: Assembling T2 at Xi=1.746855e+00... 
02/04/15::10:51:43: Assembling BEM matrix block (1,1) 
02/04/15::11:33:56: LU-factorizing T1 at Xi=1.74686... 
02/04/15::11:33:56: LU-factorizing T2 at Xi=1.74686... 
02/04/15::11:34:31: Applying transform 0.501187... 
02/04/15::11:34:31:  Assembling U(0,1) 
02/04/15::11:34:31: Assembling BEM matrix block (0,1) 
02/04/15::11:38:47:   Computing ZForce... 
02/04/15::11:39:02: Computing Casimir integrand at Xi=1.7905
 
02/04/15::11:39:02: Assembling T1 at Xi=1.790502e+00... 
02/04/15::11:39:02: Assembling BEM matrix block (0,0) 
02/04/15::11:40:25: Assembling T2 at Xi=1.790502e+00... 
02/04/15::11:40:25: Assembling BEM matrix block (1,1) 
02/04/15::12:22:32: LU-factorizing T1 at Xi=1.7905... 
02/04/15::12:22:32: LU-factorizing T2 at Xi=1.7905... 
02/04/15::12:23:07: Applying transform 0.501187... 
02/04/15::12:23:07:  Assembling U(0,1) 
02/04/15::12:23:07: Assembling BEM matrix block (0,1) 
02/04/15::12:27:22:   Computing ZForce... 
02/04/15::12:27:37: Computing Casimir integrand at Xi=1.72503
 
02/04/15::12:27:37: Assembling T1 at Xi=1.725032e+00... 
02/04/15::12:27:37: Assembling BEM matrix block (0,0) 
02/04/15::12:28:58: Assembling T2 at Xi=1.725032e+00... 
02/04/15::12:28:58: Assembling BEM matrix block (1,1) 
02/04/15::13:11:13: LU-factorizing T1 at Xi=1.72503... 
02/04/15::13:11:13: LU-factorizing T2 at Xi=1.72503... 
02/04/15::13:11:47: Applying transform 0.501187... 
02/04/15::13:11:47:  Assembling U(0,1) 
02/04/15::13:11:47: Assembling BEM matrix block (0,1) 
02/04/15::13:15:56:   Computing ZForce... 
02/04/15::13:16:10: Computing Casimir integrand at Xi=1.71412
 
02/04/15::13:16:10: Assembling T1 at Xi=1.714121e+00... 
02/04/15::13:16:10: Assembling BEM matrix block (0,0) 
02/04/15::13:17:31: Assembling T2 at Xi=1.714121e+00... 
02/04/15::13:17:31: Assembling BEM matrix block (1,1) 
02/04/15::13:59:10: LU-factorizing T1 at Xi=1.71412... 
02/04/15::13:59:10: LU-factorizing T2 at Xi=1.71412... 
02/04/15::13:59:45: Applying transform 0.501187... 
02/04/15::13:59:45:  Assembling U(0,1) 
02/04/15::13:59:45: Assembling BEM matrix block (0,1) 
02/04/15::14:04:00:   Computing ZForce... 
02/04/15::14:04:15: Computing Casimir integrand at Xi=1.70866
 
02/04/15::14:04:15: Assembling T1 at Xi=1.708665e+00... 
02/04/15::14:04:15: Assembling BEM matrix block (0,0) 
02/04/15::14:05:36: Assembling T2 at Xi=1.708665e+00... 
02/04/15::14:05:36: Assembling BEM matrix block (1,1) 
02/04/15::14:47:19: LU-factorizing T1 at Xi=1.70866... 
02/04/15::14:47:19: LU-factorizing T2 at Xi=1.70866... 
02/04/15::14:47:55: Applying transform 0.501187... 
02/04/15::14:47:55:  Assembling U(0,1) 
02/04/15::14:47:55: Assembling BEM matrix block (0,1) 
02/04/15::14:52:08:   Computing ZForce... 
02/04/15::14:52:23: Computing Casimir integrand at Xi=1.70594
 
02/04/15::14:52:23: Assembling T1 at Xi=1.705937e+00... 
02/04/15::14:52:23: Assembling BEM matrix block (0,0) 
02/04/15::14:53:43: Assembling T2 at Xi=1.705937e+00... 
02/04/15::14:53:43: Assembling BEM matrix block (1,1) 
02/04/15::15:35:43: LU-factorizing T1 at Xi=1.70594... 
02/04/15::15:35:43: LU-factorizing T2 at Xi=1.70594... 
02/04/15::15:36:20: Applying transform 0.501187... 
02/04/15::15:36:20:  Assembling U(0,1) 
02/04/15::15:36:20: Assembling BEM matrix block (0,1) 
02/04/15::15:40:38:   Computing ZForce... 
02/04/15::15:40:53: Computing Casimir integrand at Xi=1.70457
 
02/04/15::15:40:53: Assembling T1 at Xi=1.704573e+00... 
02/04/15::15:40:53: Assembling BEM matrix block (0,0) 
02/04/15::15:42:13: Assembling T2 at Xi=1.704573e+00... 
02/04/15::15:42:13: Assembling BEM matrix block (1,1) 
02/04/15::16:23:54: LU-factorizing T1 at Xi=1.70457... 
02/04/15::16:23:54: LU-factorizing T2 at Xi=1.70457... 
02/04/15::16:24:30: Applying transform 0.501187... 
02/04/15::16:24:30:  Assembling U(0,1) 
02/04/15::16:24:30: Assembling BEM matrix block (0,1) 
02/04/15::16:28:46:   Computing ZForce... 
02/04/15::16:29:01: Computing Casimir integrand at Xi=1.70866
 
02/04/15::16:29:01: Assembling T1 at Xi=1.708665e+00... 
02/04/15::16:29:01: Assembling BEM matrix block (0,0) 
02/04/15::16:30:21: Assembling T2 at Xi=1.708665e+00... 
02/04/15::16:30:21: Assembling BEM matrix block (1,1) 
02/04/15::17:12:16: LU-factorizing T1 at Xi=1.70866... 
02/04/15::17:12:16: LU-factorizing T2 at Xi=1.70866... 
02/04/15::17:12:52: Applying transform 0.501187... 
02/04/15::17:12:52:  Assembling U(0,1) 
02/04/15::17:12:52: Assembling BEM matrix block (0,1) 
02/04/15::17:17:08:   Computing ZForce... 
02/04/15::17:17:23: Computing Casimir integrand at Xi=1.71139
 
02/04/15::17:17:23: Assembling T1 at Xi=1.711393e+00... 
02/04/15::17:17:23: Assembling BEM matrix block (0,0) 
02/04/15::17:18:44: Assembling T2 at Xi=1.711393e+00... 
02/04/15::17:18:44: Assembling BEM matrix block (1,1) 
02/04/15::18:00:40: LU-factorizing T1 at Xi=1.71139... 
02/04/15::18:00:40: LU-factorizing T2 at Xi=1.71139... 
02/04/15::18:01:15: Applying transform 0.501187... 
02/04/15::18:01:15:  Assembling U(0,1) 
02/04/15::18:01:15: Assembling BEM matrix block (0,1) 
02/04/15::18:05:30:   Computing ZForce... 
02/04/15::18:05:45: Computing Casimir integrand at Xi=1.7073
 
02/04/15::18:05:45: Assembling T1 at Xi=1.707301e+00... 
02/04/15::18:05:45: Assembling BEM matrix block (0,0) 
02/04/15::18:07:05: Assembling T2 at Xi=1.707301e+00... 
02/04/15::18:07:05: Assembling BEM matrix block (1,1) 
02/04/15::18:48:57: LU-factorizing T1 at Xi=1.7073... 
02/04/15::18:48:57: LU-factorizing T2 at Xi=1.7073... 
02/04/15::18:49:32: Applying transform 0.501187... 
02/04/15::18:49:32:  Assembling U(0,1) 
02/04/15::18:49:32: Assembling BEM matrix block (0,1) 
02/04/15::18:53:48:   Computing ZForce... 
02/04/15::18:54:02: Computing Casimir integrand at Xi=1.70662
 
02/04/15::18:54:02: Assembling T1 at Xi=1.706619e+00... 
02/04/15::18:54:02: Assembling BEM matrix block (0,0) 
02/04/15::18:55:23: Assembling T2 at Xi=1.706619e+00... 
02/04/15::18:55:23: Assembling BEM matrix block (1,1) 
02/04/15::19:37:55: LU-factorizing T1 at Xi=1.70662... 
02/04/15::19:37:55: LU-factorizing T2 at Xi=1.70662... 
02/04/15::19:38:30: Applying transform 0.501187... 
02/04/15::19:38:30:  Assembling U(0,1) 
02/04/15::19:38:30: Assembling BEM matrix block (0,1) 
02/04/15::19:42:47:   Computing ZForce... 
02/04/15::19:43:02: Computing Casimir integrand at Xi=1.70628
 
02/04/15::19:43:02: Assembling T1 at Xi=1.706278e+00... 
02/04/15::19:43:02: Assembling BEM matrix block (0,0) 
02/04/15::19:44:22: Assembling T2 at Xi=1.706278e+00... 
02/04/15::19:44:22: Assembling BEM matrix block (1,1) 
02/04/15::20:26:25: LU-factorizing T1 at Xi=1.70628... 
02/04/15::20:26:26: LU-factorizing T2 at Xi=1.70628... 
02/04/15::20:27:02: Applying transform 0.501187... 
02/04/15::20:27:02:  Assembling U(0,1) 
02/04/15::20:27:02: Assembling BEM matrix block (0,1) 
02/04/15::20:31:17:   Computing ZForce... 
02/04/15::20:31:32: Computing Casimir integrand at Xi=1.7073
 
02/04/15::20:31:32: Assembling T1 at Xi=1.707301e+00... 
02/04/15::20:31:32: Assembling BEM matrix block (0,0) 
02/04/15::20:32:53: Assembling T2 at Xi=1.707301e+00... 
02/04/15::20:32:53: Assembling BEM matrix block (1,1) 
02/04/15::21:14:37: LU-factorizing T1 at Xi=1.7073... 
02/04/15::21:14:37: LU-factorizing T2 at Xi=1.7073... 
02/04/15::21:15:12: Applying transform 0.501187... 
02/04/15::21:15:12:  Assembling U(0,1) 
02/04/15::21:15:12: Assembling BEM matrix block (0,1) 
02/04/15::21:19:28:   Computing ZForce... 
02/04/15::21:19:42: Computing Casimir integrand at Xi=1.70798
 
02/04/15::21:19:42: Assembling T1 at Xi=1.707983e+00... 
02/04/15::21:19:42: Assembling BEM matrix block (0,0) 
02/04/15::21:21:03: Assembling T2 at Xi=1.707983e+00... 
02/04/15::21:21:03: Assembling BEM matrix block (1,1) 
02/04/15::22:02:58: LU-factorizing T1 at Xi=1.70798... 
02/04/15::22:02:58: LU-factorizing T2 at Xi=1.70798... 
02/04/15::22:03:33: Applying transform 0.501187... 
02/04/15::22:03:33:  Assembling U(0,1) 
02/04/15::22:03:33: Assembling BEM matrix block (0,1) 
02/04/15::22:07:49:   Computing ZForce... 
02/04/15::22:08:03: Computing Casimir integrand at Xi=1.70696
 
02/04/15::22:08:03: Assembling T1 at Xi=1.706960e+00... 
02/04/15::22:08:03: Assembling BEM matrix block (0,0) 
02/04/15::22:09:24: Assembling T2 at Xi=1.706960e+00... 
02/04/15::22:09:24: Assembling BEM matrix block (1,1) 
02/04/15::22:51:21: LU-factorizing T1 at Xi=1.70696... 
02/04/15::22:51:21: LU-factorizing T2 at Xi=1.70696... 
02/04/15::22:51:56: Applying transform 0.501187... 
02/04/15::22:51:56:  Assembling U(0,1) 
02/04/15::22:51:56: Assembling BEM matrix block (0,1) 
02/04/15::22:56:12:   Computing ZForce... 
02/04/15::22:56:26: Computing Casimir integrand at Xi=1.70679
 
02/04/15::22:56:26: Assembling T1 at Xi=1.706789e+00... 
02/04/15::22:56:26: Assembling BEM matrix block (0,0) 
02/04/15::22:57:47: Assembling T2 at Xi=1.706789e+00... 
02/04/15::22:57:48: Assembling BEM matrix block (1,1) 
02/04/15::23:39:24: LU-factorizing T1 at Xi=1.70679... 
02/04/15::23:39:24: LU-factorizing T2 at Xi=1.70679... 
02/04/15::23:40:00: Applying transform 0.501187... 
02/04/15::23:40:00:  Assembling U(0,1) 
02/04/15::23:40:00: Assembling BEM matrix block (0,1) 
02/04/15::23:44:14:   Computing ZForce... 
02/04/15::23:44:28: Computing Casimir integrand at Xi=1.7067
 
02/04/15::23:44:28: Assembling T1 at Xi=1.706704e+00... 
02/04/15::23:44:28: Assembling BEM matrix block (0,0) 
02/04/15::23:45:49: Assembling T2 at Xi=1.706704e+00... 
02/04/15::23:45:49: Assembling BEM matrix block (1,1) 
02/05/15::00:27:18: LU-factorizing T1 at Xi=1.7067... 
02/05/15::00:27:18: LU-factorizing T2 at Xi=1.7067... 
02/05/15::00:27:53: Applying transform 0.501187... 
02/05/15::00:27:53:  Assembling U(0,1) 
02/05/15::00:27:53: Assembling BEM matrix block (0,1) 
02/05/15::00:32:08:   Computing ZForce... 
02/05/15::00:32:22: Computing Casimir integrand at Xi=1.70666
 
02/05/15::00:32:22: Assembling T1 at Xi=1.706661e+00... 
02/05/15::00:32:22: Assembling BEM matrix block (0,0) 
02/05/15::00:33:42: Assembling T2 at Xi=1.706661e+00... 
02/05/15::00:33:42: Assembling BEM matrix block (1,1) 
02/05/15::01:15:02: LU-factorizing T1 at Xi=1.70666... 
02/05/15::01:15:02: LU-factorizing T2 at Xi=1.70666... 
02/05/15::01:15:38: Applying transform 0.501187... 
02/05/15::01:15:38:  Assembling U(0,1) 
02/05/15::01:15:38: Assembling BEM matrix block (0,1) 
