02/05/15::00:29:54: scuff-cas3D running on kiso0063 
02/05/15::00:29:54: Setting material properties of exterior region to VACUUM. 
02/05/15::00:29:54: Flipped 500 panel normals to comport with region definitions. 
02/05/15::00:29:54: Computing full Matsubara-summed Casimir quantities at T=3.000000e+02 Kelvin. 
02/05/15::00:29:54: Read 1 geometrical transformations from file BeadPEC_300K_L-0.251189.trans. 
02/05/15::00:29:54: Beginning Matsubara sum at T=300 kelvin... 
02/05/15::00:29:54: Computing Casimir integrand at Xi=0.001
 
02/05/15::00:29:54: Assembling T1 at Xi=1.000000e-03... 
02/05/15::00:29:54: Assembling BEM matrix block (0,0) 
02/05/15::00:30:16: Assembling T2 at Xi=1.000000e-03... 
02/05/15::00:30:16: Assembling BEM matrix block (1,1) 
02/05/15::00:33:56: LU-factorizing T1 at Xi=0.001... 
02/05/15::00:33:56: LU-factorizing T2 at Xi=0.001... 
02/05/15::00:34:01: Applying transform 0.251189... 
02/05/15::00:34:01:  Assembling U(0,1) 
02/05/15::00:34:01: Assembling BEM matrix block (0,1) 
02/05/15::00:37:18:   Computing ZForce... 
02/05/15::00:37:20: Computing Casimir integrand at Xi=0.823279
 
02/05/15::00:37:20: Assembling T1 at Xi=8.232789e-01... 
02/05/15::00:37:20: Assembling BEM matrix block (0,0) 
02/05/15::00:37:22: Assembling T2 at Xi=8.232789e-01... 
02/05/15::00:37:22: Assembling BEM matrix block (1,1) 
02/05/15::00:39:27: LU-factorizing T1 at Xi=0.823279... 
02/05/15::00:39:27: LU-factorizing T2 at Xi=0.823279... 
02/05/15::00:39:32: Applying transform 0.251189... 
02/05/15::00:39:32:  Assembling U(0,1) 
02/05/15::00:39:32: Assembling BEM matrix block (0,1) 
02/05/15::00:42:36:   Computing ZForce... 
02/05/15::00:42:38: Computing Casimir integrand at Xi=1.64656
 
02/05/15::00:42:38: Assembling T1 at Xi=1.646558e+00... 
02/05/15::00:42:38: Assembling BEM matrix block (0,0) 
02/05/15::00:42:40: Assembling T2 at Xi=1.646558e+00... 
02/05/15::00:42:40: Assembling BEM matrix block (1,1) 
02/05/15::00:59:06: LU-factorizing T1 at Xi=1.64656... 
02/05/15::00:59:06: LU-factorizing T2 at Xi=1.64656... 
02/05/15::00:59:11: Applying transform 0.251189... 
02/05/15::00:59:11:  Assembling U(0,1) 
02/05/15::00:59:11: Assembling BEM matrix block (0,1) 
02/05/15::01:02:08:   Computing ZForce... 
02/05/15::01:02:10: Computing Casimir integrand at Xi=2.46984
 
02/05/15::01:02:10: Assembling T1 at Xi=2.469837e+00... 
02/05/15::01:02:10: Assembling BEM matrix block (0,0) 
02/05/15::01:02:12: Assembling T2 at Xi=2.469837e+00... 
02/05/15::01:02:12: Assembling BEM matrix block (1,1) 
02/05/15::01:18:51: LU-factorizing T1 at Xi=2.46984... 
02/05/15::01:18:51: LU-factorizing T2 at Xi=2.46984... 
02/05/15::01:18:56: Applying transform 0.251189... 
02/05/15::01:18:56:  Assembling U(0,1) 
02/05/15::01:18:56: Assembling BEM matrix block (0,1) 
02/05/15::01:42:35:   Computing ZForce... 
02/05/15::01:42:37: Computing Casimir integrand at Xi=4.11639
 
02/05/15::01:42:37: Assembling T1 at Xi=4.116394e+00... 
02/05/15::01:42:37: Assembling BEM matrix block (0,0) 
02/05/15::01:42:49: Assembling T2 at Xi=4.116394e+00... 
02/05/15::01:42:49: Assembling BEM matrix block (1,1) 
02/05/15::01:59:28: LU-factorizing T1 at Xi=4.11639... 
02/05/15::01:59:28: LU-factorizing T2 at Xi=4.11639... 
02/05/15::01:59:33: Applying transform 0.251189... 
02/05/15::01:59:33:  Assembling U(0,1) 
02/05/15::01:59:33: Assembling BEM matrix block (0,1) 
02/05/15::02:02:29:   Computing ZForce... 
02/05/15::02:02:31: Computing Casimir integrand at Xi=4.93967
 
02/05/15::02:02:31: Assembling T1 at Xi=4.939673e+00... 
02/05/15::02:02:31: Assembling BEM matrix block (0,0) 
02/05/15::02:03:16: Assembling T2 at Xi=4.939673e+00... 
02/05/15::02:03:16: Assembling BEM matrix block (1,1) 
02/05/15::02:19:59: LU-factorizing T1 at Xi=4.93967... 
02/05/15::02:19:59: LU-factorizing T2 at Xi=4.93967... 
02/05/15::02:20:04: Applying transform 0.251189... 
02/05/15::02:20:04:  Assembling U(0,1) 
02/05/15::02:20:04: Assembling BEM matrix block (0,1) 
02/05/15::02:23:00:   Computing ZForce... 
02/05/15::02:23:02: Computing Casimir integrand at Xi=5.76295
 
02/05/15::02:23:02: Assembling T1 at Xi=5.762952e+00... 
02/05/15::02:23:02: Assembling BEM matrix block (0,0) 
02/05/15::02:24:03: Assembling T2 at Xi=5.762952e+00... 
02/05/15::02:24:03: Assembling BEM matrix block (1,1) 
02/05/15::02:40:04: LU-factorizing T1 at Xi=5.76295... 
02/05/15::02:40:04: LU-factorizing T2 at Xi=5.76295... 
02/05/15::02:40:09: Applying transform 0.251189... 
02/05/15::02:40:09:  Assembling U(0,1) 
02/05/15::02:40:09: Assembling BEM matrix block (0,1) 
02/05/15::02:43:06:   Computing ZForce... 
02/05/15::02:43:08: Computing Casimir integrand at Xi=6.58623
 
02/05/15::02:43:08: Assembling T1 at Xi=6.586231e+00... 
02/05/15::02:43:08: Assembling BEM matrix block (0,0) 
02/05/15::02:44:13: Assembling T2 at Xi=6.586231e+00... 
02/05/15::02:44:13: Assembling BEM matrix block (1,1) 
02/05/15::03:00:11: LU-factorizing T1 at Xi=6.58623... 
02/05/15::03:00:11: LU-factorizing T2 at Xi=6.58623... 
02/05/15::03:00:16: Applying transform 0.251189... 
02/05/15::03:00:16:  Assembling U(0,1) 
02/05/15::03:00:16: Assembling BEM matrix block (0,1) 
02/05/15::03:03:14:   Computing ZForce... 
02/05/15::03:03:16: Computing Casimir integrand at Xi=7.40951
 
02/05/15::03:03:16: Assembling T1 at Xi=7.409510e+00... 
02/05/15::03:03:16: Assembling BEM matrix block (0,0) 
02/05/15::03:04:21: Assembling T2 at Xi=7.409510e+00... 
02/05/15::03:04:21: Assembling BEM matrix block (1,1) 
02/05/15::03:20:25: LU-factorizing T1 at Xi=7.40951... 
02/05/15::03:20:26: LU-factorizing T2 at Xi=7.40951... 
02/05/15::03:20:31: Applying transform 0.251189... 
02/05/15::03:20:31:  Assembling U(0,1) 
02/05/15::03:20:31: Assembling BEM matrix block (0,1) 
02/05/15::03:23:28:   Computing ZForce... 
02/05/15::03:23:30: Computing Casimir integrand at Xi=8.23279
 
02/05/15::03:23:30: Assembling T1 at Xi=8.232789e+00... 
02/05/15::03:23:30: Assembling BEM matrix block (0,0) 
02/05/15::03:24:35: Assembling T2 at Xi=8.232789e+00... 
02/05/15::03:24:35: Assembling BEM matrix block (1,1) 
02/05/15::03:40:44: LU-factorizing T1 at Xi=8.23279... 
02/05/15::03:40:44: LU-factorizing T2 at Xi=8.23279... 
02/05/15::03:40:49: Applying transform 0.251189... 
02/05/15::03:40:49:  Assembling U(0,1) 
02/05/15::03:40:49: Assembling BEM matrix block (0,1) 
02/05/15::03:43:46:   Computing ZForce... 
02/05/15::03:43:48: Computing Casimir integrand at Xi=9.05607
 
02/05/15::03:43:48: Assembling T1 at Xi=9.056067e+00... 
02/05/15::03:43:48: Assembling BEM matrix block (0,0) 
02/05/15::03:44:53: Assembling T2 at Xi=9.056067e+00... 
02/05/15::03:44:53: Assembling BEM matrix block (1,1) 
02/05/15::04:01:10: LU-factorizing T1 at Xi=9.05607... 
02/05/15::04:01:10: LU-factorizing T2 at Xi=9.05607... 
02/05/15::04:01:16: Applying transform 0.251189... 
02/05/15::04:01:16:  Assembling U(0,1) 
02/05/15::04:01:16: Assembling BEM matrix block (0,1) 
02/05/15::04:04:17:   Computing ZForce... 
02/05/15::04:04:19: Computing Casimir integrand at Xi=9.87935
 
02/05/15::04:04:19: Assembling T1 at Xi=9.879346e+00... 
02/05/15::04:04:19: Assembling BEM matrix block (0,0) 
02/05/15::04:05:25: Assembling T2 at Xi=9.879346e+00... 
02/05/15::04:05:25: Assembling BEM matrix block (1,1) 
02/05/15::04:21:51: LU-factorizing T1 at Xi=9.87935... 
02/05/15::04:21:51: LU-factorizing T2 at Xi=9.87935... 
02/05/15::04:21:57: Applying transform 0.251189... 
02/05/15::04:21:57:  Assembling U(0,1) 
02/05/15::04:21:57: Assembling BEM matrix block (0,1) 
02/05/15::04:25:03:   Computing ZForce... 
02/05/15::04:25:05: Computing Casimir integrand at Xi=10.7026
 
02/05/15::04:25:05: Assembling T1 at Xi=1.070263e+01... 
02/05/15::04:25:05: Assembling BEM matrix block (0,0) 
02/05/15::04:26:11: Assembling T2 at Xi=1.070263e+01... 
02/05/15::04:26:11: Assembling BEM matrix block (1,1) 
02/05/15::04:42:35: LU-factorizing T1 at Xi=10.7026... 
02/05/15::04:42:35: LU-factorizing T2 at Xi=10.7026... 
02/05/15::04:42:42: Applying transform 0.251189... 
02/05/15::04:42:42:  Assembling U(0,1) 
02/05/15::04:42:43: Assembling BEM matrix block (0,1) 
02/05/15::04:45:59:   Computing ZForce... 
02/05/15::04:46:02: Computing Casimir integrand at Xi=11.5259
 
02/05/15::04:46:02: Assembling T1 at Xi=1.152590e+01... 
02/05/15::04:46:02: Assembling BEM matrix block (0,0) 
02/05/15::04:47:08: Assembling T2 at Xi=1.152590e+01... 
02/05/15::04:47:08: Assembling BEM matrix block (1,1) 
02/05/15::05:03:27: LU-factorizing T1 at Xi=11.5259... 
02/05/15::05:03:27: LU-factorizing T2 at Xi=11.5259... 
02/05/15::05:03:36: Applying transform 0.251189... 
02/05/15::05:03:36:  Assembling U(0,1) 
02/05/15::05:03:36: Assembling BEM matrix block (0,1) 
02/05/15::05:06:56:   Computing ZForce... 
02/05/15::05:06:59: Computing Casimir integrand at Xi=12.3492
 
02/05/15::05:06:59: Assembling T1 at Xi=1.234918e+01... 
02/05/15::05:06:59: Assembling BEM matrix block (0,0) 
02/05/15::05:08:05: Assembling T2 at Xi=1.234918e+01... 
02/05/15::05:08:05: Assembling BEM matrix block (1,1) 
02/05/15::05:24:25: LU-factorizing T1 at Xi=12.3492... 
02/05/15::05:24:25: LU-factorizing T2 at Xi=12.3492... 
02/05/15::05:24:37: Applying transform 0.251189... 
02/05/15::05:24:37:  Assembling U(0,1) 
02/05/15::05:24:37: Assembling BEM matrix block (0,1) 
02/05/15::05:28:06:   Computing ZForce... 
02/05/15::05:28:10: Computing Casimir integrand at Xi=13.1725
 
02/05/15::05:28:10: Assembling T1 at Xi=1.317246e+01... 
02/05/15::05:28:10: Assembling BEM matrix block (0,0) 
02/05/15::05:29:16: Assembling T2 at Xi=1.317246e+01... 
02/05/15::05:29:16: Assembling BEM matrix block (1,1) 
02/05/15::05:45:36: LU-factorizing T1 at Xi=13.1725... 
02/05/15::05:45:36: LU-factorizing T2 at Xi=13.1725... 
02/05/15::05:45:50: Applying transform 0.251189... 
02/05/15::05:45:50:  Assembling U(0,1) 
02/05/15::05:45:50: Assembling BEM matrix block (0,1) 
02/05/15::05:49:29:   Computing ZForce... 
02/05/15::05:49:34: Computing Casimir integrand at Xi=13.9957
 
02/05/15::05:49:34: Assembling T1 at Xi=1.399574e+01... 
02/05/15::05:49:34: Assembling BEM matrix block (0,0) 
02/05/15::05:50:39: Assembling T2 at Xi=1.399574e+01... 
02/05/15::05:50:39: Assembling BEM matrix block (1,1) 
02/05/15::06:07:07: LU-factorizing T1 at Xi=13.9957... 
02/05/15::06:07:07: LU-factorizing T2 at Xi=13.9957... 
02/05/15::06:07:24: Applying transform 0.251189... 
02/05/15::06:07:24:  Assembling U(0,1) 
02/05/15::06:07:24: Assembling BEM matrix block (0,1) 
02/05/15::06:11:09:   Computing ZForce... 
02/05/15::06:11:15: Computing Casimir integrand at Xi=14.819
 
02/05/15::06:11:15: Assembling T1 at Xi=1.481902e+01... 
02/05/15::06:11:15: Assembling BEM matrix block (0,0) 
02/05/15::06:12:20: Assembling T2 at Xi=1.481902e+01... 
02/05/15::06:12:20: Assembling BEM matrix block (1,1) 
02/05/15::06:28:45: LU-factorizing T1 at Xi=14.819... 
02/05/15::06:28:45: LU-factorizing T2 at Xi=14.819... 
02/05/15::06:28:58: Applying transform 0.251189... 
02/05/15::06:28:58:  Assembling U(0,1) 
02/05/15::06:28:58: Assembling BEM matrix block (0,1) 
02/05/15::06:32:35:   Computing ZForce... 
02/05/15::06:32:40: Computing Casimir integrand at Xi=15.6423
 
02/05/15::06:32:40: Assembling T1 at Xi=1.564230e+01... 
02/05/15::06:32:40: Assembling BEM matrix block (0,0) 
02/05/15::06:33:45: Assembling T2 at Xi=1.564230e+01... 
02/05/15::06:33:45: Assembling BEM matrix block (1,1) 
02/05/15::06:50:12: LU-factorizing T1 at Xi=15.6423... 
02/05/15::06:50:12: LU-factorizing T2 at Xi=15.6423... 
02/05/15::06:50:28: Applying transform 0.251189... 
02/05/15::06:50:28:  Assembling U(0,1) 
02/05/15::06:50:28: Assembling BEM matrix block (0,1) 
02/05/15::06:54:01:   Computing ZForce... 
02/05/15::06:54:06: Computing Casimir integrand at Xi=16.4656
 
02/05/15::06:54:06: Assembling T1 at Xi=1.646558e+01... 
02/05/15::06:54:06: Assembling BEM matrix block (0,0) 
02/05/15::06:55:11: Assembling T2 at Xi=1.646558e+01... 
02/05/15::06:55:11: Assembling BEM matrix block (1,1) 
02/05/15::07:11:44: LU-factorizing T1 at Xi=16.4656... 
02/05/15::07:11:44: LU-factorizing T2 at Xi=16.4656... 
02/05/15::07:11:57: Applying transform 0.251189... 
02/05/15::07:11:57:  Assembling U(0,1) 
02/05/15::07:11:57: Assembling BEM matrix block (0,1) 
02/05/15::07:15:29:   Computing ZForce... 
02/05/15::07:15:34: Computing Casimir integrand at Xi=17.2889
 
02/05/15::07:15:34: Assembling T1 at Xi=1.728886e+01... 
02/05/15::07:15:34: Assembling BEM matrix block (0,0) 
02/05/15::07:16:40: Assembling T2 at Xi=1.728886e+01... 
02/05/15::07:16:40: Assembling BEM matrix block (1,1) 
02/05/15::07:33:17: LU-factorizing T1 at Xi=17.2889... 
02/05/15::07:33:17: LU-factorizing T2 at Xi=17.2889... 
02/05/15::07:33:33: Applying transform 0.251189... 
02/05/15::07:33:33:  Assembling U(0,1) 
02/05/15::07:33:33: Assembling BEM matrix block (0,1) 
02/05/15::07:37:06:   Computing ZForce... 
02/05/15::07:37:11: Computing Casimir integrand at Xi=18.1121
 
02/05/15::07:37:11: Assembling T1 at Xi=1.811213e+01... 
02/05/15::07:37:11: Assembling BEM matrix block (0,0) 
02/05/15::07:38:17: Assembling T2 at Xi=1.811213e+01... 
02/05/15::07:38:17: Assembling BEM matrix block (1,1) 
02/05/15::07:54:56: LU-factorizing T1 at Xi=18.1121... 
02/05/15::07:54:56: LU-factorizing T2 at Xi=18.1121... 
02/05/15::07:55:09: Applying transform 0.251189... 
02/05/15::07:55:09:  Assembling U(0,1) 
02/05/15::07:55:09: Assembling BEM matrix block (0,1) 
02/05/15::07:58:39:   Computing ZForce... 
02/05/15::07:58:43: Computing Casimir integrand at Xi=18.9354
 
02/05/15::07:58:43: Assembling T1 at Xi=1.893541e+01... 
02/05/15::07:58:43: Assembling BEM matrix block (0,0) 
02/05/15::07:59:49: Assembling T2 at Xi=1.893541e+01... 
02/05/15::07:59:49: Assembling BEM matrix block (1,1) 
02/05/15::08:16:28: LU-factorizing T1 at Xi=18.9354... 
02/05/15::08:16:28: LU-factorizing T2 at Xi=18.9354... 
02/05/15::08:16:42: Applying transform 0.251189... 
02/05/15::08:16:42:  Assembling U(0,1) 
02/05/15::08:16:42: Assembling BEM matrix block (0,1) 
02/05/15::08:20:11:   Computing ZForce... 
02/05/15::08:20:16: Computing Casimir integrand at Xi=19.7587
 
02/05/15::08:20:16: Assembling T1 at Xi=1.975869e+01... 
02/05/15::08:20:16: Assembling BEM matrix block (0,0) 
02/05/15::08:21:22: Assembling T2 at Xi=1.975869e+01... 
02/05/15::08:21:22: Assembling BEM matrix block (1,1) 
02/05/15::08:37:54: LU-factorizing T1 at Xi=19.7587... 
02/05/15::08:37:54: LU-factorizing T2 at Xi=19.7587... 
02/05/15::08:38:09: Applying transform 0.251189... 
02/05/15::08:38:09:  Assembling U(0,1) 
02/05/15::08:38:09: Assembling BEM matrix block (0,1) 
02/05/15::08:41:37:   Computing ZForce... 
02/05/15::08:41:41: Computing Casimir integrand at Xi=20.582
 
02/05/15::08:41:41: Assembling T1 at Xi=2.058197e+01... 
02/05/15::08:41:41: Assembling BEM matrix block (0,0) 
02/05/15::08:42:46: Assembling T2 at Xi=2.058197e+01... 
02/05/15::08:42:46: Assembling BEM matrix block (1,1) 
02/05/15::08:59:14: LU-factorizing T1 at Xi=20.582... 
02/05/15::08:59:14: LU-factorizing T2 at Xi=20.582... 
02/05/15::08:59:28: Applying transform 0.251189... 
02/05/15::08:59:28:  Assembling U(0,1) 
02/05/15::08:59:28: Assembling BEM matrix block (0,1) 
02/05/15::09:02:54:   Computing ZForce... 
02/05/15::09:02:59: Computing Casimir integrand at Xi=21.4053
 
02/05/15::09:02:59: Assembling T1 at Xi=2.140525e+01... 
02/05/15::09:02:59: Assembling BEM matrix block (0,0) 
02/05/15::09:04:04: Assembling T2 at Xi=2.140525e+01... 
02/05/15::09:04:04: Assembling BEM matrix block (1,1) 
02/05/15::09:20:34: LU-factorizing T1 at Xi=21.4053... 
02/05/15::09:20:34: LU-factorizing T2 at Xi=21.4053... 
02/05/15::09:20:46: Applying transform 0.251189... 
02/05/15::09:20:46:  Assembling U(0,1) 
02/05/15::09:20:46: Assembling BEM matrix block (0,1) 
02/05/15::09:24:09:   Computing ZForce... 
02/05/15::09:24:14: Computing Casimir integrand at Xi=22.2285
 
02/05/15::09:24:14: Assembling T1 at Xi=2.222853e+01... 
02/05/15::09:24:14: Assembling BEM matrix block (0,0) 
02/05/15::09:25:18: Assembling T2 at Xi=2.222853e+01... 
02/05/15::09:25:18: Assembling BEM matrix block (1,1) 
02/05/15::09:41:47: LU-factorizing T1 at Xi=22.2285... 
02/05/15::09:41:47: LU-factorizing T2 at Xi=22.2285... 
02/05/15::09:42:00: Applying transform 0.251189... 
02/05/15::09:42:00:  Assembling U(0,1) 
02/05/15::09:42:00: Assembling BEM matrix block (0,1) 
02/05/15::09:45:23:   Computing ZForce... 
02/05/15::09:45:27: Computing Casimir integrand at Xi=23.0518
 
02/05/15::09:45:27: Assembling T1 at Xi=2.305181e+01... 
02/05/15::09:45:27: Assembling BEM matrix block (0,0) 
02/05/15::09:46:32: Assembling T2 at Xi=2.305181e+01... 
02/05/15::09:46:32: Assembling BEM matrix block (1,1) 
02/05/15::10:03:01: LU-factorizing T1 at Xi=23.0518... 
02/05/15::10:03:01: LU-factorizing T2 at Xi=23.0518... 
02/05/15::10:03:16: Applying transform 0.251189... 
02/05/15::10:03:16:  Assembling U(0,1) 
02/05/15::10:03:16: Assembling BEM matrix block (0,1) 
02/05/15::10:06:40:   Computing ZForce... 
02/05/15::10:06:44: Computing Casimir integrand at Xi=23.8751
 
02/05/15::10:06:44: Assembling T1 at Xi=2.387509e+01... 
02/05/15::10:06:44: Assembling BEM matrix block (0,0) 
02/05/15::10:07:49: Assembling T2 at Xi=2.387509e+01... 
02/05/15::10:07:49: Assembling BEM matrix block (1,1) 
02/05/15::10:24:15: LU-factorizing T1 at Xi=23.8751... 
02/05/15::10:24:15: LU-factorizing T2 at Xi=23.8751... 
02/05/15::10:24:28: Applying transform 0.251189... 
02/05/15::10:24:28:  Assembling U(0,1) 
02/05/15::10:24:28: Assembling BEM matrix block (0,1) 
02/05/15::10:27:49:   Computing ZForce... 
02/05/15::10:27:53: Matsubara sum converged after summing n=29 frequency points. 
