02/03/15::18:30:16: scuff-cas3D running on hequ0081 
02/03/15::18:30:16: Setting material properties of exterior region to VACUUM. 
02/03/15::18:30:16: Flipped 514 panel normals to comport with region definitions. 
02/03/15::18:30:16: Computing full zero-temperature Casimir quantities. 
02/03/15::18:30:16: Read 1 geometrical transformations from file Bead_L-1.25893.trans. 
02/03/15::18:30:16: Minimum distance between surface points=1.258930e+00 
02/03/15::18:30:16: Computing Casimir integrand at Xi=0.001
 
02/03/15::18:30:16: Assembling T1 at Xi=1.000000e-03... 
02/03/15::18:30:16: Assembling BEM matrix block (0,0) 
02/03/15::18:30:43: Assembling T2 at Xi=1.000000e-03... 
02/03/15::18:30:43: Assembling BEM matrix block (1,1) 
02/03/15::18:56:06: LU-factorizing T1 at Xi=0.001... 
02/03/15::18:56:06: LU-factorizing T2 at Xi=0.001... 
02/03/15::18:56:41: Applying transform 1.25893... 
02/03/15::18:56:41:  Assembling U(0,1) 
02/03/15::18:56:41: Assembling BEM matrix block (0,1) 
02/03/15::19:00:55:   Computing ZForce... 
02/03/15::19:01:10: Computing Casimir integrand at Xi=0.0705035
 
02/03/15::19:01:10: Assembling T1 at Xi=7.050347e-02... 
02/03/15::19:01:10: Assembling BEM matrix block (0,0) 
02/03/15::19:01:14: Assembling T2 at Xi=7.050347e-02... 
02/03/15::19:01:14: Assembling BEM matrix block (1,1) 
02/03/15::19:23:49: LU-factorizing T1 at Xi=0.0705035... 
02/03/15::19:23:49: LU-factorizing T2 at Xi=0.0705035... 
02/03/15::19:24:24: Applying transform 1.25893... 
02/03/15::19:24:24:  Assembling U(0,1) 
02/03/15::19:24:24: Assembling BEM matrix block (0,1) 
02/03/15::19:28:25:   Computing ZForce... 
02/03/15::19:28:40: Computing Casimir integrand at Xi=0.140007
 
02/03/15::19:28:40: Assembling T1 at Xi=1.400069e-01... 
02/03/15::19:28:40: Assembling BEM matrix block (0,0) 
02/03/15::19:28:44: Assembling T2 at Xi=1.400069e-01... 
02/03/15::19:28:44: Assembling BEM matrix block (1,1) 
02/03/15::19:51:28: LU-factorizing T1 at Xi=0.140007... 
02/03/15::19:51:28: LU-factorizing T2 at Xi=0.140007... 
02/03/15::19:52:03: Applying transform 1.25893... 
02/03/15::19:52:03:  Assembling U(0,1) 
02/03/15::19:52:03: Assembling BEM matrix block (0,1) 
02/03/15::19:56:05:   Computing ZForce... 
02/03/15::19:56:19: Computing Casimir integrand at Xi=0.279014
 
02/03/15::19:56:19: Assembling T1 at Xi=2.790139e-01... 
02/03/15::19:56:19: Assembling BEM matrix block (0,0) 
02/03/15::19:56:24: Assembling T2 at Xi=2.790139e-01... 
02/03/15::19:56:24: Assembling BEM matrix block (1,1) 
02/03/15::20:19:13: LU-factorizing T1 at Xi=0.279014... 
02/03/15::20:19:13: LU-factorizing T2 at Xi=0.279014... 
02/03/15::20:19:49: Applying transform 1.25893... 
02/03/15::20:19:49:  Assembling U(0,1) 
02/03/15::20:19:49: Assembling BEM matrix block (0,1) 
02/03/15::20:23:50:   Computing ZForce... 
02/03/15::20:24:04: Computing Casimir integrand at Xi=0.418021
 
02/03/15::20:24:04: Assembling T1 at Xi=4.180208e-01... 
02/03/15::20:24:04: Assembling BEM matrix block (0,0) 
02/03/15::20:24:09: Assembling T2 at Xi=4.180208e-01... 
02/03/15::20:24:09: Assembling BEM matrix block (1,1) 
02/03/15::20:47:02: LU-factorizing T1 at Xi=0.418021... 
02/03/15::20:47:02: LU-factorizing T2 at Xi=0.418021... 
02/03/15::20:47:37: Applying transform 1.25893... 
02/03/15::20:47:37:  Assembling U(0,1) 
02/03/15::20:47:37: Assembling BEM matrix block (0,1) 
02/03/15::20:51:41:   Computing ZForce... 
02/03/15::20:51:56: Computing Casimir integrand at Xi=0.696035
 
02/03/15::20:51:56: Assembling T1 at Xi=6.960347e-01... 
02/03/15::20:51:56: Assembling BEM matrix block (0,0) 
02/03/15::20:52:01: Assembling T2 at Xi=6.960347e-01... 
02/03/15::20:52:01: Assembling BEM matrix block (1,1) 
02/03/15::21:15:11: LU-factorizing T1 at Xi=0.696035... 
02/03/15::21:15:11: LU-factorizing T2 at Xi=0.696035... 
02/03/15::21:15:46: Applying transform 1.25893... 
02/03/15::21:15:46:  Assembling U(0,1) 
02/03/15::21:15:46: Assembling BEM matrix block (0,1) 
02/03/15::21:19:48:   Computing ZForce... 
02/03/15::21:20:02: Computing Casimir integrand at Xi=0.974049
 
02/03/15::21:20:02: Assembling T1 at Xi=9.740485e-01... 
02/03/15::21:20:02: Assembling BEM matrix block (0,0) 
02/03/15::21:20:09: Assembling T2 at Xi=9.740485e-01... 
02/03/15::21:20:09: Assembling BEM matrix block (1,1) 
02/03/15::22:00:07: LU-factorizing T1 at Xi=0.974049... 
02/03/15::22:00:07: LU-factorizing T2 at Xi=0.974049... 
02/03/15::22:00:43: Applying transform 1.25893... 
02/03/15::22:00:43:  Assembling U(0,1) 
02/03/15::22:00:43: Assembling BEM matrix block (0,1) 
02/03/15::22:04:41:   Computing ZForce... 
02/03/15::22:04:55: Computing Casimir integrand at Xi=0.557028
 
02/03/15::22:04:55: Assembling T1 at Xi=5.570277e-01... 
02/03/15::22:04:55: Assembling BEM matrix block (0,0) 
02/03/15::22:05:01: Assembling T2 at Xi=5.570277e-01... 
02/03/15::22:05:01: Assembling BEM matrix block (1,1) 
02/03/15::22:28:06: LU-factorizing T1 at Xi=0.557028... 
02/03/15::22:28:06: LU-factorizing T2 at Xi=0.557028... 
02/03/15::22:28:42: Applying transform 1.25893... 
02/03/15::22:28:42:  Assembling U(0,1) 
02/03/15::22:28:42: Assembling BEM matrix block (0,1) 
02/03/15::22:32:43:   Computing ZForce... 
02/03/15::22:32:58: Computing Casimir integrand at Xi=0.835042
 
02/03/15::22:32:58: Assembling T1 at Xi=8.350416e-01... 
02/03/15::22:32:58: Assembling BEM matrix block (0,0) 
02/03/15::22:33:04: Assembling T2 at Xi=8.350416e-01... 
02/03/15::22:33:04: Assembling BEM matrix block (1,1) 
02/03/15::22:56:11: LU-factorizing T1 at Xi=0.835042... 
02/03/15::22:56:11: LU-factorizing T2 at Xi=0.835042... 
02/03/15::22:56:47: Applying transform 1.25893... 
02/03/15::22:56:47:  Assembling U(0,1) 
02/03/15::22:56:47: Assembling BEM matrix block (0,1) 
02/03/15::23:00:49:   Computing ZForce... 
02/03/15::23:01:04: Computing Casimir integrand at Xi=0.974049
 
02/03/15::23:01:04: Assembling T1 at Xi=9.740485e-01... 
02/03/15::23:01:04: Assembling BEM matrix block (0,0) 
02/03/15::23:01:10: Assembling T2 at Xi=9.740485e-01... 
02/03/15::23:01:10: Assembling BEM matrix block (1,1) 
02/03/15::23:41:05: LU-factorizing T1 at Xi=0.974049... 
02/03/15::23:41:05: LU-factorizing T2 at Xi=0.974049... 
02/03/15::23:41:40: Applying transform 1.25893... 
02/03/15::23:41:40:  Assembling U(0,1) 
02/03/15::23:41:40: Assembling BEM matrix block (0,1) 
02/03/15::23:45:38:   Computing ZForce... 
02/03/15::23:45:52: Computing Casimir integrand at Xi=1.11306
 
02/03/15::23:45:52: Assembling T1 at Xi=1.113055e+00... 
02/03/15::23:45:52: Assembling BEM matrix block (0,0) 
02/03/15::23:46:02: Assembling T2 at Xi=1.113055e+00... 
02/03/15::23:46:02: Assembling BEM matrix block (1,1) 
02/04/15::00:25:49: LU-factorizing T1 at Xi=1.11306... 
02/04/15::00:25:49: LU-factorizing T2 at Xi=1.11306... 
02/04/15::00:26:24: Applying transform 1.25893... 
02/04/15::00:26:24:  Assembling U(0,1) 
02/04/15::00:26:24: Assembling BEM matrix block (0,1) 
02/04/15::00:30:23:   Computing ZForce... 
02/04/15::00:30:37: Computing Casimir integrand at Xi=1.25206
 
02/04/15::00:30:37: Assembling T1 at Xi=1.252062e+00... 
02/04/15::00:30:37: Assembling BEM matrix block (0,0) 
02/04/15::00:31:01: Assembling T2 at Xi=1.252062e+00... 
02/04/15::00:31:01: Assembling BEM matrix block (1,1) 
02/04/15::01:11:37: LU-factorizing T1 at Xi=1.25206... 
02/04/15::01:11:37: LU-factorizing T2 at Xi=1.25206... 
02/04/15::01:12:12: Applying transform 1.25893... 
02/04/15::01:12:12:  Assembling U(0,1) 
02/04/15::01:12:12: Assembling BEM matrix block (0,1) 
02/04/15::01:16:14:   Computing ZForce... 
02/04/15::01:16:28: Computing Casimir integrand at Xi=1.39107
 
02/04/15::01:16:28: Assembling T1 at Xi=1.391069e+00... 
02/04/15::01:16:28: Assembling BEM matrix block (0,0) 
02/04/15::01:17:16: Assembling T2 at Xi=1.391069e+00... 
02/04/15::01:17:16: Assembling BEM matrix block (1,1) 
02/04/15::01:58:14: LU-factorizing T1 at Xi=1.39107... 
02/04/15::01:58:14: LU-factorizing T2 at Xi=1.39107... 
02/04/15::01:58:49: Applying transform 1.25893... 
02/04/15::01:58:50:  Assembling U(0,1) 
02/04/15::01:58:50: Assembling BEM matrix block (0,1) 
02/04/15::02:02:52:   Computing ZForce... 
02/04/15::02:03:06: Computing Casimir integrand at Xi=1.53008
 
02/04/15::02:03:06: Assembling T1 at Xi=1.530076e+00... 
02/04/15::02:03:06: Assembling BEM matrix block (0,0) 
02/04/15::02:04:12: Assembling T2 at Xi=1.530076e+00... 
02/04/15::02:04:12: Assembling BEM matrix block (1,1) 
02/04/15::02:45:50: LU-factorizing T1 at Xi=1.53008... 
02/04/15::02:45:50: LU-factorizing T2 at Xi=1.53008... 
02/04/15::02:46:25: Applying transform 1.25893... 
02/04/15::02:46:25:  Assembling U(0,1) 
02/04/15::02:46:25: Assembling BEM matrix block (0,1) 
02/04/15::02:50:27:   Computing ZForce... 
02/04/15::02:50:47: Computing Casimir integrand at Xi=1.32157
 
02/04/15::02:50:47: Assembling T1 at Xi=1.321566e+00... 
02/04/15::02:50:47: Assembling BEM matrix block (0,0) 
02/04/15::02:51:21: Assembling T2 at Xi=1.321566e+00... 
02/04/15::02:51:21: Assembling BEM matrix block (1,1) 
02/04/15::03:32:09: LU-factorizing T1 at Xi=1.32157... 
02/04/15::03:32:09: LU-factorizing T2 at Xi=1.32157... 
02/04/15::03:32:44: Applying transform 1.25893... 
02/04/15::03:32:44:  Assembling U(0,1) 
02/04/15::03:32:44: Assembling BEM matrix block (0,1) 
02/04/15::03:36:47:   Computing ZForce... 
02/04/15::03:37:01: Computing Casimir integrand at Xi=1.53008
 
02/04/15::03:37:01: Assembling T1 at Xi=1.530076e+00... 
02/04/15::03:37:01: Assembling BEM matrix block (0,0) 
02/04/15::03:38:08: Assembling T2 at Xi=1.530076e+00... 
02/04/15::03:38:08: Assembling BEM matrix block (1,1) 
02/04/15::04:19:33: LU-factorizing T1 at Xi=1.53008... 
02/04/15::04:19:33: LU-factorizing T2 at Xi=1.53008... 
02/04/15::04:20:09: Applying transform 1.25893... 
02/04/15::04:20:09:  Assembling U(0,1) 
02/04/15::04:20:09: Assembling BEM matrix block (0,1) 
02/04/15::04:24:16:   Computing ZForce... 
02/04/15::04:24:31: Computing Casimir integrand at Xi=1.66908
 
02/04/15::04:24:31: Assembling T1 at Xi=1.669083e+00... 
02/04/15::04:24:31: Assembling BEM matrix block (0,0) 
02/04/15::04:25:50: Assembling T2 at Xi=1.669083e+00... 
02/04/15::04:25:50: Assembling BEM matrix block (1,1) 
02/04/15::05:07:44: LU-factorizing T1 at Xi=1.66908... 
02/04/15::05:07:44: LU-factorizing T2 at Xi=1.66908... 
02/04/15::05:08:20: Applying transform 1.25893... 
02/04/15::05:08:20:  Assembling U(0,1) 
02/04/15::05:08:20: Assembling BEM matrix block (0,1) 
02/04/15::05:12:19:   Computing ZForce... 
02/04/15::05:12:34: Computing Casimir integrand at Xi=1.9471
 
02/04/15::05:12:34: Assembling T1 at Xi=1.947097e+00... 
02/04/15::05:12:34: Assembling BEM matrix block (0,0) 
02/04/15::05:14:00: Assembling T2 at Xi=1.947097e+00... 
02/04/15::05:14:00: Assembling BEM matrix block (1,1) 
02/04/15::05:56:32: LU-factorizing T1 at Xi=1.9471... 
02/04/15::05:56:32: LU-factorizing T2 at Xi=1.9471... 
02/04/15::05:57:07: Applying transform 1.25893... 
02/04/15::05:57:07:  Assembling U(0,1) 
02/04/15::05:57:07: Assembling BEM matrix block (0,1) 
02/04/15::06:01:07:   Computing ZForce... 
02/04/15::06:01:21: Computing Casimir integrand at Xi=2.22511
 
02/04/15::06:01:21: Assembling T1 at Xi=2.225111e+00... 
02/04/15::06:01:21: Assembling BEM matrix block (0,0) 
02/04/15::06:02:49: Assembling T2 at Xi=2.225111e+00... 
02/04/15::06:02:49: Assembling BEM matrix block (1,1) 
02/04/15::06:45:02: LU-factorizing T1 at Xi=2.22511... 
02/04/15::06:45:02: LU-factorizing T2 at Xi=2.22511... 
02/04/15::06:45:37: Applying transform 1.25893... 
02/04/15::06:45:37:  Assembling U(0,1) 
02/04/15::06:45:37: Assembling BEM matrix block (0,1) 
02/04/15::06:49:37:   Computing ZForce... 
02/04/15::06:49:52: Computing Casimir integrand at Xi=1.80809
 
02/04/15::06:49:52: Assembling T1 at Xi=1.808090e+00... 
02/04/15::06:49:52: Assembling BEM matrix block (0,0) 
02/04/15::06:51:17: Assembling T2 at Xi=1.808090e+00... 
02/04/15::06:51:17: Assembling BEM matrix block (1,1) 
02/04/15::07:33:05: LU-factorizing T1 at Xi=1.80809... 
02/04/15::07:33:05: LU-factorizing T2 at Xi=1.80809... 
02/04/15::07:33:41: Applying transform 1.25893... 
02/04/15::07:33:41:  Assembling U(0,1) 
02/04/15::07:33:41: Assembling BEM matrix block (0,1) 
02/04/15::07:37:37:   Computing ZForce... 
02/04/15::07:37:51: Computing Casimir integrand at Xi=1.73859
 
02/04/15::07:37:51: Assembling T1 at Xi=1.738587e+00... 
02/04/15::07:37:51: Assembling BEM matrix block (0,0) 
02/04/15::07:39:14: Assembling T2 at Xi=1.738587e+00... 
02/04/15::07:39:14: Assembling BEM matrix block (1,1) 
02/04/15::08:21:01: LU-factorizing T1 at Xi=1.73859... 
02/04/15::08:21:01: LU-factorizing T2 at Xi=1.73859... 
02/04/15::08:21:37: Applying transform 1.25893... 
02/04/15::08:21:37:  Assembling U(0,1) 
02/04/15::08:21:37: Assembling BEM matrix block (0,1) 
02/04/15::08:25:35:   Computing ZForce... 
02/04/15::08:25:50: Computing Casimir integrand at Xi=1.70383
 
02/04/15::08:25:50: Assembling T1 at Xi=1.703835e+00... 
02/04/15::08:25:50: Assembling BEM matrix block (0,0) 
02/04/15::08:27:12: Assembling T2 at Xi=1.703835e+00... 
02/04/15::08:27:12: Assembling BEM matrix block (1,1) 
02/04/15::09:09:06: LU-factorizing T1 at Xi=1.70383... 
02/04/15::09:09:06: LU-factorizing T2 at Xi=1.70383... 
02/04/15::09:09:41: Applying transform 1.25893... 
02/04/15::09:09:41:  Assembling U(0,1) 
02/04/15::09:09:41: Assembling BEM matrix block (0,1) 
02/04/15::09:13:40:   Computing ZForce... 
02/04/15::09:13:54: Computing Casimir integrand at Xi=1.68646
 
02/04/15::09:13:54: Assembling T1 at Xi=1.686459e+00... 
02/04/15::09:13:54: Assembling BEM matrix block (0,0) 
02/04/15::09:15:16: Assembling T2 at Xi=1.686459e+00... 
02/04/15::09:15:16: Assembling BEM matrix block (1,1) 
02/04/15::09:57:04: LU-factorizing T1 at Xi=1.68646... 
02/04/15::09:57:04: LU-factorizing T2 at Xi=1.68646... 
02/04/15::09:57:39: Applying transform 1.25893... 
02/04/15::09:57:39:  Assembling U(0,1) 
02/04/15::09:57:39: Assembling BEM matrix block (0,1) 
02/04/15::10:01:39:   Computing ZForce... 
02/04/15::10:01:53: Computing Casimir integrand at Xi=1.73859
 
02/04/15::10:01:53: Assembling T1 at Xi=1.738587e+00... 
02/04/15::10:01:53: Assembling BEM matrix block (0,0) 
02/04/15::10:03:17: Assembling T2 at Xi=1.738587e+00... 
02/04/15::10:03:17: Assembling BEM matrix block (1,1) 
02/04/15::10:45:58: LU-factorizing T1 at Xi=1.73859... 
02/04/15::10:45:58: LU-factorizing T2 at Xi=1.73859... 
02/04/15::10:46:34: Applying transform 1.25893... 
02/04/15::10:46:34:  Assembling U(0,1) 
02/04/15::10:46:34: Assembling BEM matrix block (0,1) 
02/04/15::10:50:33:   Computing ZForce... 
02/04/15::10:50:47: Computing Casimir integrand at Xi=1.77334
 
02/04/15::10:50:47: Assembling T1 at Xi=1.773338e+00... 
02/04/15::10:50:47: Assembling BEM matrix block (0,0) 
02/04/15::10:52:12: Assembling T2 at Xi=1.773338e+00... 
02/04/15::10:52:12: Assembling BEM matrix block (1,1) 
02/04/15::11:34:41: LU-factorizing T1 at Xi=1.77334... 
02/04/15::11:34:41: LU-factorizing T2 at Xi=1.77334... 
02/04/15::11:35:16: Applying transform 1.25893... 
02/04/15::11:35:16:  Assembling U(0,1) 
02/04/15::11:35:16: Assembling BEM matrix block (0,1) 
02/04/15::11:39:14:   Computing ZForce... 
02/04/15::11:39:29: Computing Casimir integrand at Xi=1.72121
 
02/04/15::11:39:29: Assembling T1 at Xi=1.721211e+00... 
02/04/15::11:39:29: Assembling BEM matrix block (0,0) 
02/04/15::11:40:51: Assembling T2 at Xi=1.721211e+00... 
02/04/15::11:40:51: Assembling BEM matrix block (1,1) 
02/04/15::12:23:02: LU-factorizing T1 at Xi=1.72121... 
02/04/15::12:23:02: LU-factorizing T2 at Xi=1.72121... 
02/04/15::12:23:37: Applying transform 1.25893... 
02/04/15::12:23:37:  Assembling U(0,1) 
02/04/15::12:23:37: Assembling BEM matrix block (0,1) 
02/04/15::12:27:37:   Computing ZForce... 
02/04/15::12:27:51: Computing Casimir integrand at Xi=1.71252
 
02/04/15::12:27:51: Assembling T1 at Xi=1.712523e+00... 
02/04/15::12:27:51: Assembling BEM matrix block (0,0) 
02/04/15::12:29:14: Assembling T2 at Xi=1.712523e+00... 
02/04/15::12:29:14: Assembling BEM matrix block (1,1) 
02/04/15::13:11:29: LU-factorizing T1 at Xi=1.71252... 
02/04/15::13:11:29: LU-factorizing T2 at Xi=1.71252... 
02/04/15::13:12:04: Applying transform 1.25893... 
02/04/15::13:12:04:  Assembling U(0,1) 
02/04/15::13:12:04: Assembling BEM matrix block (0,1) 
02/04/15::13:16:08:   Computing ZForce... 
02/04/15::13:16:22: Computing Casimir integrand at Xi=1.70818
 
02/04/15::13:16:22: Assembling T1 at Xi=1.708179e+00... 
02/04/15::13:16:22: Assembling BEM matrix block (0,0) 
02/04/15::13:17:45: Assembling T2 at Xi=1.708179e+00... 
02/04/15::13:17:45: Assembling BEM matrix block (1,1) 
02/04/15::13:59:42: LU-factorizing T1 at Xi=1.70818... 
02/04/15::13:59:42: LU-factorizing T2 at Xi=1.70818... 
02/04/15::14:00:17: Applying transform 1.25893... 
02/04/15::14:00:17:  Assembling U(0,1) 
02/04/15::14:00:17: Assembling BEM matrix block (0,1) 
02/04/15::14:04:16:   Computing ZForce... 
02/04/15::14:04:31: Computing Casimir integrand at Xi=1.70601
 
02/04/15::14:04:31: Assembling T1 at Xi=1.706007e+00... 
02/04/15::14:04:31: Assembling BEM matrix block (0,0) 
02/04/15::14:05:53: Assembling T2 at Xi=1.706007e+00... 
02/04/15::14:05:53: Assembling BEM matrix block (1,1) 
02/04/15::14:47:42: LU-factorizing T1 at Xi=1.70601... 
02/04/15::14:47:42: LU-factorizing T2 at Xi=1.70601... 
02/04/15::14:48:17: Applying transform 1.25893... 
02/04/15::14:48:17:  Assembling U(0,1) 
02/04/15::14:48:17: Assembling BEM matrix block (0,1) 
02/04/15::14:52:15:   Computing ZForce... 
02/04/15::14:52:30: Computing Casimir integrand at Xi=1.70492
 
02/04/15::14:52:30: Assembling T1 at Xi=1.704921e+00... 
02/04/15::14:52:30: Assembling BEM matrix block (0,0) 
02/04/15::14:53:52: Assembling T2 at Xi=1.704921e+00... 
02/04/15::14:53:52: Assembling BEM matrix block (1,1) 
02/04/15::15:35:38: LU-factorizing T1 at Xi=1.70492... 
02/04/15::15:35:38: LU-factorizing T2 at Xi=1.70492... 
02/04/15::15:36:13: Applying transform 1.25893... 
02/04/15::15:36:13:  Assembling U(0,1) 
02/04/15::15:36:13: Assembling BEM matrix block (0,1) 
02/04/15::15:40:12:   Computing ZForce... 
02/04/15::15:40:26: Computing Casimir integrand at Xi=1.70818
 
02/04/15::15:40:26: Assembling T1 at Xi=1.708179e+00... 
02/04/15::15:40:26: Assembling BEM matrix block (0,0) 
02/04/15::15:41:48: Assembling T2 at Xi=1.708179e+00... 
02/04/15::15:41:48: Assembling BEM matrix block (1,1) 
02/04/15::16:23:38: LU-factorizing T1 at Xi=1.70818... 
02/04/15::16:23:39: LU-factorizing T2 at Xi=1.70818... 
02/04/15::16:24:14: Applying transform 1.25893... 
02/04/15::16:24:14:  Assembling U(0,1) 
02/04/15::16:24:14: Assembling BEM matrix block (0,1) 
02/04/15::16:28:13:   Computing ZForce... 
02/04/15::16:28:27: Computing Casimir integrand at Xi=1.71035
 
02/04/15::16:28:27: Assembling T1 at Xi=1.710351e+00... 
02/04/15::16:28:27: Assembling BEM matrix block (0,0) 
02/04/15::16:29:50: Assembling T2 at Xi=1.710351e+00... 
02/04/15::16:29:50: Assembling BEM matrix block (1,1) 
02/04/15::17:11:37: LU-factorizing T1 at Xi=1.71035... 
02/04/15::17:11:37: LU-factorizing T2 at Xi=1.71035... 
02/04/15::17:12:13: Applying transform 1.25893... 
02/04/15::17:12:13:  Assembling U(0,1) 
02/04/15::17:12:13: Assembling BEM matrix block (0,1) 
02/04/15::17:16:12:   Computing ZForce... 
02/04/15::17:16:27: Computing Casimir integrand at Xi=1.70709
 
02/04/15::17:16:27: Assembling T1 at Xi=1.707093e+00... 
02/04/15::17:16:27: Assembling BEM matrix block (0,0) 
02/04/15::17:17:49: Assembling T2 at Xi=1.707093e+00... 
02/04/15::17:17:49: Assembling BEM matrix block (1,1) 
02/04/15::17:59:50: LU-factorizing T1 at Xi=1.70709... 
02/04/15::17:59:50: LU-factorizing T2 at Xi=1.70709... 
02/04/15::18:00:25: Applying transform 1.25893... 
02/04/15::18:00:25:  Assembling U(0,1) 
02/04/15::18:00:25: Assembling BEM matrix block (0,1) 
02/04/15::18:04:25:   Computing ZForce... 
02/04/15::18:04:39: Computing Casimir integrand at Xi=1.70655
 
02/04/15::18:04:39: Assembling T1 at Xi=1.706550e+00... 
02/04/15::18:04:39: Assembling BEM matrix block (0,0) 
02/04/15::18:06:02: Assembling T2 at Xi=1.706550e+00... 
02/04/15::18:06:02: Assembling BEM matrix block (1,1) 
02/04/15::18:48:04: LU-factorizing T1 at Xi=1.70655... 
02/04/15::18:48:04: LU-factorizing T2 at Xi=1.70655... 
02/04/15::18:48:40: Applying transform 1.25893... 
02/04/15::18:48:40:  Assembling U(0,1) 
02/04/15::18:48:40: Assembling BEM matrix block (0,1) 
02/04/15::18:52:39:   Computing ZForce... 
02/04/15::18:52:54: Computing Casimir integrand at Xi=1.70628
 
02/04/15::18:52:54: Assembling T1 at Xi=1.706278e+00... 
02/04/15::18:52:54: Assembling BEM matrix block (0,0) 
02/04/15::18:54:16: Assembling T2 at Xi=1.706278e+00... 
02/04/15::18:54:16: Assembling BEM matrix block (1,1) 
02/04/15::19:36:18: LU-factorizing T1 at Xi=1.70628... 
02/04/15::19:36:18: LU-factorizing T2 at Xi=1.70628... 
02/04/15::19:36:53: Applying transform 1.25893... 
02/04/15::19:36:53:  Assembling U(0,1) 
02/04/15::19:36:53: Assembling BEM matrix block (0,1) 
02/04/15::19:40:52:   Computing ZForce... 
02/04/15::19:41:07: Computing Casimir integrand at Xi=1.70709
 
02/04/15::19:41:07: Assembling T1 at Xi=1.707093e+00... 
02/04/15::19:41:07: Assembling BEM matrix block (0,0) 
02/04/15::19:42:29: Assembling T2 at Xi=1.707093e+00... 
02/04/15::19:42:29: Assembling BEM matrix block (1,1) 
02/04/15::20:24:24: LU-factorizing T1 at Xi=1.70709... 
02/04/15::20:24:24: LU-factorizing T2 at Xi=1.70709... 
02/04/15::20:24:59: Applying transform 1.25893... 
02/04/15::20:24:59:  Assembling U(0,1) 
02/04/15::20:24:59: Assembling BEM matrix block (0,1) 
02/04/15::20:28:55:   Computing ZForce... 
02/04/15::20:29:10: Computing Casimir integrand at Xi=1.70764
 
02/04/15::20:29:10: Assembling T1 at Xi=1.707636e+00... 
02/04/15::20:29:10: Assembling BEM matrix block (0,0) 
02/04/15::20:30:31: Assembling T2 at Xi=1.707636e+00... 
02/04/15::20:30:31: Assembling BEM matrix block (1,1) 
02/04/15::21:12:05: LU-factorizing T1 at Xi=1.70764... 
02/04/15::21:12:05: LU-factorizing T2 at Xi=1.70764... 
02/04/15::21:12:41: Applying transform 1.25893... 
02/04/15::21:12:41:  Assembling U(0,1) 
02/04/15::21:12:41: Assembling BEM matrix block (0,1) 
02/04/15::21:16:37:   Computing ZForce... 
02/04/15::21:16:52: Computing Casimir integrand at Xi=1.70682
 
02/04/15::21:16:52: Assembling T1 at Xi=1.706821e+00... 
02/04/15::21:16:52: Assembling BEM matrix block (0,0) 
02/04/15::21:18:13: Assembling T2 at Xi=1.706821e+00... 
02/04/15::21:18:13: Assembling BEM matrix block (1,1) 
02/04/15::21:59:28: LU-factorizing T1 at Xi=1.70682... 
02/04/15::21:59:28: LU-factorizing T2 at Xi=1.70682... 
02/04/15::22:00:04: Applying transform 1.25893... 
02/04/15::22:00:04:  Assembling U(0,1) 
02/04/15::22:00:04: Assembling BEM matrix block (0,1) 
02/04/15::22:03:59:   Computing ZForce... 
02/04/15::22:04:14: Computing Casimir integrand at Xi=1.70669
 
02/04/15::22:04:14: Assembling T1 at Xi=1.706686e+00... 
02/04/15::22:04:14: Assembling BEM matrix block (0,0) 
02/04/15::22:05:35: Assembling T2 at Xi=1.706686e+00... 
02/04/15::22:05:35: Assembling BEM matrix block (1,1) 
02/04/15::22:47:07: LU-factorizing T1 at Xi=1.70669... 
02/04/15::22:47:07: LU-factorizing T2 at Xi=1.70669... 
02/04/15::22:47:43: Applying transform 1.25893... 
02/04/15::22:47:43:  Assembling U(0,1) 
02/04/15::22:47:43: Assembling BEM matrix block (0,1) 
02/04/15::22:51:40:   Computing ZForce... 
02/04/15::22:51:54: Computing Casimir integrand at Xi=1.70662
 
02/04/15::22:51:54: Assembling T1 at Xi=1.706618e+00... 
02/04/15::22:51:54: Assembling BEM matrix block (0,0) 
02/04/15::22:53:15: Assembling T2 at Xi=1.706618e+00... 
02/04/15::22:53:15: Assembling BEM matrix block (1,1) 
02/04/15::23:34:37: LU-factorizing T1 at Xi=1.70662... 
02/04/15::23:34:37: LU-factorizing T2 at Xi=1.70662... 
02/04/15::23:35:13: Applying transform 1.25893... 
02/04/15::23:35:13:  Assembling U(0,1) 
02/04/15::23:35:13: Assembling BEM matrix block (0,1) 
02/04/15::23:39:11:   Computing ZForce... 
02/04/15::23:39:25: Computing Casimir integrand at Xi=1.70658
 
02/04/15::23:39:25: Assembling T1 at Xi=1.706584e+00... 
02/04/15::23:39:25: Assembling BEM matrix block (0,0) 
02/04/15::23:40:47: Assembling T2 at Xi=1.706584e+00... 
02/04/15::23:40:47: Assembling BEM matrix block (1,1) 
02/05/15::00:22:36: LU-factorizing T1 at Xi=1.70658... 
02/05/15::00:22:36: LU-factorizing T2 at Xi=1.70658... 
02/05/15::00:23:12: Applying transform 1.25893... 
02/05/15::00:23:12:  Assembling U(0,1) 
02/05/15::00:23:12: Assembling BEM matrix block (0,1) 
02/05/15::00:27:11:   Computing ZForce... 
02/05/15::00:27:26: Computing Casimir integrand at Xi=1.70669
 
02/05/15::00:27:26: Assembling T1 at Xi=1.706686e+00... 
02/05/15::00:27:26: Assembling BEM matrix block (0,0) 
02/05/15::00:28:48: Assembling T2 at Xi=1.706686e+00... 
02/05/15::00:28:48: Assembling BEM matrix block (1,1) 
02/05/15::01:10:43: LU-factorizing T1 at Xi=1.70669... 
02/05/15::01:10:43: LU-factorizing T2 at Xi=1.70669... 
02/05/15::01:11:19: Applying transform 1.25893... 
02/05/15::01:11:19:  Assembling U(0,1) 
02/05/15::01:11:19: Assembling BEM matrix block (0,1) 
02/05/15::01:15:17:   Computing ZForce... 
02/05/15::01:15:31: Computing Casimir integrand at Xi=1.70675
 
02/05/15::01:15:31: Assembling T1 at Xi=1.706754e+00... 
02/05/15::01:15:31: Assembling BEM matrix block (0,0) 
02/05/15::01:16:53: Assembling T2 at Xi=1.706754e+00... 
02/05/15::01:16:53: Assembling BEM matrix block (1,1) 
02/05/15::01:58:38: LU-factorizing T1 at Xi=1.70675... 
02/05/15::01:58:38: LU-factorizing T2 at Xi=1.70675... 
02/05/15::01:59:13: Applying transform 1.25893... 
02/05/15::01:59:13:  Assembling U(0,1) 
02/05/15::01:59:13: Assembling BEM matrix block (0,1) 
02/05/15::02:03:11:   Computing ZForce... 
02/05/15::02:03:26: Computing Casimir integrand at Xi=1.70665
 
02/05/15::02:03:26: Assembling T1 at Xi=1.706652e+00... 
02/05/15::02:03:26: Assembling BEM matrix block (0,0) 
02/05/15::02:04:48: Assembling T2 at Xi=1.706652e+00... 
02/05/15::02:04:48: Assembling BEM matrix block (1,1) 
02/05/15::02:46:45: LU-factorizing T1 at Xi=1.70665... 
02/05/15::02:46:45: LU-factorizing T2 at Xi=1.70665... 
02/05/15::02:47:21: Applying transform 1.25893... 
02/05/15::02:47:21:  Assembling U(0,1) 
02/05/15::02:47:21: Assembling BEM matrix block (0,1) 
02/05/15::02:51:20:   Computing ZForce... 
02/05/15::02:51:34: Computing Casimir integrand at Xi=1.70663
 
02/05/15::02:51:34: Assembling T1 at Xi=1.706635e+00... 
02/05/15::02:51:34: Assembling BEM matrix block (0,0) 
02/05/15::02:52:57: Assembling T2 at Xi=1.706635e+00... 
02/05/15::02:52:57: Assembling BEM matrix block (1,1) 
