02/04/15::13:34:46: scuff-cas3D running on bullet0297 
02/04/15::13:34:46: Setting material properties of exterior region to VACUUM. 
02/04/15::13:34:46: Flipped 514 panel normals to comport with region definitions. 
02/04/15::13:34:46: Computing full zero-temperature Casimir quantities. 
02/04/15::13:34:46: Read 1 geometrical transformations from file BeadPEC_L-1.99526.trans. 
02/04/15::13:34:46: Minimum distance between surface points=1.995260e+00 
02/04/15::13:34:46: Computing Casimir integrand at Xi=0.001
 
02/04/15::13:34:46: Assembling T1 at Xi=1.000000e-03... 
02/04/15::13:34:46: Assembling BEM matrix block (0,0) 
02/04/15::13:35:20: Assembling T2 at Xi=1.000000e-03... 
02/04/15::13:35:20: Assembling BEM matrix block (1,1) 
02/04/15::13:40:48: LU-factorizing T1 at Xi=0.001... 
02/04/15::13:40:48: LU-factorizing T2 at Xi=0.001... 
02/04/15::13:40:54: Applying transform 1.99526... 
02/04/15::13:40:54:  Assembling U(0,1) 
02/04/15::13:40:54: Assembling BEM matrix block (0,1) 
02/04/15::13:44:53:   Computing ZForce... 
02/04/15::13:44:55: Computing Casimir integrand at Xi=0.0448539
 
02/04/15::13:44:55: Assembling T1 at Xi=4.485393e-02... 
02/04/15::13:44:55: Assembling BEM matrix block (0,0) 
02/04/15::13:44:58: Assembling T2 at Xi=4.485393e-02... 
02/04/15::13:44:58: Assembling BEM matrix block (1,1) 
02/04/15::13:47:28: LU-factorizing T1 at Xi=0.0448539... 
02/04/15::13:47:28: LU-factorizing T2 at Xi=0.0448539... 
02/04/15::13:47:34: Applying transform 1.99526... 
02/04/15::13:47:34:  Assembling U(0,1) 
02/04/15::13:47:34: Assembling BEM matrix block (0,1) 
02/04/15::13:51:18:   Computing ZForce... 
02/04/15::13:51:21: Computing Casimir integrand at Xi=0.0887079
 
02/04/15::13:51:21: Assembling T1 at Xi=8.870787e-02... 
02/04/15::13:51:21: Assembling BEM matrix block (0,0) 
02/04/15::13:51:23: Assembling T2 at Xi=8.870787e-02... 
02/04/15::13:51:23: Assembling BEM matrix block (1,1) 
02/04/15::13:53:57: LU-factorizing T1 at Xi=0.0887079... 
02/04/15::13:53:57: LU-factorizing T2 at Xi=0.0887079... 
02/04/15::13:54:03: Applying transform 1.99526... 
02/04/15::13:54:03:  Assembling U(0,1) 
02/04/15::13:54:03: Assembling BEM matrix block (0,1) 
02/04/15::13:57:48:   Computing ZForce... 
02/04/15::13:57:50: Computing Casimir integrand at Xi=0.176416
 
02/04/15::13:57:50: Assembling T1 at Xi=1.764157e-01... 
02/04/15::13:57:50: Assembling BEM matrix block (0,0) 
02/04/15::13:57:53: Assembling T2 at Xi=1.764157e-01... 
02/04/15::13:57:53: Assembling BEM matrix block (1,1) 
02/04/15::14:00:32: LU-factorizing T1 at Xi=0.176416... 
02/04/15::14:00:33: LU-factorizing T2 at Xi=0.176416... 
02/04/15::14:00:39: Applying transform 1.99526... 
02/04/15::14:00:39:  Assembling U(0,1) 
02/04/15::14:00:39: Assembling BEM matrix block (0,1) 
02/04/15::14:04:24:   Computing ZForce... 
02/04/15::14:04:26: Computing Casimir integrand at Xi=0.264124
 
02/04/15::14:04:26: Assembling T1 at Xi=2.641236e-01... 
02/04/15::14:04:26: Assembling BEM matrix block (0,0) 
02/04/15::14:04:29: Assembling T2 at Xi=2.641236e-01... 
02/04/15::14:04:29: Assembling BEM matrix block (1,1) 
02/04/15::14:07:13: LU-factorizing T1 at Xi=0.264124... 
02/04/15::14:07:13: LU-factorizing T2 at Xi=0.264124... 
02/04/15::14:07:19: Applying transform 1.99526... 
02/04/15::14:07:19:  Assembling U(0,1) 
02/04/15::14:07:19: Assembling BEM matrix block (0,1) 
02/04/15::14:11:05:   Computing ZForce... 
02/04/15::14:11:07: Computing Casimir integrand at Xi=0.439539
 
02/04/15::14:11:07: Assembling T1 at Xi=4.395393e-01... 
02/04/15::14:11:07: Assembling BEM matrix block (0,0) 
02/04/15::14:11:11: Assembling T2 at Xi=4.395393e-01... 
02/04/15::14:11:11: Assembling BEM matrix block (1,1) 
02/04/15::14:14:05: LU-factorizing T1 at Xi=0.439539... 
02/04/15::14:14:05: LU-factorizing T2 at Xi=0.439539... 
02/04/15::14:14:11: Applying transform 1.99526... 
02/04/15::14:14:11:  Assembling U(0,1) 
02/04/15::14:14:11: Assembling BEM matrix block (0,1) 
02/04/15::14:17:57:   Computing ZForce... 
02/04/15::14:18:00: Computing Casimir integrand at Xi=0.614955
 
02/04/15::14:18:00: Assembling T1 at Xi=6.149551e-01... 
02/04/15::14:18:00: Assembling BEM matrix block (0,0) 
02/04/15::14:18:03: Assembling T2 at Xi=6.149551e-01... 
02/04/15::14:18:03: Assembling BEM matrix block (1,1) 
02/04/15::14:21:06: LU-factorizing T1 at Xi=0.614955... 
02/04/15::14:21:06: LU-factorizing T2 at Xi=0.614955... 
02/04/15::14:21:12: Applying transform 1.99526... 
02/04/15::14:21:12:  Assembling U(0,1) 
02/04/15::14:21:12: Assembling BEM matrix block (0,1) 
02/04/15::14:25:00:   Computing ZForce... 
02/04/15::14:25:02: Computing Casimir integrand at Xi=0.351831
 
02/04/15::14:25:02: Assembling T1 at Xi=3.518315e-01... 
02/04/15::14:25:02: Assembling BEM matrix block (0,0) 
02/04/15::14:25:05: Assembling T2 at Xi=3.518315e-01... 
02/04/15::14:25:05: Assembling BEM matrix block (1,1) 
02/04/15::14:27:55: LU-factorizing T1 at Xi=0.351831... 
02/04/15::14:27:55: LU-factorizing T2 at Xi=0.351831... 
02/04/15::14:28:01: Applying transform 1.99526... 
02/04/15::14:28:01:  Assembling U(0,1) 
02/04/15::14:28:01: Assembling BEM matrix block (0,1) 
02/04/15::14:31:47:   Computing ZForce... 
02/04/15::14:31:49: Computing Casimir integrand at Xi=0.614955
 
02/04/15::14:31:49: Assembling T1 at Xi=6.149551e-01... 
02/04/15::14:31:49: Assembling BEM matrix block (0,0) 
02/04/15::14:31:52: Assembling T2 at Xi=6.149551e-01... 
02/04/15::14:31:52: Assembling BEM matrix block (1,1) 
02/04/15::14:34:56: LU-factorizing T1 at Xi=0.614955... 
02/04/15::14:34:56: LU-factorizing T2 at Xi=0.614955... 
02/04/15::14:35:02: Applying transform 1.99526... 
02/04/15::14:35:02:  Assembling U(0,1) 
02/04/15::14:35:02: Assembling BEM matrix block (0,1) 
02/04/15::14:38:50:   Computing ZForce... 
02/04/15::14:38:52: Computing Casimir integrand at Xi=0.790371
 
02/04/15::14:38:52: Assembling T1 at Xi=7.903708e-01... 
02/04/15::14:38:52: Assembling BEM matrix block (0,0) 
02/04/15::14:38:56: Assembling T2 at Xi=7.903708e-01... 
02/04/15::14:38:56: Assembling BEM matrix block (1,1) 
02/04/15::14:42:09: LU-factorizing T1 at Xi=0.790371... 
02/04/15::14:42:09: LU-factorizing T2 at Xi=0.790371... 
02/04/15::14:42:15: Applying transform 1.99526... 
02/04/15::14:42:15:  Assembling U(0,1) 
02/04/15::14:42:15: Assembling BEM matrix block (0,1) 
02/04/15::14:46:05:   Computing ZForce... 
02/04/15::14:46:08: Computing Casimir integrand at Xi=0.527247
 
02/04/15::14:46:08: Assembling T1 at Xi=5.272472e-01... 
02/04/15::14:46:08: Assembling BEM matrix block (0,0) 
02/04/15::14:46:11: Assembling T2 at Xi=5.272472e-01... 
02/04/15::14:46:11: Assembling BEM matrix block (1,1) 
02/04/15::14:49:11: LU-factorizing T1 at Xi=0.527247... 
02/04/15::14:49:12: LU-factorizing T2 at Xi=0.527247... 
02/04/15::14:49:18: Applying transform 1.99526... 
02/04/15::14:49:18:  Assembling U(0,1) 
02/04/15::14:49:18: Assembling BEM matrix block (0,1) 
02/04/15::14:53:06:   Computing ZForce... 
02/04/15::14:53:09: Computing Casimir integrand at Xi=0.790371
 
02/04/15::14:53:09: Assembling T1 at Xi=7.903708e-01... 
02/04/15::14:53:09: Assembling BEM matrix block (0,0) 
02/04/15::14:53:12: Assembling T2 at Xi=7.903708e-01... 
02/04/15::14:53:12: Assembling BEM matrix block (1,1) 
02/04/15::14:56:26: LU-factorizing T1 at Xi=0.790371... 
02/04/15::14:56:26: LU-factorizing T2 at Xi=0.790371... 
02/04/15::14:56:32: Applying transform 1.99526... 
02/04/15::14:56:32:  Assembling U(0,1) 
02/04/15::14:56:32: Assembling BEM matrix block (0,1) 
02/04/15::15:00:21:   Computing ZForce... 
02/04/15::15:00:24: Computing Casimir integrand at Xi=0.965787
 
02/04/15::15:00:24: Assembling T1 at Xi=9.657865e-01... 
02/04/15::15:00:24: Assembling BEM matrix block (0,0) 
02/04/15::15:00:27: Assembling T2 at Xi=9.657865e-01... 
02/04/15::15:00:27: Assembling BEM matrix block (1,1) 
02/04/15::15:23:56: LU-factorizing T1 at Xi=0.965787... 
02/04/15::15:23:56: LU-factorizing T2 at Xi=0.965787... 
02/04/15::15:24:02: Applying transform 1.99526... 
02/04/15::15:24:02:  Assembling U(0,1) 
02/04/15::15:24:02: Assembling BEM matrix block (0,1) 
02/04/15::15:27:47:   Computing ZForce... 
02/04/15::15:27:49: Computing Casimir integrand at Xi=0.702663
 
02/04/15::15:27:49: Assembling T1 at Xi=7.026629e-01... 
02/04/15::15:27:49: Assembling BEM matrix block (0,0) 
02/04/15::15:27:53: Assembling T2 at Xi=7.026629e-01... 
02/04/15::15:27:53: Assembling BEM matrix block (1,1) 
02/04/15::15:31:01: LU-factorizing T1 at Xi=0.702663... 
02/04/15::15:31:01: LU-factorizing T2 at Xi=0.702663... 
02/04/15::15:31:07: Applying transform 1.99526... 
02/04/15::15:31:07:  Assembling U(0,1) 
02/04/15::15:31:07: Assembling BEM matrix block (0,1) 
02/04/15::15:34:56:   Computing ZForce... 
02/04/15::15:34:59: Computing Casimir integrand at Xi=0.965787
 
02/04/15::15:34:59: Assembling T1 at Xi=9.657865e-01... 
02/04/15::15:34:59: Assembling BEM matrix block (0,0) 
02/04/15::15:35:02: Assembling T2 at Xi=9.657865e-01... 
02/04/15::15:35:02: Assembling BEM matrix block (1,1) 
02/04/15::15:58:29: LU-factorizing T1 at Xi=0.965787... 
02/04/15::15:58:29: LU-factorizing T2 at Xi=0.965787... 
02/04/15::15:58:35: Applying transform 1.99526... 
02/04/15::15:58:35:  Assembling U(0,1) 
02/04/15::15:58:35: Assembling BEM matrix block (0,1) 
02/04/15::16:02:19:   Computing ZForce... 
02/04/15::16:02:22: Computing Casimir integrand at Xi=1.1412
 
02/04/15::16:02:22: Assembling T1 at Xi=1.141202e+00... 
02/04/15::16:02:22: Assembling BEM matrix block (0,0) 
02/04/15::16:02:26: Assembling T2 at Xi=1.141202e+00... 
02/04/15::16:02:26: Assembling BEM matrix block (1,1) 
02/04/15::16:25:52: LU-factorizing T1 at Xi=1.1412... 
02/04/15::16:25:52: LU-factorizing T2 at Xi=1.1412... 
02/04/15::16:25:58: Applying transform 1.99526... 
02/04/15::16:25:58:  Assembling U(0,1) 
02/04/15::16:25:58: Assembling BEM matrix block (0,1) 
02/04/15::16:29:43:   Computing ZForce... 
02/04/15::16:29:45: Computing Casimir integrand at Xi=0.878079
 
02/04/15::16:29:45: Assembling T1 at Xi=8.780787e-01... 
02/04/15::16:29:45: Assembling BEM matrix block (0,0) 
02/04/15::16:29:49: Assembling T2 at Xi=8.780787e-01... 
02/04/15::16:29:49: Assembling BEM matrix block (1,1) 
02/04/15::16:33:06: LU-factorizing T1 at Xi=0.878079... 
02/04/15::16:33:06: LU-factorizing T2 at Xi=0.878079... 
02/04/15::16:33:12: Applying transform 1.99526... 
02/04/15::16:33:12:  Assembling U(0,1) 
02/04/15::16:33:12: Assembling BEM matrix block (0,1) 
02/04/15::16:37:02:   Computing ZForce... 
02/04/15::16:37:04: Computing Casimir integrand at Xi=1.1412
 
02/04/15::16:37:04: Assembling T1 at Xi=1.141202e+00... 
02/04/15::16:37:04: Assembling BEM matrix block (0,0) 
02/04/15::16:37:08: Assembling T2 at Xi=1.141202e+00... 
02/04/15::16:37:08: Assembling BEM matrix block (1,1) 
02/04/15::17:00:32: LU-factorizing T1 at Xi=1.1412... 
02/04/15::17:00:32: LU-factorizing T2 at Xi=1.1412... 
02/04/15::17:00:38: Applying transform 1.99526... 
02/04/15::17:00:38:  Assembling U(0,1) 
02/04/15::17:00:38: Assembling BEM matrix block (0,1) 
02/04/15::17:04:22:   Computing ZForce... 
02/04/15::17:04:24: Computing Casimir integrand at Xi=1.31662
 
02/04/15::17:04:24: Assembling T1 at Xi=1.316618e+00... 
02/04/15::17:04:24: Assembling BEM matrix block (0,0) 
02/04/15::17:04:28: Assembling T2 at Xi=1.316618e+00... 
02/04/15::17:04:28: Assembling BEM matrix block (1,1) 
02/04/15::17:27:55: LU-factorizing T1 at Xi=1.31662... 
02/04/15::17:27:55: LU-factorizing T2 at Xi=1.31662... 
02/04/15::17:28:01: Applying transform 1.99526... 
02/04/15::17:28:01:  Assembling U(0,1) 
02/04/15::17:28:01: Assembling BEM matrix block (0,1) 
02/04/15::17:31:45:   Computing ZForce... 
02/04/15::17:31:48: Computing Casimir integrand at Xi=1.05349
 
02/04/15::17:31:48: Assembling T1 at Xi=1.053494e+00... 
02/04/15::17:31:48: Assembling BEM matrix block (0,0) 
02/04/15::17:31:51: Assembling T2 at Xi=1.053494e+00... 
02/04/15::17:31:51: Assembling BEM matrix block (1,1) 
02/04/15::17:55:13: LU-factorizing T1 at Xi=1.05349... 
02/04/15::17:55:13: LU-factorizing T2 at Xi=1.05349... 
02/04/15::17:55:19: Applying transform 1.99526... 
02/04/15::17:55:19:  Assembling U(0,1) 
02/04/15::17:55:19: Assembling BEM matrix block (0,1) 
02/04/15::17:59:03:   Computing ZForce... 
02/04/15::17:59:05: Computing Casimir integrand at Xi=1.22891
 
02/04/15::17:59:05: Assembling T1 at Xi=1.228910e+00... 
02/04/15::17:59:05: Assembling BEM matrix block (0,0) 
02/04/15::17:59:09: Assembling T2 at Xi=1.228910e+00... 
02/04/15::17:59:09: Assembling BEM matrix block (1,1) 
02/04/15::18:22:31: LU-factorizing T1 at Xi=1.22891... 
02/04/15::18:22:31: LU-factorizing T2 at Xi=1.22891... 
02/04/15::18:22:37: Applying transform 1.99526... 
02/04/15::18:22:37:  Assembling U(0,1) 
02/04/15::18:22:37: Assembling BEM matrix block (0,1) 
02/04/15::18:26:21:   Computing ZForce... 
02/04/15::18:26:23: Computing Casimir integrand at Xi=1.31662
 
02/04/15::18:26:23: Assembling T1 at Xi=1.316618e+00... 
02/04/15::18:26:23: Assembling BEM matrix block (0,0) 
02/04/15::18:26:27: Assembling T2 at Xi=1.316618e+00... 
02/04/15::18:26:27: Assembling BEM matrix block (1,1) 
02/04/15::18:49:54: LU-factorizing T1 at Xi=1.31662... 
02/04/15::18:49:54: LU-factorizing T2 at Xi=1.31662... 
02/04/15::18:50:00: Applying transform 1.99526... 
02/04/15::18:50:00:  Assembling U(0,1) 
02/04/15::18:50:00: Assembling BEM matrix block (0,1) 
02/04/15::18:53:44:   Computing ZForce... 
02/04/15::18:53:46: Computing Casimir integrand at Xi=1.40433
 
02/04/15::18:53:46: Assembling T1 at Xi=1.404326e+00... 
02/04/15::18:53:46: Assembling BEM matrix block (0,0) 
02/04/15::18:53:50: Assembling T2 at Xi=1.404326e+00... 
02/04/15::18:53:50: Assembling BEM matrix block (1,1) 
02/04/15::19:17:28: LU-factorizing T1 at Xi=1.40433... 
02/04/15::19:17:28: LU-factorizing T2 at Xi=1.40433... 
02/04/15::19:17:34: Applying transform 1.99526... 
02/04/15::19:17:34:  Assembling U(0,1) 
02/04/15::19:17:34: Assembling BEM matrix block (0,1) 
02/04/15::19:21:19:   Computing ZForce... 
02/04/15::19:21:21: Computing Casimir integrand at Xi=1.49203
 
02/04/15::19:21:21: Assembling T1 at Xi=1.492034e+00... 
02/04/15::19:21:21: Assembling BEM matrix block (0,0) 
02/04/15::19:21:25: Assembling T2 at Xi=1.492034e+00... 
02/04/15::19:21:25: Assembling BEM matrix block (1,1) 
02/04/15::19:45:19: LU-factorizing T1 at Xi=1.49203... 
02/04/15::19:45:19: LU-factorizing T2 at Xi=1.49203... 
02/04/15::19:45:25: Applying transform 1.99526... 
02/04/15::19:45:25:  Assembling U(0,1) 
02/04/15::19:45:25: Assembling BEM matrix block (0,1) 
02/04/15::19:49:08:   Computing ZForce... 
02/04/15::19:49:11: Computing Casimir integrand at Xi=1.57974
 
02/04/15::19:49:11: Assembling T1 at Xi=1.579742e+00... 
02/04/15::19:49:11: Assembling BEM matrix block (0,0) 
02/04/15::19:49:15: Assembling T2 at Xi=1.579742e+00... 
02/04/15::19:49:15: Assembling BEM matrix block (1,1) 
02/04/15::20:13:38: LU-factorizing T1 at Xi=1.57974... 
02/04/15::20:13:38: LU-factorizing T2 at Xi=1.57974... 
02/04/15::20:13:44: Applying transform 1.99526... 
02/04/15::20:13:44:  Assembling U(0,1) 
02/04/15::20:13:44: Assembling BEM matrix block (0,1) 
02/04/15::20:17:27:   Computing ZForce... 
02/04/15::20:17:30: Computing Casimir integrand at Xi=1.66745
 
02/04/15::20:17:30: Assembling T1 at Xi=1.667449e+00... 
02/04/15::20:17:30: Assembling BEM matrix block (0,0) 
02/04/15::20:17:34: Assembling T2 at Xi=1.667449e+00... 
02/04/15::20:17:34: Assembling BEM matrix block (1,1) 
02/04/15::20:42:21: LU-factorizing T1 at Xi=1.66745... 
02/04/15::20:42:21: LU-factorizing T2 at Xi=1.66745... 
02/04/15::20:42:27: Applying transform 1.99526... 
02/04/15::20:42:27:  Assembling U(0,1) 
02/04/15::20:42:27: Assembling BEM matrix block (0,1) 
02/04/15::20:46:08:   Computing ZForce... 
02/04/15::20:46:11: Computing Casimir integrand at Xi=1.75516
 
02/04/15::20:46:11: Assembling T1 at Xi=1.755157e+00... 
02/04/15::20:46:11: Assembling BEM matrix block (0,0) 
02/04/15::20:46:15: Assembling T2 at Xi=1.755157e+00... 
02/04/15::20:46:15: Assembling BEM matrix block (1,1) 
02/04/15::21:11:20: LU-factorizing T1 at Xi=1.75516... 
02/04/15::21:11:20: LU-factorizing T2 at Xi=1.75516... 
02/04/15::21:11:26: Applying transform 1.99526... 
02/04/15::21:11:26:  Assembling U(0,1) 
02/04/15::21:11:26: Assembling BEM matrix block (0,1) 
02/04/15::21:15:06:   Computing ZForce... 
02/04/15::21:15:09: Computing Casimir integrand at Xi=1.84287
 
02/04/15::21:15:09: Assembling T1 at Xi=1.842865e+00... 
02/04/15::21:15:09: Assembling BEM matrix block (0,0) 
02/04/15::21:15:13: Assembling T2 at Xi=1.842865e+00... 
02/04/15::21:15:13: Assembling BEM matrix block (1,1) 
02/04/15::21:40:28: LU-factorizing T1 at Xi=1.84287... 
02/04/15::21:40:28: LU-factorizing T2 at Xi=1.84287... 
02/04/15::21:40:34: Applying transform 1.99526... 
02/04/15::21:40:34:  Assembling U(0,1) 
02/04/15::21:40:34: Assembling BEM matrix block (0,1) 
02/04/15::21:44:14:   Computing ZForce... 
02/04/15::21:44:17: Computing Casimir integrand at Xi=1.93057
 
02/04/15::21:44:17: Assembling T1 at Xi=1.930573e+00... 
02/04/15::21:44:17: Assembling BEM matrix block (0,0) 
02/04/15::21:44:21: Assembling T2 at Xi=1.930573e+00... 
02/04/15::21:44:21: Assembling BEM matrix block (1,1) 
02/04/15::22:09:40: LU-factorizing T1 at Xi=1.93057... 
02/04/15::22:09:40: LU-factorizing T2 at Xi=1.93057... 
02/04/15::22:09:46: Applying transform 1.99526... 
02/04/15::22:09:46:  Assembling U(0,1) 
02/04/15::22:09:46: Assembling BEM matrix block (0,1) 
02/04/15::22:13:26:   Computing ZForce... 
02/04/15::22:13:29: Computing Casimir integrand at Xi=2.01828
 
02/04/15::22:13:29: Assembling T1 at Xi=2.018281e+00... 
02/04/15::22:13:29: Assembling BEM matrix block (0,0) 
02/04/15::22:13:33: Assembling T2 at Xi=2.018281e+00... 
02/04/15::22:13:33: Assembling BEM matrix block (1,1) 
02/04/15::22:38:52: LU-factorizing T1 at Xi=2.01828... 
02/04/15::22:38:52: LU-factorizing T2 at Xi=2.01828... 
02/04/15::22:38:58: Applying transform 1.99526... 
02/04/15::22:38:58:  Assembling U(0,1) 
02/04/15::22:38:58: Assembling BEM matrix block (0,1) 
02/04/15::22:42:39:   Computing ZForce... 
02/04/15::22:42:41: Computing Casimir integrand at Xi=2.10599
 
02/04/15::22:42:41: Assembling T1 at Xi=2.105989e+00... 
02/04/15::22:42:41: Assembling BEM matrix block (0,0) 
02/04/15::22:42:45: Assembling T2 at Xi=2.105989e+00... 
02/04/15::22:42:45: Assembling BEM matrix block (1,1) 
02/04/15::23:08:12: LU-factorizing T1 at Xi=2.10599... 
02/04/15::23:08:12: LU-factorizing T2 at Xi=2.10599... 
02/04/15::23:08:18: Applying transform 1.99526... 
02/04/15::23:08:18:  Assembling U(0,1) 
02/04/15::23:08:18: Assembling BEM matrix block (0,1) 
02/04/15::23:12:01:   Computing ZForce... 
02/04/15::23:12:03: Computing Casimir integrand at Xi=2.1937
 
02/04/15::23:12:03: Assembling T1 at Xi=2.193697e+00... 
02/04/15::23:12:03: Assembling BEM matrix block (0,0) 
02/04/15::23:12:08: Assembling T2 at Xi=2.193697e+00... 
02/04/15::23:12:08: Assembling BEM matrix block (1,1) 
02/04/15::23:37:38: LU-factorizing T1 at Xi=2.1937... 
02/04/15::23:37:38: LU-factorizing T2 at Xi=2.1937... 
02/04/15::23:37:44: Applying transform 1.99526... 
02/04/15::23:37:44:  Assembling U(0,1) 
02/04/15::23:37:44: Assembling BEM matrix block (0,1) 
02/04/15::23:41:26:   Computing ZForce... 
02/04/15::23:41:28: Computing Casimir integrand at Xi=2.36911
 
02/04/15::23:41:28: Assembling T1 at Xi=2.369112e+00... 
02/04/15::23:41:28: Assembling BEM matrix block (0,0) 
02/04/15::23:41:33: Assembling T2 at Xi=2.369112e+00... 
02/04/15::23:41:33: Assembling BEM matrix block (1,1) 
02/05/15::00:06:53: LU-factorizing T1 at Xi=2.36911... 
02/05/15::00:06:53: LU-factorizing T2 at Xi=2.36911... 
02/05/15::00:06:59: Applying transform 1.99526... 
02/05/15::00:06:59:  Assembling U(0,1) 
02/05/15::00:06:59: Assembling BEM matrix block (0,1) 
02/05/15::00:10:40:   Computing ZForce... 
02/05/15::00:10:43: Computing Casimir integrand at Xi=2.54453
 
02/05/15::00:10:43: Assembling T1 at Xi=2.544528e+00... 
02/05/15::00:10:43: Assembling BEM matrix block (0,0) 
02/05/15::00:10:47: Assembling T2 at Xi=2.544528e+00... 
02/05/15::00:10:47: Assembling BEM matrix block (1,1) 
02/05/15::00:36:07: LU-factorizing T1 at Xi=2.54453... 
02/05/15::00:36:07: LU-factorizing T2 at Xi=2.54453... 
02/05/15::00:36:13: Applying transform 1.99526... 
02/05/15::00:36:13:  Assembling U(0,1) 
02/05/15::00:36:13: Assembling BEM matrix block (0,1) 
02/05/15::00:39:54:   Computing ZForce... 
02/05/15::00:39:56: Computing Casimir integrand at Xi=2.2814
 
02/05/15::00:39:56: Assembling T1 at Xi=2.281405e+00... 
02/05/15::00:39:56: Assembling BEM matrix block (0,0) 
02/05/15::00:40:00: Assembling T2 at Xi=2.281405e+00... 
02/05/15::00:40:00: Assembling BEM matrix block (1,1) 
02/05/15::01:05:24: LU-factorizing T1 at Xi=2.2814... 
02/05/15::01:05:24: LU-factorizing T2 at Xi=2.2814... 
02/05/15::01:05:30: Applying transform 1.99526... 
02/05/15::01:05:30:  Assembling U(0,1) 
02/05/15::01:05:30: Assembling BEM matrix block (0,1) 
02/05/15::01:09:14:   Computing ZForce... 
