02/03/15::18:30:16: scuff-cas3D running on kiso0013 
02/03/15::18:30:16: Setting material properties of exterior region to VACUUM. 
02/03/15::18:30:16: Flipped 514 panel normals to comport with region definitions. 
02/03/15::18:30:16: Computing full zero-temperature Casimir quantities. 
02/03/15::18:30:16: Read 1 geometrical transformations from file Bead_L-3.98107.trans. 
02/03/15::18:30:17: Minimum distance between surface points=3.981070e+00 
02/03/15::18:30:17: Computing Casimir integrand at Xi=0.001
 
02/03/15::18:30:17: Assembling T1 at Xi=1.000000e-03... 
02/03/15::18:30:17: Assembling BEM matrix block (0,0) 
02/03/15::18:30:41: Assembling T2 at Xi=1.000000e-03... 
02/03/15::18:30:41: Assembling BEM matrix block (1,1) 
02/03/15::18:51:02: LU-factorizing T1 at Xi=0.001... 
02/03/15::18:51:02: LU-factorizing T2 at Xi=0.001... 
02/03/15::18:51:41: Applying transform 3.98107... 
02/03/15::18:51:41:  Assembling U(0,1) 
02/03/15::18:51:41: Assembling BEM matrix block (0,1) 
02/03/15::18:54:20:   Computing ZForce... 
02/03/15::18:54:35: Computing Casimir integrand at Xi=0.022979
 
02/03/15::18:54:35: Assembling T1 at Xi=2.297902e-02... 
02/03/15::18:54:35: Assembling BEM matrix block (0,0) 
02/03/15::18:54:39: Assembling T2 at Xi=2.297902e-02... 
02/03/15::18:54:39: Assembling BEM matrix block (1,1) 
02/03/15::19:12:40: LU-factorizing T1 at Xi=0.022979... 
02/03/15::19:12:40: LU-factorizing T2 at Xi=0.022979... 
02/03/15::19:13:19: Applying transform 3.98107... 
02/03/15::19:13:19:  Assembling U(0,1) 
02/03/15::19:13:19: Assembling BEM matrix block (0,1) 
02/03/15::19:15:52:   Computing ZForce... 
02/03/15::19:16:08: Computing Casimir integrand at Xi=0.044958
 
02/03/15::19:16:08: Assembling T1 at Xi=4.495803e-02... 
02/03/15::19:16:08: Assembling BEM matrix block (0,0) 
02/03/15::19:16:11: Assembling T2 at Xi=4.495803e-02... 
02/03/15::19:16:11: Assembling BEM matrix block (1,1) 
02/03/15::19:34:22: LU-factorizing T1 at Xi=0.044958... 
02/03/15::19:34:22: LU-factorizing T2 at Xi=0.044958... 
02/03/15::19:35:00: Applying transform 3.98107... 
02/03/15::19:35:00:  Assembling U(0,1) 
02/03/15::19:35:00: Assembling BEM matrix block (0,1) 
02/03/15::19:37:35:   Computing ZForce... 
02/03/15::19:37:51: Computing Casimir integrand at Xi=0.0889161
 
02/03/15::19:37:51: Assembling T1 at Xi=8.891606e-02... 
02/03/15::19:37:51: Assembling BEM matrix block (0,0) 
02/03/15::19:37:55: Assembling T2 at Xi=8.891606e-02... 
02/03/15::19:37:55: Assembling BEM matrix block (1,1) 
02/03/15::19:56:07: LU-factorizing T1 at Xi=0.0889161... 
02/03/15::19:56:07: LU-factorizing T2 at Xi=0.0889161... 
02/03/15::19:56:45: Applying transform 3.98107... 
02/03/15::19:56:45:  Assembling U(0,1) 
02/03/15::19:56:45: Assembling BEM matrix block (0,1) 
02/03/15::19:59:18:   Computing ZForce... 
02/03/15::19:59:34: Computing Casimir integrand at Xi=0.132874
 
02/03/15::19:59:34: Assembling T1 at Xi=1.328741e-01... 
02/03/15::19:59:34: Assembling BEM matrix block (0,0) 
02/03/15::19:59:38: Assembling T2 at Xi=1.328741e-01... 
02/03/15::19:59:38: Assembling BEM matrix block (1,1) 
02/03/15::20:17:51: LU-factorizing T1 at Xi=0.132874... 
02/03/15::20:17:51: LU-factorizing T2 at Xi=0.132874... 
02/03/15::20:18:29: Applying transform 3.98107... 
02/03/15::20:18:29:  Assembling U(0,1) 
02/03/15::20:18:29: Assembling BEM matrix block (0,1) 
02/03/15::20:21:02:   Computing ZForce... 
02/03/15::20:21:18: Computing Casimir integrand at Xi=0.22079
 
02/03/15::20:21:18: Assembling T1 at Xi=2.207902e-01... 
02/03/15::20:21:18: Assembling BEM matrix block (0,0) 
02/03/15::20:21:22: Assembling T2 at Xi=2.207902e-01... 
02/03/15::20:21:22: Assembling BEM matrix block (1,1) 
02/03/15::20:39:39: LU-factorizing T1 at Xi=0.22079... 
02/03/15::20:39:39: LU-factorizing T2 at Xi=0.22079... 
02/03/15::20:40:18: Applying transform 3.98107... 
02/03/15::20:40:18:  Assembling U(0,1) 
02/03/15::20:40:18: Assembling BEM matrix block (0,1) 
02/03/15::20:42:51:   Computing ZForce... 
02/03/15::20:43:07: Computing Casimir integrand at Xi=0.308706
 
02/03/15::20:43:07: Assembling T1 at Xi=3.087062e-01... 
02/03/15::20:43:07: Assembling BEM matrix block (0,0) 
02/03/15::20:43:11: Assembling T2 at Xi=3.087062e-01... 
02/03/15::20:43:11: Assembling BEM matrix block (1,1) 
02/03/15::21:01:32: LU-factorizing T1 at Xi=0.308706... 
02/03/15::21:01:32: LU-factorizing T2 at Xi=0.308706... 
02/03/15::21:02:10: Applying transform 3.98107... 
02/03/15::21:02:10:  Assembling U(0,1) 
02/03/15::21:02:10: Assembling BEM matrix block (0,1) 
02/03/15::21:04:44:   Computing ZForce... 
02/03/15::21:05:00: Computing Casimir integrand at Xi=0.396622
 
02/03/15::21:05:00: Assembling T1 at Xi=3.966223e-01... 
02/03/15::21:05:00: Assembling BEM matrix block (0,0) 
02/03/15::21:05:04: Assembling T2 at Xi=3.966223e-01... 
02/03/15::21:05:04: Assembling BEM matrix block (1,1) 
02/03/15::21:23:28: LU-factorizing T1 at Xi=0.396622... 
02/03/15::21:23:28: LU-factorizing T2 at Xi=0.396622... 
02/03/15::21:24:06: Applying transform 3.98107... 
02/03/15::21:24:06:  Assembling U(0,1) 
02/03/15::21:24:06: Assembling BEM matrix block (0,1) 
02/03/15::21:26:40:   Computing ZForce... 
02/03/15::21:26:56: Computing Casimir integrand at Xi=0.484538
 
02/03/15::21:26:56: Assembling T1 at Xi=4.845383e-01... 
02/03/15::21:26:56: Assembling BEM matrix block (0,0) 
02/03/15::21:27:00: Assembling T2 at Xi=4.845383e-01... 
02/03/15::21:27:00: Assembling BEM matrix block (1,1) 
02/03/15::21:45:32: LU-factorizing T1 at Xi=0.484538... 
02/03/15::21:45:32: LU-factorizing T2 at Xi=0.484538... 
02/03/15::21:46:11: Applying transform 3.98107... 
02/03/15::21:46:11:  Assembling U(0,1) 
02/03/15::21:46:11: Assembling BEM matrix block (0,1) 
02/03/15::21:48:46:   Computing ZForce... 
02/03/15::21:49:02: Computing Casimir integrand at Xi=0.352664
 
02/03/15::21:49:02: Assembling T1 at Xi=3.526643e-01... 
02/03/15::21:49:02: Assembling BEM matrix block (0,0) 
02/03/15::21:49:07: Assembling T2 at Xi=3.526643e-01... 
02/03/15::21:49:07: Assembling BEM matrix block (1,1) 
02/03/15::22:07:40: LU-factorizing T1 at Xi=0.352664... 
02/03/15::22:07:40: LU-factorizing T2 at Xi=0.352664... 
02/03/15::22:08:20: Applying transform 3.98107... 
02/03/15::22:08:20:  Assembling U(0,1) 
02/03/15::22:08:20: Assembling BEM matrix block (0,1) 
02/03/15::22:10:55:   Computing ZForce... 
02/03/15::22:11:11: Computing Casimir integrand at Xi=0.484538
 
02/03/15::22:11:11: Assembling T1 at Xi=4.845383e-01... 
02/03/15::22:11:11: Assembling BEM matrix block (0,0) 
02/03/15::22:11:15: Assembling T2 at Xi=4.845383e-01... 
02/03/15::22:11:15: Assembling BEM matrix block (1,1) 
02/03/15::22:29:49: LU-factorizing T1 at Xi=0.484538... 
02/03/15::22:29:49: LU-factorizing T2 at Xi=0.484538... 
02/03/15::22:30:27: Applying transform 3.98107... 
02/03/15::22:30:27:  Assembling U(0,1) 
02/03/15::22:30:27: Assembling BEM matrix block (0,1) 
02/03/15::22:33:02:   Computing ZForce... 
02/03/15::22:33:17: Computing Casimir integrand at Xi=0.572454
 
02/03/15::22:33:17: Assembling T1 at Xi=5.724544e-01... 
02/03/15::22:33:17: Assembling BEM matrix block (0,0) 
02/03/15::22:33:22: Assembling T2 at Xi=5.724544e-01... 
02/03/15::22:33:22: Assembling BEM matrix block (1,1) 
02/03/15::22:51:56: LU-factorizing T1 at Xi=0.572454... 
02/03/15::22:51:56: LU-factorizing T2 at Xi=0.572454... 
02/03/15::22:52:34: Applying transform 3.98107... 
02/03/15::22:52:34:  Assembling U(0,1) 
02/03/15::22:52:34: Assembling BEM matrix block (0,1) 
02/03/15::22:55:09:   Computing ZForce... 
02/03/15::22:55:24: Computing Casimir integrand at Xi=0.44058
 
02/03/15::22:55:24: Assembling T1 at Xi=4.405803e-01... 
02/03/15::22:55:24: Assembling BEM matrix block (0,0) 
02/03/15::22:55:29: Assembling T2 at Xi=4.405803e-01... 
02/03/15::22:55:29: Assembling BEM matrix block (1,1) 
02/03/15::23:14:03: LU-factorizing T1 at Xi=0.44058... 
02/03/15::23:14:03: LU-factorizing T2 at Xi=0.44058... 
02/03/15::23:14:42: Applying transform 3.98107... 
02/03/15::23:14:42:  Assembling U(0,1) 
02/03/15::23:14:42: Assembling BEM matrix block (0,1) 
02/03/15::23:17:17:   Computing ZForce... 
02/03/15::23:17:33: Computing Casimir integrand at Xi=0.572454
 
02/03/15::23:17:33: Assembling T1 at Xi=5.724544e-01... 
02/03/15::23:17:33: Assembling BEM matrix block (0,0) 
02/03/15::23:17:37: Assembling T2 at Xi=5.724544e-01... 
02/03/15::23:17:37: Assembling BEM matrix block (1,1) 
02/03/15::23:36:11: LU-factorizing T1 at Xi=0.572454... 
02/03/15::23:36:11: LU-factorizing T2 at Xi=0.572454... 
02/03/15::23:36:50: Applying transform 3.98107... 
02/03/15::23:36:50:  Assembling U(0,1) 
02/03/15::23:36:50: Assembling BEM matrix block (0,1) 
02/03/15::23:39:24:   Computing ZForce... 
02/03/15::23:39:40: Computing Casimir integrand at Xi=0.66037
 
02/03/15::23:39:40: Assembling T1 at Xi=6.603705e-01... 
02/03/15::23:39:40: Assembling BEM matrix block (0,0) 
02/03/15::23:39:44: Assembling T2 at Xi=6.603705e-01... 
02/03/15::23:39:44: Assembling BEM matrix block (1,1) 
02/03/15::23:58:26: LU-factorizing T1 at Xi=0.66037... 
02/03/15::23:58:26: LU-factorizing T2 at Xi=0.66037... 
02/03/15::23:59:05: Applying transform 3.98107... 
02/03/15::23:59:05:  Assembling U(0,1) 
02/03/15::23:59:05: Assembling BEM matrix block (0,1) 
02/04/15::00:01:41:   Computing ZForce... 
02/04/15::00:01:57: Computing Casimir integrand at Xi=0.528496
 
02/04/15::00:01:57: Assembling T1 at Xi=5.284964e-01... 
02/04/15::00:01:57: Assembling BEM matrix block (0,0) 
02/04/15::00:02:01: Assembling T2 at Xi=5.284964e-01... 
02/04/15::00:02:01: Assembling BEM matrix block (1,1) 
02/04/15::00:20:52: LU-factorizing T1 at Xi=0.528496... 
02/04/15::00:20:52: LU-factorizing T2 at Xi=0.528496... 
02/04/15::00:21:32: Applying transform 3.98107... 
02/04/15::00:21:32:  Assembling U(0,1) 
02/04/15::00:21:32: Assembling BEM matrix block (0,1) 
02/04/15::00:24:09:   Computing ZForce... 
02/04/15::00:24:26: Computing Casimir integrand at Xi=0.66037
 
02/04/15::00:24:26: Assembling T1 at Xi=6.603705e-01... 
02/04/15::00:24:26: Assembling BEM matrix block (0,0) 
02/04/15::00:24:30: Assembling T2 at Xi=6.603705e-01... 
02/04/15::00:24:30: Assembling BEM matrix block (1,1) 
02/04/15::00:43:28: LU-factorizing T1 at Xi=0.66037... 
02/04/15::00:43:28: LU-factorizing T2 at Xi=0.66037... 
02/04/15::00:44:07: Applying transform 3.98107... 
02/04/15::00:44:07:  Assembling U(0,1) 
02/04/15::00:44:07: Assembling BEM matrix block (0,1) 
02/04/15::00:46:44:   Computing ZForce... 
02/04/15::00:47:00: Computing Casimir integrand at Xi=0.748287
 
02/04/15::00:47:00: Assembling T1 at Xi=7.482865e-01... 
02/04/15::00:47:00: Assembling BEM matrix block (0,0) 
02/04/15::00:47:05: Assembling T2 at Xi=7.482865e-01... 
02/04/15::00:47:05: Assembling BEM matrix block (1,1) 
02/04/15::01:05:57: LU-factorizing T1 at Xi=0.748287... 
02/04/15::01:05:57: LU-factorizing T2 at Xi=0.748287... 
02/04/15::01:06:36: Applying transform 3.98107... 
02/04/15::01:06:36:  Assembling U(0,1) 
02/04/15::01:06:36: Assembling BEM matrix block (0,1) 
02/04/15::01:09:11:   Computing ZForce... 
02/04/15::01:09:26: Computing Casimir integrand at Xi=0.616412
 
02/04/15::01:09:26: Assembling T1 at Xi=6.164124e-01... 
02/04/15::01:09:26: Assembling BEM matrix block (0,0) 
02/04/15::01:09:31: Assembling T2 at Xi=6.164124e-01... 
02/04/15::01:09:31: Assembling BEM matrix block (1,1) 
02/04/15::01:28:10: LU-factorizing T1 at Xi=0.616412... 
02/04/15::01:28:10: LU-factorizing T2 at Xi=0.616412... 
02/04/15::01:28:49: Applying transform 3.98107... 
02/04/15::01:28:49:  Assembling U(0,1) 
02/04/15::01:28:49: Assembling BEM matrix block (0,1) 
02/04/15::01:31:23:   Computing ZForce... 
02/04/15::01:31:38: Computing Casimir integrand at Xi=0.704329
 
02/04/15::01:31:38: Assembling T1 at Xi=7.043285e-01... 
02/04/15::01:31:38: Assembling BEM matrix block (0,0) 
02/04/15::01:31:43: Assembling T2 at Xi=7.043285e-01... 
02/04/15::01:31:43: Assembling BEM matrix block (1,1) 
02/04/15::01:50:22: LU-factorizing T1 at Xi=0.704329... 
02/04/15::01:50:24: LU-factorizing T2 at Xi=0.704329... 
02/04/15::01:51:03: Applying transform 3.98107... 
02/04/15::01:51:03:  Assembling U(0,1) 
02/04/15::01:51:03: Assembling BEM matrix block (0,1) 
02/04/15::01:53:37:   Computing ZForce... 
02/04/15::01:53:53: Computing Casimir integrand at Xi=0.748287
 
02/04/15::01:53:53: Assembling T1 at Xi=7.482865e-01... 
02/04/15::01:53:54: Assembling BEM matrix block (0,0) 
02/04/15::01:53:59: Assembling T2 at Xi=7.482865e-01... 
02/04/15::01:53:59: Assembling BEM matrix block (1,1) 
02/04/15::02:12:44: LU-factorizing T1 at Xi=0.748287... 
02/04/15::02:12:44: LU-factorizing T2 at Xi=0.748287... 
02/04/15::02:13:23: Applying transform 3.98107... 
02/04/15::02:13:23:  Assembling U(0,1) 
02/04/15::02:13:23: Assembling BEM matrix block (0,1) 
02/04/15::02:15:58:   Computing ZForce... 
02/04/15::02:16:14: Computing Casimir integrand at Xi=0.792245
 
02/04/15::02:16:14: Assembling T1 at Xi=7.922446e-01... 
02/04/15::02:16:14: Assembling BEM matrix block (0,0) 
02/04/15::02:16:19: Assembling T2 at Xi=7.922446e-01... 
02/04/15::02:16:19: Assembling BEM matrix block (1,1) 
02/04/15::02:35:03: LU-factorizing T1 at Xi=0.792245... 
02/04/15::02:35:03: LU-factorizing T2 at Xi=0.792245... 
02/04/15::02:35:42: Applying transform 3.98107... 
02/04/15::02:35:42:  Assembling U(0,1) 
02/04/15::02:35:42: Assembling BEM matrix block (0,1) 
02/04/15::02:38:17:   Computing ZForce... 
02/04/15::02:38:33: Computing Casimir integrand at Xi=0.836203
 
02/04/15::02:38:33: Assembling T1 at Xi=8.362026e-01... 
02/04/15::02:38:33: Assembling BEM matrix block (0,0) 
02/04/15::02:38:38: Assembling T2 at Xi=8.362026e-01... 
02/04/15::02:38:38: Assembling BEM matrix block (1,1) 
02/04/15::02:57:26: LU-factorizing T1 at Xi=0.836203... 
02/04/15::02:57:26: LU-factorizing T2 at Xi=0.836203... 
02/04/15::02:58:04: Applying transform 3.98107... 
02/04/15::02:58:04:  Assembling U(0,1) 
02/04/15::02:58:04: Assembling BEM matrix block (0,1) 
02/04/15::03:00:39:   Computing ZForce... 
02/04/15::03:00:55: Computing Casimir integrand at Xi=0.880161
 
02/04/15::03:00:55: Assembling T1 at Xi=8.801606e-01... 
02/04/15::03:00:55: Assembling BEM matrix block (0,0) 
02/04/15::03:01:00: Assembling T2 at Xi=8.801606e-01... 
02/04/15::03:01:00: Assembling BEM matrix block (1,1) 
02/04/15::03:19:50: LU-factorizing T1 at Xi=0.880161... 
02/04/15::03:19:50: LU-factorizing T2 at Xi=0.880161... 
02/04/15::03:20:28: Applying transform 3.98107... 
02/04/15::03:20:28:  Assembling U(0,1) 
02/04/15::03:20:28: Assembling BEM matrix block (0,1) 
02/04/15::03:23:03:   Computing ZForce... 
02/04/15::03:23:19: Computing Casimir integrand at Xi=0.924119
 
02/04/15::03:23:19: Assembling T1 at Xi=9.241187e-01... 
02/04/15::03:23:19: Assembling BEM matrix block (0,0) 
02/04/15::03:23:24: Assembling T2 at Xi=9.241187e-01... 
02/04/15::03:23:24: Assembling BEM matrix block (1,1) 
02/04/15::03:55:32: LU-factorizing T1 at Xi=0.924119... 
02/04/15::03:55:32: LU-factorizing T2 at Xi=0.924119... 
02/04/15::03:56:10: Applying transform 3.98107... 
02/04/15::03:56:10:  Assembling U(0,1) 
02/04/15::03:56:10: Assembling BEM matrix block (0,1) 
02/04/15::03:58:43:   Computing ZForce... 
02/04/15::03:58:59: Computing Casimir integrand at Xi=0.968077
 
02/04/15::03:58:59: Assembling T1 at Xi=9.680767e-01... 
02/04/15::03:58:59: Assembling BEM matrix block (0,0) 
02/04/15::03:59:04: Assembling T2 at Xi=9.680767e-01... 
02/04/15::03:59:04: Assembling BEM matrix block (1,1) 
02/04/15::04:31:12: LU-factorizing T1 at Xi=0.968077... 
02/04/15::04:31:12: LU-factorizing T2 at Xi=0.968077... 
02/04/15::04:31:50: Applying transform 3.98107... 
02/04/15::04:31:50:  Assembling U(0,1) 
02/04/15::04:31:50: Assembling BEM matrix block (0,1) 
02/04/15::04:34:23:   Computing ZForce... 
02/04/15::04:34:39: Computing Casimir integrand at Xi=1.01203
 
02/04/15::04:34:39: Assembling T1 at Xi=1.012035e+00... 
02/04/15::04:34:39: Assembling BEM matrix block (0,0) 
02/04/15::04:34:44: Assembling T2 at Xi=1.012035e+00... 
02/04/15::04:34:44: Assembling BEM matrix block (1,1) 
02/04/15::05:06:54: LU-factorizing T1 at Xi=1.01203... 
02/04/15::05:06:54: LU-factorizing T2 at Xi=1.01203... 
02/04/15::05:07:32: Applying transform 3.98107... 
02/04/15::05:07:32:  Assembling U(0,1) 
02/04/15::05:07:32: Assembling BEM matrix block (0,1) 
02/04/15::05:10:04:   Computing ZForce... 
02/04/15::05:10:20: Computing Casimir integrand at Xi=1.05599
 
02/04/15::05:10:20: Assembling T1 at Xi=1.055993e+00... 
02/04/15::05:10:20: Assembling BEM matrix block (0,0) 
02/04/15::05:10:26: Assembling T2 at Xi=1.055993e+00... 
02/04/15::05:10:26: Assembling BEM matrix block (1,1) 
02/04/15::05:42:37: LU-factorizing T1 at Xi=1.05599... 
02/04/15::05:42:38: LU-factorizing T2 at Xi=1.05599... 
02/04/15::05:43:16: Applying transform 3.98107... 
02/04/15::05:43:16:  Assembling U(0,1) 
02/04/15::05:43:16: Assembling BEM matrix block (0,1) 
02/04/15::05:45:48:   Computing ZForce... 
02/04/15::05:46:04: Computing Casimir integrand at Xi=1.09995
 
02/04/15::05:46:04: Assembling T1 at Xi=1.099951e+00... 
02/04/15::05:46:04: Assembling BEM matrix block (0,0) 
02/04/15::05:46:11: Assembling T2 at Xi=1.099951e+00... 
02/04/15::05:46:11: Assembling BEM matrix block (1,1) 
02/04/15::06:18:22: LU-factorizing T1 at Xi=1.09995... 
02/04/15::06:18:22: LU-factorizing T2 at Xi=1.09995... 
02/04/15::06:19:00: Applying transform 3.98107... 
02/04/15::06:19:00:  Assembling U(0,1) 
02/04/15::06:19:00: Assembling BEM matrix block (0,1) 
02/04/15::06:21:33:   Computing ZForce... 
02/04/15::06:21:48: Computing Casimir integrand at Xi=1.14391
 
02/04/15::06:21:48: Assembling T1 at Xi=1.143909e+00... 
02/04/15::06:21:48: Assembling BEM matrix block (0,0) 
02/04/15::06:21:58: Assembling T2 at Xi=1.143909e+00... 
02/04/15::06:21:58: Assembling BEM matrix block (1,1) 
02/04/15::06:54:11: LU-factorizing T1 at Xi=1.14391... 
02/04/15::06:54:11: LU-factorizing T2 at Xi=1.14391... 
02/04/15::06:54:50: Applying transform 3.98107... 
02/04/15::06:54:50:  Assembling U(0,1) 
02/04/15::06:54:50: Assembling BEM matrix block (0,1) 
02/04/15::06:57:23:   Computing ZForce... 
02/04/15::06:57:39: Computing Casimir integrand at Xi=1.18787
 
02/04/15::06:57:39: Assembling T1 at Xi=1.187867e+00... 
02/04/15::06:57:39: Assembling BEM matrix block (0,0) 
02/04/15::06:57:52: Assembling T2 at Xi=1.187867e+00... 
02/04/15::06:57:52: Assembling BEM matrix block (1,1) 
02/04/15::07:30:04: LU-factorizing T1 at Xi=1.18787... 
02/04/15::07:30:05: LU-factorizing T2 at Xi=1.18787... 
02/04/15::07:30:43: Applying transform 3.98107... 
02/04/15::07:30:43:  Assembling U(0,1) 
02/04/15::07:30:43: Assembling BEM matrix block (0,1) 
02/04/15::07:33:16:   Computing ZForce... 
