02/04/15::13:34:46: scuff-cas3D running on bullet0268 
02/04/15::13:34:46: Setting material properties of exterior region to VACUUM. 
02/04/15::13:34:46: Flipped 514 panel normals to comport with region definitions. 
02/04/15::13:34:46: Computing full zero-temperature Casimir quantities. 
02/04/15::13:34:46: Read 1 geometrical transformations from file BeadPEC_L-1.58489.trans. 
02/04/15::13:34:46: Minimum distance between surface points=1.584890e+00 
02/04/15::13:34:46: Computing Casimir integrand at Xi=0.001
 
02/04/15::13:34:46: Assembling T1 at Xi=1.000000e-03... 
02/04/15::13:34:46: Assembling BEM matrix block (0,0) 
02/04/15::13:35:19: Assembling T2 at Xi=1.000000e-03... 
02/04/15::13:35:19: Assembling BEM matrix block (1,1) 
02/04/15::13:40:47: LU-factorizing T1 at Xi=0.001... 
02/04/15::13:40:47: LU-factorizing T2 at Xi=0.001... 
02/04/15::13:40:54: Applying transform 1.58489... 
02/04/15::13:40:54:  Assembling U(0,1) 
02/04/15::13:40:54: Assembling BEM matrix block (0,1) 
02/04/15::13:45:09:   Computing ZForce... 
02/04/15::13:45:11: Computing Casimir integrand at Xi=0.0562089
 
02/04/15::13:45:11: Assembling T1 at Xi=5.620888e-02... 
02/04/15::13:45:11: Assembling BEM matrix block (0,0) 
02/04/15::13:45:14: Assembling T2 at Xi=5.620888e-02... 
02/04/15::13:45:14: Assembling BEM matrix block (1,1) 
02/04/15::13:47:46: LU-factorizing T1 at Xi=0.0562089... 
02/04/15::13:47:46: LU-factorizing T2 at Xi=0.0562089... 
02/04/15::13:47:52: Applying transform 1.58489... 
02/04/15::13:47:52:  Assembling U(0,1) 
02/04/15::13:47:52: Assembling BEM matrix block (0,1) 
02/04/15::13:51:50:   Computing ZForce... 
02/04/15::13:51:52: Computing Casimir integrand at Xi=0.111418
 
02/04/15::13:51:52: Assembling T1 at Xi=1.114178e-01... 
02/04/15::13:51:52: Assembling BEM matrix block (0,0) 
02/04/15::13:51:55: Assembling T2 at Xi=1.114178e-01... 
02/04/15::13:51:55: Assembling BEM matrix block (1,1) 
02/04/15::13:54:31: LU-factorizing T1 at Xi=0.111418... 
02/04/15::13:54:31: LU-factorizing T2 at Xi=0.111418... 
02/04/15::13:54:37: Applying transform 1.58489... 
02/04/15::13:54:37:  Assembling U(0,1) 
02/04/15::13:54:37: Assembling BEM matrix block (0,1) 
02/04/15::13:58:35:   Computing ZForce... 
02/04/15::13:58:38: Computing Casimir integrand at Xi=0.221836
 
02/04/15::13:58:38: Assembling T1 at Xi=2.218355e-01... 
02/04/15::13:58:38: Assembling BEM matrix block (0,0) 
02/04/15::13:58:41: Assembling T2 at Xi=2.218355e-01... 
02/04/15::13:58:41: Assembling BEM matrix block (1,1) 
02/04/15::14:01:23: LU-factorizing T1 at Xi=0.221836... 
02/04/15::14:01:23: LU-factorizing T2 at Xi=0.221836... 
02/04/15::14:01:29: Applying transform 1.58489... 
02/04/15::14:01:29:  Assembling U(0,1) 
02/04/15::14:01:29: Assembling BEM matrix block (0,1) 
02/04/15::14:05:28:   Computing ZForce... 
02/04/15::14:05:31: Computing Casimir integrand at Xi=0.332253
 
02/04/15::14:05:31: Assembling T1 at Xi=3.322533e-01... 
02/04/15::14:05:31: Assembling BEM matrix block (0,0) 
02/04/15::14:05:34: Assembling T2 at Xi=3.322533e-01... 
02/04/15::14:05:34: Assembling BEM matrix block (1,1) 
02/04/15::14:08:22: LU-factorizing T1 at Xi=0.332253... 
02/04/15::14:08:22: LU-factorizing T2 at Xi=0.332253... 
02/04/15::14:08:28: Applying transform 1.58489... 
02/04/15::14:08:28:  Assembling U(0,1) 
02/04/15::14:08:28: Assembling BEM matrix block (0,1) 
02/04/15::14:12:28:   Computing ZForce... 
02/04/15::14:12:30: Computing Casimir integrand at Xi=0.553089
 
02/04/15::14:12:31: Assembling T1 at Xi=5.530888e-01... 
02/04/15::14:12:31: Assembling BEM matrix block (0,0) 
02/04/15::14:12:34: Assembling T2 at Xi=5.530888e-01... 
02/04/15::14:12:34: Assembling BEM matrix block (1,1) 
02/04/15::14:15:34: LU-factorizing T1 at Xi=0.553089... 
02/04/15::14:15:34: LU-factorizing T2 at Xi=0.553089... 
02/04/15::14:15:40: Applying transform 1.58489... 
02/04/15::14:15:40:  Assembling U(0,1) 
02/04/15::14:15:40: Assembling BEM matrix block (0,1) 
02/04/15::14:19:42:   Computing ZForce... 
02/04/15::14:19:44: Computing Casimir integrand at Xi=0.773924
 
02/04/15::14:19:44: Assembling T1 at Xi=7.739243e-01... 
02/04/15::14:19:44: Assembling BEM matrix block (0,0) 
02/04/15::14:19:47: Assembling T2 at Xi=7.739243e-01... 
02/04/15::14:19:47: Assembling BEM matrix block (1,1) 
02/04/15::14:22:59: LU-factorizing T1 at Xi=0.773924... 
02/04/15::14:22:59: LU-factorizing T2 at Xi=0.773924... 
02/04/15::14:23:05: Applying transform 1.58489... 
02/04/15::14:23:05:  Assembling U(0,1) 
02/04/15::14:23:05: Assembling BEM matrix block (0,1) 
02/04/15::14:27:08:   Computing ZForce... 
02/04/15::14:27:10: Computing Casimir integrand at Xi=0.442671
 
02/04/15::14:27:10: Assembling T1 at Xi=4.426710e-01... 
02/04/15::14:27:10: Assembling BEM matrix block (0,0) 
02/04/15::14:27:13: Assembling T2 at Xi=4.426710e-01... 
02/04/15::14:27:13: Assembling BEM matrix block (1,1) 
02/04/15::14:30:08: LU-factorizing T1 at Xi=0.442671... 
02/04/15::14:30:08: LU-factorizing T2 at Xi=0.442671... 
02/04/15::14:30:14: Applying transform 1.58489... 
02/04/15::14:30:14:  Assembling U(0,1) 
02/04/15::14:30:14: Assembling BEM matrix block (0,1) 
02/04/15::14:34:14:   Computing ZForce... 
02/04/15::14:34:17: Computing Casimir integrand at Xi=0.773924
 
02/04/15::14:34:17: Assembling T1 at Xi=7.739243e-01... 
02/04/15::14:34:17: Assembling BEM matrix block (0,0) 
02/04/15::14:34:20: Assembling T2 at Xi=7.739243e-01... 
02/04/15::14:34:20: Assembling BEM matrix block (1,1) 
02/04/15::14:37:32: LU-factorizing T1 at Xi=0.773924... 
02/04/15::14:37:32: LU-factorizing T2 at Xi=0.773924... 
02/04/15::14:37:38: Applying transform 1.58489... 
02/04/15::14:37:38:  Assembling U(0,1) 
02/04/15::14:37:38: Assembling BEM matrix block (0,1) 
02/04/15::14:41:40:   Computing ZForce... 
02/04/15::14:41:42: Computing Casimir integrand at Xi=0.99476
 
02/04/15::14:41:42: Assembling T1 at Xi=9.947598e-01... 
02/04/15::14:41:42: Assembling BEM matrix block (0,0) 
02/04/15::14:41:46: Assembling T2 at Xi=9.947598e-01... 
02/04/15::14:41:46: Assembling BEM matrix block (1,1) 
02/04/15::15:05:15: LU-factorizing T1 at Xi=0.99476... 
02/04/15::15:05:15: LU-factorizing T2 at Xi=0.99476... 
02/04/15::15:05:21: Applying transform 1.58489... 
02/04/15::15:05:21:  Assembling U(0,1) 
02/04/15::15:05:21: Assembling BEM matrix block (0,1) 
02/04/15::15:09:18:   Computing ZForce... 
02/04/15::15:09:21: Computing Casimir integrand at Xi=0.663507
 
02/04/15::15:09:21: Assembling T1 at Xi=6.635065e-01... 
02/04/15::15:09:21: Assembling BEM matrix block (0,0) 
02/04/15::15:09:24: Assembling T2 at Xi=6.635065e-01... 
02/04/15::15:09:24: Assembling BEM matrix block (1,1) 
02/04/15::15:12:30: LU-factorizing T1 at Xi=0.663507... 
02/04/15::15:12:30: LU-factorizing T2 at Xi=0.663507... 
02/04/15::15:12:36: Applying transform 1.58489... 
02/04/15::15:12:36:  Assembling U(0,1) 
02/04/15::15:12:36: Assembling BEM matrix block (0,1) 
02/04/15::15:16:38:   Computing ZForce... 
02/04/15::15:16:40: Computing Casimir integrand at Xi=0.99476
 
02/04/15::15:16:40: Assembling T1 at Xi=9.947598e-01... 
02/04/15::15:16:40: Assembling BEM matrix block (0,0) 
02/04/15::15:16:44: Assembling T2 at Xi=9.947598e-01... 
02/04/15::15:16:44: Assembling BEM matrix block (1,1) 
02/04/15::15:40:13: LU-factorizing T1 at Xi=0.99476... 
02/04/15::15:40:13: LU-factorizing T2 at Xi=0.99476... 
02/04/15::15:40:19: Applying transform 1.58489... 
02/04/15::15:40:19:  Assembling U(0,1) 
02/04/15::15:40:19: Assembling BEM matrix block (0,1) 
02/04/15::15:44:16:   Computing ZForce... 
02/04/15::15:44:19: Computing Casimir integrand at Xi=1.2156
 
02/04/15::15:44:19: Assembling T1 at Xi=1.215595e+00... 
02/04/15::15:44:19: Assembling BEM matrix block (0,0) 
02/04/15::15:44:22: Assembling T2 at Xi=1.215595e+00... 
02/04/15::15:44:22: Assembling BEM matrix block (1,1) 
02/04/15::16:07:52: LU-factorizing T1 at Xi=1.2156... 
02/04/15::16:07:52: LU-factorizing T2 at Xi=1.2156... 
02/04/15::16:07:58: Applying transform 1.58489... 
02/04/15::16:07:58:  Assembling U(0,1) 
02/04/15::16:07:58: Assembling BEM matrix block (0,1) 
02/04/15::16:11:56:   Computing ZForce... 
02/04/15::16:11:58: Computing Casimir integrand at Xi=0.884342
 
02/04/15::16:11:58: Assembling T1 at Xi=8.843421e-01... 
02/04/15::16:11:58: Assembling BEM matrix block (0,0) 
02/04/15::16:12:02: Assembling T2 at Xi=8.843421e-01... 
02/04/15::16:12:02: Assembling BEM matrix block (1,1) 
02/04/15::16:15:19: LU-factorizing T1 at Xi=0.884342... 
02/04/15::16:15:19: LU-factorizing T2 at Xi=0.884342... 
02/04/15::16:15:25: Applying transform 1.58489... 
02/04/15::16:15:25:  Assembling U(0,1) 
02/04/15::16:15:25: Assembling BEM matrix block (0,1) 
02/04/15::16:19:28:   Computing ZForce... 
02/04/15::16:19:31: Computing Casimir integrand at Xi=1.10518
 
02/04/15::16:19:31: Assembling T1 at Xi=1.105178e+00... 
02/04/15::16:19:31: Assembling BEM matrix block (0,0) 
02/04/15::16:19:34: Assembling T2 at Xi=1.105178e+00... 
02/04/15::16:19:34: Assembling BEM matrix block (1,1) 
02/04/15::16:43:03: LU-factorizing T1 at Xi=1.10518... 
02/04/15::16:43:03: LU-factorizing T2 at Xi=1.10518... 
02/04/15::16:43:09: Applying transform 1.58489... 
02/04/15::16:43:09:  Assembling U(0,1) 
02/04/15::16:43:09: Assembling BEM matrix block (0,1) 
02/04/15::16:47:07:   Computing ZForce... 
02/04/15::16:47:09: Computing Casimir integrand at Xi=1.2156
 
02/04/15::16:47:09: Assembling T1 at Xi=1.215595e+00... 
02/04/15::16:47:09: Assembling BEM matrix block (0,0) 
02/04/15::16:47:13: Assembling T2 at Xi=1.215595e+00... 
02/04/15::16:47:13: Assembling BEM matrix block (1,1) 
02/04/15::17:10:42: LU-factorizing T1 at Xi=1.2156... 
02/04/15::17:10:42: LU-factorizing T2 at Xi=1.2156... 
02/04/15::17:10:48: Applying transform 1.58489... 
02/04/15::17:10:48:  Assembling U(0,1) 
02/04/15::17:10:48: Assembling BEM matrix block (0,1) 
02/04/15::17:14:46:   Computing ZForce... 
02/04/15::17:14:48: Computing Casimir integrand at Xi=1.32601
 
02/04/15::17:14:48: Assembling T1 at Xi=1.326013e+00... 
02/04/15::17:14:48: Assembling BEM matrix block (0,0) 
02/04/15::17:14:52: Assembling T2 at Xi=1.326013e+00... 
02/04/15::17:14:52: Assembling BEM matrix block (1,1) 
02/04/15::17:38:26: LU-factorizing T1 at Xi=1.32601... 
02/04/15::17:38:26: LU-factorizing T2 at Xi=1.32601... 
02/04/15::17:38:32: Applying transform 1.58489... 
02/04/15::17:38:32:  Assembling U(0,1) 
02/04/15::17:38:32: Assembling BEM matrix block (0,1) 
02/04/15::17:42:29:   Computing ZForce... 
02/04/15::17:42:32: Computing Casimir integrand at Xi=1.43643
 
02/04/15::17:42:32: Assembling T1 at Xi=1.436431e+00... 
02/04/15::17:42:32: Assembling BEM matrix block (0,0) 
02/04/15::17:42:36: Assembling T2 at Xi=1.436431e+00... 
02/04/15::17:42:36: Assembling BEM matrix block (1,1) 
02/04/15::18:06:19: LU-factorizing T1 at Xi=1.43643... 
02/04/15::18:06:19: LU-factorizing T2 at Xi=1.43643... 
02/04/15::18:06:25: Applying transform 1.58489... 
02/04/15::18:06:25:  Assembling U(0,1) 
02/04/15::18:06:25: Assembling BEM matrix block (0,1) 
02/04/15::18:10:22:   Computing ZForce... 
02/04/15::18:10:25: Computing Casimir integrand at Xi=1.54685
 
02/04/15::18:10:25: Assembling T1 at Xi=1.546849e+00... 
02/04/15::18:10:25: Assembling BEM matrix block (0,0) 
02/04/15::18:10:29: Assembling T2 at Xi=1.546849e+00... 
02/04/15::18:10:29: Assembling BEM matrix block (1,1) 
02/04/15::18:34:53: LU-factorizing T1 at Xi=1.54685... 
02/04/15::18:34:53: LU-factorizing T2 at Xi=1.54685... 
02/04/15::18:34:59: Applying transform 1.58489... 
02/04/15::18:34:59:  Assembling U(0,1) 
02/04/15::18:34:59: Assembling BEM matrix block (0,1) 
02/04/15::18:38:56:   Computing ZForce... 
02/04/15::18:38:59: Computing Casimir integrand at Xi=1.65727
 
02/04/15::18:38:59: Assembling T1 at Xi=1.657266e+00... 
02/04/15::18:38:59: Assembling BEM matrix block (0,0) 
02/04/15::18:39:02: Assembling T2 at Xi=1.657266e+00... 
02/04/15::18:39:02: Assembling BEM matrix block (1,1) 
02/04/15::19:03:53: LU-factorizing T1 at Xi=1.65727... 
02/04/15::19:03:53: LU-factorizing T2 at Xi=1.65727... 
02/04/15::19:03:59: Applying transform 1.58489... 
02/04/15::19:03:59:  Assembling U(0,1) 
02/04/15::19:03:59: Assembling BEM matrix block (0,1) 
02/04/15::19:07:55:   Computing ZForce... 
02/04/15::19:07:57: Computing Casimir integrand at Xi=1.76768
 
02/04/15::19:07:57: Assembling T1 at Xi=1.767684e+00... 
02/04/15::19:07:57: Assembling BEM matrix block (0,0) 
02/04/15::19:08:01: Assembling T2 at Xi=1.767684e+00... 
02/04/15::19:08:01: Assembling BEM matrix block (1,1) 
02/04/15::19:33:15: LU-factorizing T1 at Xi=1.76768... 
02/04/15::19:33:15: LU-factorizing T2 at Xi=1.76768... 
02/04/15::19:33:21: Applying transform 1.58489... 
02/04/15::19:33:21:  Assembling U(0,1) 
02/04/15::19:33:21: Assembling BEM matrix block (0,1) 
02/04/15::19:37:16:   Computing ZForce... 
02/04/15::19:37:18: Computing Casimir integrand at Xi=1.8781
 
02/04/15::19:37:18: Assembling T1 at Xi=1.878102e+00... 
02/04/15::19:37:18: Assembling BEM matrix block (0,0) 
02/04/15::19:37:22: Assembling T2 at Xi=1.878102e+00... 
02/04/15::19:37:22: Assembling BEM matrix block (1,1) 
02/04/15::20:02:48: LU-factorizing T1 at Xi=1.8781... 
02/04/15::20:02:48: LU-factorizing T2 at Xi=1.8781... 
02/04/15::20:02:54: Applying transform 1.58489... 
02/04/15::20:02:54:  Assembling U(0,1) 
02/04/15::20:02:54: Assembling BEM matrix block (0,1) 
02/04/15::20:06:48:   Computing ZForce... 
02/04/15::20:06:50: Computing Casimir integrand at Xi=1.98852
 
02/04/15::20:06:50: Assembling T1 at Xi=1.988520e+00... 
02/04/15::20:06:50: Assembling BEM matrix block (0,0) 
02/04/15::20:06:55: Assembling T2 at Xi=1.988520e+00... 
02/04/15::20:06:55: Assembling BEM matrix block (1,1) 
02/04/15::20:32:22: LU-factorizing T1 at Xi=1.98852... 
02/04/15::20:32:22: LU-factorizing T2 at Xi=1.98852... 
02/04/15::20:32:28: Applying transform 1.58489... 
02/04/15::20:32:28:  Assembling U(0,1) 
02/04/15::20:32:28: Assembling BEM matrix block (0,1) 
02/04/15::20:36:22:   Computing ZForce... 
02/04/15::20:36:24: Computing Casimir integrand at Xi=2.09894
 
02/04/15::20:36:24: Assembling T1 at Xi=2.098937e+00... 
02/04/15::20:36:24: Assembling BEM matrix block (0,0) 
02/04/15::20:36:28: Assembling T2 at Xi=2.098937e+00... 
02/04/15::20:36:28: Assembling BEM matrix block (1,1) 
02/04/15::21:01:55: LU-factorizing T1 at Xi=2.09894... 
02/04/15::21:01:55: LU-factorizing T2 at Xi=2.09894... 
02/04/15::21:02:01: Applying transform 1.58489... 
02/04/15::21:02:01:  Assembling U(0,1) 
02/04/15::21:02:01: Assembling BEM matrix block (0,1) 
02/04/15::21:05:56:   Computing ZForce... 
02/04/15::21:05:58: Computing Casimir integrand at Xi=2.20936
 
02/04/15::21:05:58: Assembling T1 at Xi=2.209355e+00... 
02/04/15::21:05:58: Assembling BEM matrix block (0,0) 
02/04/15::21:06:02: Assembling T2 at Xi=2.209355e+00... 
02/04/15::21:06:02: Assembling BEM matrix block (1,1) 
02/04/15::21:31:29: LU-factorizing T1 at Xi=2.20936... 
02/04/15::21:31:29: LU-factorizing T2 at Xi=2.20936... 
02/04/15::21:31:35: Applying transform 1.58489... 
02/04/15::21:31:35:  Assembling U(0,1) 
02/04/15::21:31:35: Assembling BEM matrix block (0,1) 
02/04/15::21:35:29:   Computing ZForce... 
02/04/15::21:35:31: Computing Casimir integrand at Xi=2.31977
 
02/04/15::21:35:31: Assembling T1 at Xi=2.319773e+00... 
02/04/15::21:35:31: Assembling BEM matrix block (0,0) 
02/04/15::21:35:36: Assembling T2 at Xi=2.319773e+00... 
02/04/15::21:35:36: Assembling BEM matrix block (1,1) 
02/04/15::22:01:02: LU-factorizing T1 at Xi=2.31977... 
02/04/15::22:01:02: LU-factorizing T2 at Xi=2.31977... 
02/04/15::22:01:08: Applying transform 1.58489... 
02/04/15::22:01:08:  Assembling U(0,1) 
02/04/15::22:01:08: Assembling BEM matrix block (0,1) 
02/04/15::22:05:02:   Computing ZForce... 
02/04/15::22:05:05: Computing Casimir integrand at Xi=2.43019
 
02/04/15::22:05:05: Assembling T1 at Xi=2.430191e+00... 
02/04/15::22:05:05: Assembling BEM matrix block (0,0) 
02/04/15::22:05:09: Assembling T2 at Xi=2.430191e+00... 
02/04/15::22:05:09: Assembling BEM matrix block (1,1) 
02/04/15::22:30:35: LU-factorizing T1 at Xi=2.43019... 
02/04/15::22:30:35: LU-factorizing T2 at Xi=2.43019... 
02/04/15::22:30:41: Applying transform 1.58489... 
02/04/15::22:30:41:  Assembling U(0,1) 
02/04/15::22:30:41: Assembling BEM matrix block (0,1) 
02/04/15::22:34:36:   Computing ZForce... 
02/04/15::22:34:38: Computing Casimir integrand at Xi=2.54061
 
02/04/15::22:34:38: Assembling T1 at Xi=2.540608e+00... 
02/04/15::22:34:38: Assembling BEM matrix block (0,0) 
02/04/15::22:34:42: Assembling T2 at Xi=2.540608e+00... 
02/04/15::22:34:42: Assembling BEM matrix block (1,1) 
02/04/15::23:00:09: LU-factorizing T1 at Xi=2.54061... 
02/04/15::23:00:09: LU-factorizing T2 at Xi=2.54061... 
02/04/15::23:00:15: Applying transform 1.58489... 
02/04/15::23:00:15:  Assembling U(0,1) 
02/04/15::23:00:15: Assembling BEM matrix block (0,1) 
02/04/15::23:04:09:   Computing ZForce... 
02/04/15::23:04:11: Computing Casimir integrand at Xi=2.65103
 
02/04/15::23:04:11: Assembling T1 at Xi=2.651026e+00... 
02/04/15::23:04:11: Assembling BEM matrix block (0,0) 
02/04/15::23:04:16: Assembling T2 at Xi=2.651026e+00... 
02/04/15::23:04:16: Assembling BEM matrix block (1,1) 
02/04/15::23:29:43: LU-factorizing T1 at Xi=2.65103... 
02/04/15::23:29:43: LU-factorizing T2 at Xi=2.65103... 
02/04/15::23:29:49: Applying transform 1.58489... 
02/04/15::23:29:49:  Assembling U(0,1) 
02/04/15::23:29:49: Assembling BEM matrix block (0,1) 
02/04/15::23:33:43:   Computing ZForce... 
02/04/15::23:33:45: Computing Casimir integrand at Xi=2.76144
 
02/04/15::23:33:45: Assembling T1 at Xi=2.761444e+00... 
02/04/15::23:33:45: Assembling BEM matrix block (0,0) 
02/04/15::23:33:50: Assembling T2 at Xi=2.761444e+00... 
02/04/15::23:33:50: Assembling BEM matrix block (1,1) 
02/04/15::23:59:16: LU-factorizing T1 at Xi=2.76144... 
02/04/15::23:59:16: LU-factorizing T2 at Xi=2.76144... 
02/04/15::23:59:22: Applying transform 1.58489... 
02/04/15::23:59:22:  Assembling U(0,1) 
02/04/15::23:59:22: Assembling BEM matrix block (0,1) 
02/05/15::00:03:17:   Computing ZForce... 
02/05/15::00:03:19: Computing Casimir integrand at Xi=2.98228
 
02/05/15::00:03:19: Assembling T1 at Xi=2.982279e+00... 
02/05/15::00:03:19: Assembling BEM matrix block (0,0) 
02/05/15::00:03:24: Assembling T2 at Xi=2.982279e+00... 
02/05/15::00:03:24: Assembling BEM matrix block (1,1) 
02/05/15::00:28:51: LU-factorizing T1 at Xi=2.98228... 
02/05/15::00:28:51: LU-factorizing T2 at Xi=2.98228... 
02/05/15::00:28:57: Applying transform 1.58489... 
02/05/15::00:28:57:  Assembling U(0,1) 
02/05/15::00:28:57: Assembling BEM matrix block (0,1) 
02/05/15::00:32:51:   Computing ZForce... 
02/05/15::00:32:53: Computing Casimir integrand at Xi=3.20311
 
02/05/15::00:32:53: Assembling T1 at Xi=3.203115e+00... 
02/05/15::00:32:53: Assembling BEM matrix block (0,0) 
02/05/15::00:32:58: Assembling T2 at Xi=3.203115e+00... 
02/05/15::00:32:58: Assembling BEM matrix block (1,1) 
02/05/15::00:58:25: LU-factorizing T1 at Xi=3.20311... 
02/05/15::00:58:26: LU-factorizing T2 at Xi=3.20311... 
02/05/15::00:58:32: Applying transform 1.58489... 
02/05/15::00:58:32:  Assembling U(0,1) 
02/05/15::00:58:32: Assembling BEM matrix block (0,1) 
02/05/15::01:02:26:   Computing ZForce... 
02/05/15::01:02:29: Computing Casimir integrand at Xi=2.87186
 
02/05/15::01:02:29: Assembling T1 at Xi=2.871862e+00... 
02/05/15::01:02:29: Assembling BEM matrix block (0,0) 
02/05/15::01:02:33: Assembling T2 at Xi=2.871862e+00... 
02/05/15::01:02:33: Assembling BEM matrix block (1,1) 
