02/03/15::18:29:56: scuff-cas3D running on bullet0273 
02/03/15::18:29:56: Setting material properties of exterior region to VACUUM. 
02/03/15::18:29:56: Flipped 514 panel normals to comport with region definitions. 
02/03/15::18:29:56: Computing full zero-temperature Casimir quantities. 
02/03/15::18:29:56: Read 1 geometrical transformations from file Bead_L-0.125893.trans. 
02/03/15::18:29:56: Minimum distance between surface points=1.258930e-01 
02/03/15::18:29:56: Computing Casimir integrand at Xi=0.001
 
02/03/15::18:29:56: Assembling T1 at Xi=1.000000e-03... 
02/03/15::18:29:56: Assembling BEM matrix block (0,0) 
02/03/15::18:30:32: Assembling T2 at Xi=1.000000e-03... 
02/03/15::18:30:32: Assembling BEM matrix block (1,1) 
02/03/15::19:01:27: LU-factorizing T1 at Xi=0.001... 
02/03/15::19:01:27: LU-factorizing T2 at Xi=0.001... 
02/03/15::19:02:11: Applying transform 0.125893... 
02/03/15::19:02:11:  Assembling U(0,1) 
02/03/15::19:02:11: Assembling BEM matrix block (0,1) 
02/03/15::19:08:03:   Computing ZForce... 
02/03/15::19:08:21: Computing Casimir integrand at Xi=0.696035
 
02/03/15::19:08:21: Assembling T1 at Xi=6.960347e-01... 
02/03/15::19:08:21: Assembling BEM matrix block (0,0) 
02/03/15::19:08:29: Assembling T2 at Xi=6.960347e-01... 
02/03/15::19:08:29: Assembling BEM matrix block (1,1) 
02/03/15::19:36:16: LU-factorizing T1 at Xi=0.696035... 
02/03/15::19:36:16: LU-factorizing T2 at Xi=0.696035... 
02/03/15::19:37:00: Applying transform 0.125893... 
02/03/15::19:37:00:  Assembling U(0,1) 
02/03/15::19:37:00: Assembling BEM matrix block (0,1) 
02/03/15::19:42:33:   Computing ZForce... 
02/03/15::19:42:50: Computing Casimir integrand at Xi=1.39107
 
02/03/15::19:42:50: Assembling T1 at Xi=1.391069e+00... 
02/03/15::19:42:50: Assembling BEM matrix block (0,0) 
02/03/15::19:43:48: Assembling T2 at Xi=1.391069e+00... 
02/03/15::19:43:48: Assembling BEM matrix block (1,1) 
02/03/15::20:32:28: LU-factorizing T1 at Xi=1.39107... 
02/03/15::20:32:28: LU-factorizing T2 at Xi=1.39107... 
02/03/15::20:33:11: Applying transform 0.125893... 
02/03/15::20:33:11:  Assembling U(0,1) 
02/03/15::20:33:11: Assembling BEM matrix block (0,1) 
02/03/15::20:38:40:   Computing ZForce... 
02/03/15::20:38:58: Computing Casimir integrand at Xi=0.348517
 
02/03/15::20:38:58: Assembling T1 at Xi=3.485173e-01... 
02/03/15::20:38:58: Assembling BEM matrix block (0,0) 
02/03/15::20:39:05: Assembling T2 at Xi=3.485173e-01... 
02/03/15::20:39:05: Assembling BEM matrix block (1,1) 
02/03/15::21:06:39: LU-factorizing T1 at Xi=0.348517... 
02/03/15::21:06:39: LU-factorizing T2 at Xi=0.348517... 
02/03/15::21:07:23: Applying transform 0.125893... 
02/03/15::21:07:23:  Assembling U(0,1) 
02/03/15::21:07:23: Assembling BEM matrix block (0,1) 
02/03/15::21:12:56:   Computing ZForce... 
02/03/15::21:13:13: Computing Casimir integrand at Xi=1.39107
 
02/03/15::21:13:13: Assembling T1 at Xi=1.391069e+00... 
02/03/15::21:13:13: Assembling BEM matrix block (0,0) 
02/03/15::21:14:11: Assembling T2 at Xi=1.391069e+00... 
02/03/15::21:14:11: Assembling BEM matrix block (1,1) 
02/03/15::22:03:02: LU-factorizing T1 at Xi=1.39107... 
02/03/15::22:03:02: LU-factorizing T2 at Xi=1.39107... 
02/03/15::22:03:45: Applying transform 0.125893... 
02/03/15::22:03:45:  Assembling U(0,1) 
02/03/15::22:03:45: Assembling BEM matrix block (0,1) 
02/03/15::22:09:13:   Computing ZForce... 
02/03/15::22:09:30: Computing Casimir integrand at Xi=2.0861
 
02/03/15::22:09:30: Assembling T1 at Xi=2.086104e+00... 
02/03/15::22:09:30: Assembling BEM matrix block (0,0) 
02/03/15::22:11:15: Assembling T2 at Xi=2.086104e+00... 
02/03/15::22:11:15: Assembling BEM matrix block (1,1) 
02/03/15::23:02:04: LU-factorizing T1 at Xi=2.0861... 
02/03/15::23:02:04: LU-factorizing T2 at Xi=2.0861... 
02/03/15::23:02:47: Applying transform 0.125893... 
02/03/15::23:02:47:  Assembling U(0,1) 
02/03/15::23:02:47: Assembling BEM matrix block (0,1) 
02/03/15::23:08:11:   Computing ZForce... 
02/03/15::23:08:28: Computing Casimir integrand at Xi=1.04355
 
02/03/15::23:08:28: Assembling T1 at Xi=1.043552e+00... 
02/03/15::23:08:28: Assembling BEM matrix block (0,0) 
02/03/15::23:08:38: Assembling T2 at Xi=1.043552e+00... 
02/03/15::23:08:38: Assembling BEM matrix block (1,1) 
02/03/15::23:57:03: LU-factorizing T1 at Xi=1.04355... 
02/03/15::23:57:03: LU-factorizing T2 at Xi=1.04355... 
02/03/15::23:57:47: Applying transform 0.125893... 
02/03/15::23:57:47:  Assembling U(0,1) 
02/03/15::23:57:47: Assembling BEM matrix block (0,1) 
02/04/15::00:03:13:   Computing ZForce... 
02/04/15::00:03:31: Computing Casimir integrand at Xi=1.73859
 
02/04/15::00:03:31: Assembling T1 at Xi=1.738587e+00... 
02/04/15::00:03:31: Assembling BEM matrix block (0,0) 
02/04/15::00:05:12: Assembling T2 at Xi=1.738587e+00... 
02/04/15::00:05:12: Assembling BEM matrix block (1,1) 
02/04/15::00:55:33: LU-factorizing T1 at Xi=1.73859... 
02/04/15::00:55:33: LU-factorizing T2 at Xi=1.73859... 
02/04/15::00:56:17: Applying transform 0.125893... 
02/04/15::00:56:17:  Assembling U(0,1) 
02/04/15::00:56:17: Assembling BEM matrix block (0,1) 
02/04/15::01:01:40:   Computing ZForce... 
02/04/15::01:01:58: Computing Casimir integrand at Xi=2.0861
 
02/04/15::01:01:58: Assembling T1 at Xi=2.086104e+00... 
02/04/15::01:01:58: Assembling BEM matrix block (0,0) 
02/04/15::01:03:42: Assembling T2 at Xi=2.086104e+00... 
02/04/15::01:03:42: Assembling BEM matrix block (1,1) 
02/04/15::01:54:27: LU-factorizing T1 at Xi=2.0861... 
02/04/15::01:54:28: LU-factorizing T2 at Xi=2.0861... 
02/04/15::01:55:11: Applying transform 0.125893... 
02/04/15::01:55:11:  Assembling U(0,1) 
02/04/15::01:55:11: Assembling BEM matrix block (0,1) 
02/04/15::02:00:33:   Computing ZForce... 
02/04/15::02:00:51: Computing Casimir integrand at Xi=1.56483
 
02/04/15::02:00:52: Assembling T1 at Xi=1.564828e+00... 
02/04/15::02:00:52: Assembling BEM matrix block (0,0) 
02/04/15::02:02:16: Assembling T2 at Xi=1.564828e+00... 
02/04/15::02:02:16: Assembling BEM matrix block (1,1) 
02/04/15::02:51:48: LU-factorizing T1 at Xi=1.56483... 
02/04/15::02:51:48: LU-factorizing T2 at Xi=1.56483... 
02/04/15::02:52:32: Applying transform 0.125893... 
02/04/15::02:52:32:  Assembling U(0,1) 
02/04/15::02:52:32: Assembling BEM matrix block (0,1) 
02/04/15::02:57:58:   Computing ZForce... 
02/04/15::02:58:15: Computing Casimir integrand at Xi=1.47795
 
02/04/15::02:58:15: Assembling T1 at Xi=1.477949e+00... 
02/04/15::02:58:15: Assembling BEM matrix block (0,0) 
02/04/15::02:59:27: Assembling T2 at Xi=1.477949e+00... 
02/04/15::02:59:27: Assembling BEM matrix block (1,1) 
02/04/15::03:48:35: LU-factorizing T1 at Xi=1.47795... 
02/04/15::03:48:36: LU-factorizing T2 at Xi=1.47795... 
02/04/15::03:49:19: Applying transform 0.125893... 
02/04/15::03:49:19:  Assembling U(0,1) 
02/04/15::03:49:19: Assembling BEM matrix block (0,1) 
02/04/15::03:54:46:   Computing ZForce... 
02/04/15::03:55:04: Computing Casimir integrand at Xi=1.73859
 
02/04/15::03:55:04: Assembling T1 at Xi=1.738587e+00... 
02/04/15::03:55:04: Assembling BEM matrix block (0,0) 
02/04/15::03:56:44: Assembling T2 at Xi=1.738587e+00... 
02/04/15::03:56:44: Assembling BEM matrix block (1,1) 
02/04/15::04:47:09: LU-factorizing T1 at Xi=1.73859... 
02/04/15::04:47:09: LU-factorizing T2 at Xi=1.73859... 
02/04/15::04:47:52: Applying transform 0.125893... 
02/04/15::04:47:52:  Assembling U(0,1) 
02/04/15::04:47:52: Assembling BEM matrix block (0,1) 
02/04/15::04:53:15:   Computing ZForce... 
02/04/15::04:53:33: Computing Casimir integrand at Xi=1.91235
 
02/04/15::04:53:33: Assembling T1 at Xi=1.912345e+00... 
02/04/15::04:53:33: Assembling BEM matrix block (0,0) 
02/04/15::04:55:17: Assembling T2 at Xi=1.912345e+00... 
02/04/15::04:55:17: Assembling BEM matrix block (1,1) 
02/04/15::05:45:59: LU-factorizing T1 at Xi=1.91235... 
02/04/15::05:45:59: LU-factorizing T2 at Xi=1.91235... 
02/04/15::05:46:43: Applying transform 0.125893... 
02/04/15::05:46:43:  Assembling U(0,1) 
02/04/15::05:46:43: Assembling BEM matrix block (0,1) 
02/04/15::05:52:08:   Computing ZForce... 
02/04/15::05:52:26: Computing Casimir integrand at Xi=1.65171
 
02/04/15::05:52:26: Assembling T1 at Xi=1.651707e+00... 
02/04/15::05:52:26: Assembling BEM matrix block (0,0) 
02/04/15::05:54:01: Assembling T2 at Xi=1.651707e+00... 
02/04/15::05:54:01: Assembling BEM matrix block (1,1) 
02/04/15::06:44:13: LU-factorizing T1 at Xi=1.65171... 
02/04/15::06:44:14: LU-factorizing T2 at Xi=1.65171... 
02/04/15::06:44:57: Applying transform 0.125893... 
02/04/15::06:44:57:  Assembling U(0,1) 
02/04/15::06:44:57: Assembling BEM matrix block (0,1) 
02/04/15::06:50:23:   Computing ZForce... 
02/04/15::06:50:41: Computing Casimir integrand at Xi=1.60827
 
02/04/15::06:50:41: Assembling T1 at Xi=1.608268e+00... 
02/04/15::06:50:41: Assembling BEM matrix block (0,0) 
02/04/15::06:52:10: Assembling T2 at Xi=1.608268e+00... 
02/04/15::06:52:10: Assembling BEM matrix block (1,1) 
02/04/15::07:41:58: LU-factorizing T1 at Xi=1.60827... 
02/04/15::07:41:58: LU-factorizing T2 at Xi=1.60827... 
02/04/15::07:42:42: Applying transform 0.125893... 
02/04/15::07:42:42:  Assembling U(0,1) 
02/04/15::07:42:42: Assembling BEM matrix block (0,1) 
02/04/15::07:48:08:   Computing ZForce... 
02/04/15::07:48:26: Computing Casimir integrand at Xi=1.73859
 
02/04/15::07:48:26: Assembling T1 at Xi=1.738587e+00... 
02/04/15::07:48:26: Assembling BEM matrix block (0,0) 
02/04/15::07:50:07: Assembling T2 at Xi=1.738587e+00... 
02/04/15::07:50:07: Assembling BEM matrix block (1,1) 
02/04/15::08:40:41: LU-factorizing T1 at Xi=1.73859... 
02/04/15::08:40:41: LU-factorizing T2 at Xi=1.73859... 
02/04/15::08:41:25: Applying transform 0.125893... 
02/04/15::08:41:25:  Assembling U(0,1) 
02/04/15::08:41:25: Assembling BEM matrix block (0,1) 
02/04/15::08:46:50:   Computing ZForce... 
02/04/15::08:47:08: Computing Casimir integrand at Xi=1.82547
 
02/04/15::08:47:08: Assembling T1 at Xi=1.825466e+00... 
02/04/15::08:47:08: Assembling BEM matrix block (0,0) 
02/04/15::08:48:51: Assembling T2 at Xi=1.825466e+00... 
02/04/15::08:48:51: Assembling BEM matrix block (1,1) 
02/04/15::09:39:34: LU-factorizing T1 at Xi=1.82547... 
02/04/15::09:39:34: LU-factorizing T2 at Xi=1.82547... 
02/04/15::09:40:18: Applying transform 0.125893... 
02/04/15::09:40:18:  Assembling U(0,1) 
02/04/15::09:40:18: Assembling BEM matrix block (0,1) 
02/04/15::09:45:41:   Computing ZForce... 
02/04/15::09:45:59: Computing Casimir integrand at Xi=1.69515
 
02/04/15::09:45:59: Assembling T1 at Xi=1.695147e+00... 
02/04/15::09:45:59: Assembling BEM matrix block (0,0) 
02/04/15::09:47:37: Assembling T2 at Xi=1.695147e+00... 
02/04/15::09:47:37: Assembling BEM matrix block (1,1) 
02/04/15::10:37:54: LU-factorizing T1 at Xi=1.69515... 
02/04/15::10:37:54: LU-factorizing T2 at Xi=1.69515... 
02/04/15::10:38:38: Applying transform 0.125893... 
02/04/15::10:38:38:  Assembling U(0,1) 
02/04/15::10:38:38: Assembling BEM matrix block (0,1) 
02/04/15::10:44:02:   Computing ZForce... 
02/04/15::10:44:20: Computing Casimir integrand at Xi=1.67343
 
02/04/15::10:44:20: Assembling T1 at Xi=1.673427e+00... 
02/04/15::10:44:20: Assembling BEM matrix block (0,0) 
02/04/15::10:45:55: Assembling T2 at Xi=1.673427e+00... 
02/04/15::10:45:55: Assembling BEM matrix block (1,1) 
02/04/15::11:36:10: LU-factorizing T1 at Xi=1.67343... 
02/04/15::11:36:10: LU-factorizing T2 at Xi=1.67343... 
02/04/15::11:36:54: Applying transform 0.125893... 
02/04/15::11:36:54:  Assembling U(0,1) 
02/04/15::11:36:54: Assembling BEM matrix block (0,1) 
02/04/15::11:42:18:   Computing ZForce... 
02/04/15::11:42:36: Computing Casimir integrand at Xi=1.73859
 
02/04/15::11:42:36: Assembling T1 at Xi=1.738587e+00... 
02/04/15::11:42:36: Assembling BEM matrix block (0,0) 
02/04/15::11:44:17: Assembling T2 at Xi=1.738587e+00... 
02/04/15::11:44:17: Assembling BEM matrix block (1,1) 
02/04/15::12:34:37: LU-factorizing T1 at Xi=1.73859... 
02/04/15::12:34:38: LU-factorizing T2 at Xi=1.73859... 
02/04/15::12:35:21: Applying transform 0.125893... 
02/04/15::12:35:21:  Assembling U(0,1) 
02/04/15::12:35:21: Assembling BEM matrix block (0,1) 
02/04/15::12:40:44:   Computing ZForce... 
02/04/15::12:41:01: Computing Casimir integrand at Xi=1.78203
 
02/04/15::12:41:01: Assembling T1 at Xi=1.782026e+00... 
02/04/15::12:41:01: Assembling BEM matrix block (0,0) 
02/04/15::12:42:43: Assembling T2 at Xi=1.782026e+00... 
02/04/15::12:42:44: Assembling BEM matrix block (1,1) 
02/04/15::13:33:12: LU-factorizing T1 at Xi=1.78203... 
02/04/15::13:33:12: LU-factorizing T2 at Xi=1.78203... 
02/04/15::13:33:56: Applying transform 0.125893... 
02/04/15::13:33:56:  Assembling U(0,1) 
02/04/15::13:33:56: Assembling BEM matrix block (0,1) 
02/04/15::13:39:18:   Computing ZForce... 
02/04/15::13:39:36: Computing Casimir integrand at Xi=1.71687
 
02/04/15::13:39:36: Assembling T1 at Xi=1.716867e+00... 
02/04/15::13:39:36: Assembling BEM matrix block (0,0) 
02/04/15::13:41:16: Assembling T2 at Xi=1.716867e+00... 
02/04/15::13:41:16: Assembling BEM matrix block (1,1) 
02/04/15::14:31:33: LU-factorizing T1 at Xi=1.71687... 
02/04/15::14:31:33: LU-factorizing T2 at Xi=1.71687... 
02/04/15::14:32:16: Applying transform 0.125893... 
02/04/15::14:32:16:  Assembling U(0,1) 
02/04/15::14:32:16: Assembling BEM matrix block (0,1) 
02/04/15::14:37:40:   Computing ZForce... 
02/04/15::14:37:58: Computing Casimir integrand at Xi=1.70601
 
02/04/15::14:37:58: Assembling T1 at Xi=1.706007e+00... 
02/04/15::14:37:58: Assembling BEM matrix block (0,0) 
02/04/15::14:39:37: Assembling T2 at Xi=1.706007e+00... 
02/04/15::14:39:37: Assembling BEM matrix block (1,1) 
02/04/15::15:29:56: LU-factorizing T1 at Xi=1.70601... 
02/04/15::15:29:56: LU-factorizing T2 at Xi=1.70601... 
02/04/15::15:30:40: Applying transform 0.125893... 
02/04/15::15:30:40:  Assembling U(0,1) 
02/04/15::15:30:40: Assembling BEM matrix block (0,1) 
02/04/15::15:36:04:   Computing ZForce... 
02/04/15::15:36:21: Computing Casimir integrand at Xi=1.70058
 
02/04/15::15:36:21: Assembling T1 at Xi=1.700577e+00... 
02/04/15::15:36:21: Assembling BEM matrix block (0,0) 
02/04/15::15:38:00: Assembling T2 at Xi=1.700577e+00... 
02/04/15::15:38:00: Assembling BEM matrix block (1,1) 
02/04/15::16:28:13: LU-factorizing T1 at Xi=1.70058... 
02/04/15::16:28:13: LU-factorizing T2 at Xi=1.70058... 
02/04/15::16:28:57: Applying transform 0.125893... 
02/04/15::16:28:57:  Assembling U(0,1) 
02/04/15::16:28:57: Assembling BEM matrix block (0,1) 
02/04/15::16:34:21:   Computing ZForce... 
02/04/15::16:34:39: Computing Casimir integrand at Xi=1.71687
 
02/04/15::16:34:39: Assembling T1 at Xi=1.716867e+00... 
02/04/15::16:34:39: Assembling BEM matrix block (0,0) 
02/04/15::16:36:19: Assembling T2 at Xi=1.716867e+00... 
02/04/15::16:36:19: Assembling BEM matrix block (1,1) 
02/04/15::17:26:45: LU-factorizing T1 at Xi=1.71687... 
02/04/15::17:26:46: LU-factorizing T2 at Xi=1.71687... 
02/04/15::17:27:29: Applying transform 0.125893... 
02/04/15::17:27:29:  Assembling U(0,1) 
02/04/15::17:27:29: Assembling BEM matrix block (0,1) 
02/04/15::17:32:53:   Computing ZForce... 
02/04/15::17:33:10: Computing Casimir integrand at Xi=1.72773
 
02/04/15::17:33:10: Assembling T1 at Xi=1.727727e+00... 
02/04/15::17:33:10: Assembling BEM matrix block (0,0) 
02/04/15::17:34:50: Assembling T2 at Xi=1.727727e+00... 
02/04/15::17:34:50: Assembling BEM matrix block (1,1) 
02/04/15::18:25:14: LU-factorizing T1 at Xi=1.72773... 
02/04/15::18:25:14: LU-factorizing T2 at Xi=1.72773... 
02/04/15::18:25:57: Applying transform 0.125893... 
02/04/15::18:25:57:  Assembling U(0,1) 
02/04/15::18:25:57: Assembling BEM matrix block (0,1) 
02/04/15::18:31:20:   Computing ZForce... 
02/04/15::18:31:37: Computing Casimir integrand at Xi=1.71144
 
02/04/15::18:31:37: Assembling T1 at Xi=1.711437e+00... 
02/04/15::18:31:37: Assembling BEM matrix block (0,0) 
02/04/15::18:33:17: Assembling T2 at Xi=1.711437e+00... 
02/04/15::18:33:17: Assembling BEM matrix block (1,1) 
02/04/15::19:23:55: LU-factorizing T1 at Xi=1.71144... 
02/04/15::19:23:55: LU-factorizing T2 at Xi=1.71144... 
02/04/15::19:24:39: Applying transform 0.125893... 
02/04/15::19:24:39:  Assembling U(0,1) 
02/04/15::19:24:39: Assembling BEM matrix block (0,1) 
02/04/15::19:30:06:   Computing ZForce... 
02/04/15::19:30:25: Computing Casimir integrand at Xi=1.70872
 
02/04/15::19:30:25: Assembling T1 at Xi=1.708722e+00... 
02/04/15::19:30:25: Assembling BEM matrix block (0,0) 
02/04/15::19:32:05: Assembling T2 at Xi=1.708722e+00... 
02/04/15::19:32:05: Assembling BEM matrix block (1,1) 
02/04/15::20:38:06: LU-factorizing T1 at Xi=1.70872... 
02/04/15::20:38:09: LU-factorizing T2 at Xi=1.70872... 
02/04/15::20:41:53: Applying transform 0.125893... 
02/04/15::20:41:53:  Assembling U(0,1) 
02/04/15::20:41:53: Assembling BEM matrix block (0,1) 
02/04/15::20:51:55:   Computing ZForce... 
02/04/15::20:52:25: Computing Casimir integrand at Xi=1.70736
 
02/04/15::20:52:25: Assembling T1 at Xi=1.707364e+00... 
02/04/15::20:52:25: Assembling BEM matrix block (0,0) 
02/04/15::20:55:34: Assembling T2 at Xi=1.707364e+00... 
02/04/15::20:55:34: Assembling BEM matrix block (1,1) 
02/04/15::22:16:55: LU-factorizing T1 at Xi=1.70736... 
02/04/15::22:16:55: LU-factorizing T2 at Xi=1.70736... 
02/04/15::22:17:40: Applying transform 0.125893... 
02/04/15::22:17:40:  Assembling U(0,1) 
02/04/15::22:17:40: Assembling BEM matrix block (0,1) 
02/04/15::22:28:30:   Computing ZForce... 
02/04/15::22:29:01: Computing Casimir integrand at Xi=1.70669
 
02/04/15::22:29:01: Assembling T1 at Xi=1.706686e+00... 
02/04/15::22:29:01: Assembling BEM matrix block (0,0) 
02/04/15::22:31:39: Assembling T2 at Xi=1.706686e+00... 
02/04/15::22:31:39: Assembling BEM matrix block (1,1) 
02/05/15::00:00:33: LU-factorizing T1 at Xi=1.70669... 
02/05/15::00:00:33: LU-factorizing T2 at Xi=1.70669... 
02/05/15::00:01:21: Applying transform 0.125893... 
02/05/15::00:01:21:  Assembling U(0,1) 
02/05/15::00:01:21: Assembling BEM matrix block (0,1) 
02/05/15::00:09:59:   Computing ZForce... 
02/05/15::00:10:17: Computing Casimir integrand at Xi=1.70635
 
02/05/15::00:10:17: Assembling T1 at Xi=1.706346e+00... 
02/05/15::00:10:17: Assembling BEM matrix block (0,0) 
02/05/15::00:12:25: Assembling T2 at Xi=1.706346e+00... 
02/05/15::00:12:25: Assembling BEM matrix block (1,1) 
02/05/15::02:24:12: LU-factorizing T1 at Xi=1.70618... 
02/05/15::02:24:12: LU-factorizing T2 at Xi=1.70618... 
02/05/15::02:24:56: Applying transform 0.125893... 
02/05/15::02:24:56:  Assembling U(0,1) 
02/05/15::02:24:56: Assembling BEM matrix block (0,1) 
02/05/15::02:30:22:   Computing ZForce... 
02/05/15::02:30:40: Computing Casimir integrand at Xi=1.70669
 
02/05/15::02:30:40: Assembling T1 at Xi=1.706686e+00... 
02/05/15::02:30:40: Assembling BEM matrix block (0,0) 
02/05/15::02:32:19: Assembling T2 at Xi=1.706686e+00... 
02/05/15::02:32:19: Assembling BEM matrix block (1,1) 
02/05/15::03:22:46: LU-factorizing T1 at Xi=1.70669... 
02/05/15::03:22:46: LU-factorizing T2 at Xi=1.70669... 
02/05/15::03:23:30: Applying transform 0.125893... 
02/05/15::03:23:30:  Assembling U(0,1) 
02/05/15::03:23:30: Assembling BEM matrix block (0,1) 
02/05/15::03:28:56:   Computing ZForce... 
02/05/15::03:29:14: Computing Casimir integrand at Xi=1.70703
 
02/05/15::03:29:14: Assembling T1 at Xi=1.707025e+00... 
02/05/15::03:29:14: Assembling BEM matrix block (0,0) 
02/05/15::03:30:54: Assembling T2 at Xi=1.707025e+00... 
02/05/15::03:30:54: Assembling BEM matrix block (1,1) 
02/05/15::04:21:18: LU-factorizing T1 at Xi=1.70703... 
02/05/15::04:21:18: LU-factorizing T2 at Xi=1.70703... 
02/05/15::04:22:02: Applying transform 0.125893... 
02/05/15::04:22:02:  Assembling U(0,1) 
02/05/15::04:22:02: Assembling BEM matrix block (0,1) 
02/05/15::04:27:28:   Computing ZForce... 
02/05/15::04:27:46: Computing Casimir integrand at Xi=1.70652
 
02/05/15::04:27:46: Assembling T1 at Xi=1.706516e+00... 
02/05/15::04:27:46: Assembling BEM matrix block (0,0) 
02/05/15::04:29:25: Assembling T2 at Xi=1.706516e+00... 
02/05/15::04:29:25: Assembling BEM matrix block (1,1) 
02/05/15::05:19:50: LU-factorizing T1 at Xi=1.70652... 
02/05/15::05:19:50: LU-factorizing T2 at Xi=1.70652... 
02/05/15::05:20:34: Applying transform 0.125893... 
02/05/15::05:20:34:  Assembling U(0,1) 
02/05/15::05:20:34: Assembling BEM matrix block (0,1) 
02/05/15::05:25:59:   Computing ZForce... 
02/05/15::05:26:17: Computing Casimir integrand at Xi=1.70643
 
02/05/15::05:26:17: Assembling T1 at Xi=1.706431e+00... 
02/05/15::05:26:17: Assembling BEM matrix block (0,0) 
02/05/15::05:27:57: Assembling T2 at Xi=1.706431e+00... 
02/05/15::05:27:57: Assembling BEM matrix block (1,1) 
02/05/15::06:18:23: LU-factorizing T1 at Xi=1.70643... 
02/05/15::06:18:23: LU-factorizing T2 at Xi=1.70643... 
02/05/15::06:19:07: Applying transform 0.125893... 
02/05/15::06:19:07:  Assembling U(0,1) 
02/05/15::06:19:07: Assembling BEM matrix block (0,1) 
02/05/15::06:24:33:   Computing ZForce... 
02/05/15::06:24:51: Computing Casimir integrand at Xi=1.70669
 
02/05/15::06:24:51: Assembling T1 at Xi=1.706686e+00... 
02/05/15::06:24:51: Assembling BEM matrix block (0,0) 
02/05/15::06:26:31: Assembling T2 at Xi=1.706686e+00... 
02/05/15::06:26:31: Assembling BEM matrix block (1,1) 
