02/05/15::00:30:41: scuff-cas3D running on hequ0155 
02/05/15::00:30:41: Setting material properties of exterior region to VACUUM. 
02/05/15::00:30:41: Flipped 500 panel normals to comport with region definitions. 
02/05/15::00:30:41: Computing full Matsubara-summed Casimir quantities at T=3.000000e+02 Kelvin. 
02/05/15::00:30:41: Read 1 geometrical transformations from file BeadPEC_300K_L-0.794328.trans. 
02/05/15::00:30:41: Beginning Matsubara sum at T=300 kelvin... 
02/05/15::00:30:41: Computing Casimir integrand at Xi=0.001
 
02/05/15::00:30:41: Assembling T1 at Xi=1.000000e-03... 
02/05/15::00:30:41: Assembling BEM matrix block (0,0) 
02/05/15::00:31:05: Assembling T2 at Xi=1.000000e-03... 
02/05/15::00:31:05: Assembling BEM matrix block (1,1) 
02/05/15::00:35:19: LU-factorizing T1 at Xi=0.001... 
02/05/15::00:35:19: LU-factorizing T2 at Xi=0.001... 
02/05/15::00:35:23: Applying transform 0.794328... 
02/05/15::00:35:23:  Assembling U(0,1) 
02/05/15::00:35:23: Assembling BEM matrix block (0,1) 
02/05/15::00:38:55:   Computing ZForce... 
02/05/15::00:38:57: Computing Casimir integrand at Xi=0.823279
 
02/05/15::00:38:57: Assembling T1 at Xi=8.232789e-01... 
02/05/15::00:38:57: Assembling BEM matrix block (0,0) 
02/05/15::00:38:59: Assembling T2 at Xi=8.232789e-01... 
02/05/15::00:38:59: Assembling BEM matrix block (1,1) 
02/05/15::00:41:27: LU-factorizing T1 at Xi=0.823279... 
02/05/15::00:41:27: LU-factorizing T2 at Xi=0.823279... 
02/05/15::00:41:32: Applying transform 0.794328... 
02/05/15::00:41:32:  Assembling U(0,1) 
02/05/15::00:41:32: Assembling BEM matrix block (0,1) 
02/05/15::00:44:51:   Computing ZForce... 
02/05/15::00:44:52: Computing Casimir integrand at Xi=1.64656
 
02/05/15::00:44:52: Assembling T1 at Xi=1.646558e+00... 
02/05/15::00:44:52: Assembling BEM matrix block (0,0) 
02/05/15::00:44:55: Assembling T2 at Xi=1.646558e+00... 
02/05/15::00:44:55: Assembling BEM matrix block (1,1) 
02/05/15::01:04:41: LU-factorizing T1 at Xi=1.64656... 
02/05/15::01:04:41: LU-factorizing T2 at Xi=1.64656... 
02/05/15::01:04:45: Applying transform 0.794328... 
02/05/15::01:04:45:  Assembling U(0,1) 
02/05/15::01:04:45: Assembling BEM matrix block (0,1) 
02/05/15::01:07:58:   Computing ZForce... 
02/05/15::01:08:00: Computing Casimir integrand at Xi=2.46984
 
02/05/15::01:08:00: Assembling T1 at Xi=2.469837e+00... 
02/05/15::01:08:00: Assembling BEM matrix block (0,0) 
02/05/15::01:08:03: Assembling T2 at Xi=2.469837e+00... 
02/05/15::01:08:03: Assembling BEM matrix block (1,1) 
02/05/15::01:51:31: LU-factorizing T1 at Xi=3.29312... 
02/05/15::01:51:31: LU-factorizing T2 at Xi=3.29312... 
02/05/15::01:51:36: Applying transform 0.794328... 
02/05/15::01:51:36:  Assembling U(0,1) 
02/05/15::01:51:36: Assembling BEM matrix block (0,1) 
02/05/15::01:54:47:   Computing ZForce... 
02/05/15::01:54:49: Computing Casimir integrand at Xi=4.11639
 
02/05/15::01:54:49: Assembling T1 at Xi=4.116394e+00... 
02/05/15::01:54:49: Assembling BEM matrix block (0,0) 
02/05/15::01:55:02: Assembling T2 at Xi=4.116394e+00... 
02/05/15::01:55:02: Assembling BEM matrix block (1,1) 
02/05/15::02:15:13: LU-factorizing T1 at Xi=4.11639... 
02/05/15::02:15:13: LU-factorizing T2 at Xi=4.11639... 
02/05/15::02:15:18: Applying transform 0.794328... 
02/05/15::02:15:18:  Assembling U(0,1) 
02/05/15::02:15:18: Assembling BEM matrix block (0,1) 
02/05/15::02:18:32:   Computing ZForce... 
02/05/15::02:18:34: Computing Casimir integrand at Xi=4.93967
 
02/05/15::02:18:34: Assembling T1 at Xi=4.939673e+00... 
02/05/15::02:18:34: Assembling BEM matrix block (0,0) 
02/05/15::02:19:29: Assembling T2 at Xi=4.939673e+00... 
02/05/15::02:19:29: Assembling BEM matrix block (1,1) 
02/05/15::02:39:43: LU-factorizing T1 at Xi=4.93967... 
02/05/15::02:39:43: LU-factorizing T2 at Xi=4.93967... 
02/05/15::02:39:48: Applying transform 0.794328... 
02/05/15::02:39:48:  Assembling U(0,1) 
02/05/15::02:39:48: Assembling BEM matrix block (0,1) 
02/05/15::02:43:01:   Computing ZForce... 
02/05/15::02:43:03: Computing Casimir integrand at Xi=5.76295
 
02/05/15::02:43:03: Assembling T1 at Xi=5.762952e+00... 
02/05/15::02:43:03: Assembling BEM matrix block (0,0) 
02/05/15::02:44:16: Assembling T2 at Xi=5.762952e+00... 
02/05/15::02:44:16: Assembling BEM matrix block (1,1) 
02/05/15::03:03:22: LU-factorizing T1 at Xi=5.76295... 
02/05/15::03:03:22: LU-factorizing T2 at Xi=5.76295... 
02/05/15::03:03:27: Applying transform 0.794328... 
02/05/15::03:03:27:  Assembling U(0,1) 
02/05/15::03:03:27: Assembling BEM matrix block (0,1) 
02/05/15::03:06:38:   Computing ZForce... 
02/05/15::03:06:40: Computing Casimir integrand at Xi=6.58623
 
02/05/15::03:06:40: Assembling T1 at Xi=6.586231e+00... 
02/05/15::03:06:40: Assembling BEM matrix block (0,0) 
02/05/15::03:07:57: Assembling T2 at Xi=6.586231e+00... 
02/05/15::03:07:57: Assembling BEM matrix block (1,1) 
02/05/15::03:26:59: LU-factorizing T1 at Xi=6.58623... 
02/05/15::03:26:59: LU-factorizing T2 at Xi=6.58623... 
02/05/15::03:27:03: Applying transform 0.794328... 
02/05/15::03:27:03:  Assembling U(0,1) 
02/05/15::03:27:03: Assembling BEM matrix block (0,1) 
02/05/15::03:30:15:   Computing ZForce... 
02/05/15::03:30:17: Computing Casimir integrand at Xi=7.40951
 
02/05/15::03:30:17: Assembling T1 at Xi=7.409510e+00... 
02/05/15::03:30:17: Assembling BEM matrix block (0,0) 
02/05/15::03:31:34: Assembling T2 at Xi=7.409510e+00... 
02/05/15::03:31:34: Assembling BEM matrix block (1,1) 
02/05/15::03:50:50: LU-factorizing T1 at Xi=7.40951... 
02/05/15::03:50:50: LU-factorizing T2 at Xi=7.40951... 
02/05/15::03:50:55: Applying transform 0.794328... 
02/05/15::03:50:55:  Assembling U(0,1) 
02/05/15::03:50:55: Assembling BEM matrix block (0,1) 
02/05/15::03:54:07:   Computing ZForce... 
02/05/15::03:54:09: Computing Casimir integrand at Xi=8.23279
 
02/05/15::03:54:09: Assembling T1 at Xi=8.232789e+00... 
02/05/15::03:54:09: Assembling BEM matrix block (0,0) 
02/05/15::03:55:28: Assembling T2 at Xi=8.232789e+00... 
02/05/15::03:55:28: Assembling BEM matrix block (1,1) 
02/05/15::04:14:57: LU-factorizing T1 at Xi=8.23279... 
02/05/15::04:14:57: LU-factorizing T2 at Xi=8.23279... 
02/05/15::04:15:02: Applying transform 0.794328... 
02/05/15::04:15:02:  Assembling U(0,1) 
02/05/15::04:15:02: Assembling BEM matrix block (0,1) 
02/05/15::04:18:14:   Computing ZForce... 
02/05/15::04:18:16: Computing Casimir integrand at Xi=9.05607
 
02/05/15::04:18:16: Assembling T1 at Xi=9.056067e+00... 
02/05/15::04:18:16: Assembling BEM matrix block (0,0) 
02/05/15::04:19:34: Assembling T2 at Xi=9.056067e+00... 
02/05/15::04:19:34: Assembling BEM matrix block (1,1) 
02/05/15::04:39:05: LU-factorizing T1 at Xi=9.05607... 
02/05/15::04:39:05: LU-factorizing T2 at Xi=9.05607... 
02/05/15::04:39:10: Applying transform 0.794328... 
02/05/15::04:39:10:  Assembling U(0,1) 
02/05/15::04:39:10: Assembling BEM matrix block (0,1) 
02/05/15::04:42:22:   Computing ZForce... 
02/05/15::04:42:24: Computing Casimir integrand at Xi=9.87935
 
02/05/15::04:42:24: Assembling T1 at Xi=9.879346e+00... 
02/05/15::04:42:24: Assembling BEM matrix block (0,0) 
02/05/15::04:43:42: Assembling T2 at Xi=9.879346e+00... 
02/05/15::04:43:42: Assembling BEM matrix block (1,1) 
02/05/15::05:03:11: LU-factorizing T1 at Xi=9.87935... 
02/05/15::05:03:11: LU-factorizing T2 at Xi=9.87935... 
02/05/15::05:03:16: Applying transform 0.794328... 
02/05/15::05:03:16:  Assembling U(0,1) 
02/05/15::05:03:16: Assembling BEM matrix block (0,1) 
02/05/15::05:06:38:   Computing ZForce... 
02/05/15::05:06:40: Computing Casimir integrand at Xi=10.7026
 
02/05/15::05:06:40: Assembling T1 at Xi=1.070263e+01... 
02/05/15::05:06:40: Assembling BEM matrix block (0,0) 
02/05/15::05:07:58: Assembling T2 at Xi=1.070263e+01... 
02/05/15::05:07:58: Assembling BEM matrix block (1,1) 
02/05/15::05:27:26: LU-factorizing T1 at Xi=10.7026... 
02/05/15::05:27:26: LU-factorizing T2 at Xi=10.7026... 
02/05/15::05:27:33: Applying transform 0.794328... 
02/05/15::05:27:33:  Assembling U(0,1) 
02/05/15::05:27:33: Assembling BEM matrix block (0,1) 
02/05/15::05:31:08:   Computing ZForce... 
02/05/15::05:31:10: Matsubara sum converged after summing n=13 frequency points. 
