02/05/15::00:29:54: scuff-cas3D running on fell0277 
02/05/15::00:29:54: Setting material properties of exterior region to VACUUM. 
02/05/15::00:29:54: Flipped 500 panel normals to comport with region definitions. 
02/05/15::00:29:54: Computing full Matsubara-summed Casimir quantities at T=3.000000e+02 Kelvin. 
02/05/15::00:29:54: Read 1 geometrical transformations from file BeadPEC_300K_L-0.1.trans. 
02/05/15::00:29:54: Beginning Matsubara sum at T=300 kelvin... 
02/05/15::00:29:54: Computing Casimir integrand at Xi=0.001
 
02/05/15::00:29:54: Assembling T1 at Xi=1.000000e-03... 
02/05/15::00:29:54: Assembling BEM matrix block (0,0) 
02/05/15::00:30:35: Assembling T2 at Xi=1.000000e-03... 
02/05/15::00:30:35: Assembling BEM matrix block (1,1) 
02/05/15::00:37:35: LU-factorizing T1 at Xi=0.001... 
02/05/15::00:37:35: LU-factorizing T2 at Xi=0.001... 
02/05/15::00:37:45: Applying transform 0.1... 
02/05/15::00:37:45:  Assembling U(0,1) 
02/05/15::00:37:45: Assembling BEM matrix block (0,1) 
02/05/15::00:43:50:   Computing ZForce... 
02/05/15::00:43:53: Computing Casimir integrand at Xi=0.823279
 
02/05/15::00:43:53: Assembling T1 at Xi=8.232789e-01... 
02/05/15::00:43:53: Assembling BEM matrix block (0,0) 
02/05/15::00:43:57: Assembling T2 at Xi=8.232789e-01... 
02/05/15::00:43:57: Assembling BEM matrix block (1,1) 
02/05/15::00:47:47: LU-factorizing T1 at Xi=0.823279... 
02/05/15::00:47:47: LU-factorizing T2 at Xi=0.823279... 
02/05/15::00:47:56: Applying transform 0.1... 
02/05/15::00:47:56:  Assembling U(0,1) 
02/05/15::00:47:56: Assembling BEM matrix block (0,1) 
02/05/15::00:53:30:   Computing ZForce... 
02/05/15::00:53:34: Computing Casimir integrand at Xi=1.64656
 
02/05/15::00:53:34: Assembling T1 at Xi=1.646558e+00... 
02/05/15::00:53:34: Assembling BEM matrix block (0,0) 
02/05/15::00:53:38: Assembling T2 at Xi=1.646558e+00... 
02/05/15::00:53:38: Assembling BEM matrix block (1,1) 
02/05/15::02:03:34: LU-factorizing T1 at Xi=2.46984... 
02/05/15::02:03:34: LU-factorizing T2 at Xi=2.46984... 
02/05/15::02:03:42: Applying transform 0.1... 
02/05/15::02:03:42:  Assembling U(0,1) 
02/05/15::02:03:42: Assembling BEM matrix block (0,1) 
02/05/15::02:09:05:   Computing ZForce... 
02/05/15::02:09:08: Computing Casimir integrand at Xi=3.29312
 
02/05/15::02:09:08: Assembling T1 at Xi=3.293115e+00... 
02/05/15::02:09:08: Assembling BEM matrix block (0,0) 
02/05/15::02:09:14: Assembling T2 at Xi=3.293115e+00... 
02/05/15::02:09:14: Assembling BEM matrix block (1,1) 
02/05/15::02:41:09: LU-factorizing T1 at Xi=3.29312... 
02/05/15::02:41:09: LU-factorizing T2 at Xi=3.29312... 
02/05/15::02:41:17: Applying transform 0.1... 
02/05/15::02:41:17:  Assembling U(0,1) 
02/05/15::02:41:17: Assembling BEM matrix block (0,1) 
02/05/15::02:46:40:   Computing ZForce... 
02/05/15::02:46:43: Computing Casimir integrand at Xi=4.11639
 
02/05/15::02:46:43: Assembling T1 at Xi=4.116394e+00... 
02/05/15::02:46:43: Assembling BEM matrix block (0,0) 
02/05/15::02:47:04: Assembling T2 at Xi=4.116394e+00... 
02/05/15::02:47:04: Assembling BEM matrix block (1,1) 
02/05/15::03:19:00: LU-factorizing T1 at Xi=4.11639... 
02/05/15::03:19:00: LU-factorizing T2 at Xi=4.11639... 
02/05/15::03:19:08: Applying transform 0.1... 
02/05/15::03:19:08:  Assembling U(0,1) 
02/05/15::03:19:08: Assembling BEM matrix block (0,1) 
02/05/15::03:24:32:   Computing ZForce... 
02/05/15::03:24:35: Computing Casimir integrand at Xi=4.93967
 
02/05/15::03:24:35: Assembling T1 at Xi=4.939673e+00... 
02/05/15::03:24:35: Assembling BEM matrix block (0,0) 
02/05/15::03:26:00: Assembling T2 at Xi=4.939673e+00... 
02/05/15::03:26:00: Assembling BEM matrix block (1,1) 
02/05/15::03:57:53: LU-factorizing T1 at Xi=4.93967... 
02/05/15::03:57:53: LU-factorizing T2 at Xi=4.93967... 
02/05/15::03:58:01: Applying transform 0.1... 
02/05/15::03:58:01:  Assembling U(0,1) 
02/05/15::03:58:01: Assembling BEM matrix block (0,1) 
02/05/15::04:03:24:   Computing ZForce... 
02/05/15::04:03:27: Computing Casimir integrand at Xi=5.76295
 
02/05/15::04:03:27: Assembling T1 at Xi=5.762952e+00... 
02/05/15::04:03:27: Assembling BEM matrix block (0,0) 
02/05/15::04:05:21: Assembling T2 at Xi=5.762952e+00... 
02/05/15::04:05:21: Assembling BEM matrix block (1,1) 
02/05/15::04:36:03: LU-factorizing T1 at Xi=5.76295... 
02/05/15::04:36:03: LU-factorizing T2 at Xi=5.76295... 
02/05/15::04:36:12: Applying transform 0.1... 
02/05/15::04:36:12:  Assembling U(0,1) 
02/05/15::04:36:12: Assembling BEM matrix block (0,1) 
02/05/15::04:41:37:   Computing ZForce... 
02/05/15::04:41:40: Computing Casimir integrand at Xi=6.58623
 
02/05/15::04:41:40: Assembling T1 at Xi=6.586231e+00... 
02/05/15::04:41:40: Assembling BEM matrix block (0,0) 
02/05/15::04:43:43: Assembling T2 at Xi=6.586231e+00... 
02/05/15::04:43:43: Assembling BEM matrix block (1,1) 
02/05/15::05:14:47: LU-factorizing T1 at Xi=6.58623... 
02/05/15::05:14:47: LU-factorizing T2 at Xi=6.58623... 
02/05/15::05:14:57: Applying transform 0.1... 
02/05/15::05:14:57:  Assembling U(0,1) 
02/05/15::05:14:57: Assembling BEM matrix block (0,1) 
02/05/15::05:20:24:   Computing ZForce... 
02/05/15::05:20:28: Computing Casimir integrand at Xi=7.40951
 
02/05/15::05:20:28: Assembling T1 at Xi=7.409510e+00... 
02/05/15::05:20:28: Assembling BEM matrix block (0,0) 
02/05/15::05:22:31: Assembling T2 at Xi=7.409510e+00... 
02/05/15::05:22:31: Assembling BEM matrix block (1,1) 
02/05/15::05:54:09: LU-factorizing T1 at Xi=7.40951... 
02/05/15::05:54:09: LU-factorizing T2 at Xi=7.40951... 
02/05/15::05:54:18: Applying transform 0.1... 
02/05/15::05:54:18:  Assembling U(0,1) 
02/05/15::05:54:18: Assembling BEM matrix block (0,1) 
02/05/15::05:59:47:   Computing ZForce... 
02/05/15::05:59:51: Computing Casimir integrand at Xi=8.23279
 
02/05/15::05:59:51: Assembling T1 at Xi=8.232789e+00... 
02/05/15::05:59:51: Assembling BEM matrix block (0,0) 
02/05/15::06:01:56: Assembling T2 at Xi=8.232789e+00... 
02/05/15::06:01:56: Assembling BEM matrix block (1,1) 
02/05/15::06:33:25: LU-factorizing T1 at Xi=8.23279... 
02/05/15::06:33:25: LU-factorizing T2 at Xi=8.23279... 
02/05/15::06:33:36: Applying transform 0.1... 
02/05/15::06:33:36:  Assembling U(0,1) 
02/05/15::06:33:36: Assembling BEM matrix block (0,1) 
02/05/15::06:39:09:   Computing ZForce... 
02/05/15::06:39:13: Computing Casimir integrand at Xi=9.05607
 
02/05/15::06:39:13: Assembling T1 at Xi=9.056067e+00... 
02/05/15::06:39:13: Assembling BEM matrix block (0,0) 
02/05/15::06:41:19: Assembling T2 at Xi=9.056067e+00... 
02/05/15::06:41:19: Assembling BEM matrix block (1,1) 
02/05/15::07:13:17: LU-factorizing T1 at Xi=9.05607... 
02/05/15::07:13:17: LU-factorizing T2 at Xi=9.05607... 
02/05/15::07:13:28: Applying transform 0.1... 
02/05/15::07:13:28:  Assembling U(0,1) 
02/05/15::07:13:28: Assembling BEM matrix block (0,1) 
02/05/15::07:19:00:   Computing ZForce... 
02/05/15::07:19:04: Computing Casimir integrand at Xi=9.87935
 
02/05/15::07:19:04: Assembling T1 at Xi=9.879346e+00... 
02/05/15::07:19:04: Assembling BEM matrix block (0,0) 
02/05/15::07:21:10: Assembling T2 at Xi=9.879346e+00... 
02/05/15::07:21:10: Assembling BEM matrix block (1,1) 
02/05/15::07:52:49: LU-factorizing T1 at Xi=9.87935... 
02/05/15::07:52:49: LU-factorizing T2 at Xi=9.87935... 
02/05/15::07:53:00: Applying transform 0.1... 
02/05/15::07:53:00:  Assembling U(0,1) 
02/05/15::07:53:00: Assembling BEM matrix block (0,1) 
02/05/15::07:58:35:   Computing ZForce... 
02/05/15::07:58:39: Computing Casimir integrand at Xi=10.7026
 
02/05/15::07:58:39: Assembling T1 at Xi=1.070263e+01... 
02/05/15::07:58:39: Assembling BEM matrix block (0,0) 
02/05/15::08:00:42: Assembling T2 at Xi=1.070263e+01... 
02/05/15::08:00:42: Assembling BEM matrix block (1,1) 
02/05/15::08:31:56: LU-factorizing T1 at Xi=10.7026... 
02/05/15::08:31:56: LU-factorizing T2 at Xi=10.7026... 
02/05/15::08:32:09: Applying transform 0.1... 
02/05/15::08:32:09:  Assembling U(0,1) 
02/05/15::08:32:09: Assembling BEM matrix block (0,1) 
02/05/15::08:38:03:   Computing ZForce... 
02/05/15::08:38:09: Computing Casimir integrand at Xi=11.5259
 
02/05/15::08:38:09: Assembling T1 at Xi=1.152590e+01... 
02/05/15::08:38:09: Assembling BEM matrix block (0,0) 
02/05/15::08:40:11: Assembling T2 at Xi=1.152590e+01... 
02/05/15::08:40:11: Assembling BEM matrix block (1,1) 
02/05/15::09:11:25: LU-factorizing T1 at Xi=11.5259... 
02/05/15::09:11:25: LU-factorizing T2 at Xi=11.5259... 
02/05/15::09:11:44: Applying transform 0.1... 
02/05/15::09:11:44:  Assembling U(0,1) 
02/05/15::09:11:44: Assembling BEM matrix block (0,1) 
02/05/15::09:17:55:   Computing ZForce... 
02/05/15::09:18:02: Computing Casimir integrand at Xi=12.3492
 
02/05/15::09:18:02: Assembling T1 at Xi=1.234918e+01... 
02/05/15::09:18:02: Assembling BEM matrix block (0,0) 
02/05/15::09:20:04: Assembling T2 at Xi=1.234918e+01... 
02/05/15::09:20:04: Assembling BEM matrix block (1,1) 
02/05/15::09:51:30: LU-factorizing T1 at Xi=12.3492... 
02/05/15::09:51:30: LU-factorizing T2 at Xi=12.3492... 
02/05/15::09:51:56: Applying transform 0.1... 
02/05/15::09:51:56:  Assembling U(0,1) 
02/05/15::09:51:56: Assembling BEM matrix block (0,1) 
02/05/15::09:58:24:   Computing ZForce... 
02/05/15::09:58:34: Computing Casimir integrand at Xi=13.1725
 
02/05/15::09:58:34: Assembling T1 at Xi=1.317246e+01... 
02/05/15::09:58:34: Assembling BEM matrix block (0,0) 
02/05/15::10:00:35: Assembling T2 at Xi=1.317246e+01... 
02/05/15::10:00:35: Assembling BEM matrix block (1,1) 
02/05/15::10:32:06: LU-factorizing T1 at Xi=13.1725... 
02/05/15::10:32:06: LU-factorizing T2 at Xi=13.1725... 
02/05/15::10:32:36: Applying transform 0.1... 
02/05/15::10:32:36:  Assembling U(0,1) 
02/05/15::10:32:37: Assembling BEM matrix block (0,1) 
02/05/15::10:39:29:   Computing ZForce... 
02/05/15::10:39:40: Computing Casimir integrand at Xi=13.9957
 
02/05/15::10:39:40: Assembling T1 at Xi=1.399574e+01... 
02/05/15::10:39:40: Assembling BEM matrix block (0,0) 
02/05/15::10:41:42: Assembling T2 at Xi=1.399574e+01... 
02/05/15::10:41:42: Assembling BEM matrix block (1,1) 
02/05/15::11:13:33: LU-factorizing T1 at Xi=13.9957... 
02/05/15::11:13:33: LU-factorizing T2 at Xi=13.9957... 
02/05/15::11:14:11: Applying transform 0.1... 
02/05/15::11:14:11:  Assembling U(0,1) 
02/05/15::11:14:11: Assembling BEM matrix block (0,1) 
02/05/15::11:21:21:   Computing ZForce... 
02/05/15::11:21:34: Computing Casimir integrand at Xi=14.819
 
02/05/15::11:21:35: Assembling T1 at Xi=1.481902e+01... 
02/05/15::11:21:35: Assembling BEM matrix block (0,0) 
02/05/15::11:23:37: Assembling T2 at Xi=1.481902e+01... 
02/05/15::11:23:37: Assembling BEM matrix block (1,1) 
02/05/15::11:55:30: LU-factorizing T1 at Xi=14.819... 
02/05/15::11:55:30: LU-factorizing T2 at Xi=14.819... 
02/05/15::11:56:00: Applying transform 0.1... 
02/05/15::11:56:00:  Assembling U(0,1) 
02/05/15::11:56:00: Assembling BEM matrix block (0,1) 
02/05/15::12:02:49:   Computing ZForce... 
02/05/15::12:03:00: Computing Casimir integrand at Xi=15.6423
 
02/05/15::12:03:00: Assembling T1 at Xi=1.564230e+01... 
02/05/15::12:03:00: Assembling BEM matrix block (0,0) 
02/05/15::12:05:02: Assembling T2 at Xi=1.564230e+01... 
02/05/15::12:05:03: Assembling BEM matrix block (1,1) 
02/05/15::12:36:50: LU-factorizing T1 at Xi=15.6423... 
02/05/15::12:36:50: LU-factorizing T2 at Xi=15.6423... 
02/05/15::12:37:24: Applying transform 0.1... 
02/05/15::12:37:24:  Assembling U(0,1) 
02/05/15::12:37:24: Assembling BEM matrix block (0,1) 
02/05/15::12:44:07:   Computing ZForce... 
02/05/15::12:44:18: Computing Casimir integrand at Xi=16.4656
 
02/05/15::12:44:18: Assembling T1 at Xi=1.646558e+01... 
02/05/15::12:44:18: Assembling BEM matrix block (0,0) 
02/05/15::12:46:21: Assembling T2 at Xi=1.646558e+01... 
02/05/15::12:46:21: Assembling BEM matrix block (1,1) 
02/05/15::13:18:06: LU-factorizing T1 at Xi=16.4656... 
02/05/15::13:18:06: LU-factorizing T2 at Xi=16.4656... 
02/05/15::13:18:34: Applying transform 0.1... 
02/05/15::13:18:34:  Assembling U(0,1) 
02/05/15::13:18:34: Assembling BEM matrix block (0,1) 
02/05/15::13:25:10:   Computing ZForce... 
02/05/15::13:25:20: Computing Casimir integrand at Xi=17.2889
 
02/05/15::13:25:20: Assembling T1 at Xi=1.728886e+01... 
02/05/15::13:25:20: Assembling BEM matrix block (0,0) 
02/05/15::13:27:23: Assembling T2 at Xi=1.728886e+01... 
02/05/15::13:27:23: Assembling BEM matrix block (1,1) 
02/05/15::13:59:09: LU-factorizing T1 at Xi=17.2889... 
02/05/15::13:59:09: LU-factorizing T2 at Xi=17.2889... 
02/05/15::13:59:43: Applying transform 0.1... 
02/05/15::13:59:43:  Assembling U(0,1) 
02/05/15::13:59:43: Assembling BEM matrix block (0,1) 
02/05/15::14:06:23:   Computing ZForce... 
02/05/15::14:06:34: Computing Casimir integrand at Xi=18.1121
 
02/05/15::14:06:34: Assembling T1 at Xi=1.811213e+01... 
02/05/15::14:06:34: Assembling BEM matrix block (0,0) 
02/05/15::14:08:37: Assembling T2 at Xi=1.811213e+01... 
02/05/15::14:08:37: Assembling BEM matrix block (1,1) 
02/05/15::14:40:30: LU-factorizing T1 at Xi=18.1121... 
02/05/15::14:40:30: LU-factorizing T2 at Xi=18.1121... 
02/05/15::14:40:58: Applying transform 0.1... 
02/05/15::14:40:58:  Assembling U(0,1) 
02/05/15::14:40:58: Assembling BEM matrix block (0,1) 
02/05/15::14:47:26:   Computing ZForce... 
02/05/15::14:47:35: Computing Casimir integrand at Xi=18.9354
 
02/05/15::14:47:35: Assembling T1 at Xi=1.893541e+01... 
02/05/15::14:47:35: Assembling BEM matrix block (0,0) 
02/05/15::14:49:37: Assembling T2 at Xi=1.893541e+01... 
02/05/15::14:49:37: Assembling BEM matrix block (1,1) 
02/05/15::15:21:37: LU-factorizing T1 at Xi=18.9354... 
02/05/15::15:21:38: LU-factorizing T2 at Xi=18.9354... 
02/05/15::15:22:44: Applying transform 0.1... 
02/05/15::15:22:44:  Assembling U(0,1) 
02/05/15::15:22:44: Assembling BEM matrix block (0,1) 
02/05/15::15:29:59:   Computing ZForce... 
02/05/15::15:30:17: Computing Casimir integrand at Xi=19.7587
 
02/05/15::15:30:17: Assembling T1 at Xi=1.975869e+01... 
02/05/15::15:30:17: Assembling BEM matrix block (0,0) 
02/05/15::15:32:21: Assembling T2 at Xi=1.975869e+01... 
02/05/15::15:32:21: Assembling BEM matrix block (1,1) 
02/05/15::16:04:06: LU-factorizing T1 at Xi=19.7587... 
02/05/15::16:04:06: LU-factorizing T2 at Xi=19.7587... 
02/05/15::16:04:39: Applying transform 0.1... 
02/05/15::16:04:39:  Assembling U(0,1) 
02/05/15::16:04:39: Assembling BEM matrix block (0,1) 
02/05/15::16:11:09:   Computing ZForce... 
02/05/15::16:11:19: Computing Casimir integrand at Xi=20.582
 
02/05/15::16:11:19: Assembling T1 at Xi=2.058197e+01... 
02/05/15::16:11:19: Assembling BEM matrix block (0,0) 
02/05/15::16:13:22: Assembling T2 at Xi=2.058197e+01... 
02/05/15::16:13:22: Assembling BEM matrix block (1,1) 
02/05/15::16:45:14: LU-factorizing T1 at Xi=20.582... 
02/05/15::16:45:14: LU-factorizing T2 at Xi=20.582... 
02/05/15::16:45:43: Applying transform 0.1... 
02/05/15::16:45:43:  Assembling U(0,1) 
02/05/15::16:45:43: Assembling BEM matrix block (0,1) 
02/05/15::16:52:07:   Computing ZForce... 
02/05/15::16:52:16: Computing Casimir integrand at Xi=21.4053
 
02/05/15::16:52:16: Assembling T1 at Xi=2.140525e+01... 
02/05/15::16:52:16: Assembling BEM matrix block (0,0) 
02/05/15::16:54:18: Assembling T2 at Xi=2.140525e+01... 
02/05/15::16:54:18: Assembling BEM matrix block (1,1) 
02/05/15::17:26:02: LU-factorizing T1 at Xi=21.4053... 
02/05/15::17:26:02: LU-factorizing T2 at Xi=21.4053... 
02/05/15::17:26:28: Applying transform 0.1... 
02/05/15::17:26:28:  Assembling U(0,1) 
02/05/15::17:26:28: Assembling BEM matrix block (0,1) 
02/05/15::17:32:48:   Computing ZForce... 
02/05/15::17:32:57: Computing Casimir integrand at Xi=22.2285
 
02/05/15::17:32:57: Assembling T1 at Xi=2.222853e+01... 
02/05/15::17:32:57: Assembling BEM matrix block (0,0) 
02/05/15::17:34:59: Assembling T2 at Xi=2.222853e+01... 
02/05/15::17:34:59: Assembling BEM matrix block (1,1) 
02/05/15::18:06:49: LU-factorizing T1 at Xi=22.2285... 
02/05/15::18:06:49: LU-factorizing T2 at Xi=22.2285... 
02/05/15::18:07:16: Applying transform 0.1... 
02/05/15::18:07:16:  Assembling U(0,1) 
02/05/15::18:07:16: Assembling BEM matrix block (0,1) 
02/05/15::18:13:37:   Computing ZForce... 
02/05/15::18:13:46: Computing Casimir integrand at Xi=23.0518
 
02/05/15::18:13:46: Assembling T1 at Xi=2.305181e+01... 
02/05/15::18:13:46: Assembling BEM matrix block (0,0) 
02/05/15::18:15:48: Assembling T2 at Xi=2.305181e+01... 
02/05/15::18:15:48: Assembling BEM matrix block (1,1) 
02/05/15::18:47:39: LU-factorizing T1 at Xi=23.0518... 
02/05/15::18:47:39: LU-factorizing T2 at Xi=23.0518... 
02/05/15::18:48:09: Applying transform 0.1... 
02/05/15::18:48:09:  Assembling U(0,1) 
02/05/15::18:48:09: Assembling BEM matrix block (0,1) 
02/05/15::18:54:30:   Computing ZForce... 
02/05/15::18:54:39: Computing Casimir integrand at Xi=23.8751
 
02/05/15::18:54:39: Assembling T1 at Xi=2.387509e+01... 
02/05/15::18:54:39: Assembling BEM matrix block (0,0) 
02/05/15::18:56:41: Assembling T2 at Xi=2.387509e+01... 
02/05/15::18:56:41: Assembling BEM matrix block (1,1) 
02/05/15::19:28:26: LU-factorizing T1 at Xi=23.8751... 
02/05/15::19:28:26: LU-factorizing T2 at Xi=23.8751... 
02/05/15::19:28:54: Applying transform 0.1... 
02/05/15::19:28:54:  Assembling U(0,1) 
02/05/15::19:28:54: Assembling BEM matrix block (0,1) 
02/05/15::19:35:11:   Computing ZForce... 
02/05/15::19:35:19: Computing Casimir integrand at Xi=24.6984
 
02/05/15::19:35:19: Assembling T1 at Xi=2.469837e+01... 
02/05/15::19:35:19: Assembling BEM matrix block (0,0) 
02/05/15::19:37:21: Assembling T2 at Xi=2.469837e+01... 
02/05/15::19:37:21: Assembling BEM matrix block (1,1) 
02/05/15::20:09:06: LU-factorizing T1 at Xi=24.6984... 
02/05/15::20:09:06: LU-factorizing T2 at Xi=24.6984... 
02/05/15::20:09:32: Applying transform 0.1... 
02/05/15::20:09:32:  Assembling U(0,1) 
02/05/15::20:09:32: Assembling BEM matrix block (0,1) 
02/05/15::20:15:47:   Computing ZForce... 
02/05/15::20:15:55: Computing Casimir integrand at Xi=25.5216
 
02/05/15::20:15:55: Assembling T1 at Xi=2.552164e+01... 
02/05/15::20:15:55: Assembling BEM matrix block (0,0) 
02/05/15::20:17:57: Assembling T2 at Xi=2.552164e+01... 
02/05/15::20:17:57: Assembling BEM matrix block (1,1) 
02/05/15::20:49:40: LU-factorizing T1 at Xi=25.5216... 
02/05/15::20:49:40: LU-factorizing T2 at Xi=25.5216... 
02/05/15::20:50:06: Applying transform 0.1... 
02/05/15::20:50:06:  Assembling U(0,1) 
02/05/15::20:50:06: Assembling BEM matrix block (0,1) 
02/05/15::20:56:20:   Computing ZForce... 
02/05/15::20:56:28: Computing Casimir integrand at Xi=26.3449
 
02/05/15::20:56:28: Assembling T1 at Xi=2.634492e+01... 
02/05/15::20:56:28: Assembling BEM matrix block (0,0) 
02/05/15::20:58:29: Assembling T2 at Xi=2.634492e+01... 
02/05/15::20:58:29: Assembling BEM matrix block (1,1) 
02/05/15::21:30:23: LU-factorizing T1 at Xi=26.3449... 
02/05/15::21:30:23: LU-factorizing T2 at Xi=26.3449... 
02/05/15::21:30:49: Applying transform 0.1... 
02/05/15::21:30:49:  Assembling U(0,1) 
02/05/15::21:30:49: Assembling BEM matrix block (0,1) 
02/05/15::21:37:04:   Computing ZForce... 
02/05/15::21:37:12: Computing Casimir integrand at Xi=27.1682
 
02/05/15::21:37:12: Assembling T1 at Xi=2.716820e+01... 
02/05/15::21:37:12: Assembling BEM matrix block (0,0) 
02/05/15::21:39:13: Assembling T2 at Xi=2.716820e+01... 
02/05/15::21:39:13: Assembling BEM matrix block (1,1) 
02/05/15::22:11:13: LU-factorizing T1 at Xi=27.1682... 
02/05/15::22:11:13: LU-factorizing T2 at Xi=27.1682... 
02/05/15::22:11:39: Applying transform 0.1... 
02/05/15::22:11:39:  Assembling U(0,1) 
02/05/15::22:11:39: Assembling BEM matrix block (0,1) 
02/05/15::22:17:53:   Computing ZForce... 
02/05/15::22:18:01: Computing Casimir integrand at Xi=27.9915
 
02/05/15::22:18:01: Assembling T1 at Xi=2.799148e+01... 
02/05/15::22:18:01: Assembling BEM matrix block (0,0) 
02/05/15::22:20:01: Assembling T2 at Xi=2.799148e+01... 
02/05/15::22:20:01: Assembling BEM matrix block (1,1) 
02/05/15::22:51:53: LU-factorizing T1 at Xi=27.9915... 
02/05/15::22:51:53: LU-factorizing T2 at Xi=27.9915... 
02/05/15::22:52:17: Applying transform 0.1... 
02/05/15::22:52:17:  Assembling U(0,1) 
02/05/15::22:52:17: Assembling BEM matrix block (0,1) 
02/05/15::22:58:28:   Computing ZForce... 
02/05/15::22:58:35: Computing Casimir integrand at Xi=28.8148
 
02/05/15::22:58:35: Assembling T1 at Xi=2.881476e+01... 
02/05/15::22:58:35: Assembling BEM matrix block (0,0) 
02/05/15::23:00:34: Assembling T2 at Xi=2.881476e+01... 
02/05/15::23:00:34: Assembling BEM matrix block (1,1) 
02/05/15::23:32:21: LU-factorizing T1 at Xi=28.8148... 
02/05/15::23:32:21: LU-factorizing T2 at Xi=28.8148... 
02/05/15::23:32:44: Applying transform 0.1... 
02/05/15::23:32:44:  Assembling U(0,1) 
02/05/15::23:32:44: Assembling BEM matrix block (0,1) 
02/05/15::23:38:51:   Computing ZForce... 
02/05/15::23:38:58: Computing Casimir integrand at Xi=29.638
 
02/05/15::23:38:58: Assembling T1 at Xi=2.963804e+01... 
02/05/15::23:38:58: Assembling BEM matrix block (0,0) 
02/05/15::23:40:56: Assembling T2 at Xi=2.963804e+01... 
02/05/15::23:40:56: Assembling BEM matrix block (1,1) 
02/06/15::00:12:40: LU-factorizing T1 at Xi=29.638... 
02/06/15::00:12:40: LU-factorizing T2 at Xi=29.638... 
02/06/15::00:13:06: Applying transform 0.1... 
02/06/15::00:13:06:  Assembling U(0,1) 
02/06/15::00:13:06: Assembling BEM matrix block (0,1) 
02/06/15::00:19:14:   Computing ZForce... 
02/06/15::00:19:22: Computing Casimir integrand at Xi=30.4613
 
02/06/15::00:19:22: Assembling T1 at Xi=3.046132e+01... 
02/06/15::00:19:22: Assembling BEM matrix block (0,0) 
02/06/15::00:21:19: Assembling T2 at Xi=3.046132e+01... 
02/06/15::00:21:19: Assembling BEM matrix block (1,1) 
02/06/15::00:53:01: LU-factorizing T1 at Xi=30.4613... 
02/06/15::00:53:01: LU-factorizing T2 at Xi=30.4613... 
02/06/15::00:53:27: Applying transform 0.1... 
02/06/15::00:53:27:  Assembling U(0,1) 
02/06/15::00:53:27: Assembling BEM matrix block (0,1) 
02/06/15::00:59:35:   Computing ZForce... 
02/06/15::00:59:43: Computing Casimir integrand at Xi=31.2846
 
02/06/15::00:59:43: Assembling T1 at Xi=3.128460e+01... 
02/06/15::00:59:43: Assembling BEM matrix block (0,0) 
02/06/15::01:01:39: Assembling T2 at Xi=3.128460e+01... 
02/06/15::01:01:39: Assembling BEM matrix block (1,1) 
02/06/15::01:33:20: LU-factorizing T1 at Xi=31.2846... 
02/06/15::01:33:20: LU-factorizing T2 at Xi=31.2846... 
02/06/15::01:33:45: Applying transform 0.1... 
02/06/15::01:33:45:  Assembling U(0,1) 
02/06/15::01:33:45: Assembling BEM matrix block (0,1) 
02/06/15::01:39:53:   Computing ZForce... 
02/06/15::01:40:00: Computing Casimir integrand at Xi=32.1079
 
02/06/15::01:40:00: Assembling T1 at Xi=3.210788e+01... 
02/06/15::01:40:00: Assembling BEM matrix block (0,0) 
02/06/15::01:41:56: Assembling T2 at Xi=3.210788e+01... 
02/06/15::01:41:56: Assembling BEM matrix block (1,1) 
02/06/15::02:13:41: LU-factorizing T1 at Xi=32.1079... 
02/06/15::02:13:41: LU-factorizing T2 at Xi=32.1079... 
02/06/15::02:14:07: Applying transform 0.1... 
02/06/15::02:14:07:  Assembling U(0,1) 
02/06/15::02:14:07: Assembling BEM matrix block (0,1) 
02/06/15::02:20:28:   Computing ZForce... 
02/06/15::02:20:36: Computing Casimir integrand at Xi=32.9312
 
02/06/15::02:20:36: Assembling T1 at Xi=3.293115e+01... 
02/06/15::02:20:36: Assembling BEM matrix block (0,0) 
02/06/15::02:22:32: Assembling T2 at Xi=3.293115e+01... 
02/06/15::02:22:32: Assembling BEM matrix block (1,1) 
02/06/15::02:54:16: LU-factorizing T1 at Xi=32.9312... 
02/06/15::02:54:16: LU-factorizing T2 at Xi=32.9312... 
02/06/15::02:54:42: Applying transform 0.1... 
02/06/15::02:54:42:  Assembling U(0,1) 
02/06/15::02:54:42: Assembling BEM matrix block (0,1) 
02/06/15::03:00:52:   Computing ZForce... 
02/06/15::03:01:00: Computing Casimir integrand at Xi=33.7544
 
02/06/15::03:01:00: Assembling T1 at Xi=3.375443e+01... 
02/06/15::03:01:00: Assembling BEM matrix block (0,0) 
02/06/15::03:02:55: Assembling T2 at Xi=3.375443e+01... 
02/06/15::03:02:55: Assembling BEM matrix block (1,1) 
02/06/15::03:34:34: LU-factorizing T1 at Xi=33.7544... 
02/06/15::03:34:34: LU-factorizing T2 at Xi=33.7544... 
02/06/15::03:35:00: Applying transform 0.1... 
02/06/15::03:35:00:  Assembling U(0,1) 
02/06/15::03:35:00: Assembling BEM matrix block (0,1) 
02/06/15::03:41:08:   Computing ZForce... 
02/06/15::03:41:16: Computing Casimir integrand at Xi=34.5777
 
02/06/15::03:41:16: Assembling T1 at Xi=3.457771e+01... 
02/06/15::03:41:16: Assembling BEM matrix block (0,0) 
02/06/15::03:43:10: Assembling T2 at Xi=3.457771e+01... 
02/06/15::03:43:10: Assembling BEM matrix block (1,1) 
02/06/15::04:14:53: LU-factorizing T1 at Xi=34.5777... 
02/06/15::04:14:53: LU-factorizing T2 at Xi=34.5777... 
02/06/15::04:15:16: Applying transform 0.1... 
02/06/15::04:15:16:  Assembling U(0,1) 
02/06/15::04:15:16: Assembling BEM matrix block (0,1) 
02/06/15::04:21:21:   Computing ZForce... 
02/06/15::04:21:28: Computing Casimir integrand at Xi=35.401
 
02/06/15::04:21:28: Assembling T1 at Xi=3.540099e+01... 
02/06/15::04:21:28: Assembling BEM matrix block (0,0) 
02/06/15::04:23:22: Assembling T2 at Xi=3.540099e+01... 
02/06/15::04:23:22: Assembling BEM matrix block (1,1) 
02/06/15::04:55:07: LU-factorizing T1 at Xi=35.401... 
02/06/15::04:55:07: LU-factorizing T2 at Xi=35.401... 
02/06/15::04:55:25: Applying transform 0.1... 
02/06/15::04:55:25:  Assembling U(0,1) 
02/06/15::04:55:25: Assembling BEM matrix block (0,1) 
02/06/15::05:01:24:   Computing ZForce... 
02/06/15::05:01:30: Computing Casimir integrand at Xi=36.2243
 
02/06/15::05:01:30: Assembling T1 at Xi=3.622427e+01... 
02/06/15::05:01:30: Assembling BEM matrix block (0,0) 
02/06/15::05:03:23: Assembling T2 at Xi=3.622427e+01... 
02/06/15::05:03:23: Assembling BEM matrix block (1,1) 
02/06/15::05:35:06: LU-factorizing T1 at Xi=36.2243... 
02/06/15::05:35:06: LU-factorizing T2 at Xi=36.2243... 
02/06/15::05:35:23: Applying transform 0.1... 
02/06/15::05:35:23:  Assembling U(0,1) 
02/06/15::05:35:23: Assembling BEM matrix block (0,1) 
02/06/15::05:41:27:   Computing ZForce... 
02/06/15::05:41:32: Computing Casimir integrand at Xi=37.0475
 
02/06/15::05:41:32: Assembling T1 at Xi=3.704755e+01... 
02/06/15::05:41:32: Assembling BEM matrix block (0,0) 
02/06/15::05:43:25: Assembling T2 at Xi=3.704755e+01... 
02/06/15::05:43:25: Assembling BEM matrix block (1,1) 
02/06/15::06:15:35: LU-factorizing T1 at Xi=37.0475... 
02/06/15::06:15:35: LU-factorizing T2 at Xi=37.0475... 
02/06/15::06:15:55: Applying transform 0.1... 
02/06/15::06:15:55:  Assembling U(0,1) 
02/06/15::06:15:55: Assembling BEM matrix block (0,1) 
02/06/15::06:21:57:   Computing ZForce... 
02/06/15::06:22:03: Computing Casimir integrand at Xi=37.8708
 
02/06/15::06:22:03: Assembling T1 at Xi=3.787083e+01... 
02/06/15::06:22:03: Assembling BEM matrix block (0,0) 
02/06/15::06:23:55: Assembling T2 at Xi=3.787083e+01... 
02/06/15::06:23:55: Assembling BEM matrix block (1,1) 
02/06/15::06:55:42: LU-factorizing T1 at Xi=37.8708... 
02/06/15::06:55:42: LU-factorizing T2 at Xi=37.8708... 
02/06/15::06:56:07: Applying transform 0.1... 
02/06/15::06:56:07:  Assembling U(0,1) 
02/06/15::06:56:07: Assembling BEM matrix block (0,1) 
02/06/15::07:02:13:   Computing ZForce... 
02/06/15::07:02:20: Computing Casimir integrand at Xi=38.6941
 
02/06/15::07:02:20: Assembling T1 at Xi=3.869411e+01... 
02/06/15::07:02:20: Assembling BEM matrix block (0,0) 
02/06/15::07:04:11: Assembling T2 at Xi=3.869411e+01... 
02/06/15::07:04:11: Assembling BEM matrix block (1,1) 
02/06/15::07:36:00: LU-factorizing T1 at Xi=38.6941... 
02/06/15::07:36:00: LU-factorizing T2 at Xi=38.6941... 
02/06/15::07:36:27: Applying transform 0.1... 
02/06/15::07:36:27:  Assembling U(0,1) 
02/06/15::07:36:27: Assembling BEM matrix block (0,1) 
02/06/15::07:42:35:   Computing ZForce... 
02/06/15::07:42:43: Computing Casimir integrand at Xi=39.5174
 
02/06/15::07:42:43: Assembling T1 at Xi=3.951739e+01... 
02/06/15::07:42:43: Assembling BEM matrix block (0,0) 
02/06/15::07:44:34: Assembling T2 at Xi=3.951739e+01... 
02/06/15::07:44:34: Assembling BEM matrix block (1,1) 
02/06/15::08:16:14: LU-factorizing T1 at Xi=39.5174... 
02/06/15::08:16:14: LU-factorizing T2 at Xi=39.5174... 
02/06/15::08:16:40: Applying transform 0.1... 
02/06/15::08:16:40:  Assembling U(0,1) 
02/06/15::08:16:40: Assembling BEM matrix block (0,1) 
02/06/15::08:22:44:   Computing ZForce... 
02/06/15::08:22:52: Computing Casimir integrand at Xi=40.3407
 
02/06/15::08:22:52: Assembling T1 at Xi=4.034066e+01... 
02/06/15::08:22:52: Assembling BEM matrix block (0,0) 
02/06/15::08:24:42: Assembling T2 at Xi=4.034066e+01... 
02/06/15::08:24:42: Assembling BEM matrix block (1,1) 
02/06/15::08:56:49: LU-factorizing T1 at Xi=40.3407... 
02/06/15::08:56:49: LU-factorizing T2 at Xi=40.3407... 
02/06/15::08:57:13: Applying transform 0.1... 
02/06/15::08:57:13:  Assembling U(0,1) 
02/06/15::08:57:13: Assembling BEM matrix block (0,1) 
02/06/15::09:03:17:   Computing ZForce... 
02/06/15::09:03:24: Computing Casimir integrand at Xi=41.1639
 
02/06/15::09:03:24: Assembling T1 at Xi=4.116394e+01... 
02/06/15::09:03:24: Assembling BEM matrix block (0,0) 
02/06/15::09:05:15: Assembling T2 at Xi=4.116394e+01... 
02/06/15::09:05:15: Assembling BEM matrix block (1,1) 
02/06/15::09:37:19: LU-factorizing T1 at Xi=41.1639... 
02/06/15::09:37:19: LU-factorizing T2 at Xi=41.1639... 
02/06/15::09:37:43: Applying transform 0.1... 
02/06/15::09:37:43:  Assembling U(0,1) 
02/06/15::09:37:43: Assembling BEM matrix block (0,1) 
02/06/15::09:43:48:   Computing ZForce... 
02/06/15::09:43:55: Computing Casimir integrand at Xi=41.9872
 
02/06/15::09:43:55: Assembling T1 at Xi=4.198722e+01... 
02/06/15::09:43:55: Assembling BEM matrix block (0,0) 
02/06/15::09:45:46: Assembling T2 at Xi=4.198722e+01... 
02/06/15::09:45:46: Assembling BEM matrix block (1,1) 
02/06/15::10:18:02: LU-factorizing T1 at Xi=41.9872... 
02/06/15::10:18:02: LU-factorizing T2 at Xi=41.9872... 
02/06/15::10:18:27: Applying transform 0.1... 
02/06/15::10:18:27:  Assembling U(0,1) 
02/06/15::10:18:27: Assembling BEM matrix block (0,1) 
02/06/15::10:24:36:   Computing ZForce... 
02/06/15::10:24:43: Computing Casimir integrand at Xi=42.8105
 
02/06/15::10:24:43: Assembling T1 at Xi=4.281050e+01... 
02/06/15::10:24:43: Assembling BEM matrix block (0,0) 
02/06/15::10:26:35: Assembling T2 at Xi=4.281050e+01... 
02/06/15::10:26:35: Assembling BEM matrix block (1,1) 
02/06/15::10:59:06: LU-factorizing T1 at Xi=42.8105... 
02/06/15::10:59:06: LU-factorizing T2 at Xi=42.8105... 
02/06/15::10:59:32: Applying transform 0.1... 
02/06/15::10:59:32:  Assembling U(0,1) 
02/06/15::10:59:32: Assembling BEM matrix block (0,1) 
02/06/15::11:05:43:   Computing ZForce... 
02/06/15::11:05:51: Computing Casimir integrand at Xi=43.6338
 
02/06/15::11:05:51: Assembling T1 at Xi=4.363378e+01... 
02/06/15::11:05:51: Assembling BEM matrix block (0,0) 
02/06/15::11:07:42: Assembling T2 at Xi=4.363378e+01... 
02/06/15::11:07:42: Assembling BEM matrix block (1,1) 
02/06/15::11:40:33: LU-factorizing T1 at Xi=43.6338... 
02/06/15::11:40:33: LU-factorizing T2 at Xi=43.6338... 
02/06/15::11:40:59: Applying transform 0.1... 
02/06/15::11:40:59:  Assembling U(0,1) 
02/06/15::11:40:59: Assembling BEM matrix block (0,1) 
02/06/15::11:47:15:   Computing ZForce... 
02/06/15::11:47:22: Computing Casimir integrand at Xi=44.4571
 
02/06/15::11:47:23: Assembling T1 at Xi=4.445706e+01... 
02/06/15::11:47:23: Assembling BEM matrix block (0,0) 
02/06/15::11:49:16: Assembling T2 at Xi=4.445706e+01... 
02/06/15::11:49:16: Assembling BEM matrix block (1,1) 
02/06/15::12:23:05: LU-factorizing T1 at Xi=44.4571... 
02/06/15::12:23:05: LU-factorizing T2 at Xi=44.4571... 
02/06/15::12:23:31: Applying transform 0.1... 
02/06/15::12:23:32:  Assembling U(0,1) 
02/06/15::12:23:32: Assembling BEM matrix block (0,1) 
02/06/15::12:29:53:   Computing ZForce... 
02/06/15::12:30:00: Computing Casimir integrand at Xi=45.2803
 
02/06/15::12:30:00: Assembling T1 at Xi=4.528034e+01... 
02/06/15::12:30:00: Assembling BEM matrix block (0,0) 
02/06/15::12:31:52: Assembling T2 at Xi=4.528034e+01... 
02/06/15::12:31:52: Assembling BEM matrix block (1,1) 
02/06/15::13:06:10: LU-factorizing T1 at Xi=45.2803... 
02/06/15::13:06:10: LU-factorizing T2 at Xi=45.2803... 
02/06/15::13:06:35: Applying transform 0.1... 
02/06/15::13:06:35:  Assembling U(0,1) 
02/06/15::13:06:35: Assembling BEM matrix block (0,1) 
02/06/15::13:13:01:   Computing ZForce... 
02/06/15::13:13:08: Computing Casimir integrand at Xi=46.1036
 
02/06/15::13:13:08: Assembling T1 at Xi=4.610362e+01... 
02/06/15::13:13:08: Assembling BEM matrix block (0,0) 
02/06/15::13:15:00: Assembling T2 at Xi=4.610362e+01... 
02/06/15::13:15:00: Assembling BEM matrix block (1,1) 
02/06/15::13:50:18: LU-factorizing T1 at Xi=46.1036... 
02/06/15::13:50:18: LU-factorizing T2 at Xi=46.1036... 
02/06/15::13:50:41: Applying transform 0.1... 
02/06/15::13:50:41:  Assembling U(0,1) 
02/06/15::13:50:41: Assembling BEM matrix block (0,1) 
02/06/15::13:57:15:   Computing ZForce... 
02/06/15::13:57:22: Computing Casimir integrand at Xi=46.9269
 
02/06/15::13:57:22: Assembling T1 at Xi=4.692689e+01... 
02/06/15::13:57:22: Assembling BEM matrix block (0,0) 
02/06/15::13:59:15: Assembling T2 at Xi=4.692689e+01... 
02/06/15::13:59:15: Assembling BEM matrix block (1,1) 
02/06/15::14:35:50: LU-factorizing T1 at Xi=46.9269... 
02/06/15::14:35:50: LU-factorizing T2 at Xi=46.9269... 
02/06/15::14:36:10: Applying transform 0.1... 
02/06/15::14:36:10:  Assembling U(0,1) 
02/06/15::14:36:10: Assembling BEM matrix block (0,1) 
02/06/15::14:42:55:   Computing ZForce... 
02/06/15::14:43:00: Matsubara sum converged after summing n=57 frequency points. 
