02/03/15::18:30:15: scuff-cas3D running on hequ0172 
02/03/15::18:30:15: Setting material properties of exterior region to VACUUM. 
02/03/15::18:30:15: Flipped 514 panel normals to comport with region definitions. 
02/03/15::18:30:15: Computing full zero-temperature Casimir quantities. 
02/03/15::18:30:15: Read 1 geometrical transformations from file Bead_L-1.trans. 
02/03/15::18:30:15: Minimum distance between surface points=1.000000e+00 
02/03/15::18:30:15: Computing Casimir integrand at Xi=0.001
 
02/03/15::18:30:15: Assembling T1 at Xi=1.000000e-03... 
02/03/15::18:30:15: Assembling BEM matrix block (0,0) 
02/03/15::18:30:43: Assembling T2 at Xi=1.000000e-03... 
02/03/15::18:30:43: Assembling BEM matrix block (1,1) 
02/03/15::18:56:14: LU-factorizing T1 at Xi=0.001... 
02/03/15::18:56:14: LU-factorizing T2 at Xi=0.001... 
02/03/15::18:56:49: Applying transform 1.0... 
02/03/15::18:56:49:  Assembling U(0,1) 
02/03/15::18:56:49: Assembling BEM matrix block (0,1) 
02/03/15::19:01:12:   Computing ZForce... 
02/03/15::19:01:26: Computing Casimir integrand at Xi=0.0885
 
02/03/15::19:01:26: Assembling T1 at Xi=8.850000e-02... 
02/03/15::19:01:26: Assembling BEM matrix block (0,0) 
02/03/15::19:01:30: Assembling T2 at Xi=8.850000e-02... 
02/03/15::19:01:30: Assembling BEM matrix block (1,1) 
02/03/15::19:24:11: LU-factorizing T1 at Xi=0.0885... 
02/03/15::19:24:11: LU-factorizing T2 at Xi=0.0885... 
02/03/15::19:24:47: Applying transform 1.0... 
02/03/15::19:24:47:  Assembling U(0,1) 
02/03/15::19:24:47: Assembling BEM matrix block (0,1) 
02/03/15::19:28:55:   Computing ZForce... 
02/03/15::19:29:09: Computing Casimir integrand at Xi=0.176
 
02/03/15::19:29:09: Assembling T1 at Xi=1.760000e-01... 
02/03/15::19:29:09: Assembling BEM matrix block (0,0) 
02/03/15::19:29:14: Assembling T2 at Xi=1.760000e-01... 
02/03/15::19:29:14: Assembling BEM matrix block (1,1) 
02/03/15::19:52:05: LU-factorizing T1 at Xi=0.176... 
02/03/15::19:52:05: LU-factorizing T2 at Xi=0.176... 
02/03/15::19:52:40: Applying transform 1.0... 
02/03/15::19:52:40:  Assembling U(0,1) 
02/03/15::19:52:40: Assembling BEM matrix block (0,1) 
02/03/15::19:56:49:   Computing ZForce... 
02/03/15::19:57:03: Computing Casimir integrand at Xi=0.351
 
02/03/15::19:57:03: Assembling T1 at Xi=3.510000e-01... 
02/03/15::19:57:03: Assembling BEM matrix block (0,0) 
02/03/15::19:57:08: Assembling T2 at Xi=3.510000e-01... 
02/03/15::19:57:08: Assembling BEM matrix block (1,1) 
02/03/15::20:20:07: LU-factorizing T1 at Xi=0.351... 
02/03/15::20:20:07: LU-factorizing T2 at Xi=0.351... 
02/03/15::20:20:42: Applying transform 1.0... 
02/03/15::20:20:42:  Assembling U(0,1) 
02/03/15::20:20:42: Assembling BEM matrix block (0,1) 
02/03/15::20:24:51:   Computing ZForce... 
02/03/15::20:25:06: Computing Casimir integrand at Xi=0.526
 
02/03/15::20:25:06: Assembling T1 at Xi=5.260000e-01... 
02/03/15::20:25:06: Assembling BEM matrix block (0,0) 
02/03/15::20:25:11: Assembling T2 at Xi=5.260000e-01... 
02/03/15::20:25:11: Assembling BEM matrix block (1,1) 
02/03/15::20:48:25: LU-factorizing T1 at Xi=0.526... 
02/03/15::20:48:26: LU-factorizing T2 at Xi=0.526... 
02/03/15::20:49:01: Applying transform 1.0... 
02/03/15::20:49:01:  Assembling U(0,1) 
02/03/15::20:49:01: Assembling BEM matrix block (0,1) 
02/03/15::20:53:12:   Computing ZForce... 
02/03/15::20:53:27: Computing Casimir integrand at Xi=0.701
 
02/03/15::20:53:27: Assembling T1 at Xi=7.010000e-01... 
02/03/15::20:53:27: Assembling BEM matrix block (0,0) 
02/03/15::20:53:32: Assembling T2 at Xi=7.010000e-01... 
02/03/15::20:53:32: Assembling BEM matrix block (1,1) 
02/03/15::21:17:01: LU-factorizing T1 at Xi=0.701... 
02/03/15::21:17:01: LU-factorizing T2 at Xi=0.701... 
02/03/15::21:17:36: Applying transform 1.0... 
02/03/15::21:17:36:  Assembling U(0,1) 
02/03/15::21:17:36: Assembling BEM matrix block (0,1) 
02/03/15::21:21:48:   Computing ZForce... 
02/03/15::21:22:03: Computing Casimir integrand at Xi=0.876
 
02/03/15::21:22:03: Assembling T1 at Xi=8.760000e-01... 
02/03/15::21:22:03: Assembling BEM matrix block (0,0) 
02/03/15::21:22:09: Assembling T2 at Xi=8.760000e-01... 
02/03/15::21:22:09: Assembling BEM matrix block (1,1) 
02/03/15::21:45:52: LU-factorizing T1 at Xi=0.876... 
02/03/15::21:45:52: LU-factorizing T2 at Xi=0.876... 
02/03/15::21:46:27: Applying transform 1.0... 
02/03/15::21:46:27:  Assembling U(0,1) 
02/03/15::21:46:27: Assembling BEM matrix block (0,1) 
02/03/15::21:50:40:   Computing ZForce... 
02/03/15::21:50:54: Computing Casimir integrand at Xi=1.051
 
02/03/15::21:50:54: Assembling T1 at Xi=1.051000e+00... 
02/03/15::21:50:54: Assembling BEM matrix block (0,0) 
02/03/15::21:51:02: Assembling T2 at Xi=1.051000e+00... 
02/03/15::21:51:02: Assembling BEM matrix block (1,1) 
02/03/15::22:31:24: LU-factorizing T1 at Xi=1.051... 
02/03/15::22:31:25: LU-factorizing T2 at Xi=1.051... 
02/03/15::22:32:00: Applying transform 1.0... 
02/03/15::22:32:00:  Assembling U(0,1) 
02/03/15::22:32:00: Assembling BEM matrix block (0,1) 
02/03/15::22:36:08:   Computing ZForce... 
02/03/15::22:36:23: Computing Casimir integrand at Xi=1.226
 
02/03/15::22:36:23: Assembling T1 at Xi=1.226000e+00... 
02/03/15::22:36:23: Assembling BEM matrix block (0,0) 
02/03/15::22:36:44: Assembling T2 at Xi=1.226000e+00... 
02/03/15::22:36:44: Assembling BEM matrix block (1,1) 
02/03/15::23:17:12: LU-factorizing T1 at Xi=1.226... 
02/03/15::23:17:12: LU-factorizing T2 at Xi=1.226... 
02/03/15::23:17:48: Applying transform 1.0... 
02/03/15::23:17:48:  Assembling U(0,1) 
02/03/15::23:17:48: Assembling BEM matrix block (0,1) 
02/03/15::23:21:56:   Computing ZForce... 
02/03/15::23:22:11: Computing Casimir integrand at Xi=1.401
 
02/03/15::23:22:11: Assembling T1 at Xi=1.401000e+00... 
02/03/15::23:22:11: Assembling BEM matrix block (0,0) 
02/03/15::23:22:58: Assembling T2 at Xi=1.401000e+00... 
02/03/15::23:22:58: Assembling BEM matrix block (1,1) 
02/04/15::00:03:47: LU-factorizing T1 at Xi=1.401... 
02/04/15::00:03:47: LU-factorizing T2 at Xi=1.401... 
02/04/15::00:04:22: Applying transform 1.0... 
02/04/15::00:04:22:  Assembling U(0,1) 
02/04/15::00:04:22: Assembling BEM matrix block (0,1) 
02/04/15::00:08:30:   Computing ZForce... 
02/04/15::00:08:45: Computing Casimir integrand at Xi=1.576
 
02/04/15::00:08:45: Assembling T1 at Xi=1.576000e+00... 
02/04/15::00:08:45: Assembling BEM matrix block (0,0) 
02/04/15::00:09:56: Assembling T2 at Xi=1.576000e+00... 
02/04/15::00:09:56: Assembling BEM matrix block (1,1) 
02/04/15::00:51:29: LU-factorizing T1 at Xi=1.576... 
02/04/15::00:51:29: LU-factorizing T2 at Xi=1.576... 
02/04/15::00:52:05: Applying transform 1.0... 
02/04/15::00:52:05:  Assembling U(0,1) 
02/04/15::00:52:05: Assembling BEM matrix block (0,1) 
02/04/15::00:56:10:   Computing ZForce... 
02/04/15::00:56:25: Computing Casimir integrand at Xi=1.3135
 
02/04/15::00:56:25: Assembling T1 at Xi=1.313500e+00... 
02/04/15::00:56:25: Assembling BEM matrix block (0,0) 
02/04/15::00:56:56: Assembling T2 at Xi=1.313500e+00... 
02/04/15::00:56:56: Assembling BEM matrix block (1,1) 
02/04/15::01:37:22: LU-factorizing T1 at Xi=1.3135... 
02/04/15::01:37:22: LU-factorizing T2 at Xi=1.3135... 
02/04/15::01:37:57: Applying transform 1.0... 
02/04/15::01:37:57:  Assembling U(0,1) 
02/04/15::01:37:57: Assembling BEM matrix block (0,1) 
02/04/15::01:42:06:   Computing ZForce... 
02/04/15::01:42:21: Computing Casimir integrand at Xi=1.576
 
02/04/15::01:42:21: Assembling T1 at Xi=1.576000e+00... 
02/04/15::01:42:21: Assembling BEM matrix block (0,0) 
02/04/15::01:43:32: Assembling T2 at Xi=1.576000e+00... 
02/04/15::01:43:32: Assembling BEM matrix block (1,1) 
02/04/15::02:25:04: LU-factorizing T1 at Xi=1.576... 
02/04/15::02:25:04: LU-factorizing T2 at Xi=1.576... 
02/04/15::02:25:40: Applying transform 1.0... 
02/04/15::02:25:40:  Assembling U(0,1) 
02/04/15::02:25:40: Assembling BEM matrix block (0,1) 
02/04/15::02:29:48:   Computing ZForce... 
02/04/15::02:30:03: Computing Casimir integrand at Xi=1.751
 
02/04/15::02:30:03: Assembling T1 at Xi=1.751000e+00... 
02/04/15::02:30:03: Assembling BEM matrix block (0,0) 
02/04/15::02:31:26: Assembling T2 at Xi=1.751000e+00... 
02/04/15::02:31:26: Assembling BEM matrix block (1,1) 
02/04/15::03:13:39: LU-factorizing T1 at Xi=1.751... 
02/04/15::03:13:39: LU-factorizing T2 at Xi=1.751... 
02/04/15::03:14:14: Applying transform 1.0... 
02/04/15::03:14:14:  Assembling U(0,1) 
02/04/15::03:14:14: Assembling BEM matrix block (0,1) 
02/04/15::03:18:21:   Computing ZForce... 
02/04/15::03:18:36: Computing Casimir integrand at Xi=1.4885
 
02/04/15::03:18:36: Assembling T1 at Xi=1.488500e+00... 
02/04/15::03:18:36: Assembling BEM matrix block (0,0) 
02/04/15::03:19:36: Assembling T2 at Xi=1.488500e+00... 
02/04/15::03:19:36: Assembling BEM matrix block (1,1) 
02/04/15::04:00:30: LU-factorizing T1 at Xi=1.4885... 
02/04/15::04:00:30: LU-factorizing T2 at Xi=1.4885... 
02/04/15::04:01:05: Applying transform 1.0... 
02/04/15::04:01:05:  Assembling U(0,1) 
02/04/15::04:01:05: Assembling BEM matrix block (0,1) 
02/04/15::04:05:14:   Computing ZForce... 
02/04/15::04:05:28: Computing Casimir integrand at Xi=1.751
 
02/04/15::04:05:28: Assembling T1 at Xi=1.751000e+00... 
02/04/15::04:05:28: Assembling BEM matrix block (0,0) 
02/04/15::04:06:52: Assembling T2 at Xi=1.751000e+00... 
02/04/15::04:06:52: Assembling BEM matrix block (1,1) 
02/04/15::04:49:05: LU-factorizing T1 at Xi=1.751... 
02/04/15::04:49:05: LU-factorizing T2 at Xi=1.751... 
02/04/15::04:49:40: Applying transform 1.0... 
02/04/15::04:49:40:  Assembling U(0,1) 
02/04/15::04:49:40: Assembling BEM matrix block (0,1) 
02/04/15::04:53:47:   Computing ZForce... 
02/04/15::04:54:01: Computing Casimir integrand at Xi=1.926
 
02/04/15::04:54:01: Assembling T1 at Xi=1.926000e+00... 
02/04/15::04:54:01: Assembling BEM matrix block (0,0) 
02/04/15::04:55:28: Assembling T2 at Xi=1.926000e+00... 
02/04/15::04:55:28: Assembling BEM matrix block (1,1) 
02/04/15::05:38:13: LU-factorizing T1 at Xi=1.926... 
02/04/15::05:38:13: LU-factorizing T2 at Xi=1.926... 
02/04/15::05:38:48: Applying transform 1.0... 
02/04/15::05:38:48:  Assembling U(0,1) 
02/04/15::05:38:48: Assembling BEM matrix block (0,1) 
02/04/15::05:42:55:   Computing ZForce... 
02/04/15::05:43:10: Computing Casimir integrand at Xi=1.6635
 
02/04/15::05:43:10: Assembling T1 at Xi=1.663500e+00... 
02/04/15::05:43:10: Assembling BEM matrix block (0,0) 
02/04/15::05:44:28: Assembling T2 at Xi=1.663500e+00... 
02/04/15::05:44:28: Assembling BEM matrix block (1,1) 
02/04/15::06:26:27: LU-factorizing T1 at Xi=1.6635... 
02/04/15::06:26:27: LU-factorizing T2 at Xi=1.6635... 
02/04/15::06:27:02: Applying transform 1.0... 
02/04/15::06:27:02:  Assembling U(0,1) 
02/04/15::06:27:02: Assembling BEM matrix block (0,1) 
02/04/15::06:31:10:   Computing ZForce... 
02/04/15::06:31:24: Computing Casimir integrand at Xi=1.61975
 
02/04/15::06:31:24: Assembling T1 at Xi=1.619750e+00... 
02/04/15::06:31:24: Assembling BEM matrix block (0,0) 
02/04/15::06:32:39: Assembling T2 at Xi=1.619750e+00... 
02/04/15::06:32:39: Assembling BEM matrix block (1,1) 
02/04/15::07:13:59: LU-factorizing T1 at Xi=1.61975... 
02/04/15::07:13:59: LU-factorizing T2 at Xi=1.61975... 
02/04/15::07:14:34: Applying transform 1.0... 
02/04/15::07:14:34:  Assembling U(0,1) 
02/04/15::07:14:34: Assembling BEM matrix block (0,1) 
02/04/15::07:18:42:   Computing ZForce... 
02/04/15::07:18:56: Computing Casimir integrand at Xi=1.70725
 
02/04/15::07:18:56: Assembling T1 at Xi=1.707250e+00... 
02/04/15::07:18:56: Assembling BEM matrix block (0,0) 
02/04/15::07:20:19: Assembling T2 at Xi=1.707250e+00... 
02/04/15::07:20:19: Assembling BEM matrix block (1,1) 
02/04/15::08:02:15: LU-factorizing T1 at Xi=1.70725... 
02/04/15::08:02:15: LU-factorizing T2 at Xi=1.70725... 
02/04/15::08:02:57: Applying transform 1.0... 
02/04/15::08:02:57:  Assembling U(0,1) 
02/04/15::08:02:57: Assembling BEM matrix block (0,1) 
02/04/15::08:07:06:   Computing ZForce... 
02/04/15::08:07:21: Computing Casimir integrand at Xi=1.751
 
02/04/15::08:07:21: Assembling T1 at Xi=1.751000e+00... 
02/04/15::08:07:21: Assembling BEM matrix block (0,0) 
02/04/15::08:08:44: Assembling T2 at Xi=1.751000e+00... 
02/04/15::08:08:44: Assembling BEM matrix block (1,1) 
02/04/15::08:50:52: LU-factorizing T1 at Xi=1.751... 
02/04/15::08:50:52: LU-factorizing T2 at Xi=1.751... 
02/04/15::08:51:27: Applying transform 1.0... 
02/04/15::08:51:27:  Assembling U(0,1) 
02/04/15::08:51:27: Assembling BEM matrix block (0,1) 
02/04/15::08:55:33:   Computing ZForce... 
02/04/15::08:55:47: Computing Casimir integrand at Xi=1.68538
 
02/04/15::08:55:47: Assembling T1 at Xi=1.685375e+00... 
02/04/15::08:55:47: Assembling BEM matrix block (0,0) 
02/04/15::08:57:07: Assembling T2 at Xi=1.685375e+00... 
02/04/15::08:57:07: Assembling BEM matrix block (1,1) 
02/04/15::09:39:06: LU-factorizing T1 at Xi=1.68538... 
02/04/15::09:39:06: LU-factorizing T2 at Xi=1.68538... 
02/04/15::09:39:41: Applying transform 1.0... 
02/04/15::09:39:41:  Assembling U(0,1) 
02/04/15::09:39:41: Assembling BEM matrix block (0,1) 
02/04/15::09:43:47:   Computing ZForce... 
02/04/15::09:44:02: Computing Casimir integrand at Xi=1.67444
 
02/04/15::09:44:02: Assembling T1 at Xi=1.674438e+00... 
02/04/15::09:44:02: Assembling BEM matrix block (0,0) 
02/04/15::09:45:21: Assembling T2 at Xi=1.674438e+00... 
02/04/15::09:45:21: Assembling BEM matrix block (1,1) 
02/04/15::10:27:19: LU-factorizing T1 at Xi=1.67444... 
02/04/15::10:27:19: LU-factorizing T2 at Xi=1.67444... 
02/04/15::10:27:55: Applying transform 1.0... 
02/04/15::10:27:55:  Assembling U(0,1) 
02/04/15::10:27:55: Assembling BEM matrix block (0,1) 
02/04/15::10:32:01:   Computing ZForce... 
02/04/15::10:32:15: Computing Casimir integrand at Xi=1.70725
 
02/04/15::10:32:15: Assembling T1 at Xi=1.707250e+00... 
02/04/15::10:32:15: Assembling BEM matrix block (0,0) 
02/04/15::10:33:37: Assembling T2 at Xi=1.707250e+00... 
02/04/15::10:33:37: Assembling BEM matrix block (1,1) 
02/04/15::11:16:03: LU-factorizing T1 at Xi=1.70725... 
02/04/15::11:16:03: LU-factorizing T2 at Xi=1.70725... 
02/04/15::11:16:39: Applying transform 1.0... 
02/04/15::11:16:39:  Assembling U(0,1) 
02/04/15::11:16:39: Assembling BEM matrix block (0,1) 
02/04/15::11:20:45:   Computing ZForce... 
02/04/15::11:20:59: Computing Casimir integrand at Xi=1.72913
 
02/04/15::11:20:59: Assembling T1 at Xi=1.729125e+00... 
02/04/15::11:20:59: Assembling BEM matrix block (0,0) 
02/04/15::11:22:22: Assembling T2 at Xi=1.729125e+00... 
02/04/15::11:22:22: Assembling BEM matrix block (1,1) 
02/04/15::12:04:23: LU-factorizing T1 at Xi=1.72913... 
02/04/15::12:04:23: LU-factorizing T2 at Xi=1.72913... 
02/04/15::12:04:59: Applying transform 1.0... 
02/04/15::12:04:59:  Assembling U(0,1) 
02/04/15::12:04:59: Assembling BEM matrix block (0,1) 
02/04/15::12:09:05:   Computing ZForce... 
02/04/15::12:09:20: Computing Casimir integrand at Xi=1.69631
 
02/04/15::12:09:20: Assembling T1 at Xi=1.696313e+00... 
02/04/15::12:09:20: Assembling BEM matrix block (0,0) 
02/04/15::12:10:40: Assembling T2 at Xi=1.696313e+00... 
02/04/15::12:10:40: Assembling BEM matrix block (1,1) 
02/04/15::12:58:46: LU-factorizing T1 at Xi=1.69631... 
02/04/15::12:58:46: LU-factorizing T2 at Xi=1.69631... 
02/04/15::12:59:22: Applying transform 1.0... 
02/04/15::12:59:22:  Assembling U(0,1) 
02/04/15::12:59:22: Assembling BEM matrix block (0,1) 
02/04/15::13:03:24:   Computing ZForce... 
02/04/15::13:03:39: Computing Casimir integrand at Xi=1.69084
 
02/04/15::13:03:39: Assembling T1 at Xi=1.690844e+00... 
02/04/15::13:03:39: Assembling BEM matrix block (0,0) 
02/04/15::13:04:58: Assembling T2 at Xi=1.690844e+00... 
02/04/15::13:04:59: Assembling BEM matrix block (1,1) 
02/04/15::13:46:22: LU-factorizing T1 at Xi=1.69084... 
02/04/15::13:46:22: LU-factorizing T2 at Xi=1.69084... 
02/04/15::13:46:58: Applying transform 1.0... 
02/04/15::13:46:58:  Assembling U(0,1) 
02/04/15::13:46:58: Assembling BEM matrix block (0,1) 
02/04/15::13:51:01:   Computing ZForce... 
02/04/15::13:51:15: Computing Casimir integrand at Xi=1.70725
 
02/04/15::13:51:15: Assembling T1 at Xi=1.707250e+00... 
02/04/15::13:51:15: Assembling BEM matrix block (0,0) 
02/04/15::13:52:36: Assembling T2 at Xi=1.707250e+00... 
02/04/15::13:52:36: Assembling BEM matrix block (1,1) 
02/04/15::14:34:19: LU-factorizing T1 at Xi=1.70725... 
02/04/15::14:34:19: LU-factorizing T2 at Xi=1.70725... 
02/04/15::14:34:55: Applying transform 1.0... 
02/04/15::14:34:55:  Assembling U(0,1) 
02/04/15::14:34:55: Assembling BEM matrix block (0,1) 
02/04/15::14:39:00:   Computing ZForce... 
02/04/15::14:39:15: Computing Casimir integrand at Xi=1.71819
 
02/04/15::14:39:15: Assembling T1 at Xi=1.718188e+00... 
02/04/15::14:39:15: Assembling BEM matrix block (0,0) 
02/04/15::14:40:37: Assembling T2 at Xi=1.718188e+00... 
02/04/15::14:40:37: Assembling BEM matrix block (1,1) 
02/04/15::15:22:02: LU-factorizing T1 at Xi=1.71819... 
02/04/15::15:22:02: LU-factorizing T2 at Xi=1.71819... 
02/04/15::15:22:37: Applying transform 1.0... 
02/04/15::15:22:37:  Assembling U(0,1) 
02/04/15::15:22:37: Assembling BEM matrix block (0,1) 
02/04/15::15:26:39:   Computing ZForce... 
02/04/15::15:26:53: Computing Casimir integrand at Xi=1.70178
 
02/04/15::15:26:53: Assembling T1 at Xi=1.701781e+00... 
02/04/15::15:26:53: Assembling BEM matrix block (0,0) 
02/04/15::15:28:13: Assembling T2 at Xi=1.701781e+00... 
02/04/15::15:28:13: Assembling BEM matrix block (1,1) 
02/04/15::16:09:29: LU-factorizing T1 at Xi=1.70178... 
02/04/15::16:09:29: LU-factorizing T2 at Xi=1.70178... 
02/04/15::16:10:05: Applying transform 1.0... 
02/04/15::16:10:05:  Assembling U(0,1) 
02/04/15::16:10:05: Assembling BEM matrix block (0,1) 
02/04/15::16:14:11:   Computing ZForce... 
02/04/15::16:14:26: Computing Casimir integrand at Xi=1.69905
 
02/04/15::16:14:26: Assembling T1 at Xi=1.699047e+00... 
02/04/15::16:14:26: Assembling BEM matrix block (0,0) 
02/04/15::16:15:47: Assembling T2 at Xi=1.699047e+00... 
02/04/15::16:15:47: Assembling BEM matrix block (1,1) 
02/04/15::16:58:12: LU-factorizing T1 at Xi=1.69905... 
02/04/15::16:58:12: LU-factorizing T2 at Xi=1.69905... 
02/04/15::16:58:47: Applying transform 1.0... 
02/04/15::16:58:47:  Assembling U(0,1) 
02/04/15::16:58:47: Assembling BEM matrix block (0,1) 
02/04/15::17:02:57:   Computing ZForce... 
02/04/15::17:03:12: Computing Casimir integrand at Xi=1.70725
 
02/04/15::17:03:12: Assembling T1 at Xi=1.707250e+00... 
02/04/15::17:03:12: Assembling BEM matrix block (0,0) 
02/04/15::17:04:35: Assembling T2 at Xi=1.707250e+00... 
02/04/15::17:04:35: Assembling BEM matrix block (1,1) 
02/04/15::17:46:58: LU-factorizing T1 at Xi=1.70725... 
02/04/15::17:46:58: LU-factorizing T2 at Xi=1.70725... 
02/04/15::17:47:33: Applying transform 1.0... 
02/04/15::17:47:33:  Assembling U(0,1) 
02/04/15::17:47:33: Assembling BEM matrix block (0,1) 
02/04/15::17:51:41:   Computing ZForce... 
02/04/15::17:51:55: Computing Casimir integrand at Xi=1.71272
 
02/04/15::17:51:55: Assembling T1 at Xi=1.712719e+00... 
02/04/15::17:51:55: Assembling BEM matrix block (0,0) 
02/04/15::17:53:18: Assembling T2 at Xi=1.712719e+00... 
02/04/15::17:53:18: Assembling BEM matrix block (1,1) 
02/04/15::18:35:25: LU-factorizing T1 at Xi=1.71272... 
02/04/15::18:35:26: LU-factorizing T2 at Xi=1.71272... 
02/04/15::18:36:02: Applying transform 1.0... 
02/04/15::18:36:02:  Assembling U(0,1) 
02/04/15::18:36:02: Assembling BEM matrix block (0,1) 
02/04/15::18:40:05:   Computing ZForce... 
02/04/15::18:40:20: Computing Casimir integrand at Xi=1.70452
 
02/04/15::18:40:20: Assembling T1 at Xi=1.704516e+00... 
02/04/15::18:40:20: Assembling BEM matrix block (0,0) 
02/04/15::18:41:41: Assembling T2 at Xi=1.704516e+00... 
02/04/15::18:41:41: Assembling BEM matrix block (1,1) 
02/04/15::19:23:05: LU-factorizing T1 at Xi=1.70452... 
02/04/15::19:23:05: LU-factorizing T2 at Xi=1.70452... 
02/04/15::19:23:40: Applying transform 1.0... 
02/04/15::19:23:40:  Assembling U(0,1) 
02/04/15::19:23:40: Assembling BEM matrix block (0,1) 
02/04/15::19:27:43:   Computing ZForce... 
02/04/15::19:27:57: Computing Casimir integrand at Xi=1.70315
 
02/04/15::19:27:57: Assembling T1 at Xi=1.703148e+00... 
02/04/15::19:27:57: Assembling BEM matrix block (0,0) 
02/04/15::19:29:18: Assembling T2 at Xi=1.703148e+00... 
02/04/15::19:29:18: Assembling BEM matrix block (1,1) 
02/04/15::20:10:49: LU-factorizing T1 at Xi=1.70315... 
02/04/15::20:10:49: LU-factorizing T2 at Xi=1.70315... 
02/04/15::20:11:26: Applying transform 1.0... 
02/04/15::20:11:26:  Assembling U(0,1) 
02/04/15::20:11:26: Assembling BEM matrix block (0,1) 
02/04/15::20:15:31:   Computing ZForce... 
02/04/15::20:15:46: Computing Casimir integrand at Xi=1.70725
 
02/04/15::20:15:46: Assembling T1 at Xi=1.707250e+00... 
02/04/15::20:15:46: Assembling BEM matrix block (0,0) 
02/04/15::20:17:07: Assembling T2 at Xi=1.707250e+00... 
02/04/15::20:17:07: Assembling BEM matrix block (1,1) 
02/04/15::20:58:50: LU-factorizing T1 at Xi=1.70725... 
02/04/15::20:58:50: LU-factorizing T2 at Xi=1.70725... 
02/04/15::20:59:25: Applying transform 1.0... 
02/04/15::20:59:25:  Assembling U(0,1) 
02/04/15::20:59:25: Assembling BEM matrix block (0,1) 
02/04/15::21:03:30:   Computing ZForce... 
02/04/15::21:03:45: Computing Casimir integrand at Xi=1.70998
 
02/04/15::21:03:45: Assembling T1 at Xi=1.709984e+00... 
02/04/15::21:03:45: Assembling BEM matrix block (0,0) 
02/04/15::21:05:06: Assembling T2 at Xi=1.709984e+00... 
02/04/15::21:05:06: Assembling BEM matrix block (1,1) 
02/04/15::21:46:51: LU-factorizing T1 at Xi=1.70998... 
02/04/15::21:46:51: LU-factorizing T2 at Xi=1.70998... 
02/04/15::21:47:26: Applying transform 1.0... 
02/04/15::21:47:26:  Assembling U(0,1) 
02/04/15::21:47:26: Assembling BEM matrix block (0,1) 
02/04/15::21:51:31:   Computing ZForce... 
02/04/15::21:51:46: Computing Casimir integrand at Xi=1.70588
 
02/04/15::21:51:46: Assembling T1 at Xi=1.705883e+00... 
02/04/15::21:51:46: Assembling BEM matrix block (0,0) 
02/04/15::21:53:08: Assembling T2 at Xi=1.705883e+00... 
02/04/15::21:53:08: Assembling BEM matrix block (1,1) 
02/04/15::22:34:45: LU-factorizing T1 at Xi=1.70588... 
02/04/15::22:34:45: LU-factorizing T2 at Xi=1.70588... 
02/04/15::22:35:20: Applying transform 1.0... 
02/04/15::22:35:20:  Assembling U(0,1) 
02/04/15::22:35:20: Assembling BEM matrix block (0,1) 
02/04/15::22:39:25:   Computing ZForce... 
02/04/15::22:39:40: Computing Casimir integrand at Xi=1.7052
 
02/04/15::22:39:40: Assembling T1 at Xi=1.705199e+00... 
02/04/15::22:39:40: Assembling BEM matrix block (0,0) 
02/04/15::22:41:02: Assembling T2 at Xi=1.705199e+00... 
02/04/15::22:41:02: Assembling BEM matrix block (1,1) 
02/04/15::23:22:18: LU-factorizing T1 at Xi=1.7052... 
02/04/15::23:22:18: LU-factorizing T2 at Xi=1.7052... 
02/04/15::23:22:54: Applying transform 1.0... 
02/04/15::23:22:54:  Assembling U(0,1) 
02/04/15::23:22:54: Assembling BEM matrix block (0,1) 
02/04/15::23:26:56:   Computing ZForce... 
02/04/15::23:27:11: Computing Casimir integrand at Xi=1.70725
 
02/04/15::23:27:11: Assembling T1 at Xi=1.707250e+00... 
02/04/15::23:27:11: Assembling BEM matrix block (0,0) 
02/04/15::23:28:31: Assembling T2 at Xi=1.707250e+00... 
02/04/15::23:28:31: Assembling BEM matrix block (1,1) 
02/05/15::00:09:58: LU-factorizing T1 at Xi=1.70725... 
02/05/15::00:09:58: LU-factorizing T2 at Xi=1.70725... 
02/05/15::00:10:34: Applying transform 1.0... 
02/05/15::00:10:34:  Assembling U(0,1) 
02/05/15::00:10:34: Assembling BEM matrix block (0,1) 
02/05/15::00:14:38:   Computing ZForce... 
02/05/15::00:14:53: Computing Casimir integrand at Xi=1.70862
 
02/05/15::00:14:53: Assembling T1 at Xi=1.708617e+00... 
02/05/15::00:14:53: Assembling BEM matrix block (0,0) 
02/05/15::00:16:14: Assembling T2 at Xi=1.708617e+00... 
02/05/15::00:16:14: Assembling BEM matrix block (1,1) 
02/05/15::00:57:41: LU-factorizing T1 at Xi=1.70862... 
02/05/15::00:57:41: LU-factorizing T2 at Xi=1.70862... 
02/05/15::00:58:17: Applying transform 1.0... 
02/05/15::00:58:17:  Assembling U(0,1) 
02/05/15::00:58:17: Assembling BEM matrix block (0,1) 
02/05/15::01:02:19:   Computing ZForce... 
02/05/15::01:02:34: Computing Casimir integrand at Xi=1.70657
 
02/05/15::01:02:34: Assembling T1 at Xi=1.706566e+00... 
02/05/15::01:02:34: Assembling BEM matrix block (0,0) 
02/05/15::01:03:54: Assembling T2 at Xi=1.706566e+00... 
02/05/15::01:03:54: Assembling BEM matrix block (1,1) 
02/05/15::01:45:33: LU-factorizing T1 at Xi=1.70657... 
02/05/15::01:45:33: LU-factorizing T2 at Xi=1.70657... 
02/05/15::01:46:08: Applying transform 1.0... 
02/05/15::01:46:08:  Assembling U(0,1) 
02/05/15::01:46:08: Assembling BEM matrix block (0,1) 
02/05/15::01:50:15:   Computing ZForce... 
02/05/15::01:50:29: Computing Casimir integrand at Xi=1.70622
 
02/05/15::01:50:29: Assembling T1 at Xi=1.706225e+00... 
02/05/15::01:50:29: Assembling BEM matrix block (0,0) 
02/05/15::01:51:51: Assembling T2 at Xi=1.706225e+00... 
02/05/15::01:51:51: Assembling BEM matrix block (1,1) 
02/05/15::02:33:46: LU-factorizing T1 at Xi=1.70622... 
02/05/15::02:33:46: LU-factorizing T2 at Xi=1.70622... 
02/05/15::02:34:23: Applying transform 1.0... 
02/05/15::02:34:23:  Assembling U(0,1) 
02/05/15::02:34:23: Assembling BEM matrix block (0,1) 
02/05/15::02:38:27:   Computing ZForce... 
02/05/15::02:38:42: Computing Casimir integrand at Xi=1.70725
 
02/05/15::02:38:42: Assembling T1 at Xi=1.707250e+00... 
02/05/15::02:38:42: Assembling BEM matrix block (0,0) 
02/05/15::02:40:03: Assembling T2 at Xi=1.707250e+00... 
02/05/15::02:40:03: Assembling BEM matrix block (1,1) 
02/05/15::03:21:33: LU-factorizing T1 at Xi=1.70725... 
02/05/15::03:21:33: LU-factorizing T2 at Xi=1.70725... 
02/05/15::03:22:09: Applying transform 1.0... 
02/05/15::03:22:09:  Assembling U(0,1) 
02/05/15::03:22:09: Assembling BEM matrix block (0,1) 
02/05/15::03:26:11:   Computing ZForce... 
02/05/15::03:26:26: Computing Casimir integrand at Xi=1.70793
 
02/05/15::03:26:26: Assembling T1 at Xi=1.707934e+00... 
02/05/15::03:26:26: Assembling BEM matrix block (0,0) 
02/05/15::03:27:46: Assembling T2 at Xi=1.707934e+00... 
02/05/15::03:27:46: Assembling BEM matrix block (1,1) 
