02/03/15::18:30:14: scuff-cas3D running on hequ0157 
02/03/15::18:30:14: Setting material properties of exterior region to VACUUM. 
02/03/15::18:30:14: Flipped 514 panel normals to comport with region definitions. 
02/03/15::18:30:14: Computing full zero-temperature Casimir quantities. 
02/03/15::18:30:14: Read 1 geometrical transformations from file Bead_L-0.794328.trans. 
02/03/15::18:30:14: Minimum distance between surface points=7.943280e-01 
02/03/15::18:30:14: Computing Casimir integrand at Xi=0.001
 
02/03/15::18:30:14: Assembling T1 at Xi=1.000000e-03... 
02/03/15::18:30:14: Assembling BEM matrix block (0,0) 
02/03/15::18:30:41: Assembling T2 at Xi=1.000000e-03... 
02/03/15::18:30:41: Assembling BEM matrix block (1,1) 
02/03/15::18:55:59: LU-factorizing T1 at Xi=0.001... 
02/03/15::18:56:00: LU-factorizing T2 at Xi=0.001... 
02/03/15::18:56:36: Applying transform 0.794328... 
02/03/15::18:56:36:  Assembling U(0,1) 
02/03/15::18:56:36: Assembling BEM matrix block (0,1) 
02/03/15::19:01:02:   Computing ZForce... 
02/03/15::19:01:17: Computing Casimir integrand at Xi=0.111156
 
02/03/15::19:01:17: Assembling T1 at Xi=1.111560e-01... 
02/03/15::19:01:17: Assembling BEM matrix block (0,0) 
02/03/15::19:01:21: Assembling T2 at Xi=1.111560e-01... 
02/03/15::19:01:21: Assembling BEM matrix block (1,1) 
02/03/15::19:24:01: LU-factorizing T1 at Xi=0.111156... 
02/03/15::19:24:01: LU-factorizing T2 at Xi=0.111156... 
02/03/15::19:24:36: Applying transform 0.794328... 
02/03/15::19:24:36:  Assembling U(0,1) 
02/03/15::19:24:36: Assembling BEM matrix block (0,1) 
02/03/15::19:28:50:   Computing ZForce... 
02/03/15::19:29:04: Computing Casimir integrand at Xi=0.221312
 
02/03/15::19:29:04: Assembling T1 at Xi=2.213120e-01... 
02/03/15::19:29:04: Assembling BEM matrix block (0,0) 
02/03/15::19:29:09: Assembling T2 at Xi=2.213120e-01... 
02/03/15::19:29:09: Assembling BEM matrix block (1,1) 
02/03/15::19:52:06: LU-factorizing T1 at Xi=0.221312... 
02/03/15::19:52:06: LU-factorizing T2 at Xi=0.221312... 
02/03/15::19:52:42: Applying transform 0.794328... 
02/03/15::19:52:42:  Assembling U(0,1) 
02/03/15::19:52:42: Assembling BEM matrix block (0,1) 
02/03/15::19:56:55:   Computing ZForce... 
02/03/15::19:57:10: Computing Casimir integrand at Xi=0.441624
 
02/03/15::19:57:10: Assembling T1 at Xi=4.416240e-01... 
02/03/15::19:57:10: Assembling BEM matrix block (0,0) 
02/03/15::19:57:15: Assembling T2 at Xi=4.416240e-01... 
02/03/15::19:57:15: Assembling BEM matrix block (1,1) 
02/03/15::20:20:24: LU-factorizing T1 at Xi=0.441624... 
02/03/15::20:20:24: LU-factorizing T2 at Xi=0.441624... 
02/03/15::20:20:59: Applying transform 0.794328... 
02/03/15::20:20:59:  Assembling U(0,1) 
02/03/15::20:20:59: Assembling BEM matrix block (0,1) 
02/03/15::20:25:14:   Computing ZForce... 
02/03/15::20:25:28: Computing Casimir integrand at Xi=0.661936
 
02/03/15::20:25:28: Assembling T1 at Xi=6.619360e-01... 
02/03/15::20:25:28: Assembling BEM matrix block (0,0) 
02/03/15::20:25:34: Assembling T2 at Xi=6.619360e-01... 
02/03/15::20:25:34: Assembling BEM matrix block (1,1) 
02/03/15::20:49:00: LU-factorizing T1 at Xi=0.661936... 
02/03/15::20:49:00: LU-factorizing T2 at Xi=0.661936... 
02/03/15::20:49:35: Applying transform 0.794328... 
02/03/15::20:49:35:  Assembling U(0,1) 
02/03/15::20:49:35: Assembling BEM matrix block (0,1) 
02/03/15::20:53:53:   Computing ZForce... 
02/03/15::20:54:07: Computing Casimir integrand at Xi=0.882248
 
02/03/15::20:54:07: Assembling T1 at Xi=8.822480e-01... 
02/03/15::20:54:07: Assembling BEM matrix block (0,0) 
02/03/15::20:54:13: Assembling T2 at Xi=8.822480e-01... 
02/03/15::20:54:13: Assembling BEM matrix block (1,1) 
02/03/15::21:18:02: LU-factorizing T1 at Xi=0.882248... 
02/03/15::21:18:02: LU-factorizing T2 at Xi=0.882248... 
02/03/15::21:18:38: Applying transform 0.794328... 
02/03/15::21:18:38:  Assembling U(0,1) 
02/03/15::21:18:38: Assembling BEM matrix block (0,1) 
02/03/15::21:23:03:   Computing ZForce... 
02/03/15::21:23:18: Computing Casimir integrand at Xi=1.10256
 
02/03/15::21:23:18: Assembling T1 at Xi=1.102560e+00... 
02/03/15::21:23:18: Assembling BEM matrix block (0,0) 
02/03/15::21:23:28: Assembling T2 at Xi=1.102560e+00... 
02/03/15::21:23:28: Assembling BEM matrix block (1,1) 
02/03/15::22:05:02: LU-factorizing T1 at Xi=1.10256... 
02/03/15::22:05:02: LU-factorizing T2 at Xi=1.10256... 
02/03/15::22:05:37: Applying transform 0.794328... 
02/03/15::22:05:37:  Assembling U(0,1) 
02/03/15::22:05:37: Assembling BEM matrix block (0,1) 
02/03/15::22:09:51:   Computing ZForce... 
02/03/15::22:10:06: Computing Casimir integrand at Xi=0.772092
 
02/03/15::22:10:06: Assembling T1 at Xi=7.720920e-01... 
02/03/15::22:10:06: Assembling BEM matrix block (0,0) 
02/03/15::22:10:12: Assembling T2 at Xi=7.720920e-01... 
02/03/15::22:10:12: Assembling BEM matrix block (1,1) 
02/03/15::22:33:50: LU-factorizing T1 at Xi=0.772092... 
02/03/15::22:33:50: LU-factorizing T2 at Xi=0.772092... 
02/03/15::22:34:26: Applying transform 0.794328... 
02/03/15::22:34:26:  Assembling U(0,1) 
02/03/15::22:34:26: Assembling BEM matrix block (0,1) 
02/03/15::22:38:43:   Computing ZForce... 
02/03/15::22:38:57: Computing Casimir integrand at Xi=1.10256
 
02/03/15::22:38:57: Assembling T1 at Xi=1.102560e+00... 
02/03/15::22:38:57: Assembling BEM matrix block (0,0) 
02/03/15::22:39:07: Assembling T2 at Xi=1.102560e+00... 
02/03/15::22:39:07: Assembling BEM matrix block (1,1) 
02/03/15::23:19:41: LU-factorizing T1 at Xi=1.10256... 
02/03/15::23:19:41: LU-factorizing T2 at Xi=1.10256... 
02/03/15::23:20:17: Applying transform 0.794328... 
02/03/15::23:20:17:  Assembling U(0,1) 
02/03/15::23:20:17: Assembling BEM matrix block (0,1) 
02/03/15::23:24:31:   Computing ZForce... 
02/03/15::23:24:45: Computing Casimir integrand at Xi=1.32287
 
02/03/15::23:24:45: Assembling T1 at Xi=1.322872e+00... 
02/03/15::23:24:45: Assembling BEM matrix block (0,0) 
02/03/15::23:25:19: Assembling T2 at Xi=1.322872e+00... 
02/03/15::23:25:19: Assembling BEM matrix block (1,1) 
02/04/15::00:05:58: LU-factorizing T1 at Xi=1.32287... 
02/04/15::00:05:58: LU-factorizing T2 at Xi=1.32287... 
02/04/15::00:06:34: Applying transform 0.794328... 
02/04/15::00:06:34:  Assembling U(0,1) 
02/04/15::00:06:34: Assembling BEM matrix block (0,1) 
02/04/15::00:10:47:   Computing ZForce... 
02/04/15::00:11:02: Computing Casimir integrand at Xi=0.992404
 
02/04/15::00:11:02: Assembling T1 at Xi=9.924041e-01... 
02/04/15::00:11:02: Assembling BEM matrix block (0,0) 
02/04/15::00:11:08: Assembling T2 at Xi=9.924041e-01... 
02/04/15::00:11:08: Assembling BEM matrix block (1,1) 
02/04/15::00:51:32: LU-factorizing T1 at Xi=0.992404... 
02/04/15::00:51:32: LU-factorizing T2 at Xi=0.992404... 
02/04/15::00:52:07: Applying transform 0.794328... 
02/04/15::00:52:07:  Assembling U(0,1) 
02/04/15::00:52:07: Assembling BEM matrix block (0,1) 
02/04/15::00:56:21:   Computing ZForce... 
02/04/15::00:56:35: Computing Casimir integrand at Xi=1.32287
 
02/04/15::00:56:35: Assembling T1 at Xi=1.322872e+00... 
02/04/15::00:56:35: Assembling BEM matrix block (0,0) 
02/04/15::00:57:09: Assembling T2 at Xi=1.322872e+00... 
02/04/15::00:57:09: Assembling BEM matrix block (1,1) 
02/04/15::01:37:52: LU-factorizing T1 at Xi=1.32287... 
02/04/15::01:37:52: LU-factorizing T2 at Xi=1.32287... 
02/04/15::01:38:28: Applying transform 0.794328... 
02/04/15::01:38:28:  Assembling U(0,1) 
02/04/15::01:38:28: Assembling BEM matrix block (0,1) 
02/04/15::01:42:42:   Computing ZForce... 
02/04/15::01:42:57: Computing Casimir integrand at Xi=1.54318
 
02/04/15::01:42:57: Assembling T1 at Xi=1.543184e+00... 
02/04/15::01:42:57: Assembling BEM matrix block (0,0) 
02/04/15::01:44:04: Assembling T2 at Xi=1.543184e+00... 
02/04/15::01:44:04: Assembling BEM matrix block (1,1) 
02/04/15::02:25:36: LU-factorizing T1 at Xi=1.54318... 
02/04/15::02:25:36: LU-factorizing T2 at Xi=1.54318... 
02/04/15::02:26:12: Applying transform 0.794328... 
02/04/15::02:26:12:  Assembling U(0,1) 
02/04/15::02:26:12: Assembling BEM matrix block (0,1) 
02/04/15::02:30:26:   Computing ZForce... 
02/04/15::02:30:40: Computing Casimir integrand at Xi=1.21272
 
02/04/15::02:30:40: Assembling T1 at Xi=1.212716e+00... 
02/04/15::02:30:40: Assembling BEM matrix block (0,0) 
02/04/15::02:31:00: Assembling T2 at Xi=1.212716e+00... 
02/04/15::02:31:00: Assembling BEM matrix block (1,1) 
02/04/15::03:11:52: LU-factorizing T1 at Xi=1.21272... 
02/04/15::03:11:52: LU-factorizing T2 at Xi=1.21272... 
02/04/15::03:12:28: Applying transform 0.794328... 
02/04/15::03:12:28:  Assembling U(0,1) 
02/04/15::03:12:28: Assembling BEM matrix block (0,1) 
02/04/15::03:16:42:   Computing ZForce... 
02/04/15::03:16:57: Computing Casimir integrand at Xi=1.54318
 
02/04/15::03:16:57: Assembling T1 at Xi=1.543184e+00... 
02/04/15::03:16:57: Assembling BEM matrix block (0,0) 
02/04/15::03:18:05: Assembling T2 at Xi=1.543184e+00... 
02/04/15::03:18:05: Assembling BEM matrix block (1,1) 
02/04/15::03:59:49: LU-factorizing T1 at Xi=1.54318... 
02/04/15::03:59:49: LU-factorizing T2 at Xi=1.54318... 
02/04/15::04:00:24: Applying transform 0.794328... 
02/04/15::04:00:24:  Assembling U(0,1) 
02/04/15::04:00:24: Assembling BEM matrix block (0,1) 
02/04/15::04:04:38:   Computing ZForce... 
02/04/15::04:04:52: Computing Casimir integrand at Xi=1.7635
 
02/04/15::04:04:52: Assembling T1 at Xi=1.763496e+00... 
02/04/15::04:04:52: Assembling BEM matrix block (0,0) 
02/04/15::04:06:17: Assembling T2 at Xi=1.763496e+00... 
02/04/15::04:06:17: Assembling BEM matrix block (1,1) 
02/04/15::04:48:49: LU-factorizing T1 at Xi=1.7635... 
02/04/15::04:48:49: LU-factorizing T2 at Xi=1.7635... 
02/04/15::04:49:24: Applying transform 0.794328... 
02/04/15::04:49:24:  Assembling U(0,1) 
02/04/15::04:49:24: Assembling BEM matrix block (0,1) 
02/04/15::04:53:34:   Computing ZForce... 
02/04/15::04:53:49: Computing Casimir integrand at Xi=1.43303
 
02/04/15::04:53:49: Assembling T1 at Xi=1.433028e+00... 
02/04/15::04:53:49: Assembling BEM matrix block (0,0) 
02/04/15::04:54:41: Assembling T2 at Xi=1.433028e+00... 
02/04/15::04:54:41: Assembling BEM matrix block (1,1) 
02/04/15::05:35:37: LU-factorizing T1 at Xi=1.43303... 
02/04/15::05:35:37: LU-factorizing T2 at Xi=1.43303... 
02/04/15::05:36:12: Applying transform 0.794328... 
02/04/15::05:36:12:  Assembling U(0,1) 
02/04/15::05:36:12: Assembling BEM matrix block (0,1) 
02/04/15::05:40:26:   Computing ZForce... 
02/04/15::05:40:41: Computing Casimir integrand at Xi=1.7635
 
02/04/15::05:40:41: Assembling T1 at Xi=1.763496e+00... 
02/04/15::05:40:41: Assembling BEM matrix block (0,0) 
02/04/15::05:42:05: Assembling T2 at Xi=1.763496e+00... 
02/04/15::05:42:05: Assembling BEM matrix block (1,1) 
02/04/15::06:24:30: LU-factorizing T1 at Xi=1.7635... 
02/04/15::06:24:30: LU-factorizing T2 at Xi=1.7635... 
02/04/15::06:25:06: Applying transform 0.794328... 
02/04/15::06:25:06:  Assembling U(0,1) 
02/04/15::06:25:06: Assembling BEM matrix block (0,1) 
02/04/15::06:29:20:   Computing ZForce... 
02/04/15::06:29:34: Computing Casimir integrand at Xi=1.98381
 
02/04/15::06:29:34: Assembling T1 at Xi=1.983808e+00... 
02/04/15::06:29:34: Assembling BEM matrix block (0,0) 
02/04/15::06:31:02: Assembling T2 at Xi=1.983808e+00... 
02/04/15::06:31:02: Assembling BEM matrix block (1,1) 
02/04/15::07:13:47: LU-factorizing T1 at Xi=1.98381... 
02/04/15::07:13:47: LU-factorizing T2 at Xi=1.98381... 
02/04/15::07:14:22: Applying transform 0.794328... 
02/04/15::07:14:22:  Assembling U(0,1) 
02/04/15::07:14:22: Assembling BEM matrix block (0,1) 
02/04/15::07:18:33:   Computing ZForce... 
02/04/15::07:18:48: Computing Casimir integrand at Xi=1.65334
 
02/04/15::07:18:48: Assembling T1 at Xi=1.653340e+00... 
02/04/15::07:18:48: Assembling BEM matrix block (0,0) 
02/04/15::07:20:06: Assembling T2 at Xi=1.653340e+00... 
02/04/15::07:20:06: Assembling BEM matrix block (1,1) 
02/04/15::08:01:46: LU-factorizing T1 at Xi=1.65334... 
02/04/15::08:01:46: LU-factorizing T2 at Xi=1.65334... 
02/04/15::08:02:21: Applying transform 0.794328... 
02/04/15::08:02:21:  Assembling U(0,1) 
02/04/15::08:02:21: Assembling BEM matrix block (0,1) 
02/04/15::08:06:32:   Computing ZForce... 
02/04/15::08:06:47: Computing Casimir integrand at Xi=1.59826
 
02/04/15::08:06:47: Assembling T1 at Xi=1.598262e+00... 
02/04/15::08:06:47: Assembling BEM matrix block (0,0) 
02/04/15::08:08:00: Assembling T2 at Xi=1.598262e+00... 
02/04/15::08:08:00: Assembling BEM matrix block (1,1) 
02/04/15::08:49:27: LU-factorizing T1 at Xi=1.59826... 
02/04/15::08:49:27: LU-factorizing T2 at Xi=1.59826... 
02/04/15::08:50:03: Applying transform 0.794328... 
02/04/15::08:50:03:  Assembling U(0,1) 
02/04/15::08:50:03: Assembling BEM matrix block (0,1) 
02/04/15::08:54:16:   Computing ZForce... 
02/04/15::08:54:31: Computing Casimir integrand at Xi=1.70842
 
02/04/15::08:54:31: Assembling T1 at Xi=1.708418e+00... 
02/04/15::08:54:31: Assembling BEM matrix block (0,0) 
02/04/15::08:55:53: Assembling T2 at Xi=1.708418e+00... 
02/04/15::08:55:53: Assembling BEM matrix block (1,1) 
02/04/15::09:37:46: LU-factorizing T1 at Xi=1.70842... 
02/04/15::09:37:46: LU-factorizing T2 at Xi=1.70842... 
02/04/15::09:38:22: Applying transform 0.794328... 
02/04/15::09:38:22:  Assembling U(0,1) 
02/04/15::09:38:22: Assembling BEM matrix block (0,1) 
02/04/15::09:42:30:   Computing ZForce... 
02/04/15::09:42:44: Computing Casimir integrand at Xi=1.7635
 
02/04/15::09:42:44: Assembling T1 at Xi=1.763496e+00... 
02/04/15::09:42:44: Assembling BEM matrix block (0,0) 
02/04/15::09:44:07: Assembling T2 at Xi=1.763496e+00... 
02/04/15::09:44:07: Assembling BEM matrix block (1,1) 
02/04/15::10:26:44: LU-factorizing T1 at Xi=1.7635... 
02/04/15::10:26:44: LU-factorizing T2 at Xi=1.7635... 
02/04/15::10:27:20: Applying transform 0.794328... 
02/04/15::10:27:20:  Assembling U(0,1) 
02/04/15::10:27:20: Assembling BEM matrix block (0,1) 
02/04/15::10:31:29:   Computing ZForce... 
02/04/15::10:31:43: Computing Casimir integrand at Xi=1.68088
 
02/04/15::10:31:43: Assembling T1 at Xi=1.680879e+00... 
02/04/15::10:31:43: Assembling BEM matrix block (0,0) 
02/04/15::10:33:03: Assembling T2 at Xi=1.680879e+00... 
02/04/15::10:33:03: Assembling BEM matrix block (1,1) 
02/04/15::11:15:36: LU-factorizing T1 at Xi=1.68088... 
02/04/15::11:15:36: LU-factorizing T2 at Xi=1.68088... 
02/04/15::11:16:11: Applying transform 0.794328... 
02/04/15::11:16:11:  Assembling U(0,1) 
02/04/15::11:16:11: Assembling BEM matrix block (0,1) 
02/04/15::11:20:22:   Computing ZForce... 
02/04/15::11:20:37: Computing Casimir integrand at Xi=1.66711
 
02/04/15::11:20:37: Assembling T1 at Xi=1.667110e+00... 
02/04/15::11:20:37: Assembling BEM matrix block (0,0) 
02/04/15::11:21:57: Assembling T2 at Xi=1.667110e+00... 
02/04/15::11:21:57: Assembling BEM matrix block (1,1) 
02/04/15::12:03:54: LU-factorizing T1 at Xi=1.66711... 
02/04/15::12:03:54: LU-factorizing T2 at Xi=1.66711... 
02/04/15::12:04:31: Applying transform 0.794328... 
02/04/15::12:04:31:  Assembling U(0,1) 
02/04/15::12:04:31: Assembling BEM matrix block (0,1) 
02/04/15::12:08:40:   Computing ZForce... 
02/04/15::12:08:55: Computing Casimir integrand at Xi=1.70842
 
02/04/15::12:08:55: Assembling T1 at Xi=1.708418e+00... 
02/04/15::12:08:55: Assembling BEM matrix block (0,0) 
02/04/15::12:10:18: Assembling T2 at Xi=1.708418e+00... 
02/04/15::12:10:18: Assembling BEM matrix block (1,1) 
02/04/15::12:52:25: LU-factorizing T1 at Xi=1.70842... 
02/04/15::12:52:25: LU-factorizing T2 at Xi=1.70842... 
02/04/15::12:53:01: Applying transform 0.794328... 
02/04/15::12:53:01:  Assembling U(0,1) 
02/04/15::12:53:01: Assembling BEM matrix block (0,1) 
02/04/15::12:57:13:   Computing ZForce... 
02/04/15::12:57:28: Computing Casimir integrand at Xi=1.73596
 
02/04/15::12:57:28: Assembling T1 at Xi=1.735957e+00... 
02/04/15::12:57:28: Assembling BEM matrix block (0,0) 
02/04/15::12:58:52: Assembling T2 at Xi=1.735957e+00... 
02/04/15::12:58:52: Assembling BEM matrix block (1,1) 
02/04/15::13:41:04: LU-factorizing T1 at Xi=1.73596... 
02/04/15::13:41:04: LU-factorizing T2 at Xi=1.73596... 
02/04/15::13:41:40: Applying transform 0.794328... 
02/04/15::13:41:40:  Assembling U(0,1) 
02/04/15::13:41:40: Assembling BEM matrix block (0,1) 
02/04/15::13:45:51:   Computing ZForce... 
02/04/15::13:46:05: Computing Casimir integrand at Xi=1.69465
 
02/04/15::13:46:05: Assembling T1 at Xi=1.694649e+00... 
02/04/15::13:46:05: Assembling BEM matrix block (0,0) 
02/04/15::13:47:27: Assembling T2 at Xi=1.694649e+00... 
02/04/15::13:47:27: Assembling BEM matrix block (1,1) 
02/04/15::14:29:37: LU-factorizing T1 at Xi=1.69465... 
02/04/15::14:29:37: LU-factorizing T2 at Xi=1.69465... 
02/04/15::14:30:13: Applying transform 0.794328... 
02/04/15::14:30:13:  Assembling U(0,1) 
02/04/15::14:30:13: Assembling BEM matrix block (0,1) 
02/04/15::14:34:27:   Computing ZForce... 
02/04/15::14:34:41: Computing Casimir integrand at Xi=1.68776
 
02/04/15::14:34:41: Assembling T1 at Xi=1.687764e+00... 
02/04/15::14:34:41: Assembling BEM matrix block (0,0) 
02/04/15::14:36:03: Assembling T2 at Xi=1.687764e+00... 
02/04/15::14:36:03: Assembling BEM matrix block (1,1) 
02/04/15::15:17:52: LU-factorizing T1 at Xi=1.68776... 
02/04/15::15:17:52: LU-factorizing T2 at Xi=1.68776... 
02/04/15::15:18:27: Applying transform 0.794328... 
02/04/15::15:18:27:  Assembling U(0,1) 
02/04/15::15:18:27: Assembling BEM matrix block (0,1) 
02/04/15::15:22:41:   Computing ZForce... 
02/04/15::15:22:56: Computing Casimir integrand at Xi=1.70842
 
02/04/15::15:22:56: Assembling T1 at Xi=1.708418e+00... 
02/04/15::15:22:56: Assembling BEM matrix block (0,0) 
02/04/15::15:24:22: Assembling T2 at Xi=1.708418e+00... 
02/04/15::15:24:22: Assembling BEM matrix block (1,1) 
02/04/15::16:11:07: LU-factorizing T1 at Xi=1.70842... 
02/04/15::16:11:07: LU-factorizing T2 at Xi=1.70842... 
02/04/15::16:11:43: Applying transform 0.794328... 
02/04/15::16:11:43:  Assembling U(0,1) 
02/04/15::16:11:43: Assembling BEM matrix block (0,1) 
02/04/15::16:15:54:   Computing ZForce... 
02/04/15::16:16:09: Computing Casimir integrand at Xi=1.72219
 
02/04/15::16:16:09: Assembling T1 at Xi=1.722188e+00... 
02/04/15::16:16:09: Assembling BEM matrix block (0,0) 
02/04/15::16:17:32: Assembling T2 at Xi=1.722188e+00... 
02/04/15::16:17:32: Assembling BEM matrix block (1,1) 
02/04/15::16:59:10: LU-factorizing T1 at Xi=1.72219... 
02/04/15::16:59:10: LU-factorizing T2 at Xi=1.72219... 
02/04/15::16:59:46: Applying transform 0.794328... 
02/04/15::16:59:46:  Assembling U(0,1) 
02/04/15::16:59:46: Assembling BEM matrix block (0,1) 
02/04/15::17:03:54:   Computing ZForce... 
02/04/15::17:04:08: Computing Casimir integrand at Xi=1.70153
 
02/04/15::17:04:08: Assembling T1 at Xi=1.701533e+00... 
02/04/15::17:04:08: Assembling BEM matrix block (0,0) 
02/04/15::17:05:30: Assembling T2 at Xi=1.701533e+00... 
02/04/15::17:05:30: Assembling BEM matrix block (1,1) 
02/04/15::17:47:14: LU-factorizing T1 at Xi=1.70153... 
02/04/15::17:47:14: LU-factorizing T2 at Xi=1.70153... 
02/04/15::17:47:49: Applying transform 0.794328... 
02/04/15::17:47:49:  Assembling U(0,1) 
02/04/15::17:47:49: Assembling BEM matrix block (0,1) 
02/04/15::17:52:00:   Computing ZForce... 
02/04/15::17:52:14: Computing Casimir integrand at Xi=1.69809
 
02/04/15::17:52:14: Assembling T1 at Xi=1.698091e+00... 
02/04/15::17:52:15: Assembling BEM matrix block (0,0) 
02/04/15::17:53:36: Assembling T2 at Xi=1.698091e+00... 
02/04/15::17:53:36: Assembling BEM matrix block (1,1) 
02/04/15::18:35:24: LU-factorizing T1 at Xi=1.69809... 
02/04/15::18:35:24: LU-factorizing T2 at Xi=1.69809... 
02/04/15::18:36:00: Applying transform 0.794328... 
02/04/15::18:36:00:  Assembling U(0,1) 
02/04/15::18:36:00: Assembling BEM matrix block (0,1) 
02/04/15::18:40:10:   Computing ZForce... 
02/04/15::18:40:24: Computing Casimir integrand at Xi=1.70842
 
02/04/15::18:40:24: Assembling T1 at Xi=1.708418e+00... 
02/04/15::18:40:24: Assembling BEM matrix block (0,0) 
02/04/15::18:41:47: Assembling T2 at Xi=1.708418e+00... 
02/04/15::18:41:47: Assembling BEM matrix block (1,1) 
02/04/15::19:23:37: LU-factorizing T1 at Xi=1.70842... 
02/04/15::19:23:37: LU-factorizing T2 at Xi=1.70842... 
02/04/15::19:24:12: Applying transform 0.794328... 
02/04/15::19:24:12:  Assembling U(0,1) 
02/04/15::19:24:12: Assembling BEM matrix block (0,1) 
02/04/15::19:28:22:   Computing ZForce... 
02/04/15::19:28:37: Computing Casimir integrand at Xi=1.7153
 
02/04/15::19:28:37: Assembling T1 at Xi=1.715303e+00... 
02/04/15::19:28:37: Assembling BEM matrix block (0,0) 
02/04/15::19:30:00: Assembling T2 at Xi=1.715303e+00... 
02/04/15::19:30:00: Assembling BEM matrix block (1,1) 
02/04/15::20:12:11: LU-factorizing T1 at Xi=1.7153... 
02/04/15::20:12:11: LU-factorizing T2 at Xi=1.7153... 
02/04/15::20:12:46: Applying transform 0.794328... 
02/04/15::20:12:46:  Assembling U(0,1) 
02/04/15::20:12:46: Assembling BEM matrix block (0,1) 
02/04/15::20:16:57:   Computing ZForce... 
02/04/15::20:17:12: Computing Casimir integrand at Xi=1.70498
 
02/04/15::20:17:12: Assembling T1 at Xi=1.704976e+00... 
02/04/15::20:17:12: Assembling BEM matrix block (0,0) 
02/04/15::20:18:34: Assembling T2 at Xi=1.704976e+00... 
02/04/15::20:18:34: Assembling BEM matrix block (1,1) 
02/04/15::21:00:35: LU-factorizing T1 at Xi=1.70498... 
02/04/15::21:00:35: LU-factorizing T2 at Xi=1.70498... 
02/04/15::21:01:11: Applying transform 0.794328... 
02/04/15::21:01:11:  Assembling U(0,1) 
02/04/15::21:01:11: Assembling BEM matrix block (0,1) 
02/04/15::21:05:21:   Computing ZForce... 
02/04/15::21:05:36: Computing Casimir integrand at Xi=1.70325
 
02/04/15::21:05:36: Assembling T1 at Xi=1.703255e+00... 
02/04/15::21:05:36: Assembling BEM matrix block (0,0) 
02/04/15::21:06:58: Assembling T2 at Xi=1.703255e+00... 
02/04/15::21:06:58: Assembling BEM matrix block (1,1) 
02/04/15::21:48:59: LU-factorizing T1 at Xi=1.70325... 
02/04/15::21:48:59: LU-factorizing T2 at Xi=1.70325... 
02/04/15::21:49:35: Applying transform 0.794328... 
02/04/15::21:49:35:  Assembling U(0,1) 
02/04/15::21:49:35: Assembling BEM matrix block (0,1) 
02/04/15::21:53:47:   Computing ZForce... 
02/04/15::21:54:01: Computing Casimir integrand at Xi=1.70842
 
02/04/15::21:54:01: Assembling T1 at Xi=1.708418e+00... 
02/04/15::21:54:02: Assembling BEM matrix block (0,0) 
02/04/15::21:55:24: Assembling T2 at Xi=1.708418e+00... 
02/04/15::21:55:24: Assembling BEM matrix block (1,1) 
02/04/15::22:37:34: LU-factorizing T1 at Xi=1.70842... 
02/04/15::22:37:34: LU-factorizing T2 at Xi=1.70842... 
02/04/15::22:38:09: Applying transform 0.794328... 
02/04/15::22:38:09:  Assembling U(0,1) 
02/04/15::22:38:09: Assembling BEM matrix block (0,1) 
02/04/15::22:42:21:   Computing ZForce... 
02/04/15::22:42:35: Computing Casimir integrand at Xi=1.71186
 
02/04/15::22:42:35: Assembling T1 at Xi=1.711860e+00... 
02/04/15::22:42:35: Assembling BEM matrix block (0,0) 
02/04/15::22:43:58: Assembling T2 at Xi=1.711860e+00... 
02/04/15::22:43:58: Assembling BEM matrix block (1,1) 
02/04/15::23:26:03: LU-factorizing T1 at Xi=1.71186... 
02/04/15::23:26:03: LU-factorizing T2 at Xi=1.71186... 
02/04/15::23:26:39: Applying transform 0.794328... 
02/04/15::23:26:39:  Assembling U(0,1) 
02/04/15::23:26:39: Assembling BEM matrix block (0,1) 
02/04/15::23:30:50:   Computing ZForce... 
02/04/15::23:31:04: Computing Casimir integrand at Xi=1.7067
 
02/04/15::23:31:04: Assembling T1 at Xi=1.706697e+00... 
02/04/15::23:31:05: Assembling BEM matrix block (0,0) 
02/04/15::23:32:27: Assembling T2 at Xi=1.706697e+00... 
02/04/15::23:32:27: Assembling BEM matrix block (1,1) 
02/05/15::00:14:32: LU-factorizing T1 at Xi=1.7067... 
02/05/15::00:14:33: LU-factorizing T2 at Xi=1.7067... 
02/05/15::00:15:08: Applying transform 0.794328... 
02/05/15::00:15:08:  Assembling U(0,1) 
02/05/15::00:15:08: Assembling BEM matrix block (0,1) 
02/05/15::00:19:19:   Computing ZForce... 
02/05/15::00:19:34: Computing Casimir integrand at Xi=1.70584
 
02/05/15::00:19:34: Assembling T1 at Xi=1.705836e+00... 
02/05/15::00:19:34: Assembling BEM matrix block (0,0) 
02/05/15::00:20:57: Assembling T2 at Xi=1.705836e+00... 
02/05/15::00:20:57: Assembling BEM matrix block (1,1) 
02/05/15::01:02:57: LU-factorizing T1 at Xi=1.70584... 
02/05/15::01:02:57: LU-factorizing T2 at Xi=1.70584... 
02/05/15::01:03:33: Applying transform 0.794328... 
02/05/15::01:03:33:  Assembling U(0,1) 
02/05/15::01:03:33: Assembling BEM matrix block (0,1) 
02/05/15::01:07:44:   Computing ZForce... 
02/05/15::01:07:59: Computing Casimir integrand at Xi=1.70541
 
02/05/15::01:07:59: Assembling T1 at Xi=1.705406e+00... 
02/05/15::01:07:59: Assembling BEM matrix block (0,0) 
02/05/15::01:09:21: Assembling T2 at Xi=1.705406e+00... 
02/05/15::01:09:21: Assembling BEM matrix block (1,1) 
02/05/15::01:51:33: LU-factorizing T1 at Xi=1.70541... 
02/05/15::01:51:33: LU-factorizing T2 at Xi=1.70541... 
02/05/15::01:52:10: Applying transform 0.794328... 
02/05/15::01:52:10:  Assembling U(0,1) 
02/05/15::01:52:10: Assembling BEM matrix block (0,1) 
02/05/15::01:56:26:   Computing ZForce... 
02/05/15::01:56:41: Computing Casimir integrand at Xi=1.7067
 
02/05/15::01:56:41: Assembling T1 at Xi=1.706697e+00... 
02/05/15::01:56:41: Assembling BEM matrix block (0,0) 
02/05/15::01:58:05: Assembling T2 at Xi=1.706697e+00... 
02/05/15::01:58:05: Assembling BEM matrix block (1,1) 
02/05/15::02:39:51: LU-factorizing T1 at Xi=1.7067... 
02/05/15::02:39:51: LU-factorizing T2 at Xi=1.7067... 
02/05/15::02:40:27: Applying transform 0.794328... 
02/05/15::02:40:27:  Assembling U(0,1) 
02/05/15::02:40:27: Assembling BEM matrix block (0,1) 
02/05/15::02:44:35:   Computing ZForce... 
02/05/15::02:44:50: Computing Casimir integrand at Xi=1.70756
 
02/05/15::02:44:50: Assembling T1 at Xi=1.707558e+00... 
02/05/15::02:44:50: Assembling BEM matrix block (0,0) 
02/05/15::02:46:11: Assembling T2 at Xi=1.707558e+00... 
02/05/15::02:46:11: Assembling BEM matrix block (1,1) 
02/05/15::03:27:34: LU-factorizing T1 at Xi=1.70756... 
02/05/15::03:27:34: LU-factorizing T2 at Xi=1.70756... 
02/05/15::03:28:10: Applying transform 0.794328... 
02/05/15::03:28:10:  Assembling U(0,1) 
02/05/15::03:28:10: Assembling BEM matrix block (0,1) 
02/05/15::03:32:18:   Computing ZForce... 
02/05/15::03:32:33: Computing Casimir integrand at Xi=1.70627
 
02/05/15::03:32:33: Assembling T1 at Xi=1.706267e+00... 
02/05/15::03:32:33: Assembling BEM matrix block (0,0) 
02/05/15::03:33:54: Assembling T2 at Xi=1.706267e+00... 
02/05/15::03:33:54: Assembling BEM matrix block (1,1) 
