02/03/15::18:30:16: scuff-cas3D running on dole0010 
02/03/15::18:30:16: Setting material properties of exterior region to VACUUM. 
02/03/15::18:30:16: Flipped 514 panel normals to comport with region definitions. 
02/03/15::18:30:16: Computing full zero-temperature Casimir quantities. 
02/03/15::18:30:16: Read 1 geometrical transformations from file Bead_L-3.16228.trans. 
02/03/15::18:30:18: Minimum distance between surface points=3.162280e+00 
02/03/15::18:30:18: Computing Casimir integrand at Xi=0.001
 
02/03/15::18:30:18: Assembling T1 at Xi=1.000000e-03... 
02/03/15::18:30:18: Assembling BEM matrix block (0,0) 
02/03/15::18:30:48: Assembling T2 at Xi=1.000000e-03... 
02/03/15::18:30:49: Assembling BEM matrix block (1,1) 
02/03/15::18:58:11: LU-factorizing T1 at Xi=0.001... 
02/03/15::18:58:11: LU-factorizing T2 at Xi=0.001... 
02/03/15::18:58:50: Applying transform 3.16228... 
02/03/15::18:58:50:  Assembling U(0,1) 
02/03/15::18:58:50: Assembling BEM matrix block (0,1) 
02/03/15::19:02:25:   Computing ZForce... 
02/03/15::19:02:41: Computing Casimir integrand at Xi=0.0286699
 
02/03/15::19:02:41: Assembling T1 at Xi=2.866991e-02... 
02/03/15::19:02:41: Assembling BEM matrix block (0,0) 
02/03/15::19:02:46: Assembling T2 at Xi=2.866991e-02... 
02/03/15::19:02:46: Assembling BEM matrix block (1,1) 
02/03/15::19:27:14: LU-factorizing T1 at Xi=0.0286699... 
02/03/15::19:27:14: LU-factorizing T2 at Xi=0.0286699... 
02/03/15::19:27:52: Applying transform 3.16228... 
02/03/15::19:27:52:  Assembling U(0,1) 
02/03/15::19:27:52: Assembling BEM matrix block (0,1) 
02/03/15::19:31:18:   Computing ZForce... 
02/03/15::19:31:34: Computing Casimir integrand at Xi=0.0563398
 
02/03/15::19:31:34: Assembling T1 at Xi=5.633982e-02... 
02/03/15::19:31:34: Assembling BEM matrix block (0,0) 
02/03/15::19:31:38: Assembling T2 at Xi=5.633982e-02... 
02/03/15::19:31:38: Assembling BEM matrix block (1,1) 
02/03/15::19:56:10: LU-factorizing T1 at Xi=0.0563398... 
02/03/15::19:56:10: LU-factorizing T2 at Xi=0.0563398... 
02/03/15::19:56:49: Applying transform 3.16228... 
02/03/15::19:56:49:  Assembling U(0,1) 
02/03/15::19:56:49: Assembling BEM matrix block (0,1) 
02/03/15::20:00:14:   Computing ZForce... 
02/03/15::20:00:32: Computing Casimir integrand at Xi=0.11168
 
02/03/15::20:00:32: Assembling T1 at Xi=1.116796e-01... 
02/03/15::20:00:32: Assembling BEM matrix block (0,0) 
02/03/15::20:00:37: Assembling T2 at Xi=1.116796e-01... 
02/03/15::20:00:37: Assembling BEM matrix block (1,1) 
02/03/15::20:25:10: LU-factorizing T1 at Xi=0.11168... 
02/03/15::20:25:10: LU-factorizing T2 at Xi=0.11168... 
02/03/15::20:25:49: Applying transform 3.16228... 
02/03/15::20:25:49:  Assembling U(0,1) 
02/03/15::20:25:49: Assembling BEM matrix block (0,1) 
02/03/15::20:29:14:   Computing ZForce... 
02/03/15::20:29:30: Computing Casimir integrand at Xi=0.167019
 
02/03/15::20:29:30: Assembling T1 at Xi=1.670195e-01... 
02/03/15::20:29:30: Assembling BEM matrix block (0,0) 
02/03/15::20:29:35: Assembling T2 at Xi=1.670195e-01... 
02/03/15::20:29:35: Assembling BEM matrix block (1,1) 
02/03/15::20:54:14: LU-factorizing T1 at Xi=0.167019... 
02/03/15::20:54:14: LU-factorizing T2 at Xi=0.167019... 
02/03/15::20:54:53: Applying transform 3.16228... 
02/03/15::20:54:53:  Assembling U(0,1) 
02/03/15::20:54:53: Assembling BEM matrix block (0,1) 
02/03/15::20:58:19:   Computing ZForce... 
02/03/15::20:58:35: Computing Casimir integrand at Xi=0.277699
 
02/03/15::20:58:35: Assembling T1 at Xi=2.776991e-01... 
02/03/15::20:58:35: Assembling BEM matrix block (0,0) 
02/03/15::20:58:41: Assembling T2 at Xi=2.776991e-01... 
02/03/15::20:58:41: Assembling BEM matrix block (1,1) 
02/03/15::21:23:29: LU-factorizing T1 at Xi=0.277699... 
02/03/15::21:23:29: LU-factorizing T2 at Xi=0.277699... 
02/03/15::21:24:08: Applying transform 3.16228... 
02/03/15::21:24:08:  Assembling U(0,1) 
02/03/15::21:24:08: Assembling BEM matrix block (0,1) 
02/03/15::21:27:35:   Computing ZForce... 
02/03/15::21:27:51: Computing Casimir integrand at Xi=0.388379
 
02/03/15::21:27:52: Assembling T1 at Xi=3.883787e-01... 
02/03/15::21:27:53: Assembling BEM matrix block (0,0) 
02/03/15::21:27:58: Assembling T2 at Xi=3.883787e-01... 
02/03/15::21:27:58: Assembling BEM matrix block (1,1) 
02/03/15::21:52:51: LU-factorizing T1 at Xi=0.388379... 
02/03/15::21:52:51: LU-factorizing T2 at Xi=0.388379... 
02/03/15::21:53:30: Applying transform 3.16228... 
02/03/15::21:53:30:  Assembling U(0,1) 
02/03/15::21:53:30: Assembling BEM matrix block (0,1) 
02/03/15::21:56:57:   Computing ZForce... 
02/03/15::21:57:13: Computing Casimir integrand at Xi=0.222359
 
02/03/15::21:57:13: Assembling T1 at Xi=2.223593e-01... 
02/03/15::21:57:13: Assembling BEM matrix block (0,0) 
02/03/15::21:57:18: Assembling T2 at Xi=2.223593e-01... 
02/03/15::21:57:19: Assembling BEM matrix block (1,1) 
02/03/15::22:22:02: LU-factorizing T1 at Xi=0.222359... 
02/03/15::22:22:03: LU-factorizing T2 at Xi=0.222359... 
02/03/15::22:22:42: Applying transform 3.16228... 
02/03/15::22:22:43:  Assembling U(0,1) 
02/03/15::22:22:43: Assembling BEM matrix block (0,1) 
02/03/15::22:26:09:   Computing ZForce... 
02/03/15::22:26:25: Computing Casimir integrand at Xi=0.388379
 
02/03/15::22:26:25: Assembling T1 at Xi=3.883787e-01... 
02/03/15::22:26:25: Assembling BEM matrix block (0,0) 
02/03/15::22:26:30: Assembling T2 at Xi=3.883787e-01... 
02/03/15::22:26:30: Assembling BEM matrix block (1,1) 
02/03/15::22:51:21: LU-factorizing T1 at Xi=0.388379... 
02/03/15::22:51:21: LU-factorizing T2 at Xi=0.388379... 
02/03/15::23:13:18: Applying transform 3.16228... 
02/03/15::23:13:18:  Assembling U(0,1) 
02/03/15::23:13:18: Assembling BEM matrix block (0,1) 
02/03/15::23:16:46:   Computing ZForce... 
02/03/15::23:17:02: Computing Casimir integrand at Xi=0.499058
 
02/03/15::23:17:02: Assembling T1 at Xi=4.990584e-01... 
02/03/15::23:17:02: Assembling BEM matrix block (0,0) 
02/03/15::23:17:08: Assembling T2 at Xi=4.990584e-01... 
02/03/15::23:17:08: Assembling BEM matrix block (1,1) 
02/03/15::23:42:08: LU-factorizing T1 at Xi=0.499058... 
02/03/15::23:42:08: LU-factorizing T2 at Xi=0.499058... 
02/03/15::23:42:48: Applying transform 3.16228... 
02/03/15::23:42:48:  Assembling U(0,1) 
02/03/15::23:42:48: Assembling BEM matrix block (0,1) 
02/03/15::23:46:17:   Computing ZForce... 
02/03/15::23:46:33: Computing Casimir integrand at Xi=0.333039
 
02/03/15::23:46:33: Assembling T1 at Xi=3.330389e-01... 
02/03/15::23:46:33: Assembling BEM matrix block (0,0) 
02/03/15::23:46:39: Assembling T2 at Xi=3.330389e-01... 
02/03/15::23:46:39: Assembling BEM matrix block (1,1) 
02/04/15::00:26:10: LU-factorizing T1 at Xi=0.333039... 
02/04/15::00:26:11: LU-factorizing T2 at Xi=0.333039... 
02/04/15::00:26:51: Applying transform 3.16228... 
02/04/15::00:26:51:  Assembling U(0,1) 
02/04/15::00:26:51: Assembling BEM matrix block (0,1) 
02/04/15::00:30:18:   Computing ZForce... 
02/04/15::00:30:35: Computing Casimir integrand at Xi=0.499058
 
02/04/15::00:30:35: Assembling T1 at Xi=4.990584e-01... 
02/04/15::00:30:35: Assembling BEM matrix block (0,0) 
02/04/15::00:30:41: Assembling T2 at Xi=4.990584e-01... 
02/04/15::00:30:41: Assembling BEM matrix block (1,1) 
02/04/15::00:55:32: LU-factorizing T1 at Xi=0.499058... 
02/04/15::00:55:32: LU-factorizing T2 at Xi=0.499058... 
02/04/15::00:56:11: Applying transform 3.16228... 
02/04/15::00:56:11:  Assembling U(0,1) 
02/04/15::00:56:11: Assembling BEM matrix block (0,1) 
02/04/15::00:59:38:   Computing ZForce... 
02/04/15::00:59:54: Computing Casimir integrand at Xi=0.609738
 
02/04/15::00:59:54: Assembling T1 at Xi=6.097380e-01... 
02/04/15::00:59:54: Assembling BEM matrix block (0,0) 
02/04/15::01:00:00: Assembling T2 at Xi=6.097380e-01... 
02/04/15::01:00:00: Assembling BEM matrix block (1,1) 
02/04/15::01:25:08: LU-factorizing T1 at Xi=0.609738... 
02/04/15::01:25:08: LU-factorizing T2 at Xi=0.609738... 
02/04/15::01:25:47: Applying transform 3.16228... 
02/04/15::01:25:47:  Assembling U(0,1) 
02/04/15::01:25:47: Assembling BEM matrix block (0,1) 
02/04/15::01:29:16:   Computing ZForce... 
02/04/15::01:29:32: Computing Casimir integrand at Xi=0.443719
 
02/04/15::01:29:32: Assembling T1 at Xi=4.437185e-01... 
02/04/15::01:29:33: Assembling BEM matrix block (0,0) 
02/04/15::01:30:01: Assembling T2 at Xi=4.437185e-01... 
02/04/15::01:30:01: Assembling BEM matrix block (1,1) 
02/04/15::01:54:58: LU-factorizing T1 at Xi=0.443719... 
02/04/15::01:54:58: LU-factorizing T2 at Xi=0.443719... 
02/04/15::01:55:37: Applying transform 3.16228... 
02/04/15::01:55:37:  Assembling U(0,1) 
02/04/15::01:55:38: Assembling BEM matrix block (0,1) 
02/04/15::01:59:06:   Computing ZForce... 
02/04/15::01:59:22: Computing Casimir integrand at Xi=0.609738
 
02/04/15::01:59:22: Assembling T1 at Xi=6.097380e-01... 
02/04/15::01:59:23: Assembling BEM matrix block (0,0) 
02/04/15::01:59:29: Assembling T2 at Xi=6.097380e-01... 
02/04/15::01:59:30: Assembling BEM matrix block (1,1) 
02/04/15::02:24:41: LU-factorizing T1 at Xi=0.609738... 
02/04/15::02:24:41: LU-factorizing T2 at Xi=0.609738... 
02/04/15::02:25:20: Applying transform 3.16228... 
02/04/15::02:25:20:  Assembling U(0,1) 
02/04/15::02:25:20: Assembling BEM matrix block (0,1) 
02/04/15::02:28:47:   Computing ZForce... 
02/04/15::02:29:03: Computing Casimir integrand at Xi=0.720418
 
02/04/15::02:29:03: Assembling T1 at Xi=7.204176e-01... 
02/04/15::02:29:03: Assembling BEM matrix block (0,0) 
02/04/15::02:29:09: Assembling T2 at Xi=7.204176e-01... 
02/04/15::02:29:09: Assembling BEM matrix block (1,1) 
02/04/15::02:54:29: LU-factorizing T1 at Xi=0.720418... 
02/04/15::02:54:29: LU-factorizing T2 at Xi=0.720418... 
02/04/15::02:55:08: Applying transform 3.16228... 
02/04/15::02:55:08:  Assembling U(0,1) 
02/04/15::02:55:08: Assembling BEM matrix block (0,1) 
02/04/15::02:58:36:   Computing ZForce... 
02/04/15::02:58:52: Computing Casimir integrand at Xi=0.554398
 
02/04/15::02:58:52: Assembling T1 at Xi=5.543982e-01... 
02/04/15::02:58:52: Assembling BEM matrix block (0,0) 
02/04/15::02:58:58: Assembling T2 at Xi=5.543982e-01... 
02/04/15::02:58:58: Assembling BEM matrix block (1,1) 
02/04/15::03:43:09: LU-factorizing T1 at Xi=0.554398... 
02/04/15::03:43:09: LU-factorizing T2 at Xi=0.554398... 
02/04/15::03:43:47: Applying transform 3.16228... 
02/04/15::03:43:47:  Assembling U(0,1) 
02/04/15::03:43:47: Assembling BEM matrix block (0,1) 
02/04/15::03:47:16:   Computing ZForce... 
02/04/15::03:47:32: Computing Casimir integrand at Xi=0.665078
 
02/04/15::03:47:32: Assembling T1 at Xi=6.650778e-01... 
02/04/15::03:47:32: Assembling BEM matrix block (0,0) 
02/04/15::03:47:39: Assembling T2 at Xi=6.650778e-01... 
02/04/15::03:47:39: Assembling BEM matrix block (1,1) 
02/04/15::04:12:59: LU-factorizing T1 at Xi=0.665078... 
02/04/15::04:12:59: LU-factorizing T2 at Xi=0.665078... 
02/04/15::04:13:38: Applying transform 3.16228... 
02/04/15::04:13:38:  Assembling U(0,1) 
02/04/15::04:13:38: Assembling BEM matrix block (0,1) 
02/04/15::04:17:07:   Computing ZForce... 
02/04/15::04:17:23: Computing Casimir integrand at Xi=0.720418
 
02/04/15::04:17:23: Assembling T1 at Xi=7.204176e-01... 
02/04/15::04:17:23: Assembling BEM matrix block (0,0) 
02/04/15::04:17:29: Assembling T2 at Xi=7.204176e-01... 
02/04/15::04:17:29: Assembling BEM matrix block (1,1) 
02/04/15::04:42:52: LU-factorizing T1 at Xi=0.720418... 
02/04/15::04:42:52: LU-factorizing T2 at Xi=0.720418... 
02/04/15::04:43:32: Applying transform 3.16228... 
02/04/15::04:43:32:  Assembling U(0,1) 
02/04/15::04:43:32: Assembling BEM matrix block (0,1) 
02/04/15::04:47:01:   Computing ZForce... 
02/04/15::04:47:17: Computing Casimir integrand at Xi=0.775757
 
02/04/15::04:47:17: Assembling T1 at Xi=7.757575e-01... 
02/04/15::04:47:17: Assembling BEM matrix block (0,0) 
02/04/15::04:47:23: Assembling T2 at Xi=7.757575e-01... 
02/04/15::04:47:23: Assembling BEM matrix block (1,1) 
02/04/15::05:33:35: LU-factorizing T1 at Xi=0.775757... 
02/04/15::05:33:35: LU-factorizing T2 at Xi=0.775757... 
02/04/15::05:34:14: Applying transform 3.16228... 
02/04/15::05:34:14:  Assembling U(0,1) 
02/04/15::05:34:14: Assembling BEM matrix block (0,1) 
02/04/15::05:37:42:   Computing ZForce... 
02/04/15::05:37:58: Computing Casimir integrand at Xi=0.831097
 
02/04/15::05:37:58: Assembling T1 at Xi=8.310973e-01... 
02/04/15::05:37:58: Assembling BEM matrix block (0,0) 
02/04/15::05:38:04: Assembling T2 at Xi=8.310973e-01... 
02/04/15::05:38:04: Assembling BEM matrix block (1,1) 
02/04/15::06:03:29: LU-factorizing T1 at Xi=0.831097... 
02/04/15::06:03:30: LU-factorizing T2 at Xi=0.831097... 
02/04/15::06:04:09: Applying transform 3.16228... 
02/04/15::06:04:09:  Assembling U(0,1) 
02/04/15::06:04:09: Assembling BEM matrix block (0,1) 
02/04/15::06:07:39:   Computing ZForce... 
02/04/15::06:07:55: Computing Casimir integrand at Xi=0.886437
 
02/04/15::06:07:55: Assembling T1 at Xi=8.864371e-01... 
02/04/15::06:07:55: Assembling BEM matrix block (0,0) 
02/04/15::06:08:01: Assembling T2 at Xi=8.864371e-01... 
02/04/15::06:08:01: Assembling BEM matrix block (1,1) 
02/04/15::07:01:56: LU-factorizing T1 at Xi=0.886437... 
02/04/15::07:01:56: LU-factorizing T2 at Xi=0.886437... 
02/04/15::07:02:54: Applying transform 3.16228... 
02/04/15::07:02:54:  Assembling U(0,1) 
02/04/15::07:02:54: Assembling BEM matrix block (0,1) 
02/04/15::07:06:26:   Computing ZForce... 
02/04/15::07:06:43: Computing Casimir integrand at Xi=0.941777
 
02/04/15::07:06:43: Assembling T1 at Xi=9.417769e-01... 
02/04/15::07:06:43: Assembling BEM matrix block (0,0) 
02/04/15::07:06:50: Assembling T2 at Xi=9.417769e-01... 
02/04/15::07:06:50: Assembling BEM matrix block (1,1) 
02/04/15::07:50:04: LU-factorizing T1 at Xi=0.941777... 
02/04/15::07:50:04: LU-factorizing T2 at Xi=0.941777... 
02/04/15::07:50:45: Applying transform 3.16228... 
02/04/15::07:50:45:  Assembling U(0,1) 
02/04/15::07:50:45: Assembling BEM matrix block (0,1) 
02/04/15::07:54:11:   Computing ZForce... 
02/04/15::07:54:28: Computing Casimir integrand at Xi=0.997117
 
02/04/15::07:54:28: Assembling T1 at Xi=9.971167e-01... 
02/04/15::07:54:28: Assembling BEM matrix block (0,0) 
02/04/15::07:54:34: Assembling T2 at Xi=9.971167e-01... 
02/04/15::07:54:34: Assembling BEM matrix block (1,1) 
02/04/15::08:38:04: LU-factorizing T1 at Xi=0.997117... 
02/04/15::08:38:04: LU-factorizing T2 at Xi=0.997117... 
02/04/15::08:38:43: Applying transform 3.16228... 
02/04/15::08:38:43:  Assembling U(0,1) 
02/04/15::08:38:43: Assembling BEM matrix block (0,1) 
02/04/15::08:42:10:   Computing ZForce... 
02/04/15::08:42:26: Computing Casimir integrand at Xi=1.05246
 
02/04/15::08:42:26: Assembling T1 at Xi=1.052457e+00... 
02/04/15::08:42:26: Assembling BEM matrix block (0,0) 
02/04/15::08:42:34: Assembling T2 at Xi=1.052457e+00... 
02/04/15::08:42:34: Assembling BEM matrix block (1,1) 
02/04/15::09:26:09: LU-factorizing T1 at Xi=1.05246... 
02/04/15::09:26:09: LU-factorizing T2 at Xi=1.05246... 
02/04/15::09:26:49: Applying transform 3.16228... 
02/04/15::09:26:49:  Assembling U(0,1) 
02/04/15::09:26:49: Assembling BEM matrix block (0,1) 
02/04/15::09:30:16:   Computing ZForce... 
02/04/15::09:30:32: Computing Casimir integrand at Xi=1.1078
 
02/04/15::09:30:32: Assembling T1 at Xi=1.107796e+00... 
02/04/15::09:30:32: Assembling BEM matrix block (0,0) 
02/04/15::09:30:42: Assembling T2 at Xi=1.107796e+00... 
02/04/15::09:30:42: Assembling BEM matrix block (1,1) 
02/04/15::10:14:16: LU-factorizing T1 at Xi=1.1078... 
02/04/15::10:14:16: LU-factorizing T2 at Xi=1.1078... 
02/04/15::10:14:56: Applying transform 3.16228... 
02/04/15::10:14:56:  Assembling U(0,1) 
02/04/15::10:14:56: Assembling BEM matrix block (0,1) 
02/04/15::10:18:22:   Computing ZForce... 
02/04/15::10:18:38: Computing Casimir integrand at Xi=1.16314
 
02/04/15::10:18:38: Assembling T1 at Xi=1.163136e+00... 
02/04/15::10:18:38: Assembling BEM matrix block (0,0) 
02/04/15::10:18:53: Assembling T2 at Xi=1.163136e+00... 
02/04/15::10:18:53: Assembling BEM matrix block (1,1) 
02/04/15::12:06:39: LU-factorizing T1 at Xi=1.16314... 
02/04/15::12:06:39: LU-factorizing T2 at Xi=1.16314... 
02/04/15::12:07:17: Applying transform 3.16228... 
02/04/15::12:07:17:  Assembling U(0,1) 
02/04/15::12:07:17: Assembling BEM matrix block (0,1) 
02/04/15::12:20:23:   Computing ZForce... 
02/04/15::12:20:40: Computing Casimir integrand at Xi=1.21848
 
02/04/15::12:20:40: Assembling T1 at Xi=1.218476e+00... 
02/04/15::12:20:40: Assembling BEM matrix block (0,0) 
02/04/15::12:21:02: Assembling T2 at Xi=1.218476e+00... 
02/04/15::12:21:02: Assembling BEM matrix block (1,1) 
02/04/15::13:38:12: LU-factorizing T1 at Xi=1.21848... 
02/04/15::13:38:12: LU-factorizing T2 at Xi=1.21848... 
02/04/15::13:38:50: Applying transform 3.16228... 
02/04/15::13:38:50:  Assembling U(0,1) 
02/04/15::13:38:50: Assembling BEM matrix block (0,1) 
02/04/15::13:42:17:   Computing ZForce... 
02/04/15::13:42:33: Computing Casimir integrand at Xi=1.27382
 
02/04/15::13:42:33: Assembling T1 at Xi=1.273816e+00... 
02/04/15::13:42:33: Assembling BEM matrix block (0,0) 
02/04/15::13:43:04: Assembling T2 at Xi=1.273816e+00... 
02/04/15::13:43:04: Assembling BEM matrix block (1,1) 
02/04/15::14:26:36: LU-factorizing T1 at Xi=1.27382... 
02/04/15::14:26:36: LU-factorizing T2 at Xi=1.27382... 
02/04/15::14:27:16: Applying transform 3.16228... 
02/04/15::14:27:16:  Assembling U(0,1) 
02/04/15::14:27:16: Assembling BEM matrix block (0,1) 
02/04/15::14:31:20:   Computing ZForce... 
02/04/15::14:31:36: Computing Casimir integrand at Xi=1.32916
 
02/04/15::14:31:36: Assembling T1 at Xi=1.329156e+00... 
02/04/15::14:31:36: Assembling BEM matrix block (0,0) 
02/04/15::14:32:14: Assembling T2 at Xi=1.329156e+00... 
02/04/15::14:32:14: Assembling BEM matrix block (1,1) 
02/04/15::15:29:29: LU-factorizing T1 at Xi=1.32916... 
02/04/15::15:29:29: LU-factorizing T2 at Xi=1.32916... 
02/04/15::15:30:08: Applying transform 3.16228... 
02/04/15::15:30:09:  Assembling U(0,1) 
02/04/15::15:30:09: Assembling BEM matrix block (0,1) 
02/04/15::15:33:34:   Computing ZForce... 
02/04/15::15:33:50: Computing Casimir integrand at Xi=1.3845
 
02/04/15::15:33:50: Assembling T1 at Xi=1.384495e+00... 
02/04/15::15:33:50: Assembling BEM matrix block (0,0) 
02/04/15::15:34:38: Assembling T2 at Xi=1.384495e+00... 
02/04/15::15:34:38: Assembling BEM matrix block (1,1) 
02/04/15::16:22:18: LU-factorizing T1 at Xi=1.3845... 
02/04/15::16:22:18: LU-factorizing T2 at Xi=1.3845... 
02/04/15::16:22:59: Applying transform 3.16228... 
02/04/15::16:23:00:  Assembling U(0,1) 
02/04/15::16:23:00: Assembling BEM matrix block (0,1) 
02/04/15::16:28:20:   Computing ZForce... 
02/04/15::16:28:36: Computing Casimir integrand at Xi=1.49518
 
02/04/15::16:28:39: Assembling T1 at Xi=1.495175e+00... 
02/04/15::16:28:40: Assembling BEM matrix block (0,0) 
02/04/15::16:29:46: Assembling T2 at Xi=1.495175e+00... 
02/04/15::16:29:46: Assembling BEM matrix block (1,1) 
02/04/15::17:14:02: LU-factorizing T1 at Xi=1.49518... 
02/04/15::17:14:03: LU-factorizing T2 at Xi=1.49518... 
02/04/15::17:14:43: Applying transform 3.16228... 
02/04/15::17:14:43:  Assembling U(0,1) 
02/04/15::17:14:43: Assembling BEM matrix block (0,1) 
02/04/15::17:18:10:   Computing ZForce... 
02/04/15::17:18:26: Computing Casimir integrand at Xi=1.60585
 
02/04/15::17:18:26: Assembling T1 at Xi=1.605855e+00... 
02/04/15::17:18:26: Assembling BEM matrix block (0,0) 
02/04/15::17:19:45: Assembling T2 at Xi=1.605855e+00... 
02/04/15::17:19:45: Assembling BEM matrix block (1,1) 
02/04/15::18:09:22: LU-factorizing T1 at Xi=1.60585... 
02/04/15::18:09:22: LU-factorizing T2 at Xi=1.60585... 
02/04/15::18:10:03: Applying transform 3.16228... 
02/04/15::18:10:03:  Assembling U(0,1) 
02/04/15::18:10:03: Assembling BEM matrix block (0,1) 
02/04/15::18:13:29:   Computing ZForce... 
