02/05/15::00:30:51: scuff-cas3D running on kiso0062 
02/05/15::00:30:51: Setting material properties of exterior region to VACUUM. 
02/05/15::00:30:51: Flipped 500 panel normals to comport with region definitions. 
02/05/15::00:30:51: Computing full Matsubara-summed Casimir quantities at T=3.000000e+02 Kelvin. 
02/05/15::00:30:51: Read 1 geometrical transformations from file BeadPEC_300K_L-7.94328.trans. 
02/05/15::00:30:51: Beginning Matsubara sum at T=300 kelvin... 
02/05/15::00:30:51: Computing Casimir integrand at Xi=0.001
 
02/05/15::00:30:51: Assembling T1 at Xi=1.000000e-03... 
02/05/15::00:30:51: Assembling BEM matrix block (0,0) 
02/05/15::00:31:14: Assembling T2 at Xi=1.000000e-03... 
02/05/15::00:31:14: Assembling BEM matrix block (1,1) 
02/05/15::00:34:56: LU-factorizing T1 at Xi=0.001... 
02/05/15::00:34:56: LU-factorizing T2 at Xi=0.001... 
02/05/15::00:35:01: Applying transform 7.94328... 
02/05/15::00:35:01:  Assembling U(0,1) 
02/05/15::00:35:01: Assembling BEM matrix block (0,1) 
02/05/15::00:35:46:   Computing ZForce... 
02/05/15::00:35:48: Computing Casimir integrand at Xi=0.823279
 
02/05/15::00:35:48: Assembling T1 at Xi=8.232789e-01... 
02/05/15::00:35:48: Assembling BEM matrix block (0,0) 
02/05/15::00:35:50: Assembling T2 at Xi=8.232789e-01... 
02/05/15::00:35:50: Assembling BEM matrix block (1,1) 
02/05/15::00:37:56: LU-factorizing T1 at Xi=0.823279... 
02/05/15::00:37:56: LU-factorizing T2 at Xi=0.823279... 
02/05/15::00:38:01: Applying transform 7.94328... 
02/05/15::00:38:01:  Assembling U(0,1) 
02/05/15::00:38:01: Assembling BEM matrix block (0,1) 
02/05/15::00:38:45:   Computing ZForce... 
02/05/15::00:38:47: Computing Casimir integrand at Xi=1.64656
 
02/05/15::00:38:47: Assembling T1 at Xi=1.646558e+00... 
02/05/15::00:38:47: Assembling BEM matrix block (0,0) 
02/05/15::00:38:49: Assembling T2 at Xi=1.646558e+00... 
02/05/15::00:38:49: Assembling BEM matrix block (1,1) 
02/05/15::00:55:14: LU-factorizing T1 at Xi=1.64656... 
02/05/15::00:55:14: LU-factorizing T2 at Xi=1.64656... 
02/05/15::00:55:19: Applying transform 7.94328... 
02/05/15::00:55:19:  Assembling U(0,1) 
02/05/15::00:55:19: Assembling BEM matrix block (0,1) 
02/05/15::00:56:02:   Computing ZForce... 
02/05/15::00:56:04: Computing Casimir integrand at Xi=2.46984
 
02/05/15::00:56:04: Assembling T1 at Xi=2.469837e+00... 
02/05/15::00:56:04: Assembling BEM matrix block (0,0) 
02/05/15::00:56:07: Assembling T2 at Xi=2.469837e+00... 
02/05/15::00:56:07: Assembling BEM matrix block (1,1) 
02/05/15::01:12:47: LU-factorizing T1 at Xi=2.46984... 
02/05/15::01:12:47: LU-factorizing T2 at Xi=2.46984... 
02/05/15::01:12:52: Applying transform 7.94328... 
02/05/15::01:12:52:  Assembling U(0,1) 
02/05/15::01:12:52: Assembling BEM matrix block (0,1) 
02/05/15::01:13:35:   Computing ZForce... 
02/05/15::01:13:37: Matsubara sum converged after summing n=3 frequency points. 
