02/04/15::13:34:46: scuff-cas3D running on bullet0268 
02/04/15::13:34:46: Setting material properties of exterior region to VACUUM. 
02/04/15::13:34:46: Flipped 514 panel normals to comport with region definitions. 
02/04/15::13:34:46: Computing full zero-temperature Casimir quantities. 
02/04/15::13:34:46: Read 1 geometrical transformations from file BeadPEC_L-0.501187.trans. 
02/04/15::13:34:46: Minimum distance between surface points=5.011870e-01 
02/04/15::13:34:46: Computing Casimir integrand at Xi=0.001
 
02/04/15::13:34:46: Assembling T1 at Xi=1.000000e-03... 
02/04/15::13:34:46: Assembling BEM matrix block (0,0) 
02/04/15::13:35:19: Assembling T2 at Xi=1.000000e-03... 
02/04/15::13:35:19: Assembling BEM matrix block (1,1) 
02/04/15::13:40:48: LU-factorizing T1 at Xi=0.001... 
02/04/15::13:40:48: LU-factorizing T2 at Xi=0.001... 
02/04/15::13:40:54: Applying transform 0.501187... 
02/04/15::13:40:54:  Assembling U(0,1) 
02/04/15::13:40:54: Assembling BEM matrix block (0,1) 
02/04/15::13:45:45:   Computing ZForce... 
02/04/15::13:45:48: Computing Casimir integrand at Xi=0.175586
 
02/04/15::13:45:48: Assembling T1 at Xi=1.755855e-01... 
02/04/15::13:45:48: Assembling BEM matrix block (0,0) 
02/04/15::13:45:51: Assembling T2 at Xi=1.755855e-01... 
02/04/15::13:45:51: Assembling BEM matrix block (1,1) 
02/04/15::13:48:31: LU-factorizing T1 at Xi=0.175586... 
02/04/15::13:48:31: LU-factorizing T2 at Xi=0.175586... 
02/04/15::13:48:37: Applying transform 0.501187... 
02/04/15::13:48:37:  Assembling U(0,1) 
02/04/15::13:48:37: Assembling BEM matrix block (0,1) 
02/04/15::13:53:07:   Computing ZForce... 
02/04/15::13:53:10: Computing Casimir integrand at Xi=0.350171
 
02/04/15::13:53:10: Assembling T1 at Xi=3.501711e-01... 
02/04/15::13:53:10: Assembling BEM matrix block (0,0) 
02/04/15::13:53:13: Assembling T2 at Xi=3.501711e-01... 
02/04/15::13:53:13: Assembling BEM matrix block (1,1) 
02/04/15::13:56:03: LU-factorizing T1 at Xi=0.350171... 
02/04/15::13:56:03: LU-factorizing T2 at Xi=0.350171... 
02/04/15::13:56:09: Applying transform 0.501187... 
02/04/15::13:56:09:  Assembling U(0,1) 
02/04/15::13:56:09: Assembling BEM matrix block (0,1) 
02/04/15::14:00:41:   Computing ZForce... 
02/04/15::14:00:44: Computing Casimir integrand at Xi=0.699342
 
02/04/15::14:00:44: Assembling T1 at Xi=6.993421e-01... 
02/04/15::14:00:44: Assembling BEM matrix block (0,0) 
02/04/15::14:00:47: Assembling T2 at Xi=6.993421e-01... 
02/04/15::14:00:47: Assembling BEM matrix block (1,1) 
02/04/15::14:03:56: LU-factorizing T1 at Xi=0.699342... 
02/04/15::14:03:56: LU-factorizing T2 at Xi=0.699342... 
02/04/15::14:04:02: Applying transform 0.501187... 
02/04/15::14:04:02:  Assembling U(0,1) 
02/04/15::14:04:02: Assembling BEM matrix block (0,1) 
02/04/15::14:08:37:   Computing ZForce... 
02/04/15::14:08:39: Computing Casimir integrand at Xi=1.04851
 
02/04/15::14:08:39: Assembling T1 at Xi=1.048513e+00... 
02/04/15::14:08:39: Assembling BEM matrix block (0,0) 
02/04/15::14:08:43: Assembling T2 at Xi=1.048513e+00... 
02/04/15::14:08:43: Assembling BEM matrix block (1,1) 
02/04/15::14:32:21: LU-factorizing T1 at Xi=1.04851... 
02/04/15::14:32:21: LU-factorizing T2 at Xi=1.04851... 
02/04/15::14:32:27: Applying transform 0.501187... 
02/04/15::14:32:27:  Assembling U(0,1) 
02/04/15::14:32:27: Assembling BEM matrix block (0,1) 
02/04/15::14:36:56:   Computing ZForce... 
02/04/15::14:36:58: Computing Casimir integrand at Xi=1.39768
 
02/04/15::14:36:58: Assembling T1 at Xi=1.397684e+00... 
02/04/15::14:36:58: Assembling BEM matrix block (0,0) 
02/04/15::14:37:02: Assembling T2 at Xi=1.397684e+00... 
02/04/15::14:37:02: Assembling BEM matrix block (1,1) 
02/04/15::15:00:48: LU-factorizing T1 at Xi=1.39768... 
02/04/15::15:00:48: LU-factorizing T2 at Xi=1.39768... 
02/04/15::15:00:54: Applying transform 0.501187... 
02/04/15::15:00:54:  Assembling U(0,1) 
02/04/15::15:00:54: Assembling BEM matrix block (0,1) 
02/04/15::15:05:23:   Computing ZForce... 
02/04/15::15:05:25: Computing Casimir integrand at Xi=1.74686
 
02/04/15::15:05:25: Assembling T1 at Xi=1.746855e+00... 
02/04/15::15:05:25: Assembling BEM matrix block (0,0) 
02/04/15::15:05:29: Assembling T2 at Xi=1.746855e+00... 
02/04/15::15:05:29: Assembling BEM matrix block (1,1) 
02/04/15::15:30:45: LU-factorizing T1 at Xi=1.74686... 
02/04/15::15:30:45: LU-factorizing T2 at Xi=1.74686... 
02/04/15::15:30:51: Applying transform 0.501187... 
02/04/15::15:30:51:  Assembling U(0,1) 
02/04/15::15:30:51: Assembling BEM matrix block (0,1) 
02/04/15::15:35:17:   Computing ZForce... 
02/04/15::15:35:20: Computing Casimir integrand at Xi=2.09603
 
02/04/15::15:35:20: Assembling T1 at Xi=2.096026e+00... 
02/04/15::15:35:20: Assembling BEM matrix block (0,0) 
02/04/15::15:35:24: Assembling T2 at Xi=2.096026e+00... 
02/04/15::15:35:24: Assembling BEM matrix block (1,1) 
02/04/15::16:00:57: LU-factorizing T1 at Xi=2.09603... 
02/04/15::16:00:57: LU-factorizing T2 at Xi=2.09603... 
02/04/15::16:01:03: Applying transform 0.501187... 
02/04/15::16:01:03:  Assembling U(0,1) 
02/04/15::16:01:03: Assembling BEM matrix block (0,1) 
02/04/15::16:05:28:   Computing ZForce... 
02/04/15::16:05:31: Computing Casimir integrand at Xi=2.4452
 
02/04/15::16:05:31: Assembling T1 at Xi=2.445197e+00... 
02/04/15::16:05:31: Assembling BEM matrix block (0,0) 
02/04/15::16:05:35: Assembling T2 at Xi=2.445197e+00... 
02/04/15::16:05:35: Assembling BEM matrix block (1,1) 
02/04/15::16:31:10: LU-factorizing T1 at Xi=2.4452... 
02/04/15::16:31:10: LU-factorizing T2 at Xi=2.4452... 
02/04/15::16:31:16: Applying transform 0.501187... 
02/04/15::16:31:16:  Assembling U(0,1) 
02/04/15::16:31:16: Assembling BEM matrix block (0,1) 
02/04/15::16:35:41:   Computing ZForce... 
02/04/15::16:35:43: Computing Casimir integrand at Xi=2.79437
 
02/04/15::16:35:43: Assembling T1 at Xi=2.794369e+00... 
02/04/15::16:35:43: Assembling BEM matrix block (0,0) 
02/04/15::16:35:48: Assembling T2 at Xi=2.794369e+00... 
02/04/15::16:35:48: Assembling BEM matrix block (1,1) 
02/04/15::17:01:21: LU-factorizing T1 at Xi=2.79437... 
02/04/15::17:01:21: LU-factorizing T2 at Xi=2.79437... 
02/04/15::17:01:27: Applying transform 0.501187... 
02/04/15::17:01:27:  Assembling U(0,1) 
02/04/15::17:01:27: Assembling BEM matrix block (0,1) 
02/04/15::17:05:52:   Computing ZForce... 
02/04/15::17:05:55: Computing Casimir integrand at Xi=3.14354
 
02/04/15::17:05:55: Assembling T1 at Xi=3.143540e+00... 
02/04/15::17:05:55: Assembling BEM matrix block (0,0) 
02/04/15::17:06:00: Assembling T2 at Xi=3.143540e+00... 
02/04/15::17:06:00: Assembling BEM matrix block (1,1) 
02/04/15::17:31:34: LU-factorizing T1 at Xi=3.14354... 
02/04/15::17:31:34: LU-factorizing T2 at Xi=3.14354... 
02/04/15::17:31:40: Applying transform 0.501187... 
02/04/15::17:31:40:  Assembling U(0,1) 
02/04/15::17:31:40: Assembling BEM matrix block (0,1) 
02/04/15::17:36:04:   Computing ZForce... 
02/04/15::17:36:07: Computing Casimir integrand at Xi=3.49271
 
02/04/15::17:36:07: Assembling T1 at Xi=3.492711e+00... 
02/04/15::17:36:07: Assembling BEM matrix block (0,0) 
02/04/15::17:36:12: Assembling T2 at Xi=3.492711e+00... 
02/04/15::17:36:12: Assembling BEM matrix block (1,1) 
02/04/15::18:01:41: LU-factorizing T1 at Xi=3.49271... 
02/04/15::18:01:41: LU-factorizing T2 at Xi=3.49271... 
02/04/15::18:01:47: Applying transform 0.501187... 
02/04/15::18:01:47:  Assembling U(0,1) 
02/04/15::18:01:47: Assembling BEM matrix block (0,1) 
02/04/15::18:06:11:   Computing ZForce... 
02/04/15::18:06:13: Computing Casimir integrand at Xi=3.84188
 
02/04/15::18:06:13: Assembling T1 at Xi=3.841882e+00... 
02/04/15::18:06:13: Assembling BEM matrix block (0,0) 
02/04/15::18:06:22: Assembling T2 at Xi=3.841882e+00... 
02/04/15::18:06:22: Assembling BEM matrix block (1,1) 
02/04/15::18:31:52: LU-factorizing T1 at Xi=3.84188... 
02/04/15::18:31:52: LU-factorizing T2 at Xi=3.84188... 
02/04/15::18:31:58: Applying transform 0.501187... 
02/04/15::18:31:58:  Assembling U(0,1) 
02/04/15::18:31:58: Assembling BEM matrix block (0,1) 
02/04/15::18:36:22:   Computing ZForce... 
02/04/15::18:36:24: Computing Casimir integrand at Xi=4.19105
 
02/04/15::18:36:24: Assembling T1 at Xi=4.191053e+00... 
02/04/15::18:36:24: Assembling BEM matrix block (0,0) 
02/04/15::18:36:46: Assembling T2 at Xi=4.191053e+00... 
02/04/15::18:36:46: Assembling BEM matrix block (1,1) 
02/04/15::19:02:15: LU-factorizing T1 at Xi=4.19105... 
02/04/15::19:02:15: LU-factorizing T2 at Xi=4.19105... 
02/04/15::19:02:21: Applying transform 0.501187... 
02/04/15::19:02:21:  Assembling U(0,1) 
02/04/15::19:02:21: Assembling BEM matrix block (0,1) 
02/04/15::19:06:45:   Computing ZForce... 
02/04/15::19:06:48: Computing Casimir integrand at Xi=4.54022
 
02/04/15::19:06:48: Assembling T1 at Xi=4.540224e+00... 
02/04/15::19:06:48: Assembling BEM matrix block (0,0) 
02/04/15::19:07:24: Assembling T2 at Xi=4.540224e+00... 
02/04/15::19:07:24: Assembling BEM matrix block (1,1) 
02/04/15::19:32:54: LU-factorizing T1 at Xi=4.54022... 
02/04/15::19:32:54: LU-factorizing T2 at Xi=4.54022... 
02/04/15::19:33:00: Applying transform 0.501187... 
02/04/15::19:33:00:  Assembling U(0,1) 
02/04/15::19:33:00: Assembling BEM matrix block (0,1) 
02/04/15::19:37:24:   Computing ZForce... 
02/04/15::19:37:26: Computing Casimir integrand at Xi=4.88939
 
02/04/15::19:37:26: Assembling T1 at Xi=4.889395e+00... 
02/04/15::19:37:26: Assembling BEM matrix block (0,0) 
02/04/15::19:38:23: Assembling T2 at Xi=4.889395e+00... 
02/04/15::19:38:23: Assembling BEM matrix block (1,1) 
02/04/15::20:03:52: LU-factorizing T1 at Xi=4.88939... 
02/04/15::20:03:52: LU-factorizing T2 at Xi=4.88939... 
02/04/15::20:03:58: Applying transform 0.501187... 
02/04/15::20:03:58:  Assembling U(0,1) 
02/04/15::20:03:58: Assembling BEM matrix block (0,1) 
02/04/15::20:08:23:   Computing ZForce... 
02/04/15::20:08:25: Computing Casimir integrand at Xi=5.23857
 
02/04/15::20:08:25: Assembling T1 at Xi=5.238566e+00... 
02/04/15::20:08:25: Assembling BEM matrix block (0,0) 
02/04/15::20:09:40: Assembling T2 at Xi=5.238566e+00... 
02/04/15::20:09:40: Assembling BEM matrix block (1,1) 
02/04/15::20:35:10: LU-factorizing T1 at Xi=5.23857... 
02/04/15::20:35:10: LU-factorizing T2 at Xi=5.23857... 
02/04/15::20:35:16: Applying transform 0.501187... 
02/04/15::20:35:16:  Assembling U(0,1) 
02/04/15::20:35:16: Assembling BEM matrix block (0,1) 
02/04/15::20:39:40:   Computing ZForce... 
02/04/15::20:39:42: Computing Casimir integrand at Xi=5.58774
 
02/04/15::20:39:42: Assembling T1 at Xi=5.587737e+00... 
02/04/15::20:39:42: Assembling BEM matrix block (0,0) 
02/04/15::20:41:10: Assembling T2 at Xi=5.587737e+00... 
02/04/15::20:41:10: Assembling BEM matrix block (1,1) 
02/04/15::21:06:39: LU-factorizing T1 at Xi=5.58774... 
02/04/15::21:06:39: LU-factorizing T2 at Xi=5.58774... 
02/04/15::21:06:45: Applying transform 0.501187... 
02/04/15::21:06:45:  Assembling U(0,1) 
02/04/15::21:06:45: Assembling BEM matrix block (0,1) 
02/04/15::21:11:11:   Computing ZForce... 
02/04/15::21:11:13: Computing Casimir integrand at Xi=5.93691
 
02/04/15::21:11:13: Assembling T1 at Xi=5.936908e+00... 
02/04/15::21:11:13: Assembling BEM matrix block (0,0) 
02/04/15::21:12:50: Assembling T2 at Xi=5.936908e+00... 
02/04/15::21:12:50: Assembling BEM matrix block (1,1) 
02/04/15::21:37:12: LU-factorizing T1 at Xi=5.93691... 
02/04/15::21:37:12: LU-factorizing T2 at Xi=5.93691... 
02/04/15::21:37:18: Applying transform 0.501187... 
02/04/15::21:37:18:  Assembling U(0,1) 
02/04/15::21:37:18: Assembling BEM matrix block (0,1) 
02/04/15::21:41:44:   Computing ZForce... 
02/04/15::21:41:47: Computing Casimir integrand at Xi=6.28608
 
02/04/15::21:41:47: Assembling T1 at Xi=6.286079e+00... 
02/04/15::21:41:47: Assembling BEM matrix block (0,0) 
02/04/15::21:43:26: Assembling T2 at Xi=6.286079e+00... 
02/04/15::21:43:26: Assembling BEM matrix block (1,1) 
02/04/15::22:07:47: LU-factorizing T1 at Xi=6.28608... 
02/04/15::22:07:47: LU-factorizing T2 at Xi=6.28608... 
02/04/15::22:07:53: Applying transform 0.501187... 
02/04/15::22:07:53:  Assembling U(0,1) 
02/04/15::22:07:53: Assembling BEM matrix block (0,1) 
02/04/15::22:12:17:   Computing ZForce... 
02/04/15::22:12:20: Computing Casimir integrand at Xi=6.63525
 
02/04/15::22:12:20: Assembling T1 at Xi=6.635250e+00... 
02/04/15::22:12:20: Assembling BEM matrix block (0,0) 
02/04/15::22:14:00: Assembling T2 at Xi=6.635250e+00... 
02/04/15::22:14:00: Assembling BEM matrix block (1,1) 
02/04/15::22:38:20: LU-factorizing T1 at Xi=6.63525... 
02/04/15::22:38:20: LU-factorizing T2 at Xi=6.63525... 
02/04/15::22:38:26: Applying transform 0.501187... 
02/04/15::22:38:26:  Assembling U(0,1) 
02/04/15::22:38:26: Assembling BEM matrix block (0,1) 
02/04/15::22:42:51:   Computing ZForce... 
02/04/15::22:42:53: Computing Casimir integrand at Xi=6.98442
 
02/04/15::22:42:53: Assembling T1 at Xi=6.984421e+00... 
02/04/15::22:42:53: Assembling BEM matrix block (0,0) 
02/04/15::22:44:34: Assembling T2 at Xi=6.984421e+00... 
02/04/15::22:44:34: Assembling BEM matrix block (1,1) 
02/04/15::23:09:03: LU-factorizing T1 at Xi=6.98442... 
02/04/15::23:09:03: LU-factorizing T2 at Xi=6.98442... 
02/04/15::23:09:09: Applying transform 0.501187... 
02/04/15::23:09:09:  Assembling U(0,1) 
02/04/15::23:09:09: Assembling BEM matrix block (0,1) 
02/04/15::23:13:35:   Computing ZForce... 
02/04/15::23:13:37: Computing Casimir integrand at Xi=7.33359
 
02/04/15::23:13:37: Assembling T1 at Xi=7.333592e+00... 
02/04/15::23:13:37: Assembling BEM matrix block (0,0) 
02/04/15::23:15:18: Assembling T2 at Xi=7.333592e+00... 
02/04/15::23:15:18: Assembling BEM matrix block (1,1) 
02/04/15::23:39:50: LU-factorizing T1 at Xi=7.33359... 
02/04/15::23:39:50: LU-factorizing T2 at Xi=7.33359... 
02/04/15::23:39:56: Applying transform 0.501187... 
02/04/15::23:39:56:  Assembling U(0,1) 
02/04/15::23:39:56: Assembling BEM matrix block (0,1) 
02/04/15::23:44:22:   Computing ZForce... 
02/04/15::23:44:25: Computing Casimir integrand at Xi=7.68276
 
02/04/15::23:44:25: Assembling T1 at Xi=7.682763e+00... 
02/04/15::23:44:25: Assembling BEM matrix block (0,0) 
02/04/15::23:46:06: Assembling T2 at Xi=7.682763e+00... 
02/04/15::23:46:06: Assembling BEM matrix block (1,1) 
02/05/15::00:10:40: LU-factorizing T1 at Xi=7.68276... 
02/05/15::00:10:40: LU-factorizing T2 at Xi=7.68276... 
02/05/15::00:10:47: Applying transform 0.501187... 
02/05/15::00:10:47:  Assembling U(0,1) 
02/05/15::00:10:47: Assembling BEM matrix block (0,1) 
02/05/15::00:15:13:   Computing ZForce... 
02/05/15::00:15:15: Computing Casimir integrand at Xi=8.03193
 
02/05/15::00:15:15: Assembling T1 at Xi=8.031935e+00... 
02/05/15::00:15:15: Assembling BEM matrix block (0,0) 
02/05/15::00:16:57: Assembling T2 at Xi=8.031935e+00... 
02/05/15::00:16:57: Assembling BEM matrix block (1,1) 
02/05/15::00:41:32: LU-factorizing T1 at Xi=8.03193... 
02/05/15::00:41:32: LU-factorizing T2 at Xi=8.03193... 
02/05/15::00:41:39: Applying transform 0.501187... 
02/05/15::00:41:39:  Assembling U(0,1) 
02/05/15::00:41:39: Assembling BEM matrix block (0,1) 
02/05/15::00:46:05:   Computing ZForce... 
