02/05/15::00:30:40: scuff-cas3D running on kiso0033 
02/05/15::00:30:41: Setting material properties of exterior region to VACUUM. 
02/05/15::00:30:41: Flipped 500 panel normals to comport with region definitions. 
02/05/15::00:30:41: Computing full Matsubara-summed Casimir quantities at T=3.000000e+02 Kelvin. 
02/05/15::00:30:41: Read 1 geometrical transformations from file BeadPEC_300K_L-1.99526.trans. 
02/05/15::00:30:41: Beginning Matsubara sum at T=300 kelvin... 
02/05/15::00:30:41: Computing Casimir integrand at Xi=0.001
 
02/05/15::00:30:41: Assembling T1 at Xi=1.000000e-03... 
02/05/15::00:30:41: Assembling BEM matrix block (0,0) 
02/05/15::00:31:02: Assembling T2 at Xi=1.000000e-03... 
02/05/15::00:31:02: Assembling BEM matrix block (1,1) 
02/05/15::00:34:41: LU-factorizing T1 at Xi=0.001... 
02/05/15::00:34:41: LU-factorizing T2 at Xi=0.001... 
02/05/15::00:34:46: Applying transform 1.99526... 
02/05/15::00:34:46:  Assembling U(0,1) 
02/05/15::00:34:46: Assembling BEM matrix block (0,1) 
02/05/15::00:37:22:   Computing ZForce... 
02/05/15::00:37:24: Computing Casimir integrand at Xi=0.823279
 
02/05/15::00:37:24: Assembling T1 at Xi=8.232789e-01... 
02/05/15::00:37:24: Assembling BEM matrix block (0,0) 
02/05/15::00:37:26: Assembling T2 at Xi=8.232789e-01... 
02/05/15::00:37:26: Assembling BEM matrix block (1,1) 
02/05/15::00:39:30: LU-factorizing T1 at Xi=0.823279... 
02/05/15::00:39:30: LU-factorizing T2 at Xi=0.823279... 
02/05/15::00:39:35: Applying transform 1.99526... 
02/05/15::00:39:35:  Assembling U(0,1) 
02/05/15::00:39:35: Assembling BEM matrix block (0,1) 
02/05/15::00:42:04:   Computing ZForce... 
02/05/15::00:42:06: Computing Casimir integrand at Xi=1.64656
 
02/05/15::00:42:06: Assembling T1 at Xi=1.646558e+00... 
02/05/15::00:42:06: Assembling BEM matrix block (0,0) 
02/05/15::00:42:08: Assembling T2 at Xi=1.646558e+00... 
02/05/15::00:42:08: Assembling BEM matrix block (1,1) 
02/05/15::00:58:23: LU-factorizing T1 at Xi=1.64656... 
02/05/15::00:58:23: LU-factorizing T2 at Xi=1.64656... 
02/05/15::00:58:28: Applying transform 1.99526... 
02/05/15::00:58:28:  Assembling U(0,1) 
02/05/15::00:58:28: Assembling BEM matrix block (0,1) 
02/05/15::01:00:53:   Computing ZForce... 
02/05/15::01:00:55: Computing Casimir integrand at Xi=2.46984
 
02/05/15::01:00:55: Assembling T1 at Xi=2.469837e+00... 
02/05/15::01:00:55: Assembling BEM matrix block (0,0) 
02/05/15::01:00:58: Assembling T2 at Xi=2.469837e+00... 
02/05/15::01:00:58: Assembling BEM matrix block (1,1) 
02/05/15::01:17:34: LU-factorizing T1 at Xi=2.46984... 
02/05/15::01:17:34: LU-factorizing T2 at Xi=2.46984... 
02/05/15::01:17:39: Applying transform 1.99526... 
02/05/15::01:17:39:  Assembling U(0,1) 
02/05/15::01:17:39: Assembling BEM matrix block (0,1) 
