02/04/15::13:34:46: scuff-cas3D running on bullet0297 
02/04/15::13:34:46: Setting material properties of exterior region to VACUUM. 
02/04/15::13:34:46: Flipped 514 panel normals to comport with region definitions. 
02/04/15::13:34:46: Computing full zero-temperature Casimir quantities. 
02/04/15::13:34:46: Read 1 geometrical transformations from file BeadPEC_L-3.98107.trans. 
02/04/15::13:34:46: Minimum distance between surface points=3.981070e+00 
02/04/15::13:34:46: Computing Casimir integrand at Xi=0.001
 
02/04/15::13:34:46: Assembling T1 at Xi=1.000000e-03... 
02/04/15::13:34:46: Assembling BEM matrix block (0,0) 
02/04/15::13:35:19: Assembling T2 at Xi=1.000000e-03... 
02/04/15::13:35:19: Assembling BEM matrix block (1,1) 
02/04/15::13:40:47: LU-factorizing T1 at Xi=0.001... 
02/04/15::13:40:47: LU-factorizing T2 at Xi=0.001... 
02/04/15::13:40:54: Applying transform 3.98107... 
02/04/15::13:40:54:  Assembling U(0,1) 
02/04/15::13:40:54: Assembling BEM matrix block (0,1) 
02/04/15::13:43:39:   Computing ZForce... 
02/04/15::13:43:41: Computing Casimir integrand at Xi=0.022979
 
02/04/15::13:43:41: Assembling T1 at Xi=2.297902e-02... 
02/04/15::13:43:41: Assembling BEM matrix block (0,0) 
02/04/15::13:43:44: Assembling T2 at Xi=2.297902e-02... 
02/04/15::13:43:44: Assembling BEM matrix block (1,1) 
02/04/15::13:46:12: LU-factorizing T1 at Xi=0.022979... 
02/04/15::13:46:13: LU-factorizing T2 at Xi=0.022979... 
02/04/15::13:46:19: Applying transform 3.98107... 
02/04/15::13:46:19:  Assembling U(0,1) 
02/04/15::13:46:19: Assembling BEM matrix block (0,1) 
02/04/15::13:48:56:   Computing ZForce... 
02/04/15::13:48:58: Computing Casimir integrand at Xi=0.044958
 
02/04/15::13:48:58: Assembling T1 at Xi=4.495803e-02... 
02/04/15::13:48:58: Assembling BEM matrix block (0,0) 
02/04/15::13:49:01: Assembling T2 at Xi=4.495803e-02... 
02/04/15::13:49:01: Assembling BEM matrix block (1,1) 
02/04/15::13:51:32: LU-factorizing T1 at Xi=0.044958... 
02/04/15::13:51:32: LU-factorizing T2 at Xi=0.044958... 
02/04/15::13:51:38: Applying transform 3.98107... 
02/04/15::13:51:38:  Assembling U(0,1) 
02/04/15::13:51:38: Assembling BEM matrix block (0,1) 
02/04/15::13:54:15:   Computing ZForce... 
02/04/15::13:54:18: Computing Casimir integrand at Xi=0.0889161
 
02/04/15::13:54:18: Assembling T1 at Xi=8.891606e-02... 
02/04/15::13:54:18: Assembling BEM matrix block (0,0) 
02/04/15::13:54:20: Assembling T2 at Xi=8.891606e-02... 
02/04/15::13:54:20: Assembling BEM matrix block (1,1) 
02/04/15::13:56:55: LU-factorizing T1 at Xi=0.0889161... 
02/04/15::13:56:55: LU-factorizing T2 at Xi=0.0889161... 
02/04/15::13:57:01: Applying transform 3.98107... 
02/04/15::13:57:01:  Assembling U(0,1) 
02/04/15::13:57:01: Assembling BEM matrix block (0,1) 
02/04/15::13:59:38:   Computing ZForce... 
02/04/15::13:59:41: Computing Casimir integrand at Xi=0.132874
 
02/04/15::13:59:41: Assembling T1 at Xi=1.328741e-01... 
02/04/15::13:59:41: Assembling BEM matrix block (0,0) 
02/04/15::13:59:43: Assembling T2 at Xi=1.328741e-01... 
02/04/15::13:59:43: Assembling BEM matrix block (1,1) 
02/04/15::14:02:21: LU-factorizing T1 at Xi=0.132874... 
02/04/15::14:02:21: LU-factorizing T2 at Xi=0.132874... 
02/04/15::14:02:27: Applying transform 3.98107... 
02/04/15::14:02:27:  Assembling U(0,1) 
02/04/15::14:02:27: Assembling BEM matrix block (0,1) 
02/04/15::14:05:04:   Computing ZForce... 
02/04/15::14:05:07: Computing Casimir integrand at Xi=0.22079
 
02/04/15::14:05:07: Assembling T1 at Xi=2.207902e-01... 
02/04/15::14:05:07: Assembling BEM matrix block (0,0) 
02/04/15::14:05:10: Assembling T2 at Xi=2.207902e-01... 
02/04/15::14:05:10: Assembling BEM matrix block (1,1) 
02/04/15::14:07:52: LU-factorizing T1 at Xi=0.22079... 
02/04/15::14:07:52: LU-factorizing T2 at Xi=0.22079... 
02/04/15::14:07:58: Applying transform 3.98107... 
02/04/15::14:07:58:  Assembling U(0,1) 
02/04/15::14:07:58: Assembling BEM matrix block (0,1) 
02/04/15::14:10:36:   Computing ZForce... 
02/04/15::14:10:39: Computing Casimir integrand at Xi=0.308706
 
02/04/15::14:10:39: Assembling T1 at Xi=3.087062e-01... 
02/04/15::14:10:39: Assembling BEM matrix block (0,0) 
02/04/15::14:10:42: Assembling T2 at Xi=3.087062e-01... 
02/04/15::14:10:42: Assembling BEM matrix block (1,1) 
02/04/15::14:13:28: LU-factorizing T1 at Xi=0.308706... 
02/04/15::14:13:29: LU-factorizing T2 at Xi=0.308706... 
02/04/15::14:13:35: Applying transform 3.98107... 
02/04/15::14:13:35:  Assembling U(0,1) 
02/04/15::14:13:35: Assembling BEM matrix block (0,1) 
02/04/15::14:16:13:   Computing ZForce... 
02/04/15::14:16:15: Computing Casimir integrand at Xi=0.484538
 
02/04/15::14:16:15: Assembling T1 at Xi=4.845383e-01... 
02/04/15::14:16:15: Assembling BEM matrix block (0,0) 
02/04/15::14:16:19: Assembling T2 at Xi=4.845383e-01... 
02/04/15::14:16:19: Assembling BEM matrix block (1,1) 
02/04/15::14:19:15: LU-factorizing T1 at Xi=0.484538... 
02/04/15::14:19:15: LU-factorizing T2 at Xi=0.484538... 
02/04/15::14:19:21: Applying transform 3.98107... 
02/04/15::14:19:21:  Assembling U(0,1) 
02/04/15::14:19:22: Assembling BEM matrix block (0,1) 
02/04/15::14:22:01:   Computing ZForce... 
02/04/15::14:22:03: Computing Casimir integrand at Xi=0.66037
 
02/04/15::14:22:03: Assembling T1 at Xi=6.603705e-01... 
02/04/15::14:22:03: Assembling BEM matrix block (0,0) 
02/04/15::14:22:06: Assembling T2 at Xi=6.603705e-01... 
02/04/15::14:22:06: Assembling BEM matrix block (1,1) 
02/04/15::14:25:12: LU-factorizing T1 at Xi=0.66037... 
02/04/15::14:25:12: LU-factorizing T2 at Xi=0.66037... 
02/04/15::14:25:18: Applying transform 3.98107... 
02/04/15::14:25:18:  Assembling U(0,1) 
02/04/15::14:25:18: Assembling BEM matrix block (0,1) 
02/04/15::14:27:58:   Computing ZForce... 
02/04/15::14:28:01: Computing Casimir integrand at Xi=0.396622
 
02/04/15::14:28:01: Assembling T1 at Xi=3.966223e-01... 
02/04/15::14:28:01: Assembling BEM matrix block (0,0) 
02/04/15::14:28:04: Assembling T2 at Xi=3.966223e-01... 
02/04/15::14:28:04: Assembling BEM matrix block (1,1) 
02/04/15::14:30:55: LU-factorizing T1 at Xi=0.396622... 
02/04/15::14:30:55: LU-factorizing T2 at Xi=0.396622... 
02/04/15::14:31:01: Applying transform 3.98107... 
02/04/15::14:31:01:  Assembling U(0,1) 
02/04/15::14:31:01: Assembling BEM matrix block (0,1) 
02/04/15::14:33:40:   Computing ZForce... 
02/04/15::14:33:42: Computing Casimir integrand at Xi=0.352664
 
02/04/15::14:33:42: Assembling T1 at Xi=3.526643e-01... 
02/04/15::14:33:42: Assembling BEM matrix block (0,0) 
02/04/15::14:33:45: Assembling T2 at Xi=3.526643e-01... 
02/04/15::14:33:46: Assembling BEM matrix block (1,1) 
02/04/15::14:36:35: LU-factorizing T1 at Xi=0.352664... 
02/04/15::14:36:35: LU-factorizing T2 at Xi=0.352664... 
02/04/15::14:36:41: Applying transform 3.98107... 
02/04/15::14:36:41:  Assembling U(0,1) 
02/04/15::14:36:41: Assembling BEM matrix block (0,1) 
02/04/15::14:39:20:   Computing ZForce... 
02/04/15::14:39:22: Computing Casimir integrand at Xi=0.484538
 
02/04/15::14:39:22: Assembling T1 at Xi=4.845383e-01... 
02/04/15::14:39:22: Assembling BEM matrix block (0,0) 
02/04/15::14:39:25: Assembling T2 at Xi=4.845383e-01... 
02/04/15::14:39:25: Assembling BEM matrix block (1,1) 
02/04/15::14:42:22: LU-factorizing T1 at Xi=0.484538... 
02/04/15::14:42:22: LU-factorizing T2 at Xi=0.484538... 
02/04/15::14:42:28: Applying transform 3.98107... 
02/04/15::14:42:28:  Assembling U(0,1) 
02/04/15::14:42:28: Assembling BEM matrix block (0,1) 
02/04/15::14:45:07:   Computing ZForce... 
02/04/15::14:45:09: Computing Casimir integrand at Xi=0.572454
 
02/04/15::14:45:09: Assembling T1 at Xi=5.724544e-01... 
02/04/15::14:45:09: Assembling BEM matrix block (0,0) 
02/04/15::14:45:13: Assembling T2 at Xi=5.724544e-01... 
02/04/15::14:45:13: Assembling BEM matrix block (1,1) 
02/04/15::14:48:14: LU-factorizing T1 at Xi=0.572454... 
02/04/15::14:48:14: LU-factorizing T2 at Xi=0.572454... 
02/04/15::14:48:20: Applying transform 3.98107... 
02/04/15::14:48:20:  Assembling U(0,1) 
02/04/15::14:48:20: Assembling BEM matrix block (0,1) 
02/04/15::14:50:59:   Computing ZForce... 
02/04/15::14:51:02: Computing Casimir integrand at Xi=0.44058
 
02/04/15::14:51:02: Assembling T1 at Xi=4.405803e-01... 
02/04/15::14:51:02: Assembling BEM matrix block (0,0) 
02/04/15::14:51:05: Assembling T2 at Xi=4.405803e-01... 
02/04/15::14:51:05: Assembling BEM matrix block (1,1) 
02/04/15::14:53:59: LU-factorizing T1 at Xi=0.44058... 
02/04/15::14:53:59: LU-factorizing T2 at Xi=0.44058... 
02/04/15::14:54:05: Applying transform 3.98107... 
02/04/15::14:54:05:  Assembling U(0,1) 
02/04/15::14:54:05: Assembling BEM matrix block (0,1) 
02/04/15::14:56:44:   Computing ZForce... 
02/04/15::14:56:46: Computing Casimir integrand at Xi=0.572454
 
02/04/15::14:56:46: Assembling T1 at Xi=5.724544e-01... 
02/04/15::14:56:46: Assembling BEM matrix block (0,0) 
02/04/15::14:56:50: Assembling T2 at Xi=5.724544e-01... 
02/04/15::14:56:50: Assembling BEM matrix block (1,1) 
02/04/15::14:59:51: LU-factorizing T1 at Xi=0.572454... 
02/04/15::14:59:51: LU-factorizing T2 at Xi=0.572454... 
02/04/15::14:59:57: Applying transform 3.98107... 
02/04/15::14:59:57:  Assembling U(0,1) 
02/04/15::14:59:57: Assembling BEM matrix block (0,1) 
02/04/15::15:02:36:   Computing ZForce... 
02/04/15::15:02:39: Computing Casimir integrand at Xi=0.66037
 
02/04/15::15:02:39: Assembling T1 at Xi=6.603705e-01... 
02/04/15::15:02:39: Assembling BEM matrix block (0,0) 
02/04/15::15:02:42: Assembling T2 at Xi=6.603705e-01... 
02/04/15::15:02:42: Assembling BEM matrix block (1,1) 
02/04/15::15:05:47: LU-factorizing T1 at Xi=0.66037... 
02/04/15::15:05:47: LU-factorizing T2 at Xi=0.66037... 
02/04/15::15:05:53: Applying transform 3.98107... 
02/04/15::15:05:53:  Assembling U(0,1) 
02/04/15::15:05:53: Assembling BEM matrix block (0,1) 
02/04/15::15:08:33:   Computing ZForce... 
02/04/15::15:08:36: Computing Casimir integrand at Xi=0.528496
 
02/04/15::15:08:36: Assembling T1 at Xi=5.284964e-01... 
02/04/15::15:08:36: Assembling BEM matrix block (0,0) 
02/04/15::15:08:39: Assembling T2 at Xi=5.284964e-01... 
02/04/15::15:08:39: Assembling BEM matrix block (1,1) 
02/04/15::15:11:38: LU-factorizing T1 at Xi=0.528496... 
02/04/15::15:11:38: LU-factorizing T2 at Xi=0.528496... 
02/04/15::15:11:44: Applying transform 3.98107... 
02/04/15::15:11:44:  Assembling U(0,1) 
02/04/15::15:11:44: Assembling BEM matrix block (0,1) 
02/04/15::15:14:23:   Computing ZForce... 
02/04/15::15:14:25: Computing Casimir integrand at Xi=0.66037
 
02/04/15::15:14:25: Assembling T1 at Xi=6.603705e-01... 
02/04/15::15:14:25: Assembling BEM matrix block (0,0) 
02/04/15::15:14:29: Assembling T2 at Xi=6.603705e-01... 
02/04/15::15:14:29: Assembling BEM matrix block (1,1) 
02/04/15::15:17:34: LU-factorizing T1 at Xi=0.66037... 
02/04/15::15:17:34: LU-factorizing T2 at Xi=0.66037... 
02/04/15::15:17:40: Applying transform 3.98107... 
02/04/15::15:17:40:  Assembling U(0,1) 
02/04/15::15:17:40: Assembling BEM matrix block (0,1) 
02/04/15::15:20:20:   Computing ZForce... 
02/04/15::15:20:23: Computing Casimir integrand at Xi=0.748287
 
02/04/15::15:20:23: Assembling T1 at Xi=7.482865e-01... 
02/04/15::15:20:23: Assembling BEM matrix block (0,0) 
02/04/15::15:20:26: Assembling T2 at Xi=7.482865e-01... 
02/04/15::15:20:26: Assembling BEM matrix block (1,1) 
02/04/15::15:23:36: LU-factorizing T1 at Xi=0.748287... 
02/04/15::15:23:36: LU-factorizing T2 at Xi=0.748287... 
02/04/15::15:23:42: Applying transform 3.98107... 
02/04/15::15:23:42:  Assembling U(0,1) 
02/04/15::15:23:42: Assembling BEM matrix block (0,1) 
02/04/15::15:26:23:   Computing ZForce... 
02/04/15::15:26:25: Computing Casimir integrand at Xi=0.616412
 
02/04/15::15:26:25: Assembling T1 at Xi=6.164124e-01... 
02/04/15::15:26:25: Assembling BEM matrix block (0,0) 
02/04/15::15:26:28: Assembling T2 at Xi=6.164124e-01... 
02/04/15::15:26:28: Assembling BEM matrix block (1,1) 
02/04/15::15:29:32: LU-factorizing T1 at Xi=0.616412... 
02/04/15::15:29:32: LU-factorizing T2 at Xi=0.616412... 
02/04/15::15:29:38: Applying transform 3.98107... 
02/04/15::15:29:38:  Assembling U(0,1) 
02/04/15::15:29:38: Assembling BEM matrix block (0,1) 
02/04/15::15:32:18:   Computing ZForce... 
02/04/15::15:32:21: Computing Casimir integrand at Xi=0.748287
 
02/04/15::15:32:21: Assembling T1 at Xi=7.482865e-01... 
02/04/15::15:32:21: Assembling BEM matrix block (0,0) 
02/04/15::15:32:24: Assembling T2 at Xi=7.482865e-01... 
02/04/15::15:32:24: Assembling BEM matrix block (1,1) 
02/04/15::15:35:40: LU-factorizing T1 at Xi=0.748287... 
02/04/15::15:35:40: LU-factorizing T2 at Xi=0.748287... 
02/04/15::15:35:46: Applying transform 3.98107... 
02/04/15::15:35:46:  Assembling U(0,1) 
02/04/15::15:35:46: Assembling BEM matrix block (0,1) 
02/04/15::15:38:31:   Computing ZForce... 
02/04/15::15:38:33: Computing Casimir integrand at Xi=0.836203
 
02/04/15::15:38:33: Assembling T1 at Xi=8.362026e-01... 
02/04/15::15:38:33: Assembling BEM matrix block (0,0) 
02/04/15::15:38:37: Assembling T2 at Xi=8.362026e-01... 
02/04/15::15:38:37: Assembling BEM matrix block (1,1) 
02/04/15::15:41:57: LU-factorizing T1 at Xi=0.836203... 
02/04/15::15:41:57: LU-factorizing T2 at Xi=0.836203... 
02/04/15::15:42:03: Applying transform 3.98107... 
02/04/15::15:42:03:  Assembling U(0,1) 
02/04/15::15:42:03: Assembling BEM matrix block (0,1) 
02/04/15::15:44:50:   Computing ZForce... 
02/04/15::15:44:53: Computing Casimir integrand at Xi=0.704329
 
02/04/15::15:44:53: Assembling T1 at Xi=7.043285e-01... 
02/04/15::15:44:53: Assembling BEM matrix block (0,0) 
02/04/15::15:44:56: Assembling T2 at Xi=7.043285e-01... 
02/04/15::15:44:56: Assembling BEM matrix block (1,1) 
02/04/15::15:48:10: LU-factorizing T1 at Xi=0.704329... 
02/04/15::15:48:10: LU-factorizing T2 at Xi=0.704329... 
02/04/15::15:48:16: Applying transform 3.98107... 
02/04/15::15:48:16:  Assembling U(0,1) 
02/04/15::15:48:16: Assembling BEM matrix block (0,1) 
02/04/15::15:51:01:   Computing ZForce... 
02/04/15::15:51:03: Computing Casimir integrand at Xi=0.836203
 
02/04/15::15:51:03: Assembling T1 at Xi=8.362026e-01... 
02/04/15::15:51:03: Assembling BEM matrix block (0,0) 
02/04/15::15:51:07: Assembling T2 at Xi=8.362026e-01... 
02/04/15::15:51:07: Assembling BEM matrix block (1,1) 
02/04/15::15:54:29: LU-factorizing T1 at Xi=0.836203... 
02/04/15::15:54:29: LU-factorizing T2 at Xi=0.836203... 
02/04/15::15:54:35: Applying transform 3.98107... 
02/04/15::15:54:35:  Assembling U(0,1) 
02/04/15::15:54:35: Assembling BEM matrix block (0,1) 
02/04/15::15:57:20:   Computing ZForce... 
02/04/15::15:57:22: Computing Casimir integrand at Xi=0.924119
 
02/04/15::15:57:22: Assembling T1 at Xi=9.241187e-01... 
02/04/15::15:57:22: Assembling BEM matrix block (0,0) 
02/04/15::15:57:26: Assembling T2 at Xi=9.241187e-01... 
02/04/15::15:57:26: Assembling BEM matrix block (1,1) 
02/04/15::16:21:04: LU-factorizing T1 at Xi=0.924119... 
02/04/15::16:21:04: LU-factorizing T2 at Xi=0.924119... 
02/04/15::16:21:10: Applying transform 3.98107... 
02/04/15::16:21:10:  Assembling U(0,1) 
02/04/15::16:21:10: Assembling BEM matrix block (0,1) 
02/04/15::16:23:47:   Computing ZForce... 
02/04/15::16:23:50: Computing Casimir integrand at Xi=0.792245
 
02/04/15::16:23:50: Assembling T1 at Xi=7.922446e-01... 
02/04/15::16:23:50: Assembling BEM matrix block (0,0) 
02/04/15::16:23:53: Assembling T2 at Xi=7.922446e-01... 
02/04/15::16:23:53: Assembling BEM matrix block (1,1) 
02/04/15::16:27:06: LU-factorizing T1 at Xi=0.792245... 
02/04/15::16:27:06: LU-factorizing T2 at Xi=0.792245... 
02/04/15::16:27:12: Applying transform 3.98107... 
02/04/15::16:27:12:  Assembling U(0,1) 
02/04/15::16:27:12: Assembling BEM matrix block (0,1) 
02/04/15::16:29:53:   Computing ZForce... 
02/04/15::16:29:56: Computing Casimir integrand at Xi=0.924119
 
02/04/15::16:29:56: Assembling T1 at Xi=9.241187e-01... 
02/04/15::16:29:56: Assembling BEM matrix block (0,0) 
02/04/15::16:29:59: Assembling T2 at Xi=9.241187e-01... 
02/04/15::16:29:59: Assembling BEM matrix block (1,1) 
02/04/15::16:53:42: LU-factorizing T1 at Xi=0.924119... 
02/04/15::16:53:42: LU-factorizing T2 at Xi=0.924119... 
02/04/15::16:53:48: Applying transform 3.98107... 
02/04/15::16:53:48:  Assembling U(0,1) 
02/04/15::16:53:48: Assembling BEM matrix block (0,1) 
02/04/15::16:56:26:   Computing ZForce... 
02/04/15::16:56:28: Computing Casimir integrand at Xi=1.01203
 
02/04/15::16:56:28: Assembling T1 at Xi=1.012035e+00... 
02/04/15::16:56:28: Assembling BEM matrix block (0,0) 
02/04/15::16:56:32: Assembling T2 at Xi=1.012035e+00... 
02/04/15::16:56:32: Assembling BEM matrix block (1,1) 
02/04/15::17:20:11: LU-factorizing T1 at Xi=1.01203... 
02/04/15::17:20:11: LU-factorizing T2 at Xi=1.01203... 
02/04/15::17:20:17: Applying transform 3.98107... 
02/04/15::17:20:17:  Assembling U(0,1) 
02/04/15::17:20:17: Assembling BEM matrix block (0,1) 
02/04/15::17:22:54:   Computing ZForce... 
02/04/15::17:22:57: Computing Casimir integrand at Xi=0.880161
 
02/04/15::17:22:57: Assembling T1 at Xi=8.801606e-01... 
02/04/15::17:22:57: Assembling BEM matrix block (0,0) 
02/04/15::17:23:00: Assembling T2 at Xi=8.801606e-01... 
02/04/15::17:23:00: Assembling BEM matrix block (1,1) 
02/04/15::17:26:18: LU-factorizing T1 at Xi=0.880161... 
02/04/15::17:26:18: LU-factorizing T2 at Xi=0.880161... 
02/04/15::17:26:24: Applying transform 3.98107... 
02/04/15::17:26:24:  Assembling U(0,1) 
02/04/15::17:26:24: Assembling BEM matrix block (0,1) 
02/04/15::17:29:06:   Computing ZForce... 
02/04/15::17:29:08: Computing Casimir integrand at Xi=1.01203
 
02/04/15::17:29:08: Assembling T1 at Xi=1.012035e+00... 
02/04/15::17:29:08: Assembling BEM matrix block (0,0) 
02/04/15::17:29:12: Assembling T2 at Xi=1.012035e+00... 
02/04/15::17:29:12: Assembling BEM matrix block (1,1) 
02/04/15::17:52:53: LU-factorizing T1 at Xi=1.01203... 
02/04/15::17:52:53: LU-factorizing T2 at Xi=1.01203... 
02/04/15::17:52:59: Applying transform 3.98107... 
02/04/15::17:52:59:  Assembling U(0,1) 
02/04/15::17:52:59: Assembling BEM matrix block (0,1) 
02/04/15::17:55:37:   Computing ZForce... 
02/04/15::17:55:39: Computing Casimir integrand at Xi=1.09995
 
02/04/15::17:55:39: Assembling T1 at Xi=1.099951e+00... 
02/04/15::17:55:39: Assembling BEM matrix block (0,0) 
02/04/15::17:55:43: Assembling T2 at Xi=1.099951e+00... 
02/04/15::17:55:43: Assembling BEM matrix block (1,1) 
02/04/15::18:19:24: LU-factorizing T1 at Xi=1.09995... 
02/04/15::18:19:24: LU-factorizing T2 at Xi=1.09995... 
02/04/15::18:19:30: Applying transform 3.98107... 
02/04/15::18:19:30:  Assembling U(0,1) 
02/04/15::18:19:30: Assembling BEM matrix block (0,1) 
02/04/15::18:22:07:   Computing ZForce... 
02/04/15::18:22:10: Computing Casimir integrand at Xi=0.968077
 
02/04/15::18:22:10: Assembling T1 at Xi=9.680767e-01... 
02/04/15::18:22:10: Assembling BEM matrix block (0,0) 
02/04/15::18:22:13: Assembling T2 at Xi=9.680767e-01... 
02/04/15::18:22:13: Assembling BEM matrix block (1,1) 
02/04/15::18:45:51: LU-factorizing T1 at Xi=0.968077... 
02/04/15::18:45:51: LU-factorizing T2 at Xi=0.968077... 
02/04/15::18:45:57: Applying transform 3.98107... 
02/04/15::18:45:57:  Assembling U(0,1) 
02/04/15::18:45:57: Assembling BEM matrix block (0,1) 
02/04/15::18:48:34:   Computing ZForce... 
02/04/15::18:48:36: Computing Casimir integrand at Xi=1.09995
 
02/04/15::18:48:36: Assembling T1 at Xi=1.099951e+00... 
02/04/15::18:48:36: Assembling BEM matrix block (0,0) 
02/04/15::18:48:40: Assembling T2 at Xi=1.099951e+00... 
02/04/15::18:48:40: Assembling BEM matrix block (1,1) 
02/04/15::19:12:13: LU-factorizing T1 at Xi=1.09995... 
02/04/15::19:12:13: LU-factorizing T2 at Xi=1.09995... 
02/04/15::19:12:19: Applying transform 3.98107... 
02/04/15::19:12:19:  Assembling U(0,1) 
02/04/15::19:12:19: Assembling BEM matrix block (0,1) 
02/04/15::19:14:58:   Computing ZForce... 
02/04/15::19:15:01: Computing Casimir integrand at Xi=1.18787
 
02/04/15::19:15:01: Assembling T1 at Xi=1.187867e+00... 
02/04/15::19:15:01: Assembling BEM matrix block (0,0) 
02/04/15::19:15:04: Assembling T2 at Xi=1.187867e+00... 
02/04/15::19:15:04: Assembling BEM matrix block (1,1) 
02/04/15::19:38:48: LU-factorizing T1 at Xi=1.18787... 
02/04/15::19:38:48: LU-factorizing T2 at Xi=1.18787... 
02/04/15::19:38:54: Applying transform 3.98107... 
02/04/15::19:38:54:  Assembling U(0,1) 
02/04/15::19:38:54: Assembling BEM matrix block (0,1) 
02/04/15::19:41:32:   Computing ZForce... 
02/04/15::19:41:35: Computing Casimir integrand at Xi=1.05599
 
02/04/15::19:41:35: Assembling T1 at Xi=1.055993e+00... 
02/04/15::19:41:35: Assembling BEM matrix block (0,0) 
02/04/15::19:41:38: Assembling T2 at Xi=1.055993e+00... 
02/04/15::19:41:38: Assembling BEM matrix block (1,1) 
02/04/15::20:05:20: LU-factorizing T1 at Xi=1.05599... 
02/04/15::20:05:20: LU-factorizing T2 at Xi=1.05599... 
02/04/15::20:05:26: Applying transform 3.98107... 
02/04/15::20:05:26:  Assembling U(0,1) 
02/04/15::20:05:26: Assembling BEM matrix block (0,1) 
02/04/15::20:08:04:   Computing ZForce... 
02/04/15::20:08:06: Computing Casimir integrand at Xi=1.18787
 
02/04/15::20:08:06: Assembling T1 at Xi=1.187867e+00... 
02/04/15::20:08:06: Assembling BEM matrix block (0,0) 
02/04/15::20:08:10: Assembling T2 at Xi=1.187867e+00... 
02/04/15::20:08:10: Assembling BEM matrix block (1,1) 
02/04/15::20:31:45: LU-factorizing T1 at Xi=1.18787... 
02/04/15::20:31:45: LU-factorizing T2 at Xi=1.18787... 
02/04/15::20:31:51: Applying transform 3.98107... 
02/04/15::20:31:51:  Assembling U(0,1) 
02/04/15::20:31:51: Assembling BEM matrix block (0,1) 
02/04/15::20:34:28:   Computing ZForce... 
02/04/15::20:34:30: Computing Casimir integrand at Xi=1.27578
 
02/04/15::20:34:30: Assembling T1 at Xi=1.275783e+00... 
02/04/15::20:34:30: Assembling BEM matrix block (0,0) 
02/04/15::20:34:34: Assembling T2 at Xi=1.275783e+00... 
02/04/15::20:34:34: Assembling BEM matrix block (1,1) 
02/04/15::20:58:09: LU-factorizing T1 at Xi=1.27578... 
02/04/15::20:58:09: LU-factorizing T2 at Xi=1.27578... 
02/04/15::20:58:15: Applying transform 3.98107... 
02/04/15::20:58:15:  Assembling U(0,1) 
02/04/15::20:58:15: Assembling BEM matrix block (0,1) 
02/04/15::21:00:52:   Computing ZForce... 
02/04/15::21:00:55: Computing Casimir integrand at Xi=1.14391
 
02/04/15::21:00:55: Assembling T1 at Xi=1.143909e+00... 
02/04/15::21:00:55: Assembling BEM matrix block (0,0) 
02/04/15::21:00:58: Assembling T2 at Xi=1.143909e+00... 
02/04/15::21:00:58: Assembling BEM matrix block (1,1) 
02/04/15::21:24:33: LU-factorizing T1 at Xi=1.14391... 
02/04/15::21:24:33: LU-factorizing T2 at Xi=1.14391... 
02/04/15::21:24:39: Applying transform 3.98107... 
02/04/15::21:24:39:  Assembling U(0,1) 
02/04/15::21:24:39: Assembling BEM matrix block (0,1) 
02/04/15::21:27:16:   Computing ZForce... 
02/04/15::21:27:19: Computing Casimir integrand at Xi=1.27578
 
02/04/15::21:27:19: Assembling T1 at Xi=1.275783e+00... 
02/04/15::21:27:19: Assembling BEM matrix block (0,0) 
02/04/15::21:27:22: Assembling T2 at Xi=1.275783e+00... 
02/04/15::21:27:22: Assembling BEM matrix block (1,1) 
02/04/15::21:50:56: LU-factorizing T1 at Xi=1.27578... 
02/04/15::21:50:56: LU-factorizing T2 at Xi=1.27578... 
02/04/15::21:51:03: Applying transform 3.98107... 
02/04/15::21:51:03:  Assembling U(0,1) 
02/04/15::21:51:03: Assembling BEM matrix block (0,1) 
02/04/15::21:53:40:   Computing ZForce... 
02/04/15::21:53:42: Computing Casimir integrand at Xi=1.3637
 
02/04/15::21:53:42: Assembling T1 at Xi=1.363699e+00... 
02/04/15::21:53:42: Assembling BEM matrix block (0,0) 
02/04/15::21:53:46: Assembling T2 at Xi=1.363699e+00... 
02/04/15::21:53:46: Assembling BEM matrix block (1,1) 
02/04/15::22:17:26: LU-factorizing T1 at Xi=1.3637... 
02/04/15::22:17:26: LU-factorizing T2 at Xi=1.3637... 
02/04/15::22:17:32: Applying transform 3.98107... 
02/04/15::22:17:32:  Assembling U(0,1) 
02/04/15::22:17:32: Assembling BEM matrix block (0,1) 
02/04/15::22:20:09:   Computing ZForce... 
02/04/15::22:20:12: Computing Casimir integrand at Xi=1.23182
 
02/04/15::22:20:12: Assembling T1 at Xi=1.231825e+00... 
02/04/15::22:20:12: Assembling BEM matrix block (0,0) 
02/04/15::22:20:16: Assembling T2 at Xi=1.231825e+00... 
02/04/15::22:20:16: Assembling BEM matrix block (1,1) 
02/04/15::22:43:49: LU-factorizing T1 at Xi=1.23182... 
02/04/15::22:43:49: LU-factorizing T2 at Xi=1.23182... 
02/04/15::22:43:55: Applying transform 3.98107... 
02/04/15::22:43:55:  Assembling U(0,1) 
02/04/15::22:43:55: Assembling BEM matrix block (0,1) 
02/04/15::22:46:32:   Computing ZForce... 
