01/30/15::03:07:58: scuff-cas3D running on barley13.stanford.edu 
01/30/15::03:07:58: Setting material properties of exterior region to VACUUM. 
01/30/15::03:07:58: Flipped 514 panel normals to comport with region definitions. 
01/30/15::03:07:58: Computing full zero-temperature Casimir quantities. 
01/30/15::03:07:58: Read 1 geometrical transformations from file Bead_L-5.0.trans. 
01/30/15::03:07:59: Minimum distance between surface points=5.000000e+00 
01/30/15::03:07:59: Computing Casimir integrand at Xi=0.001
 
01/30/15::03:07:59: Assembling T1 at Xi=1.000000e-03... 
01/30/15::03:07:59: Assembling BEM matrix block (0,0) 
01/30/15::03:08:47: Assembling T2 at Xi=1.000000e-03... 
01/30/15::03:08:47: Assembling BEM matrix block (1,1) 
01/30/15::04:01:00: LU-factorizing T1 at Xi=0.001... 
01/30/15::04:01:00: LU-factorizing T2 at Xi=0.001... 
01/30/15::04:01:28: Applying transform 5.0... 
01/30/15::04:01:28:  Assembling U(0,1) 
01/30/15::04:01:28: Assembling BEM matrix block (0,1) 
01/30/15::04:05:16:   Computing ZForce... 
01/30/15::04:05:27: Computing Casimir integrand at Xi=0.0185
 
01/30/15::04:05:27: Assembling T1 at Xi=1.850000e-02... 
01/30/15::04:05:27: Assembling BEM matrix block (0,0) 
01/30/15::04:05:39: Assembling T2 at Xi=1.850000e-02... 
01/30/15::04:05:39: Assembling BEM matrix block (1,1) 
01/30/15::04:51:44: LU-factorizing T1 at Xi=0.0185... 
01/30/15::04:51:44: LU-factorizing T2 at Xi=0.0185... 
01/30/15::04:52:13: Applying transform 5.0... 
01/30/15::04:52:13:  Assembling U(0,1) 
01/30/15::04:52:13: Assembling BEM matrix block (0,1) 
01/30/15::04:55:54:   Computing ZForce... 
01/30/15::04:56:04: Computing Casimir integrand at Xi=0.036
 
01/30/15::04:56:04: Assembling T1 at Xi=3.600000e-02... 
01/30/15::04:56:04: Assembling BEM matrix block (0,0) 
01/30/15::04:56:21: Assembling T2 at Xi=3.600000e-02... 
01/30/15::04:56:21: Assembling BEM matrix block (1,1) 
01/30/15::05:42:11: LU-factorizing T1 at Xi=0.036... 
01/30/15::05:42:11: LU-factorizing T2 at Xi=0.036... 
01/30/15::05:42:40: Applying transform 5.0... 
01/30/15::05:42:40:  Assembling U(0,1) 
01/30/15::05:42:40: Assembling BEM matrix block (0,1) 
01/30/15::05:46:19:   Computing ZForce... 
01/30/15::05:46:30: Computing Casimir integrand at Xi=0.071
 
01/30/15::05:46:30: Assembling T1 at Xi=7.100000e-02... 
01/30/15::05:46:30: Assembling BEM matrix block (0,0) 
01/30/15::05:46:39: Assembling T2 at Xi=7.100000e-02... 
01/30/15::05:46:39: Assembling BEM matrix block (1,1) 
01/30/15::06:32:26: LU-factorizing T1 at Xi=0.071... 
01/30/15::06:32:26: LU-factorizing T2 at Xi=0.071... 
01/30/15::06:32:55: Applying transform 5.0... 
01/30/15::06:32:55:  Assembling U(0,1) 
01/30/15::06:32:55: Assembling BEM matrix block (0,1) 
01/30/15::06:36:34:   Computing ZForce... 
01/30/15::06:36:45: Computing Casimir integrand at Xi=0.106
 
01/30/15::06:36:45: Assembling T1 at Xi=1.060000e-01... 
01/30/15::06:36:45: Assembling BEM matrix block (0,0) 
01/30/15::06:36:54: Assembling T2 at Xi=1.060000e-01... 
01/30/15::06:36:54: Assembling BEM matrix block (1,1) 
01/30/15::07:22:38: LU-factorizing T1 at Xi=0.106... 
01/30/15::07:22:38: LU-factorizing T2 at Xi=0.106... 
01/30/15::07:23:06: Applying transform 5.0... 
01/30/15::07:23:06:  Assembling U(0,1) 
01/30/15::07:23:06: Assembling BEM matrix block (0,1) 
01/30/15::07:26:46:   Computing ZForce... 
01/30/15::07:26:57: Computing Casimir integrand at Xi=0.176
 
01/30/15::07:26:57: Assembling T1 at Xi=1.760000e-01... 
01/30/15::07:26:57: Assembling BEM matrix block (0,0) 
01/30/15::07:27:06: Assembling T2 at Xi=1.760000e-01... 
01/30/15::07:27:06: Assembling BEM matrix block (1,1) 
01/30/15::08:12:54: LU-factorizing T1 at Xi=0.176... 
01/30/15::08:12:55: LU-factorizing T2 at Xi=0.176... 
01/30/15::08:13:23: Applying transform 5.0... 
01/30/15::08:13:23:  Assembling U(0,1) 
01/30/15::08:13:23: Assembling BEM matrix block (0,1) 
01/30/15::08:17:03:   Computing ZForce... 
01/30/15::08:17:13: Computing Casimir integrand at Xi=0.246
 
01/30/15::08:17:13: Assembling T1 at Xi=2.460000e-01... 
01/30/15::08:17:13: Assembling BEM matrix block (0,0) 
01/30/15::08:17:23: Assembling T2 at Xi=2.460000e-01... 
01/30/15::08:17:23: Assembling BEM matrix block (1,1) 
01/30/15::09:03:16: LU-factorizing T1 at Xi=0.246... 
01/30/15::09:03:16: LU-factorizing T2 at Xi=0.246... 
01/30/15::09:03:45: Applying transform 5.0... 
01/30/15::09:03:45:  Assembling U(0,1) 
01/30/15::09:03:45: Assembling BEM matrix block (0,1) 
01/30/15::09:07:25:   Computing ZForce... 
01/30/15::09:07:35: Computing Casimir integrand at Xi=0.316
 
01/30/15::09:07:35: Assembling T1 at Xi=3.160000e-01... 
01/30/15::09:07:35: Assembling BEM matrix block (0,0) 
01/30/15::09:07:45: Assembling T2 at Xi=3.160000e-01... 
01/30/15::09:07:45: Assembling BEM matrix block (1,1) 
01/30/15::09:53:48: LU-factorizing T1 at Xi=0.316... 
01/30/15::09:53:48: LU-factorizing T2 at Xi=0.316... 
01/30/15::09:54:16: Applying transform 5.0... 
01/30/15::09:54:16:  Assembling U(0,1) 
01/30/15::09:54:16: Assembling BEM matrix block (0,1) 
01/30/15::09:57:57:   Computing ZForce... 
01/30/15::09:58:08: Computing Casimir integrand at Xi=0.386
 
01/30/15::09:58:08: Assembling T1 at Xi=3.860000e-01... 
01/30/15::09:58:08: Assembling BEM matrix block (0,0) 
01/30/15::09:58:18: Assembling T2 at Xi=3.860000e-01... 
01/30/15::09:58:18: Assembling BEM matrix block (1,1) 
01/30/15::10:44:21: LU-factorizing T1 at Xi=0.386... 
01/30/15::10:44:21: LU-factorizing T2 at Xi=0.386... 
01/30/15::10:44:49: Applying transform 5.0... 
01/30/15::10:44:49:  Assembling U(0,1) 
01/30/15::10:44:49: Assembling BEM matrix block (0,1) 
01/30/15::10:48:30:   Computing ZForce... 
01/30/15::10:48:40: Computing Casimir integrand at Xi=0.281
 
01/30/15::10:48:41: Assembling T1 at Xi=2.810000e-01... 
01/30/15::10:48:41: Assembling BEM matrix block (0,0) 
01/30/15::10:48:50: Assembling T2 at Xi=2.810000e-01... 
01/30/15::10:48:50: Assembling BEM matrix block (1,1) 
01/30/15::11:35:24: LU-factorizing T1 at Xi=0.281... 
01/30/15::11:35:24: LU-factorizing T2 at Xi=0.281... 
01/30/15::11:35:54: Applying transform 5.0... 
01/30/15::11:35:54:  Assembling U(0,1) 
01/30/15::11:35:54: Assembling BEM matrix block (0,1) 
01/30/15::11:39:39:   Computing ZForce... 
01/30/15::11:39:50: Computing Casimir integrand at Xi=0.386
 
01/30/15::11:39:50: Assembling T1 at Xi=3.860000e-01... 
01/30/15::11:39:50: Assembling BEM matrix block (0,0) 
01/30/15::11:40:00: Assembling T2 at Xi=3.860000e-01... 
01/30/15::11:40:00: Assembling BEM matrix block (1,1) 
01/30/15::12:26:53: LU-factorizing T1 at Xi=0.386... 
01/30/15::12:26:53: LU-factorizing T2 at Xi=0.386... 
01/30/15::12:27:22: Applying transform 5.0... 
01/30/15::12:27:22:  Assembling U(0,1) 
01/30/15::12:27:22: Assembling BEM matrix block (0,1) 
01/30/15::12:31:05:   Computing ZForce... 
01/30/15::12:31:15: Computing Casimir integrand at Xi=0.456
 
01/30/15::12:31:15: Assembling T1 at Xi=4.560000e-01... 
01/30/15::12:31:15: Assembling BEM matrix block (0,0) 
01/30/15::12:31:25: Assembling T2 at Xi=4.560000e-01... 
01/30/15::12:31:25: Assembling BEM matrix block (1,1) 
01/30/15::13:18:04: LU-factorizing T1 at Xi=0.456... 
01/30/15::13:18:04: LU-factorizing T2 at Xi=0.456... 
01/30/15::13:18:34: Applying transform 5.0... 
01/30/15::13:18:34:  Assembling U(0,1) 
01/30/15::13:18:34: Assembling BEM matrix block (0,1) 
01/30/15::13:22:18:   Computing ZForce... 
01/30/15::13:22:29: Computing Casimir integrand at Xi=0.351
 
01/30/15::13:22:29: Assembling T1 at Xi=3.510000e-01... 
01/30/15::13:22:29: Assembling BEM matrix block (0,0) 
01/30/15::13:22:39: Assembling T2 at Xi=3.510000e-01... 
01/30/15::13:22:39: Assembling BEM matrix block (1,1) 
01/30/15::14:09:11: LU-factorizing T1 at Xi=0.351... 
01/30/15::14:09:11: LU-factorizing T2 at Xi=0.351... 
01/30/15::14:09:41: Applying transform 5.0... 
01/30/15::14:09:41:  Assembling U(0,1) 
01/30/15::14:09:41: Assembling BEM matrix block (0,1) 
01/30/15::14:13:24:   Computing ZForce... 
01/30/15::14:13:35: Computing Casimir integrand at Xi=0.456
 
01/30/15::14:13:35: Assembling T1 at Xi=4.560000e-01... 
01/30/15::14:13:35: Assembling BEM matrix block (0,0) 
01/30/15::14:13:46: Assembling T2 at Xi=4.560000e-01... 
01/30/15::14:13:46: Assembling BEM matrix block (1,1) 
01/30/15::15:00:29: LU-factorizing T1 at Xi=0.456... 
01/30/15::15:00:29: LU-factorizing T2 at Xi=0.456... 
01/30/15::15:00:57: Applying transform 5.0... 
01/30/15::15:00:57:  Assembling U(0,1) 
01/30/15::15:00:57: Assembling BEM matrix block (0,1) 
01/30/15::15:04:42:   Computing ZForce... 
01/30/15::15:04:53: Computing Casimir integrand at Xi=0.526
 
01/30/15::15:04:53: Assembling T1 at Xi=5.260000e-01... 
01/30/15::15:04:53: Assembling BEM matrix block (0,0) 
01/30/15::15:05:04: Assembling T2 at Xi=5.260000e-01... 
01/30/15::15:05:04: Assembling BEM matrix block (1,1) 
01/30/15::15:51:57: LU-factorizing T1 at Xi=0.526... 
01/30/15::15:51:57: LU-factorizing T2 at Xi=0.526... 
01/30/15::15:52:27: Applying transform 5.0... 
01/30/15::15:52:27:  Assembling U(0,1) 
01/30/15::15:52:27: Assembling BEM matrix block (0,1) 
01/30/15::15:56:11:   Computing ZForce... 
01/30/15::15:56:22: Computing Casimir integrand at Xi=0.421
 
01/30/15::15:56:22: Assembling T1 at Xi=4.210000e-01... 
01/30/15::15:56:22: Assembling BEM matrix block (0,0) 
01/30/15::15:56:32: Assembling T2 at Xi=4.210000e-01... 
01/30/15::15:56:32: Assembling BEM matrix block (1,1) 
01/30/15::16:43:19: LU-factorizing T1 at Xi=0.421... 
01/30/15::16:43:19: LU-factorizing T2 at Xi=0.421... 
01/30/15::16:43:48: Applying transform 5.0... 
01/30/15::16:43:48:  Assembling U(0,1) 
01/30/15::16:43:48: Assembling BEM matrix block (0,1) 
01/30/15::16:47:31:   Computing ZForce... 
01/30/15::16:47:42: Computing Casimir integrand at Xi=0.526
 
01/30/15::16:47:42: Assembling T1 at Xi=5.260000e-01... 
01/30/15::16:47:42: Assembling BEM matrix block (0,0) 
01/30/15::16:47:52: Assembling T2 at Xi=5.260000e-01... 
01/30/15::16:47:52: Assembling BEM matrix block (1,1) 
01/30/15::17:34:47: LU-factorizing T1 at Xi=0.526... 
01/30/15::17:34:47: LU-factorizing T2 at Xi=0.526... 
01/30/15::17:35:17: Applying transform 5.0... 
01/30/15::17:35:17:  Assembling U(0,1) 
01/30/15::17:35:17: Assembling BEM matrix block (0,1) 
01/30/15::17:39:01:   Computing ZForce... 
01/30/15::17:39:12: Computing Casimir integrand at Xi=0.596
 
01/30/15::17:39:12: Assembling T1 at Xi=5.960000e-01... 
01/30/15::17:39:12: Assembling BEM matrix block (0,0) 
01/30/15::17:39:23: Assembling T2 at Xi=5.960000e-01... 
01/30/15::17:39:23: Assembling BEM matrix block (1,1) 
01/30/15::18:26:22: LU-factorizing T1 at Xi=0.596... 
01/30/15::18:26:22: LU-factorizing T2 at Xi=0.596... 
01/30/15::18:26:52: Applying transform 5.0... 
01/30/15::18:26:52:  Assembling U(0,1) 
01/30/15::18:26:52: Assembling BEM matrix block (0,1) 
01/30/15::18:30:36:   Computing ZForce... 
01/30/15::18:30:47: Computing Casimir integrand at Xi=0.491
 
01/30/15::18:30:47: Assembling T1 at Xi=4.910000e-01... 
01/30/15::18:30:47: Assembling BEM matrix block (0,0) 
01/30/15::18:30:58: Assembling T2 at Xi=4.910000e-01... 
01/30/15::18:30:58: Assembling BEM matrix block (1,1) 
01/30/15::19:17:35: LU-factorizing T1 at Xi=0.491... 
01/30/15::19:17:35: LU-factorizing T2 at Xi=0.491... 
01/30/15::19:18:04: Applying transform 5.0... 
01/30/15::19:18:04:  Assembling U(0,1) 
01/30/15::19:18:04: Assembling BEM matrix block (0,1) 
01/30/15::19:21:47:   Computing ZForce... 
01/30/15::19:21:58: Computing Casimir integrand at Xi=0.596
 
01/30/15::19:21:58: Assembling T1 at Xi=5.960000e-01... 
01/30/15::19:21:58: Assembling BEM matrix block (0,0) 
01/30/15::19:22:09: Assembling T2 at Xi=5.960000e-01... 
01/30/15::19:22:09: Assembling BEM matrix block (1,1) 
01/30/15::20:08:51: LU-factorizing T1 at Xi=0.596... 
01/30/15::20:08:51: LU-factorizing T2 at Xi=0.596... 
01/30/15::20:09:20: Applying transform 5.0... 
01/30/15::20:09:20:  Assembling U(0,1) 
01/30/15::20:09:20: Assembling BEM matrix block (0,1) 
01/30/15::20:13:03:   Computing ZForce... 
01/30/15::20:13:14: Computing Casimir integrand at Xi=0.666
 
01/30/15::20:13:14: Assembling T1 at Xi=6.660000e-01... 
01/30/15::20:13:15: Assembling BEM matrix block (0,0) 
01/30/15::20:13:25: Assembling T2 at Xi=6.660000e-01... 
01/30/15::20:13:25: Assembling BEM matrix block (1,1) 
01/30/15::21:00:12: LU-factorizing T1 at Xi=0.666... 
01/30/15::21:00:12: LU-factorizing T2 at Xi=0.666... 
01/30/15::21:00:42: Applying transform 5.0... 
01/30/15::21:00:42:  Assembling U(0,1) 
01/30/15::21:00:42: Assembling BEM matrix block (0,1) 
01/30/15::21:04:25:   Computing ZForce... 
01/30/15::21:04:36: Computing Casimir integrand at Xi=0.561
 
01/30/15::21:04:36: Assembling T1 at Xi=5.610000e-01... 
01/30/15::21:04:36: Assembling BEM matrix block (0,0) 
01/30/15::21:04:46: Assembling T2 at Xi=5.610000e-01... 
01/30/15::21:04:46: Assembling BEM matrix block (1,1) 
01/30/15::21:51:22: LU-factorizing T1 at Xi=0.561... 
01/30/15::21:51:22: LU-factorizing T2 at Xi=0.561... 
01/30/15::21:51:52: Applying transform 5.0... 
01/30/15::21:51:52:  Assembling U(0,1) 
01/30/15::21:51:52: Assembling BEM matrix block (0,1) 
01/30/15::21:55:35:   Computing ZForce... 
01/30/15::21:55:46: Computing Casimir integrand at Xi=0.666
 
01/30/15::21:55:46: Assembling T1 at Xi=6.660000e-01... 
01/30/15::21:55:46: Assembling BEM matrix block (0,0) 
01/30/15::21:55:57: Assembling T2 at Xi=6.660000e-01... 
01/30/15::21:55:57: Assembling BEM matrix block (1,1) 
01/30/15::22:42:45: LU-factorizing T1 at Xi=0.666... 
01/30/15::22:42:45: LU-factorizing T2 at Xi=0.666... 
01/30/15::22:43:15: Applying transform 5.0... 
01/30/15::22:43:15:  Assembling U(0,1) 
01/30/15::22:43:15: Assembling BEM matrix block (0,1) 
01/30/15::22:46:58:   Computing ZForce... 
01/30/15::22:47:09: Computing Casimir integrand at Xi=0.736
 
01/30/15::22:47:09: Assembling T1 at Xi=7.360000e-01... 
01/30/15::22:47:09: Assembling BEM matrix block (0,0) 
01/30/15::22:47:20: Assembling T2 at Xi=7.360000e-01... 
01/30/15::22:47:21: Assembling BEM matrix block (1,1) 
01/30/15::23:34:14: LU-factorizing T1 at Xi=0.736... 
01/30/15::23:34:14: LU-factorizing T2 at Xi=0.736... 
01/30/15::23:34:42: Applying transform 5.0... 
01/30/15::23:34:42:  Assembling U(0,1) 
01/30/15::23:34:42: Assembling BEM matrix block (0,1) 
01/30/15::23:38:26:   Computing ZForce... 
01/30/15::23:38:37: Computing Casimir integrand at Xi=0.631
 
01/30/15::23:38:37: Assembling T1 at Xi=6.310000e-01... 
01/30/15::23:38:37: Assembling BEM matrix block (0,0) 
01/30/15::23:38:48: Assembling T2 at Xi=6.310000e-01... 
01/30/15::23:38:48: Assembling BEM matrix block (1,1) 
01/31/15::00:25:31: LU-factorizing T1 at Xi=0.631... 
01/31/15::00:25:31: LU-factorizing T2 at Xi=0.631... 
01/31/15::00:26:01: Applying transform 5.0... 
01/31/15::00:26:01:  Assembling U(0,1) 
01/31/15::00:26:01: Assembling BEM matrix block (0,1) 
01/31/15::00:29:44:   Computing ZForce... 
01/31/15::00:29:55: Computing Casimir integrand at Xi=0.701
 
01/31/15::00:29:55: Assembling T1 at Xi=7.010000e-01... 
01/31/15::00:29:55: Assembling BEM matrix block (0,0) 
01/31/15::00:30:06: Assembling T2 at Xi=7.010000e-01... 
01/31/15::00:30:06: Assembling BEM matrix block (1,1) 
01/31/15::01:16:58: LU-factorizing T1 at Xi=0.701... 
01/31/15::01:16:59: LU-factorizing T2 at Xi=0.701... 
01/31/15::01:17:28: Applying transform 5.0... 
01/31/15::01:17:28:  Assembling U(0,1) 
01/31/15::01:17:28: Assembling BEM matrix block (0,1) 
01/31/15::01:21:10:   Computing ZForce... 
01/31/15::01:21:21: Computing Casimir integrand at Xi=0.736
 
01/31/15::01:21:21: Assembling T1 at Xi=7.360000e-01... 
01/31/15::01:21:21: Assembling BEM matrix block (0,0) 
01/31/15::01:21:32: Assembling T2 at Xi=7.360000e-01... 
01/31/15::01:21:32: Assembling BEM matrix block (1,1) 
01/31/15::02:08:29: LU-factorizing T1 at Xi=0.736... 
01/31/15::02:08:29: LU-factorizing T2 at Xi=0.736... 
01/31/15::02:08:58: Applying transform 5.0... 
01/31/15::02:08:59:  Assembling U(0,1) 
01/31/15::02:08:59: Assembling BEM matrix block (0,1) 
01/31/15::02:12:43:   Computing ZForce... 
01/31/15::02:12:54: Computing Casimir integrand at Xi=0.771
 
01/31/15::02:12:54: Assembling T1 at Xi=7.710000e-01... 
01/31/15::02:12:54: Assembling BEM matrix block (0,0) 
01/31/15::02:13:05: Assembling T2 at Xi=7.710000e-01... 
01/31/15::02:13:05: Assembling BEM matrix block (1,1) 
01/31/15::03:00:04: LU-factorizing T1 at Xi=0.771... 
01/31/15::03:00:04: LU-factorizing T2 at Xi=0.771... 
01/31/15::03:00:32: Applying transform 5.0... 
01/31/15::03:00:32:  Assembling U(0,1) 
01/31/15::03:00:32: Assembling BEM matrix block (0,1) 
01/31/15::03:04:16:   Computing ZForce... 
01/31/15::03:04:27: Computing Casimir integrand at Xi=0.806
 
01/31/15::03:04:27: Assembling T1 at Xi=8.060000e-01... 
01/31/15::03:04:27: Assembling BEM matrix block (0,0) 
01/31/15::03:04:39: Assembling T2 at Xi=8.060000e-01... 
01/31/15::03:04:39: Assembling BEM matrix block (1,1) 
01/31/15::03:51:41: LU-factorizing T1 at Xi=0.806... 
01/31/15::03:51:41: LU-factorizing T2 at Xi=0.806... 
01/31/15::03:52:10: Applying transform 5.0... 
01/31/15::03:52:10:  Assembling U(0,1) 
01/31/15::03:52:10: Assembling BEM matrix block (0,1) 
01/31/15::03:55:54:   Computing ZForce... 
01/31/15::03:56:04: Computing Casimir integrand at Xi=0.841
 
01/31/15::03:56:04: Assembling T1 at Xi=8.410000e-01... 
01/31/15::03:56:04: Assembling BEM matrix block (0,0) 
01/31/15::03:56:16: Assembling T2 at Xi=8.410000e-01... 
01/31/15::03:56:16: Assembling BEM matrix block (1,1) 
01/31/15::04:43:21: LU-factorizing T1 at Xi=0.841... 
01/31/15::04:43:21: LU-factorizing T2 at Xi=0.841... 
01/31/15::04:43:50: Applying transform 5.0... 
01/31/15::04:43:51:  Assembling U(0,1) 
01/31/15::04:43:51: Assembling BEM matrix block (0,1) 
01/31/15::04:47:35:   Computing ZForce... 
01/31/15::04:47:46: Computing Casimir integrand at Xi=0.876
 
01/31/15::04:47:46: Assembling T1 at Xi=8.760000e-01... 
01/31/15::04:47:46: Assembling BEM matrix block (0,0) 
01/31/15::04:47:58: Assembling T2 at Xi=8.760000e-01... 
01/31/15::04:47:58: Assembling BEM matrix block (1,1) 
01/31/15::05:35:06: LU-factorizing T1 at Xi=0.876... 
01/31/15::05:35:06: LU-factorizing T2 at Xi=0.876... 
01/31/15::05:35:35: Applying transform 5.0... 
01/31/15::05:35:35:  Assembling U(0,1) 
01/31/15::05:35:35: Assembling BEM matrix block (0,1) 
01/31/15::05:39:19:   Computing ZForce... 
01/31/15::05:39:30: Computing Casimir integrand at Xi=0.911
 
01/31/15::05:39:30: Assembling T1 at Xi=9.110000e-01... 
01/31/15::05:39:30: Assembling BEM matrix block (0,0) 
01/31/15::05:39:43: Assembling T2 at Xi=9.110000e-01... 
01/31/15::05:39:43: Assembling BEM matrix block (1,1) 
01/31/15::07:00:58: LU-factorizing T1 at Xi=0.911... 
01/31/15::07:00:59: LU-factorizing T2 at Xi=0.911... 
01/31/15::07:01:28: Applying transform 5.0... 
01/31/15::07:01:28:  Assembling U(0,1) 
01/31/15::07:01:28: Assembling BEM matrix block (0,1) 
01/31/15::07:05:08:   Computing ZForce... 
01/31/15::07:05:19: Computing Casimir integrand at Xi=0.946
 
01/31/15::07:05:19: Assembling T1 at Xi=9.460000e-01... 
01/31/15::07:05:19: Assembling BEM matrix block (0,0) 
01/31/15::07:05:32: Assembling T2 at Xi=9.460000e-01... 
01/31/15::07:05:32: Assembling BEM matrix block (1,1) 
01/31/15::08:28:48: LU-factorizing T1 at Xi=0.946... 
01/31/15::08:28:48: LU-factorizing T2 at Xi=0.946... 
01/31/15::08:29:17: Applying transform 5.0... 
01/31/15::08:29:17:  Assembling U(0,1) 
01/31/15::08:29:17: Assembling BEM matrix block (0,1) 
01/31/15::08:32:58:   Computing ZForce... 
01/31/15::08:33:09: Computing Casimir integrand at Xi=1.016
 
01/31/15::08:33:09: Assembling T1 at Xi=1.016000e+00... 
01/31/15::08:33:09: Assembling BEM matrix block (0,0) 
01/31/15::08:33:22: Assembling T2 at Xi=1.016000e+00... 
01/31/15::08:33:22: Assembling BEM matrix block (1,1) 
01/31/15::09:56:44: LU-factorizing T1 at Xi=1.016... 
01/31/15::09:56:44: LU-factorizing T2 at Xi=1.016... 
01/31/15::09:57:13: Applying transform 5.0... 
01/31/15::09:57:14:  Assembling U(0,1) 
01/31/15::09:57:14: Assembling BEM matrix block (0,1) 
01/31/15::10:00:55:   Computing ZForce... 
01/31/15::10:01:06: Computing Casimir integrand at Xi=1.086
 
01/31/15::10:01:06: Assembling T1 at Xi=1.086000e+00... 
01/31/15::10:01:06: Assembling BEM matrix block (0,0) 
01/31/15::10:01:25: Assembling T2 at Xi=1.086000e+00... 
01/31/15::10:01:25: Assembling BEM matrix block (1,1) 
01/31/15::11:24:50: LU-factorizing T1 at Xi=1.086... 
01/31/15::11:24:50: LU-factorizing T2 at Xi=1.086... 
01/31/15::11:25:19: Applying transform 5.0... 
01/31/15::11:25:19:  Assembling U(0,1) 
01/31/15::11:25:19: Assembling BEM matrix block (0,1) 
01/31/15::11:29:00:   Computing ZForce... 
01/31/15::11:29:11: Computing Casimir integrand at Xi=0.981
 
01/31/15::11:29:11: Assembling T1 at Xi=9.810000e-01... 
01/31/15::11:29:11: Assembling BEM matrix block (0,0) 
01/31/15::11:29:24: Assembling T2 at Xi=9.810000e-01... 
01/31/15::11:29:24: Assembling BEM matrix block (1,1) 
01/31/15::12:52:37: LU-factorizing T1 at Xi=0.981... 
01/31/15::12:52:37: LU-factorizing T2 at Xi=0.981... 
01/31/15::12:53:07: Applying transform 5.0... 
01/31/15::12:53:07:  Assembling U(0,1) 
01/31/15::12:53:07: Assembling BEM matrix block (0,1) 
01/31/15::12:56:47:   Computing ZForce... 
