02/04/15::13:34:46: scuff-cas3D running on bullet0067 
02/04/15::13:34:46: Setting material properties of exterior region to VACUUM. 
02/04/15::13:34:46: Flipped 514 panel normals to comport with region definitions. 
02/04/15::13:34:46: Computing full zero-temperature Casimir quantities. 
02/04/15::13:34:46: Read 1 geometrical transformations from file BeadPEC_L-0.316228.trans. 
02/04/15::13:34:46: Minimum distance between surface points=3.162280e-01 
02/04/15::13:34:46: Computing Casimir integrand at Xi=0.001
 
02/04/15::13:34:46: Assembling T1 at Xi=1.000000e-03... 
02/04/15::13:34:46: Assembling BEM matrix block (0,0) 
02/04/15::13:35:36: Assembling T2 at Xi=1.000000e-03... 
02/04/15::13:35:36: Assembling BEM matrix block (1,1) 
02/04/15::13:52:43: LU-factorizing T1 at Xi=0.001... 
02/04/15::13:52:44: LU-factorizing T2 at Xi=0.001... 
02/04/15::13:53:14: Applying transform 0.316228... 
02/04/15::13:53:14:  Assembling U(0,1) 
02/04/15::13:53:14: Assembling BEM matrix block (0,1) 
02/04/15::14:07:03:   Computing ZForce... 
02/04/15::14:07:10: Computing Casimir integrand at Xi=0.277699
 
02/04/15::14:07:10: Assembling T1 at Xi=2.776991e-01... 
02/04/15::14:07:10: Assembling BEM matrix block (0,0) 
02/04/15::14:07:19: Assembling T2 at Xi=2.776991e-01... 
02/04/15::14:07:19: Assembling BEM matrix block (1,1) 
02/04/15::14:16:04: LU-factorizing T1 at Xi=0.277699... 
02/04/15::14:16:04: LU-factorizing T2 at Xi=0.277699... 
02/04/15::14:16:25: Applying transform 0.316228... 
02/04/15::14:16:25:  Assembling U(0,1) 
02/04/15::14:16:25: Assembling BEM matrix block (0,1) 
02/04/15::14:34:13:   Computing ZForce... 
02/04/15::14:34:18: Computing Casimir integrand at Xi=0.554398
 
02/04/15::14:34:18: Assembling T1 at Xi=5.543982e-01... 
02/04/15::14:34:18: Assembling BEM matrix block (0,0) 
02/04/15::14:34:38: Assembling T2 at Xi=5.543982e-01... 
02/04/15::14:34:38: Assembling BEM matrix block (1,1) 
02/04/15::14:46:44: LU-factorizing T1 at Xi=0.554398... 
02/04/15::14:46:44: LU-factorizing T2 at Xi=0.554398... 
02/04/15::14:47:21: Applying transform 0.316228... 
02/04/15::14:47:21:  Assembling U(0,1) 
02/04/15::14:47:21: Assembling BEM matrix block (0,1) 
02/04/15::15:06:30:   Computing ZForce... 
02/04/15::15:06:46: Computing Casimir integrand at Xi=1.1078
 
02/04/15::15:06:46: Assembling T1 at Xi=1.107796e+00... 
02/04/15::15:06:46: Assembling BEM matrix block (0,0) 
02/04/15::15:06:58: Assembling T2 at Xi=1.107796e+00... 
02/04/15::15:06:58: Assembling BEM matrix block (1,1) 
02/04/15::16:31:14: LU-factorizing T1 at Xi=1.1078... 
02/04/15::16:31:15: LU-factorizing T2 at Xi=1.1078... 
02/04/15::16:31:44: Applying transform 0.316228... 
02/04/15::16:31:44:  Assembling U(0,1) 
02/04/15::16:31:44: Assembling BEM matrix block (0,1) 
02/04/15::16:48:02:   Computing ZForce... 
02/04/15::16:48:18: Computing Casimir integrand at Xi=1.66119
 
02/04/15::16:48:18: Assembling T1 at Xi=1.661195e+00... 
02/04/15::16:48:18: Assembling BEM matrix block (0,0) 
02/04/15::16:48:37: Assembling T2 at Xi=1.661195e+00... 
02/04/15::16:48:37: Assembling BEM matrix block (1,1) 
02/04/15::18:03:27: LU-factorizing T1 at Xi=1.66119... 
02/04/15::18:03:27: LU-factorizing T2 at Xi=1.66119... 
02/04/15::18:03:38: Applying transform 0.316228... 
02/04/15::18:03:38:  Assembling U(0,1) 
02/04/15::18:03:38: Assembling BEM matrix block (0,1) 
02/04/15::18:08:58:   Computing ZForce... 
02/04/15::18:09:00: Computing Casimir integrand at Xi=0.831097
 
02/04/15::18:09:00: Assembling T1 at Xi=8.310973e-01... 
02/04/15::18:09:00: Assembling BEM matrix block (0,0) 
02/04/15::18:09:11: Assembling T2 at Xi=8.310973e-01... 
02/04/15::18:09:11: Assembling BEM matrix block (1,1) 
02/04/15::18:23:04: LU-factorizing T1 at Xi=0.831097... 
02/04/15::18:23:04: LU-factorizing T2 at Xi=0.831097... 
02/04/15::18:23:49: Applying transform 0.316228... 
02/04/15::18:23:49:  Assembling U(0,1) 
02/04/15::18:23:49: Assembling BEM matrix block (0,1) 
02/04/15::18:33:52:   Computing ZForce... 
02/04/15::18:33:55: Computing Casimir integrand at Xi=1.66119
 
02/04/15::18:33:55: Assembling T1 at Xi=1.661195e+00... 
02/04/15::18:33:55: Assembling BEM matrix block (0,0) 
02/04/15::18:33:58: Assembling T2 at Xi=1.661195e+00... 
02/04/15::18:33:58: Assembling BEM matrix block (1,1) 
02/04/15::18:58:54: LU-factorizing T1 at Xi=1.66119... 
02/04/15::18:58:54: LU-factorizing T2 at Xi=1.66119... 
02/04/15::18:59:00: Applying transform 0.316228... 
02/04/15::18:59:00:  Assembling U(0,1) 
02/04/15::18:59:00: Assembling BEM matrix block (0,1) 
02/04/15::19:03:27:   Computing ZForce... 
02/04/15::19:03:30: Computing Casimir integrand at Xi=2.21459
 
02/04/15::19:03:30: Assembling T1 at Xi=2.214593e+00... 
02/04/15::19:03:30: Assembling BEM matrix block (0,0) 
02/04/15::19:03:34: Assembling T2 at Xi=2.214593e+00... 
02/04/15::19:03:34: Assembling BEM matrix block (1,1) 
02/04/15::19:29:05: LU-factorizing T1 at Xi=2.21459... 
02/04/15::19:29:05: LU-factorizing T2 at Xi=2.21459... 
02/04/15::19:29:10: Applying transform 0.316228... 
02/04/15::19:29:10:  Assembling U(0,1) 
02/04/15::19:29:10: Assembling BEM matrix block (0,1) 
02/04/15::19:33:37:   Computing ZForce... 
02/04/15::19:33:39: Computing Casimir integrand at Xi=1.3845
 
02/04/15::19:33:39: Assembling T1 at Xi=1.384495e+00... 
02/04/15::19:33:39: Assembling BEM matrix block (0,0) 
02/04/15::19:33:43: Assembling T2 at Xi=1.384495e+00... 
02/04/15::19:33:43: Assembling BEM matrix block (1,1) 
02/04/15::19:57:27: LU-factorizing T1 at Xi=1.3845... 
02/04/15::19:57:27: LU-factorizing T2 at Xi=1.3845... 
02/04/15::19:57:32: Applying transform 0.316228... 
02/04/15::19:57:32:  Assembling U(0,1) 
02/04/15::19:57:32: Assembling BEM matrix block (0,1) 
02/04/15::20:02:02:   Computing ZForce... 
02/04/15::20:02:04: Computing Casimir integrand at Xi=2.21459
 
02/04/15::20:02:04: Assembling T1 at Xi=2.214593e+00... 
02/04/15::20:02:04: Assembling BEM matrix block (0,0) 
02/04/15::20:02:09: Assembling T2 at Xi=2.214593e+00... 
02/04/15::20:02:09: Assembling BEM matrix block (1,1) 
02/04/15::20:27:35: LU-factorizing T1 at Xi=2.21459... 
02/04/15::20:27:35: LU-factorizing T2 at Xi=2.21459... 
02/04/15::20:27:41: Applying transform 0.316228... 
02/04/15::20:27:41:  Assembling U(0,1) 
02/04/15::20:27:41: Assembling BEM matrix block (0,1) 
02/04/15::20:32:07:   Computing ZForce... 
02/04/15::20:32:10: Computing Casimir integrand at Xi=2.76799
 
02/04/15::20:32:10: Assembling T1 at Xi=2.767991e+00... 
02/04/15::20:32:10: Assembling BEM matrix block (0,0) 
02/04/15::20:32:14: Assembling T2 at Xi=2.767991e+00... 
02/04/15::20:32:14: Assembling BEM matrix block (1,1) 
02/04/15::20:57:43: LU-factorizing T1 at Xi=2.76799... 
02/04/15::20:57:43: LU-factorizing T2 at Xi=2.76799... 
02/04/15::20:57:48: Applying transform 0.316228... 
02/04/15::20:57:48:  Assembling U(0,1) 
02/04/15::20:57:48: Assembling BEM matrix block (0,1) 
02/04/15::21:02:14:   Computing ZForce... 
02/04/15::21:02:16: Computing Casimir integrand at Xi=1.93789
 
02/04/15::21:02:16: Assembling T1 at Xi=1.937894e+00... 
02/04/15::21:02:16: Assembling BEM matrix block (0,0) 
02/04/15::21:02:20: Assembling T2 at Xi=1.937894e+00... 
02/04/15::21:02:20: Assembling BEM matrix block (1,1) 
02/04/15::21:27:46: LU-factorizing T1 at Xi=1.93789... 
02/04/15::21:27:46: LU-factorizing T2 at Xi=1.93789... 
02/04/15::21:27:51: Applying transform 0.316228... 
02/04/15::21:27:51:  Assembling U(0,1) 
02/04/15::21:27:51: Assembling BEM matrix block (0,1) 
02/04/15::21:32:18:   Computing ZForce... 
02/04/15::21:32:20: Computing Casimir integrand at Xi=2.76799
 
02/04/15::21:32:20: Assembling T1 at Xi=2.767991e+00... 
02/04/15::21:32:20: Assembling BEM matrix block (0,0) 
02/04/15::21:32:24: Assembling T2 at Xi=2.767991e+00... 
02/04/15::21:32:24: Assembling BEM matrix block (1,1) 
02/04/15::21:57:49: LU-factorizing T1 at Xi=2.76799... 
02/04/15::21:57:49: LU-factorizing T2 at Xi=2.76799... 
02/04/15::21:57:55: Applying transform 0.316228... 
02/04/15::21:57:55:  Assembling U(0,1) 
02/04/15::21:57:55: Assembling BEM matrix block (0,1) 
02/04/15::22:02:21:   Computing ZForce... 
02/04/15::22:02:24: Computing Casimir integrand at Xi=3.32139
 
02/04/15::22:02:24: Assembling T1 at Xi=3.321389e+00... 
02/04/15::22:02:24: Assembling BEM matrix block (0,0) 
02/04/15::22:02:28: Assembling T2 at Xi=3.321389e+00... 
02/04/15::22:02:28: Assembling BEM matrix block (1,1) 
02/04/15::22:28:02: LU-factorizing T1 at Xi=3.32139... 
02/04/15::22:28:02: LU-factorizing T2 at Xi=3.32139... 
02/04/15::22:28:07: Applying transform 0.316228... 
02/04/15::22:28:07:  Assembling U(0,1) 
02/04/15::22:28:07: Assembling BEM matrix block (0,1) 
02/04/15::22:32:33:   Computing ZForce... 
02/04/15::22:32:35: Computing Casimir integrand at Xi=2.49129
 
02/04/15::22:32:35: Assembling T1 at Xi=2.491292e+00... 
02/04/15::22:32:35: Assembling BEM matrix block (0,0) 
02/04/15::22:32:40: Assembling T2 at Xi=2.491292e+00... 
02/04/15::22:32:40: Assembling BEM matrix block (1,1) 
02/04/15::22:58:04: LU-factorizing T1 at Xi=2.49129... 
02/04/15::22:58:04: LU-factorizing T2 at Xi=2.49129... 
02/04/15::22:58:10: Applying transform 0.316228... 
02/04/15::22:58:10:  Assembling U(0,1) 
02/04/15::22:58:10: Assembling BEM matrix block (0,1) 
02/04/15::23:02:36:   Computing ZForce... 
02/04/15::23:02:38: Computing Casimir integrand at Xi=3.32139
 
02/04/15::23:02:38: Assembling T1 at Xi=3.321389e+00... 
02/04/15::23:02:38: Assembling BEM matrix block (0,0) 
02/04/15::23:02:43: Assembling T2 at Xi=3.321389e+00... 
02/04/15::23:02:43: Assembling BEM matrix block (1,1) 
02/04/15::23:28:11: LU-factorizing T1 at Xi=3.32139... 
02/04/15::23:28:11: LU-factorizing T2 at Xi=3.32139... 
02/04/15::23:28:17: Applying transform 0.316228... 
02/04/15::23:28:17:  Assembling U(0,1) 
02/04/15::23:28:17: Assembling BEM matrix block (0,1) 
02/04/15::23:32:43:   Computing ZForce... 
02/04/15::23:32:45: Computing Casimir integrand at Xi=3.87479
 
02/04/15::23:32:45: Assembling T1 at Xi=3.874787e+00... 
02/04/15::23:32:45: Assembling BEM matrix block (0,0) 
02/04/15::23:32:55: Assembling T2 at Xi=3.874787e+00... 
02/04/15::23:32:55: Assembling BEM matrix block (1,1) 
02/04/15::23:58:20: LU-factorizing T1 at Xi=3.87479... 
02/04/15::23:58:20: LU-factorizing T2 at Xi=3.87479... 
02/04/15::23:58:26: Applying transform 0.316228... 
02/04/15::23:58:26:  Assembling U(0,1) 
02/04/15::23:58:26: Assembling BEM matrix block (0,1) 
02/05/15::00:02:51:   Computing ZForce... 
02/05/15::00:02:53: Computing Casimir integrand at Xi=3.04469
 
02/05/15::00:02:53: Assembling T1 at Xi=3.044690e+00... 
02/05/15::00:02:53: Assembling BEM matrix block (0,0) 
02/05/15::00:02:58: Assembling T2 at Xi=3.044690e+00... 
02/05/15::00:02:58: Assembling BEM matrix block (1,1) 
02/05/15::00:28:21: LU-factorizing T1 at Xi=3.04469... 
02/05/15::00:28:21: LU-factorizing T2 at Xi=3.04469... 
02/05/15::00:28:27: Applying transform 0.316228... 
02/05/15::00:28:27:  Assembling U(0,1) 
02/05/15::00:28:27: Assembling BEM matrix block (0,1) 
02/05/15::00:32:52:   Computing ZForce... 
02/05/15::00:32:54: Computing Casimir integrand at Xi=3.87479
 
02/05/15::00:32:54: Assembling T1 at Xi=3.874787e+00... 
02/05/15::00:32:54: Assembling BEM matrix block (0,0) 
02/05/15::00:33:04: Assembling T2 at Xi=3.874787e+00... 
02/05/15::00:33:04: Assembling BEM matrix block (1,1) 
02/05/15::00:58:27: LU-factorizing T1 at Xi=3.87479... 
02/05/15::00:58:27: LU-factorizing T2 at Xi=3.87479... 
02/05/15::00:58:33: Applying transform 0.316228... 
02/05/15::00:58:33:  Assembling U(0,1) 
02/05/15::00:58:33: Assembling BEM matrix block (0,1) 
02/05/15::01:02:59:   Computing ZForce... 
02/05/15::01:03:01: Computing Casimir integrand at Xi=4.42819
 
02/05/15::01:03:01: Assembling T1 at Xi=4.428185e+00... 
02/05/15::01:03:01: Assembling BEM matrix block (0,0) 
02/05/15::01:03:35: Assembling T2 at Xi=4.428185e+00... 
02/05/15::01:03:35: Assembling BEM matrix block (1,1) 
02/05/15::01:59:04: LU-factorizing T1 at Xi=3.59809... 
02/05/15::01:59:04: LU-factorizing T2 at Xi=3.59809... 
02/05/15::01:59:09: Applying transform 0.316228... 
02/05/15::01:59:10:  Assembling U(0,1) 
02/05/15::01:59:10: Assembling BEM matrix block (0,1) 
02/05/15::02:03:38:   Computing ZForce... 
02/05/15::02:03:40: Computing Casimir integrand at Xi=4.42819
 
02/05/15::02:03:40: Assembling T1 at Xi=4.428185e+00... 
02/05/15::02:03:40: Assembling BEM matrix block (0,0) 
02/05/15::02:04:14: Assembling T2 at Xi=4.428185e+00... 
02/05/15::02:04:14: Assembling BEM matrix block (1,1) 
02/05/15::02:29:52: LU-factorizing T1 at Xi=4.42819... 
02/05/15::02:29:52: LU-factorizing T2 at Xi=4.42819... 
02/05/15::02:29:58: Applying transform 0.316228... 
02/05/15::02:29:58:  Assembling U(0,1) 
02/05/15::02:29:58: Assembling BEM matrix block (0,1) 
02/05/15::02:34:26:   Computing ZForce... 
02/05/15::02:34:29: Computing Casimir integrand at Xi=4.98158
 
02/05/15::02:34:29: Assembling T1 at Xi=4.981584e+00... 
02/05/15::02:34:29: Assembling BEM matrix block (0,0) 
02/05/15::02:35:30: Assembling T2 at Xi=4.981584e+00... 
02/05/15::02:35:30: Assembling BEM matrix block (1,1) 
02/05/15::03:01:05: LU-factorizing T1 at Xi=4.98158... 
02/05/15::03:01:05: LU-factorizing T2 at Xi=4.98158... 
02/05/15::03:01:11: Applying transform 0.316228... 
02/05/15::03:01:11:  Assembling U(0,1) 
02/05/15::03:01:11: Assembling BEM matrix block (0,1) 
02/05/15::03:05:37:   Computing ZForce... 
02/05/15::03:05:39: Computing Casimir integrand at Xi=4.15149
 
02/05/15::03:05:39: Assembling T1 at Xi=4.151486e+00... 
02/05/15::03:05:39: Assembling BEM matrix block (0,0) 
02/05/15::03:05:58: Assembling T2 at Xi=4.151486e+00... 
02/05/15::03:05:58: Assembling BEM matrix block (1,1) 
02/05/15::03:31:22: LU-factorizing T1 at Xi=4.15149... 
02/05/15::03:31:22: LU-factorizing T2 at Xi=4.15149... 
02/05/15::03:31:28: Applying transform 0.316228... 
02/05/15::03:31:28:  Assembling U(0,1) 
02/05/15::03:31:28: Assembling BEM matrix block (0,1) 
02/05/15::03:35:53:   Computing ZForce... 
02/05/15::03:35:55: Computing Casimir integrand at Xi=4.98158
 
02/05/15::03:35:55: Assembling T1 at Xi=4.981584e+00... 
02/05/15::03:35:55: Assembling BEM matrix block (0,0) 
02/05/15::03:36:57: Assembling T2 at Xi=4.981584e+00... 
02/05/15::03:36:57: Assembling BEM matrix block (1,1) 
02/05/15::04:02:19: LU-factorizing T1 at Xi=4.98158... 
02/05/15::04:02:19: LU-factorizing T2 at Xi=4.98158... 
02/05/15::04:02:25: Applying transform 0.316228... 
02/05/15::04:02:25:  Assembling U(0,1) 
02/05/15::04:02:25: Assembling BEM matrix block (0,1) 
02/05/15::04:06:50:   Computing ZForce... 
02/05/15::04:06:52: Computing Casimir integrand at Xi=5.53498
 
02/05/15::04:06:52: Assembling T1 at Xi=5.534982e+00... 
02/05/15::04:06:52: Assembling BEM matrix block (0,0) 
02/05/15::04:08:17: Assembling T2 at Xi=5.534982e+00... 
02/05/15::04:08:17: Assembling BEM matrix block (1,1) 
02/05/15::04:33:47: LU-factorizing T1 at Xi=5.53498... 
02/05/15::04:33:47: LU-factorizing T2 at Xi=5.53498... 
02/05/15::04:33:53: Applying transform 0.316228... 
02/05/15::04:33:53:  Assembling U(0,1) 
02/05/15::04:33:53: Assembling BEM matrix block (0,1) 
02/05/15::04:38:19:   Computing ZForce... 
02/05/15::04:38:21: Computing Casimir integrand at Xi=4.70488
 
02/05/15::04:38:21: Assembling T1 at Xi=4.704885e+00... 
02/05/15::04:38:21: Assembling BEM matrix block (0,0) 
02/05/15::04:39:08: Assembling T2 at Xi=4.704885e+00... 
02/05/15::04:39:08: Assembling BEM matrix block (1,1) 
02/05/15::05:04:37: LU-factorizing T1 at Xi=4.70488... 
02/05/15::05:04:38: LU-factorizing T2 at Xi=4.70488... 
02/05/15::05:04:43: Applying transform 0.316228... 
02/05/15::05:04:43:  Assembling U(0,1) 
02/05/15::05:04:43: Assembling BEM matrix block (0,1) 
02/05/15::05:09:08:   Computing ZForce... 
02/05/15::05:09:11: Computing Casimir integrand at Xi=5.53498
 
02/05/15::05:09:11: Assembling T1 at Xi=5.534982e+00... 
02/05/15::05:09:11: Assembling BEM matrix block (0,0) 
02/05/15::05:10:35: Assembling T2 at Xi=5.534982e+00... 
02/05/15::05:10:35: Assembling BEM matrix block (1,1) 
02/05/15::05:35:57: LU-factorizing T1 at Xi=5.53498... 
02/05/15::05:35:57: LU-factorizing T2 at Xi=5.53498... 
02/05/15::05:36:03: Applying transform 0.316228... 
02/05/15::05:36:03:  Assembling U(0,1) 
02/05/15::05:36:03: Assembling BEM matrix block (0,1) 
02/05/15::05:40:28:   Computing ZForce... 
02/05/15::05:40:30: Computing Casimir integrand at Xi=6.08838
 
02/05/15::05:40:30: Assembling T1 at Xi=6.088380e+00... 
02/05/15::05:40:30: Assembling BEM matrix block (0,0) 
02/05/15::05:42:07: Assembling T2 at Xi=6.088380e+00... 
02/05/15::05:42:07: Assembling BEM matrix block (1,1) 
02/05/15::06:06:21: LU-factorizing T1 at Xi=6.08838... 
02/05/15::06:06:21: LU-factorizing T2 at Xi=6.08838... 
02/05/15::06:06:27: Applying transform 0.316228... 
02/05/15::06:06:27:  Assembling U(0,1) 
02/05/15::06:06:27: Assembling BEM matrix block (0,1) 
02/05/15::06:10:52:   Computing ZForce... 
02/05/15::06:10:54: Computing Casimir integrand at Xi=6.64178
 
02/05/15::06:10:54: Assembling T1 at Xi=6.641778e+00... 
02/05/15::06:10:54: Assembling BEM matrix block (0,0) 
02/05/15::06:12:34: Assembling T2 at Xi=6.641778e+00... 
02/05/15::06:12:34: Assembling BEM matrix block (1,1) 
02/05/15::06:36:47: LU-factorizing T1 at Xi=6.64178... 
02/05/15::06:36:47: LU-factorizing T2 at Xi=6.64178... 
02/05/15::06:36:53: Applying transform 0.316228... 
02/05/15::06:36:53:  Assembling U(0,1) 
02/05/15::06:36:53: Assembling BEM matrix block (0,1) 
02/05/15::06:41:18:   Computing ZForce... 
02/05/15::06:41:20: Computing Casimir integrand at Xi=7.19518
 
02/05/15::06:41:20: Assembling T1 at Xi=7.195176e+00... 
02/05/15::06:41:20: Assembling BEM matrix block (0,0) 
02/05/15::06:43:00: Assembling T2 at Xi=7.195176e+00... 
02/05/15::06:43:00: Assembling BEM matrix block (1,1) 
02/05/15::07:07:23: LU-factorizing T1 at Xi=7.19518... 
02/05/15::07:07:23: LU-factorizing T2 at Xi=7.19518... 
02/05/15::07:07:28: Applying transform 0.316228... 
02/05/15::07:07:28:  Assembling U(0,1) 
02/05/15::07:07:28: Assembling BEM matrix block (0,1) 
02/05/15::07:11:54:   Computing ZForce... 
02/05/15::07:11:56: Computing Casimir integrand at Xi=7.74857
 
02/05/15::07:11:56: Assembling T1 at Xi=7.748575e+00... 
02/05/15::07:11:56: Assembling BEM matrix block (0,0) 
02/05/15::07:13:37: Assembling T2 at Xi=7.748575e+00... 
02/05/15::07:13:37: Assembling BEM matrix block (1,1) 
02/05/15::07:38:04: LU-factorizing T1 at Xi=7.74857... 
02/05/15::07:38:04: LU-factorizing T2 at Xi=7.74857... 
02/05/15::07:38:10: Applying transform 0.316228... 
02/05/15::07:38:10:  Assembling U(0,1) 
02/05/15::07:38:10: Assembling BEM matrix block (0,1) 
02/05/15::07:42:36:   Computing ZForce... 
02/05/15::07:42:38: Computing Casimir integrand at Xi=8.30197
 
02/05/15::07:42:38: Assembling T1 at Xi=8.301973e+00... 
02/05/15::07:42:38: Assembling BEM matrix block (0,0) 
02/05/15::07:44:19: Assembling T2 at Xi=8.301973e+00... 
02/05/15::07:44:19: Assembling BEM matrix block (1,1) 
02/05/15::08:08:49: LU-factorizing T1 at Xi=8.30197... 
02/05/15::08:08:49: LU-factorizing T2 at Xi=8.30197... 
02/05/15::08:08:56: Applying transform 0.316228... 
02/05/15::08:08:56:  Assembling U(0,1) 
02/05/15::08:08:56: Assembling BEM matrix block (0,1) 
02/05/15::08:13:22:   Computing ZForce... 
02/05/15::08:13:25: Computing Casimir integrand at Xi=8.85537
 
02/05/15::08:13:25: Assembling T1 at Xi=8.855371e+00... 
02/05/15::08:13:25: Assembling BEM matrix block (0,0) 
02/05/15::08:15:05: Assembling T2 at Xi=8.855371e+00... 
02/05/15::08:15:05: Assembling BEM matrix block (1,1) 
02/05/15::08:39:38: LU-factorizing T1 at Xi=8.85537... 
02/05/15::08:39:38: LU-factorizing T2 at Xi=8.85537... 
02/05/15::08:39:45: Applying transform 0.316228... 
02/05/15::08:39:45:  Assembling U(0,1) 
02/05/15::08:39:45: Assembling BEM matrix block (0,1) 
02/05/15::08:44:12:   Computing ZForce... 
02/05/15::08:44:14: Computing Casimir integrand at Xi=9.40877
 
02/05/15::08:44:14: Assembling T1 at Xi=9.408769e+00... 
02/05/15::08:44:14: Assembling BEM matrix block (0,0) 
02/05/15::08:45:55: Assembling T2 at Xi=9.408769e+00... 
02/05/15::08:45:55: Assembling BEM matrix block (1,1) 
02/05/15::09:10:29: LU-factorizing T1 at Xi=9.40877... 
02/05/15::09:10:29: LU-factorizing T2 at Xi=9.40877... 
02/05/15::09:10:37: Applying transform 0.316228... 
02/05/15::09:10:37:  Assembling U(0,1) 
02/05/15::09:10:37: Assembling BEM matrix block (0,1) 
02/05/15::09:15:05:   Computing ZForce... 
02/05/15::09:15:07: Computing Casimir integrand at Xi=9.96217
 
02/05/15::09:15:07: Assembling T1 at Xi=9.962167e+00... 
02/05/15::09:15:07: Assembling BEM matrix block (0,0) 
02/05/15::09:16:48: Assembling T2 at Xi=9.962167e+00... 
02/05/15::09:16:48: Assembling BEM matrix block (1,1) 
02/05/15::09:41:22: LU-factorizing T1 at Xi=9.96217... 
02/05/15::09:41:22: LU-factorizing T2 at Xi=9.96217... 
02/05/15::09:41:30: Applying transform 0.316228... 
02/05/15::09:41:30:  Assembling U(0,1) 
02/05/15::09:41:30: Assembling BEM matrix block (0,1) 
02/05/15::09:46:06:   Computing ZForce... 
02/05/15::09:46:09: Computing Casimir integrand at Xi=10.5156
 
02/05/15::09:46:09: Assembling T1 at Xi=1.051557e+01... 
02/05/15::09:46:09: Assembling BEM matrix block (0,0) 
02/05/15::09:47:49: Assembling T2 at Xi=1.051557e+01... 
02/05/15::09:47:49: Assembling BEM matrix block (1,1) 
02/05/15::10:12:29: LU-factorizing T1 at Xi=10.5156... 
02/05/15::10:12:29: LU-factorizing T2 at Xi=10.5156... 
02/05/15::10:12:38: Applying transform 0.316228... 
02/05/15::10:12:38:  Assembling U(0,1) 
02/05/15::10:12:38: Assembling BEM matrix block (0,1) 
02/05/15::10:17:31:   Computing ZForce... 
02/05/15::10:17:35: Computing Casimir integrand at Xi=11.069
 
02/05/15::10:17:35: Assembling T1 at Xi=1.106896e+01... 
02/05/15::10:17:35: Assembling BEM matrix block (0,0) 
02/05/15::10:19:17: Assembling T2 at Xi=1.106896e+01... 
02/05/15::10:19:17: Assembling BEM matrix block (1,1) 
02/05/15::10:43:58: LU-factorizing T1 at Xi=11.069... 
02/05/15::10:43:58: LU-factorizing T2 at Xi=11.069... 
02/05/15::10:44:10: Applying transform 0.316228... 
02/05/15::10:44:10:  Assembling U(0,1) 
02/05/15::10:44:10: Assembling BEM matrix block (0,1) 
02/05/15::10:49:09:   Computing ZForce... 
02/05/15::10:49:15: Computing Casimir integrand at Xi=11.6224
 
02/05/15::10:49:15: Assembling T1 at Xi=1.162236e+01... 
02/05/15::10:49:15: Assembling BEM matrix block (0,0) 
02/05/15::10:50:56: Assembling T2 at Xi=1.162236e+01... 
02/05/15::10:50:56: Assembling BEM matrix block (1,1) 
02/05/15::11:15:30: LU-factorizing T1 at Xi=11.6224... 
02/05/15::11:15:30: LU-factorizing T2 at Xi=11.6224... 
02/05/15::11:15:48: Applying transform 0.316228... 
02/05/15::11:15:48:  Assembling U(0,1) 
02/05/15::11:15:48: Assembling BEM matrix block (0,1) 
02/05/15::11:20:55:   Computing ZForce... 
