02/04/15::13:34:45: scuff-cas3D running on fell0154 
02/04/15::13:34:45: Setting material properties of exterior region to VACUUM. 
02/04/15::13:34:45: Flipped 514 panel normals to comport with region definitions. 
02/04/15::13:34:45: Computing full zero-temperature Casimir quantities. 
02/04/15::13:34:45: Read 1 geometrical transformations from file BeadPEC_L-10.trans. 
02/04/15::13:34:45: Minimum distance between surface points=1.000000e+01 
02/04/15::13:34:45: Computing Casimir integrand at Xi=0.001
 
02/04/15::13:34:45: Assembling T1 at Xi=1.000000e-03... 
02/04/15::13:34:45: Assembling BEM matrix block (0,0) 
02/04/15::13:35:27: Assembling T2 at Xi=1.000000e-03... 
02/04/15::13:35:27: Assembling BEM matrix block (1,1) 
02/04/15::13:42:17: LU-factorizing T1 at Xi=0.001... 
02/04/15::13:42:17: LU-factorizing T2 at Xi=0.001... 
02/04/15::13:42:25: Applying transform 10.0... 
02/04/15::13:42:25:  Assembling U(0,1) 
02/04/15::13:42:25: Assembling BEM matrix block (0,1) 
02/04/15::13:43:24:   Computing ZForce... 
02/04/15::13:43:28: Computing Casimir integrand at Xi=0.00975
 
02/04/15::13:43:28: Assembling T1 at Xi=9.750000e-03... 
02/04/15::13:43:28: Assembling BEM matrix block (0,0) 
02/04/15::13:43:31: Assembling T2 at Xi=9.750000e-03... 
02/04/15::13:43:31: Assembling BEM matrix block (1,1) 
02/04/15::13:46:30: LU-factorizing T1 at Xi=0.00975... 
02/04/15::13:46:30: LU-factorizing T2 at Xi=0.00975... 
02/04/15::13:46:38: Applying transform 10.0... 
02/04/15::13:46:38:  Assembling U(0,1) 
02/04/15::13:46:38: Assembling BEM matrix block (0,1) 
02/04/15::13:47:37:   Computing ZForce... 
02/04/15::13:47:41: Computing Casimir integrand at Xi=0.0185
 
02/04/15::13:47:41: Assembling T1 at Xi=1.850000e-02... 
02/04/15::13:47:41: Assembling BEM matrix block (0,0) 
02/04/15::13:47:44: Assembling T2 at Xi=1.850000e-02... 
02/04/15::13:47:44: Assembling BEM matrix block (1,1) 
02/04/15::13:50:45: LU-factorizing T1 at Xi=0.0185... 
02/04/15::13:50:45: LU-factorizing T2 at Xi=0.0185... 
02/04/15::13:50:53: Applying transform 10.0... 
02/04/15::13:50:53:  Assembling U(0,1) 
02/04/15::13:50:53: Assembling BEM matrix block (0,1) 
02/04/15::13:51:52:   Computing ZForce... 
02/04/15::13:51:56: Computing Casimir integrand at Xi=0.036
 
02/04/15::13:51:56: Assembling T1 at Xi=3.600000e-02... 
02/04/15::13:51:56: Assembling BEM matrix block (0,0) 
02/04/15::13:51:59: Assembling T2 at Xi=3.600000e-02... 
02/04/15::13:51:59: Assembling BEM matrix block (1,1) 
02/04/15::13:55:01: LU-factorizing T1 at Xi=0.036... 
02/04/15::13:55:01: LU-factorizing T2 at Xi=0.036... 
02/04/15::13:55:10: Applying transform 10.0... 
02/04/15::13:55:10:  Assembling U(0,1) 
02/04/15::13:55:10: Assembling BEM matrix block (0,1) 
02/04/15::13:56:09:   Computing ZForce... 
02/04/15::13:56:12: Computing Casimir integrand at Xi=0.0535
 
02/04/15::13:56:12: Assembling T1 at Xi=5.350000e-02... 
02/04/15::13:56:12: Assembling BEM matrix block (0,0) 
02/04/15::13:56:16: Assembling T2 at Xi=5.350000e-02... 
02/04/15::13:56:16: Assembling BEM matrix block (1,1) 
02/04/15::13:59:20: LU-factorizing T1 at Xi=0.0535... 
02/04/15::13:59:20: LU-factorizing T2 at Xi=0.0535... 
02/04/15::13:59:28: Applying transform 10.0... 
02/04/15::13:59:28:  Assembling U(0,1) 
02/04/15::13:59:28: Assembling BEM matrix block (0,1) 
02/04/15::14:00:27:   Computing ZForce... 
02/04/15::14:00:31: Computing Casimir integrand at Xi=0.0885
 
02/04/15::14:00:31: Assembling T1 at Xi=8.850000e-02... 
02/04/15::14:00:31: Assembling BEM matrix block (0,0) 
02/04/15::14:00:34: Assembling T2 at Xi=8.850000e-02... 
02/04/15::14:00:34: Assembling BEM matrix block (1,1) 
02/04/15::14:03:41: LU-factorizing T1 at Xi=0.0885... 
02/04/15::14:03:41: LU-factorizing T2 at Xi=0.0885... 
02/04/15::14:03:49: Applying transform 10.0... 
02/04/15::14:03:49:  Assembling U(0,1) 
02/04/15::14:03:49: Assembling BEM matrix block (0,1) 
02/04/15::14:04:48:   Computing ZForce... 
02/04/15::14:04:52: Computing Casimir integrand at Xi=0.1235
 
02/04/15::14:04:52: Assembling T1 at Xi=1.235000e-01... 
02/04/15::14:04:52: Assembling BEM matrix block (0,0) 
02/04/15::14:04:55: Assembling T2 at Xi=1.235000e-01... 
02/04/15::14:04:55: Assembling BEM matrix block (1,1) 
02/04/15::14:08:04: LU-factorizing T1 at Xi=0.1235... 
02/04/15::14:08:04: LU-factorizing T2 at Xi=0.1235... 
02/04/15::14:08:13: Applying transform 10.0... 
02/04/15::14:08:13:  Assembling U(0,1) 
02/04/15::14:08:13: Assembling BEM matrix block (0,1) 
02/04/15::14:09:12:   Computing ZForce... 
02/04/15::14:09:15: Computing Casimir integrand at Xi=0.1935
 
02/04/15::14:09:15: Assembling T1 at Xi=1.935000e-01... 
02/04/15::14:09:15: Assembling BEM matrix block (0,0) 
02/04/15::14:09:18: Assembling T2 at Xi=1.935000e-01... 
02/04/15::14:09:18: Assembling BEM matrix block (1,1) 
02/04/15::14:12:31: LU-factorizing T1 at Xi=0.1935... 
02/04/15::14:12:31: LU-factorizing T2 at Xi=0.1935... 
02/04/15::14:12:39: Applying transform 10.0... 
02/04/15::14:12:39:  Assembling U(0,1) 
02/04/15::14:12:39: Assembling BEM matrix block (0,1) 
02/04/15::14:13:40:   Computing ZForce... 
02/04/15::14:13:43: Computing Casimir integrand at Xi=0.2635
 
02/04/15::14:13:43: Assembling T1 at Xi=2.635000e-01... 
02/04/15::14:13:43: Assembling BEM matrix block (0,0) 
02/04/15::14:13:46: Assembling T2 at Xi=2.635000e-01... 
02/04/15::14:13:46: Assembling BEM matrix block (1,1) 
02/04/15::14:17:07: LU-factorizing T1 at Xi=0.2635... 
02/04/15::14:17:07: LU-factorizing T2 at Xi=0.2635... 
02/04/15::14:17:16: Applying transform 10.0... 
02/04/15::14:17:16:  Assembling U(0,1) 
02/04/15::14:17:16: Assembling BEM matrix block (0,1) 
02/04/15::14:18:16:   Computing ZForce... 
02/04/15::14:18:20: Computing Casimir integrand at Xi=0.1585
 
02/04/15::14:18:20: Assembling T1 at Xi=1.585000e-01... 
02/04/15::14:18:20: Assembling BEM matrix block (0,0) 
02/04/15::14:18:23: Assembling T2 at Xi=1.585000e-01... 
02/04/15::14:18:23: Assembling BEM matrix block (1,1) 
02/04/15::14:21:39: LU-factorizing T1 at Xi=0.1585... 
02/04/15::14:21:39: LU-factorizing T2 at Xi=0.1585... 
02/04/15::14:21:49: Applying transform 10.0... 
02/04/15::14:21:49:  Assembling U(0,1) 
02/04/15::14:21:49: Assembling BEM matrix block (0,1) 
02/04/15::14:22:49:   Computing ZForce... 
02/04/15::14:22:52: Computing Casimir integrand at Xi=0.2285
 
02/04/15::14:22:52: Assembling T1 at Xi=2.285000e-01... 
02/04/15::14:22:52: Assembling BEM matrix block (0,0) 
02/04/15::14:22:56: Assembling T2 at Xi=2.285000e-01... 
02/04/15::14:22:56: Assembling BEM matrix block (1,1) 
02/04/15::14:26:16: LU-factorizing T1 at Xi=0.2285... 
02/04/15::14:26:16: LU-factorizing T2 at Xi=0.2285... 
02/04/15::14:26:25: Applying transform 10.0... 
02/04/15::14:26:25:  Assembling U(0,1) 
02/04/15::14:26:25: Assembling BEM matrix block (0,1) 
02/04/15::14:27:26:   Computing ZForce... 
02/04/15::14:27:29: Computing Casimir integrand at Xi=0.2635
 
02/04/15::14:27:29: Assembling T1 at Xi=2.635000e-01... 
02/04/15::14:27:29: Assembling BEM matrix block (0,0) 
02/04/15::14:27:33: Assembling T2 at Xi=2.635000e-01... 
02/04/15::14:27:33: Assembling BEM matrix block (1,1) 
02/04/15::14:30:57: LU-factorizing T1 at Xi=0.2635... 
02/04/15::14:30:57: LU-factorizing T2 at Xi=0.2635... 
02/04/15::14:31:06: Applying transform 10.0... 
02/04/15::14:31:06:  Assembling U(0,1) 
02/04/15::14:31:06: Assembling BEM matrix block (0,1) 
02/04/15::14:32:07:   Computing ZForce... 
02/04/15::14:32:11: Computing Casimir integrand at Xi=0.211
 
02/04/15::14:32:11: Assembling T1 at Xi=2.110000e-01... 
02/04/15::14:32:11: Assembling BEM matrix block (0,0) 
02/04/15::14:32:15: Assembling T2 at Xi=2.110000e-01... 
02/04/15::14:32:15: Assembling BEM matrix block (1,1) 
02/04/15::14:35:36: LU-factorizing T1 at Xi=0.211... 
02/04/15::14:35:36: LU-factorizing T2 at Xi=0.211... 
02/04/15::14:35:45: Applying transform 10.0... 
02/04/15::14:35:45:  Assembling U(0,1) 
02/04/15::14:35:45: Assembling BEM matrix block (0,1) 
02/04/15::14:36:47:   Computing ZForce... 
02/04/15::14:36:50: Computing Casimir integrand at Xi=0.2635
 
02/04/15::14:36:50: Assembling T1 at Xi=2.635000e-01... 
02/04/15::14:36:50: Assembling BEM matrix block (0,0) 
02/04/15::14:36:54: Assembling T2 at Xi=2.635000e-01... 
02/04/15::14:36:54: Assembling BEM matrix block (1,1) 
02/04/15::14:40:18: LU-factorizing T1 at Xi=0.2635... 
02/04/15::14:40:18: LU-factorizing T2 at Xi=0.2635... 
02/04/15::14:40:28: Applying transform 10.0... 
02/04/15::14:40:28:  Assembling U(0,1) 
02/04/15::14:40:28: Assembling BEM matrix block (0,1) 
02/04/15::14:41:29:   Computing ZForce... 
02/04/15::14:41:33: Computing Casimir integrand at Xi=0.2985
 
02/04/15::14:41:33: Assembling T1 at Xi=2.985000e-01... 
02/04/15::14:41:33: Assembling BEM matrix block (0,0) 
02/04/15::14:41:36: Assembling T2 at Xi=2.985000e-01... 
02/04/15::14:41:36: Assembling BEM matrix block (1,1) 
02/04/15::14:45:04: LU-factorizing T1 at Xi=0.2985... 
02/04/15::14:45:04: LU-factorizing T2 at Xi=0.2985... 
02/04/15::14:45:13: Applying transform 10.0... 
02/04/15::14:45:13:  Assembling U(0,1) 
02/04/15::14:45:13: Assembling BEM matrix block (0,1) 
02/04/15::14:46:15:   Computing ZForce... 
02/04/15::14:46:19: Computing Casimir integrand at Xi=0.246
 
02/04/15::14:46:19: Assembling T1 at Xi=2.460000e-01... 
02/04/15::14:46:19: Assembling BEM matrix block (0,0) 
02/04/15::14:46:22: Assembling T2 at Xi=2.460000e-01... 
02/04/15::14:46:22: Assembling BEM matrix block (1,1) 
02/04/15::14:49:47: LU-factorizing T1 at Xi=0.246... 
02/04/15::14:49:47: LU-factorizing T2 at Xi=0.246... 
02/04/15::14:49:57: Applying transform 10.0... 
02/04/15::14:49:57:  Assembling U(0,1) 
02/04/15::14:49:57: Assembling BEM matrix block (0,1) 
02/04/15::14:50:59:   Computing ZForce... 
02/04/15::14:51:03: Computing Casimir integrand at Xi=0.2985
 
02/04/15::14:51:03: Assembling T1 at Xi=2.985000e-01... 
02/04/15::14:51:03: Assembling BEM matrix block (0,0) 
02/04/15::14:51:06: Assembling T2 at Xi=2.985000e-01... 
02/04/15::14:51:06: Assembling BEM matrix block (1,1) 
02/04/15::14:54:32: LU-factorizing T1 at Xi=0.2985... 
02/04/15::14:54:32: LU-factorizing T2 at Xi=0.2985... 
02/04/15::14:54:40: Applying transform 10.0... 
02/04/15::14:54:40:  Assembling U(0,1) 
02/04/15::14:54:40: Assembling BEM matrix block (0,1) 
02/04/15::14:55:40:   Computing ZForce... 
02/04/15::14:55:44: Computing Casimir integrand at Xi=0.3335
 
02/04/15::14:55:44: Assembling T1 at Xi=3.335000e-01... 
02/04/15::14:55:44: Assembling BEM matrix block (0,0) 
02/04/15::14:55:47: Assembling T2 at Xi=3.335000e-01... 
02/04/15::14:55:47: Assembling BEM matrix block (1,1) 
02/04/15::14:59:10: LU-factorizing T1 at Xi=0.3335... 
02/04/15::14:59:10: LU-factorizing T2 at Xi=0.3335... 
02/04/15::14:59:18: Applying transform 10.0... 
02/04/15::14:59:18:  Assembling U(0,1) 
02/04/15::14:59:18: Assembling BEM matrix block (0,1) 
02/04/15::15:00:17:   Computing ZForce... 
02/04/15::15:00:21: Computing Casimir integrand at Xi=0.281
 
02/04/15::15:00:21: Assembling T1 at Xi=2.810000e-01... 
02/04/15::15:00:21: Assembling BEM matrix block (0,0) 
02/04/15::15:00:24: Assembling T2 at Xi=2.810000e-01... 
02/04/15::15:00:24: Assembling BEM matrix block (1,1) 
02/04/15::15:03:42: LU-factorizing T1 at Xi=0.281... 
02/04/15::15:03:42: LU-factorizing T2 at Xi=0.281... 
02/04/15::15:03:51: Applying transform 10.0... 
02/04/15::15:03:51:  Assembling U(0,1) 
02/04/15::15:03:51: Assembling BEM matrix block (0,1) 
02/04/15::15:04:50:   Computing ZForce... 
02/04/15::15:04:53: Computing Casimir integrand at Xi=0.3335
 
02/04/15::15:04:53: Assembling T1 at Xi=3.335000e-01... 
02/04/15::15:04:53: Assembling BEM matrix block (0,0) 
02/04/15::15:04:57: Assembling T2 at Xi=3.335000e-01... 
02/04/15::15:04:57: Assembling BEM matrix block (1,1) 
02/04/15::15:08:18: LU-factorizing T1 at Xi=0.3335... 
02/04/15::15:08:18: LU-factorizing T2 at Xi=0.3335... 
02/04/15::15:08:26: Applying transform 10.0... 
02/04/15::15:08:26:  Assembling U(0,1) 
02/04/15::15:08:26: Assembling BEM matrix block (0,1) 
02/04/15::15:09:26:   Computing ZForce... 
02/04/15::15:09:29: Computing Casimir integrand at Xi=0.3685
 
02/04/15::15:09:29: Assembling T1 at Xi=3.685000e-01... 
02/04/15::15:09:29: Assembling BEM matrix block (0,0) 
02/04/15::15:09:32: Assembling T2 at Xi=3.685000e-01... 
02/04/15::15:09:32: Assembling BEM matrix block (1,1) 
02/04/15::15:12:59: LU-factorizing T1 at Xi=0.3685... 
02/04/15::15:12:59: LU-factorizing T2 at Xi=0.3685... 
02/04/15::15:13:07: Applying transform 10.0... 
02/04/15::15:13:07:  Assembling U(0,1) 
02/04/15::15:13:07: Assembling BEM matrix block (0,1) 
02/04/15::15:14:06:   Computing ZForce... 
02/04/15::15:14:09: Computing Casimir integrand at Xi=0.316
 
02/04/15::15:14:09: Assembling T1 at Xi=3.160000e-01... 
02/04/15::15:14:09: Assembling BEM matrix block (0,0) 
02/04/15::15:14:13: Assembling T2 at Xi=3.160000e-01... 
02/04/15::15:14:13: Assembling BEM matrix block (1,1) 
02/04/15::15:17:33: LU-factorizing T1 at Xi=0.316... 
02/04/15::15:17:33: LU-factorizing T2 at Xi=0.316... 
02/04/15::15:17:42: Applying transform 10.0... 
02/04/15::15:17:42:  Assembling U(0,1) 
02/04/15::15:17:42: Assembling BEM matrix block (0,1) 
02/04/15::15:18:41:   Computing ZForce... 
02/04/15::15:18:44: Computing Casimir integrand at Xi=0.3685
 
02/04/15::15:18:45: Assembling T1 at Xi=3.685000e-01... 
02/04/15::15:18:45: Assembling BEM matrix block (0,0) 
02/04/15::15:18:48: Assembling T2 at Xi=3.685000e-01... 
02/04/15::15:18:48: Assembling BEM matrix block (1,1) 
02/04/15::15:22:11: LU-factorizing T1 at Xi=0.3685... 
02/04/15::15:22:11: LU-factorizing T2 at Xi=0.3685... 
02/04/15::15:22:20: Applying transform 10.0... 
02/04/15::15:22:20:  Assembling U(0,1) 
02/04/15::15:22:20: Assembling BEM matrix block (0,1) 
02/04/15::15:23:19:   Computing ZForce... 
02/04/15::15:23:22: Computing Casimir integrand at Xi=0.4035
 
02/04/15::15:23:23: Assembling T1 at Xi=4.035000e-01... 
02/04/15::15:23:23: Assembling BEM matrix block (0,0) 
02/04/15::15:23:26: Assembling T2 at Xi=4.035000e-01... 
02/04/15::15:23:26: Assembling BEM matrix block (1,1) 
02/04/15::15:26:52: LU-factorizing T1 at Xi=0.4035... 
02/04/15::15:26:52: LU-factorizing T2 at Xi=0.4035... 
02/04/15::15:27:01: Applying transform 10.0... 
02/04/15::15:27:01:  Assembling U(0,1) 
02/04/15::15:27:01: Assembling BEM matrix block (0,1) 
02/04/15::15:28:00:   Computing ZForce... 
02/04/15::15:28:03: Computing Casimir integrand at Xi=0.351
 
02/04/15::15:28:03: Assembling T1 at Xi=3.510000e-01... 
02/04/15::15:28:03: Assembling BEM matrix block (0,0) 
02/04/15::15:28:07: Assembling T2 at Xi=3.510000e-01... 
02/04/15::15:28:07: Assembling BEM matrix block (1,1) 
02/04/15::15:31:30: LU-factorizing T1 at Xi=0.351... 
02/04/15::15:31:30: LU-factorizing T2 at Xi=0.351... 
02/04/15::15:31:39: Applying transform 10.0... 
02/04/15::15:31:39:  Assembling U(0,1) 
02/04/15::15:31:39: Assembling BEM matrix block (0,1) 
02/04/15::15:32:38:   Computing ZForce... 
02/04/15::15:32:41: Computing Casimir integrand at Xi=0.4035
 
02/04/15::15:32:41: Assembling T1 at Xi=4.035000e-01... 
02/04/15::15:32:41: Assembling BEM matrix block (0,0) 
02/04/15::15:32:45: Assembling T2 at Xi=4.035000e-01... 
02/04/15::15:32:45: Assembling BEM matrix block (1,1) 
02/04/15::15:36:11: LU-factorizing T1 at Xi=0.4035... 
02/04/15::15:36:11: LU-factorizing T2 at Xi=0.4035... 
02/04/15::15:36:20: Applying transform 10.0... 
02/04/15::15:36:20:  Assembling U(0,1) 
02/04/15::15:36:20: Assembling BEM matrix block (0,1) 
02/04/15::15:37:19:   Computing ZForce... 
02/04/15::15:37:22: Computing Casimir integrand at Xi=0.4385
 
02/04/15::15:37:22: Assembling T1 at Xi=4.385000e-01... 
02/04/15::15:37:22: Assembling BEM matrix block (0,0) 
02/04/15::15:37:26: Assembling T2 at Xi=4.385000e-01... 
02/04/15::15:37:26: Assembling BEM matrix block (1,1) 
02/04/15::15:40:54: LU-factorizing T1 at Xi=0.4385... 
02/04/15::15:40:54: LU-factorizing T2 at Xi=0.4385... 
02/04/15::15:41:03: Applying transform 10.0... 
02/04/15::15:41:03:  Assembling U(0,1) 
02/04/15::15:41:03: Assembling BEM matrix block (0,1) 
02/04/15::15:42:02:   Computing ZForce... 
02/04/15::15:42:05: Computing Casimir integrand at Xi=0.386
 
02/04/15::15:42:05: Assembling T1 at Xi=3.860000e-01... 
02/04/15::15:42:05: Assembling BEM matrix block (0,0) 
02/04/15::15:42:09: Assembling T2 at Xi=3.860000e-01... 
02/04/15::15:42:09: Assembling BEM matrix block (1,1) 
02/04/15::15:45:34: LU-factorizing T1 at Xi=0.386... 
02/04/15::15:45:34: LU-factorizing T2 at Xi=0.386... 
02/04/15::15:45:42: Applying transform 10.0... 
02/04/15::15:45:42:  Assembling U(0,1) 
02/04/15::15:45:42: Assembling BEM matrix block (0,1) 
02/04/15::15:46:41:   Computing ZForce... 
02/04/15::15:46:45: Computing Casimir integrand at Xi=0.4385
 
02/04/15::15:46:45: Assembling T1 at Xi=4.385000e-01... 
02/04/15::15:46:45: Assembling BEM matrix block (0,0) 
02/04/15::15:46:48: Assembling T2 at Xi=4.385000e-01... 
02/04/15::15:46:48: Assembling BEM matrix block (1,1) 
02/04/15::15:50:17: LU-factorizing T1 at Xi=0.4385... 
02/04/15::15:50:17: LU-factorizing T2 at Xi=0.4385... 
02/04/15::15:50:26: Applying transform 10.0... 
02/04/15::15:50:26:  Assembling U(0,1) 
02/04/15::15:50:26: Assembling BEM matrix block (0,1) 
02/04/15::15:51:25:   Computing ZForce... 
02/04/15::15:51:29: Computing Casimir integrand at Xi=0.4735
 
02/04/15::15:51:29: Assembling T1 at Xi=4.735000e-01... 
02/04/15::15:51:29: Assembling BEM matrix block (0,0) 
02/04/15::15:51:33: Assembling T2 at Xi=4.735000e-01... 
02/04/15::15:51:33: Assembling BEM matrix block (1,1) 
02/04/15::15:55:03: LU-factorizing T1 at Xi=0.4735... 
02/04/15::15:55:03: LU-factorizing T2 at Xi=0.4735... 
02/04/15::15:55:12: Applying transform 10.0... 
02/04/15::15:55:12:  Assembling U(0,1) 
02/04/15::15:55:12: Assembling BEM matrix block (0,1) 
02/04/15::15:56:12:   Computing ZForce... 
02/04/15::15:56:15: Computing Casimir integrand at Xi=0.421
 
02/04/15::15:56:15: Assembling T1 at Xi=4.210000e-01... 
02/04/15::15:56:15: Assembling BEM matrix block (0,0) 
02/04/15::15:56:19: Assembling T2 at Xi=4.210000e-01... 
02/04/15::15:56:19: Assembling BEM matrix block (1,1) 
02/04/15::15:59:46: LU-factorizing T1 at Xi=0.421... 
02/04/15::15:59:46: LU-factorizing T2 at Xi=0.421... 
02/04/15::15:59:54: Applying transform 10.0... 
02/04/15::15:59:55:  Assembling U(0,1) 
02/04/15::15:59:55: Assembling BEM matrix block (0,1) 
02/04/15::16:00:54:   Computing ZForce... 
02/04/15::16:00:57: Computing Casimir integrand at Xi=0.4735
 
02/04/15::16:00:57: Assembling T1 at Xi=4.735000e-01... 
02/04/15::16:00:57: Assembling BEM matrix block (0,0) 
02/04/15::16:01:01: Assembling T2 at Xi=4.735000e-01... 
02/04/15::16:01:01: Assembling BEM matrix block (1,1) 
02/04/15::16:04:32: LU-factorizing T1 at Xi=0.4735... 
02/04/15::16:04:32: LU-factorizing T2 at Xi=0.4735... 
02/04/15::16:04:41: Applying transform 10.0... 
02/04/15::16:04:41:  Assembling U(0,1) 
02/04/15::16:04:41: Assembling BEM matrix block (0,1) 
02/04/15::16:05:41:   Computing ZForce... 
02/04/15::16:05:45: Computing Casimir integrand at Xi=0.5085
 
02/04/15::16:05:45: Assembling T1 at Xi=5.085000e-01... 
02/04/15::16:05:45: Assembling BEM matrix block (0,0) 
02/04/15::16:05:49: Assembling T2 at Xi=5.085000e-01... 
02/04/15::16:05:49: Assembling BEM matrix block (1,1) 
02/04/15::16:09:22: LU-factorizing T1 at Xi=0.5085... 
02/04/15::16:09:22: LU-factorizing T2 at Xi=0.5085... 
02/04/15::16:09:30: Applying transform 10.0... 
02/04/15::16:09:31:  Assembling U(0,1) 
02/04/15::16:09:31: Assembling BEM matrix block (0,1) 
02/04/15::16:10:31:   Computing ZForce... 
02/04/15::16:10:34: Computing Casimir integrand at Xi=0.456
 
02/04/15::16:10:34: Assembling T1 at Xi=4.560000e-01... 
02/04/15::16:10:34: Assembling BEM matrix block (0,0) 
02/04/15::16:10:38: Assembling T2 at Xi=4.560000e-01... 
02/04/15::16:10:38: Assembling BEM matrix block (1,1) 
02/04/15::16:14:09: LU-factorizing T1 at Xi=0.456... 
02/04/15::16:14:10: LU-factorizing T2 at Xi=0.456... 
02/04/15::16:14:18: Applying transform 10.0... 
02/04/15::16:14:18:  Assembling U(0,1) 
02/04/15::16:14:18: Assembling BEM matrix block (0,1) 
02/04/15::16:15:18:   Computing ZForce... 
02/04/15::16:15:22: Computing Casimir integrand at Xi=0.5085
 
02/04/15::16:15:22: Assembling T1 at Xi=5.085000e-01... 
02/04/15::16:15:22: Assembling BEM matrix block (0,0) 
02/04/15::16:15:25: Assembling T2 at Xi=5.085000e-01... 
02/04/15::16:15:25: Assembling BEM matrix block (1,1) 
02/04/15::16:18:59: LU-factorizing T1 at Xi=0.5085... 
02/04/15::16:18:59: LU-factorizing T2 at Xi=0.5085... 
02/04/15::16:19:07: Applying transform 10.0... 
02/04/15::16:19:07:  Assembling U(0,1) 
02/04/15::16:19:07: Assembling BEM matrix block (0,1) 
02/04/15::16:20:07:   Computing ZForce... 
02/04/15::16:20:10: Computing Casimir integrand at Xi=0.5435
 
02/04/15::16:20:10: Assembling T1 at Xi=5.435000e-01... 
02/04/15::16:20:10: Assembling BEM matrix block (0,0) 
02/04/15::16:20:14: Assembling T2 at Xi=5.435000e-01... 
02/04/15::16:20:14: Assembling BEM matrix block (1,1) 
02/04/15::16:23:50: LU-factorizing T1 at Xi=0.5435... 
02/04/15::16:23:50: LU-factorizing T2 at Xi=0.5435... 
02/04/15::16:23:59: Applying transform 10.0... 
02/04/15::16:23:59:  Assembling U(0,1) 
02/04/15::16:23:59: Assembling BEM matrix block (0,1) 
02/04/15::16:24:59:   Computing ZForce... 
02/04/15::16:25:02: Computing Casimir integrand at Xi=0.491
 
02/04/15::16:25:02: Assembling T1 at Xi=4.910000e-01... 
02/04/15::16:25:02: Assembling BEM matrix block (0,0) 
02/04/15::16:25:06: Assembling T2 at Xi=4.910000e-01... 
02/04/15::16:25:06: Assembling BEM matrix block (1,1) 
02/04/15::16:28:39: LU-factorizing T1 at Xi=0.491... 
02/04/15::16:28:39: LU-factorizing T2 at Xi=0.491... 
02/04/15::16:28:48: Applying transform 10.0... 
02/04/15::16:28:48:  Assembling U(0,1) 
02/04/15::16:28:48: Assembling BEM matrix block (0,1) 
02/04/15::16:29:48:   Computing ZForce... 
02/04/15::16:29:51: Computing Casimir integrand at Xi=0.5435
 
02/04/15::16:29:51: Assembling T1 at Xi=5.435000e-01... 
02/04/15::16:29:51: Assembling BEM matrix block (0,0) 
02/04/15::16:29:55: Assembling T2 at Xi=5.435000e-01... 
02/04/15::16:29:55: Assembling BEM matrix block (1,1) 
02/04/15::16:33:31: LU-factorizing T1 at Xi=0.5435... 
02/04/15::16:33:31: LU-factorizing T2 at Xi=0.5435... 
02/04/15::16:33:40: Applying transform 10.0... 
02/04/15::16:33:40:  Assembling U(0,1) 
02/04/15::16:33:40: Assembling BEM matrix block (0,1) 
02/04/15::16:34:39:   Computing ZForce... 
02/04/15::16:34:43: Computing Casimir integrand at Xi=0.5785
 
02/04/15::16:34:43: Assembling T1 at Xi=5.785000e-01... 
02/04/15::16:34:43: Assembling BEM matrix block (0,0) 
02/04/15::16:34:47: Assembling T2 at Xi=5.785000e-01... 
02/04/15::16:34:47: Assembling BEM matrix block (1,1) 
02/04/15::16:38:25: LU-factorizing T1 at Xi=0.5785... 
02/04/15::16:38:25: LU-factorizing T2 at Xi=0.5785... 
02/04/15::16:38:33: Applying transform 10.0... 
02/04/15::16:38:33:  Assembling U(0,1) 
02/04/15::16:38:33: Assembling BEM matrix block (0,1) 
02/04/15::16:39:33:   Computing ZForce... 
02/04/15::16:39:37: Computing Casimir integrand at Xi=0.526
 
02/04/15::16:39:37: Assembling T1 at Xi=5.260000e-01... 
02/04/15::16:39:37: Assembling BEM matrix block (0,0) 
02/04/15::16:39:40: Assembling T2 at Xi=5.260000e-01... 
02/04/15::16:39:40: Assembling BEM matrix block (1,1) 
02/04/15::16:43:16: LU-factorizing T1 at Xi=0.526... 
02/04/15::16:43:16: LU-factorizing T2 at Xi=0.526... 
02/04/15::16:43:24: Applying transform 10.0... 
02/04/15::16:43:24:  Assembling U(0,1) 
02/04/15::16:43:24: Assembling BEM matrix block (0,1) 
02/04/15::16:44:24:   Computing ZForce... 
02/04/15::16:44:27: Computing Casimir integrand at Xi=0.5785
 
02/04/15::16:44:27: Assembling T1 at Xi=5.785000e-01... 
02/04/15::16:44:27: Assembling BEM matrix block (0,0) 
02/04/15::16:44:31: Assembling T2 at Xi=5.785000e-01... 
02/04/15::16:44:31: Assembling BEM matrix block (1,1) 
02/04/15::16:48:09: LU-factorizing T1 at Xi=0.5785... 
02/04/15::16:48:09: LU-factorizing T2 at Xi=0.5785... 
02/04/15::16:48:17: Applying transform 10.0... 
02/04/15::16:48:17:  Assembling U(0,1) 
02/04/15::16:48:17: Assembling BEM matrix block (0,1) 
02/04/15::16:49:16:   Computing ZForce... 
02/04/15::16:49:20: Computing Casimir integrand at Xi=0.6135
 
02/04/15::16:49:20: Assembling T1 at Xi=6.135000e-01... 
02/04/15::16:49:20: Assembling BEM matrix block (0,0) 
02/04/15::16:49:24: Assembling T2 at Xi=6.135000e-01... 
02/04/15::16:49:24: Assembling BEM matrix block (1,1) 
02/04/15::16:53:03: LU-factorizing T1 at Xi=0.6135... 
02/04/15::16:53:03: LU-factorizing T2 at Xi=0.6135... 
02/04/15::16:53:12: Applying transform 10.0... 
02/04/15::16:53:12:  Assembling U(0,1) 
02/04/15::16:53:12: Assembling BEM matrix block (0,1) 
02/04/15::16:54:12:   Computing ZForce... 
02/04/15::16:54:16: Computing Casimir integrand at Xi=0.561
 
02/04/15::16:54:16: Assembling T1 at Xi=5.610000e-01... 
02/04/15::16:54:16: Assembling BEM matrix block (0,0) 
02/04/15::16:54:19: Assembling T2 at Xi=5.610000e-01... 
02/04/15::16:54:19: Assembling BEM matrix block (1,1) 
02/04/15::16:57:57: LU-factorizing T1 at Xi=0.561... 
02/04/15::16:57:57: LU-factorizing T2 at Xi=0.561... 
02/04/15::16:58:06: Applying transform 10.0... 
02/04/15::16:58:06:  Assembling U(0,1) 
02/04/15::16:58:06: Assembling BEM matrix block (0,1) 
02/04/15::16:59:06:   Computing ZForce... 
