02/04/15::13:34:46: scuff-cas3D running on bullet0297 
02/04/15::13:34:46: Setting material properties of exterior region to VACUUM. 
02/04/15::13:34:46: Flipped 514 panel normals to comport with region definitions. 
02/04/15::13:34:46: Computing full zero-temperature Casimir quantities. 
02/04/15::13:34:46: Read 1 geometrical transformations from file BeadPEC_L-2.51189.trans. 
02/04/15::13:34:46: Minimum distance between surface points=2.511890e+00 
02/04/15::13:34:46: Computing Casimir integrand at Xi=0.001
 
02/04/15::13:34:46: Assembling T1 at Xi=1.000000e-03... 
02/04/15::13:34:46: Assembling BEM matrix block (0,0) 
02/04/15::13:35:19: Assembling T2 at Xi=1.000000e-03... 
02/04/15::13:35:19: Assembling BEM matrix block (1,1) 
02/04/15::13:40:48: LU-factorizing T1 at Xi=0.001... 
02/04/15::13:40:48: LU-factorizing T2 at Xi=0.001... 
02/04/15::13:40:54: Applying transform 2.51189... 
02/04/15::13:40:54:  Assembling U(0,1) 
02/04/15::13:40:54: Assembling BEM matrix block (0,1) 
02/04/15::13:44:32:   Computing ZForce... 
02/04/15::13:44:35: Computing Casimir integrand at Xi=0.0358343
 
02/04/15::13:44:35: Assembling T1 at Xi=3.583433e-02... 
02/04/15::13:44:35: Assembling BEM matrix block (0,0) 
02/04/15::13:44:37: Assembling T2 at Xi=3.583433e-02... 
02/04/15::13:44:37: Assembling BEM matrix block (1,1) 
02/04/15::13:47:08: LU-factorizing T1 at Xi=0.0358343... 
02/04/15::13:47:08: LU-factorizing T2 at Xi=0.0358343... 
02/04/15::13:47:14: Applying transform 2.51189... 
02/04/15::13:47:14:  Assembling U(0,1) 
02/04/15::13:47:14: Assembling BEM matrix block (0,1) 
02/04/15::13:50:39:   Computing ZForce... 
02/04/15::13:50:41: Computing Casimir integrand at Xi=0.0706687
 
02/04/15::13:50:42: Assembling T1 at Xi=7.066866e-02... 
02/04/15::13:50:42: Assembling BEM matrix block (0,0) 
02/04/15::13:50:44: Assembling T2 at Xi=7.066866e-02... 
02/04/15::13:50:44: Assembling BEM matrix block (1,1) 
02/04/15::13:53:18: LU-factorizing T1 at Xi=0.0706687... 
02/04/15::13:53:18: LU-factorizing T2 at Xi=0.0706687... 
02/04/15::13:53:24: Applying transform 2.51189... 
02/04/15::13:53:24:  Assembling U(0,1) 
02/04/15::13:53:24: Assembling BEM matrix block (0,1) 
02/04/15::13:56:49:   Computing ZForce... 
02/04/15::13:56:52: Computing Casimir integrand at Xi=0.140337
 
02/04/15::13:56:52: Assembling T1 at Xi=1.403373e-01... 
02/04/15::13:56:52: Assembling BEM matrix block (0,0) 
02/04/15::13:56:55: Assembling T2 at Xi=1.403373e-01... 
02/04/15::13:56:55: Assembling BEM matrix block (1,1) 
02/04/15::13:59:32: LU-factorizing T1 at Xi=0.140337... 
02/04/15::13:59:32: LU-factorizing T2 at Xi=0.140337... 
02/04/15::13:59:39: Applying transform 2.51189... 
02/04/15::13:59:39:  Assembling U(0,1) 
02/04/15::13:59:39: Assembling BEM matrix block (0,1) 
02/04/15::14:03:05:   Computing ZForce... 
02/04/15::14:03:07: Computing Casimir integrand at Xi=0.210006
 
02/04/15::14:03:07: Assembling T1 at Xi=2.100060e-01... 
02/04/15::14:03:07: Assembling BEM matrix block (0,0) 
02/04/15::14:03:10: Assembling T2 at Xi=2.100060e-01... 
02/04/15::14:03:10: Assembling BEM matrix block (1,1) 
02/04/15::14:05:52: LU-factorizing T1 at Xi=0.210006... 
02/04/15::14:05:52: LU-factorizing T2 at Xi=0.210006... 
02/04/15::14:05:58: Applying transform 2.51189... 
02/04/15::14:05:58:  Assembling U(0,1) 
02/04/15::14:05:58: Assembling BEM matrix block (0,1) 
02/04/15::14:09:25:   Computing ZForce... 
02/04/15::14:09:27: Computing Casimir integrand at Xi=0.349343
 
02/04/15::14:09:27: Assembling T1 at Xi=3.493433e-01... 
02/04/15::14:09:27: Assembling BEM matrix block (0,0) 
02/04/15::14:09:30: Assembling T2 at Xi=3.493433e-01... 
02/04/15::14:09:30: Assembling BEM matrix block (1,1) 
02/04/15::14:12:20: LU-factorizing T1 at Xi=0.349343... 
02/04/15::14:12:20: LU-factorizing T2 at Xi=0.349343... 
02/04/15::14:12:26: Applying transform 2.51189... 
02/04/15::14:12:26:  Assembling U(0,1) 
02/04/15::14:12:26: Assembling BEM matrix block (0,1) 
02/04/15::14:15:53:   Computing ZForce... 
02/04/15::14:15:56: Computing Casimir integrand at Xi=0.488681
 
02/04/15::14:15:56: Assembling T1 at Xi=4.886806e-01... 
02/04/15::14:15:56: Assembling BEM matrix block (0,0) 
02/04/15::14:15:59: Assembling T2 at Xi=4.886806e-01... 
02/04/15::14:15:59: Assembling BEM matrix block (1,1) 
02/04/15::14:18:56: LU-factorizing T1 at Xi=0.488681... 
02/04/15::14:18:56: LU-factorizing T2 at Xi=0.488681... 
02/04/15::14:19:02: Applying transform 2.51189... 
02/04/15::14:19:02:  Assembling U(0,1) 
02/04/15::14:19:02: Assembling BEM matrix block (0,1) 
02/04/15::14:22:30:   Computing ZForce... 
02/04/15::14:22:33: Computing Casimir integrand at Xi=0.628018
 
02/04/15::14:22:33: Assembling T1 at Xi=6.280179e-01... 
02/04/15::14:22:33: Assembling BEM matrix block (0,0) 
02/04/15::14:22:36: Assembling T2 at Xi=6.280179e-01... 
02/04/15::14:22:36: Assembling BEM matrix block (1,1) 
02/04/15::14:25:41: LU-factorizing T1 at Xi=0.628018... 
02/04/15::14:25:41: LU-factorizing T2 at Xi=0.628018... 
02/04/15::14:25:47: Applying transform 2.51189... 
02/04/15::14:25:47:  Assembling U(0,1) 
02/04/15::14:25:47: Assembling BEM matrix block (0,1) 
02/04/15::14:29:15:   Computing ZForce... 
02/04/15::14:29:18: Computing Casimir integrand at Xi=0.767355
 
02/04/15::14:29:18: Assembling T1 at Xi=7.673552e-01... 
02/04/15::14:29:18: Assembling BEM matrix block (0,0) 
02/04/15::14:29:21: Assembling T2 at Xi=7.673552e-01... 
02/04/15::14:29:21: Assembling BEM matrix block (1,1) 
02/04/15::14:32:33: LU-factorizing T1 at Xi=0.767355... 
02/04/15::14:32:33: LU-factorizing T2 at Xi=0.767355... 
02/04/15::14:32:39: Applying transform 2.51189... 
02/04/15::14:32:39:  Assembling U(0,1) 
02/04/15::14:32:39: Assembling BEM matrix block (0,1) 
02/04/15::14:36:08:   Computing ZForce... 
02/04/15::14:36:11: Computing Casimir integrand at Xi=0.558349
 
02/04/15::14:36:11: Assembling T1 at Xi=5.583492e-01... 
02/04/15::14:36:11: Assembling BEM matrix block (0,0) 
02/04/15::14:36:14: Assembling T2 at Xi=5.583492e-01... 
02/04/15::14:36:14: Assembling BEM matrix block (1,1) 
02/04/15::14:39:15: LU-factorizing T1 at Xi=0.558349... 
02/04/15::14:39:15: LU-factorizing T2 at Xi=0.558349... 
02/04/15::14:39:21: Applying transform 2.51189... 
02/04/15::14:39:21:  Assembling U(0,1) 
02/04/15::14:39:21: Assembling BEM matrix block (0,1) 
02/04/15::14:42:50:   Computing ZForce... 
02/04/15::14:42:53: Computing Casimir integrand at Xi=0.767355
 
02/04/15::14:42:53: Assembling T1 at Xi=7.673552e-01... 
02/04/15::14:42:53: Assembling BEM matrix block (0,0) 
02/04/15::14:42:56: Assembling T2 at Xi=7.673552e-01... 
02/04/15::14:42:56: Assembling BEM matrix block (1,1) 
02/04/15::14:46:08: LU-factorizing T1 at Xi=0.767355... 
02/04/15::14:46:08: LU-factorizing T2 at Xi=0.767355... 
02/04/15::14:46:15: Applying transform 2.51189... 
02/04/15::14:46:15:  Assembling U(0,1) 
02/04/15::14:46:15: Assembling BEM matrix block (0,1) 
02/04/15::14:49:45:   Computing ZForce... 
02/04/15::14:49:47: Computing Casimir integrand at Xi=0.906693
 
02/04/15::14:49:47: Assembling T1 at Xi=9.066925e-01... 
02/04/15::14:49:47: Assembling BEM matrix block (0,0) 
02/04/15::14:49:51: Assembling T2 at Xi=9.066925e-01... 
02/04/15::14:49:51: Assembling BEM matrix block (1,1) 
02/04/15::15:12:26: LU-factorizing T1 at Xi=0.906693... 
02/04/15::15:12:26: LU-factorizing T2 at Xi=0.906693... 
02/04/15::15:12:32: Applying transform 2.51189... 
02/04/15::15:12:32:  Assembling U(0,1) 
02/04/15::15:12:32: Assembling BEM matrix block (0,1) 
02/04/15::15:15:57:   Computing ZForce... 
02/04/15::15:16:00: Computing Casimir integrand at Xi=0.697687
 
02/04/15::15:16:00: Assembling T1 at Xi=6.976866e-01... 
02/04/15::15:16:00: Assembling BEM matrix block (0,0) 
02/04/15::15:16:03: Assembling T2 at Xi=6.976866e-01... 
02/04/15::15:16:03: Assembling BEM matrix block (1,1) 
02/04/15::15:19:12: LU-factorizing T1 at Xi=0.697687... 
02/04/15::15:19:12: LU-factorizing T2 at Xi=0.697687... 
02/04/15::15:19:18: Applying transform 2.51189... 
02/04/15::15:19:18:  Assembling U(0,1) 
02/04/15::15:19:18: Assembling BEM matrix block (0,1) 
02/04/15::15:22:47:   Computing ZForce... 
02/04/15::15:22:50: Computing Casimir integrand at Xi=0.906693
 
02/04/15::15:22:50: Assembling T1 at Xi=9.066925e-01... 
02/04/15::15:22:50: Assembling BEM matrix block (0,0) 
02/04/15::15:22:53: Assembling T2 at Xi=9.066925e-01... 
02/04/15::15:22:53: Assembling BEM matrix block (1,1) 
02/04/15::15:45:26: LU-factorizing T1 at Xi=0.906693... 
02/04/15::15:45:26: LU-factorizing T2 at Xi=0.906693... 
02/04/15::15:45:32: Applying transform 2.51189... 
02/04/15::15:45:32:  Assembling U(0,1) 
02/04/15::15:45:32: Assembling BEM matrix block (0,1) 
02/04/15::15:48:57:   Computing ZForce... 
02/04/15::15:48:59: Computing Casimir integrand at Xi=1.04603
 
02/04/15::15:48:59: Assembling T1 at Xi=1.046030e+00... 
02/04/15::15:48:59: Assembling BEM matrix block (0,0) 
02/04/15::15:49:03: Assembling T2 at Xi=1.046030e+00... 
02/04/15::15:49:03: Assembling BEM matrix block (1,1) 
02/04/15::16:12:35: LU-factorizing T1 at Xi=1.04603... 
02/04/15::16:12:35: LU-factorizing T2 at Xi=1.04603... 
02/04/15::16:12:41: Applying transform 2.51189... 
02/04/15::16:12:41:  Assembling U(0,1) 
02/04/15::16:12:41: Assembling BEM matrix block (0,1) 
02/04/15::16:16:06:   Computing ZForce... 
02/04/15::16:16:09: Computing Casimir integrand at Xi=0.837024
 
02/04/15::16:16:09: Assembling T1 at Xi=8.370239e-01... 
02/04/15::16:16:09: Assembling BEM matrix block (0,0) 
02/04/15::16:16:12: Assembling T2 at Xi=8.370239e-01... 
02/04/15::16:16:12: Assembling BEM matrix block (1,1) 
02/04/15::16:19:27: LU-factorizing T1 at Xi=0.837024... 
02/04/15::16:19:27: LU-factorizing T2 at Xi=0.837024... 
02/04/15::16:19:33: Applying transform 2.51189... 
02/04/15::16:19:33:  Assembling U(0,1) 
02/04/15::16:19:33: Assembling BEM matrix block (0,1) 
02/04/15::16:23:03:   Computing ZForce... 
02/04/15::16:23:06: Computing Casimir integrand at Xi=1.04603
 
02/04/15::16:23:06: Assembling T1 at Xi=1.046030e+00... 
02/04/15::16:23:06: Assembling BEM matrix block (0,0) 
02/04/15::16:23:09: Assembling T2 at Xi=1.046030e+00... 
02/04/15::16:23:09: Assembling BEM matrix block (1,1) 
02/04/15::16:46:41: LU-factorizing T1 at Xi=1.04603... 
02/04/15::16:46:41: LU-factorizing T2 at Xi=1.04603... 
02/04/15::16:46:47: Applying transform 2.51189... 
02/04/15::16:46:47:  Assembling U(0,1) 
02/04/15::16:46:47: Assembling BEM matrix block (0,1) 
02/04/15::16:50:12:   Computing ZForce... 
02/04/15::16:50:15: Computing Casimir integrand at Xi=1.18537
 
02/04/15::16:50:15: Assembling T1 at Xi=1.185367e+00... 
02/04/15::16:50:15: Assembling BEM matrix block (0,0) 
02/04/15::16:50:18: Assembling T2 at Xi=1.185367e+00... 
02/04/15::16:50:18: Assembling BEM matrix block (1,1) 
02/04/15::17:13:49: LU-factorizing T1 at Xi=1.18537... 
02/04/15::17:13:49: LU-factorizing T2 at Xi=1.18537... 
02/04/15::17:13:55: Applying transform 2.51189... 
02/04/15::17:13:55:  Assembling U(0,1) 
02/04/15::17:13:55: Assembling BEM matrix block (0,1) 
02/04/15::17:17:21:   Computing ZForce... 
02/04/15::17:17:23: Computing Casimir integrand at Xi=0.976361
 
02/04/15::17:17:23: Assembling T1 at Xi=9.763612e-01... 
02/04/15::17:17:23: Assembling BEM matrix block (0,0) 
02/04/15::17:17:26: Assembling T2 at Xi=9.763612e-01... 
02/04/15::17:17:26: Assembling BEM matrix block (1,1) 
02/04/15::17:40:56: LU-factorizing T1 at Xi=0.976361... 
02/04/15::17:40:56: LU-factorizing T2 at Xi=0.976361... 
02/04/15::17:41:02: Applying transform 2.51189... 
02/04/15::17:41:02:  Assembling U(0,1) 
02/04/15::17:41:02: Assembling BEM matrix block (0,1) 
02/04/15::17:44:27:   Computing ZForce... 
02/04/15::17:44:29: Computing Casimir integrand at Xi=1.1157
 
02/04/15::17:44:29: Assembling T1 at Xi=1.115698e+00... 
02/04/15::17:44:29: Assembling BEM matrix block (0,0) 
02/04/15::17:44:33: Assembling T2 at Xi=1.115698e+00... 
02/04/15::17:44:33: Assembling BEM matrix block (1,1) 
02/04/15::18:08:03: LU-factorizing T1 at Xi=1.1157... 
02/04/15::18:08:03: LU-factorizing T2 at Xi=1.1157... 
02/04/15::18:08:09: Applying transform 2.51189... 
02/04/15::18:08:09:  Assembling U(0,1) 
02/04/15::18:08:09: Assembling BEM matrix block (0,1) 
02/04/15::18:11:34:   Computing ZForce... 
02/04/15::18:11:36: Computing Casimir integrand at Xi=1.18537
 
02/04/15::18:11:36: Assembling T1 at Xi=1.185367e+00... 
02/04/15::18:11:36: Assembling BEM matrix block (0,0) 
02/04/15::18:11:40: Assembling T2 at Xi=1.185367e+00... 
02/04/15::18:11:40: Assembling BEM matrix block (1,1) 
02/04/15::18:35:10: LU-factorizing T1 at Xi=1.18537... 
02/04/15::18:35:10: LU-factorizing T2 at Xi=1.18537... 
02/04/15::18:35:16: Applying transform 2.51189... 
02/04/15::18:35:16:  Assembling U(0,1) 
02/04/15::18:35:16: Assembling BEM matrix block (0,1) 
02/04/15::18:38:41:   Computing ZForce... 
02/04/15::18:38:43: Computing Casimir integrand at Xi=1.25504
 
02/04/15::18:38:43: Assembling T1 at Xi=1.255036e+00... 
02/04/15::18:38:43: Assembling BEM matrix block (0,0) 
02/04/15::18:38:47: Assembling T2 at Xi=1.255036e+00... 
02/04/15::18:38:47: Assembling BEM matrix block (1,1) 
02/04/15::19:02:18: LU-factorizing T1 at Xi=1.25504... 
02/04/15::19:02:18: LU-factorizing T2 at Xi=1.25504... 
02/04/15::19:02:24: Applying transform 2.51189... 
02/04/15::19:02:24:  Assembling U(0,1) 
02/04/15::19:02:24: Assembling BEM matrix block (0,1) 
02/04/15::19:05:50:   Computing ZForce... 
02/04/15::19:05:52: Computing Casimir integrand at Xi=1.3247
 
02/04/15::19:05:52: Assembling T1 at Xi=1.324704e+00... 
02/04/15::19:05:52: Assembling BEM matrix block (0,0) 
02/04/15::19:05:56: Assembling T2 at Xi=1.324704e+00... 
02/04/15::19:05:56: Assembling BEM matrix block (1,1) 
02/04/15::19:29:34: LU-factorizing T1 at Xi=1.3247... 
02/04/15::19:29:34: LU-factorizing T2 at Xi=1.3247... 
02/04/15::19:29:40: Applying transform 2.51189... 
02/04/15::19:29:40:  Assembling U(0,1) 
02/04/15::19:29:40: Assembling BEM matrix block (0,1) 
02/04/15::19:33:06:   Computing ZForce... 
02/04/15::19:33:08: Computing Casimir integrand at Xi=1.39437
 
02/04/15::19:33:08: Assembling T1 at Xi=1.394373e+00... 
02/04/15::19:33:08: Assembling BEM matrix block (0,0) 
02/04/15::19:33:12: Assembling T2 at Xi=1.394373e+00... 
02/04/15::19:33:12: Assembling BEM matrix block (1,1) 
02/04/15::19:56:55: LU-factorizing T1 at Xi=1.39437... 
02/04/15::19:56:55: LU-factorizing T2 at Xi=1.39437... 
02/04/15::19:57:01: Applying transform 2.51189... 
02/04/15::19:57:01:  Assembling U(0,1) 
02/04/15::19:57:01: Assembling BEM matrix block (0,1) 
02/04/15::20:00:26:   Computing ZForce... 
02/04/15::20:00:29: Computing Casimir integrand at Xi=1.46404
 
02/04/15::20:00:29: Assembling T1 at Xi=1.464042e+00... 
02/04/15::20:00:29: Assembling BEM matrix block (0,0) 
02/04/15::20:00:33: Assembling T2 at Xi=1.464042e+00... 
02/04/15::20:00:33: Assembling BEM matrix block (1,1) 
02/04/15::20:24:26: LU-factorizing T1 at Xi=1.46404... 
02/04/15::20:24:26: LU-factorizing T2 at Xi=1.46404... 
02/04/15::20:24:32: Applying transform 2.51189... 
02/04/15::20:24:32:  Assembling U(0,1) 
02/04/15::20:24:32: Assembling BEM matrix block (0,1) 
02/04/15::20:27:57:   Computing ZForce... 
02/04/15::20:27:59: Computing Casimir integrand at Xi=1.53371
 
02/04/15::20:27:59: Assembling T1 at Xi=1.533710e+00... 
02/04/15::20:27:59: Assembling BEM matrix block (0,0) 
02/04/15::20:28:03: Assembling T2 at Xi=1.533710e+00... 
02/04/15::20:28:03: Assembling BEM matrix block (1,1) 
02/04/15::20:52:23: LU-factorizing T1 at Xi=1.53371... 
02/04/15::20:52:23: LU-factorizing T2 at Xi=1.53371... 
02/04/15::20:52:29: Applying transform 2.51189... 
02/04/15::20:52:29:  Assembling U(0,1) 
02/04/15::20:52:29: Assembling BEM matrix block (0,1) 
02/04/15::20:55:53:   Computing ZForce... 
02/04/15::20:55:56: Computing Casimir integrand at Xi=1.60338
 
02/04/15::20:55:56: Assembling T1 at Xi=1.603379e+00... 
02/04/15::20:55:56: Assembling BEM matrix block (0,0) 
02/04/15::20:56:00: Assembling T2 at Xi=1.603379e+00... 
02/04/15::20:56:00: Assembling BEM matrix block (1,1) 
02/04/15::21:20:34: LU-factorizing T1 at Xi=1.60338... 
02/04/15::21:20:34: LU-factorizing T2 at Xi=1.60338... 
02/04/15::21:20:40: Applying transform 2.51189... 
02/04/15::21:20:40:  Assembling U(0,1) 
02/04/15::21:20:40: Assembling BEM matrix block (0,1) 
02/04/15::21:24:04:   Computing ZForce... 
02/04/15::21:24:07: Computing Casimir integrand at Xi=1.67305
 
02/04/15::21:24:07: Assembling T1 at Xi=1.673048e+00... 
02/04/15::21:24:07: Assembling BEM matrix block (0,0) 
02/04/15::21:24:11: Assembling T2 at Xi=1.673048e+00... 
02/04/15::21:24:11: Assembling BEM matrix block (1,1) 
02/04/15::21:49:07: LU-factorizing T1 at Xi=1.67305... 
02/04/15::21:49:07: LU-factorizing T2 at Xi=1.67305... 
02/04/15::21:49:13: Applying transform 2.51189... 
02/04/15::21:49:13:  Assembling U(0,1) 
02/04/15::21:49:13: Assembling BEM matrix block (0,1) 
02/04/15::21:52:37:   Computing ZForce... 
02/04/15::21:52:39: Computing Casimir integrand at Xi=1.74272
 
02/04/15::21:52:39: Assembling T1 at Xi=1.742716e+00... 
02/04/15::21:52:39: Assembling BEM matrix block (0,0) 
02/04/15::21:52:43: Assembling T2 at Xi=1.742716e+00... 
02/04/15::21:52:43: Assembling BEM matrix block (1,1) 
02/04/15::22:17:54: LU-factorizing T1 at Xi=1.74272... 
02/04/15::22:17:54: LU-factorizing T2 at Xi=1.74272... 
02/04/15::22:18:00: Applying transform 2.51189... 
02/04/15::22:18:00:  Assembling U(0,1) 
02/04/15::22:18:00: Assembling BEM matrix block (0,1) 
02/04/15::22:21:23:   Computing ZForce... 
02/04/15::22:21:25: Computing Casimir integrand at Xi=1.88205
 
02/04/15::22:21:25: Assembling T1 at Xi=1.882054e+00... 
02/04/15::22:21:25: Assembling BEM matrix block (0,0) 
02/04/15::22:21:29: Assembling T2 at Xi=1.882054e+00... 
02/04/15::22:21:29: Assembling BEM matrix block (1,1) 
02/04/15::22:46:56: LU-factorizing T1 at Xi=1.88205... 
02/04/15::22:46:56: LU-factorizing T2 at Xi=1.88205... 
02/04/15::22:47:02: Applying transform 2.51189... 
02/04/15::22:47:02:  Assembling U(0,1) 
02/04/15::22:47:02: Assembling BEM matrix block (0,1) 
02/04/15::22:50:25:   Computing ZForce... 
02/04/15::22:50:27: Computing Casimir integrand at Xi=2.02139
 
02/04/15::22:50:27: Assembling T1 at Xi=2.021391e+00... 
02/04/15::22:50:27: Assembling BEM matrix block (0,0) 
02/04/15::22:50:31: Assembling T2 at Xi=2.021391e+00... 
02/04/15::22:50:31: Assembling BEM matrix block (1,1) 
02/04/15::23:16:09: LU-factorizing T1 at Xi=2.02139... 
02/04/15::23:16:09: LU-factorizing T2 at Xi=2.02139... 
02/04/15::23:16:15: Applying transform 2.51189... 
02/04/15::23:16:15:  Assembling U(0,1) 
02/04/15::23:16:15: Assembling BEM matrix block (0,1) 
02/04/15::23:19:40:   Computing ZForce... 
02/04/15::23:19:42: Computing Casimir integrand at Xi=1.81239
 
02/04/15::23:19:42: Assembling T1 at Xi=1.812385e+00... 
02/04/15::23:19:42: Assembling BEM matrix block (0,0) 
02/04/15::23:19:46: Assembling T2 at Xi=1.812385e+00... 
02/04/15::23:19:46: Assembling BEM matrix block (1,1) 
02/04/15::23:45:14: LU-factorizing T1 at Xi=1.81239... 
02/04/15::23:45:14: LU-factorizing T2 at Xi=1.81239... 
02/04/15::23:45:20: Applying transform 2.51189... 
02/04/15::23:45:20:  Assembling U(0,1) 
02/04/15::23:45:20: Assembling BEM matrix block (0,1) 
02/04/15::23:48:43:   Computing ZForce... 
02/04/15::23:48:46: Computing Casimir integrand at Xi=2.02139
 
02/04/15::23:48:46: Assembling T1 at Xi=2.021391e+00... 
02/04/15::23:48:46: Assembling BEM matrix block (0,0) 
02/04/15::23:48:50: Assembling T2 at Xi=2.021391e+00... 
02/04/15::23:48:50: Assembling BEM matrix block (1,1) 
02/05/15::00:14:19: LU-factorizing T1 at Xi=2.02139... 
02/05/15::00:14:19: LU-factorizing T2 at Xi=2.02139... 
02/05/15::00:14:25: Applying transform 2.51189... 
02/05/15::00:14:25:  Assembling U(0,1) 
02/05/15::00:14:25: Assembling BEM matrix block (0,1) 
02/05/15::00:17:47:   Computing ZForce... 
02/05/15::00:17:50: Computing Casimir integrand at Xi=2.16073
 
02/05/15::00:17:50: Assembling T1 at Xi=2.160728e+00... 
02/05/15::00:17:50: Assembling BEM matrix block (0,0) 
02/05/15::00:17:54: Assembling T2 at Xi=2.160728e+00... 
02/05/15::00:17:54: Assembling BEM matrix block (1,1) 
02/05/15::00:43:23: LU-factorizing T1 at Xi=2.16073... 
02/05/15::00:43:23: LU-factorizing T2 at Xi=2.16073... 
02/05/15::00:43:29: Applying transform 2.51189... 
02/05/15::00:43:29:  Assembling U(0,1) 
02/05/15::00:43:29: Assembling BEM matrix block (0,1) 
02/05/15::00:46:52:   Computing ZForce... 
02/05/15::00:46:54: Computing Casimir integrand at Xi=1.95172
 
02/05/15::00:46:54: Assembling T1 at Xi=1.951722e+00... 
02/05/15::00:46:54: Assembling BEM matrix block (0,0) 
02/05/15::00:46:58: Assembling T2 at Xi=1.951722e+00... 
02/05/15::00:46:58: Assembling BEM matrix block (1,1) 
02/05/15::01:12:35: LU-factorizing T1 at Xi=1.95172... 
02/05/15::01:12:35: LU-factorizing T2 at Xi=1.95172... 
02/05/15::01:12:42: Applying transform 2.51189... 
02/05/15::01:12:42:  Assembling U(0,1) 
02/05/15::01:12:42: Assembling BEM matrix block (0,1) 
02/05/15::01:16:09:   Computing ZForce... 
