02/04/15::13:34:46: scuff-cas3D running on bullet0268 
02/04/15::13:34:46: Setting material properties of exterior region to VACUUM. 
02/04/15::13:34:46: Flipped 514 panel normals to comport with region definitions. 
02/04/15::13:34:46: Computing full zero-temperature Casimir quantities. 
02/04/15::13:34:46: Read 1 geometrical transformations from file BeadPEC_L-0.794328.trans. 
02/04/15::13:34:46: Minimum distance between surface points=7.943280e-01 
02/04/15::13:34:46: Computing Casimir integrand at Xi=0.001
 
02/04/15::13:34:46: Assembling T1 at Xi=1.000000e-03... 
02/04/15::13:34:46: Assembling BEM matrix block (0,0) 
02/04/15::13:35:19: Assembling T2 at Xi=1.000000e-03... 
02/04/15::13:35:19: Assembling BEM matrix block (1,1) 
02/04/15::13:40:48: LU-factorizing T1 at Xi=0.001... 
02/04/15::13:40:48: LU-factorizing T2 at Xi=0.001... 
02/04/15::13:40:54: Applying transform 0.794328... 
02/04/15::13:40:54:  Assembling U(0,1) 
02/04/15::13:40:54: Assembling BEM matrix block (0,1) 
02/04/15::13:45:31:   Computing ZForce... 
02/04/15::13:45:33: Computing Casimir integrand at Xi=0.111156
 
02/04/15::13:45:33: Assembling T1 at Xi=1.111560e-01... 
02/04/15::13:45:33: Assembling BEM matrix block (0,0) 
02/04/15::13:45:36: Assembling T2 at Xi=1.111560e-01... 
02/04/15::13:45:36: Assembling BEM matrix block (1,1) 
02/04/15::13:48:12: LU-factorizing T1 at Xi=0.111156... 
02/04/15::13:48:12: LU-factorizing T2 at Xi=0.111156... 
02/04/15::13:48:18: Applying transform 0.794328... 
02/04/15::13:48:18:  Assembling U(0,1) 
02/04/15::13:48:18: Assembling BEM matrix block (0,1) 
02/04/15::13:52:36:   Computing ZForce... 
02/04/15::13:52:38: Computing Casimir integrand at Xi=0.221312
 
02/04/15::13:52:38: Assembling T1 at Xi=2.213120e-01... 
02/04/15::13:52:38: Assembling BEM matrix block (0,0) 
02/04/15::13:52:41: Assembling T2 at Xi=2.213120e-01... 
02/04/15::13:52:41: Assembling BEM matrix block (1,1) 
02/04/15::13:55:24: LU-factorizing T1 at Xi=0.221312... 
02/04/15::13:55:24: LU-factorizing T2 at Xi=0.221312... 
02/04/15::13:55:30: Applying transform 0.794328... 
02/04/15::13:55:30:  Assembling U(0,1) 
02/04/15::13:55:30: Assembling BEM matrix block (0,1) 
02/04/15::13:59:49:   Computing ZForce... 
02/04/15::13:59:51: Computing Casimir integrand at Xi=0.441624
 
02/04/15::13:59:51: Assembling T1 at Xi=4.416240e-01... 
02/04/15::13:59:51: Assembling BEM matrix block (0,0) 
02/04/15::13:59:54: Assembling T2 at Xi=4.416240e-01... 
02/04/15::13:59:54: Assembling BEM matrix block (1,1) 
02/04/15::14:02:49: LU-factorizing T1 at Xi=0.441624... 
02/04/15::14:02:49: LU-factorizing T2 at Xi=0.441624... 
02/04/15::14:02:55: Applying transform 0.794328... 
02/04/15::14:02:55:  Assembling U(0,1) 
02/04/15::14:02:55: Assembling BEM matrix block (0,1) 
02/04/15::14:07:15:   Computing ZForce... 
02/04/15::14:07:18: Computing Casimir integrand at Xi=0.661936
 
02/04/15::14:07:18: Assembling T1 at Xi=6.619360e-01... 
02/04/15::14:07:18: Assembling BEM matrix block (0,0) 
02/04/15::14:07:21: Assembling T2 at Xi=6.619360e-01... 
02/04/15::14:07:21: Assembling BEM matrix block (1,1) 
02/04/15::14:10:27: LU-factorizing T1 at Xi=0.661936... 
02/04/15::14:10:27: LU-factorizing T2 at Xi=0.661936... 
02/04/15::14:10:33: Applying transform 0.794328... 
02/04/15::14:10:33:  Assembling U(0,1) 
02/04/15::14:10:33: Assembling BEM matrix block (0,1) 
02/04/15::14:14:55:   Computing ZForce... 
02/04/15::14:14:57: Computing Casimir integrand at Xi=1.10256
 
02/04/15::14:14:57: Assembling T1 at Xi=1.102560e+00... 
02/04/15::14:14:57: Assembling BEM matrix block (0,0) 
02/04/15::14:15:01: Assembling T2 at Xi=1.102560e+00... 
02/04/15::14:15:01: Assembling BEM matrix block (1,1) 
02/04/15::14:38:28: LU-factorizing T1 at Xi=1.10256... 
02/04/15::14:38:28: LU-factorizing T2 at Xi=1.10256... 
02/04/15::14:38:34: Applying transform 0.794328... 
02/04/15::14:38:34:  Assembling U(0,1) 
02/04/15::14:38:34: Assembling BEM matrix block (0,1) 
02/04/15::14:42:51:   Computing ZForce... 
02/04/15::14:42:53: Computing Casimir integrand at Xi=1.54318
 
02/04/15::14:42:53: Assembling T1 at Xi=1.543184e+00... 
02/04/15::14:42:53: Assembling BEM matrix block (0,0) 
02/04/15::14:42:57: Assembling T2 at Xi=1.543184e+00... 
02/04/15::14:42:57: Assembling BEM matrix block (1,1) 
02/04/15::15:07:19: LU-factorizing T1 at Xi=1.54318... 
02/04/15::15:07:19: LU-factorizing T2 at Xi=1.54318... 
02/04/15::15:07:25: Applying transform 0.794328... 
02/04/15::15:07:25:  Assembling U(0,1) 
02/04/15::15:07:25: Assembling BEM matrix block (0,1) 
02/04/15::15:11:41:   Computing ZForce... 
02/04/15::15:11:44: Computing Casimir integrand at Xi=0.882248
 
02/04/15::15:11:44: Assembling T1 at Xi=8.822480e-01... 
02/04/15::15:11:44: Assembling BEM matrix block (0,0) 
02/04/15::15:11:47: Assembling T2 at Xi=8.822480e-01... 
02/04/15::15:11:47: Assembling BEM matrix block (1,1) 
02/04/15::15:15:05: LU-factorizing T1 at Xi=0.882248... 
02/04/15::15:15:05: LU-factorizing T2 at Xi=0.882248... 
02/04/15::15:15:10: Applying transform 0.794328... 
02/04/15::15:15:10:  Assembling U(0,1) 
02/04/15::15:15:10: Assembling BEM matrix block (0,1) 
02/04/15::15:19:34:   Computing ZForce... 
02/04/15::15:19:36: Computing Casimir integrand at Xi=1.32287
 
02/04/15::15:19:36: Assembling T1 at Xi=1.322872e+00... 
02/04/15::15:19:36: Assembling BEM matrix block (0,0) 
02/04/15::15:19:40: Assembling T2 at Xi=1.322872e+00... 
02/04/15::15:19:40: Assembling BEM matrix block (1,1) 
02/04/15::15:43:12: LU-factorizing T1 at Xi=1.32287... 
02/04/15::15:43:12: LU-factorizing T2 at Xi=1.32287... 
02/04/15::15:43:18: Applying transform 0.794328... 
02/04/15::15:43:18:  Assembling U(0,1) 
02/04/15::15:43:18: Assembling BEM matrix block (0,1) 
02/04/15::15:47:35:   Computing ZForce... 
02/04/15::15:47:38: Computing Casimir integrand at Xi=1.54318
 
02/04/15::15:47:38: Assembling T1 at Xi=1.543184e+00... 
02/04/15::15:47:38: Assembling BEM matrix block (0,0) 
02/04/15::15:47:41: Assembling T2 at Xi=1.543184e+00... 
02/04/15::15:47:42: Assembling BEM matrix block (1,1) 
02/04/15::16:12:02: LU-factorizing T1 at Xi=1.54318... 
02/04/15::16:12:02: LU-factorizing T2 at Xi=1.54318... 
02/04/15::16:12:07: Applying transform 0.794328... 
02/04/15::16:12:07:  Assembling U(0,1) 
02/04/15::16:12:07: Assembling BEM matrix block (0,1) 
02/04/15::16:16:24:   Computing ZForce... 
02/04/15::16:16:26: Computing Casimir integrand at Xi=1.7635
 
02/04/15::16:16:26: Assembling T1 at Xi=1.763496e+00... 
02/04/15::16:16:26: Assembling BEM matrix block (0,0) 
02/04/15::16:16:30: Assembling T2 at Xi=1.763496e+00... 
02/04/15::16:16:30: Assembling BEM matrix block (1,1) 
02/04/15::16:41:41: LU-factorizing T1 at Xi=1.7635... 
02/04/15::16:41:41: LU-factorizing T2 at Xi=1.7635... 
02/04/15::16:41:47: Applying transform 0.794328... 
02/04/15::16:41:47:  Assembling U(0,1) 
02/04/15::16:41:47: Assembling BEM matrix block (0,1) 
02/04/15::16:46:01:   Computing ZForce... 
02/04/15::16:46:03: Computing Casimir integrand at Xi=1.98381
 
02/04/15::16:46:03: Assembling T1 at Xi=1.983808e+00... 
02/04/15::16:46:03: Assembling BEM matrix block (0,0) 
02/04/15::16:46:07: Assembling T2 at Xi=1.983808e+00... 
02/04/15::16:46:07: Assembling BEM matrix block (1,1) 
02/04/15::17:11:31: LU-factorizing T1 at Xi=1.98381... 
02/04/15::17:11:31: LU-factorizing T2 at Xi=1.98381... 
02/04/15::17:11:37: Applying transform 0.794328... 
02/04/15::17:11:37:  Assembling U(0,1) 
02/04/15::17:11:37: Assembling BEM matrix block (0,1) 
02/04/15::17:15:50:   Computing ZForce... 
02/04/15::17:15:53: Computing Casimir integrand at Xi=2.20412
 
02/04/15::17:15:53: Assembling T1 at Xi=2.204120e+00... 
02/04/15::17:15:53: Assembling BEM matrix block (0,0) 
02/04/15::17:15:57: Assembling T2 at Xi=2.204120e+00... 
02/04/15::17:15:57: Assembling BEM matrix block (1,1) 
02/04/15::17:41:21: LU-factorizing T1 at Xi=2.20412... 
02/04/15::17:41:21: LU-factorizing T2 at Xi=2.20412... 
02/04/15::17:41:27: Applying transform 0.794328... 
02/04/15::17:41:27:  Assembling U(0,1) 
02/04/15::17:41:27: Assembling BEM matrix block (0,1) 
02/04/15::17:45:40:   Computing ZForce... 
02/04/15::17:45:42: Computing Casimir integrand at Xi=2.42443
 
02/04/15::17:45:42: Assembling T1 at Xi=2.424432e+00... 
02/04/15::17:45:42: Assembling BEM matrix block (0,0) 
02/04/15::17:45:47: Assembling T2 at Xi=2.424432e+00... 
02/04/15::17:45:47: Assembling BEM matrix block (1,1) 
02/04/15::18:11:11: LU-factorizing T1 at Xi=2.42443... 
02/04/15::18:11:11: LU-factorizing T2 at Xi=2.42443... 
02/04/15::18:11:16: Applying transform 0.794328... 
02/04/15::18:11:16:  Assembling U(0,1) 
02/04/15::18:11:16: Assembling BEM matrix block (0,1) 
02/04/15::18:15:30:   Computing ZForce... 
02/04/15::18:15:32: Computing Casimir integrand at Xi=2.64474
 
02/04/15::18:15:32: Assembling T1 at Xi=2.644744e+00... 
02/04/15::18:15:32: Assembling BEM matrix block (0,0) 
02/04/15::18:15:36: Assembling T2 at Xi=2.644744e+00... 
02/04/15::18:15:36: Assembling BEM matrix block (1,1) 
02/04/15::18:41:01: LU-factorizing T1 at Xi=2.64474... 
02/04/15::18:41:01: LU-factorizing T2 at Xi=2.64474... 
02/04/15::18:41:06: Applying transform 0.794328... 
02/04/15::18:41:06:  Assembling U(0,1) 
02/04/15::18:41:06: Assembling BEM matrix block (0,1) 
02/04/15::18:45:19:   Computing ZForce... 
02/04/15::18:45:21: Computing Casimir integrand at Xi=2.86506
 
02/04/15::18:45:21: Assembling T1 at Xi=2.865056e+00... 
02/04/15::18:45:21: Assembling BEM matrix block (0,0) 
02/04/15::18:45:26: Assembling T2 at Xi=2.865056e+00... 
02/04/15::18:45:26: Assembling BEM matrix block (1,1) 
02/04/15::19:10:51: LU-factorizing T1 at Xi=2.86506... 
02/04/15::19:10:51: LU-factorizing T2 at Xi=2.86506... 
02/04/15::19:10:56: Applying transform 0.794328... 
02/04/15::19:10:56:  Assembling U(0,1) 
02/04/15::19:10:56: Assembling BEM matrix block (0,1) 
02/04/15::19:15:09:   Computing ZForce... 
02/04/15::19:15:12: Computing Casimir integrand at Xi=3.08537
 
02/04/15::19:15:12: Assembling T1 at Xi=3.085368e+00... 
02/04/15::19:15:12: Assembling BEM matrix block (0,0) 
02/04/15::19:15:16: Assembling T2 at Xi=3.085368e+00... 
02/04/15::19:15:16: Assembling BEM matrix block (1,1) 
02/04/15::19:40:41: LU-factorizing T1 at Xi=3.08537... 
02/04/15::19:40:41: LU-factorizing T2 at Xi=3.08537... 
02/04/15::19:40:46: Applying transform 0.794328... 
02/04/15::19:40:46:  Assembling U(0,1) 
02/04/15::19:40:46: Assembling BEM matrix block (0,1) 
02/04/15::19:44:59:   Computing ZForce... 
02/04/15::19:45:02: Computing Casimir integrand at Xi=3.30568
 
02/04/15::19:45:02: Assembling T1 at Xi=3.305680e+00... 
02/04/15::19:45:02: Assembling BEM matrix block (0,0) 
02/04/15::19:45:07: Assembling T2 at Xi=3.305680e+00... 
02/04/15::19:45:07: Assembling BEM matrix block (1,1) 
02/04/15::20:10:31: LU-factorizing T1 at Xi=3.30568... 
02/04/15::20:10:31: LU-factorizing T2 at Xi=3.30568... 
02/04/15::20:10:37: Applying transform 0.794328... 
02/04/15::20:10:37:  Assembling U(0,1) 
02/04/15::20:10:37: Assembling BEM matrix block (0,1) 
02/04/15::20:14:50:   Computing ZForce... 
02/04/15::20:14:52: Computing Casimir integrand at Xi=3.52599
 
02/04/15::20:14:52: Assembling T1 at Xi=3.525992e+00... 
02/04/15::20:14:52: Assembling BEM matrix block (0,0) 
02/04/15::20:14:58: Assembling T2 at Xi=3.525992e+00... 
02/04/15::20:14:58: Assembling BEM matrix block (1,1) 
02/04/15::20:40:23: LU-factorizing T1 at Xi=3.52599... 
02/04/15::20:40:23: LU-factorizing T2 at Xi=3.52599... 
02/04/15::20:40:29: Applying transform 0.794328... 
02/04/15::20:40:29:  Assembling U(0,1) 
02/04/15::20:40:29: Assembling BEM matrix block (0,1) 
02/04/15::20:44:42:   Computing ZForce... 
02/04/15::20:44:44: Computing Casimir integrand at Xi=3.7463
 
02/04/15::20:44:44: Assembling T1 at Xi=3.746304e+00... 
02/04/15::20:44:44: Assembling BEM matrix block (0,0) 
02/04/15::20:44:52: Assembling T2 at Xi=3.746304e+00... 
02/04/15::20:44:52: Assembling BEM matrix block (1,1) 
02/04/15::21:10:16: LU-factorizing T1 at Xi=3.7463... 
02/04/15::21:10:16: LU-factorizing T2 at Xi=3.7463... 
02/04/15::21:10:22: Applying transform 0.794328... 
02/04/15::21:10:22:  Assembling U(0,1) 
02/04/15::21:10:22: Assembling BEM matrix block (0,1) 
02/04/15::21:14:35:   Computing ZForce... 
02/04/15::21:14:38: Computing Casimir integrand at Xi=3.96662
 
02/04/15::21:14:38: Assembling T1 at Xi=3.966616e+00... 
02/04/15::21:14:38: Assembling BEM matrix block (0,0) 
02/04/15::21:14:49: Assembling T2 at Xi=3.966616e+00... 
02/04/15::21:14:49: Assembling BEM matrix block (1,1) 
02/04/15::21:40:14: LU-factorizing T1 at Xi=3.96662... 
02/04/15::21:40:14: LU-factorizing T2 at Xi=3.96662... 
02/04/15::21:40:20: Applying transform 0.794328... 
02/04/15::21:40:20:  Assembling U(0,1) 
02/04/15::21:40:20: Assembling BEM matrix block (0,1) 
02/04/15::21:44:33:   Computing ZForce... 
02/04/15::21:44:36: Computing Casimir integrand at Xi=4.18693
 
02/04/15::21:44:36: Assembling T1 at Xi=4.186928e+00... 
02/04/15::21:44:36: Assembling BEM matrix block (0,0) 
02/04/15::21:44:57: Assembling T2 at Xi=4.186928e+00... 
02/04/15::21:44:57: Assembling BEM matrix block (1,1) 
02/04/15::22:10:25: LU-factorizing T1 at Xi=4.18693... 
02/04/15::22:10:25: LU-factorizing T2 at Xi=4.18693... 
02/04/15::22:10:30: Applying transform 0.794328... 
02/04/15::22:10:30:  Assembling U(0,1) 
02/04/15::22:10:30: Assembling BEM matrix block (0,1) 
02/04/15::22:14:44:   Computing ZForce... 
02/04/15::22:14:46: Computing Casimir integrand at Xi=4.40724
 
02/04/15::22:14:46: Assembling T1 at Xi=4.407240e+00... 
02/04/15::22:14:46: Assembling BEM matrix block (0,0) 
02/04/15::22:15:20: Assembling T2 at Xi=4.407240e+00... 
02/04/15::22:15:20: Assembling BEM matrix block (1,1) 
02/04/15::22:40:48: LU-factorizing T1 at Xi=4.40724... 
02/04/15::22:40:48: LU-factorizing T2 at Xi=4.40724... 
02/04/15::22:40:53: Applying transform 0.794328... 
02/04/15::22:40:53:  Assembling U(0,1) 
02/04/15::22:40:53: Assembling BEM matrix block (0,1) 
02/04/15::22:45:07:   Computing ZForce... 
02/04/15::22:45:09: Computing Casimir integrand at Xi=4.62755
 
02/04/15::22:45:09: Assembling T1 at Xi=4.627552e+00... 
02/04/15::22:45:09: Assembling BEM matrix block (0,0) 
02/04/15::22:45:54: Assembling T2 at Xi=4.627552e+00... 
02/04/15::22:45:54: Assembling BEM matrix block (1,1) 
02/04/15::23:11:19: LU-factorizing T1 at Xi=4.62755... 
02/04/15::23:11:19: LU-factorizing T2 at Xi=4.62755... 
02/04/15::23:11:24: Applying transform 0.794328... 
02/04/15::23:11:24:  Assembling U(0,1) 
02/04/15::23:11:24: Assembling BEM matrix block (0,1) 
02/04/15::23:15:38:   Computing ZForce... 
02/04/15::23:15:40: Computing Casimir integrand at Xi=4.84786
 
02/04/15::23:15:40: Assembling T1 at Xi=4.847864e+00... 
02/04/15::23:15:40: Assembling BEM matrix block (0,0) 
02/04/15::23:16:35: Assembling T2 at Xi=4.847864e+00... 
02/04/15::23:16:35: Assembling BEM matrix block (1,1) 
02/04/15::23:42:00: LU-factorizing T1 at Xi=4.84786... 
02/04/15::23:42:00: LU-factorizing T2 at Xi=4.84786... 
02/04/15::23:42:06: Applying transform 0.794328... 
02/04/15::23:42:06:  Assembling U(0,1) 
02/04/15::23:42:06: Assembling BEM matrix block (0,1) 
02/04/15::23:46:19:   Computing ZForce... 
02/04/15::23:46:21: Computing Casimir integrand at Xi=5.06818
 
02/04/15::23:46:21: Assembling T1 at Xi=5.068176e+00... 
02/04/15::23:46:21: Assembling BEM matrix block (0,0) 
02/04/15::23:47:29: Assembling T2 at Xi=5.068176e+00... 
02/04/15::23:47:29: Assembling BEM matrix block (1,1) 
02/05/15::00:12:54: LU-factorizing T1 at Xi=5.06818... 
02/05/15::00:12:54: LU-factorizing T2 at Xi=5.06818... 
02/05/15::00:12:59: Applying transform 0.794328... 
02/05/15::00:12:59:  Assembling U(0,1) 
02/05/15::00:12:59: Assembling BEM matrix block (0,1) 
02/05/15::00:17:13:   Computing ZForce... 
02/05/15::00:17:15: Computing Casimir integrand at Xi=5.28849
 
02/05/15::00:17:15: Assembling T1 at Xi=5.288488e+00... 
02/05/15::00:17:15: Assembling BEM matrix block (0,0) 
02/05/15::00:18:31: Assembling T2 at Xi=5.288488e+00... 
02/05/15::00:18:31: Assembling BEM matrix block (1,1) 
02/05/15::00:43:56: LU-factorizing T1 at Xi=5.28849... 
02/05/15::00:43:56: LU-factorizing T2 at Xi=5.28849... 
02/05/15::00:44:02: Applying transform 0.794328... 
02/05/15::00:44:02:  Assembling U(0,1) 
02/05/15::00:44:02: Assembling BEM matrix block (0,1) 
02/05/15::00:48:15:   Computing ZForce... 
02/05/15::00:48:17: Computing Casimir integrand at Xi=5.5088
 
02/05/15::00:48:17: Assembling T1 at Xi=5.508800e+00... 
02/05/15::00:48:17: Assembling BEM matrix block (0,0) 
02/05/15::00:49:42: Assembling T2 at Xi=5.508800e+00... 
02/05/15::00:49:42: Assembling BEM matrix block (1,1) 
02/05/15::01:15:09: LU-factorizing T1 at Xi=5.5088... 
02/05/15::01:15:09: LU-factorizing T2 at Xi=5.5088... 
02/05/15::01:15:15: Applying transform 0.794328... 
02/05/15::01:15:15:  Assembling U(0,1) 
02/05/15::01:15:15: Assembling BEM matrix block (0,1) 
02/05/15::01:19:28:   Computing ZForce... 
