02/05/15::00:29:54: scuff-cas3D running on kiso0036 
02/05/15::00:29:54: Setting material properties of exterior region to VACUUM. 
02/05/15::00:29:54: Flipped 500 panel normals to comport with region definitions. 
02/05/15::00:29:54: Computing full Matsubara-summed Casimir quantities at T=3.000000e+02 Kelvin. 
02/05/15::00:29:54: Read 1 geometrical transformations from file BeadPEC_300K_L-0.199526.trans. 
02/05/15::00:29:55: Beginning Matsubara sum at T=300 kelvin... 
02/05/15::00:29:55: Computing Casimir integrand at Xi=0.001
 
02/05/15::00:29:55: Assembling T1 at Xi=1.000000e-03... 
02/05/15::00:29:55: Assembling BEM matrix block (0,0) 
02/05/15::00:30:17: Assembling T2 at Xi=1.000000e-03... 
02/05/15::00:30:17: Assembling BEM matrix block (1,1) 
02/05/15::00:33:57: LU-factorizing T1 at Xi=0.001... 
02/05/15::00:33:57: LU-factorizing T2 at Xi=0.001... 
02/05/15::00:34:02: Applying transform 0.199526... 
02/05/15::00:34:02:  Assembling U(0,1) 
02/05/15::00:34:02: Assembling BEM matrix block (0,1) 
02/05/15::00:37:21:   Computing ZForce... 
02/05/15::00:37:23: Computing Casimir integrand at Xi=0.823279
 
02/05/15::00:37:23: Assembling T1 at Xi=8.232789e-01... 
02/05/15::00:37:23: Assembling BEM matrix block (0,0) 
02/05/15::00:37:25: Assembling T2 at Xi=8.232789e-01... 
02/05/15::00:37:25: Assembling BEM matrix block (1,1) 
02/05/15::00:39:31: LU-factorizing T1 at Xi=0.823279... 
02/05/15::00:39:31: LU-factorizing T2 at Xi=0.823279... 
02/05/15::00:39:36: Applying transform 0.199526... 
02/05/15::00:39:36:  Assembling U(0,1) 
02/05/15::00:39:36: Assembling BEM matrix block (0,1) 
02/05/15::00:42:41:   Computing ZForce... 
02/05/15::00:42:43: Computing Casimir integrand at Xi=1.64656
 
02/05/15::00:42:43: Assembling T1 at Xi=1.646558e+00... 
02/05/15::00:42:43: Assembling BEM matrix block (0,0) 
02/05/15::00:42:45: Assembling T2 at Xi=1.646558e+00... 
02/05/15::00:42:45: Assembling BEM matrix block (1,1) 
02/05/15::00:59:13: LU-factorizing T1 at Xi=1.64656... 
02/05/15::00:59:13: LU-factorizing T2 at Xi=1.64656... 
02/05/15::00:59:18: Applying transform 0.199526... 
02/05/15::00:59:18:  Assembling U(0,1) 
02/05/15::00:59:18: Assembling BEM matrix block (0,1) 
02/05/15::01:02:17:   Computing ZForce... 
02/05/15::01:02:19: Computing Casimir integrand at Xi=2.46984
 
02/05/15::01:02:19: Assembling T1 at Xi=2.469837e+00... 
02/05/15::01:02:19: Assembling BEM matrix block (0,0) 
02/05/15::01:02:22: Assembling T2 at Xi=2.469837e+00... 
02/05/15::01:02:22: Assembling BEM matrix block (1,1) 
02/05/15::01:19:12: LU-factorizing T1 at Xi=2.46984... 
02/05/15::01:19:12: LU-factorizing T2 at Xi=2.46984... 
02/05/15::01:19:17: Applying transform 0.199526... 
02/05/15::01:19:17:  Assembling U(0,1) 
02/05/15::01:19:17: Assembling BEM matrix block (0,1) 
02/05/15::01:43:10:   Computing ZForce... 
02/05/15::01:43:12: Computing Casimir integrand at Xi=4.11639
 
02/05/15::01:43:12: Assembling T1 at Xi=4.116394e+00... 
02/05/15::01:43:12: Assembling BEM matrix block (0,0) 
02/05/15::01:43:23: Assembling T2 at Xi=4.116394e+00... 
02/05/15::01:43:23: Assembling BEM matrix block (1,1) 
02/05/15::02:00:13: LU-factorizing T1 at Xi=4.11639... 
02/05/15::02:00:13: LU-factorizing T2 at Xi=4.11639... 
02/05/15::02:00:18: Applying transform 0.199526... 
02/05/15::02:00:18:  Assembling U(0,1) 
02/05/15::02:00:18: Assembling BEM matrix block (0,1) 
02/05/15::02:03:18:   Computing ZForce... 
02/05/15::02:03:20: Computing Casimir integrand at Xi=4.93967
 
02/05/15::02:03:20: Assembling T1 at Xi=4.939673e+00... 
02/05/15::02:03:20: Assembling BEM matrix block (0,0) 
02/05/15::02:04:06: Assembling T2 at Xi=4.939673e+00... 
02/05/15::02:04:06: Assembling BEM matrix block (1,1) 
02/05/15::02:20:57: LU-factorizing T1 at Xi=4.93967... 
02/05/15::02:20:57: LU-factorizing T2 at Xi=4.93967... 
02/05/15::02:21:03: Applying transform 0.199526... 
02/05/15::02:21:03:  Assembling U(0,1) 
02/05/15::02:21:03: Assembling BEM matrix block (0,1) 
02/05/15::02:24:02:   Computing ZForce... 
02/05/15::02:24:03: Computing Casimir integrand at Xi=5.76295
 
02/05/15::02:24:03: Assembling T1 at Xi=5.762952e+00... 
02/05/15::02:24:03: Assembling BEM matrix block (0,0) 
02/05/15::02:25:05: Assembling T2 at Xi=5.762952e+00... 
02/05/15::02:25:05: Assembling BEM matrix block (1,1) 
02/05/15::02:41:06: LU-factorizing T1 at Xi=5.76295... 
02/05/15::02:41:06: LU-factorizing T2 at Xi=5.76295... 
02/05/15::02:41:11: Applying transform 0.199526... 
02/05/15::02:41:11:  Assembling U(0,1) 
02/05/15::02:41:11: Assembling BEM matrix block (0,1) 
02/05/15::02:44:10:   Computing ZForce... 
02/05/15::02:44:12: Computing Casimir integrand at Xi=6.58623
 
02/05/15::02:44:12: Assembling T1 at Xi=6.586231e+00... 
02/05/15::02:44:12: Assembling BEM matrix block (0,0) 
02/05/15::02:45:17: Assembling T2 at Xi=6.586231e+00... 
02/05/15::02:45:17: Assembling BEM matrix block (1,1) 
02/05/15::03:01:18: LU-factorizing T1 at Xi=6.58623... 
02/05/15::03:01:18: LU-factorizing T2 at Xi=6.58623... 
02/05/15::03:01:24: Applying transform 0.199526... 
02/05/15::03:01:24:  Assembling U(0,1) 
02/05/15::03:01:24: Assembling BEM matrix block (0,1) 
02/05/15::03:04:22:   Computing ZForce... 
02/05/15::03:04:24: Computing Casimir integrand at Xi=7.40951
 
02/05/15::03:04:24: Assembling T1 at Xi=7.409510e+00... 
02/05/15::03:04:24: Assembling BEM matrix block (0,0) 
02/05/15::03:05:29: Assembling T2 at Xi=7.409510e+00... 
02/05/15::03:05:29: Assembling BEM matrix block (1,1) 
02/05/15::03:21:35: LU-factorizing T1 at Xi=7.40951... 
02/05/15::03:21:35: LU-factorizing T2 at Xi=7.40951... 
02/05/15::03:21:40: Applying transform 0.199526... 
02/05/15::03:21:40:  Assembling U(0,1) 
02/05/15::03:21:40: Assembling BEM matrix block (0,1) 
02/05/15::03:24:39:   Computing ZForce... 
02/05/15::03:24:41: Computing Casimir integrand at Xi=8.23279
 
02/05/15::03:24:41: Assembling T1 at Xi=8.232789e+00... 
02/05/15::03:24:41: Assembling BEM matrix block (0,0) 
02/05/15::03:25:48: Assembling T2 at Xi=8.232789e+00... 
02/05/15::03:25:48: Assembling BEM matrix block (1,1) 
02/05/15::03:42:06: LU-factorizing T1 at Xi=8.23279... 
02/05/15::03:42:06: LU-factorizing T2 at Xi=8.23279... 
02/05/15::03:42:12: Applying transform 0.199526... 
02/05/15::03:42:12:  Assembling U(0,1) 
02/05/15::03:42:12: Assembling BEM matrix block (0,1) 
02/05/15::03:45:13:   Computing ZForce... 
02/05/15::03:45:15: Computing Casimir integrand at Xi=9.05607
 
02/05/15::03:45:15: Assembling T1 at Xi=9.056067e+00... 
02/05/15::03:45:15: Assembling BEM matrix block (0,0) 
02/05/15::03:46:21: Assembling T2 at Xi=9.056067e+00... 
02/05/15::03:46:21: Assembling BEM matrix block (1,1) 
02/05/15::04:02:42: LU-factorizing T1 at Xi=9.05607... 
02/05/15::04:02:42: LU-factorizing T2 at Xi=9.05607... 
02/05/15::04:02:47: Applying transform 0.199526... 
02/05/15::04:02:47:  Assembling U(0,1) 
02/05/15::04:02:47: Assembling BEM matrix block (0,1) 
02/05/15::04:05:48:   Computing ZForce... 
02/05/15::04:05:50: Computing Casimir integrand at Xi=9.87935
 
02/05/15::04:05:50: Assembling T1 at Xi=9.879346e+00... 
02/05/15::04:05:50: Assembling BEM matrix block (0,0) 
02/05/15::04:06:56: Assembling T2 at Xi=9.879346e+00... 
02/05/15::04:06:56: Assembling BEM matrix block (1,1) 
02/05/15::04:23:13: LU-factorizing T1 at Xi=9.87935... 
02/05/15::04:23:13: LU-factorizing T2 at Xi=9.87935... 
02/05/15::04:23:20: Applying transform 0.199526... 
02/05/15::04:23:20:  Assembling U(0,1) 
02/05/15::04:23:20: Assembling BEM matrix block (0,1) 
02/05/15::04:26:25:   Computing ZForce... 
02/05/15::04:26:27: Computing Casimir integrand at Xi=10.7026
 
02/05/15::04:26:27: Assembling T1 at Xi=1.070263e+01... 
02/05/15::04:26:27: Assembling BEM matrix block (0,0) 
02/05/15::04:27:32: Assembling T2 at Xi=1.070263e+01... 
02/05/15::04:27:32: Assembling BEM matrix block (1,1) 
02/05/15::04:44:05: LU-factorizing T1 at Xi=10.7026... 
02/05/15::04:44:05: LU-factorizing T2 at Xi=10.7026... 
02/05/15::04:44:13: Applying transform 0.199526... 
02/05/15::04:44:13:  Assembling U(0,1) 
02/05/15::04:44:13: Assembling BEM matrix block (0,1) 
02/05/15::04:47:29:   Computing ZForce... 
02/05/15::04:47:32: Computing Casimir integrand at Xi=11.5259
 
02/05/15::04:47:32: Assembling T1 at Xi=1.152590e+01... 
02/05/15::04:47:32: Assembling BEM matrix block (0,0) 
02/05/15::04:48:39: Assembling T2 at Xi=1.152590e+01... 
02/05/15::04:48:39: Assembling BEM matrix block (1,1) 
02/05/15::05:05:11: LU-factorizing T1 at Xi=11.5259... 
02/05/15::05:05:11: LU-factorizing T2 at Xi=11.5259... 
02/05/15::05:05:20: Applying transform 0.199526... 
02/05/15::05:05:20:  Assembling U(0,1) 
02/05/15::05:05:20: Assembling BEM matrix block (0,1) 
02/05/15::05:08:43:   Computing ZForce... 
02/05/15::05:08:46: Computing Casimir integrand at Xi=12.3492
 
02/05/15::05:08:46: Assembling T1 at Xi=1.234918e+01... 
02/05/15::05:08:46: Assembling BEM matrix block (0,0) 
02/05/15::05:09:53: Assembling T2 at Xi=1.234918e+01... 
02/05/15::05:09:53: Assembling BEM matrix block (1,1) 
02/05/15::05:26:16: LU-factorizing T1 at Xi=12.3492... 
02/05/15::05:26:16: LU-factorizing T2 at Xi=12.3492... 
02/05/15::05:26:29: Applying transform 0.199526... 
02/05/15::05:26:29:  Assembling U(0,1) 
02/05/15::05:26:29: Assembling BEM matrix block (0,1) 
02/05/15::05:29:59:   Computing ZForce... 
02/05/15::05:30:03: Computing Casimir integrand at Xi=13.1725
 
02/05/15::05:30:03: Assembling T1 at Xi=1.317246e+01... 
02/05/15::05:30:03: Assembling BEM matrix block (0,0) 
02/05/15::05:31:10: Assembling T2 at Xi=1.317246e+01... 
02/05/15::05:31:10: Assembling BEM matrix block (1,1) 
02/05/15::05:47:39: LU-factorizing T1 at Xi=13.1725... 
02/05/15::05:47:39: LU-factorizing T2 at Xi=13.1725... 
02/05/15::05:47:53: Applying transform 0.199526... 
02/05/15::05:47:53:  Assembling U(0,1) 
02/05/15::05:47:53: Assembling BEM matrix block (0,1) 
02/05/15::05:51:32:   Computing ZForce... 
02/05/15::05:51:37: Computing Casimir integrand at Xi=13.9957
 
02/05/15::05:51:37: Assembling T1 at Xi=1.399574e+01... 
02/05/15::05:51:37: Assembling BEM matrix block (0,0) 
02/05/15::05:52:43: Assembling T2 at Xi=1.399574e+01... 
02/05/15::05:52:43: Assembling BEM matrix block (1,1) 
02/05/15::06:09:16: LU-factorizing T1 at Xi=13.9957... 
02/05/15::06:09:16: LU-factorizing T2 at Xi=13.9957... 
02/05/15::06:09:33: Applying transform 0.199526... 
02/05/15::06:09:33:  Assembling U(0,1) 
02/05/15::06:09:33: Assembling BEM matrix block (0,1) 
02/05/15::06:13:21:   Computing ZForce... 
02/05/15::06:13:27: Computing Casimir integrand at Xi=14.819
 
02/05/15::06:13:27: Assembling T1 at Xi=1.481902e+01... 
02/05/15::06:13:27: Assembling BEM matrix block (0,0) 
02/05/15::06:14:33: Assembling T2 at Xi=1.481902e+01... 
02/05/15::06:14:33: Assembling BEM matrix block (1,1) 
02/05/15::06:31:11: LU-factorizing T1 at Xi=14.819... 
02/05/15::06:31:11: LU-factorizing T2 at Xi=14.819... 
02/05/15::06:31:25: Applying transform 0.199526... 
02/05/15::06:31:25:  Assembling U(0,1) 
02/05/15::06:31:25: Assembling BEM matrix block (0,1) 
02/05/15::06:35:05:   Computing ZForce... 
02/05/15::06:35:10: Computing Casimir integrand at Xi=15.6423
 
02/05/15::06:35:10: Assembling T1 at Xi=1.564230e+01... 
02/05/15::06:35:10: Assembling BEM matrix block (0,0) 
02/05/15::06:36:16: Assembling T2 at Xi=1.564230e+01... 
02/05/15::06:36:16: Assembling BEM matrix block (1,1) 
02/05/15::06:52:57: LU-factorizing T1 at Xi=15.6423... 
02/05/15::06:52:57: LU-factorizing T2 at Xi=15.6423... 
02/05/15::06:53:13: Applying transform 0.199526... 
02/05/15::06:53:13:  Assembling U(0,1) 
02/05/15::06:53:13: Assembling BEM matrix block (0,1) 
02/05/15::06:56:50:   Computing ZForce... 
02/05/15::06:56:55: Computing Casimir integrand at Xi=16.4656
 
02/05/15::06:56:55: Assembling T1 at Xi=1.646558e+01... 
02/05/15::06:56:55: Assembling BEM matrix block (0,0) 
02/05/15::06:58:02: Assembling T2 at Xi=1.646558e+01... 
02/05/15::06:58:02: Assembling BEM matrix block (1,1) 
02/05/15::07:14:39: LU-factorizing T1 at Xi=16.4656... 
02/05/15::07:14:39: LU-factorizing T2 at Xi=16.4656... 
02/05/15::07:14:53: Applying transform 0.199526... 
02/05/15::07:14:53:  Assembling U(0,1) 
02/05/15::07:14:53: Assembling BEM matrix block (0,1) 
02/05/15::07:18:29:   Computing ZForce... 
02/05/15::07:18:33: Computing Casimir integrand at Xi=17.2889
 
02/05/15::07:18:33: Assembling T1 at Xi=1.728886e+01... 
02/05/15::07:18:33: Assembling BEM matrix block (0,0) 
02/05/15::07:19:40: Assembling T2 at Xi=1.728886e+01... 
02/05/15::07:19:40: Assembling BEM matrix block (1,1) 
02/05/15::07:36:17: LU-factorizing T1 at Xi=17.2889... 
02/05/15::07:36:17: LU-factorizing T2 at Xi=17.2889... 
02/05/15::07:36:33: Applying transform 0.199526... 
02/05/15::07:36:33:  Assembling U(0,1) 
02/05/15::07:36:33: Assembling BEM matrix block (0,1) 
02/05/15::07:40:08:   Computing ZForce... 
02/05/15::07:40:13: Computing Casimir integrand at Xi=18.1121
 
02/05/15::07:40:13: Assembling T1 at Xi=1.811213e+01... 
02/05/15::07:40:13: Assembling BEM matrix block (0,0) 
02/05/15::07:41:19: Assembling T2 at Xi=1.811213e+01... 
02/05/15::07:41:19: Assembling BEM matrix block (1,1) 
02/05/15::07:57:53: LU-factorizing T1 at Xi=18.1121... 
02/05/15::07:57:53: LU-factorizing T2 at Xi=18.1121... 
02/05/15::07:58:07: Applying transform 0.199526... 
02/05/15::07:58:07:  Assembling U(0,1) 
02/05/15::07:58:07: Assembling BEM matrix block (0,1) 
02/05/15::08:01:40:   Computing ZForce... 
02/05/15::08:01:44: Computing Casimir integrand at Xi=18.9354
 
02/05/15::08:01:44: Assembling T1 at Xi=1.893541e+01... 
02/05/15::08:01:44: Assembling BEM matrix block (0,0) 
02/05/15::08:02:51: Assembling T2 at Xi=1.893541e+01... 
02/05/15::08:02:51: Assembling BEM matrix block (1,1) 
02/05/15::08:19:39: LU-factorizing T1 at Xi=18.9354... 
02/05/15::08:19:39: LU-factorizing T2 at Xi=18.9354... 
02/05/15::08:19:52: Applying transform 0.199526... 
02/05/15::08:19:52:  Assembling U(0,1) 
02/05/15::08:19:52: Assembling BEM matrix block (0,1) 
02/05/15::08:23:22:   Computing ZForce... 
02/05/15::08:23:27: Computing Casimir integrand at Xi=19.7587
 
02/05/15::08:23:27: Assembling T1 at Xi=1.975869e+01... 
02/05/15::08:23:27: Assembling BEM matrix block (0,0) 
02/05/15::08:24:34: Assembling T2 at Xi=1.975869e+01... 
02/05/15::08:24:34: Assembling BEM matrix block (1,1) 
02/05/15::08:41:19: LU-factorizing T1 at Xi=19.7587... 
02/05/15::08:41:19: LU-factorizing T2 at Xi=19.7587... 
02/05/15::08:41:35: Applying transform 0.199526... 
02/05/15::08:41:35:  Assembling U(0,1) 
02/05/15::08:41:35: Assembling BEM matrix block (0,1) 
02/05/15::08:45:07:   Computing ZForce... 
02/05/15::08:45:12: Computing Casimir integrand at Xi=20.582
 
02/05/15::08:45:12: Assembling T1 at Xi=2.058197e+01... 
02/05/15::08:45:12: Assembling BEM matrix block (0,0) 
02/05/15::08:46:18: Assembling T2 at Xi=2.058197e+01... 
02/05/15::08:46:18: Assembling BEM matrix block (1,1) 
02/05/15::09:03:00: LU-factorizing T1 at Xi=20.582... 
02/05/15::09:03:00: LU-factorizing T2 at Xi=20.582... 
02/05/15::09:03:14: Applying transform 0.199526... 
02/05/15::09:03:14:  Assembling U(0,1) 
02/05/15::09:03:14: Assembling BEM matrix block (0,1) 
02/05/15::09:06:44:   Computing ZForce... 
02/05/15::09:06:48: Computing Casimir integrand at Xi=21.4053
 
02/05/15::09:06:48: Assembling T1 at Xi=2.140525e+01... 
02/05/15::09:06:48: Assembling BEM matrix block (0,0) 
02/05/15::09:07:54: Assembling T2 at Xi=2.140525e+01... 
02/05/15::09:07:54: Assembling BEM matrix block (1,1) 
02/05/15::09:24:28: LU-factorizing T1 at Xi=21.4053... 
02/05/15::09:24:28: LU-factorizing T2 at Xi=21.4053... 
02/05/15::09:24:41: Applying transform 0.199526... 
02/05/15::09:24:41:  Assembling U(0,1) 
02/05/15::09:24:41: Assembling BEM matrix block (0,1) 
02/05/15::09:28:06:   Computing ZForce... 
02/05/15::09:28:10: Computing Casimir integrand at Xi=22.2285
 
02/05/15::09:28:10: Assembling T1 at Xi=2.222853e+01... 
02/05/15::09:28:10: Assembling BEM matrix block (0,0) 
02/05/15::09:29:16: Assembling T2 at Xi=2.222853e+01... 
02/05/15::09:29:16: Assembling BEM matrix block (1,1) 
02/05/15::09:45:42: LU-factorizing T1 at Xi=22.2285... 
02/05/15::09:45:42: LU-factorizing T2 at Xi=22.2285... 
02/05/15::09:45:55: Applying transform 0.199526... 
02/05/15::09:45:55:  Assembling U(0,1) 
02/05/15::09:45:55: Assembling BEM matrix block (0,1) 
02/05/15::09:49:19:   Computing ZForce... 
02/05/15::09:49:23: Computing Casimir integrand at Xi=23.0518
 
02/05/15::09:49:23: Assembling T1 at Xi=2.305181e+01... 
02/05/15::09:49:23: Assembling BEM matrix block (0,0) 
02/05/15::09:50:29: Assembling T2 at Xi=2.305181e+01... 
02/05/15::09:50:29: Assembling BEM matrix block (1,1) 
02/05/15::10:06:57: LU-factorizing T1 at Xi=23.0518... 
02/05/15::10:06:57: LU-factorizing T2 at Xi=23.0518... 
02/05/15::10:07:12: Applying transform 0.199526... 
02/05/15::10:07:12:  Assembling U(0,1) 
02/05/15::10:07:12: Assembling BEM matrix block (0,1) 
02/05/15::10:10:37:   Computing ZForce... 
02/05/15::10:10:42: Computing Casimir integrand at Xi=23.8751
 
02/05/15::10:10:42: Assembling T1 at Xi=2.387509e+01... 
02/05/15::10:10:42: Assembling BEM matrix block (0,0) 
02/05/15::10:11:46: Assembling T2 at Xi=2.387509e+01... 
02/05/15::10:11:46: Assembling BEM matrix block (1,1) 
02/05/15::10:28:16: LU-factorizing T1 at Xi=23.8751... 
02/05/15::10:28:16: LU-factorizing T2 at Xi=23.8751... 
02/05/15::10:28:29: Applying transform 0.199526... 
02/05/15::10:28:29:  Assembling U(0,1) 
02/05/15::10:28:29: Assembling BEM matrix block (0,1) 
02/05/15::10:31:52:   Computing ZForce... 
02/05/15::10:31:55: Computing Casimir integrand at Xi=24.6984
 
02/05/15::10:31:55: Assembling T1 at Xi=2.469837e+01... 
02/05/15::10:31:55: Assembling BEM matrix block (0,0) 
02/05/15::10:33:00: Assembling T2 at Xi=2.469837e+01... 
02/05/15::10:33:00: Assembling BEM matrix block (1,1) 
02/05/15::10:49:38: LU-factorizing T1 at Xi=24.6984... 
02/05/15::10:49:38: LU-factorizing T2 at Xi=24.6984... 
02/05/15::10:49:51: Applying transform 0.199526... 
02/05/15::10:49:51:  Assembling U(0,1) 
02/05/15::10:49:51: Assembling BEM matrix block (0,1) 
02/05/15::10:53:16:   Computing ZForce... 
02/05/15::10:53:20: Computing Casimir integrand at Xi=25.5216
 
02/05/15::10:53:20: Assembling T1 at Xi=2.552164e+01... 
02/05/15::10:53:20: Assembling BEM matrix block (0,0) 
02/05/15::10:54:26: Assembling T2 at Xi=2.552164e+01... 
02/05/15::10:54:26: Assembling BEM matrix block (1,1) 
02/05/15::11:11:02: LU-factorizing T1 at Xi=25.5216... 
02/05/15::11:11:02: LU-factorizing T2 at Xi=25.5216... 
02/05/15::11:11:15: Applying transform 0.199526... 
02/05/15::11:11:15:  Assembling U(0,1) 
02/05/15::11:11:15: Assembling BEM matrix block (0,1) 
02/05/15::11:14:39:   Computing ZForce... 
02/05/15::11:14:43: Computing Casimir integrand at Xi=26.3449
 
02/05/15::11:14:43: Assembling T1 at Xi=2.634492e+01... 
02/05/15::11:14:43: Assembling BEM matrix block (0,0) 
02/05/15::11:15:48: Assembling T2 at Xi=2.634492e+01... 
02/05/15::11:15:48: Assembling BEM matrix block (1,1) 
02/05/15::11:32:22: LU-factorizing T1 at Xi=26.3449... 
02/05/15::11:32:22: LU-factorizing T2 at Xi=26.3449... 
02/05/15::11:32:35: Applying transform 0.199526... 
02/05/15::11:32:35:  Assembling U(0,1) 
02/05/15::11:32:35: Assembling BEM matrix block (0,1) 
02/05/15::11:35:59:   Computing ZForce... 
02/05/15::11:36:02: Computing Casimir integrand at Xi=27.1682
 
02/05/15::11:36:02: Assembling T1 at Xi=2.716820e+01... 
02/05/15::11:36:02: Assembling BEM matrix block (0,0) 
02/05/15::11:37:07: Assembling T2 at Xi=2.716820e+01... 
02/05/15::11:37:07: Assembling BEM matrix block (1,1) 
02/05/15::11:53:46: LU-factorizing T1 at Xi=27.1682... 
02/05/15::11:53:47: LU-factorizing T2 at Xi=27.1682... 
02/05/15::11:54:00: Applying transform 0.199526... 
02/05/15::11:54:00:  Assembling U(0,1) 
02/05/15::11:54:00: Assembling BEM matrix block (0,1) 
02/05/15::11:57:25:   Computing ZForce... 
02/05/15::11:57:29: Computing Casimir integrand at Xi=27.9915
 
02/05/15::11:57:29: Assembling T1 at Xi=2.799148e+01... 
02/05/15::11:57:29: Assembling BEM matrix block (0,0) 
02/05/15::11:58:33: Assembling T2 at Xi=2.799148e+01... 
02/05/15::11:58:33: Assembling BEM matrix block (1,1) 
02/05/15::12:15:18: LU-factorizing T1 at Xi=27.9915... 
02/05/15::12:15:18: LU-factorizing T2 at Xi=27.9915... 
02/05/15::12:15:30: Applying transform 0.199526... 
02/05/15::12:15:30:  Assembling U(0,1) 
02/05/15::12:15:30: Assembling BEM matrix block (0,1) 
02/05/15::12:18:55:   Computing ZForce... 
02/05/15::12:18:59: Matsubara sum converged after summing n=34 frequency points. 
