02/05/15::00:30:53: scuff-cas3D running on fell0046 
02/05/15::00:30:53: Setting material properties of exterior region to VACUUM. 
02/05/15::00:30:53: Flipped 500 panel normals to comport with region definitions. 
02/05/15::00:30:53: Computing full Matsubara-summed Casimir quantities at T=3.000000e+02 Kelvin. 
02/05/15::00:30:53: Read 1 geometrical transformations from file BeadPEC_300K_L-5.01187.trans. 
02/05/15::00:30:53: Beginning Matsubara sum at T=300 kelvin... 
02/05/15::00:30:53: Computing Casimir integrand at Xi=0.001
 
02/05/15::00:30:53: Assembling T1 at Xi=1.000000e-03... 
02/05/15::00:30:53: Assembling BEM matrix block (0,0) 
02/05/15::00:31:33: Assembling T2 at Xi=1.000000e-03... 
02/05/15::00:31:33: Assembling BEM matrix block (1,1) 
02/05/15::00:38:19: LU-factorizing T1 at Xi=0.001... 
02/05/15::00:38:19: LU-factorizing T2 at Xi=0.001... 
02/05/15::00:38:27: Applying transform 5.01187... 
02/05/15::00:38:27:  Assembling U(0,1) 
02/05/15::00:38:27: Assembling BEM matrix block (0,1) 
02/05/15::00:41:02:   Computing ZForce... 
02/05/15::00:41:05: Computing Casimir integrand at Xi=0.823279
 
02/05/15::00:41:05: Assembling T1 at Xi=8.232789e-01... 
02/05/15::00:41:05: Assembling BEM matrix block (0,0) 
02/05/15::00:41:08: Assembling T2 at Xi=8.232789e-01... 
02/05/15::00:41:08: Assembling BEM matrix block (1,1) 
02/05/15::00:44:53: LU-factorizing T1 at Xi=0.823279... 
02/05/15::00:44:53: LU-factorizing T2 at Xi=0.823279... 
02/05/15::00:45:02: Applying transform 5.01187... 
02/05/15::00:45:02:  Assembling U(0,1) 
02/05/15::00:45:02: Assembling BEM matrix block (0,1) 
02/05/15::00:47:32:   Computing ZForce... 
02/05/15::00:47:35: Computing Casimir integrand at Xi=1.64656
 
02/05/15::00:47:35: Assembling T1 at Xi=1.646558e+00... 
02/05/15::00:47:35: Assembling BEM matrix block (0,0) 
02/05/15::00:47:39: Assembling T2 at Xi=1.646558e+00... 
02/05/15::00:47:39: Assembling BEM matrix block (1,1) 
02/05/15::01:18:52: LU-factorizing T1 at Xi=1.64656... 
02/05/15::01:18:52: LU-factorizing T2 at Xi=1.64656... 
02/05/15::01:19:00: Applying transform 5.01187... 
02/05/15::01:19:00:  Assembling U(0,1) 
02/05/15::01:19:00: Assembling BEM matrix block (0,1) 
02/05/15::01:54:25: LU-factorizing T1 at Xi=2.46984... 
02/05/15::01:54:25: LU-factorizing T2 at Xi=2.46984... 
02/05/15::01:54:33: Applying transform 5.01187... 
02/05/15::01:54:33:  Assembling U(0,1) 
02/05/15::01:54:33: Assembling BEM matrix block (0,1) 
02/05/15::01:56:59:   Computing ZForce... 
02/05/15::01:57:02: Computing Casimir integrand at Xi=3.29312
 
02/05/15::01:57:02: Assembling T1 at Xi=3.293115e+00... 
02/05/15::01:57:02: Assembling BEM matrix block (0,0) 
02/05/15::01:57:07: Assembling T2 at Xi=3.293115e+00... 
02/05/15::01:57:07: Assembling BEM matrix block (1,1) 
02/05/15::02:29:02: LU-factorizing T1 at Xi=3.29312... 
02/05/15::02:29:02: LU-factorizing T2 at Xi=3.29312... 
02/05/15::02:29:10: Applying transform 5.01187... 
02/05/15::02:29:10:  Assembling U(0,1) 
02/05/15::02:29:10: Assembling BEM matrix block (0,1) 
02/05/15::02:31:36:   Computing ZForce... 
02/05/15::02:31:39: Matsubara sum converged after summing n=4 frequency points. 
