02/04/15::13:34:46: scuff-cas3D running on bullet0078 
02/04/15::13:34:46: Setting material properties of exterior region to VACUUM. 
02/04/15::13:34:46: Flipped 514 panel normals to comport with region definitions. 
02/04/15::13:34:46: Computing full zero-temperature Casimir quantities. 
02/04/15::13:34:46: Read 1 geometrical transformations from file BeadPEC_L-6.30957.trans. 
02/04/15::13:34:46: Minimum distance between surface points=6.309570e+00 
02/04/15::13:34:46: Computing Casimir integrand at Xi=0.001
 
02/04/15::13:34:46: Assembling T1 at Xi=1.000000e-03... 
02/04/15::13:34:46: Assembling BEM matrix block (0,0) 
02/04/15::13:35:20: Assembling T2 at Xi=1.000000e-03... 
02/04/15::13:35:20: Assembling BEM matrix block (1,1) 
02/04/15::13:40:56: LU-factorizing T1 at Xi=0.001... 
02/04/15::13:40:56: LU-factorizing T2 at Xi=0.001... 
02/04/15::13:41:02: Applying transform 6.30957... 
02/04/15::13:41:02:  Assembling U(0,1) 
02/04/15::13:41:02: Assembling BEM matrix block (0,1) 
02/04/15::13:42:34:   Computing ZForce... 
02/04/15::13:42:37: Computing Casimir integrand at Xi=0.0148678
 
02/04/15::13:42:37: Assembling T1 at Xi=1.486782e-02... 
02/04/15::13:42:37: Assembling BEM matrix block (0,0) 
02/04/15::13:42:39: Assembling T2 at Xi=1.486782e-02... 
02/04/15::13:42:39: Assembling BEM matrix block (1,1) 
02/04/15::13:45:11: LU-factorizing T1 at Xi=0.0148678... 
02/04/15::13:45:11: LU-factorizing T2 at Xi=0.0148678... 
02/04/15::13:45:17: Applying transform 6.30957... 
02/04/15::13:45:17:  Assembling U(0,1) 
02/04/15::13:45:17: Assembling BEM matrix block (0,1) 
02/04/15::13:46:47:   Computing ZForce... 
02/04/15::13:46:49: Computing Casimir integrand at Xi=0.0287356
 
02/04/15::13:46:49: Assembling T1 at Xi=2.873565e-02... 
02/04/15::13:46:49: Assembling BEM matrix block (0,0) 
02/04/15::13:46:52: Assembling T2 at Xi=2.873565e-02... 
02/04/15::13:46:52: Assembling BEM matrix block (1,1) 
02/04/15::13:49:26: LU-factorizing T1 at Xi=0.0287356... 
02/04/15::13:49:27: LU-factorizing T2 at Xi=0.0287356... 
02/04/15::13:49:32: Applying transform 6.30957... 
02/04/15::13:49:32:  Assembling U(0,1) 
02/04/15::13:49:32: Assembling BEM matrix block (0,1) 
02/04/15::13:51:02:   Computing ZForce... 
02/04/15::13:51:05: Computing Casimir integrand at Xi=0.0564713
 
02/04/15::13:51:05: Assembling T1 at Xi=5.647129e-02... 
02/04/15::13:51:05: Assembling BEM matrix block (0,0) 
02/04/15::13:51:07: Assembling T2 at Xi=5.647129e-02... 
02/04/15::13:51:07: Assembling BEM matrix block (1,1) 
02/04/15::13:53:45: LU-factorizing T1 at Xi=0.0564713... 
02/04/15::13:53:45: LU-factorizing T2 at Xi=0.0564713... 
02/04/15::13:53:50: Applying transform 6.30957... 
02/04/15::13:53:50:  Assembling U(0,1) 
02/04/15::13:53:50: Assembling BEM matrix block (0,1) 
02/04/15::13:55:21:   Computing ZForce... 
02/04/15::13:55:23: Computing Casimir integrand at Xi=0.0842069
 
02/04/15::13:55:23: Assembling T1 at Xi=8.420694e-02... 
02/04/15::13:55:23: Assembling BEM matrix block (0,0) 
02/04/15::13:55:26: Assembling T2 at Xi=8.420694e-02... 
02/04/15::13:55:26: Assembling BEM matrix block (1,1) 
02/04/15::13:58:05: LU-factorizing T1 at Xi=0.0842069... 
02/04/15::13:58:05: LU-factorizing T2 at Xi=0.0842069... 
02/04/15::13:58:11: Applying transform 6.30957... 
02/04/15::13:58:11:  Assembling U(0,1) 
02/04/15::13:58:11: Assembling BEM matrix block (0,1) 
02/04/15::13:59:42:   Computing ZForce... 
02/04/15::13:59:44: Computing Casimir integrand at Xi=0.139678
 
02/04/15::13:59:44: Assembling T1 at Xi=1.396782e-01... 
02/04/15::13:59:44: Assembling BEM matrix block (0,0) 
02/04/15::13:59:47: Assembling T2 at Xi=1.396782e-01... 
02/04/15::13:59:47: Assembling BEM matrix block (1,1) 
02/04/15::14:02:30: LU-factorizing T1 at Xi=0.139678... 
02/04/15::14:02:30: LU-factorizing T2 at Xi=0.139678... 
02/04/15::14:02:36: Applying transform 6.30957... 
02/04/15::14:02:36:  Assembling U(0,1) 
02/04/15::14:02:36: Assembling BEM matrix block (0,1) 
02/04/15::14:04:06:   Computing ZForce... 
02/04/15::14:04:08: Computing Casimir integrand at Xi=0.19515
 
02/04/15::14:04:08: Assembling T1 at Xi=1.951495e-01... 
02/04/15::14:04:08: Assembling BEM matrix block (0,0) 
02/04/15::14:04:11: Assembling T2 at Xi=1.951495e-01... 
02/04/15::14:04:11: Assembling BEM matrix block (1,1) 
02/04/15::14:06:57: LU-factorizing T1 at Xi=0.19515... 
02/04/15::14:06:57: LU-factorizing T2 at Xi=0.19515... 
02/04/15::14:07:03: Applying transform 6.30957... 
02/04/15::14:07:03:  Assembling U(0,1) 
02/04/15::14:07:03: Assembling BEM matrix block (0,1) 
02/04/15::14:08:32:   Computing ZForce... 
02/04/15::14:08:35: Computing Casimir integrand at Xi=0.306092
 
02/04/15::14:08:35: Assembling T1 at Xi=3.060921e-01... 
02/04/15::14:08:35: Assembling BEM matrix block (0,0) 
02/04/15::14:08:38: Assembling T2 at Xi=3.060921e-01... 
02/04/15::14:08:38: Assembling BEM matrix block (1,1) 
02/04/15::14:11:27: LU-factorizing T1 at Xi=0.306092... 
02/04/15::14:11:27: LU-factorizing T2 at Xi=0.306092... 
02/04/15::14:11:33: Applying transform 6.30957... 
02/04/15::14:11:33:  Assembling U(0,1) 
02/04/15::14:11:33: Assembling BEM matrix block (0,1) 
02/04/15::14:13:02:   Computing ZForce... 
02/04/15::14:13:04: Computing Casimir integrand at Xi=0.417035
 
02/04/15::14:13:04: Assembling T1 at Xi=4.170347e-01... 
02/04/15::14:13:04: Assembling BEM matrix block (0,0) 
02/04/15::14:13:08: Assembling T2 at Xi=4.170347e-01... 
02/04/15::14:13:08: Assembling BEM matrix block (1,1) 
02/04/15::14:16:02: LU-factorizing T1 at Xi=0.417035... 
02/04/15::14:16:02: LU-factorizing T2 at Xi=0.417035... 
02/04/15::14:16:08: Applying transform 6.30957... 
02/04/15::14:16:08:  Assembling U(0,1) 
02/04/15::14:16:08: Assembling BEM matrix block (0,1) 
02/04/15::14:17:37:   Computing ZForce... 
02/04/15::14:17:40: Computing Casimir integrand at Xi=0.250621
 
02/04/15::14:17:40: Assembling T1 at Xi=2.506208e-01... 
02/04/15::14:17:40: Assembling BEM matrix block (0,0) 
02/04/15::14:17:43: Assembling T2 at Xi=2.506208e-01... 
02/04/15::14:17:43: Assembling BEM matrix block (1,1) 
02/04/15::14:20:28: LU-factorizing T1 at Xi=0.250621... 
02/04/15::14:20:28: LU-factorizing T2 at Xi=0.250621... 
02/04/15::14:20:33: Applying transform 6.30957... 
02/04/15::14:20:33:  Assembling U(0,1) 
02/04/15::14:20:33: Assembling BEM matrix block (0,1) 
02/04/15::14:22:02:   Computing ZForce... 
02/04/15::14:22:04: Computing Casimir integrand at Xi=0.361563
 
02/04/15::14:22:04: Assembling T1 at Xi=3.615634e-01... 
02/04/15::14:22:04: Assembling BEM matrix block (0,0) 
02/04/15::14:22:07: Assembling T2 at Xi=3.615634e-01... 
02/04/15::14:22:07: Assembling BEM matrix block (1,1) 
02/04/15::14:24:58: LU-factorizing T1 at Xi=0.361563... 
02/04/15::14:24:58: LU-factorizing T2 at Xi=0.361563... 
02/04/15::14:25:04: Applying transform 6.30957... 
02/04/15::14:25:04:  Assembling U(0,1) 
02/04/15::14:25:04: Assembling BEM matrix block (0,1) 
02/04/15::14:26:33:   Computing ZForce... 
02/04/15::14:26:35: Computing Casimir integrand at Xi=0.417035
 
02/04/15::14:26:35: Assembling T1 at Xi=4.170347e-01... 
02/04/15::14:26:35: Assembling BEM matrix block (0,0) 
02/04/15::14:26:38: Assembling T2 at Xi=4.170347e-01... 
02/04/15::14:26:38: Assembling BEM matrix block (1,1) 
02/04/15::14:29:32: LU-factorizing T1 at Xi=0.417035... 
02/04/15::14:29:32: LU-factorizing T2 at Xi=0.417035... 
02/04/15::14:29:37: Applying transform 6.30957... 
02/04/15::14:29:37:  Assembling U(0,1) 
02/04/15::14:29:38: Assembling BEM matrix block (0,1) 
02/04/15::14:31:07:   Computing ZForce... 
02/04/15::14:31:09: Computing Casimir integrand at Xi=0.333828
 
02/04/15::14:31:09: Assembling T1 at Xi=3.338278e-01... 
02/04/15::14:31:09: Assembling BEM matrix block (0,0) 
02/04/15::14:31:12: Assembling T2 at Xi=3.338278e-01... 
02/04/15::14:31:12: Assembling BEM matrix block (1,1) 
02/04/15::14:34:01: LU-factorizing T1 at Xi=0.333828... 
02/04/15::14:34:01: LU-factorizing T2 at Xi=0.333828... 
02/04/15::14:34:07: Applying transform 6.30957... 
02/04/15::14:34:07:  Assembling U(0,1) 
02/04/15::14:34:07: Assembling BEM matrix block (0,1) 
02/04/15::14:35:36:   Computing ZForce... 
02/04/15::14:35:38: Computing Casimir integrand at Xi=0.417035
 
02/04/15::14:35:38: Assembling T1 at Xi=4.170347e-01... 
02/04/15::14:35:38: Assembling BEM matrix block (0,0) 
02/04/15::14:35:41: Assembling T2 at Xi=4.170347e-01... 
02/04/15::14:35:41: Assembling BEM matrix block (1,1) 
02/04/15::14:38:35: LU-factorizing T1 at Xi=0.417035... 
02/04/15::14:38:35: LU-factorizing T2 at Xi=0.417035... 
02/04/15::14:38:40: Applying transform 6.30957... 
02/04/15::14:38:40:  Assembling U(0,1) 
02/04/15::14:38:40: Assembling BEM matrix block (0,1) 
02/04/15::14:40:09:   Computing ZForce... 
02/04/15::14:40:11: Computing Casimir integrand at Xi=0.472506
 
02/04/15::14:40:11: Assembling T1 at Xi=4.725060e-01... 
02/04/15::14:40:11: Assembling BEM matrix block (0,0) 
02/04/15::14:40:15: Assembling T2 at Xi=4.725060e-01... 
02/04/15::14:40:15: Assembling BEM matrix block (1,1) 
02/04/15::14:43:12: LU-factorizing T1 at Xi=0.472506... 
02/04/15::14:43:12: LU-factorizing T2 at Xi=0.472506... 
02/04/15::14:43:17: Applying transform 6.30957... 
02/04/15::14:43:17:  Assembling U(0,1) 
02/04/15::14:43:17: Assembling BEM matrix block (0,1) 
02/04/15::14:44:46:   Computing ZForce... 
02/04/15::14:44:48: Computing Casimir integrand at Xi=0.389299
 
02/04/15::14:44:48: Assembling T1 at Xi=3.892990e-01... 
02/04/15::14:44:49: Assembling BEM matrix block (0,0) 
02/04/15::14:44:52: Assembling T2 at Xi=3.892990e-01... 
02/04/15::14:44:52: Assembling BEM matrix block (1,1) 
02/04/15::14:47:44: LU-factorizing T1 at Xi=0.389299... 
02/04/15::14:47:44: LU-factorizing T2 at Xi=0.389299... 
02/04/15::14:47:49: Applying transform 6.30957... 
02/04/15::14:47:49:  Assembling U(0,1) 
02/04/15::14:47:49: Assembling BEM matrix block (0,1) 
02/04/15::14:49:18:   Computing ZForce... 
02/04/15::14:49:20: Computing Casimir integrand at Xi=0.472506
 
02/04/15::14:49:20: Assembling T1 at Xi=4.725060e-01... 
02/04/15::14:49:20: Assembling BEM matrix block (0,0) 
02/04/15::14:49:23: Assembling T2 at Xi=4.725060e-01... 
02/04/15::14:49:23: Assembling BEM matrix block (1,1) 
02/04/15::14:52:20: LU-factorizing T1 at Xi=0.472506... 
02/04/15::14:52:20: LU-factorizing T2 at Xi=0.472506... 
02/04/15::14:52:26: Applying transform 6.30957... 
02/04/15::14:52:26:  Assembling U(0,1) 
02/04/15::14:52:26: Assembling BEM matrix block (0,1) 
02/04/15::14:53:55:   Computing ZForce... 
02/04/15::14:53:57: Computing Casimir integrand at Xi=0.527977
 
02/04/15::14:53:57: Assembling T1 at Xi=5.279773e-01... 
02/04/15::14:53:57: Assembling BEM matrix block (0,0) 
02/04/15::14:54:00: Assembling T2 at Xi=5.279773e-01... 
02/04/15::14:54:00: Assembling BEM matrix block (1,1) 
02/04/15::14:57:00: LU-factorizing T1 at Xi=0.527977... 
02/04/15::14:57:00: LU-factorizing T2 at Xi=0.527977... 
02/04/15::14:57:05: Applying transform 6.30957... 
02/04/15::14:57:05:  Assembling U(0,1) 
02/04/15::14:57:05: Assembling BEM matrix block (0,1) 
02/04/15::14:58:34:   Computing ZForce... 
02/04/15::14:58:37: Computing Casimir integrand at Xi=0.44477
 
02/04/15::14:58:37: Assembling T1 at Xi=4.447703e-01... 
02/04/15::14:58:37: Assembling BEM matrix block (0,0) 
02/04/15::14:58:40: Assembling T2 at Xi=4.447703e-01... 
02/04/15::14:58:40: Assembling BEM matrix block (1,1) 
02/04/15::15:01:35: LU-factorizing T1 at Xi=0.44477... 
02/04/15::15:01:35: LU-factorizing T2 at Xi=0.44477... 
02/04/15::15:01:40: Applying transform 6.30957... 
02/04/15::15:01:40:  Assembling U(0,1) 
02/04/15::15:01:40: Assembling BEM matrix block (0,1) 
02/04/15::15:03:09:   Computing ZForce... 
02/04/15::15:03:12: Computing Casimir integrand at Xi=0.527977
 
02/04/15::15:03:12: Assembling T1 at Xi=5.279773e-01... 
02/04/15::15:03:12: Assembling BEM matrix block (0,0) 
02/04/15::15:03:15: Assembling T2 at Xi=5.279773e-01... 
02/04/15::15:03:15: Assembling BEM matrix block (1,1) 
02/04/15::15:06:15: LU-factorizing T1 at Xi=0.527977... 
02/04/15::15:06:15: LU-factorizing T2 at Xi=0.527977... 
02/04/15::15:06:20: Applying transform 6.30957... 
02/04/15::15:06:20:  Assembling U(0,1) 
02/04/15::15:06:20: Assembling BEM matrix block (0,1) 
02/04/15::15:07:51:   Computing ZForce... 
02/04/15::15:07:53: Computing Casimir integrand at Xi=0.583449
 
02/04/15::15:07:53: Assembling T1 at Xi=5.834486e-01... 
02/04/15::15:07:53: Assembling BEM matrix block (0,0) 
02/04/15::15:07:56: Assembling T2 at Xi=5.834486e-01... 
02/04/15::15:07:56: Assembling BEM matrix block (1,1) 
02/04/15::15:11:01: LU-factorizing T1 at Xi=0.583449... 
02/04/15::15:11:01: LU-factorizing T2 at Xi=0.583449... 
02/04/15::15:11:07: Applying transform 6.30957... 
02/04/15::15:11:07:  Assembling U(0,1) 
02/04/15::15:11:07: Assembling BEM matrix block (0,1) 
02/04/15::15:12:39:   Computing ZForce... 
02/04/15::15:12:41: Computing Casimir integrand at Xi=0.500242
 
02/04/15::15:12:41: Assembling T1 at Xi=5.002416e-01... 
02/04/15::15:12:41: Assembling BEM matrix block (0,0) 
02/04/15::15:12:44: Assembling T2 at Xi=5.002416e-01... 
02/04/15::15:12:44: Assembling BEM matrix block (1,1) 
02/04/15::15:15:49: LU-factorizing T1 at Xi=0.500242... 
02/04/15::15:15:49: LU-factorizing T2 at Xi=0.500242... 
02/04/15::15:15:54: Applying transform 6.30957... 
02/04/15::15:15:54:  Assembling U(0,1) 
02/04/15::15:15:54: Assembling BEM matrix block (0,1) 
02/04/15::15:17:26:   Computing ZForce... 
02/04/15::15:17:28: Computing Casimir integrand at Xi=0.583449
 
02/04/15::15:17:28: Assembling T1 at Xi=5.834486e-01... 
02/04/15::15:17:28: Assembling BEM matrix block (0,0) 
02/04/15::15:17:32: Assembling T2 at Xi=5.834486e-01... 
02/04/15::15:17:32: Assembling BEM matrix block (1,1) 
02/04/15::15:20:40: LU-factorizing T1 at Xi=0.583449... 
02/04/15::15:20:40: LU-factorizing T2 at Xi=0.583449... 
02/04/15::15:20:46: Applying transform 6.30957... 
02/04/15::15:20:46:  Assembling U(0,1) 
02/04/15::15:20:46: Assembling BEM matrix block (0,1) 
02/04/15::15:22:18:   Computing ZForce... 
02/04/15::15:22:20: Computing Casimir integrand at Xi=0.63892
 
02/04/15::15:22:20: Assembling T1 at Xi=6.389199e-01... 
02/04/15::15:22:20: Assembling BEM matrix block (0,0) 
02/04/15::15:22:23: Assembling T2 at Xi=6.389199e-01... 
02/04/15::15:22:23: Assembling BEM matrix block (1,1) 
02/04/15::15:25:35: LU-factorizing T1 at Xi=0.63892... 
02/04/15::15:25:35: LU-factorizing T2 at Xi=0.63892... 
02/04/15::15:25:40: Applying transform 6.30957... 
02/04/15::15:25:40:  Assembling U(0,1) 
02/04/15::15:25:40: Assembling BEM matrix block (0,1) 
02/04/15::15:27:12:   Computing ZForce... 
02/04/15::15:27:15: Computing Casimir integrand at Xi=0.555713
 
02/04/15::15:27:15: Assembling T1 at Xi=5.557129e-01... 
02/04/15::15:27:15: Assembling BEM matrix block (0,0) 
02/04/15::15:27:18: Assembling T2 at Xi=5.557129e-01... 
02/04/15::15:27:18: Assembling BEM matrix block (1,1) 
02/04/15::15:30:24: LU-factorizing T1 at Xi=0.555713... 
02/04/15::15:30:24: LU-factorizing T2 at Xi=0.555713... 
02/04/15::15:30:30: Applying transform 6.30957... 
02/04/15::15:30:30:  Assembling U(0,1) 
02/04/15::15:30:30: Assembling BEM matrix block (0,1) 
02/04/15::15:32:02:   Computing ZForce... 
02/04/15::15:32:04: Computing Casimir integrand at Xi=0.63892
 
02/04/15::15:32:04: Assembling T1 at Xi=6.389199e-01... 
02/04/15::15:32:04: Assembling BEM matrix block (0,0) 
02/04/15::15:32:07: Assembling T2 at Xi=6.389199e-01... 
02/04/15::15:32:08: Assembling BEM matrix block (1,1) 
02/04/15::15:35:19: LU-factorizing T1 at Xi=0.63892... 
02/04/15::15:35:19: LU-factorizing T2 at Xi=0.63892... 
02/04/15::15:35:25: Applying transform 6.30957... 
02/04/15::15:35:25:  Assembling U(0,1) 
02/04/15::15:35:25: Assembling BEM matrix block (0,1) 
02/04/15::15:36:57:   Computing ZForce... 
02/04/15::15:36:59: Computing Casimir integrand at Xi=0.694391
 
02/04/15::15:36:59: Assembling T1 at Xi=6.943912e-01... 
02/04/15::15:36:59: Assembling BEM matrix block (0,0) 
02/04/15::15:37:02: Assembling T2 at Xi=6.943912e-01... 
02/04/15::15:37:02: Assembling BEM matrix block (1,1) 
02/04/15::15:40:18: LU-factorizing T1 at Xi=0.694391... 
02/04/15::15:40:18: LU-factorizing T2 at Xi=0.694391... 
02/04/15::15:40:24: Applying transform 6.30957... 
02/04/15::15:40:24:  Assembling U(0,1) 
02/04/15::15:40:24: Assembling BEM matrix block (0,1) 
02/04/15::15:41:56:   Computing ZForce... 
02/04/15::15:41:59: Computing Casimir integrand at Xi=0.611184
 
02/04/15::15:41:59: Assembling T1 at Xi=6.111842e-01... 
02/04/15::15:41:59: Assembling BEM matrix block (0,0) 
02/04/15::15:42:02: Assembling T2 at Xi=6.111842e-01... 
02/04/15::15:42:02: Assembling BEM matrix block (1,1) 
02/04/15::15:45:13: LU-factorizing T1 at Xi=0.611184... 
02/04/15::15:45:13: LU-factorizing T2 at Xi=0.611184... 
02/04/15::15:45:18: Applying transform 6.30957... 
02/04/15::15:45:18:  Assembling U(0,1) 
02/04/15::15:45:18: Assembling BEM matrix block (0,1) 
02/04/15::15:46:49:   Computing ZForce... 
02/04/15::15:46:52: Computing Casimir integrand at Xi=0.694391
 
02/04/15::15:46:52: Assembling T1 at Xi=6.943912e-01... 
02/04/15::15:46:52: Assembling BEM matrix block (0,0) 
02/04/15::15:46:55: Assembling T2 at Xi=6.943912e-01... 
02/04/15::15:46:55: Assembling BEM matrix block (1,1) 
02/04/15::15:50:09: LU-factorizing T1 at Xi=0.694391... 
02/04/15::15:50:09: LU-factorizing T2 at Xi=0.694391... 
02/04/15::15:50:14: Applying transform 6.30957... 
02/04/15::15:50:14:  Assembling U(0,1) 
02/04/15::15:50:14: Assembling BEM matrix block (0,1) 
02/04/15::15:51:47:   Computing ZForce... 
02/04/15::15:51:49: Computing Casimir integrand at Xi=0.749862
 
02/04/15::15:51:49: Assembling T1 at Xi=7.498624e-01... 
02/04/15::15:51:49: Assembling BEM matrix block (0,0) 
02/04/15::15:51:52: Assembling T2 at Xi=7.498624e-01... 
02/04/15::15:51:52: Assembling BEM matrix block (1,1) 
02/04/15::15:55:10: LU-factorizing T1 at Xi=0.749862... 
02/04/15::15:55:10: LU-factorizing T2 at Xi=0.749862... 
02/04/15::15:55:15: Applying transform 6.30957... 
02/04/15::15:55:15:  Assembling U(0,1) 
02/04/15::15:55:15: Assembling BEM matrix block (0,1) 
02/04/15::15:56:47:   Computing ZForce... 
02/04/15::15:56:50: Computing Casimir integrand at Xi=0.666656
 
02/04/15::15:56:50: Assembling T1 at Xi=6.666555e-01... 
02/04/15::15:56:50: Assembling BEM matrix block (0,0) 
02/04/15::15:56:53: Assembling T2 at Xi=6.666555e-01... 
02/04/15::15:56:53: Assembling BEM matrix block (1,1) 
02/04/15::16:00:06: LU-factorizing T1 at Xi=0.666656... 
02/04/15::16:00:06: LU-factorizing T2 at Xi=0.666656... 
02/04/15::16:00:12: Applying transform 6.30957... 
02/04/15::16:00:12:  Assembling U(0,1) 
02/04/15::16:00:12: Assembling BEM matrix block (0,1) 
02/04/15::16:01:44:   Computing ZForce... 
02/04/15::16:01:46: Computing Casimir integrand at Xi=0.749862
 
02/04/15::16:01:46: Assembling T1 at Xi=7.498624e-01... 
02/04/15::16:01:46: Assembling BEM matrix block (0,0) 
02/04/15::16:01:50: Assembling T2 at Xi=7.498624e-01... 
02/04/15::16:01:50: Assembling BEM matrix block (1,1) 
02/04/15::16:05:08: LU-factorizing T1 at Xi=0.749862... 
02/04/15::16:05:08: LU-factorizing T2 at Xi=0.749862... 
02/04/15::16:05:13: Applying transform 6.30957... 
02/04/15::16:05:13:  Assembling U(0,1) 
02/04/15::16:05:13: Assembling BEM matrix block (0,1) 
02/04/15::16:06:46:   Computing ZForce... 
02/04/15::16:06:48: Computing Casimir integrand at Xi=0.805334
 
02/04/15::16:06:48: Assembling T1 at Xi=8.053337e-01... 
02/04/15::16:06:48: Assembling BEM matrix block (0,0) 
02/04/15::16:06:52: Assembling T2 at Xi=8.053337e-01... 
02/04/15::16:06:52: Assembling BEM matrix block (1,1) 
02/04/15::16:10:12: LU-factorizing T1 at Xi=0.805334... 
02/04/15::16:10:12: LU-factorizing T2 at Xi=0.805334... 
02/04/15::16:10:18: Applying transform 6.30957... 
02/04/15::16:10:18:  Assembling U(0,1) 
02/04/15::16:10:18: Assembling BEM matrix block (0,1) 
02/04/15::16:11:49:   Computing ZForce... 
02/04/15::16:11:52: Computing Casimir integrand at Xi=0.722127
 
02/04/15::16:11:52: Assembling T1 at Xi=7.221268e-01... 
02/04/15::16:11:52: Assembling BEM matrix block (0,0) 
02/04/15::16:11:55: Assembling T2 at Xi=7.221268e-01... 
02/04/15::16:11:55: Assembling BEM matrix block (1,1) 
02/04/15::16:15:08: LU-factorizing T1 at Xi=0.722127... 
02/04/15::16:15:08: LU-factorizing T2 at Xi=0.722127... 
02/04/15::16:15:13: Applying transform 6.30957... 
02/04/15::16:15:13:  Assembling U(0,1) 
02/04/15::16:15:13: Assembling BEM matrix block (0,1) 
02/04/15::16:16:44:   Computing ZForce... 
02/04/15::16:16:46: Computing Casimir integrand at Xi=0.805334
 
02/04/15::16:16:46: Assembling T1 at Xi=8.053337e-01... 
02/04/15::16:16:46: Assembling BEM matrix block (0,0) 
02/04/15::16:16:50: Assembling T2 at Xi=8.053337e-01... 
02/04/15::16:16:50: Assembling BEM matrix block (1,1) 
02/04/15::16:20:07: LU-factorizing T1 at Xi=0.805334... 
02/04/15::16:20:07: LU-factorizing T2 at Xi=0.805334... 
02/04/15::16:20:12: Applying transform 6.30957... 
02/04/15::16:20:12:  Assembling U(0,1) 
02/04/15::16:20:12: Assembling BEM matrix block (0,1) 
02/04/15::16:21:43:   Computing ZForce... 
02/04/15::16:21:45: Computing Casimir integrand at Xi=0.860805
 
02/04/15::16:21:45: Assembling T1 at Xi=8.608050e-01... 
02/04/15::16:21:45: Assembling BEM matrix block (0,0) 
02/04/15::16:21:49: Assembling T2 at Xi=8.608050e-01... 
02/04/15::16:21:49: Assembling BEM matrix block (1,1) 
02/04/15::16:25:09: LU-factorizing T1 at Xi=0.860805... 
02/04/15::16:25:09: LU-factorizing T2 at Xi=0.860805... 
02/04/15::16:25:14: Applying transform 6.30957... 
02/04/15::16:25:14:  Assembling U(0,1) 
02/04/15::16:25:14: Assembling BEM matrix block (0,1) 
02/04/15::16:26:45:   Computing ZForce... 
02/04/15::16:26:47: Computing Casimir integrand at Xi=0.777598
 
02/04/15::16:26:47: Assembling T1 at Xi=7.775981e-01... 
02/04/15::16:26:47: Assembling BEM matrix block (0,0) 
02/04/15::16:26:51: Assembling T2 at Xi=7.775981e-01... 
02/04/15::16:26:51: Assembling BEM matrix block (1,1) 
02/04/15::16:30:06: LU-factorizing T1 at Xi=0.777598... 
02/04/15::16:30:06: LU-factorizing T2 at Xi=0.777598... 
02/04/15::16:30:12: Applying transform 6.30957... 
02/04/15::16:30:12:  Assembling U(0,1) 
02/04/15::16:30:12: Assembling BEM matrix block (0,1) 
02/04/15::16:31:43:   Computing ZForce... 
02/04/15::16:31:45: Computing Casimir integrand at Xi=0.860805
 
02/04/15::16:31:45: Assembling T1 at Xi=8.608050e-01... 
02/04/15::16:31:45: Assembling BEM matrix block (0,0) 
02/04/15::16:31:49: Assembling T2 at Xi=8.608050e-01... 
02/04/15::16:31:49: Assembling BEM matrix block (1,1) 
02/04/15::16:35:08: LU-factorizing T1 at Xi=0.860805... 
02/04/15::16:35:08: LU-factorizing T2 at Xi=0.860805... 
02/04/15::16:35:13: Applying transform 6.30957... 
02/04/15::16:35:14:  Assembling U(0,1) 
02/04/15::16:35:14: Assembling BEM matrix block (0,1) 
02/04/15::16:36:45:   Computing ZForce... 
02/04/15::16:36:47: Computing Casimir integrand at Xi=0.916276
 
02/04/15::16:36:47: Assembling T1 at Xi=9.162763e-01... 
02/04/15::16:36:47: Assembling BEM matrix block (0,0) 
02/04/15::16:36:50: Assembling T2 at Xi=9.162763e-01... 
02/04/15::16:36:50: Assembling BEM matrix block (1,1) 
02/04/15::17:00:35: LU-factorizing T1 at Xi=0.916276... 
02/04/15::17:00:35: LU-factorizing T2 at Xi=0.916276... 
02/04/15::17:00:41: Applying transform 6.30957... 
02/04/15::17:00:41:  Assembling U(0,1) 
02/04/15::17:00:41: Assembling BEM matrix block (0,1) 
02/04/15::17:02:09:   Computing ZForce... 
02/04/15::17:02:12: Computing Casimir integrand at Xi=0.833069
 
02/04/15::17:02:12: Assembling T1 at Xi=8.330694e-01... 
02/04/15::17:02:12: Assembling BEM matrix block (0,0) 
02/04/15::17:02:15: Assembling T2 at Xi=8.330694e-01... 
02/04/15::17:02:15: Assembling BEM matrix block (1,1) 
02/04/15::17:05:33: LU-factorizing T1 at Xi=0.833069... 
02/04/15::17:05:33: LU-factorizing T2 at Xi=0.833069... 
02/04/15::17:05:38: Applying transform 6.30957... 
02/04/15::17:05:38:  Assembling U(0,1) 
02/04/15::17:05:38: Assembling BEM matrix block (0,1) 
02/04/15::17:07:09:   Computing ZForce... 
