02/04/15::13:34:45: scuff-cas3D running on bullet0201 
02/04/15::13:34:45: Setting material properties of exterior region to VACUUM. 
02/04/15::13:34:45: Flipped 514 panel normals to comport with region definitions. 
02/04/15::13:34:45: Computing full zero-temperature Casimir quantities. 
02/04/15::13:34:45: Read 1 geometrical transformations from file BeadPEC_L-0.199526.trans. 
02/04/15::13:34:45: Minimum distance between surface points=1.995260e-01 
02/04/15::13:34:45: Computing Casimir integrand at Xi=0.001
 
02/04/15::13:34:45: Assembling T1 at Xi=1.000000e-03... 
02/04/15::13:34:45: Assembling BEM matrix block (0,0) 
02/04/15::13:35:19: Assembling T2 at Xi=1.000000e-03... 
02/04/15::13:35:19: Assembling BEM matrix block (1,1) 
02/04/15::13:40:49: LU-factorizing T1 at Xi=0.001... 
02/04/15::13:40:49: LU-factorizing T2 at Xi=0.001... 
02/04/15::13:40:55: Applying transform 0.199526... 
02/04/15::13:40:55:  Assembling U(0,1) 
02/04/15::13:40:56: Assembling BEM matrix block (0,1) 
02/04/15::13:45:58:   Computing ZForce... 
02/04/15::13:46:01: Computing Casimir integrand at Xi=0.439539
 
02/04/15::13:46:01: Assembling T1 at Xi=4.395393e-01... 
02/04/15::13:46:01: Assembling BEM matrix block (0,0) 
02/04/15::13:46:04: Assembling T2 at Xi=4.395393e-01... 
02/04/15::13:46:04: Assembling BEM matrix block (1,1) 
02/04/15::13:49:00: LU-factorizing T1 at Xi=0.439539... 
02/04/15::13:49:00: LU-factorizing T2 at Xi=0.439539... 
02/04/15::13:49:06: Applying transform 0.199526... 
02/04/15::13:49:06:  Assembling U(0,1) 
02/04/15::13:49:06: Assembling BEM matrix block (0,1) 
02/04/15::13:53:48:   Computing ZForce... 
02/04/15::13:53:51: Computing Casimir integrand at Xi=0.878079
 
02/04/15::13:53:51: Assembling T1 at Xi=8.780787e-01... 
02/04/15::13:53:51: Assembling BEM matrix block (0,0) 
02/04/15::13:53:54: Assembling T2 at Xi=8.780787e-01... 
02/04/15::13:53:54: Assembling BEM matrix block (1,1) 
02/04/15::13:57:12: LU-factorizing T1 at Xi=0.878079... 
02/04/15::13:57:12: LU-factorizing T2 at Xi=0.878079... 
02/04/15::13:57:18: Applying transform 0.199526... 
02/04/15::13:57:18:  Assembling U(0,1) 
02/04/15::13:57:18: Assembling BEM matrix block (0,1) 
02/04/15::14:02:04:   Computing ZForce... 
02/04/15::14:02:06: Computing Casimir integrand at Xi=1.75516
 
02/04/15::14:02:06: Assembling T1 at Xi=1.755157e+00... 
02/04/15::14:02:06: Assembling BEM matrix block (0,0) 
02/04/15::14:02:10: Assembling T2 at Xi=1.755157e+00... 
02/04/15::14:02:10: Assembling BEM matrix block (1,1) 
02/04/15::14:27:29: LU-factorizing T1 at Xi=1.75516... 
02/04/15::14:27:29: LU-factorizing T2 at Xi=1.75516... 
02/04/15::14:27:35: Applying transform 0.199526... 
02/04/15::14:27:35:  Assembling U(0,1) 
02/04/15::14:27:35: Assembling BEM matrix block (0,1) 
02/04/15::14:32:09:   Computing ZForce... 
02/04/15::14:32:12: Computing Casimir integrand at Xi=2.63224
 
02/04/15::14:32:12: Assembling T1 at Xi=2.632236e+00... 
02/04/15::14:32:12: Assembling BEM matrix block (0,0) 
02/04/15::14:32:16: Assembling T2 at Xi=2.632236e+00... 
02/04/15::14:32:16: Assembling BEM matrix block (1,1) 
02/04/15::14:57:43: LU-factorizing T1 at Xi=2.63224... 
02/04/15::14:57:43: LU-factorizing T2 at Xi=2.63224... 
02/04/15::14:57:49: Applying transform 0.199526... 
02/04/15::14:57:49:  Assembling U(0,1) 
02/04/15::14:57:49: Assembling BEM matrix block (0,1) 
02/04/15::15:02:22:   Computing ZForce... 
02/04/15::15:02:25: Computing Casimir integrand at Xi=1.31662
 
02/04/15::15:02:25: Assembling T1 at Xi=1.316618e+00... 
02/04/15::15:02:25: Assembling BEM matrix block (0,0) 
02/04/15::15:02:28: Assembling T2 at Xi=1.316618e+00... 
02/04/15::15:02:28: Assembling BEM matrix block (1,1) 
02/04/15::15:26:04: LU-factorizing T1 at Xi=1.31662... 
02/04/15::15:26:04: LU-factorizing T2 at Xi=1.31662... 
02/04/15::15:26:10: Applying transform 0.199526... 
02/04/15::15:26:10:  Assembling U(0,1) 
02/04/15::15:26:10: Assembling BEM matrix block (0,1) 
02/04/15::15:30:49:   Computing ZForce... 
02/04/15::15:30:51: Computing Casimir integrand at Xi=2.1937
 
02/04/15::15:30:51: Assembling T1 at Xi=2.193697e+00... 
02/04/15::15:30:51: Assembling BEM matrix block (0,0) 
02/04/15::15:30:56: Assembling T2 at Xi=2.193697e+00... 
02/04/15::15:30:56: Assembling BEM matrix block (1,1) 
02/04/15::15:56:28: LU-factorizing T1 at Xi=2.1937... 
02/04/15::15:56:28: LU-factorizing T2 at Xi=2.1937... 
02/04/15::15:56:34: Applying transform 0.199526... 
02/04/15::15:56:34:  Assembling U(0,1) 
02/04/15::15:56:34: Assembling BEM matrix block (0,1) 
02/04/15::16:01:09:   Computing ZForce... 
02/04/15::16:01:11: Computing Casimir integrand at Xi=2.63224
 
02/04/15::16:01:11: Assembling T1 at Xi=2.632236e+00... 
02/04/15::16:01:11: Assembling BEM matrix block (0,0) 
02/04/15::16:01:16: Assembling T2 at Xi=2.632236e+00... 
02/04/15::16:01:16: Assembling BEM matrix block (1,1) 
02/04/15::16:26:48: LU-factorizing T1 at Xi=2.63224... 
02/04/15::16:26:48: LU-factorizing T2 at Xi=2.63224... 
02/04/15::16:26:55: Applying transform 0.199526... 
02/04/15::16:26:55:  Assembling U(0,1) 
02/04/15::16:26:55: Assembling BEM matrix block (0,1) 
02/04/15::16:31:29:   Computing ZForce... 
02/04/15::16:31:32: Computing Casimir integrand at Xi=3.07078
 
02/04/15::16:31:32: Assembling T1 at Xi=3.070775e+00... 
02/04/15::16:31:32: Assembling BEM matrix block (0,0) 
02/04/15::16:31:36: Assembling T2 at Xi=3.070775e+00... 
02/04/15::16:31:36: Assembling BEM matrix block (1,1) 
02/04/15::16:57:09: LU-factorizing T1 at Xi=3.07078... 
02/04/15::16:57:09: LU-factorizing T2 at Xi=3.07078... 
02/04/15::16:57:15: Applying transform 0.199526... 
02/04/15::16:57:15:  Assembling U(0,1) 
02/04/15::16:57:15: Assembling BEM matrix block (0,1) 
02/04/15::17:01:50:   Computing ZForce... 
02/04/15::17:01:52: Computing Casimir integrand at Xi=3.50931
 
02/04/15::17:01:52: Assembling T1 at Xi=3.509315e+00... 
02/04/15::17:01:52: Assembling BEM matrix block (0,0) 
02/04/15::17:01:57: Assembling T2 at Xi=3.509315e+00... 
02/04/15::17:01:57: Assembling BEM matrix block (1,1) 
02/04/15::17:27:31: LU-factorizing T1 at Xi=3.50931... 
02/04/15::17:27:31: LU-factorizing T2 at Xi=3.50931... 
02/04/15::17:27:38: Applying transform 0.199526... 
02/04/15::17:27:38:  Assembling U(0,1) 
02/04/15::17:27:38: Assembling BEM matrix block (0,1) 
02/04/15::17:32:13:   Computing ZForce... 
02/04/15::17:32:16: Computing Casimir integrand at Xi=4.38639
 
02/04/15::17:32:16: Assembling T1 at Xi=4.386393e+00... 
02/04/15::17:32:16: Assembling BEM matrix block (0,0) 
02/04/15::17:32:48: Assembling T2 at Xi=4.386393e+00... 
02/04/15::17:32:48: Assembling BEM matrix block (1,1) 
02/04/15::17:58:26: LU-factorizing T1 at Xi=4.38639... 
02/04/15::17:58:26: LU-factorizing T2 at Xi=4.38639... 
02/04/15::17:58:32: Applying transform 0.199526... 
02/04/15::17:58:32:  Assembling U(0,1) 
02/04/15::17:58:32: Assembling BEM matrix block (0,1) 
02/04/15::18:03:08:   Computing ZForce... 
02/04/15::18:03:10: Computing Casimir integrand at Xi=5.26347
 
02/04/15::18:03:10: Assembling T1 at Xi=5.263472e+00... 
02/04/15::18:03:10: Assembling BEM matrix block (0,0) 
02/04/15::18:04:26: Assembling T2 at Xi=5.263472e+00... 
02/04/15::18:04:26: Assembling BEM matrix block (1,1) 
02/04/15::18:30:04: LU-factorizing T1 at Xi=5.26347... 
02/04/15::18:30:04: LU-factorizing T2 at Xi=5.26347... 
02/04/15::18:30:10: Applying transform 0.199526... 
02/04/15::18:30:10:  Assembling U(0,1) 
02/04/15::18:30:10: Assembling BEM matrix block (0,1) 
02/04/15::18:34:46:   Computing ZForce... 
02/04/15::18:34:48: Computing Casimir integrand at Xi=3.94785
 
02/04/15::18:34:48: Assembling T1 at Xi=3.947854e+00... 
02/04/15::18:34:48: Assembling BEM matrix block (0,0) 
02/04/15::18:34:59: Assembling T2 at Xi=3.947854e+00... 
02/04/15::18:34:59: Assembling BEM matrix block (1,1) 
02/04/15::19:00:37: LU-factorizing T1 at Xi=3.94785... 
02/04/15::19:00:37: LU-factorizing T2 at Xi=3.94785... 
02/04/15::19:00:44: Applying transform 0.199526... 
02/04/15::19:00:44:  Assembling U(0,1) 
02/04/15::19:00:44: Assembling BEM matrix block (0,1) 
02/04/15::19:05:19:   Computing ZForce... 
02/04/15::19:05:22: Computing Casimir integrand at Xi=5.26347
 
02/04/15::19:05:22: Assembling T1 at Xi=5.263472e+00... 
02/04/15::19:05:22: Assembling BEM matrix block (0,0) 
02/04/15::19:06:38: Assembling T2 at Xi=5.263472e+00... 
02/04/15::19:06:38: Assembling BEM matrix block (1,1) 
02/04/15::19:32:16: LU-factorizing T1 at Xi=5.26347... 
02/04/15::19:32:16: LU-factorizing T2 at Xi=5.26347... 
02/04/15::19:32:22: Applying transform 0.199526... 
02/04/15::19:32:22:  Assembling U(0,1) 
02/04/15::19:32:22: Assembling BEM matrix block (0,1) 
02/04/15::19:36:58:   Computing ZForce... 
02/04/15::19:37:00: Computing Casimir integrand at Xi=6.14055
 
02/04/15::19:37:00: Assembling T1 at Xi=6.140551e+00... 
02/04/15::19:37:00: Assembling BEM matrix block (0,0) 
02/04/15::19:38:39: Assembling T2 at Xi=6.140551e+00... 
02/04/15::19:38:39: Assembling BEM matrix block (1,1) 
02/04/15::20:03:18: LU-factorizing T1 at Xi=6.14055... 
02/04/15::20:03:18: LU-factorizing T2 at Xi=6.14055... 
02/04/15::20:03:25: Applying transform 0.199526... 
02/04/15::20:03:25:  Assembling U(0,1) 
02/04/15::20:03:25: Assembling BEM matrix block (0,1) 
02/04/15::20:08:18:   Computing ZForce... 
02/04/15::20:08:20: Computing Casimir integrand at Xi=4.82493
 
02/04/15::20:08:20: Assembling T1 at Xi=4.824933e+00... 
02/04/15::20:08:20: Assembling BEM matrix block (0,0) 
02/04/15::20:09:19: Assembling T2 at Xi=4.824933e+00... 
02/04/15::20:09:19: Assembling BEM matrix block (1,1) 
02/04/15::20:36:28: LU-factorizing T1 at Xi=4.82493... 
02/04/15::20:36:28: LU-factorizing T2 at Xi=4.82493... 
02/04/15::20:36:35: Applying transform 0.199526... 
02/04/15::20:36:35:  Assembling U(0,1) 
02/04/15::20:36:35: Assembling BEM matrix block (0,1) 
02/04/15::20:41:27:   Computing ZForce... 
02/04/15::20:41:30: Computing Casimir integrand at Xi=6.14055
 
02/04/15::20:41:30: Assembling T1 at Xi=6.140551e+00... 
02/04/15::20:41:30: Assembling BEM matrix block (0,0) 
02/04/15::20:43:14: Assembling T2 at Xi=6.140551e+00... 
02/04/15::20:43:14: Assembling BEM matrix block (1,1) 
02/04/15::21:09:08: LU-factorizing T1 at Xi=6.14055... 
02/04/15::21:09:08: LU-factorizing T2 at Xi=6.14055... 
02/04/15::21:09:15: Applying transform 0.199526... 
02/04/15::21:09:15:  Assembling U(0,1) 
02/04/15::21:09:15: Assembling BEM matrix block (0,1) 
02/04/15::21:14:07:   Computing ZForce... 
02/04/15::21:14:09: Computing Casimir integrand at Xi=7.01763
 
02/04/15::21:14:09: Assembling T1 at Xi=7.017629e+00... 
02/04/15::21:14:09: Assembling BEM matrix block (0,0) 
02/04/15::21:15:56: Assembling T2 at Xi=7.017629e+00... 
02/04/15::21:15:56: Assembling BEM matrix block (1,1) 
02/04/15::21:40:42: LU-factorizing T1 at Xi=7.01763... 
02/04/15::21:40:42: LU-factorizing T2 at Xi=7.01763... 
02/04/15::21:40:48: Applying transform 0.199526... 
02/04/15::21:40:48:  Assembling U(0,1) 
02/04/15::21:40:48: Assembling BEM matrix block (0,1) 
02/04/15::21:45:24:   Computing ZForce... 
02/04/15::21:45:26: Computing Casimir integrand at Xi=5.70201
 
02/04/15::21:45:26: Assembling T1 at Xi=5.702011e+00... 
02/04/15::21:45:26: Assembling BEM matrix block (0,0) 
02/04/15::21:46:57: Assembling T2 at Xi=5.702011e+00... 
02/04/15::21:46:57: Assembling BEM matrix block (1,1) 
02/04/15::22:12:34: LU-factorizing T1 at Xi=5.70201... 
02/04/15::22:12:34: LU-factorizing T2 at Xi=5.70201... 
02/04/15::22:12:41: Applying transform 0.199526... 
02/04/15::22:12:41:  Assembling U(0,1) 
02/04/15::22:12:41: Assembling BEM matrix block (0,1) 
02/04/15::22:17:16:   Computing ZForce... 
02/04/15::22:17:18: Computing Casimir integrand at Xi=7.01763
 
02/04/15::22:17:18: Assembling T1 at Xi=7.017629e+00... 
02/04/15::22:17:18: Assembling BEM matrix block (0,0) 
02/04/15::22:18:59: Assembling T2 at Xi=7.017629e+00... 
02/04/15::22:18:59: Assembling BEM matrix block (1,1) 
02/04/15::22:43:29: LU-factorizing T1 at Xi=7.01763... 
02/04/15::22:43:29: LU-factorizing T2 at Xi=7.01763... 
02/04/15::22:43:35: Applying transform 0.199526... 
02/04/15::22:43:35:  Assembling U(0,1) 
02/04/15::22:43:35: Assembling BEM matrix block (0,1) 
02/04/15::22:48:10:   Computing ZForce... 
02/04/15::22:48:12: Computing Casimir integrand at Xi=7.89471
 
02/04/15::22:48:12: Assembling T1 at Xi=7.894708e+00... 
02/04/15::22:48:12: Assembling BEM matrix block (0,0) 
02/04/15::22:49:54: Assembling T2 at Xi=7.894708e+00... 
02/04/15::22:49:54: Assembling BEM matrix block (1,1) 
02/04/15::23:14:33: LU-factorizing T1 at Xi=7.89471... 
02/04/15::23:14:33: LU-factorizing T2 at Xi=7.89471... 
02/04/15::23:14:40: Applying transform 0.199526... 
02/04/15::23:14:40:  Assembling U(0,1) 
02/04/15::23:14:40: Assembling BEM matrix block (0,1) 
02/04/15::23:19:16:   Computing ZForce... 
02/04/15::23:19:18: Computing Casimir integrand at Xi=6.57909
 
02/04/15::23:19:18: Assembling T1 at Xi=6.579090e+00... 
02/04/15::23:19:18: Assembling BEM matrix block (0,0) 
02/04/15::23:20:58: Assembling T2 at Xi=6.579090e+00... 
02/04/15::23:20:58: Assembling BEM matrix block (1,1) 
02/04/15::23:45:16: LU-factorizing T1 at Xi=6.57909... 
02/04/15::23:45:17: LU-factorizing T2 at Xi=6.57909... 
02/04/15::23:45:23: Applying transform 0.199526... 
02/04/15::23:45:23:  Assembling U(0,1) 
02/04/15::23:45:23: Assembling BEM matrix block (0,1) 
02/04/15::23:49:56:   Computing ZForce... 
02/04/15::23:49:58: Computing Casimir integrand at Xi=7.89471
 
02/04/15::23:49:58: Assembling T1 at Xi=7.894708e+00... 
02/04/15::23:49:58: Assembling BEM matrix block (0,0) 
02/04/15::23:51:39: Assembling T2 at Xi=7.894708e+00... 
02/04/15::23:51:39: Assembling BEM matrix block (1,1) 
02/05/15::00:16:10: LU-factorizing T1 at Xi=7.89471... 
02/05/15::00:16:10: LU-factorizing T2 at Xi=7.89471... 
02/05/15::00:16:17: Applying transform 0.199526... 
02/05/15::00:16:17:  Assembling U(0,1) 
02/05/15::00:16:17: Assembling BEM matrix block (0,1) 
02/05/15::00:20:51:   Computing ZForce... 
02/05/15::00:20:54: Computing Casimir integrand at Xi=8.77179
 
02/05/15::00:20:54: Assembling T1 at Xi=8.771787e+00... 
02/05/15::00:20:54: Assembling BEM matrix block (0,0) 
02/05/15::00:22:34: Assembling T2 at Xi=8.771787e+00... 
02/05/15::00:22:34: Assembling BEM matrix block (1,1) 
02/05/15::00:47:09: LU-factorizing T1 at Xi=8.77179... 
02/05/15::00:47:09: LU-factorizing T2 at Xi=8.77179... 
02/05/15::00:47:16: Applying transform 0.199526... 
02/05/15::00:47:16:  Assembling U(0,1) 
02/05/15::00:47:16: Assembling BEM matrix block (0,1) 
02/05/15::00:51:52:   Computing ZForce... 
02/05/15::00:51:54: Computing Casimir integrand at Xi=7.45617
 
02/05/15::00:51:54: Assembling T1 at Xi=7.456169e+00... 
02/05/15::00:51:54: Assembling BEM matrix block (0,0) 
02/05/15::00:53:35: Assembling T2 at Xi=7.456169e+00... 
02/05/15::00:53:35: Assembling BEM matrix block (1,1) 
02/05/15::01:18:07: LU-factorizing T1 at Xi=7.45617... 
02/05/15::01:18:07: LU-factorizing T2 at Xi=7.45617... 
02/05/15::01:18:13: Applying transform 0.199526... 
02/05/15::01:18:13:  Assembling U(0,1) 
02/05/15::01:18:13: Assembling BEM matrix block (0,1) 
