02/05/15::00:29:54: scuff-cas3D running on hequ0141 
02/05/15::00:29:54: Setting material properties of exterior region to VACUUM. 
02/05/15::00:29:54: Flipped 500 panel normals to comport with region definitions. 
02/05/15::00:29:54: Computing full Matsubara-summed Casimir quantities at T=3.000000e+02 Kelvin. 
02/05/15::00:29:54: Read 1 geometrical transformations from file BeadPEC_300K_L-0.125893.trans. 
02/05/15::00:29:54: Beginning Matsubara sum at T=300 kelvin... 
02/05/15::00:29:54: Computing Casimir integrand at Xi=0.001
 
02/05/15::00:29:54: Assembling T1 at Xi=1.000000e-03... 
02/05/15::00:29:54: Assembling BEM matrix block (0,0) 
02/05/15::00:30:19: Assembling T2 at Xi=1.000000e-03... 
02/05/15::00:30:19: Assembling BEM matrix block (1,1) 
02/05/15::00:34:37: LU-factorizing T1 at Xi=0.001... 
02/05/15::00:34:38: LU-factorizing T2 at Xi=0.001... 
02/05/15::00:34:42: Applying transform 0.125893... 
02/05/15::00:34:42:  Assembling U(0,1) 
02/05/15::00:34:42: Assembling BEM matrix block (0,1) 
02/05/15::00:38:34:   Computing ZForce... 
02/05/15::00:38:36: Computing Casimir integrand at Xi=0.823279
 
02/05/15::00:38:36: Assembling T1 at Xi=8.232789e-01... 
02/05/15::00:38:36: Assembling BEM matrix block (0,0) 
02/05/15::00:38:38: Assembling T2 at Xi=8.232789e-01... 
02/05/15::00:38:38: Assembling BEM matrix block (1,1) 
02/05/15::00:41:08: LU-factorizing T1 at Xi=0.823279... 
02/05/15::00:41:08: LU-factorizing T2 at Xi=0.823279... 
02/05/15::00:41:13: Applying transform 0.125893... 
02/05/15::00:41:13:  Assembling U(0,1) 
02/05/15::00:41:13: Assembling BEM matrix block (0,1) 
02/05/15::00:44:48:   Computing ZForce... 
02/05/15::00:44:49: Computing Casimir integrand at Xi=1.64656
 
02/05/15::00:44:49: Assembling T1 at Xi=1.646558e+00... 
02/05/15::00:44:49: Assembling BEM matrix block (0,0) 
02/05/15::00:44:52: Assembling T2 at Xi=1.646558e+00... 
02/05/15::00:44:52: Assembling BEM matrix block (1,1) 
02/05/15::01:05:06: LU-factorizing T1 at Xi=1.64656... 
02/05/15::01:05:06: LU-factorizing T2 at Xi=1.64656... 
02/05/15::01:05:11: Applying transform 0.125893... 
02/05/15::01:05:11:  Assembling U(0,1) 
02/05/15::01:05:11: Assembling BEM matrix block (0,1) 
02/05/15::01:08:40:   Computing ZForce... 
02/05/15::01:08:42: Computing Casimir integrand at Xi=2.46984
 
02/05/15::01:08:42: Assembling T1 at Xi=2.469837e+00... 
02/05/15::01:08:42: Assembling BEM matrix block (0,0) 
02/05/15::01:08:45: Assembling T2 at Xi=2.469837e+00... 
02/05/15::01:08:45: Assembling BEM matrix block (1,1) 
02/05/15::01:54:42: LU-factorizing T1 at Xi=3.29312... 
02/05/15::01:54:42: LU-factorizing T2 at Xi=3.29312... 
02/05/15::01:54:47: Applying transform 0.125893... 
02/05/15::01:54:47:  Assembling U(0,1) 
02/05/15::01:54:47: Assembling BEM matrix block (0,1) 
02/05/15::01:58:17:   Computing ZForce... 
02/05/15::01:58:19: Computing Casimir integrand at Xi=4.11639
 
02/05/15::01:58:19: Assembling T1 at Xi=4.116394e+00... 
02/05/15::01:58:19: Assembling BEM matrix block (0,0) 
02/05/15::01:58:33: Assembling T2 at Xi=4.116394e+00... 
02/05/15::01:58:33: Assembling BEM matrix block (1,1) 
02/05/15::02:19:07: LU-factorizing T1 at Xi=4.11639... 
02/05/15::02:19:07: LU-factorizing T2 at Xi=4.11639... 
02/05/15::02:19:12: Applying transform 0.125893... 
02/05/15::02:19:12:  Assembling U(0,1) 
02/05/15::02:19:12: Assembling BEM matrix block (0,1) 
02/05/15::02:22:40:   Computing ZForce... 
02/05/15::02:22:42: Computing Casimir integrand at Xi=4.93967
 
02/05/15::02:22:42: Assembling T1 at Xi=4.939673e+00... 
02/05/15::02:22:42: Assembling BEM matrix block (0,0) 
02/05/15::02:23:39: Assembling T2 at Xi=4.939673e+00... 
02/05/15::02:23:39: Assembling BEM matrix block (1,1) 
02/05/15::02:44:23: LU-factorizing T1 at Xi=4.93967... 
02/05/15::02:44:23: LU-factorizing T2 at Xi=4.93967... 
02/05/15::02:44:27: Applying transform 0.125893... 
02/05/15::02:44:27:  Assembling U(0,1) 
02/05/15::02:44:27: Assembling BEM matrix block (0,1) 
02/05/15::02:47:57:   Computing ZForce... 
02/05/15::02:47:59: Computing Casimir integrand at Xi=5.76295
 
02/05/15::02:47:59: Assembling T1 at Xi=5.762952e+00... 
02/05/15::02:47:59: Assembling BEM matrix block (0,0) 
02/05/15::02:49:14: Assembling T2 at Xi=5.762952e+00... 
02/05/15::02:49:14: Assembling BEM matrix block (1,1) 
02/05/15::03:08:49: LU-factorizing T1 at Xi=5.76295... 
02/05/15::03:08:49: LU-factorizing T2 at Xi=5.76295... 
02/05/15::03:08:53: Applying transform 0.125893... 
02/05/15::03:08:53:  Assembling U(0,1) 
02/05/15::03:08:53: Assembling BEM matrix block (0,1) 
02/05/15::03:12:23:   Computing ZForce... 
02/05/15::03:12:25: Computing Casimir integrand at Xi=6.58623
 
02/05/15::03:12:25: Assembling T1 at Xi=6.586231e+00... 
02/05/15::03:12:25: Assembling BEM matrix block (0,0) 
02/05/15::03:13:45: Assembling T2 at Xi=6.586231e+00... 
02/05/15::03:13:45: Assembling BEM matrix block (1,1) 
02/05/15::03:33:14: LU-factorizing T1 at Xi=6.58623... 
02/05/15::03:33:14: LU-factorizing T2 at Xi=6.58623... 
02/05/15::03:33:19: Applying transform 0.125893... 
02/05/15::03:33:19:  Assembling U(0,1) 
02/05/15::03:33:19: Assembling BEM matrix block (0,1) 
02/05/15::03:36:49:   Computing ZForce... 
02/05/15::03:36:50: Computing Casimir integrand at Xi=7.40951
 
02/05/15::03:36:50: Assembling T1 at Xi=7.409510e+00... 
02/05/15::03:36:50: Assembling BEM matrix block (0,0) 
02/05/15::03:38:11: Assembling T2 at Xi=7.409510e+00... 
02/05/15::03:38:11: Assembling BEM matrix block (1,1) 
02/05/15::03:57:44: LU-factorizing T1 at Xi=7.40951... 
02/05/15::03:57:44: LU-factorizing T2 at Xi=7.40951... 
02/05/15::03:57:49: Applying transform 0.125893... 
02/05/15::03:57:49:  Assembling U(0,1) 
02/05/15::03:57:49: Assembling BEM matrix block (0,1) 
02/05/15::04:01:17:   Computing ZForce... 
02/05/15::04:01:19: Computing Casimir integrand at Xi=8.23279
 
02/05/15::04:01:19: Assembling T1 at Xi=8.232789e+00... 
02/05/15::04:01:19: Assembling BEM matrix block (0,0) 
02/05/15::04:02:40: Assembling T2 at Xi=8.232789e+00... 
02/05/15::04:02:40: Assembling BEM matrix block (1,1) 
02/05/15::04:22:37: LU-factorizing T1 at Xi=8.23279... 
02/05/15::04:22:37: LU-factorizing T2 at Xi=8.23279... 
02/05/15::04:22:42: Applying transform 0.125893... 
02/05/15::04:22:42:  Assembling U(0,1) 
02/05/15::04:22:42: Assembling BEM matrix block (0,1) 
02/05/15::04:26:09:   Computing ZForce... 
02/05/15::04:26:10: Computing Casimir integrand at Xi=9.05607
 
02/05/15::04:26:10: Assembling T1 at Xi=9.056067e+00... 
02/05/15::04:26:10: Assembling BEM matrix block (0,0) 
02/05/15::04:27:32: Assembling T2 at Xi=9.056067e+00... 
02/05/15::04:27:32: Assembling BEM matrix block (1,1) 
02/05/15::04:47:30: LU-factorizing T1 at Xi=9.05607... 
02/05/15::04:47:30: LU-factorizing T2 at Xi=9.05607... 
02/05/15::04:47:35: Applying transform 0.125893... 
02/05/15::04:47:35:  Assembling U(0,1) 
02/05/15::04:47:35: Assembling BEM matrix block (0,1) 
02/05/15::04:51:04:   Computing ZForce... 
02/05/15::04:51:05: Computing Casimir integrand at Xi=9.87935
 
02/05/15::04:51:05: Assembling T1 at Xi=9.879346e+00... 
02/05/15::04:51:05: Assembling BEM matrix block (0,0) 
02/05/15::04:52:28: Assembling T2 at Xi=9.879346e+00... 
02/05/15::04:52:28: Assembling BEM matrix block (1,1) 
02/05/15::05:12:22: LU-factorizing T1 at Xi=9.87935... 
02/05/15::05:12:22: LU-factorizing T2 at Xi=9.87935... 
02/05/15::05:12:28: Applying transform 0.125893... 
02/05/15::05:12:28:  Assembling U(0,1) 
02/05/15::05:12:28: Assembling BEM matrix block (0,1) 
02/05/15::05:16:04:   Computing ZForce... 
02/05/15::05:16:06: Computing Casimir integrand at Xi=10.7026
 
02/05/15::05:16:06: Assembling T1 at Xi=1.070263e+01... 
02/05/15::05:16:06: Assembling BEM matrix block (0,0) 
02/05/15::05:17:28: Assembling T2 at Xi=1.070263e+01... 
02/05/15::05:17:28: Assembling BEM matrix block (1,1) 
02/05/15::05:37:20: LU-factorizing T1 at Xi=10.7026... 
02/05/15::05:37:20: LU-factorizing T2 at Xi=10.7026... 
02/05/15::05:37:27: Applying transform 0.125893... 
02/05/15::05:37:27:  Assembling U(0,1) 
02/05/15::05:37:27: Assembling BEM matrix block (0,1) 
02/05/15::05:41:16:   Computing ZForce... 
02/05/15::05:41:18: Computing Casimir integrand at Xi=11.5259
 
02/05/15::05:41:18: Assembling T1 at Xi=1.152590e+01... 
02/05/15::05:41:18: Assembling BEM matrix block (0,0) 
02/05/15::05:42:40: Assembling T2 at Xi=1.152590e+01... 
02/05/15::05:42:40: Assembling BEM matrix block (1,1) 
02/05/15::06:02:35: LU-factorizing T1 at Xi=11.5259... 
02/05/15::06:02:35: LU-factorizing T2 at Xi=11.5259... 
02/05/15::06:02:44: Applying transform 0.125893... 
02/05/15::06:02:44:  Assembling U(0,1) 
02/05/15::06:02:44: Assembling BEM matrix block (0,1) 
02/05/15::06:06:44:   Computing ZForce... 
02/05/15::06:06:47: Computing Casimir integrand at Xi=12.3492
 
02/05/15::06:06:47: Assembling T1 at Xi=1.234918e+01... 
02/05/15::06:06:47: Assembling BEM matrix block (0,0) 
02/05/15::06:08:09: Assembling T2 at Xi=1.234918e+01... 
02/05/15::06:08:09: Assembling BEM matrix block (1,1) 
02/05/15::06:28:14: LU-factorizing T1 at Xi=12.3492... 
02/05/15::06:28:14: LU-factorizing T2 at Xi=12.3492... 
02/05/15::06:28:26: Applying transform 0.125893... 
02/05/15::06:28:26:  Assembling U(0,1) 
02/05/15::06:28:26: Assembling BEM matrix block (0,1) 
02/05/15::06:32:37:   Computing ZForce... 
02/05/15::06:32:41: Computing Casimir integrand at Xi=13.1725
 
02/05/15::06:32:41: Assembling T1 at Xi=1.317246e+01... 
02/05/15::06:32:41: Assembling BEM matrix block (0,0) 
02/05/15::06:34:03: Assembling T2 at Xi=1.317246e+01... 
02/05/15::06:34:03: Assembling BEM matrix block (1,1) 
02/05/15::06:54:16: LU-factorizing T1 at Xi=13.1725... 
02/05/15::06:54:16: LU-factorizing T2 at Xi=13.1725... 
02/05/15::06:54:29: Applying transform 0.125893... 
02/05/15::06:54:29:  Assembling U(0,1) 
02/05/15::06:54:29: Assembling BEM matrix block (0,1) 
02/05/15::06:58:56:   Computing ZForce... 
02/05/15::06:59:01: Computing Casimir integrand at Xi=13.9957
 
02/05/15::06:59:01: Assembling T1 at Xi=1.399574e+01... 
02/05/15::06:59:01: Assembling BEM matrix block (0,0) 
02/05/15::07:00:24: Assembling T2 at Xi=1.399574e+01... 
02/05/15::07:00:24: Assembling BEM matrix block (1,1) 
02/05/15::07:20:49: LU-factorizing T1 at Xi=13.9957... 
02/05/15::07:20:49: LU-factorizing T2 at Xi=13.9957... 
02/05/15::07:21:05: Applying transform 0.125893... 
02/05/15::07:21:05:  Assembling U(0,1) 
02/05/15::07:21:05: Assembling BEM matrix block (0,1) 
02/05/15::07:25:40:   Computing ZForce... 
02/05/15::07:25:46: Computing Casimir integrand at Xi=14.819
 
02/05/15::07:25:46: Assembling T1 at Xi=1.481902e+01... 
02/05/15::07:25:46: Assembling BEM matrix block (0,0) 
02/05/15::07:27:08: Assembling T2 at Xi=1.481902e+01... 
02/05/15::07:27:08: Assembling BEM matrix block (1,1) 
02/05/15::07:47:32: LU-factorizing T1 at Xi=14.819... 
02/05/15::07:47:32: LU-factorizing T2 at Xi=14.819... 
02/05/15::07:47:45: Applying transform 0.125893... 
02/05/15::07:47:45:  Assembling U(0,1) 
02/05/15::07:47:45: Assembling BEM matrix block (0,1) 
02/05/15::07:52:07:   Computing ZForce... 
02/05/15::07:52:12: Computing Casimir integrand at Xi=15.6423
 
02/05/15::07:52:12: Assembling T1 at Xi=1.564230e+01... 
02/05/15::07:52:12: Assembling BEM matrix block (0,0) 
02/05/15::07:53:35: Assembling T2 at Xi=1.564230e+01... 
02/05/15::07:53:35: Assembling BEM matrix block (1,1) 
02/05/15::08:14:02: LU-factorizing T1 at Xi=15.6423... 
02/05/15::08:14:02: LU-factorizing T2 at Xi=15.6423... 
02/05/15::08:14:16: Applying transform 0.125893... 
02/05/15::08:14:16:  Assembling U(0,1) 
02/05/15::08:14:16: Assembling BEM matrix block (0,1) 
02/05/15::08:18:34:   Computing ZForce... 
02/05/15::08:18:38: Computing Casimir integrand at Xi=16.4656
 
02/05/15::08:18:39: Assembling T1 at Xi=1.646558e+01... 
02/05/15::08:18:39: Assembling BEM matrix block (0,0) 
02/05/15::08:20:01: Assembling T2 at Xi=1.646558e+01... 
02/05/15::08:20:01: Assembling BEM matrix block (1,1) 
02/05/15::08:40:18: LU-factorizing T1 at Xi=16.4656... 
02/05/15::08:40:18: LU-factorizing T2 at Xi=16.4656... 
02/05/15::08:40:31: Applying transform 0.125893... 
02/05/15::08:40:31:  Assembling U(0,1) 
02/05/15::08:40:31: Assembling BEM matrix block (0,1) 
02/05/15::08:44:45:   Computing ZForce... 
02/05/15::08:44:49: Computing Casimir integrand at Xi=17.2889
 
02/05/15::08:44:49: Assembling T1 at Xi=1.728886e+01... 
02/05/15::08:44:49: Assembling BEM matrix block (0,0) 
02/05/15::08:46:10: Assembling T2 at Xi=1.728886e+01... 
02/05/15::08:46:10: Assembling BEM matrix block (1,1) 
02/05/15::09:06:20: LU-factorizing T1 at Xi=17.2889... 
02/05/15::09:06:20: LU-factorizing T2 at Xi=17.2889... 
02/05/15::09:06:34: Applying transform 0.125893... 
02/05/15::09:06:34:  Assembling U(0,1) 
02/05/15::09:06:34: Assembling BEM matrix block (0,1) 
02/05/15::09:10:46:   Computing ZForce... 
02/05/15::09:10:50: Computing Casimir integrand at Xi=18.1121
 
02/05/15::09:10:50: Assembling T1 at Xi=1.811213e+01... 
02/05/15::09:10:50: Assembling BEM matrix block (0,0) 
02/05/15::09:12:11: Assembling T2 at Xi=1.811213e+01... 
02/05/15::09:12:11: Assembling BEM matrix block (1,1) 
02/05/15::09:32:17: LU-factorizing T1 at Xi=18.1121... 
02/05/15::09:32:17: LU-factorizing T2 at Xi=18.1121... 
02/05/15::09:32:30: Applying transform 0.125893... 
02/05/15::09:32:30:  Assembling U(0,1) 
02/05/15::09:32:30: Assembling BEM matrix block (0,1) 
02/05/15::09:36:37:   Computing ZForce... 
02/05/15::09:36:41: Computing Casimir integrand at Xi=18.9354
 
02/05/15::09:36:41: Assembling T1 at Xi=1.893541e+01... 
02/05/15::09:36:41: Assembling BEM matrix block (0,0) 
02/05/15::09:38:02: Assembling T2 at Xi=1.893541e+01... 
02/05/15::09:38:02: Assembling BEM matrix block (1,1) 
02/05/15::09:58:11: LU-factorizing T1 at Xi=18.9354... 
02/05/15::09:58:11: LU-factorizing T2 at Xi=18.9354... 
02/05/15::09:58:23: Applying transform 0.125893... 
02/05/15::09:58:23:  Assembling U(0,1) 
02/05/15::09:58:23: Assembling BEM matrix block (0,1) 
02/05/15::10:02:28:   Computing ZForce... 
02/05/15::10:02:32: Computing Casimir integrand at Xi=19.7587
 
02/05/15::10:02:32: Assembling T1 at Xi=1.975869e+01... 
02/05/15::10:02:32: Assembling BEM matrix block (0,0) 
02/05/15::10:03:53: Assembling T2 at Xi=1.975869e+01... 
02/05/15::10:03:53: Assembling BEM matrix block (1,1) 
02/05/15::10:24:05: LU-factorizing T1 at Xi=19.7587... 
02/05/15::10:24:05: LU-factorizing T2 at Xi=19.7587... 
02/05/15::10:24:19: Applying transform 0.125893... 
02/05/15::10:24:19:  Assembling U(0,1) 
02/05/15::10:24:19: Assembling BEM matrix block (0,1) 
02/05/15::10:28:26:   Computing ZForce... 
02/05/15::10:28:31: Computing Casimir integrand at Xi=20.582
 
02/05/15::10:28:31: Assembling T1 at Xi=2.058197e+01... 
02/05/15::10:28:31: Assembling BEM matrix block (0,0) 
02/05/15::10:29:54: Assembling T2 at Xi=2.058197e+01... 
02/05/15::10:29:54: Assembling BEM matrix block (1,1) 
02/05/15::10:50:26: LU-factorizing T1 at Xi=20.582... 
02/05/15::10:50:26: LU-factorizing T2 at Xi=20.582... 
02/05/15::10:50:38: Applying transform 0.125893... 
02/05/15::10:50:38:  Assembling U(0,1) 
02/05/15::10:50:38: Assembling BEM matrix block (0,1) 
02/05/15::10:54:45:   Computing ZForce... 
02/05/15::10:54:49: Computing Casimir integrand at Xi=21.4053
 
02/05/15::10:54:49: Assembling T1 at Xi=2.140525e+01... 
02/05/15::10:54:49: Assembling BEM matrix block (0,0) 
02/05/15::10:56:11: Assembling T2 at Xi=2.140525e+01... 
02/05/15::10:56:11: Assembling BEM matrix block (1,1) 
02/05/15::11:16:38: LU-factorizing T1 at Xi=21.4053... 
02/05/15::11:16:38: LU-factorizing T2 at Xi=21.4053... 
02/05/15::11:16:50: Applying transform 0.125893... 
02/05/15::11:16:50:  Assembling U(0,1) 
02/05/15::11:16:50: Assembling BEM matrix block (0,1) 
02/05/15::11:20:56:   Computing ZForce... 
02/05/15::11:21:00: Computing Casimir integrand at Xi=22.2285
 
02/05/15::11:21:00: Assembling T1 at Xi=2.222853e+01... 
02/05/15::11:21:00: Assembling BEM matrix block (0,0) 
02/05/15::11:22:21: Assembling T2 at Xi=2.222853e+01... 
02/05/15::11:22:21: Assembling BEM matrix block (1,1) 
02/05/15::11:42:52: LU-factorizing T1 at Xi=22.2285... 
02/05/15::11:42:53: LU-factorizing T2 at Xi=22.2285... 
02/05/15::11:43:05: Applying transform 0.125893... 
02/05/15::11:43:05:  Assembling U(0,1) 
02/05/15::11:43:05: Assembling BEM matrix block (0,1) 
02/05/15::11:47:12:   Computing ZForce... 
02/05/15::11:47:16: Computing Casimir integrand at Xi=23.0518
 
02/05/15::11:47:16: Assembling T1 at Xi=2.305181e+01... 
02/05/15::11:47:16: Assembling BEM matrix block (0,0) 
02/05/15::11:48:37: Assembling T2 at Xi=2.305181e+01... 
02/05/15::11:48:37: Assembling BEM matrix block (1,1) 
02/05/15::12:09:09: LU-factorizing T1 at Xi=23.0518... 
02/05/15::12:09:09: LU-factorizing T2 at Xi=23.0518... 
02/05/15::12:09:23: Applying transform 0.125893... 
02/05/15::12:09:23:  Assembling U(0,1) 
02/05/15::12:09:23: Assembling BEM matrix block (0,1) 
02/05/15::12:13:27:   Computing ZForce... 
02/05/15::12:13:31: Computing Casimir integrand at Xi=23.8751
 
02/05/15::12:13:31: Assembling T1 at Xi=2.387509e+01... 
02/05/15::12:13:31: Assembling BEM matrix block (0,0) 
02/05/15::12:14:51: Assembling T2 at Xi=2.387509e+01... 
02/05/15::12:14:51: Assembling BEM matrix block (1,1) 
02/05/15::12:35:02: LU-factorizing T1 at Xi=23.8751... 
02/05/15::12:35:02: LU-factorizing T2 at Xi=23.8751... 
02/05/15::12:35:15: Applying transform 0.125893... 
02/05/15::12:35:15:  Assembling U(0,1) 
02/05/15::12:35:15: Assembling BEM matrix block (0,1) 
02/05/15::12:39:12:   Computing ZForce... 
02/05/15::12:39:15: Computing Casimir integrand at Xi=24.6984
 
02/05/15::12:39:15: Assembling T1 at Xi=2.469837e+01... 
02/05/15::12:39:15: Assembling BEM matrix block (0,0) 
02/05/15::12:40:35: Assembling T2 at Xi=2.469837e+01... 
02/05/15::12:40:35: Assembling BEM matrix block (1,1) 
02/05/15::13:00:29: LU-factorizing T1 at Xi=24.6984... 
02/05/15::13:00:29: LU-factorizing T2 at Xi=24.6984... 
02/05/15::13:00:41: Applying transform 0.125893... 
02/05/15::13:00:41:  Assembling U(0,1) 
02/05/15::13:00:41: Assembling BEM matrix block (0,1) 
02/05/15::13:04:37:   Computing ZForce... 
02/05/15::13:04:41: Computing Casimir integrand at Xi=25.5216
 
02/05/15::13:04:41: Assembling T1 at Xi=2.552164e+01... 
02/05/15::13:04:41: Assembling BEM matrix block (0,0) 
02/05/15::13:06:00: Assembling T2 at Xi=2.552164e+01... 
02/05/15::13:06:00: Assembling BEM matrix block (1,1) 
02/05/15::13:26:01: LU-factorizing T1 at Xi=25.5216... 
02/05/15::13:26:01: LU-factorizing T2 at Xi=25.5216... 
02/05/15::13:26:13: Applying transform 0.125893... 
02/05/15::13:26:13:  Assembling U(0,1) 
02/05/15::13:26:13: Assembling BEM matrix block (0,1) 
02/05/15::13:30:11:   Computing ZForce... 
02/05/15::13:30:15: Computing Casimir integrand at Xi=26.3449
 
02/05/15::13:30:15: Assembling T1 at Xi=2.634492e+01... 
02/05/15::13:30:15: Assembling BEM matrix block (0,0) 
02/05/15::13:31:35: Assembling T2 at Xi=2.634492e+01... 
02/05/15::13:31:35: Assembling BEM matrix block (1,1) 
02/05/15::13:51:48: LU-factorizing T1 at Xi=26.3449... 
02/05/15::13:51:48: LU-factorizing T2 at Xi=26.3449... 
02/05/15::13:52:00: Applying transform 0.125893... 
02/05/15::13:52:00:  Assembling U(0,1) 
02/05/15::13:52:00: Assembling BEM matrix block (0,1) 
02/05/15::13:55:58:   Computing ZForce... 
02/05/15::13:56:01: Computing Casimir integrand at Xi=27.1682
 
02/05/15::13:56:01: Assembling T1 at Xi=2.716820e+01... 
02/05/15::13:56:01: Assembling BEM matrix block (0,0) 
02/05/15::13:57:21: Assembling T2 at Xi=2.716820e+01... 
02/05/15::13:57:21: Assembling BEM matrix block (1,1) 
02/05/15::14:17:37: LU-factorizing T1 at Xi=27.1682... 
02/05/15::14:17:37: LU-factorizing T2 at Xi=27.1682... 
02/05/15::14:17:49: Applying transform 0.125893... 
02/05/15::14:17:49:  Assembling U(0,1) 
02/05/15::14:17:49: Assembling BEM matrix block (0,1) 
02/05/15::14:21:47:   Computing ZForce... 
02/05/15::14:21:51: Computing Casimir integrand at Xi=27.9915
 
02/05/15::14:21:51: Assembling T1 at Xi=2.799148e+01... 
02/05/15::14:21:51: Assembling BEM matrix block (0,0) 
02/05/15::14:23:10: Assembling T2 at Xi=2.799148e+01... 
02/05/15::14:23:10: Assembling BEM matrix block (1,1) 
02/05/15::14:43:23: LU-factorizing T1 at Xi=27.9915... 
02/05/15::14:43:23: LU-factorizing T2 at Xi=27.9915... 
02/05/15::14:43:34: Applying transform 0.125893... 
02/05/15::14:43:34:  Assembling U(0,1) 
02/05/15::14:43:34: Assembling BEM matrix block (0,1) 
02/05/15::14:47:30:   Computing ZForce... 
02/05/15::14:47:33: Computing Casimir integrand at Xi=28.8148
 
02/05/15::14:47:33: Assembling T1 at Xi=2.881476e+01... 
02/05/15::14:47:33: Assembling BEM matrix block (0,0) 
02/05/15::14:48:51: Assembling T2 at Xi=2.881476e+01... 
02/05/15::14:48:51: Assembling BEM matrix block (1,1) 
02/05/15::15:09:04: LU-factorizing T1 at Xi=28.8148... 
02/05/15::15:09:04: LU-factorizing T2 at Xi=28.8148... 
02/05/15::15:09:14: Applying transform 0.125893... 
02/05/15::15:09:14:  Assembling U(0,1) 
02/05/15::15:09:14: Assembling BEM matrix block (0,1) 
02/05/15::15:13:08:   Computing ZForce... 
02/05/15::15:13:11: Computing Casimir integrand at Xi=29.638
 
02/05/15::15:13:11: Assembling T1 at Xi=2.963804e+01... 
02/05/15::15:13:11: Assembling BEM matrix block (0,0) 
02/05/15::15:14:28: Assembling T2 at Xi=2.963804e+01... 
02/05/15::15:14:28: Assembling BEM matrix block (1,1) 
02/05/15::15:34:41: LU-factorizing T1 at Xi=29.638... 
02/05/15::15:34:41: LU-factorizing T2 at Xi=29.638... 
02/05/15::15:34:52: Applying transform 0.125893... 
02/05/15::15:34:52:  Assembling U(0,1) 
02/05/15::15:34:52: Assembling BEM matrix block (0,1) 
02/05/15::15:38:48:   Computing ZForce... 
02/05/15::15:38:51: Computing Casimir integrand at Xi=30.4613
 
02/05/15::15:38:51: Assembling T1 at Xi=3.046132e+01... 
02/05/15::15:38:51: Assembling BEM matrix block (0,0) 
02/05/15::15:40:07: Assembling T2 at Xi=3.046132e+01... 
02/05/15::15:40:08: Assembling BEM matrix block (1,1) 
02/05/15::16:00:22: LU-factorizing T1 at Xi=30.4613... 
02/05/15::16:00:22: LU-factorizing T2 at Xi=30.4613... 
02/05/15::16:00:33: Applying transform 0.125893... 
02/05/15::16:00:33:  Assembling U(0,1) 
02/05/15::16:00:33: Assembling BEM matrix block (0,1) 
02/05/15::16:04:28:   Computing ZForce... 
02/05/15::16:04:31: Computing Casimir integrand at Xi=31.2846
 
02/05/15::16:04:31: Assembling T1 at Xi=3.128460e+01... 
02/05/15::16:04:31: Assembling BEM matrix block (0,0) 
02/05/15::16:05:47: Assembling T2 at Xi=3.128460e+01... 
02/05/15::16:05:47: Assembling BEM matrix block (1,1) 
02/05/15::16:25:59: LU-factorizing T1 at Xi=31.2846... 
02/05/15::16:25:59: LU-factorizing T2 at Xi=31.2846... 
02/05/15::16:26:10: Applying transform 0.125893... 
02/05/15::16:26:10:  Assembling U(0,1) 
02/05/15::16:26:10: Assembling BEM matrix block (0,1) 
02/05/15::16:30:05:   Computing ZForce... 
02/05/15::16:30:08: Computing Casimir integrand at Xi=32.1079
 
02/05/15::16:30:08: Assembling T1 at Xi=3.210788e+01... 
02/05/15::16:30:09: Assembling BEM matrix block (0,0) 
02/05/15::16:31:23: Assembling T2 at Xi=3.210788e+01... 
02/05/15::16:31:23: Assembling BEM matrix block (1,1) 
02/05/15::16:51:38: LU-factorizing T1 at Xi=32.1079... 
02/05/15::16:51:38: LU-factorizing T2 at Xi=32.1079... 
02/05/15::16:51:49: Applying transform 0.125893... 
02/05/15::16:51:49:  Assembling U(0,1) 
02/05/15::16:51:49: Assembling BEM matrix block (0,1) 
02/05/15::16:55:45:   Computing ZForce... 
02/05/15::16:55:49: Computing Casimir integrand at Xi=32.9312
 
02/05/15::16:55:49: Assembling T1 at Xi=3.293115e+01... 
02/05/15::16:55:49: Assembling BEM matrix block (0,0) 
02/05/15::16:57:04: Assembling T2 at Xi=3.293115e+01... 
02/05/15::16:57:04: Assembling BEM matrix block (1,1) 
02/05/15::17:17:20: LU-factorizing T1 at Xi=32.9312... 
02/05/15::17:17:20: LU-factorizing T2 at Xi=32.9312... 
02/05/15::17:17:32: Applying transform 0.125893... 
02/05/15::17:17:32:  Assembling U(0,1) 
02/05/15::17:17:32: Assembling BEM matrix block (0,1) 
02/05/15::17:21:26:   Computing ZForce... 
02/05/15::17:21:29: Computing Casimir integrand at Xi=33.7544
 
02/05/15::17:21:29: Assembling T1 at Xi=3.375443e+01... 
02/05/15::17:21:29: Assembling BEM matrix block (0,0) 
02/05/15::17:22:44: Assembling T2 at Xi=3.375443e+01... 
02/05/15::17:22:44: Assembling BEM matrix block (1,1) 
02/05/15::17:43:01: LU-factorizing T1 at Xi=33.7544... 
02/05/15::17:43:01: LU-factorizing T2 at Xi=33.7544... 
02/05/15::17:43:14: Applying transform 0.125893... 
02/05/15::17:43:14:  Assembling U(0,1) 
02/05/15::17:43:14: Assembling BEM matrix block (0,1) 
02/05/15::17:47:09:   Computing ZForce... 
02/05/15::17:47:12: Computing Casimir integrand at Xi=34.5777
 
02/05/15::17:47:12: Assembling T1 at Xi=3.457771e+01... 
02/05/15::17:47:12: Assembling BEM matrix block (0,0) 
02/05/15::17:48:26: Assembling T2 at Xi=3.457771e+01... 
02/05/15::17:48:26: Assembling BEM matrix block (1,1) 
02/05/15::18:08:38: LU-factorizing T1 at Xi=34.5777... 
02/05/15::18:08:38: LU-factorizing T2 at Xi=34.5777... 
02/05/15::18:08:49: Applying transform 0.125893... 
02/05/15::18:08:49:  Assembling U(0,1) 
02/05/15::18:08:49: Assembling BEM matrix block (0,1) 
02/05/15::18:12:42:   Computing ZForce... 
02/05/15::18:12:45: Computing Casimir integrand at Xi=35.401
 
02/05/15::18:12:45: Assembling T1 at Xi=3.540099e+01... 
02/05/15::18:12:45: Assembling BEM matrix block (0,0) 
02/05/15::18:13:57: Assembling T2 at Xi=3.540099e+01... 
02/05/15::18:13:57: Assembling BEM matrix block (1,1) 
02/05/15::18:34:09: LU-factorizing T1 at Xi=35.401... 
02/05/15::18:34:09: LU-factorizing T2 at Xi=35.401... 
02/05/15::18:34:18: Applying transform 0.125893... 
02/05/15::18:34:18:  Assembling U(0,1) 
02/05/15::18:34:18: Assembling BEM matrix block (0,1) 
02/05/15::18:38:09:   Computing ZForce... 
02/05/15::18:38:12: Computing Casimir integrand at Xi=36.2243
 
02/05/15::18:38:12: Assembling T1 at Xi=3.622427e+01... 
02/05/15::18:38:12: Assembling BEM matrix block (0,0) 
02/05/15::18:39:24: Assembling T2 at Xi=3.622427e+01... 
02/05/15::18:39:24: Assembling BEM matrix block (1,1) 
02/05/15::18:59:35: LU-factorizing T1 at Xi=36.2243... 
02/05/15::18:59:35: LU-factorizing T2 at Xi=36.2243... 
02/05/15::18:59:44: Applying transform 0.125893... 
02/05/15::18:59:44:  Assembling U(0,1) 
02/05/15::18:59:44: Assembling BEM matrix block (0,1) 
02/05/15::19:03:31:   Computing ZForce... 
02/05/15::19:03:34: Computing Casimir integrand at Xi=37.0475
 
02/05/15::19:03:34: Assembling T1 at Xi=3.704755e+01... 
02/05/15::19:03:34: Assembling BEM matrix block (0,0) 
02/05/15::19:04:44: Assembling T2 at Xi=3.704755e+01... 
02/05/15::19:04:44: Assembling BEM matrix block (1,1) 
02/05/15::19:24:24: LU-factorizing T1 at Xi=37.0475... 
02/05/15::19:24:24: LU-factorizing T2 at Xi=37.0475... 
02/05/15::19:24:33: Applying transform 0.125893... 
02/05/15::19:24:33:  Assembling U(0,1) 
02/05/15::19:24:33: Assembling BEM matrix block (0,1) 
02/05/15::19:28:16:   Computing ZForce... 
02/05/15::19:28:19: Computing Casimir integrand at Xi=37.8708
 
02/05/15::19:28:19: Assembling T1 at Xi=3.787083e+01... 
02/05/15::19:28:19: Assembling BEM matrix block (0,0) 
02/05/15::19:29:26: Assembling T2 at Xi=3.787083e+01... 
02/05/15::19:29:26: Assembling BEM matrix block (1,1) 
02/05/15::19:49:11: LU-factorizing T1 at Xi=37.8708... 
02/05/15::19:49:11: LU-factorizing T2 at Xi=37.8708... 
02/05/15::19:49:22: Applying transform 0.125893... 
02/05/15::19:49:22:  Assembling U(0,1) 
02/05/15::19:49:22: Assembling BEM matrix block (0,1) 
02/05/15::19:53:07:   Computing ZForce... 
02/05/15::19:53:10: Computing Casimir integrand at Xi=38.6941
 
02/05/15::19:53:10: Assembling T1 at Xi=3.869411e+01... 
02/05/15::19:53:10: Assembling BEM matrix block (0,0) 
02/05/15::19:54:18: Assembling T2 at Xi=3.869411e+01... 
02/05/15::19:54:18: Assembling BEM matrix block (1,1) 
02/05/15::20:13:54: LU-factorizing T1 at Xi=38.6941... 
02/05/15::20:13:54: LU-factorizing T2 at Xi=38.6941... 
02/05/15::20:14:06: Applying transform 0.125893... 
02/05/15::20:14:06:  Assembling U(0,1) 
02/05/15::20:14:06: Assembling BEM matrix block (0,1) 
02/05/15::20:17:52:   Computing ZForce... 
02/05/15::20:17:55: Computing Casimir integrand at Xi=39.5174
 
02/05/15::20:17:55: Assembling T1 at Xi=3.951739e+01... 
02/05/15::20:17:55: Assembling BEM matrix block (0,0) 
02/05/15::20:19:02: Assembling T2 at Xi=3.951739e+01... 
02/05/15::20:19:02: Assembling BEM matrix block (1,1) 
02/05/15::20:38:36: LU-factorizing T1 at Xi=39.5174... 
02/05/15::20:38:36: LU-factorizing T2 at Xi=39.5174... 
02/05/15::20:38:47: Applying transform 0.125893... 
02/05/15::20:38:47:  Assembling U(0,1) 
02/05/15::20:38:47: Assembling BEM matrix block (0,1) 
02/05/15::20:42:31:   Computing ZForce... 
02/05/15::20:42:34: Matsubara sum converged after summing n=48 frequency points. 
