02/03/15::18:29:56: scuff-cas3D running on bullet0273 
02/03/15::18:29:56: Setting material properties of exterior region to VACUUM. 
02/03/15::18:29:56: Flipped 514 panel normals to comport with region definitions. 
02/03/15::18:29:56: Computing full zero-temperature Casimir quantities. 
02/03/15::18:29:56: Read 1 geometrical transformations from file Bead_L-0.316228.trans. 
02/03/15::18:29:56: Minimum distance between surface points=3.162280e-01 
02/03/15::18:29:56: Computing Casimir integrand at Xi=0.001
 
02/03/15::18:29:56: Assembling T1 at Xi=1.000000e-03... 
02/03/15::18:29:56: Assembling BEM matrix block (0,0) 
02/03/15::18:30:32: Assembling T2 at Xi=1.000000e-03... 
02/03/15::18:30:32: Assembling BEM matrix block (1,1) 
02/03/15::19:01:21: LU-factorizing T1 at Xi=0.001... 
02/03/15::19:01:21: LU-factorizing T2 at Xi=0.001... 
02/03/15::19:02:05: Applying transform 0.316228... 
02/03/15::19:02:05:  Assembling U(0,1) 
02/03/15::19:02:05: Assembling BEM matrix block (0,1) 
02/03/15::19:07:50:   Computing ZForce... 
02/03/15::19:08:07: Computing Casimir integrand at Xi=0.277699
 
02/03/15::19:08:07: Assembling T1 at Xi=2.776991e-01... 
02/03/15::19:08:07: Assembling BEM matrix block (0,0) 
02/03/15::19:08:14: Assembling T2 at Xi=2.776991e-01... 
02/03/15::19:08:14: Assembling BEM matrix block (1,1) 
02/03/15::19:35:34: LU-factorizing T1 at Xi=0.277699... 
02/03/15::19:35:34: LU-factorizing T2 at Xi=0.277699... 
02/03/15::19:36:18: Applying transform 0.316228... 
02/03/15::19:36:18:  Assembling U(0,1) 
02/03/15::19:36:18: Assembling BEM matrix block (0,1) 
02/03/15::19:41:41:   Computing ZForce... 
02/03/15::19:41:59: Computing Casimir integrand at Xi=0.554398
 
02/03/15::19:41:59: Assembling T1 at Xi=5.543982e-01... 
02/03/15::19:41:59: Assembling BEM matrix block (0,0) 
02/03/15::19:42:06: Assembling T2 at Xi=5.543982e-01... 
02/03/15::19:42:06: Assembling BEM matrix block (1,1) 
02/03/15::20:09:46: LU-factorizing T1 at Xi=0.554398... 
02/03/15::20:09:46: LU-factorizing T2 at Xi=0.554398... 
02/03/15::20:10:29: Applying transform 0.316228... 
02/03/15::20:10:29:  Assembling U(0,1) 
02/03/15::20:10:29: Assembling BEM matrix block (0,1) 
02/03/15::20:15:55:   Computing ZForce... 
02/03/15::20:16:13: Computing Casimir integrand at Xi=1.1078
 
02/03/15::20:16:13: Assembling T1 at Xi=1.107796e+00... 
02/03/15::20:16:13: Assembling BEM matrix block (0,0) 
02/03/15::20:16:25: Assembling T2 at Xi=1.107796e+00... 
02/03/15::20:16:25: Assembling BEM matrix block (1,1) 
02/03/15::21:04:46: LU-factorizing T1 at Xi=1.1078... 
02/03/15::21:04:46: LU-factorizing T2 at Xi=1.1078... 
02/03/15::21:05:30: Applying transform 0.316228... 
02/03/15::21:05:30:  Assembling U(0,1) 
02/03/15::21:05:30: Assembling BEM matrix block (0,1) 
02/03/15::21:10:51:   Computing ZForce... 
02/03/15::21:11:09: Computing Casimir integrand at Xi=1.66119
 
02/03/15::21:11:09: Assembling T1 at Xi=1.661195e+00... 
02/03/15::21:11:09: Assembling BEM matrix block (0,0) 
02/03/15::21:12:44: Assembling T2 at Xi=1.661195e+00... 
02/03/15::21:12:44: Assembling BEM matrix block (1,1) 
02/03/15::22:02:40: LU-factorizing T1 at Xi=1.66119... 
02/03/15::22:02:40: LU-factorizing T2 at Xi=1.66119... 
02/03/15::22:03:24: Applying transform 0.316228... 
02/03/15::22:03:24:  Assembling U(0,1) 
02/03/15::22:03:24: Assembling BEM matrix block (0,1) 
02/03/15::22:08:43:   Computing ZForce... 
02/03/15::22:09:00: Computing Casimir integrand at Xi=0.831097
 
02/03/15::22:09:00: Assembling T1 at Xi=8.310973e-01... 
02/03/15::22:09:00: Assembling BEM matrix block (0,0) 
02/03/15::22:09:08: Assembling T2 at Xi=8.310973e-01... 
02/03/15::22:09:08: Assembling BEM matrix block (1,1) 
02/03/15::22:37:11: LU-factorizing T1 at Xi=0.831097... 
02/03/15::22:37:12: LU-factorizing T2 at Xi=0.831097... 
02/03/15::22:37:55: Applying transform 0.316228... 
02/03/15::22:37:55:  Assembling U(0,1) 
02/03/15::22:37:55: Assembling BEM matrix block (0,1) 
02/03/15::22:43:23:   Computing ZForce... 
02/03/15::22:43:40: Computing Casimir integrand at Xi=1.3845
 
02/03/15::22:43:40: Assembling T1 at Xi=1.384495e+00... 
02/03/15::22:43:40: Assembling BEM matrix block (0,0) 
02/03/15::22:44:35: Assembling T2 at Xi=1.384495e+00... 
02/03/15::22:44:35: Assembling BEM matrix block (1,1) 
02/03/15::23:33:14: LU-factorizing T1 at Xi=1.3845... 
02/03/15::23:33:14: LU-factorizing T2 at Xi=1.3845... 
02/03/15::23:33:57: Applying transform 0.316228... 
02/03/15::23:33:57:  Assembling U(0,1) 
02/03/15::23:33:57: Assembling BEM matrix block (0,1) 
02/03/15::23:39:19:   Computing ZForce... 
02/03/15::23:39:37: Computing Casimir integrand at Xi=1.66119
 
02/03/15::23:39:37: Assembling T1 at Xi=1.661195e+00... 
02/03/15::23:39:37: Assembling BEM matrix block (0,0) 
02/03/15::23:41:11: Assembling T2 at Xi=1.661195e+00... 
02/03/15::23:41:11: Assembling BEM matrix block (1,1) 
02/04/15::00:31:07: LU-factorizing T1 at Xi=1.66119... 
02/04/15::00:31:07: LU-factorizing T2 at Xi=1.66119... 
02/04/15::00:31:50: Applying transform 0.316228... 
02/04/15::00:31:50:  Assembling U(0,1) 
02/04/15::00:31:50: Assembling BEM matrix block (0,1) 
02/04/15::00:37:09:   Computing ZForce... 
02/04/15::00:37:27: Computing Casimir integrand at Xi=1.24615
 
02/04/15::00:37:27: Assembling T1 at Xi=1.246146e+00... 
02/04/15::00:37:27: Assembling BEM matrix block (0,0) 
02/04/15::00:37:55: Assembling T2 at Xi=1.246146e+00... 
02/04/15::00:37:55: Assembling BEM matrix block (1,1) 
02/04/15::01:26:21: LU-factorizing T1 at Xi=1.24615... 
02/04/15::01:26:21: LU-factorizing T2 at Xi=1.24615... 
02/04/15::01:27:05: Applying transform 0.316228... 
02/04/15::01:27:05:  Assembling U(0,1) 
02/04/15::01:27:05: Assembling BEM matrix block (0,1) 
02/04/15::01:32:26:   Computing ZForce... 
02/04/15::01:32:44: Computing Casimir integrand at Xi=1.66119
 
02/04/15::01:32:44: Assembling T1 at Xi=1.661195e+00... 
02/04/15::01:32:44: Assembling BEM matrix block (0,0) 
02/04/15::01:34:18: Assembling T2 at Xi=1.661195e+00... 
02/04/15::01:34:18: Assembling BEM matrix block (1,1) 
02/04/15::02:24:13: LU-factorizing T1 at Xi=1.66119... 
02/04/15::02:24:13: LU-factorizing T2 at Xi=1.66119... 
02/04/15::02:24:56: Applying transform 0.316228... 
02/04/15::02:24:56:  Assembling U(0,1) 
02/04/15::02:24:56: Assembling BEM matrix block (0,1) 
02/04/15::02:30:15:   Computing ZForce... 
02/04/15::02:30:33: Computing Casimir integrand at Xi=1.93789
 
02/04/15::02:30:33: Assembling T1 at Xi=1.937894e+00... 
02/04/15::02:30:33: Assembling BEM matrix block (0,0) 
02/04/15::02:32:16: Assembling T2 at Xi=1.937894e+00... 
02/04/15::02:32:16: Assembling BEM matrix block (1,1) 
02/04/15::03:22:54: LU-factorizing T1 at Xi=1.93789... 
02/04/15::03:22:54: LU-factorizing T2 at Xi=1.93789... 
02/04/15::03:23:37: Applying transform 0.316228... 
02/04/15::03:23:37:  Assembling U(0,1) 
02/04/15::03:23:37: Assembling BEM matrix block (0,1) 
02/04/15::03:28:55:   Computing ZForce... 
02/04/15::03:29:12: Computing Casimir integrand at Xi=1.52284
 
02/04/15::03:29:12: Assembling T1 at Xi=1.522845e+00... 
02/04/15::03:29:12: Assembling BEM matrix block (0,0) 
02/04/15::03:30:31: Assembling T2 at Xi=1.522845e+00... 
02/04/15::03:30:31: Assembling BEM matrix block (1,1) 
02/04/15::04:19:52: LU-factorizing T1 at Xi=1.52284... 
02/04/15::04:19:52: LU-factorizing T2 at Xi=1.52284... 
02/04/15::04:20:35: Applying transform 0.316228... 
02/04/15::04:20:35:  Assembling U(0,1) 
02/04/15::04:20:35: Assembling BEM matrix block (0,1) 
02/04/15::04:25:56:   Computing ZForce... 
02/04/15::04:26:14: Computing Casimir integrand at Xi=1.93789
 
02/04/15::04:26:14: Assembling T1 at Xi=1.937894e+00... 
02/04/15::04:26:14: Assembling BEM matrix block (0,0) 
02/04/15::04:27:57: Assembling T2 at Xi=1.937894e+00... 
02/04/15::04:27:57: Assembling BEM matrix block (1,1) 
02/04/15::05:18:33: LU-factorizing T1 at Xi=1.93789... 
02/04/15::05:18:33: LU-factorizing T2 at Xi=1.93789... 
02/04/15::05:19:16: Applying transform 0.316228... 
02/04/15::05:19:16:  Assembling U(0,1) 
02/04/15::05:19:16: Assembling BEM matrix block (0,1) 
02/04/15::05:24:34:   Computing ZForce... 
02/04/15::05:24:51: Computing Casimir integrand at Xi=2.21459
 
02/04/15::05:24:51: Assembling T1 at Xi=2.214593e+00... 
02/04/15::05:24:51: Assembling BEM matrix block (0,0) 
02/04/15::05:26:36: Assembling T2 at Xi=2.214593e+00... 
02/04/15::05:26:36: Assembling BEM matrix block (1,1) 
02/04/15::06:17:19: LU-factorizing T1 at Xi=2.21459... 
02/04/15::06:17:19: LU-factorizing T2 at Xi=2.21459... 
02/04/15::06:18:02: Applying transform 0.316228... 
02/04/15::06:18:02:  Assembling U(0,1) 
02/04/15::06:18:02: Assembling BEM matrix block (0,1) 
02/04/15::06:23:20:   Computing ZForce... 
02/04/15::06:23:38: Computing Casimir integrand at Xi=1.79954
 
02/04/15::06:23:38: Assembling T1 at Xi=1.799544e+00... 
02/04/15::06:23:38: Assembling BEM matrix block (0,0) 
02/04/15::06:25:20: Assembling T2 at Xi=1.799544e+00... 
02/04/15::06:25:20: Assembling BEM matrix block (1,1) 
02/04/15::07:15:48: LU-factorizing T1 at Xi=1.79954... 
02/04/15::07:15:48: LU-factorizing T2 at Xi=1.79954... 
02/04/15::07:16:31: Applying transform 0.316228... 
02/04/15::07:16:31:  Assembling U(0,1) 
02/04/15::07:16:31: Assembling BEM matrix block (0,1) 
02/04/15::07:21:49:   Computing ZForce... 
02/04/15::07:22:07: Computing Casimir integrand at Xi=1.73037
 
02/04/15::07:22:07: Assembling T1 at Xi=1.730369e+00... 
02/04/15::07:22:07: Assembling BEM matrix block (0,0) 
02/04/15::07:23:47: Assembling T2 at Xi=1.730369e+00... 
02/04/15::07:23:47: Assembling BEM matrix block (1,1) 
02/04/15::08:14:03: LU-factorizing T1 at Xi=1.73037... 
02/04/15::08:14:03: LU-factorizing T2 at Xi=1.73037... 
02/04/15::08:14:46: Applying transform 0.316228... 
02/04/15::08:14:46:  Assembling U(0,1) 
02/04/15::08:14:46: Assembling BEM matrix block (0,1) 
02/04/15::08:20:04:   Computing ZForce... 
02/04/15::08:20:22: Computing Casimir integrand at Xi=1.69578
 
02/04/15::08:20:22: Assembling T1 at Xi=1.695782e+00... 
02/04/15::08:20:22: Assembling BEM matrix block (0,0) 
02/04/15::08:22:00: Assembling T2 at Xi=1.695782e+00... 
02/04/15::08:22:00: Assembling BEM matrix block (1,1) 
02/04/15::09:12:06: LU-factorizing T1 at Xi=1.69578... 
02/04/15::09:12:06: LU-factorizing T2 at Xi=1.69578... 
02/04/15::09:12:50: Applying transform 0.316228... 
02/04/15::09:12:50:  Assembling U(0,1) 
02/04/15::09:12:50: Assembling BEM matrix block (0,1) 
02/04/15::09:18:08:   Computing ZForce... 
02/04/15::09:18:26: Computing Casimir integrand at Xi=1.67849
 
02/04/15::09:18:26: Assembling T1 at Xi=1.678488e+00... 
02/04/15::09:18:26: Assembling BEM matrix block (0,0) 
02/04/15::09:20:02: Assembling T2 at Xi=1.678488e+00... 
02/04/15::09:20:02: Assembling BEM matrix block (1,1) 
02/04/15::10:10:03: LU-factorizing T1 at Xi=1.67849... 
02/04/15::10:10:03: LU-factorizing T2 at Xi=1.67849... 
02/04/15::10:10:46: Applying transform 0.316228... 
02/04/15::10:10:46:  Assembling U(0,1) 
02/04/15::10:10:46: Assembling BEM matrix block (0,1) 
02/04/15::10:16:05:   Computing ZForce... 
02/04/15::10:16:23: Computing Casimir integrand at Xi=1.73037
 
02/04/15::10:16:23: Assembling T1 at Xi=1.730369e+00... 
02/04/15::10:16:23: Assembling BEM matrix block (0,0) 
02/04/15::10:18:03: Assembling T2 at Xi=1.730369e+00... 
02/04/15::10:18:03: Assembling BEM matrix block (1,1) 
02/04/15::11:08:19: LU-factorizing T1 at Xi=1.73037... 
02/04/15::11:08:19: LU-factorizing T2 at Xi=1.73037... 
02/04/15::11:09:02: Applying transform 0.316228... 
02/04/15::11:09:02:  Assembling U(0,1) 
02/04/15::11:09:02: Assembling BEM matrix block (0,1) 
02/04/15::11:14:21:   Computing ZForce... 
02/04/15::11:14:38: Computing Casimir integrand at Xi=1.76496
 
02/04/15::11:14:38: Assembling T1 at Xi=1.764957e+00... 
02/04/15::11:14:38: Assembling BEM matrix block (0,0) 
02/04/15::11:16:19: Assembling T2 at Xi=1.764957e+00... 
02/04/15::11:16:19: Assembling BEM matrix block (1,1) 
02/04/15::12:06:40: LU-factorizing T1 at Xi=1.76496... 
02/04/15::12:06:40: LU-factorizing T2 at Xi=1.76496... 
02/04/15::12:07:23: Applying transform 0.316228... 
02/04/15::12:07:23:  Assembling U(0,1) 
02/04/15::12:07:23: Assembling BEM matrix block (0,1) 
02/04/15::12:12:41:   Computing ZForce... 
02/04/15::12:12:58: Computing Casimir integrand at Xi=1.71308
 
02/04/15::12:12:58: Assembling T1 at Xi=1.713076e+00... 
02/04/15::12:12:58: Assembling BEM matrix block (0,0) 
02/04/15::12:14:38: Assembling T2 at Xi=1.713076e+00... 
02/04/15::12:14:38: Assembling BEM matrix block (1,1) 
02/04/15::13:04:48: LU-factorizing T1 at Xi=1.71308... 
02/04/15::13:04:48: LU-factorizing T2 at Xi=1.71308... 
02/04/15::13:05:31: Applying transform 0.316228... 
02/04/15::13:05:31:  Assembling U(0,1) 
02/04/15::13:05:31: Assembling BEM matrix block (0,1) 
02/04/15::13:10:50:   Computing ZForce... 
02/04/15::13:11:07: Computing Casimir integrand at Xi=1.70443
 
02/04/15::13:11:07: Assembling T1 at Xi=1.704429e+00... 
02/04/15::13:11:07: Assembling BEM matrix block (0,0) 
02/04/15::13:12:46: Assembling T2 at Xi=1.704429e+00... 
02/04/15::13:12:46: Assembling BEM matrix block (1,1) 
02/04/15::14:02:54: LU-factorizing T1 at Xi=1.70443... 
02/04/15::14:02:54: LU-factorizing T2 at Xi=1.70443... 
02/04/15::14:03:37: Applying transform 0.316228... 
02/04/15::14:03:37:  Assembling U(0,1) 
02/04/15::14:03:37: Assembling BEM matrix block (0,1) 
02/04/15::14:08:55:   Computing ZForce... 
02/04/15::14:09:13: Computing Casimir integrand at Xi=1.70011
 
02/04/15::14:09:13: Assembling T1 at Xi=1.700105e+00... 
02/04/15::14:09:13: Assembling BEM matrix block (0,0) 
02/04/15::14:10:52: Assembling T2 at Xi=1.700105e+00... 
02/04/15::14:10:52: Assembling BEM matrix block (1,1) 
02/04/15::15:00:57: LU-factorizing T1 at Xi=1.70011... 
02/04/15::15:00:57: LU-factorizing T2 at Xi=1.70011... 
02/04/15::15:01:41: Applying transform 0.316228... 
02/04/15::15:01:41:  Assembling U(0,1) 
02/04/15::15:01:41: Assembling BEM matrix block (0,1) 
02/04/15::15:07:00:   Computing ZForce... 
02/04/15::15:07:17: Computing Casimir integrand at Xi=1.71308
 
02/04/15::15:07:18: Assembling T1 at Xi=1.713076e+00... 
02/04/15::15:07:18: Assembling BEM matrix block (0,0) 
02/04/15::15:08:57: Assembling T2 at Xi=1.713076e+00... 
02/04/15::15:08:57: Assembling BEM matrix block (1,1) 
02/04/15::15:59:10: LU-factorizing T1 at Xi=1.71308... 
02/04/15::15:59:10: LU-factorizing T2 at Xi=1.71308... 
02/04/15::15:59:53: Applying transform 0.316228... 
02/04/15::15:59:53:  Assembling U(0,1) 
02/04/15::15:59:53: Assembling BEM matrix block (0,1) 
02/04/15::16:05:12:   Computing ZForce... 
02/04/15::16:05:29: Computing Casimir integrand at Xi=1.72172
 
02/04/15::16:05:29: Assembling T1 at Xi=1.721722e+00... 
02/04/15::16:05:29: Assembling BEM matrix block (0,0) 
02/04/15::16:07:09: Assembling T2 at Xi=1.721722e+00... 
02/04/15::16:07:09: Assembling BEM matrix block (1,1) 
02/04/15::16:57:23: LU-factorizing T1 at Xi=1.72172... 
02/04/15::16:57:23: LU-factorizing T2 at Xi=1.72172... 
02/04/15::16:58:07: Applying transform 0.316228... 
02/04/15::16:58:07:  Assembling U(0,1) 
02/04/15::16:58:07: Assembling BEM matrix block (0,1) 
02/04/15::17:03:25:   Computing ZForce... 
02/04/15::17:03:43: Computing Casimir integrand at Xi=1.70875
 
02/04/15::17:03:43: Assembling T1 at Xi=1.708752e+00... 
02/04/15::17:03:43: Assembling BEM matrix block (0,0) 
02/04/15::17:05:22: Assembling T2 at Xi=1.708752e+00... 
02/04/15::17:05:22: Assembling BEM matrix block (1,1) 
02/04/15::17:55:33: LU-factorizing T1 at Xi=1.70875... 
02/04/15::17:55:33: LU-factorizing T2 at Xi=1.70875... 
02/04/15::17:56:16: Applying transform 0.316228... 
02/04/15::17:56:16:  Assembling U(0,1) 
02/04/15::17:56:16: Assembling BEM matrix block (0,1) 
02/04/15::18:01:35:   Computing ZForce... 
02/04/15::18:01:52: Computing Casimir integrand at Xi=1.70659
 
02/04/15::18:01:52: Assembling T1 at Xi=1.706590e+00... 
02/04/15::18:01:52: Assembling BEM matrix block (0,0) 
02/04/15::18:03:31: Assembling T2 at Xi=1.706590e+00... 
02/04/15::18:03:31: Assembling BEM matrix block (1,1) 
02/04/15::18:53:45: LU-factorizing T1 at Xi=1.70659... 
02/04/15::18:53:45: LU-factorizing T2 at Xi=1.70659... 
02/04/15::18:54:28: Applying transform 0.316228... 
02/04/15::18:54:28:  Assembling U(0,1) 
02/04/15::18:54:28: Assembling BEM matrix block (0,1) 
02/04/15::18:59:48:   Computing ZForce... 
02/04/15::19:00:06: Computing Casimir integrand at Xi=1.70551
 
02/04/15::19:00:06: Assembling T1 at Xi=1.705510e+00... 
02/04/15::19:00:06: Assembling BEM matrix block (0,0) 
02/04/15::19:01:45: Assembling T2 at Xi=1.705510e+00... 
02/04/15::19:01:45: Assembling BEM matrix block (1,1) 
02/04/15::19:52:01: LU-factorizing T1 at Xi=1.70551... 
02/04/15::19:52:01: LU-factorizing T2 at Xi=1.70551... 
02/04/15::19:52:44: Applying transform 0.316228... 
02/04/15::19:52:44:  Assembling U(0,1) 
02/04/15::19:52:45: Assembling BEM matrix block (0,1) 
02/04/15::19:58:07:   Computing ZForce... 
02/04/15::19:58:27: Computing Casimir integrand at Xi=1.70875
 
02/04/15::19:58:27: Assembling T1 at Xi=1.708752e+00... 
02/04/15::19:58:27: Assembling BEM matrix block (0,0) 
02/04/15::20:01:39: Assembling T2 at Xi=1.708752e+00... 
02/04/15::20:01:39: Assembling BEM matrix block (1,1) 
02/04/15::21:00:32: LU-factorizing T1 at Xi=1.70875... 
02/04/15::21:00:32: LU-factorizing T2 at Xi=1.70875... 
02/04/15::21:01:16: Applying transform 0.316228... 
02/04/15::21:01:16:  Assembling U(0,1) 
02/04/15::21:01:16: Assembling BEM matrix block (0,1) 
02/04/15::21:06:35:   Computing ZForce... 
02/04/15::21:06:53: Computing Casimir integrand at Xi=1.71091
 
02/04/15::21:06:53: Assembling T1 at Xi=1.710914e+00... 
02/04/15::21:06:53: Assembling BEM matrix block (0,0) 
02/04/15::21:08:32: Assembling T2 at Xi=1.710914e+00... 
02/04/15::21:08:32: Assembling BEM matrix block (1,1) 
02/04/15::22:06:43: LU-factorizing T1 at Xi=1.71091... 
02/04/15::22:06:43: LU-factorizing T2 at Xi=1.71091... 
02/04/15::22:07:26: Applying transform 0.316228... 
02/04/15::22:07:26:  Assembling U(0,1) 
02/04/15::22:07:26: Assembling BEM matrix block (0,1) 
02/04/15::22:13:14:   Computing ZForce... 
02/04/15::22:13:32: Computing Casimir integrand at Xi=1.70767
 
02/04/15::22:13:32: Assembling T1 at Xi=1.707671e+00... 
02/04/15::22:13:32: Assembling BEM matrix block (0,0) 
02/04/15::22:15:11: Assembling T2 at Xi=1.707671e+00... 
02/04/15::22:15:11: Assembling BEM matrix block (1,1) 
02/04/15::23:08:17: LU-factorizing T1 at Xi=1.70767... 
02/04/15::23:08:22: LU-factorizing T2 at Xi=1.70767... 
02/04/15::23:09:05: Applying transform 0.316228... 
02/04/15::23:09:05:  Assembling U(0,1) 
02/04/15::23:09:05: Assembling BEM matrix block (0,1) 
02/04/15::23:14:36:   Computing ZForce... 
02/04/15::23:15:03: Computing Casimir integrand at Xi=1.70713
 
02/04/15::23:15:03: Assembling T1 at Xi=1.707131e+00... 
02/04/15::23:15:03: Assembling BEM matrix block (0,0) 
02/04/15::23:16:54: Assembling T2 at Xi=1.707131e+00... 
02/04/15::23:16:54: Assembling BEM matrix block (1,1) 
02/05/15::00:16:59: LU-factorizing T1 at Xi=1.70713... 
02/05/15::00:16:59: LU-factorizing T2 at Xi=1.70713... 
02/05/15::00:17:48: Applying transform 0.316228... 
02/05/15::00:17:48:  Assembling U(0,1) 
02/05/15::00:17:48: Assembling BEM matrix block (0,1) 
02/05/15::00:26:15:   Computing ZForce... 
02/05/15::00:26:32: Computing Casimir integrand at Xi=1.70686
 
02/05/15::00:26:32: Assembling T1 at Xi=1.706861e+00... 
02/05/15::00:26:32: Assembling BEM matrix block (0,0) 
02/05/15::00:28:11: Assembling T2 at Xi=1.706861e+00... 
02/05/15::00:28:12: Assembling BEM matrix block (1,1) 
02/05/15::02:23:23: LU-factorizing T1 at Xi=1.70673... 
02/05/15::02:23:23: LU-factorizing T2 at Xi=1.70673... 
02/05/15::02:24:07: Applying transform 0.316228... 
02/05/15::02:24:07:  Assembling U(0,1) 
02/05/15::02:24:07: Assembling BEM matrix block (0,1) 
02/05/15::02:29:26:   Computing ZForce... 
02/05/15::02:29:44: Computing Casimir integrand at Xi=1.70666
 
02/05/15::02:29:44: Assembling T1 at Xi=1.706658e+00... 
02/05/15::02:29:44: Assembling BEM matrix block (0,0) 
02/05/15::02:31:23: Assembling T2 at Xi=1.706658e+00... 
02/05/15::02:31:23: Assembling BEM matrix block (1,1) 
02/05/15::03:21:42: LU-factorizing T1 at Xi=1.70666... 
02/05/15::03:21:42: LU-factorizing T2 at Xi=1.70666... 
02/05/15::03:22:26: Applying transform 0.316228... 
02/05/15::03:22:26:  Assembling U(0,1) 
02/05/15::03:22:26: Assembling BEM matrix block (0,1) 
02/05/15::03:27:45:   Computing ZForce... 
02/05/15::03:28:03: Computing Casimir integrand at Xi=1.70662
 
02/05/15::03:28:03: Assembling T1 at Xi=1.706624e+00... 
02/05/15::03:28:03: Assembling BEM matrix block (0,0) 
02/05/15::03:29:42: Assembling T2 at Xi=1.706624e+00... 
02/05/15::03:29:42: Assembling BEM matrix block (1,1) 
02/05/15::04:19:59: LU-factorizing T1 at Xi=1.70662... 
02/05/15::04:19:59: LU-factorizing T2 at Xi=1.70662... 
02/05/15::04:20:43: Applying transform 0.316228... 
02/05/15::04:20:43:  Assembling U(0,1) 
02/05/15::04:20:43: Assembling BEM matrix block (0,1) 
02/05/15::04:26:03:   Computing ZForce... 
02/05/15::04:26:21: Computing Casimir integrand at Xi=1.70661
 
02/05/15::04:26:21: Assembling T1 at Xi=1.706607e+00... 
02/05/15::04:26:21: Assembling BEM matrix block (0,0) 
02/05/15::04:28:00: Assembling T2 at Xi=1.706607e+00... 
02/05/15::04:28:00: Assembling BEM matrix block (1,1) 
02/05/15::05:18:18: LU-factorizing T1 at Xi=1.70661... 
02/05/15::05:18:18: LU-factorizing T2 at Xi=1.70661... 
02/05/15::05:19:01: Applying transform 0.316228... 
02/05/15::05:19:01:  Assembling U(0,1) 
02/05/15::05:19:01: Assembling BEM matrix block (0,1) 
02/05/15::05:24:21:   Computing ZForce... 
02/05/15::05:24:39: Computing Casimir integrand at Xi=1.70666
 
02/05/15::05:24:39: Assembling T1 at Xi=1.706658e+00... 
02/05/15::05:24:39: Assembling BEM matrix block (0,0) 
02/05/15::05:26:18: Assembling T2 at Xi=1.706658e+00... 
02/05/15::05:26:18: Assembling BEM matrix block (1,1) 
