02/04/15::13:34:46: scuff-cas3D running on bullet0268 
02/04/15::13:34:46: Setting material properties of exterior region to VACUUM. 
02/04/15::13:34:46: Flipped 514 panel normals to comport with region definitions. 
02/04/15::13:34:46: Computing full zero-temperature Casimir quantities. 
02/04/15::13:34:46: Read 1 geometrical transformations from file BeadPEC_L-1.trans. 
02/04/15::13:34:46: Minimum distance between surface points=1.000000e+00 
02/04/15::13:34:46: Computing Casimir integrand at Xi=0.001
 
02/04/15::13:34:46: Assembling T1 at Xi=1.000000e-03... 
02/04/15::13:34:46: Assembling BEM matrix block (0,0) 
02/04/15::13:35:19: Assembling T2 at Xi=1.000000e-03... 
02/04/15::13:35:19: Assembling BEM matrix block (1,1) 
02/04/15::13:40:48: LU-factorizing T1 at Xi=0.001... 
02/04/15::13:40:48: LU-factorizing T2 at Xi=0.001... 
02/04/15::13:40:53: Applying transform 1.0... 
02/04/15::13:40:53:  Assembling U(0,1) 
02/04/15::13:40:53: Assembling BEM matrix block (0,1) 
02/04/15::13:45:24:   Computing ZForce... 
02/04/15::13:45:26: Computing Casimir integrand at Xi=0.0885
 
02/04/15::13:45:26: Assembling T1 at Xi=8.850000e-02... 
02/04/15::13:45:26: Assembling BEM matrix block (0,0) 
02/04/15::13:45:29: Assembling T2 at Xi=8.850000e-02... 
02/04/15::13:45:29: Assembling BEM matrix block (1,1) 
02/04/15::13:48:03: LU-factorizing T1 at Xi=0.0885... 
02/04/15::13:48:03: LU-factorizing T2 at Xi=0.0885... 
02/04/15::13:48:09: Applying transform 1.0... 
02/04/15::13:48:09:  Assembling U(0,1) 
02/04/15::13:48:09: Assembling BEM matrix block (0,1) 
02/04/15::13:52:22:   Computing ZForce... 
02/04/15::13:52:24: Computing Casimir integrand at Xi=0.176
 
02/04/15::13:52:24: Assembling T1 at Xi=1.760000e-01... 
02/04/15::13:52:24: Assembling BEM matrix block (0,0) 
02/04/15::13:52:27: Assembling T2 at Xi=1.760000e-01... 
02/04/15::13:52:27: Assembling BEM matrix block (1,1) 
02/04/15::13:55:07: LU-factorizing T1 at Xi=0.176... 
02/04/15::13:55:07: LU-factorizing T2 at Xi=0.176... 
02/04/15::13:55:12: Applying transform 1.0... 
02/04/15::13:55:12:  Assembling U(0,1) 
02/04/15::13:55:12: Assembling BEM matrix block (0,1) 
02/04/15::13:59:25:   Computing ZForce... 
02/04/15::13:59:28: Computing Casimir integrand at Xi=0.351
 
02/04/15::13:59:28: Assembling T1 at Xi=3.510000e-01... 
02/04/15::13:59:28: Assembling BEM matrix block (0,0) 
02/04/15::13:59:31: Assembling T2 at Xi=3.510000e-01... 
02/04/15::13:59:31: Assembling BEM matrix block (1,1) 
02/04/15::14:02:20: LU-factorizing T1 at Xi=0.351... 
02/04/15::14:02:20: LU-factorizing T2 at Xi=0.351... 
02/04/15::14:02:26: Applying transform 1.0... 
02/04/15::14:02:26:  Assembling U(0,1) 
02/04/15::14:02:26: Assembling BEM matrix block (0,1) 
02/04/15::14:06:40:   Computing ZForce... 
02/04/15::14:06:42: Computing Casimir integrand at Xi=0.526
 
02/04/15::14:06:42: Assembling T1 at Xi=5.260000e-01... 
02/04/15::14:06:42: Assembling BEM matrix block (0,0) 
02/04/15::14:06:46: Assembling T2 at Xi=5.260000e-01... 
02/04/15::14:06:46: Assembling BEM matrix block (1,1) 
02/04/15::14:09:45: LU-factorizing T1 at Xi=0.526... 
02/04/15::14:09:45: LU-factorizing T2 at Xi=0.526... 
02/04/15::14:09:51: Applying transform 1.0... 
02/04/15::14:09:51:  Assembling U(0,1) 
02/04/15::14:09:51: Assembling BEM matrix block (0,1) 
02/04/15::14:14:06:   Computing ZForce... 
02/04/15::14:14:08: Computing Casimir integrand at Xi=0.876
 
02/04/15::14:14:08: Assembling T1 at Xi=8.760000e-01... 
02/04/15::14:14:08: Assembling BEM matrix block (0,0) 
02/04/15::14:14:12: Assembling T2 at Xi=8.760000e-01... 
02/04/15::14:14:12: Assembling BEM matrix block (1,1) 
02/04/15::14:17:29: LU-factorizing T1 at Xi=0.876... 
02/04/15::14:17:29: LU-factorizing T2 at Xi=0.876... 
02/04/15::14:17:34: Applying transform 1.0... 
02/04/15::14:17:34:  Assembling U(0,1) 
02/04/15::14:17:34: Assembling BEM matrix block (0,1) 
02/04/15::14:21:52:   Computing ZForce... 
02/04/15::14:21:54: Computing Casimir integrand at Xi=1.226
 
02/04/15::14:21:54: Assembling T1 at Xi=1.226000e+00... 
02/04/15::14:21:54: Assembling BEM matrix block (0,0) 
02/04/15::14:21:58: Assembling T2 at Xi=1.226000e+00... 
02/04/15::14:21:58: Assembling BEM matrix block (1,1) 
02/04/15::14:45:30: LU-factorizing T1 at Xi=1.226... 
02/04/15::14:45:30: LU-factorizing T2 at Xi=1.226... 
02/04/15::14:45:35: Applying transform 1.0... 
02/04/15::14:45:36:  Assembling U(0,1) 
02/04/15::14:45:36: Assembling BEM matrix block (0,1) 
02/04/15::14:49:47:   Computing ZForce... 
02/04/15::14:49:49: Computing Casimir integrand at Xi=0.701
 
02/04/15::14:49:49: Assembling T1 at Xi=7.010000e-01... 
02/04/15::14:49:49: Assembling BEM matrix block (0,0) 
02/04/15::14:49:53: Assembling T2 at Xi=7.010000e-01... 
02/04/15::14:49:53: Assembling BEM matrix block (1,1) 
02/04/15::14:53:01: LU-factorizing T1 at Xi=0.701... 
02/04/15::14:53:01: LU-factorizing T2 at Xi=0.701... 
02/04/15::14:53:06: Applying transform 1.0... 
02/04/15::14:53:06:  Assembling U(0,1) 
02/04/15::14:53:06: Assembling BEM matrix block (0,1) 
02/04/15::14:57:23:   Computing ZForce... 
02/04/15::14:57:25: Computing Casimir integrand at Xi=1.226
 
02/04/15::14:57:25: Assembling T1 at Xi=1.226000e+00... 
02/04/15::14:57:25: Assembling BEM matrix block (0,0) 
02/04/15::14:57:29: Assembling T2 at Xi=1.226000e+00... 
02/04/15::14:57:29: Assembling BEM matrix block (1,1) 
02/04/15::15:21:02: LU-factorizing T1 at Xi=1.226... 
02/04/15::15:21:02: LU-factorizing T2 at Xi=1.226... 
02/04/15::15:21:07: Applying transform 1.0... 
02/04/15::15:21:07:  Assembling U(0,1) 
02/04/15::15:21:07: Assembling BEM matrix block (0,1) 
02/04/15::15:25:19:   Computing ZForce... 
02/04/15::15:25:21: Computing Casimir integrand at Xi=1.576
 
02/04/15::15:25:21: Assembling T1 at Xi=1.576000e+00... 
02/04/15::15:25:21: Assembling BEM matrix block (0,0) 
02/04/15::15:25:25: Assembling T2 at Xi=1.576000e+00... 
02/04/15::15:25:25: Assembling BEM matrix block (1,1) 
02/04/15::15:49:55: LU-factorizing T1 at Xi=1.576... 
02/04/15::15:49:55: LU-factorizing T2 at Xi=1.576... 
02/04/15::15:50:00: Applying transform 1.0... 
02/04/15::15:50:01:  Assembling U(0,1) 
02/04/15::15:50:01: Assembling BEM matrix block (0,1) 
02/04/15::15:54:11:   Computing ZForce... 
02/04/15::15:54:13: Computing Casimir integrand at Xi=1.051
 
02/04/15::15:54:13: Assembling T1 at Xi=1.051000e+00... 
02/04/15::15:54:13: Assembling BEM matrix block (0,0) 
02/04/15::15:54:17: Assembling T2 at Xi=1.051000e+00... 
02/04/15::15:54:17: Assembling BEM matrix block (1,1) 
02/04/15::16:17:48: LU-factorizing T1 at Xi=1.051... 
02/04/15::16:17:48: LU-factorizing T2 at Xi=1.051... 
02/04/15::16:17:54: Applying transform 1.0... 
02/04/15::16:17:54:  Assembling U(0,1) 
02/04/15::16:17:54: Assembling BEM matrix block (0,1) 
02/04/15::16:22:05:   Computing ZForce... 
02/04/15::16:22:08: Computing Casimir integrand at Xi=1.401
 
02/04/15::16:22:08: Assembling T1 at Xi=1.401000e+00... 
02/04/15::16:22:08: Assembling BEM matrix block (0,0) 
02/04/15::16:22:12: Assembling T2 at Xi=1.401000e+00... 
02/04/15::16:22:12: Assembling BEM matrix block (1,1) 
02/04/15::16:45:55: LU-factorizing T1 at Xi=1.401... 
02/04/15::16:45:55: LU-factorizing T2 at Xi=1.401... 
02/04/15::16:46:01: Applying transform 1.0... 
02/04/15::16:46:01:  Assembling U(0,1) 
02/04/15::16:46:01: Assembling BEM matrix block (0,1) 
02/04/15::16:50:12:   Computing ZForce... 
02/04/15::16:50:14: Computing Casimir integrand at Xi=1.576
 
02/04/15::16:50:14: Assembling T1 at Xi=1.576000e+00... 
02/04/15::16:50:14: Assembling BEM matrix block (0,0) 
02/04/15::16:50:18: Assembling T2 at Xi=1.576000e+00... 
02/04/15::16:50:18: Assembling BEM matrix block (1,1) 
02/04/15::17:14:47: LU-factorizing T1 at Xi=1.576... 
02/04/15::17:14:48: LU-factorizing T2 at Xi=1.576... 
02/04/15::17:14:53: Applying transform 1.0... 
02/04/15::17:14:53:  Assembling U(0,1) 
02/04/15::17:14:53: Assembling BEM matrix block (0,1) 
02/04/15::17:19:04:   Computing ZForce... 
02/04/15::17:19:06: Computing Casimir integrand at Xi=1.751
 
02/04/15::17:19:06: Assembling T1 at Xi=1.751000e+00... 
02/04/15::17:19:06: Assembling BEM matrix block (0,0) 
02/04/15::17:19:10: Assembling T2 at Xi=1.751000e+00... 
02/04/15::17:19:10: Assembling BEM matrix block (1,1) 
02/04/15::17:44:23: LU-factorizing T1 at Xi=1.751... 
02/04/15::17:44:23: LU-factorizing T2 at Xi=1.751... 
02/04/15::17:44:29: Applying transform 1.0... 
02/04/15::17:44:29:  Assembling U(0,1) 
02/04/15::17:44:29: Assembling BEM matrix block (0,1) 
02/04/15::17:48:36:   Computing ZForce... 
02/04/15::17:48:38: Computing Casimir integrand at Xi=1.926
 
02/04/15::17:48:38: Assembling T1 at Xi=1.926000e+00... 
02/04/15::17:48:38: Assembling BEM matrix block (0,0) 
02/04/15::17:48:43: Assembling T2 at Xi=1.926000e+00... 
02/04/15::17:48:43: Assembling BEM matrix block (1,1) 
02/04/15::18:14:09: LU-factorizing T1 at Xi=1.926... 
02/04/15::18:14:09: LU-factorizing T2 at Xi=1.926... 
02/04/15::18:14:15: Applying transform 1.0... 
02/04/15::18:14:15:  Assembling U(0,1) 
02/04/15::18:14:15: Assembling BEM matrix block (0,1) 
02/04/15::18:18:23:   Computing ZForce... 
02/04/15::18:18:25: Computing Casimir integrand at Xi=2.101
 
02/04/15::18:18:25: Assembling T1 at Xi=2.101000e+00... 
02/04/15::18:18:25: Assembling BEM matrix block (0,0) 
02/04/15::18:18:29: Assembling T2 at Xi=2.101000e+00... 
02/04/15::18:18:29: Assembling BEM matrix block (1,1) 
02/04/15::18:43:57: LU-factorizing T1 at Xi=2.101... 
02/04/15::18:43:57: LU-factorizing T2 at Xi=2.101... 
02/04/15::18:44:02: Applying transform 1.0... 
02/04/15::18:44:02:  Assembling U(0,1) 
02/04/15::18:44:02: Assembling BEM matrix block (0,1) 
02/04/15::18:48:10:   Computing ZForce... 
02/04/15::18:48:12: Computing Casimir integrand at Xi=2.276
 
02/04/15::18:48:12: Assembling T1 at Xi=2.276000e+00... 
02/04/15::18:48:12: Assembling BEM matrix block (0,0) 
02/04/15::18:48:17: Assembling T2 at Xi=2.276000e+00... 
02/04/15::18:48:17: Assembling BEM matrix block (1,1) 
02/04/15::19:13:45: LU-factorizing T1 at Xi=2.276... 
02/04/15::19:13:45: LU-factorizing T2 at Xi=2.276... 
02/04/15::19:13:51: Applying transform 1.0... 
02/04/15::19:13:51:  Assembling U(0,1) 
02/04/15::19:13:51: Assembling BEM matrix block (0,1) 
02/04/15::19:17:58:   Computing ZForce... 
02/04/15::19:18:01: Computing Casimir integrand at Xi=2.451
 
02/04/15::19:18:01: Assembling T1 at Xi=2.451000e+00... 
02/04/15::19:18:01: Assembling BEM matrix block (0,0) 
02/04/15::19:18:05: Assembling T2 at Xi=2.451000e+00... 
02/04/15::19:18:05: Assembling BEM matrix block (1,1) 
02/04/15::19:43:33: LU-factorizing T1 at Xi=2.451... 
02/04/15::19:43:33: LU-factorizing T2 at Xi=2.451... 
02/04/15::19:43:39: Applying transform 1.0... 
02/04/15::19:43:39:  Assembling U(0,1) 
02/04/15::19:43:39: Assembling BEM matrix block (0,1) 
02/04/15::19:47:47:   Computing ZForce... 
02/04/15::19:47:49: Computing Casimir integrand at Xi=2.626
 
02/04/15::19:47:49: Assembling T1 at Xi=2.626000e+00... 
02/04/15::19:47:49: Assembling BEM matrix block (0,0) 
02/04/15::19:47:53: Assembling T2 at Xi=2.626000e+00... 
02/04/15::19:47:53: Assembling BEM matrix block (1,1) 
02/04/15::20:13:22: LU-factorizing T1 at Xi=2.626... 
02/04/15::20:13:22: LU-factorizing T2 at Xi=2.626... 
02/04/15::20:13:27: Applying transform 1.0... 
02/04/15::20:13:27:  Assembling U(0,1) 
02/04/15::20:13:27: Assembling BEM matrix block (0,1) 
02/04/15::20:17:35:   Computing ZForce... 
02/04/15::20:17:37: Computing Casimir integrand at Xi=2.801
 
02/04/15::20:17:37: Assembling T1 at Xi=2.801000e+00... 
02/04/15::20:17:37: Assembling BEM matrix block (0,0) 
02/04/15::20:17:42: Assembling T2 at Xi=2.801000e+00... 
02/04/15::20:17:42: Assembling BEM matrix block (1,1) 
02/04/15::20:43:10: LU-factorizing T1 at Xi=2.801... 
02/04/15::20:43:10: LU-factorizing T2 at Xi=2.801... 
02/04/15::20:43:16: Applying transform 1.0... 
02/04/15::20:43:16:  Assembling U(0,1) 
02/04/15::20:43:16: Assembling BEM matrix block (0,1) 
02/04/15::20:47:24:   Computing ZForce... 
02/04/15::20:47:26: Computing Casimir integrand at Xi=2.976
 
02/04/15::20:47:26: Assembling T1 at Xi=2.976000e+00... 
02/04/15::20:47:26: Assembling BEM matrix block (0,0) 
02/04/15::20:47:31: Assembling T2 at Xi=2.976000e+00... 
02/04/15::20:47:31: Assembling BEM matrix block (1,1) 
02/04/15::21:13:00: LU-factorizing T1 at Xi=2.976... 
02/04/15::21:13:00: LU-factorizing T2 at Xi=2.976... 
02/04/15::21:13:05: Applying transform 1.0... 
02/04/15::21:13:05:  Assembling U(0,1) 
02/04/15::21:13:05: Assembling BEM matrix block (0,1) 
02/04/15::21:17:13:   Computing ZForce... 
02/04/15::21:17:15: Computing Casimir integrand at Xi=3.151
 
02/04/15::21:17:15: Assembling T1 at Xi=3.151000e+00... 
02/04/15::21:17:15: Assembling BEM matrix block (0,0) 
02/04/15::21:17:20: Assembling T2 at Xi=3.151000e+00... 
02/04/15::21:17:20: Assembling BEM matrix block (1,1) 
02/04/15::21:42:50: LU-factorizing T1 at Xi=3.151... 
02/04/15::21:42:50: LU-factorizing T2 at Xi=3.151... 
02/04/15::21:42:55: Applying transform 1.0... 
02/04/15::21:42:55:  Assembling U(0,1) 
02/04/15::21:42:55: Assembling BEM matrix block (0,1) 
02/04/15::21:47:03:   Computing ZForce... 
02/04/15::21:47:05: Computing Casimir integrand at Xi=3.326
 
02/04/15::21:47:05: Assembling T1 at Xi=3.326000e+00... 
02/04/15::21:47:05: Assembling BEM matrix block (0,0) 
02/04/15::21:47:10: Assembling T2 at Xi=3.326000e+00... 
02/04/15::21:47:10: Assembling BEM matrix block (1,1) 
02/04/15::22:12:40: LU-factorizing T1 at Xi=3.326... 
02/04/15::22:12:40: LU-factorizing T2 at Xi=3.326... 
02/04/15::22:12:45: Applying transform 1.0... 
02/04/15::22:12:45:  Assembling U(0,1) 
02/04/15::22:12:45: Assembling BEM matrix block (0,1) 
02/04/15::22:16:53:   Computing ZForce... 
02/04/15::22:16:55: Computing Casimir integrand at Xi=3.501
 
02/04/15::22:16:55: Assembling T1 at Xi=3.501000e+00... 
02/04/15::22:16:55: Assembling BEM matrix block (0,0) 
02/04/15::22:17:00: Assembling T2 at Xi=3.501000e+00... 
02/04/15::22:17:00: Assembling BEM matrix block (1,1) 
02/04/15::22:42:30: LU-factorizing T1 at Xi=3.501... 
02/04/15::22:42:30: LU-factorizing T2 at Xi=3.501... 
02/04/15::22:42:35: Applying transform 1.0... 
02/04/15::22:42:35:  Assembling U(0,1) 
02/04/15::22:42:35: Assembling BEM matrix block (0,1) 
02/04/15::22:46:43:   Computing ZForce... 
02/04/15::22:46:46: Computing Casimir integrand at Xi=3.676
 
02/04/15::22:46:46: Assembling T1 at Xi=3.676000e+00... 
02/04/15::22:46:46: Assembling BEM matrix block (0,0) 
02/04/15::22:46:52: Assembling T2 at Xi=3.676000e+00... 
02/04/15::22:46:52: Assembling BEM matrix block (1,1) 
02/04/15::23:12:24: LU-factorizing T1 at Xi=3.676... 
02/04/15::23:12:24: LU-factorizing T2 at Xi=3.676... 
02/04/15::23:12:30: Applying transform 1.0... 
02/04/15::23:12:30:  Assembling U(0,1) 
02/04/15::23:12:30: Assembling BEM matrix block (0,1) 
02/04/15::23:16:38:   Computing ZForce... 
02/04/15::23:16:40: Computing Casimir integrand at Xi=3.851
 
02/04/15::23:16:40: Assembling T1 at Xi=3.851000e+00... 
02/04/15::23:16:40: Assembling BEM matrix block (0,0) 
02/04/15::23:16:50: Assembling T2 at Xi=3.851000e+00... 
02/04/15::23:16:50: Assembling BEM matrix block (1,1) 
02/04/15::23:42:22: LU-factorizing T1 at Xi=3.851... 
02/04/15::23:42:22: LU-factorizing T2 at Xi=3.851... 
02/04/15::23:42:28: Applying transform 1.0... 
02/04/15::23:42:28:  Assembling U(0,1) 
02/04/15::23:42:28: Assembling BEM matrix block (0,1) 
02/04/15::23:46:36:   Computing ZForce... 
02/04/15::23:46:38: Computing Casimir integrand at Xi=4.026
 
02/04/15::23:46:38: Assembling T1 at Xi=4.026000e+00... 
02/04/15::23:46:38: Assembling BEM matrix block (0,0) 
02/04/15::23:46:51: Assembling T2 at Xi=4.026000e+00... 
02/04/15::23:46:51: Assembling BEM matrix block (1,1) 
02/05/15::00:12:23: LU-factorizing T1 at Xi=4.026... 
02/05/15::00:12:23: LU-factorizing T2 at Xi=4.026... 
02/05/15::00:12:28: Applying transform 1.0... 
02/05/15::00:12:28:  Assembling U(0,1) 
02/05/15::00:12:28: Assembling BEM matrix block (0,1) 
02/05/15::00:16:37:   Computing ZForce... 
02/05/15::00:16:39: Computing Casimir integrand at Xi=4.376
 
02/05/15::00:16:39: Assembling T1 at Xi=4.376000e+00... 
02/05/15::00:16:39: Assembling BEM matrix block (0,0) 
02/05/15::00:17:10: Assembling T2 at Xi=4.376000e+00... 
02/05/15::00:17:10: Assembling BEM matrix block (1,1) 
02/05/15::00:42:42: LU-factorizing T1 at Xi=4.376... 
02/05/15::00:42:42: LU-factorizing T2 at Xi=4.376... 
02/05/15::00:42:47: Applying transform 1.0... 
02/05/15::00:42:47:  Assembling U(0,1) 
02/05/15::00:42:47: Assembling BEM matrix block (0,1) 
02/05/15::00:46:56:   Computing ZForce... 
02/05/15::00:46:58: Computing Casimir integrand at Xi=4.726
 
02/05/15::00:46:58: Assembling T1 at Xi=4.726000e+00... 
02/05/15::00:46:58: Assembling BEM matrix block (0,0) 
02/05/15::00:47:46: Assembling T2 at Xi=4.726000e+00... 
02/05/15::00:47:46: Assembling BEM matrix block (1,1) 
02/05/15::01:13:16: LU-factorizing T1 at Xi=4.726... 
02/05/15::01:13:16: LU-factorizing T2 at Xi=4.726... 
02/05/15::01:13:22: Applying transform 1.0... 
02/05/15::01:13:22:  Assembling U(0,1) 
02/05/15::01:13:22: Assembling BEM matrix block (0,1) 
02/05/15::01:17:30:   Computing ZForce... 
02/05/15::01:17:32: Computing Casimir integrand at Xi=4.201
 
02/05/15::01:17:32: Assembling T1 at Xi=4.201000e+00... 
02/05/15::01:17:32: Assembling BEM matrix block (0,0) 
02/05/15::01:17:54: Assembling T2 at Xi=4.201000e+00... 
02/05/15::01:17:54: Assembling BEM matrix block (1,1) 
02/05/15::01:43:24: LU-factorizing T1 at Xi=4.201... 
02/05/15::01:43:24: LU-factorizing T2 at Xi=4.201... 
02/05/15::01:43:30: Applying transform 1.0... 
02/05/15::01:43:30:  Assembling U(0,1) 
02/05/15::01:43:30: Assembling BEM matrix block (0,1) 
02/05/15::01:47:38:   Computing ZForce... 
