02/04/15::13:34:45: scuff-cas3D running on bullet0237 
02/04/15::13:34:45: Setting material properties of exterior region to VACUUM. 
02/04/15::13:34:45: Flipped 514 panel normals to comport with region definitions. 
02/04/15::13:34:45: Computing full zero-temperature Casimir quantities. 
02/04/15::13:34:45: Read 1 geometrical transformations from file BeadPEC_L-5.01187.trans. 
02/04/15::13:34:45: Minimum distance between surface points=5.011870e+00 
02/04/15::13:34:45: Computing Casimir integrand at Xi=0.001
 
02/04/15::13:34:45: Assembling T1 at Xi=1.000000e-03... 
02/04/15::13:34:45: Assembling BEM matrix block (0,0) 
02/04/15::13:35:19: Assembling T2 at Xi=1.000000e-03... 
02/04/15::13:35:19: Assembling BEM matrix block (1,1) 
02/04/15::13:40:48: LU-factorizing T1 at Xi=0.001... 
02/04/15::13:40:48: LU-factorizing T2 at Xi=0.001... 
02/04/15::13:40:54: Applying transform 5.01187... 
02/04/15::13:40:54:  Assembling U(0,1) 
02/04/15::13:40:54: Assembling BEM matrix block (0,1) 
02/04/15::13:43:04:   Computing ZForce... 
02/04/15::13:43:07: Computing Casimir integrand at Xi=0.0184586
 
02/04/15::13:43:07: Assembling T1 at Xi=1.845855e-02... 
02/04/15::13:43:07: Assembling BEM matrix block (0,0) 
02/04/15::13:43:09: Assembling T2 at Xi=1.845855e-02... 
02/04/15::13:43:09: Assembling BEM matrix block (1,1) 
02/04/15::13:45:38: LU-factorizing T1 at Xi=0.0184586... 
02/04/15::13:45:38: LU-factorizing T2 at Xi=0.0184586... 
02/04/15::13:45:44: Applying transform 5.01187... 
02/04/15::13:45:44:  Assembling U(0,1) 
02/04/15::13:45:44: Assembling BEM matrix block (0,1) 
02/04/15::13:47:48:   Computing ZForce... 
02/04/15::13:47:51: Computing Casimir integrand at Xi=0.0359171
 
02/04/15::13:47:51: Assembling T1 at Xi=3.591711e-02... 
02/04/15::13:47:51: Assembling BEM matrix block (0,0) 
02/04/15::13:47:53: Assembling T2 at Xi=3.591711e-02... 
02/04/15::13:47:53: Assembling BEM matrix block (1,1) 
02/04/15::13:50:23: LU-factorizing T1 at Xi=0.0359171... 
02/04/15::13:50:23: LU-factorizing T2 at Xi=0.0359171... 
02/04/15::13:50:29: Applying transform 5.01187... 
02/04/15::13:50:29:  Assembling U(0,1) 
02/04/15::13:50:29: Assembling BEM matrix block (0,1) 
02/04/15::13:52:34:   Computing ZForce... 
02/04/15::13:52:37: Computing Casimir integrand at Xi=0.0708342
 
02/04/15::13:52:37: Assembling T1 at Xi=7.083421e-02... 
02/04/15::13:52:37: Assembling BEM matrix block (0,0) 
02/04/15::13:52:39: Assembling T2 at Xi=7.083421e-02... 
02/04/15::13:52:39: Assembling BEM matrix block (1,1) 
02/04/15::13:55:12: LU-factorizing T1 at Xi=0.0708342... 
02/04/15::13:55:12: LU-factorizing T2 at Xi=0.0708342... 
02/04/15::13:55:18: Applying transform 5.01187... 
02/04/15::13:55:18:  Assembling U(0,1) 
02/04/15::13:55:18: Assembling BEM matrix block (0,1) 
02/04/15::13:57:23:   Computing ZForce... 
02/04/15::13:57:26: Computing Casimir integrand at Xi=0.105751
 
02/04/15::13:57:26: Assembling T1 at Xi=1.057513e-01... 
02/04/15::13:57:26: Assembling BEM matrix block (0,0) 
02/04/15::13:57:28: Assembling T2 at Xi=1.057513e-01... 
02/04/15::13:57:28: Assembling BEM matrix block (1,1) 
02/04/15::14:00:04: LU-factorizing T1 at Xi=0.105751... 
02/04/15::14:00:04: LU-factorizing T2 at Xi=0.105751... 
02/04/15::14:00:10: Applying transform 5.01187... 
02/04/15::14:00:10:  Assembling U(0,1) 
02/04/15::14:00:10: Assembling BEM matrix block (0,1) 
02/04/15::14:02:15:   Computing ZForce... 
02/04/15::14:02:17: Computing Casimir integrand at Xi=0.175586
 
02/04/15::14:02:17: Assembling T1 at Xi=1.755855e-01... 
02/04/15::14:02:17: Assembling BEM matrix block (0,0) 
02/04/15::14:02:20: Assembling T2 at Xi=1.755855e-01... 
02/04/15::14:02:20: Assembling BEM matrix block (1,1) 
02/04/15::14:05:01: LU-factorizing T1 at Xi=0.175586... 
02/04/15::14:05:01: LU-factorizing T2 at Xi=0.175586... 
02/04/15::14:05:07: Applying transform 5.01187... 
02/04/15::14:05:07:  Assembling U(0,1) 
02/04/15::14:05:07: Assembling BEM matrix block (0,1) 
02/04/15::14:07:15:   Computing ZForce... 
02/04/15::14:07:17: Computing Casimir integrand at Xi=0.24542
 
02/04/15::14:07:17: Assembling T1 at Xi=2.454197e-01... 
02/04/15::14:07:17: Assembling BEM matrix block (0,0) 
02/04/15::14:07:20: Assembling T2 at Xi=2.454197e-01... 
02/04/15::14:07:20: Assembling BEM matrix block (1,1) 
02/04/15::14:10:08: LU-factorizing T1 at Xi=0.24542... 
02/04/15::14:10:08: LU-factorizing T2 at Xi=0.24542... 
02/04/15::14:10:14: Applying transform 5.01187... 
02/04/15::14:10:14:  Assembling U(0,1) 
02/04/15::14:10:14: Assembling BEM matrix block (0,1) 
02/04/15::14:12:21:   Computing ZForce... 
02/04/15::14:12:23: Computing Casimir integrand at Xi=0.385088
 
02/04/15::14:12:23: Assembling T1 at Xi=3.850882e-01... 
02/04/15::14:12:23: Assembling BEM matrix block (0,0) 
02/04/15::14:12:26: Assembling T2 at Xi=3.850882e-01... 
02/04/15::14:12:26: Assembling BEM matrix block (1,1) 
02/04/15::14:15:20: LU-factorizing T1 at Xi=0.385088... 
02/04/15::14:15:21: LU-factorizing T2 at Xi=0.385088... 
02/04/15::14:15:27: Applying transform 5.01187... 
02/04/15::14:15:27:  Assembling U(0,1) 
02/04/15::14:15:27: Assembling BEM matrix block (0,1) 
02/04/15::14:17:34:   Computing ZForce... 
02/04/15::14:17:36: Computing Casimir integrand at Xi=0.524757
 
02/04/15::14:17:36: Assembling T1 at Xi=5.247566e-01... 
02/04/15::14:17:36: Assembling BEM matrix block (0,0) 
02/04/15::14:17:40: Assembling T2 at Xi=5.247566e-01... 
02/04/15::14:17:40: Assembling BEM matrix block (1,1) 
02/04/15::14:20:41: LU-factorizing T1 at Xi=0.524757... 
02/04/15::14:20:41: LU-factorizing T2 at Xi=0.524757... 
02/04/15::14:20:48: Applying transform 5.01187... 
02/04/15::14:20:48:  Assembling U(0,1) 
02/04/15::14:20:48: Assembling BEM matrix block (0,1) 
02/04/15::14:22:55:   Computing ZForce... 
02/04/15::14:22:58: Computing Casimir integrand at Xi=0.315254
 
02/04/15::14:22:58: Assembling T1 at Xi=3.152540e-01... 
02/04/15::14:22:58: Assembling BEM matrix block (0,0) 
02/04/15::14:23:01: Assembling T2 at Xi=3.152540e-01... 
02/04/15::14:23:01: Assembling BEM matrix block (1,1) 
02/04/15::14:25:51: LU-factorizing T1 at Xi=0.315254... 
02/04/15::14:25:51: LU-factorizing T2 at Xi=0.315254... 
02/04/15::14:25:57: Applying transform 5.01187... 
02/04/15::14:25:57:  Assembling U(0,1) 
02/04/15::14:25:57: Assembling BEM matrix block (0,1) 
02/04/15::14:28:04:   Computing ZForce... 
02/04/15::14:28:07: Computing Casimir integrand at Xi=0.280337
 
02/04/15::14:28:07: Assembling T1 at Xi=2.803369e-01... 
02/04/15::14:28:07: Assembling BEM matrix block (0,0) 
02/04/15::14:28:10: Assembling T2 at Xi=2.803369e-01... 
02/04/15::14:28:10: Assembling BEM matrix block (1,1) 
02/04/15::14:30:58: LU-factorizing T1 at Xi=0.280337... 
02/04/15::14:30:58: LU-factorizing T2 at Xi=0.280337... 
02/04/15::14:31:04: Applying transform 5.01187... 
02/04/15::14:31:04:  Assembling U(0,1) 
02/04/15::14:31:04: Assembling BEM matrix block (0,1) 
02/04/15::14:33:11:   Computing ZForce... 
02/04/15::14:33:14: Computing Casimir integrand at Xi=0.385088
 
02/04/15::14:33:14: Assembling T1 at Xi=3.850882e-01... 
02/04/15::14:33:14: Assembling BEM matrix block (0,0) 
02/04/15::14:33:17: Assembling T2 at Xi=3.850882e-01... 
02/04/15::14:33:17: Assembling BEM matrix block (1,1) 
02/04/15::14:36:14: LU-factorizing T1 at Xi=0.385088... 
02/04/15::14:36:14: LU-factorizing T2 at Xi=0.385088... 
02/04/15::14:36:20: Applying transform 5.01187... 
02/04/15::14:36:20:  Assembling U(0,1) 
02/04/15::14:36:20: Assembling BEM matrix block (0,1) 
02/04/15::14:38:28:   Computing ZForce... 
02/04/15::14:38:31: Computing Casimir integrand at Xi=0.454922
 
02/04/15::14:38:31: Assembling T1 at Xi=4.549224e-01... 
02/04/15::14:38:31: Assembling BEM matrix block (0,0) 
02/04/15::14:38:34: Assembling T2 at Xi=4.549224e-01... 
02/04/15::14:38:34: Assembling BEM matrix block (1,1) 
02/04/15::14:41:35: LU-factorizing T1 at Xi=0.454922... 
02/04/15::14:41:35: LU-factorizing T2 at Xi=0.454922... 
02/04/15::14:41:42: Applying transform 5.01187... 
02/04/15::14:41:42:  Assembling U(0,1) 
02/04/15::14:41:42: Assembling BEM matrix block (0,1) 
02/04/15::14:43:50:   Computing ZForce... 
02/04/15::14:43:53: Computing Casimir integrand at Xi=0.350171
 
02/04/15::14:43:53: Assembling T1 at Xi=3.501711e-01... 
02/04/15::14:43:53: Assembling BEM matrix block (0,0) 
02/04/15::14:43:56: Assembling T2 at Xi=3.501711e-01... 
02/04/15::14:43:56: Assembling BEM matrix block (1,1) 
02/04/15::14:46:51: LU-factorizing T1 at Xi=0.350171... 
02/04/15::14:46:51: LU-factorizing T2 at Xi=0.350171... 
02/04/15::14:46:57: Applying transform 5.01187... 
02/04/15::14:46:57:  Assembling U(0,1) 
02/04/15::14:46:57: Assembling BEM matrix block (0,1) 
02/04/15::14:49:06:   Computing ZForce... 
02/04/15::14:49:09: Computing Casimir integrand at Xi=0.454922
 
02/04/15::14:49:09: Assembling T1 at Xi=4.549224e-01... 
02/04/15::14:49:09: Assembling BEM matrix block (0,0) 
02/04/15::14:49:12: Assembling T2 at Xi=4.549224e-01... 
02/04/15::14:49:12: Assembling BEM matrix block (1,1) 
02/04/15::14:52:13: LU-factorizing T1 at Xi=0.454922... 
02/04/15::14:52:13: LU-factorizing T2 at Xi=0.454922... 
02/04/15::14:52:19: Applying transform 5.01187... 
02/04/15::14:52:19:  Assembling U(0,1) 
02/04/15::14:52:19: Assembling BEM matrix block (0,1) 
02/04/15::14:54:28:   Computing ZForce... 
02/04/15::14:54:31: Computing Casimir integrand at Xi=0.524757
 
02/04/15::14:54:31: Assembling T1 at Xi=5.247566e-01... 
02/04/15::14:54:31: Assembling BEM matrix block (0,0) 
02/04/15::14:54:34: Assembling T2 at Xi=5.247566e-01... 
02/04/15::14:54:34: Assembling BEM matrix block (1,1) 
02/04/15::14:57:39: LU-factorizing T1 at Xi=0.524757... 
02/04/15::14:57:39: LU-factorizing T2 at Xi=0.524757... 
02/04/15::14:57:45: Applying transform 5.01187... 
02/04/15::14:57:45:  Assembling U(0,1) 
02/04/15::14:57:45: Assembling BEM matrix block (0,1) 
02/04/15::14:59:54:   Computing ZForce... 
02/04/15::14:59:57: Computing Casimir integrand at Xi=0.420005
 
02/04/15::14:59:57: Assembling T1 at Xi=4.200053e-01... 
02/04/15::14:59:57: Assembling BEM matrix block (0,0) 
02/04/15::15:00:00: Assembling T2 at Xi=4.200053e-01... 
02/04/15::15:00:00: Assembling BEM matrix block (1,1) 
02/04/15::15:02:59: LU-factorizing T1 at Xi=0.420005... 
02/04/15::15:02:59: LU-factorizing T2 at Xi=0.420005... 
02/04/15::15:03:05: Applying transform 5.01187... 
02/04/15::15:03:05:  Assembling U(0,1) 
02/04/15::15:03:05: Assembling BEM matrix block (0,1) 
02/04/15::15:05:14:   Computing ZForce... 
02/04/15::15:05:16: Computing Casimir integrand at Xi=0.524757
 
02/04/15::15:05:16: Assembling T1 at Xi=5.247566e-01... 
02/04/15::15:05:16: Assembling BEM matrix block (0,0) 
02/04/15::15:05:19: Assembling T2 at Xi=5.247566e-01... 
02/04/15::15:05:19: Assembling BEM matrix block (1,1) 
02/04/15::15:08:24: LU-factorizing T1 at Xi=0.524757... 
02/04/15::15:08:24: LU-factorizing T2 at Xi=0.524757... 
02/04/15::15:08:30: Applying transform 5.01187... 
02/04/15::15:08:30:  Assembling U(0,1) 
02/04/15::15:08:30: Assembling BEM matrix block (0,1) 
02/04/15::15:10:39:   Computing ZForce... 
02/04/15::15:10:41: Computing Casimir integrand at Xi=0.594591
 
02/04/15::15:10:41: Assembling T1 at Xi=5.945908e-01... 
02/04/15::15:10:41: Assembling BEM matrix block (0,0) 
02/04/15::15:10:44: Assembling T2 at Xi=5.945908e-01... 
02/04/15::15:10:45: Assembling BEM matrix block (1,1) 
02/04/15::15:13:51: LU-factorizing T1 at Xi=0.594591... 
02/04/15::15:13:51: LU-factorizing T2 at Xi=0.594591... 
02/04/15::15:13:57: Applying transform 5.01187... 
02/04/15::15:13:57:  Assembling U(0,1) 
02/04/15::15:13:57: Assembling BEM matrix block (0,1) 
02/04/15::15:16:06:   Computing ZForce... 
02/04/15::15:16:08: Computing Casimir integrand at Xi=0.489839
 
02/04/15::15:16:08: Assembling T1 at Xi=4.898395e-01... 
02/04/15::15:16:08: Assembling BEM matrix block (0,0) 
02/04/15::15:16:11: Assembling T2 at Xi=4.898395e-01... 
02/04/15::15:16:11: Assembling BEM matrix block (1,1) 
02/04/15::15:19:12: LU-factorizing T1 at Xi=0.489839... 
02/04/15::15:19:12: LU-factorizing T2 at Xi=0.489839... 
02/04/15::15:19:18: Applying transform 5.01187... 
02/04/15::15:19:18:  Assembling U(0,1) 
02/04/15::15:19:18: Assembling BEM matrix block (0,1) 
02/04/15::15:21:26:   Computing ZForce... 
02/04/15::15:21:28: Computing Casimir integrand at Xi=0.594591
 
02/04/15::15:21:28: Assembling T1 at Xi=5.945908e-01... 
02/04/15::15:21:28: Assembling BEM matrix block (0,0) 
02/04/15::15:21:32: Assembling T2 at Xi=5.945908e-01... 
02/04/15::15:21:32: Assembling BEM matrix block (1,1) 
02/04/15::15:24:35: LU-factorizing T1 at Xi=0.594591... 
02/04/15::15:24:35: LU-factorizing T2 at Xi=0.594591... 
02/04/15::15:24:41: Applying transform 5.01187... 
02/04/15::15:24:41:  Assembling U(0,1) 
02/04/15::15:24:41: Assembling BEM matrix block (0,1) 
02/04/15::15:26:48:   Computing ZForce... 
02/04/15::15:26:51: Computing Casimir integrand at Xi=0.664425
 
02/04/15::15:26:51: Assembling T1 at Xi=6.644250e-01... 
02/04/15::15:26:51: Assembling BEM matrix block (0,0) 
02/04/15::15:26:54: Assembling T2 at Xi=6.644250e-01... 
02/04/15::15:26:54: Assembling BEM matrix block (1,1) 
02/04/15::15:30:01: LU-factorizing T1 at Xi=0.664425... 
02/04/15::15:30:01: LU-factorizing T2 at Xi=0.664425... 
02/04/15::15:30:07: Applying transform 5.01187... 
02/04/15::15:30:07:  Assembling U(0,1) 
02/04/15::15:30:07: Assembling BEM matrix block (0,1) 
02/04/15::15:32:14:   Computing ZForce... 
02/04/15::15:32:17: Computing Casimir integrand at Xi=0.559674
 
02/04/15::15:32:17: Assembling T1 at Xi=5.596737e-01... 
02/04/15::15:32:17: Assembling BEM matrix block (0,0) 
02/04/15::15:32:20: Assembling T2 at Xi=5.596737e-01... 
02/04/15::15:32:20: Assembling BEM matrix block (1,1) 
02/04/15::15:35:21: LU-factorizing T1 at Xi=0.559674... 
02/04/15::15:35:22: LU-factorizing T2 at Xi=0.559674... 
02/04/15::15:35:27: Applying transform 5.01187... 
02/04/15::15:35:27:  Assembling U(0,1) 
02/04/15::15:35:27: Assembling BEM matrix block (0,1) 
02/04/15::15:37:34:   Computing ZForce... 
02/04/15::15:37:37: Computing Casimir integrand at Xi=0.664425
 
02/04/15::15:37:37: Assembling T1 at Xi=6.644250e-01... 
02/04/15::15:37:37: Assembling BEM matrix block (0,0) 
02/04/15::15:37:40: Assembling T2 at Xi=6.644250e-01... 
02/04/15::15:37:40: Assembling BEM matrix block (1,1) 
02/04/15::15:40:46: LU-factorizing T1 at Xi=0.664425... 
02/04/15::15:40:46: LU-factorizing T2 at Xi=0.664425... 
02/04/15::15:40:52: Applying transform 5.01187... 
02/04/15::15:40:52:  Assembling U(0,1) 
02/04/15::15:40:52: Assembling BEM matrix block (0,1) 
02/04/15::15:42:59:   Computing ZForce... 
02/04/15::15:43:02: Computing Casimir integrand at Xi=0.734259
 
02/04/15::15:43:02: Assembling T1 at Xi=7.342592e-01... 
02/04/15::15:43:02: Assembling BEM matrix block (0,0) 
02/04/15::15:43:05: Assembling T2 at Xi=7.342592e-01... 
02/04/15::15:43:05: Assembling BEM matrix block (1,1) 
02/04/15::15:46:14: LU-factorizing T1 at Xi=0.734259... 
02/04/15::15:46:14: LU-factorizing T2 at Xi=0.734259... 
02/04/15::15:46:20: Applying transform 5.01187... 
02/04/15::15:46:20:  Assembling U(0,1) 
02/04/15::15:46:20: Assembling BEM matrix block (0,1) 
02/04/15::15:48:27:   Computing ZForce... 
02/04/15::15:48:30: Computing Casimir integrand at Xi=0.629508
 
02/04/15::15:48:30: Assembling T1 at Xi=6.295079e-01... 
02/04/15::15:48:30: Assembling BEM matrix block (0,0) 
02/04/15::15:48:33: Assembling T2 at Xi=6.295079e-01... 
02/04/15::15:48:33: Assembling BEM matrix block (1,1) 
02/04/15::15:51:37: LU-factorizing T1 at Xi=0.629508... 
02/04/15::15:51:37: LU-factorizing T2 at Xi=0.629508... 
02/04/15::15:51:43: Applying transform 5.01187... 
02/04/15::15:51:43:  Assembling U(0,1) 
02/04/15::15:51:43: Assembling BEM matrix block (0,1) 
02/04/15::15:53:50:   Computing ZForce... 
02/04/15::15:53:52: Computing Casimir integrand at Xi=0.734259
 
02/04/15::15:53:52: Assembling T1 at Xi=7.342592e-01... 
02/04/15::15:53:52: Assembling BEM matrix block (0,0) 
02/04/15::15:53:55: Assembling T2 at Xi=7.342592e-01... 
02/04/15::15:53:55: Assembling BEM matrix block (1,1) 
02/04/15::15:57:05: LU-factorizing T1 at Xi=0.734259... 
02/04/15::15:57:05: LU-factorizing T2 at Xi=0.734259... 
02/04/15::15:57:11: Applying transform 5.01187... 
02/04/15::15:57:11:  Assembling U(0,1) 
02/04/15::15:57:11: Assembling BEM matrix block (0,1) 
02/04/15::15:59:18:   Computing ZForce... 
02/04/15::15:59:20: Computing Casimir integrand at Xi=0.804093
 
02/04/15::15:59:20: Assembling T1 at Xi=8.040935e-01... 
02/04/15::15:59:20: Assembling BEM matrix block (0,0) 
02/04/15::15:59:23: Assembling T2 at Xi=8.040935e-01... 
02/04/15::15:59:23: Assembling BEM matrix block (1,1) 
02/04/15::16:02:40: LU-factorizing T1 at Xi=0.804093... 
02/04/15::16:02:40: LU-factorizing T2 at Xi=0.804093... 
02/04/15::16:02:46: Applying transform 5.01187... 
02/04/15::16:02:46:  Assembling U(0,1) 
02/04/15::16:02:46: Assembling BEM matrix block (0,1) 
02/04/15::16:04:55:   Computing ZForce... 
02/04/15::16:04:58: Computing Casimir integrand at Xi=0.699342
 
02/04/15::16:04:58: Assembling T1 at Xi=6.993421e-01... 
02/04/15::16:04:58: Assembling BEM matrix block (0,0) 
02/04/15::16:05:01: Assembling T2 at Xi=6.993421e-01... 
02/04/15::16:05:01: Assembling BEM matrix block (1,1) 
02/04/15::16:08:13: LU-factorizing T1 at Xi=0.699342... 
02/04/15::16:08:13: LU-factorizing T2 at Xi=0.699342... 
02/04/15::16:08:19: Applying transform 5.01187... 
02/04/15::16:08:19:  Assembling U(0,1) 
02/04/15::16:08:19: Assembling BEM matrix block (0,1) 
02/04/15::16:10:27:   Computing ZForce... 
02/04/15::16:10:30: Computing Casimir integrand at Xi=0.804093
 
02/04/15::16:10:30: Assembling T1 at Xi=8.040935e-01... 
02/04/15::16:10:30: Assembling BEM matrix block (0,0) 
02/04/15::16:10:33: Assembling T2 at Xi=8.040935e-01... 
02/04/15::16:10:33: Assembling BEM matrix block (1,1) 
02/04/15::16:13:50: LU-factorizing T1 at Xi=0.804093... 
02/04/15::16:13:50: LU-factorizing T2 at Xi=0.804093... 
02/04/15::16:13:56: Applying transform 5.01187... 
02/04/15::16:13:56:  Assembling U(0,1) 
02/04/15::16:13:56: Assembling BEM matrix block (0,1) 
02/04/15::16:16:05:   Computing ZForce... 
02/04/15::16:16:07: Computing Casimir integrand at Xi=0.873928
 
02/04/15::16:16:07: Assembling T1 at Xi=8.739277e-01... 
02/04/15::16:16:07: Assembling BEM matrix block (0,0) 
02/04/15::16:16:10: Assembling T2 at Xi=8.739277e-01... 
02/04/15::16:16:10: Assembling BEM matrix block (1,1) 
02/04/15::16:19:31: LU-factorizing T1 at Xi=0.873928... 
02/04/15::16:19:31: LU-factorizing T2 at Xi=0.873928... 
02/04/15::16:19:37: Applying transform 5.01187... 
02/04/15::16:19:37:  Assembling U(0,1) 
02/04/15::16:19:37: Assembling BEM matrix block (0,1) 
02/04/15::16:21:46:   Computing ZForce... 
02/04/15::16:21:48: Computing Casimir integrand at Xi=0.769176
 
02/04/15::16:21:48: Assembling T1 at Xi=7.691763e-01... 
02/04/15::16:21:48: Assembling BEM matrix block (0,0) 
02/04/15::16:21:52: Assembling T2 at Xi=7.691763e-01... 
02/04/15::16:21:52: Assembling BEM matrix block (1,1) 
02/04/15::16:25:07: LU-factorizing T1 at Xi=0.769176... 
02/04/15::16:25:07: LU-factorizing T2 at Xi=0.769176... 
02/04/15::16:25:13: Applying transform 5.01187... 
02/04/15::16:25:13:  Assembling U(0,1) 
02/04/15::16:25:13: Assembling BEM matrix block (0,1) 
02/04/15::16:27:21:   Computing ZForce... 
02/04/15::16:27:24: Computing Casimir integrand at Xi=0.873928
 
02/04/15::16:27:24: Assembling T1 at Xi=8.739277e-01... 
02/04/15::16:27:24: Assembling BEM matrix block (0,0) 
02/04/15::16:27:27: Assembling T2 at Xi=8.739277e-01... 
02/04/15::16:27:27: Assembling BEM matrix block (1,1) 
02/04/15::16:30:47: LU-factorizing T1 at Xi=0.873928... 
02/04/15::16:30:47: LU-factorizing T2 at Xi=0.873928... 
02/04/15::16:30:53: Applying transform 5.01187... 
02/04/15::16:30:53:  Assembling U(0,1) 
02/04/15::16:30:53: Assembling BEM matrix block (0,1) 
02/04/15::16:33:02:   Computing ZForce... 
02/04/15::16:33:05: Computing Casimir integrand at Xi=0.943762
 
02/04/15::16:33:05: Assembling T1 at Xi=9.437619e-01... 
02/04/15::16:33:05: Assembling BEM matrix block (0,0) 
02/04/15::16:33:08: Assembling T2 at Xi=9.437619e-01... 
02/04/15::16:33:08: Assembling BEM matrix block (1,1) 
02/04/15::16:56:50: LU-factorizing T1 at Xi=0.943762... 
02/04/15::16:56:50: LU-factorizing T2 at Xi=0.943762... 
02/04/15::16:56:56: Applying transform 5.01187... 
02/04/15::16:56:56:  Assembling U(0,1) 
02/04/15::16:56:56: Assembling BEM matrix block (0,1) 
02/04/15::16:59:01:   Computing ZForce... 
02/04/15::16:59:04: Computing Casimir integrand at Xi=0.839011
 
02/04/15::16:59:04: Assembling T1 at Xi=8.390106e-01... 
02/04/15::16:59:04: Assembling BEM matrix block (0,0) 
02/04/15::16:59:07: Assembling T2 at Xi=8.390106e-01... 
02/04/15::16:59:07: Assembling BEM matrix block (1,1) 
02/04/15::17:02:23: LU-factorizing T1 at Xi=0.839011... 
02/04/15::17:02:23: LU-factorizing T2 at Xi=0.839011... 
02/04/15::17:02:29: Applying transform 5.01187... 
02/04/15::17:02:29:  Assembling U(0,1) 
02/04/15::17:02:29: Assembling BEM matrix block (0,1) 
02/04/15::17:04:37:   Computing ZForce... 
02/04/15::17:04:39: Computing Casimir integrand at Xi=0.943762
 
02/04/15::17:04:39: Assembling T1 at Xi=9.437619e-01... 
02/04/15::17:04:39: Assembling BEM matrix block (0,0) 
02/04/15::17:04:42: Assembling T2 at Xi=9.437619e-01... 
02/04/15::17:04:42: Assembling BEM matrix block (1,1) 
02/04/15::17:28:13: LU-factorizing T1 at Xi=0.943762... 
02/04/15::17:28:13: LU-factorizing T2 at Xi=0.943762... 
02/04/15::17:28:19: Applying transform 5.01187... 
02/04/15::17:28:19:  Assembling U(0,1) 
02/04/15::17:28:19: Assembling BEM matrix block (0,1) 
02/04/15::17:30:23:   Computing ZForce... 
02/04/15::17:30:26: Computing Casimir integrand at Xi=1.0136
 
02/04/15::17:30:26: Assembling T1 at Xi=1.013596e+00... 
02/04/15::17:30:26: Assembling BEM matrix block (0,0) 
02/04/15::17:30:29: Assembling T2 at Xi=1.013596e+00... 
02/04/15::17:30:29: Assembling BEM matrix block (1,1) 
02/04/15::17:53:59: LU-factorizing T1 at Xi=1.0136... 
02/04/15::17:53:59: LU-factorizing T2 at Xi=1.0136... 
02/04/15::17:54:05: Applying transform 5.01187... 
02/04/15::17:54:05:  Assembling U(0,1) 
02/04/15::17:54:05: Assembling BEM matrix block (0,1) 
02/04/15::17:56:10:   Computing ZForce... 
02/04/15::17:56:13: Computing Casimir integrand at Xi=0.908845
 
02/04/15::17:56:13: Assembling T1 at Xi=9.088448e-01... 
02/04/15::17:56:13: Assembling BEM matrix block (0,0) 
02/04/15::17:56:16: Assembling T2 at Xi=9.088448e-01... 
02/04/15::17:56:16: Assembling BEM matrix block (1,1) 
02/04/15::18:18:50: LU-factorizing T1 at Xi=0.908845... 
02/04/15::18:18:50: LU-factorizing T2 at Xi=0.908845... 
02/04/15::18:18:56: Applying transform 5.01187... 
02/04/15::18:18:56:  Assembling U(0,1) 
02/04/15::18:18:56: Assembling BEM matrix block (0,1) 
02/04/15::18:21:01:   Computing ZForce... 
02/04/15::18:21:04: Computing Casimir integrand at Xi=1.0136
 
02/04/15::18:21:04: Assembling T1 at Xi=1.013596e+00... 
02/04/15::18:21:04: Assembling BEM matrix block (0,0) 
02/04/15::18:21:07: Assembling T2 at Xi=1.013596e+00... 
02/04/15::18:21:07: Assembling BEM matrix block (1,1) 
02/04/15::18:44:38: LU-factorizing T1 at Xi=1.0136... 
02/04/15::18:44:38: LU-factorizing T2 at Xi=1.0136... 
02/04/15::18:44:44: Applying transform 5.01187... 
02/04/15::18:44:44:  Assembling U(0,1) 
02/04/15::18:44:44: Assembling BEM matrix block (0,1) 
02/04/15::18:46:48:   Computing ZForce... 
02/04/15::18:46:51: Computing Casimir integrand at Xi=1.08343
 
02/04/15::18:46:51: Assembling T1 at Xi=1.083430e+00... 
02/04/15::18:46:51: Assembling BEM matrix block (0,0) 
02/04/15::18:46:54: Assembling T2 at Xi=1.083430e+00... 
02/04/15::18:46:54: Assembling BEM matrix block (1,1) 
02/04/15::19:10:28: LU-factorizing T1 at Xi=1.08343... 
02/04/15::19:10:28: LU-factorizing T2 at Xi=1.08343... 
02/04/15::19:10:34: Applying transform 5.01187... 
02/04/15::19:10:34:  Assembling U(0,1) 
02/04/15::19:10:34: Assembling BEM matrix block (0,1) 
02/04/15::19:12:39:   Computing ZForce... 
02/04/15::19:12:41: Computing Casimir integrand at Xi=0.978679
 
02/04/15::19:12:41: Assembling T1 at Xi=9.786790e-01... 
02/04/15::19:12:41: Assembling BEM matrix block (0,0) 
02/04/15::19:12:45: Assembling T2 at Xi=9.786790e-01... 
02/04/15::19:12:45: Assembling BEM matrix block (1,1) 
02/04/15::19:36:19: LU-factorizing T1 at Xi=0.978679... 
02/04/15::19:36:19: LU-factorizing T2 at Xi=0.978679... 
02/04/15::19:36:25: Applying transform 5.01187... 
02/04/15::19:36:25:  Assembling U(0,1) 
02/04/15::19:36:25: Assembling BEM matrix block (0,1) 
02/04/15::19:38:31:   Computing ZForce... 
02/04/15::19:38:33: Computing Casimir integrand at Xi=1.08343
 
02/04/15::19:38:33: Assembling T1 at Xi=1.083430e+00... 
02/04/15::19:38:33: Assembling BEM matrix block (0,0) 
02/04/15::19:38:37: Assembling T2 at Xi=1.083430e+00... 
02/04/15::19:38:37: Assembling BEM matrix block (1,1) 
02/04/15::20:02:16: LU-factorizing T1 at Xi=1.08343... 
02/04/15::20:02:16: LU-factorizing T2 at Xi=1.08343... 
02/04/15::20:02:22: Applying transform 5.01187... 
02/04/15::20:02:22:  Assembling U(0,1) 
02/04/15::20:02:22: Assembling BEM matrix block (0,1) 
02/04/15::20:04:27:   Computing ZForce... 
02/04/15::20:04:29: Computing Casimir integrand at Xi=1.15326
 
02/04/15::20:04:29: Assembling T1 at Xi=1.153265e+00... 
02/04/15::20:04:29: Assembling BEM matrix block (0,0) 
02/04/15::20:04:33: Assembling T2 at Xi=1.153265e+00... 
02/04/15::20:04:33: Assembling BEM matrix block (1,1) 
02/04/15::20:28:33: LU-factorizing T1 at Xi=1.15326... 
02/04/15::20:28:33: LU-factorizing T2 at Xi=1.15326... 
02/04/15::20:28:39: Applying transform 5.01187... 
02/04/15::20:28:39:  Assembling U(0,1) 
02/04/15::20:28:39: Assembling BEM matrix block (0,1) 
02/04/15::20:30:44:   Computing ZForce... 
02/04/15::20:30:47: Computing Casimir integrand at Xi=1.04851
 
02/04/15::20:30:47: Assembling T1 at Xi=1.048513e+00... 
02/04/15::20:30:47: Assembling BEM matrix block (0,0) 
02/04/15::20:30:50: Assembling T2 at Xi=1.048513e+00... 
02/04/15::20:30:50: Assembling BEM matrix block (1,1) 
02/04/15::20:54:34: LU-factorizing T1 at Xi=1.04851... 
02/04/15::20:54:34: LU-factorizing T2 at Xi=1.04851... 
02/04/15::20:54:40: Applying transform 5.01187... 
02/04/15::20:54:40:  Assembling U(0,1) 
02/04/15::20:54:40: Assembling BEM matrix block (0,1) 
02/04/15::20:56:46:   Computing ZForce... 
