02/03/15::18:29:56: scuff-cas3D running on bullet0273 
02/03/15::18:29:56: Setting material properties of exterior region to VACUUM. 
02/03/15::18:29:56: Flipped 514 panel normals to comport with region definitions. 
02/03/15::18:29:56: Computing full zero-temperature Casimir quantities. 
02/03/15::18:29:56: Read 1 geometrical transformations from file Bead_L-0.199526.trans. 
02/03/15::18:29:56: Minimum distance between surface points=1.995260e-01 
02/03/15::18:29:56: Computing Casimir integrand at Xi=0.001
 
02/03/15::18:29:56: Assembling T1 at Xi=1.000000e-03... 
02/03/15::18:29:56: Assembling BEM matrix block (0,0) 
02/03/15::18:30:32: Assembling T2 at Xi=1.000000e-03... 
02/03/15::18:30:32: Assembling BEM matrix block (1,1) 
02/03/15::19:01:19: LU-factorizing T1 at Xi=0.001... 
02/03/15::19:01:19: LU-factorizing T2 at Xi=0.001... 
02/03/15::19:02:06: Applying transform 0.199526... 
02/03/15::19:02:06:  Assembling U(0,1) 
02/03/15::19:02:06: Assembling BEM matrix block (0,1) 
02/03/15::19:08:03:   Computing ZForce... 
02/03/15::19:08:22: Computing Casimir integrand at Xi=0.439539
 
02/03/15::19:08:22: Assembling T1 at Xi=4.395393e-01... 
02/03/15::19:08:22: Assembling BEM matrix block (0,0) 
02/03/15::19:08:29: Assembling T2 at Xi=4.395393e-01... 
02/03/15::19:08:29: Assembling BEM matrix block (1,1) 
02/03/15::19:35:54: LU-factorizing T1 at Xi=0.439539... 
02/03/15::19:35:54: LU-factorizing T2 at Xi=0.439539... 
02/03/15::19:36:40: Applying transform 0.199526... 
02/03/15::19:36:40:  Assembling U(0,1) 
02/03/15::19:36:40: Assembling BEM matrix block (0,1) 
02/03/15::19:42:17:   Computing ZForce... 
02/03/15::19:42:36: Computing Casimir integrand at Xi=0.878079
 
02/03/15::19:42:36: Assembling T1 at Xi=8.780787e-01... 
02/03/15::19:42:36: Assembling BEM matrix block (0,0) 
02/03/15::19:42:44: Assembling T2 at Xi=8.780787e-01... 
02/03/15::19:42:44: Assembling BEM matrix block (1,1) 
02/03/15::20:10:43: LU-factorizing T1 at Xi=0.878079... 
02/03/15::20:10:43: LU-factorizing T2 at Xi=0.878079... 
02/03/15::20:11:29: Applying transform 0.199526... 
02/03/15::20:11:29:  Assembling U(0,1) 
02/03/15::20:11:29: Assembling BEM matrix block (0,1) 
02/03/15::20:17:08:   Computing ZForce... 
02/03/15::20:17:27: Computing Casimir integrand at Xi=0.22027
 
02/03/15::20:17:27: Assembling T1 at Xi=2.202697e-01... 
02/03/15::20:17:27: Assembling BEM matrix block (0,0) 
02/03/15::20:17:33: Assembling T2 at Xi=2.202697e-01... 
02/03/15::20:17:33: Assembling BEM matrix block (1,1) 
02/03/15::20:44:45: LU-factorizing T1 at Xi=0.22027... 
02/03/15::20:44:45: LU-factorizing T2 at Xi=0.22027... 
02/03/15::20:45:32: Applying transform 0.199526... 
02/03/15::20:45:32:  Assembling U(0,1) 
02/03/15::20:45:32: Assembling BEM matrix block (0,1) 
02/03/15::20:51:06:   Computing ZForce... 
02/03/15::20:51:25: Computing Casimir integrand at Xi=0.878079
 
02/03/15::20:51:25: Assembling T1 at Xi=8.780787e-01... 
02/03/15::20:51:25: Assembling BEM matrix block (0,0) 
02/03/15::20:51:33: Assembling T2 at Xi=8.780787e-01... 
02/03/15::20:51:33: Assembling BEM matrix block (1,1) 
02/03/15::21:19:35: LU-factorizing T1 at Xi=0.878079... 
02/03/15::21:19:35: LU-factorizing T2 at Xi=0.878079... 
02/03/15::21:20:21: Applying transform 0.199526... 
02/03/15::21:20:21:  Assembling U(0,1) 
02/03/15::21:20:21: Assembling BEM matrix block (0,1) 
02/03/15::21:26:00:   Computing ZForce... 
02/03/15::21:26:19: Computing Casimir integrand at Xi=1.31662
 
02/03/15::21:26:19: Assembling T1 at Xi=1.316618e+00... 
02/03/15::21:26:19: Assembling BEM matrix block (0,0) 
02/03/15::21:26:59: Assembling T2 at Xi=1.316618e+00... 
02/03/15::21:26:59: Assembling BEM matrix block (1,1) 
02/03/15::22:15:28: LU-factorizing T1 at Xi=1.31662... 
02/03/15::22:15:28: LU-factorizing T2 at Xi=1.31662... 
02/03/15::22:16:14: Applying transform 0.199526... 
02/03/15::22:16:14:  Assembling U(0,1) 
02/03/15::22:16:14: Assembling BEM matrix block (0,1) 
02/03/15::22:21:47:   Computing ZForce... 
02/03/15::22:22:06: Computing Casimir integrand at Xi=0.658809
 
02/03/15::22:22:06: Assembling T1 at Xi=6.588090e-01... 
02/03/15::22:22:06: Assembling BEM matrix block (0,0) 
02/03/15::22:22:14: Assembling T2 at Xi=6.588090e-01... 
02/03/15::22:22:14: Assembling BEM matrix block (1,1) 
02/03/15::22:49:57: LU-factorizing T1 at Xi=0.658809... 
02/03/15::22:49:57: LU-factorizing T2 at Xi=0.658809... 
02/03/15::22:50:43: Applying transform 0.199526... 
02/03/15::22:50:43:  Assembling U(0,1) 
02/03/15::22:50:43: Assembling BEM matrix block (0,1) 
02/03/15::22:56:20:   Computing ZForce... 
02/03/15::22:56:39: Computing Casimir integrand at Xi=1.09735
 
02/03/15::22:56:39: Assembling T1 at Xi=1.097348e+00... 
02/03/15::22:56:39: Assembling BEM matrix block (0,0) 
02/03/15::22:56:51: Assembling T2 at Xi=1.097348e+00... 
02/03/15::22:56:51: Assembling BEM matrix block (1,1) 
02/03/15::23:45:04: LU-factorizing T1 at Xi=1.09735... 
02/03/15::23:45:04: LU-factorizing T2 at Xi=1.09735... 
02/03/15::23:45:51: Applying transform 0.199526... 
02/03/15::23:45:51:  Assembling U(0,1) 
02/03/15::23:45:51: Assembling BEM matrix block (0,1) 
02/03/15::23:51:22:   Computing ZForce... 
02/03/15::23:51:41: Computing Casimir integrand at Xi=1.31662
 
02/03/15::23:51:41: Assembling T1 at Xi=1.316618e+00... 
02/03/15::23:51:41: Assembling BEM matrix block (0,0) 
02/03/15::23:52:21: Assembling T2 at Xi=1.316618e+00... 
02/03/15::23:52:21: Assembling BEM matrix block (1,1) 
02/04/15::00:40:45: LU-factorizing T1 at Xi=1.31662... 
02/04/15::00:40:45: LU-factorizing T2 at Xi=1.31662... 
02/04/15::00:41:31: Applying transform 0.199526... 
02/04/15::00:41:31:  Assembling U(0,1) 
02/04/15::00:41:31: Assembling BEM matrix block (0,1) 
02/04/15::00:47:03:   Computing ZForce... 
02/04/15::00:47:22: Computing Casimir integrand at Xi=1.75516
 
02/04/15::00:47:22: Assembling T1 at Xi=1.755157e+00... 
02/04/15::00:47:22: Assembling BEM matrix block (0,0) 
02/04/15::00:49:03: Assembling T2 at Xi=1.755157e+00... 
02/04/15::00:49:03: Assembling BEM matrix block (1,1) 
02/04/15::01:39:15: LU-factorizing T1 at Xi=1.75516... 
02/04/15::01:39:15: LU-factorizing T2 at Xi=1.75516... 
02/04/15::01:40:01: Applying transform 0.199526... 
02/04/15::01:40:01:  Assembling U(0,1) 
02/04/15::01:40:01: Assembling BEM matrix block (0,1) 
02/04/15::01:45:28:   Computing ZForce... 
02/04/15::01:45:47: Computing Casimir integrand at Xi=2.1937
 
02/04/15::01:45:47: Assembling T1 at Xi=2.193697e+00... 
02/04/15::01:45:47: Assembling BEM matrix block (0,0) 
02/04/15::01:47:32: Assembling T2 at Xi=2.193697e+00... 
02/04/15::01:47:32: Assembling BEM matrix block (1,1) 
02/04/15::02:38:08: LU-factorizing T1 at Xi=2.1937... 
02/04/15::02:38:08: LU-factorizing T2 at Xi=2.1937... 
02/04/15::02:38:55: Applying transform 0.199526... 
02/04/15::02:38:55:  Assembling U(0,1) 
02/04/15::02:38:55: Assembling BEM matrix block (0,1) 
02/04/15::02:44:23:   Computing ZForce... 
02/04/15::02:44:42: Computing Casimir integrand at Xi=1.53589
 
02/04/15::02:44:42: Assembling T1 at Xi=1.535888e+00... 
02/04/15::02:44:42: Assembling BEM matrix block (0,0) 
02/04/15::02:46:02: Assembling T2 at Xi=1.535888e+00... 
02/04/15::02:46:02: Assembling BEM matrix block (1,1) 
02/04/15::03:35:21: LU-factorizing T1 at Xi=1.53589... 
02/04/15::03:35:21: LU-factorizing T2 at Xi=1.53589... 
02/04/15::03:36:07: Applying transform 0.199526... 
02/04/15::03:36:07:  Assembling U(0,1) 
02/04/15::03:36:07: Assembling BEM matrix block (0,1) 
02/04/15::03:41:38:   Computing ZForce... 
02/04/15::03:41:57: Computing Casimir integrand at Xi=1.42625
 
02/04/15::03:41:57: Assembling T1 at Xi=1.426253e+00... 
02/04/15::03:41:57: Assembling BEM matrix block (0,0) 
02/04/15::03:42:58: Assembling T2 at Xi=1.426253e+00... 
02/04/15::03:42:58: Assembling BEM matrix block (1,1) 
02/04/15::04:31:37: LU-factorizing T1 at Xi=1.42625... 
02/04/15::04:31:37: LU-factorizing T2 at Xi=1.42625... 
02/04/15::04:32:24: Applying transform 0.199526... 
02/04/15::04:32:24:  Assembling U(0,1) 
02/04/15::04:32:24: Assembling BEM matrix block (0,1) 
02/04/15::04:37:56:   Computing ZForce... 
02/04/15::04:38:15: Computing Casimir integrand at Xi=1.75516
 
02/04/15::04:38:15: Assembling T1 at Xi=1.755157e+00... 
02/04/15::04:38:15: Assembling BEM matrix block (0,0) 
02/04/15::04:39:56: Assembling T2 at Xi=1.755157e+00... 
02/04/15::04:39:56: Assembling BEM matrix block (1,1) 
02/04/15::05:30:09: LU-factorizing T1 at Xi=1.75516... 
02/04/15::05:30:09: LU-factorizing T2 at Xi=1.75516... 
02/04/15::05:30:55: Applying transform 0.199526... 
02/04/15::05:30:55:  Assembling U(0,1) 
02/04/15::05:30:55: Assembling BEM matrix block (0,1) 
02/04/15::05:36:23:   Computing ZForce... 
02/04/15::05:36:42: Computing Casimir integrand at Xi=1.97443
 
02/04/15::05:36:42: Assembling T1 at Xi=1.974427e+00... 
02/04/15::05:36:42: Assembling BEM matrix block (0,0) 
02/04/15::05:38:26: Assembling T2 at Xi=1.974427e+00... 
02/04/15::05:38:26: Assembling BEM matrix block (1,1) 
02/04/15::06:28:59: LU-factorizing T1 at Xi=1.97443... 
02/04/15::06:28:59: LU-factorizing T2 at Xi=1.97443... 
02/04/15::06:29:46: Applying transform 0.199526... 
02/04/15::06:29:46:  Assembling U(0,1) 
02/04/15::06:29:46: Assembling BEM matrix block (0,1) 
02/04/15::06:35:15:   Computing ZForce... 
02/04/15::06:35:34: Computing Casimir integrand at Xi=1.64552
 
02/04/15::06:35:34: Assembling T1 at Xi=1.645523e+00... 
02/04/15::06:35:34: Assembling BEM matrix block (0,0) 
02/04/15::06:37:06: Assembling T2 at Xi=1.645523e+00... 
02/04/15::06:37:06: Assembling BEM matrix block (1,1) 
02/04/15::07:26:55: LU-factorizing T1 at Xi=1.64552... 
02/04/15::07:26:55: LU-factorizing T2 at Xi=1.64552... 
02/04/15::07:27:42: Applying transform 0.199526... 
02/04/15::07:27:42:  Assembling U(0,1) 
02/04/15::07:27:42: Assembling BEM matrix block (0,1) 
02/04/15::07:33:11:   Computing ZForce... 
02/04/15::07:33:30: Computing Casimir integrand at Xi=1.59071
 
02/04/15::07:33:30: Assembling T1 at Xi=1.590705e+00... 
02/04/15::07:33:30: Assembling BEM matrix block (0,0) 
02/04/15::07:34:58: Assembling T2 at Xi=1.590705e+00... 
02/04/15::07:34:58: Assembling BEM matrix block (1,1) 
02/04/15::08:24:27: LU-factorizing T1 at Xi=1.59071... 
02/04/15::08:24:27: LU-factorizing T2 at Xi=1.59071... 
02/04/15::08:25:14: Applying transform 0.199526... 
02/04/15::08:25:14:  Assembling U(0,1) 
02/04/15::08:25:14: Assembling BEM matrix block (0,1) 
02/04/15::08:30:45:   Computing ZForce... 
02/04/15::08:31:04: Computing Casimir integrand at Xi=1.75516
 
02/04/15::08:31:04: Assembling T1 at Xi=1.755157e+00... 
02/04/15::08:31:04: Assembling BEM matrix block (0,0) 
02/04/15::08:32:44: Assembling T2 at Xi=1.755157e+00... 
02/04/15::08:32:44: Assembling BEM matrix block (1,1) 
02/04/15::09:22:58: LU-factorizing T1 at Xi=1.75516... 
02/04/15::09:22:58: LU-factorizing T2 at Xi=1.75516... 
02/04/15::09:23:44: Applying transform 0.199526... 
02/04/15::09:23:44:  Assembling U(0,1) 
02/04/15::09:23:44: Assembling BEM matrix block (0,1) 
02/04/15::09:29:13:   Computing ZForce... 
02/04/15::09:29:32: Computing Casimir integrand at Xi=1.86479
 
02/04/15::09:29:32: Assembling T1 at Xi=1.864792e+00... 
02/04/15::09:29:32: Assembling BEM matrix block (0,0) 
02/04/15::09:31:15: Assembling T2 at Xi=1.864792e+00... 
02/04/15::09:31:15: Assembling BEM matrix block (1,1) 
02/04/15::10:21:44: LU-factorizing T1 at Xi=1.86479... 
02/04/15::10:21:44: LU-factorizing T2 at Xi=1.86479... 
02/04/15::10:22:31: Applying transform 0.199526... 
02/04/15::10:22:31:  Assembling U(0,1) 
02/04/15::10:22:31: Assembling BEM matrix block (0,1) 
02/04/15::10:27:59:   Computing ZForce... 
02/04/15::10:28:18: Computing Casimir integrand at Xi=1.70034
 
02/04/15::10:28:18: Assembling T1 at Xi=1.700340e+00... 
02/04/15::10:28:18: Assembling BEM matrix block (0,0) 
02/04/15::10:29:56: Assembling T2 at Xi=1.700340e+00... 
02/04/15::10:29:56: Assembling BEM matrix block (1,1) 
02/04/15::11:19:57: LU-factorizing T1 at Xi=1.70034... 
02/04/15::11:19:57: LU-factorizing T2 at Xi=1.70034... 
02/04/15::11:20:43: Applying transform 0.199526... 
02/04/15::11:20:43:  Assembling U(0,1) 
02/04/15::11:20:43: Assembling BEM matrix block (0,1) 
02/04/15::11:26:18:   Computing ZForce... 
02/04/15::11:26:38: Computing Casimir integrand at Xi=1.67293
 
02/04/15::11:26:38: Assembling T1 at Xi=1.672931e+00... 
02/04/15::11:26:38: Assembling BEM matrix block (0,0) 
02/04/15::11:28:13: Assembling T2 at Xi=1.672931e+00... 
02/04/15::11:28:13: Assembling BEM matrix block (1,1) 
02/04/15::12:18:08: LU-factorizing T1 at Xi=1.67293... 
02/04/15::12:18:08: LU-factorizing T2 at Xi=1.67293... 
02/04/15::12:18:54: Applying transform 0.199526... 
02/04/15::12:18:54:  Assembling U(0,1) 
02/04/15::12:18:54: Assembling BEM matrix block (0,1) 
02/04/15::12:24:22:   Computing ZForce... 
02/04/15::12:24:41: Computing Casimir integrand at Xi=1.75516
 
02/04/15::12:24:41: Assembling T1 at Xi=1.755157e+00... 
02/04/15::12:24:41: Assembling BEM matrix block (0,0) 
02/04/15::12:26:22: Assembling T2 at Xi=1.755157e+00... 
02/04/15::12:26:22: Assembling BEM matrix block (1,1) 
02/04/15::13:16:33: LU-factorizing T1 at Xi=1.75516... 
02/04/15::13:16:34: LU-factorizing T2 at Xi=1.75516... 
02/04/15::13:17:19: Applying transform 0.199526... 
02/04/15::13:17:19:  Assembling U(0,1) 
02/04/15::13:17:20: Assembling BEM matrix block (0,1) 
02/04/15::13:22:47:   Computing ZForce... 
02/04/15::13:23:06: Computing Casimir integrand at Xi=1.80997
 
02/04/15::13:23:06: Assembling T1 at Xi=1.809975e+00... 
02/04/15::13:23:06: Assembling BEM matrix block (0,0) 
02/04/15::13:24:48: Assembling T2 at Xi=1.809975e+00... 
02/04/15::13:24:48: Assembling BEM matrix block (1,1) 
02/04/15::14:15:08: LU-factorizing T1 at Xi=1.80997... 
02/04/15::14:15:08: LU-factorizing T2 at Xi=1.80997... 
02/04/15::14:15:54: Applying transform 0.199526... 
02/04/15::14:15:54:  Assembling U(0,1) 
02/04/15::14:15:54: Assembling BEM matrix block (0,1) 
02/04/15::14:21:21:   Computing ZForce... 
02/04/15::14:21:40: Computing Casimir integrand at Xi=1.72775
 
02/04/15::14:21:40: Assembling T1 at Xi=1.727749e+00... 
02/04/15::14:21:40: Assembling BEM matrix block (0,0) 
02/04/15::14:23:20: Assembling T2 at Xi=1.727749e+00... 
02/04/15::14:23:20: Assembling BEM matrix block (1,1) 
02/04/15::15:13:32: LU-factorizing T1 at Xi=1.72775... 
02/04/15::15:13:32: LU-factorizing T2 at Xi=1.72775... 
02/04/15::15:14:18: Applying transform 0.199526... 
02/04/15::15:14:18:  Assembling U(0,1) 
02/04/15::15:14:18: Assembling BEM matrix block (0,1) 
02/04/15::15:19:47:   Computing ZForce... 
02/04/15::15:20:06: Computing Casimir integrand at Xi=1.71404
 
02/04/15::15:20:06: Assembling T1 at Xi=1.714044e+00... 
02/04/15::15:20:06: Assembling BEM matrix block (0,0) 
02/04/15::15:21:45: Assembling T2 at Xi=1.714044e+00... 
02/04/15::15:21:45: Assembling BEM matrix block (1,1) 
02/04/15::16:11:54: LU-factorizing T1 at Xi=1.71404... 
02/04/15::16:11:54: LU-factorizing T2 at Xi=1.71404... 
02/04/15::16:12:40: Applying transform 0.199526... 
02/04/15::16:12:40:  Assembling U(0,1) 
02/04/15::16:12:40: Assembling BEM matrix block (0,1) 
02/04/15::16:18:10:   Computing ZForce... 
02/04/15::16:18:29: Computing Casimir integrand at Xi=1.70719
 
02/04/15::16:18:29: Assembling T1 at Xi=1.707192e+00... 
02/04/15::16:18:29: Assembling BEM matrix block (0,0) 
02/04/15::16:20:08: Assembling T2 at Xi=1.707192e+00... 
02/04/15::16:20:08: Assembling BEM matrix block (1,1) 
02/04/15::17:10:14: LU-factorizing T1 at Xi=1.70719... 
02/04/15::17:10:14: LU-factorizing T2 at Xi=1.70719... 
02/04/15::17:11:01: Applying transform 0.199526... 
02/04/15::17:11:01:  Assembling U(0,1) 
02/04/15::17:11:01: Assembling BEM matrix block (0,1) 
02/04/15::17:16:29:   Computing ZForce... 
02/04/15::17:16:49: Computing Casimir integrand at Xi=1.70377
 
02/04/15::17:16:49: Assembling T1 at Xi=1.703766e+00... 
02/04/15::17:16:49: Assembling BEM matrix block (0,0) 
02/04/15::17:18:28: Assembling T2 at Xi=1.703766e+00... 
02/04/15::17:18:28: Assembling BEM matrix block (1,1) 
02/04/15::18:08:32: LU-factorizing T1 at Xi=1.70377... 
02/04/15::18:08:32: LU-factorizing T2 at Xi=1.70377... 
02/04/15::18:09:18: Applying transform 0.199526... 
02/04/15::18:09:18:  Assembling U(0,1) 
02/04/15::18:09:18: Assembling BEM matrix block (0,1) 
02/04/15::18:14:47:   Computing ZForce... 
02/04/15::18:15:06: Computing Casimir integrand at Xi=1.70205
 
02/04/15::18:15:06: Assembling T1 at Xi=1.702053e+00... 
02/04/15::18:15:06: Assembling BEM matrix block (0,0) 
02/04/15::18:16:45: Assembling T2 at Xi=1.702053e+00... 
02/04/15::18:16:45: Assembling BEM matrix block (1,1) 
02/04/15::19:06:50: LU-factorizing T1 at Xi=1.70205... 
02/04/15::19:06:51: LU-factorizing T2 at Xi=1.70205... 
02/04/15::19:07:37: Applying transform 0.199526... 
02/04/15::19:07:37:  Assembling U(0,1) 
02/04/15::19:07:37: Assembling BEM matrix block (0,1) 
02/04/15::19:13:08:   Computing ZForce... 
02/04/15::19:13:27: Computing Casimir integrand at Xi=1.70719
 
02/04/15::19:13:27: Assembling T1 at Xi=1.707192e+00... 
02/04/15::19:13:27: Assembling BEM matrix block (0,0) 
02/04/15::19:15:06: Assembling T2 at Xi=1.707192e+00... 
02/04/15::19:15:06: Assembling BEM matrix block (1,1) 
02/04/15::20:06:32: LU-factorizing T1 at Xi=1.70719... 
02/04/15::20:06:32: LU-factorizing T2 at Xi=1.70719... 
02/04/15::20:07:19: Applying transform 0.199526... 
02/04/15::20:07:19:  Assembling U(0,1) 
02/04/15::20:07:19: Assembling BEM matrix block (0,1) 
02/04/15::20:12:53:   Computing ZForce... 
02/04/15::20:13:12: Computing Casimir integrand at Xi=1.71062
 
02/04/15::20:13:13: Assembling T1 at Xi=1.710618e+00... 
02/04/15::20:13:13: Assembling BEM matrix block (0,0) 
02/04/15::20:15:27: Assembling T2 at Xi=1.710618e+00... 
02/04/15::20:15:27: Assembling BEM matrix block (1,1) 
02/04/15::21:09:53: LU-factorizing T1 at Xi=1.71062... 
02/04/15::21:09:53: LU-factorizing T2 at Xi=1.71062... 
02/04/15::21:10:40: Applying transform 0.199526... 
02/04/15::21:10:40:  Assembling U(0,1) 
02/04/15::21:10:40: Assembling BEM matrix block (0,1) 
02/04/15::21:16:20:   Computing ZForce... 
02/04/15::21:16:41: Computing Casimir integrand at Xi=1.70548
 
02/04/15::21:16:41: Assembling T1 at Xi=1.705479e+00... 
02/04/15::21:16:41: Assembling BEM matrix block (0,0) 
02/04/15::21:18:28: Assembling T2 at Xi=1.705479e+00... 
02/04/15::21:18:28: Assembling BEM matrix block (1,1) 
02/04/15::22:14:01: LU-factorizing T1 at Xi=1.70548... 
02/04/15::22:14:01: LU-factorizing T2 at Xi=1.70548... 
02/04/15::22:14:50: Applying transform 0.199526... 
02/04/15::22:14:50:  Assembling U(0,1) 
02/04/15::22:14:50: Assembling BEM matrix block (0,1) 
02/04/15::22:20:34:   Computing ZForce... 
02/04/15::22:20:53: Computing Casimir integrand at Xi=1.70462
 
02/04/15::22:20:53: Assembling T1 at Xi=1.704623e+00... 
02/04/15::22:20:53: Assembling BEM matrix block (0,0) 
02/04/15::22:22:32: Assembling T2 at Xi=1.704623e+00... 
02/04/15::22:22:32: Assembling BEM matrix block (1,1) 
02/04/15::23:17:01: LU-factorizing T1 at Xi=1.70462... 
02/04/15::23:17:01: LU-factorizing T2 at Xi=1.70462... 
02/04/15::23:17:47: Applying transform 0.199526... 
02/04/15::23:17:47:  Assembling U(0,1) 
02/04/15::23:17:47: Assembling BEM matrix block (0,1) 
02/04/15::23:26:01:   Computing ZForce... 
02/04/15::23:26:20: Computing Casimir integrand at Xi=1.70719
 
02/04/15::23:26:20: Assembling T1 at Xi=1.707192e+00... 
02/04/15::23:26:20: Assembling BEM matrix block (0,0) 
02/04/15::23:28:11: Assembling T2 at Xi=1.707192e+00... 
02/04/15::23:28:11: Assembling BEM matrix block (1,1) 
02/05/15::00:31:16: LU-factorizing T1 at Xi=1.70719... 
02/05/15::00:31:16: LU-factorizing T2 at Xi=1.70719... 
02/05/15::00:32:03: Applying transform 0.199526... 
02/05/15::00:32:03:  Assembling U(0,1) 
02/05/15::00:32:03: Assembling BEM matrix block (0,1) 
02/05/15::00:37:46:   Computing ZForce... 
02/05/15::00:38:05: Computing Casimir integrand at Xi=1.70891
 
02/05/15::00:38:05: Assembling T1 at Xi=1.708905e+00... 
02/05/15::00:38:05: Assembling BEM matrix block (0,0) 
02/05/15::00:40:23: Assembling T2 at Xi=1.708905e+00... 
02/05/15::00:40:23: Assembling BEM matrix block (1,1) 
02/05/15::01:42:28:   Computing ZForce... 
02/05/15::01:42:47: Computing Casimir integrand at Xi=1.70634
 
02/05/15::01:42:47: Assembling T1 at Xi=1.706336e+00... 
02/05/15::01:42:47: Assembling BEM matrix block (0,0) 
02/05/15::01:44:27: Assembling T2 at Xi=1.706336e+00... 
02/05/15::01:44:27: Assembling BEM matrix block (1,1) 
02/05/15::02:34:36: LU-factorizing T1 at Xi=1.70634... 
02/05/15::02:34:36: LU-factorizing T2 at Xi=1.70634... 
02/05/15::02:35:23: Applying transform 0.199526... 
02/05/15::02:35:23:  Assembling U(0,1) 
02/05/15::02:35:23: Assembling BEM matrix block (0,1) 
02/05/15::02:40:53:   Computing ZForce... 
02/05/15::02:41:12: Computing Casimir integrand at Xi=1.70591
 
02/05/15::02:41:12: Assembling T1 at Xi=1.705907e+00... 
02/05/15::02:41:12: Assembling BEM matrix block (0,0) 
02/05/15::02:42:52: Assembling T2 at Xi=1.705907e+00... 
02/05/15::02:42:52: Assembling BEM matrix block (1,1) 
02/05/15::03:33:03: LU-factorizing T1 at Xi=1.70591... 
02/05/15::03:33:03: LU-factorizing T2 at Xi=1.70591... 
02/05/15::03:33:49: Applying transform 0.199526... 
02/05/15::03:33:49:  Assembling U(0,1) 
02/05/15::03:33:49: Assembling BEM matrix block (0,1) 
02/05/15::03:39:19:   Computing ZForce... 
02/05/15::03:39:39: Computing Casimir integrand at Xi=1.70719
 
02/05/15::03:39:39: Assembling T1 at Xi=1.707192e+00... 
02/05/15::03:39:39: Assembling BEM matrix block (0,0) 
02/05/15::03:41:18: Assembling T2 at Xi=1.707192e+00... 
02/05/15::03:41:18: Assembling BEM matrix block (1,1) 
02/05/15::04:31:29: LU-factorizing T1 at Xi=1.70719... 
02/05/15::04:31:29: LU-factorizing T2 at Xi=1.70719... 
02/05/15::04:32:15: Applying transform 0.199526... 
02/05/15::04:32:15:  Assembling U(0,1) 
02/05/15::04:32:15: Assembling BEM matrix block (0,1) 
02/05/15::04:37:46:   Computing ZForce... 
02/05/15::04:38:05: Computing Casimir integrand at Xi=1.70805
 
02/05/15::04:38:05: Assembling T1 at Xi=1.708049e+00... 
02/05/15::04:38:05: Assembling BEM matrix block (0,0) 
02/05/15::04:39:44: Assembling T2 at Xi=1.708049e+00... 
02/05/15::04:39:44: Assembling BEM matrix block (1,1) 
