02/05/15::00:30:39: scuff-cas3D running on hequ0089 
02/05/15::00:30:39: Setting material properties of exterior region to VACUUM. 
02/05/15::00:30:39: Flipped 500 panel normals to comport with region definitions. 
02/05/15::00:30:39: Computing full Matsubara-summed Casimir quantities at T=3.000000e+02 Kelvin. 
02/05/15::00:30:39: Read 1 geometrical transformations from file BeadPEC_300K_L-1.trans. 
02/05/15::00:30:40: Beginning Matsubara sum at T=300 kelvin... 
02/05/15::00:30:40: Computing Casimir integrand at Xi=0.001
 
02/05/15::00:30:40: Assembling T1 at Xi=1.000000e-03... 
02/05/15::00:30:40: Assembling BEM matrix block (0,0) 
02/05/15::00:31:04: Assembling T2 at Xi=1.000000e-03... 
02/05/15::00:31:04: Assembling BEM matrix block (1,1) 
02/05/15::00:35:19: LU-factorizing T1 at Xi=0.001... 
02/05/15::00:35:20: LU-factorizing T2 at Xi=0.001... 
02/05/15::00:35:24: Applying transform 1.0... 
02/05/15::00:35:24:  Assembling U(0,1) 
02/05/15::00:35:24: Assembling BEM matrix block (0,1) 
02/05/15::00:38:51:   Computing ZForce... 
02/05/15::00:38:53: Computing Casimir integrand at Xi=0.823279
 
02/05/15::00:38:53: Assembling T1 at Xi=8.232789e-01... 
02/05/15::00:38:53: Assembling BEM matrix block (0,0) 
02/05/15::00:38:55: Assembling T2 at Xi=8.232789e-01... 
02/05/15::00:38:55: Assembling BEM matrix block (1,1) 
02/05/15::00:41:24: LU-factorizing T1 at Xi=0.823279... 
02/05/15::00:41:24: LU-factorizing T2 at Xi=0.823279... 
02/05/15::00:41:28: Applying transform 1.0... 
02/05/15::00:41:28:  Assembling U(0,1) 
02/05/15::00:41:28: Assembling BEM matrix block (0,1) 
02/05/15::00:44:44:   Computing ZForce... 
02/05/15::00:44:45: Computing Casimir integrand at Xi=1.64656
 
02/05/15::00:44:45: Assembling T1 at Xi=1.646558e+00... 
02/05/15::00:44:45: Assembling BEM matrix block (0,0) 
02/05/15::00:44:48: Assembling T2 at Xi=1.646558e+00... 
02/05/15::00:44:48: Assembling BEM matrix block (1,1) 
02/05/15::01:04:47: LU-factorizing T1 at Xi=1.64656... 
02/05/15::01:04:47: LU-factorizing T2 at Xi=1.64656... 
02/05/15::01:04:52: Applying transform 1.0... 
02/05/15::01:04:52:  Assembling U(0,1) 
02/05/15::01:04:52: Assembling BEM matrix block (0,1) 
02/05/15::01:08:02:   Computing ZForce... 
02/05/15::01:08:03: Computing Casimir integrand at Xi=2.46984
 
02/05/15::01:08:03: Assembling T1 at Xi=2.469837e+00... 
02/05/15::01:08:03: Assembling BEM matrix block (0,0) 
02/05/15::01:08:07: Assembling T2 at Xi=2.469837e+00... 
02/05/15::01:08:07: Assembling BEM matrix block (1,1) 
02/05/15::01:53:22: LU-factorizing T1 at Xi=3.29312... 
02/05/15::01:53:22: LU-factorizing T2 at Xi=3.29312... 
02/05/15::01:53:26: Applying transform 1.0... 
02/05/15::01:53:26:  Assembling U(0,1) 
02/05/15::01:53:26: Assembling BEM matrix block (0,1) 
02/05/15::01:56:36:   Computing ZForce... 
02/05/15::01:56:38: Computing Casimir integrand at Xi=4.11639
 
02/05/15::01:56:38: Assembling T1 at Xi=4.116394e+00... 
02/05/15::01:56:38: Assembling BEM matrix block (0,0) 
02/05/15::01:56:52: Assembling T2 at Xi=4.116394e+00... 
02/05/15::01:56:52: Assembling BEM matrix block (1,1) 
02/05/15::02:17:24: LU-factorizing T1 at Xi=4.11639... 
02/05/15::02:17:24: LU-factorizing T2 at Xi=4.11639... 
02/05/15::02:17:29: Applying transform 1.0... 
02/05/15::02:17:29:  Assembling U(0,1) 
02/05/15::02:17:29: Assembling BEM matrix block (0,1) 
02/05/15::02:20:38:   Computing ZForce... 
02/05/15::02:20:40: Computing Casimir integrand at Xi=4.93967
 
02/05/15::02:20:40: Assembling T1 at Xi=4.939673e+00... 
02/05/15::02:20:40: Assembling BEM matrix block (0,0) 
02/05/15::02:21:36: Assembling T2 at Xi=4.939673e+00... 
02/05/15::02:21:36: Assembling BEM matrix block (1,1) 
02/05/15::02:42:05: LU-factorizing T1 at Xi=4.93967... 
02/05/15::02:42:05: LU-factorizing T2 at Xi=4.93967... 
02/05/15::02:42:10: Applying transform 1.0... 
02/05/15::02:42:10:  Assembling U(0,1) 
02/05/15::02:42:10: Assembling BEM matrix block (0,1) 
02/05/15::02:45:20:   Computing ZForce... 
02/05/15::02:45:21: Computing Casimir integrand at Xi=5.76295
 
02/05/15::02:45:21: Assembling T1 at Xi=5.762952e+00... 
02/05/15::02:45:21: Assembling BEM matrix block (0,0) 
02/05/15::02:46:37: Assembling T2 at Xi=5.762952e+00... 
02/05/15::02:46:37: Assembling BEM matrix block (1,1) 
02/05/15::03:05:54: LU-factorizing T1 at Xi=5.76295... 
02/05/15::03:05:54: LU-factorizing T2 at Xi=5.76295... 
02/05/15::03:05:58: Applying transform 1.0... 
02/05/15::03:05:58:  Assembling U(0,1) 
02/05/15::03:05:58: Assembling BEM matrix block (0,1) 
02/05/15::03:09:07:   Computing ZForce... 
02/05/15::03:09:09: Computing Casimir integrand at Xi=6.58623
 
02/05/15::03:09:09: Assembling T1 at Xi=6.586231e+00... 
02/05/15::03:09:09: Assembling BEM matrix block (0,0) 
02/05/15::03:10:29: Assembling T2 at Xi=6.586231e+00... 
02/05/15::03:10:29: Assembling BEM matrix block (1,1) 
02/05/15::03:29:38: LU-factorizing T1 at Xi=6.58623... 
02/05/15::03:29:38: LU-factorizing T2 at Xi=6.58623... 
02/05/15::03:29:43: Applying transform 1.0... 
02/05/15::03:29:43:  Assembling U(0,1) 
02/05/15::03:29:43: Assembling BEM matrix block (0,1) 
02/05/15::03:32:52:   Computing ZForce... 
02/05/15::03:32:54: Computing Casimir integrand at Xi=7.40951
 
02/05/15::03:32:54: Assembling T1 at Xi=7.409510e+00... 
02/05/15::03:32:54: Assembling BEM matrix block (0,0) 
02/05/15::03:34:15: Assembling T2 at Xi=7.409510e+00... 
02/05/15::03:34:15: Assembling BEM matrix block (1,1) 
02/05/15::03:53:37: LU-factorizing T1 at Xi=7.40951... 
02/05/15::03:53:37: LU-factorizing T2 at Xi=7.40951... 
02/05/15::03:53:42: Applying transform 1.0... 
02/05/15::03:53:42:  Assembling U(0,1) 
02/05/15::03:53:42: Assembling BEM matrix block (0,1) 
02/05/15::03:56:51:   Computing ZForce... 
02/05/15::03:56:53: Computing Casimir integrand at Xi=8.23279
 
02/05/15::03:56:53: Assembling T1 at Xi=8.232789e+00... 
02/05/15::03:56:53: Assembling BEM matrix block (0,0) 
02/05/15::03:58:14: Assembling T2 at Xi=8.232789e+00... 
02/05/15::03:58:14: Assembling BEM matrix block (1,1) 
02/05/15::04:17:46: LU-factorizing T1 at Xi=8.23279... 
02/05/15::04:17:46: LU-factorizing T2 at Xi=8.23279... 
02/05/15::04:17:51: Applying transform 1.0... 
02/05/15::04:17:51:  Assembling U(0,1) 
02/05/15::04:17:51: Assembling BEM matrix block (0,1) 
02/05/15::04:21:00:   Computing ZForce... 
02/05/15::04:21:02: Computing Casimir integrand at Xi=9.05607
 
02/05/15::04:21:02: Assembling T1 at Xi=9.056067e+00... 
02/05/15::04:21:02: Assembling BEM matrix block (0,0) 
02/05/15::04:22:23: Assembling T2 at Xi=9.056067e+00... 
02/05/15::04:22:23: Assembling BEM matrix block (1,1) 
02/05/15::04:42:00: LU-factorizing T1 at Xi=9.05607... 
02/05/15::04:42:00: LU-factorizing T2 at Xi=9.05607... 
02/05/15::04:42:05: Applying transform 1.0... 
02/05/15::04:42:05:  Assembling U(0,1) 
02/05/15::04:42:05: Assembling BEM matrix block (0,1) 
02/05/15::04:45:16:   Computing ZForce... 
02/05/15::04:45:18: Matsubara sum converged after summing n=11 frequency points. 
