02/05/15::00:30:40: scuff-cas3D running on kiso0016 
02/05/15::00:30:40: Setting material properties of exterior region to VACUUM. 
02/05/15::00:30:40: Flipped 500 panel normals to comport with region definitions. 
02/05/15::00:30:40: Computing full Matsubara-summed Casimir quantities at T=3.000000e+02 Kelvin. 
02/05/15::00:30:40: Read 1 geometrical transformations from file BeadPEC_300K_L-3.98107.trans. 
02/05/15::00:30:40: Beginning Matsubara sum at T=300 kelvin... 
02/05/15::00:30:40: Computing Casimir integrand at Xi=0.001
 
02/05/15::00:30:40: Assembling T1 at Xi=1.000000e-03... 
02/05/15::00:30:40: Assembling BEM matrix block (0,0) 
02/05/15::00:31:02: Assembling T2 at Xi=1.000000e-03... 
02/05/15::00:31:02: Assembling BEM matrix block (1,1) 
02/05/15::00:34:42: LU-factorizing T1 at Xi=0.001... 
02/05/15::00:34:42: LU-factorizing T2 at Xi=0.001... 
02/05/15::00:34:47: Applying transform 3.98107... 
02/05/15::00:34:47:  Assembling U(0,1) 
02/05/15::00:34:47: Assembling BEM matrix block (0,1) 
02/05/15::00:36:38:   Computing ZForce... 
02/05/15::00:36:40: Computing Casimir integrand at Xi=0.823279
 
02/05/15::00:36:40: Assembling T1 at Xi=8.232789e-01... 
02/05/15::00:36:40: Assembling BEM matrix block (0,0) 
02/05/15::00:36:42: Assembling T2 at Xi=8.232789e-01... 
02/05/15::00:36:42: Assembling BEM matrix block (1,1) 
02/05/15::00:38:47: LU-factorizing T1 at Xi=0.823279... 
02/05/15::00:38:47: LU-factorizing T2 at Xi=0.823279... 
02/05/15::00:38:52: Applying transform 3.98107... 
02/05/15::00:38:52:  Assembling U(0,1) 
02/05/15::00:38:52: Assembling BEM matrix block (0,1) 
02/05/15::00:40:40:   Computing ZForce... 
02/05/15::00:40:42: Computing Casimir integrand at Xi=1.64656
 
02/05/15::00:40:42: Assembling T1 at Xi=1.646558e+00... 
02/05/15::00:40:42: Assembling BEM matrix block (0,0) 
02/05/15::00:40:44: Assembling T2 at Xi=1.646558e+00... 
02/05/15::00:40:44: Assembling BEM matrix block (1,1) 
02/05/15::00:57:07: LU-factorizing T1 at Xi=1.64656... 
02/05/15::00:57:07: LU-factorizing T2 at Xi=1.64656... 
02/05/15::00:57:12: Applying transform 3.98107... 
02/05/15::00:57:12:  Assembling U(0,1) 
02/05/15::00:57:12: Assembling BEM matrix block (0,1) 
02/05/15::00:58:57:   Computing ZForce... 
02/05/15::00:58:59: Computing Casimir integrand at Xi=2.46984
 
02/05/15::00:58:59: Assembling T1 at Xi=2.469837e+00... 
02/05/15::00:58:59: Assembling BEM matrix block (0,0) 
02/05/15::00:59:01: Assembling T2 at Xi=2.469837e+00... 
02/05/15::00:59:01: Assembling BEM matrix block (1,1) 
02/05/15::01:15:48: LU-factorizing T1 at Xi=2.46984... 
02/05/15::01:15:48: LU-factorizing T2 at Xi=2.46984... 
02/05/15::01:15:53: Applying transform 3.98107... 
02/05/15::01:15:53:  Assembling U(0,1) 
02/05/15::01:15:53: Assembling BEM matrix block (0,1) 
02/05/15::01:17:37:   Computing ZForce... 
02/05/15::01:17:39: Computing Casimir integrand at Xi=3.29312
 
02/05/15::01:17:39: Assembling T1 at Xi=3.293115e+00... 
02/05/15::01:17:39: Assembling BEM matrix block (0,0) 
02/05/15::01:17:42: Assembling T2 at Xi=3.293115e+00... 
02/05/15::01:17:42: Assembling BEM matrix block (1,1) 
