02/03/15::18:31:16: scuff-cas3D running on fell0085 
02/03/15::18:31:16: Setting material properties of exterior region to VACUUM. 
02/03/15::18:31:16: Flipped 514 panel normals to comport with region definitions. 
02/03/15::18:31:16: Computing full zero-temperature Casimir quantities. 
02/03/15::18:31:16: Read 1 geometrical transformations from file Bead_L-7.94328.trans. 
02/03/15::18:31:18: Minimum distance between surface points=7.943280e+00 
02/03/15::18:31:18: Computing Casimir integrand at Xi=0.001
 
02/03/15::18:31:18: Assembling T1 at Xi=1.000000e-03... 
02/03/15::18:31:18: Assembling BEM matrix block (0,0) 
02/03/15::18:32:02: Assembling T2 at Xi=1.000000e-03... 
02/03/15::18:32:02: Assembling BEM matrix block (1,1) 
02/03/15::19:11:27: LU-factorizing T1 at Xi=0.001... 
02/03/15::19:11:27: LU-factorizing T2 at Xi=0.001... 
02/03/15::19:12:42: Applying transform 7.94328... 
02/03/15::19:12:42:  Assembling U(0,1) 
02/03/15::19:12:42: Assembling BEM matrix block (0,1) 
02/03/15::19:15:34:   Computing ZForce... 
02/03/15::19:16:06: Computing Casimir integrand at Xi=0.0120156
 
02/03/15::19:16:06: Assembling T1 at Xi=1.201560e-02... 
02/03/15::19:16:06: Assembling BEM matrix block (0,0) 
02/03/15::19:16:12: Assembling T2 at Xi=1.201560e-02... 
02/03/15::19:16:12: Assembling BEM matrix block (1,1) 
02/03/15::19:51:21: LU-factorizing T1 at Xi=0.0120156... 
02/03/15::19:51:21: LU-factorizing T2 at Xi=0.0120156... 
02/03/15::19:52:35: Applying transform 7.94328... 
02/03/15::19:52:35:  Assembling U(0,1) 
02/03/15::19:52:35: Assembling BEM matrix block (0,1) 
02/03/15::19:55:24:   Computing ZForce... 
02/03/15::19:55:54: Computing Casimir integrand at Xi=0.0230312
 
02/03/15::19:55:54: Assembling T1 at Xi=2.303120e-02... 
02/03/15::19:55:54: Assembling BEM matrix block (0,0) 
02/03/15::19:56:00: Assembling T2 at Xi=2.303120e-02... 
02/03/15::19:56:00: Assembling BEM matrix block (1,1) 
02/03/15::20:31:26: LU-factorizing T1 at Xi=0.0230312... 
02/03/15::20:31:26: LU-factorizing T2 at Xi=0.0230312... 
02/03/15::20:32:34: Applying transform 7.94328... 
02/03/15::20:32:34:  Assembling U(0,1) 
02/03/15::20:32:34: Assembling BEM matrix block (0,1) 
02/03/15::20:35:14:   Computing ZForce... 
02/03/15::20:35:42: Computing Casimir integrand at Xi=0.0450624
 
02/03/15::20:35:42: Assembling T1 at Xi=4.506240e-02... 
02/03/15::20:35:42: Assembling BEM matrix block (0,0) 
02/03/15::20:35:48: Assembling T2 at Xi=4.506240e-02... 
02/03/15::20:35:48: Assembling BEM matrix block (1,1) 
02/03/15::21:10:53: LU-factorizing T1 at Xi=0.0450624... 
02/03/15::21:10:53: LU-factorizing T2 at Xi=0.0450624... 
02/03/15::21:11:59: Applying transform 7.94328... 
02/03/15::21:11:59:  Assembling U(0,1) 
02/03/15::21:11:59: Assembling BEM matrix block (0,1) 
02/03/15::21:14:36:   Computing ZForce... 
02/03/15::21:15:03: Computing Casimir integrand at Xi=0.0670936
 
02/03/15::21:15:03: Assembling T1 at Xi=6.709360e-02... 
02/03/15::21:15:03: Assembling BEM matrix block (0,0) 
02/03/15::21:15:10: Assembling T2 at Xi=6.709360e-02... 
02/03/15::21:15:10: Assembling BEM matrix block (1,1) 
02/03/15::21:50:09: LU-factorizing T1 at Xi=0.0670936... 
02/03/15::21:50:09: LU-factorizing T2 at Xi=0.0670936... 
02/03/15::21:51:16: Applying transform 7.94328... 
02/03/15::21:51:16:  Assembling U(0,1) 
02/03/15::21:51:16: Assembling BEM matrix block (0,1) 
02/03/15::21:53:54:   Computing ZForce... 
02/03/15::21:54:21: Computing Casimir integrand at Xi=0.111156
 
02/03/15::21:54:21: Assembling T1 at Xi=1.111560e-01... 
02/03/15::21:54:21: Assembling BEM matrix block (0,0) 
02/03/15::21:54:28: Assembling T2 at Xi=1.111560e-01... 
02/03/15::21:54:28: Assembling BEM matrix block (1,1) 
02/03/15::22:29:41: LU-factorizing T1 at Xi=0.111156... 
02/03/15::22:29:41: LU-factorizing T2 at Xi=0.111156... 
02/03/15::22:30:48: Applying transform 7.94328... 
02/03/15::22:30:48:  Assembling U(0,1) 
02/03/15::22:30:48: Assembling BEM matrix block (0,1) 
02/03/15::22:33:26:   Computing ZForce... 
02/03/15::22:33:54: Computing Casimir integrand at Xi=0.155218
 
02/03/15::22:33:54: Assembling T1 at Xi=1.552184e-01... 
02/03/15::22:33:54: Assembling BEM matrix block (0,0) 
02/03/15::22:34:01: Assembling T2 at Xi=1.552184e-01... 
02/03/15::22:34:01: Assembling BEM matrix block (1,1) 
02/03/15::23:09:11: LU-factorizing T1 at Xi=0.155218... 
02/03/15::23:09:11: LU-factorizing T2 at Xi=0.155218... 
02/03/15::23:10:17: Applying transform 7.94328... 
02/03/15::23:10:17:  Assembling U(0,1) 
02/03/15::23:10:17: Assembling BEM matrix block (0,1) 
02/03/15::23:12:55:   Computing ZForce... 
02/03/15::23:13:22: Computing Casimir integrand at Xi=0.243343
 
02/03/15::23:13:22: Assembling T1 at Xi=2.433432e-01... 
02/03/15::23:13:22: Assembling BEM matrix block (0,0) 
02/03/15::23:13:29: Assembling T2 at Xi=2.433432e-01... 
02/03/15::23:13:29: Assembling BEM matrix block (1,1) 
02/03/15::23:48:42: LU-factorizing T1 at Xi=0.243343... 
02/03/15::23:48:42: LU-factorizing T2 at Xi=0.243343... 
02/03/15::23:49:48: Applying transform 7.94328... 
02/03/15::23:49:48:  Assembling U(0,1) 
02/03/15::23:49:48: Assembling BEM matrix block (0,1) 
02/03/15::23:52:27:   Computing ZForce... 
02/03/15::23:52:54: Computing Casimir integrand at Xi=0.331468
 
02/03/15::23:52:54: Assembling T1 at Xi=3.314680e-01... 
02/03/15::23:52:54: Assembling BEM matrix block (0,0) 
02/03/15::23:53:02: Assembling T2 at Xi=3.314680e-01... 
02/03/15::23:53:02: Assembling BEM matrix block (1,1) 
02/04/15::00:28:31: LU-factorizing T1 at Xi=0.331468... 
02/04/15::00:28:32: LU-factorizing T2 at Xi=0.331468... 
02/04/15::00:29:48: Applying transform 7.94328... 
02/04/15::00:29:48:  Assembling U(0,1) 
02/04/15::00:29:48: Assembling BEM matrix block (0,1) 
02/04/15::00:32:34:   Computing ZForce... 
02/04/15::00:33:04: Computing Casimir integrand at Xi=0.199281
 
02/04/15::00:33:04: Assembling T1 at Xi=1.992808e-01... 
02/04/15::00:33:04: Assembling BEM matrix block (0,0) 
02/04/15::00:33:11: Assembling T2 at Xi=1.992808e-01... 
02/04/15::00:33:11: Assembling BEM matrix block (1,1) 
02/04/15::01:08:34: LU-factorizing T1 at Xi=0.199281... 
02/04/15::01:08:34: LU-factorizing T2 at Xi=0.199281... 
02/04/15::01:09:40: Applying transform 7.94328... 
02/04/15::01:09:40:  Assembling U(0,1) 
02/04/15::01:09:40: Assembling BEM matrix block (0,1) 
02/04/15::01:12:19:   Computing ZForce... 
02/04/15::01:12:46: Computing Casimir integrand at Xi=0.17725
 
02/04/15::01:12:46: Assembling T1 at Xi=1.772496e-01... 
02/04/15::01:12:46: Assembling BEM matrix block (0,0) 
02/04/15::01:12:53: Assembling T2 at Xi=1.772496e-01... 
02/04/15::01:12:53: Assembling BEM matrix block (1,1) 
02/04/15::01:48:06: LU-factorizing T1 at Xi=0.17725... 
02/04/15::01:48:06: LU-factorizing T2 at Xi=0.17725... 
02/04/15::01:49:13: Applying transform 7.94328... 
02/04/15::01:49:13:  Assembling U(0,1) 
02/04/15::01:49:13: Assembling BEM matrix block (0,1) 
02/04/15::01:51:51:   Computing ZForce... 
02/04/15::01:52:19: Computing Casimir integrand at Xi=0.243343
 
02/04/15::01:52:19: Assembling T1 at Xi=2.433432e-01... 
02/04/15::01:52:19: Assembling BEM matrix block (0,0) 
02/04/15::01:52:26: Assembling T2 at Xi=2.433432e-01... 
02/04/15::01:52:26: Assembling BEM matrix block (1,1) 
02/04/15::02:27:41: LU-factorizing T1 at Xi=0.243343... 
02/04/15::02:27:41: LU-factorizing T2 at Xi=0.243343... 
02/04/15::02:28:48: Applying transform 7.94328... 
02/04/15::02:28:48:  Assembling U(0,1) 
02/04/15::02:28:48: Assembling BEM matrix block (0,1) 
02/04/15::02:31:26:   Computing ZForce... 
02/04/15::02:31:53: Computing Casimir integrand at Xi=0.287406
 
02/04/15::02:31:53: Assembling T1 at Xi=2.874056e-01... 
02/04/15::02:31:53: Assembling BEM matrix block (0,0) 
02/04/15::02:32:00: Assembling T2 at Xi=2.874056e-01... 
02/04/15::02:32:00: Assembling BEM matrix block (1,1) 
02/04/15::03:07:16: LU-factorizing T1 at Xi=0.287406... 
02/04/15::03:07:16: LU-factorizing T2 at Xi=0.287406... 
02/04/15::03:08:23: Applying transform 7.94328... 
02/04/15::03:08:23:  Assembling U(0,1) 
02/04/15::03:08:23: Assembling BEM matrix block (0,1) 
02/04/15::03:11:01:   Computing ZForce... 
02/04/15::03:11:29: Computing Casimir integrand at Xi=0.221312
 
02/04/15::03:11:29: Assembling T1 at Xi=2.213120e-01... 
02/04/15::03:11:29: Assembling BEM matrix block (0,0) 
02/04/15::03:11:36: Assembling T2 at Xi=2.213120e-01... 
02/04/15::03:11:36: Assembling BEM matrix block (1,1) 
02/04/15::03:46:58: LU-factorizing T1 at Xi=0.221312... 
02/04/15::03:46:58: LU-factorizing T2 at Xi=0.221312... 
02/04/15::03:48:04: Applying transform 7.94328... 
02/04/15::03:48:04:  Assembling U(0,1) 
02/04/15::03:48:04: Assembling BEM matrix block (0,1) 
02/04/15::03:50:47:   Computing ZForce... 
02/04/15::03:51:26: Computing Casimir integrand at Xi=0.287406
 
02/04/15::03:51:26: Assembling T1 at Xi=2.874056e-01... 
02/04/15::03:51:26: Assembling BEM matrix block (0,0) 
02/04/15::03:51:33: Assembling T2 at Xi=2.874056e-01... 
02/04/15::03:51:33: Assembling BEM matrix block (1,1) 
02/04/15::04:26:41: LU-factorizing T1 at Xi=0.287406... 
02/04/15::04:26:41: LU-factorizing T2 at Xi=0.287406... 
02/04/15::04:27:47: Applying transform 7.94328... 
02/04/15::04:27:47:  Assembling U(0,1) 
02/04/15::04:27:47: Assembling BEM matrix block (0,1) 
02/04/15::04:30:22:   Computing ZForce... 
02/04/15::04:30:49: Computing Casimir integrand at Xi=0.331468
 
02/04/15::04:30:50: Assembling T1 at Xi=3.314680e-01... 
02/04/15::04:30:50: Assembling BEM matrix block (0,0) 
02/04/15::04:30:57: Assembling T2 at Xi=3.314680e-01... 
02/04/15::04:30:57: Assembling BEM matrix block (1,1) 
02/04/15::05:06:07: LU-factorizing T1 at Xi=0.331468... 
02/04/15::05:06:07: LU-factorizing T2 at Xi=0.331468... 
02/04/15::05:07:13: Applying transform 7.94328... 
02/04/15::05:07:13:  Assembling U(0,1) 
02/04/15::05:07:13: Assembling BEM matrix block (0,1) 
02/04/15::05:09:51:   Computing ZForce... 
02/04/15::05:10:18: Computing Casimir integrand at Xi=0.265374
 
02/04/15::05:10:18: Assembling T1 at Xi=2.653744e-01... 
02/04/15::05:10:18: Assembling BEM matrix block (0,0) 
02/04/15::05:10:25: Assembling T2 at Xi=2.653744e-01... 
02/04/15::05:10:25: Assembling BEM matrix block (1,1) 
02/04/15::05:45:33: LU-factorizing T1 at Xi=0.265374... 
02/04/15::05:45:33: LU-factorizing T2 at Xi=0.265374... 
02/04/15::05:46:40: Applying transform 7.94328... 
02/04/15::05:46:40:  Assembling U(0,1) 
02/04/15::05:46:40: Assembling BEM matrix block (0,1) 
02/04/15::05:49:18:   Computing ZForce... 
02/04/15::05:49:45: Computing Casimir integrand at Xi=0.331468
 
02/04/15::05:49:45: Assembling T1 at Xi=3.314680e-01... 
02/04/15::05:49:45: Assembling BEM matrix block (0,0) 
02/04/15::05:49:53: Assembling T2 at Xi=3.314680e-01... 
02/04/15::05:49:53: Assembling BEM matrix block (1,1) 
02/04/15::06:25:01: LU-factorizing T1 at Xi=0.331468... 
02/04/15::06:25:01: LU-factorizing T2 at Xi=0.331468... 
02/04/15::06:26:24: Applying transform 7.94328... 
02/04/15::06:26:24:  Assembling U(0,1) 
02/04/15::06:26:24: Assembling BEM matrix block (0,1) 
02/04/15::06:29:06:   Computing ZForce... 
02/04/15::06:29:35: Computing Casimir integrand at Xi=0.37553
 
02/04/15::06:29:35: Assembling T1 at Xi=3.755304e-01... 
02/04/15::06:29:35: Assembling BEM matrix block (0,0) 
02/04/15::06:29:42: Assembling T2 at Xi=3.755304e-01... 
02/04/15::06:29:42: Assembling BEM matrix block (1,1) 
02/04/15::07:04:59: LU-factorizing T1 at Xi=0.37553... 
02/04/15::07:04:59: LU-factorizing T2 at Xi=0.37553... 
02/04/15::07:06:05: Applying transform 7.94328... 
02/04/15::07:06:05:  Assembling U(0,1) 
02/04/15::07:06:05: Assembling BEM matrix block (0,1) 
02/04/15::07:08:43:   Computing ZForce... 
02/04/15::07:09:10: Computing Casimir integrand at Xi=0.309437
 
02/04/15::07:09:10: Assembling T1 at Xi=3.094368e-01... 
02/04/15::07:09:10: Assembling BEM matrix block (0,0) 
02/04/15::07:09:18: Assembling T2 at Xi=3.094368e-01... 
02/04/15::07:09:18: Assembling BEM matrix block (1,1) 
02/04/15::07:44:45: LU-factorizing T1 at Xi=0.309437... 
02/04/15::07:44:46: LU-factorizing T2 at Xi=0.309437... 
02/04/15::07:45:54: Applying transform 7.94328... 
02/04/15::07:45:54:  Assembling U(0,1) 
02/04/15::07:45:54: Assembling BEM matrix block (0,1) 
02/04/15::07:48:37:   Computing ZForce... 
02/04/15::07:49:05: Computing Casimir integrand at Xi=0.37553
 
02/04/15::07:49:05: Assembling T1 at Xi=3.755304e-01... 
02/04/15::07:49:05: Assembling BEM matrix block (0,0) 
02/04/15::07:49:12: Assembling T2 at Xi=3.755304e-01... 
02/04/15::07:49:12: Assembling BEM matrix block (1,1) 
02/04/15::08:24:52: LU-factorizing T1 at Xi=0.37553... 
02/04/15::08:24:52: LU-factorizing T2 at Xi=0.37553... 
02/04/15::08:25:59: Applying transform 7.94328... 
02/04/15::08:25:59:  Assembling U(0,1) 
02/04/15::08:25:59: Assembling BEM matrix block (0,1) 
02/04/15::08:28:37:   Computing ZForce... 
02/04/15::08:29:04: Computing Casimir integrand at Xi=0.419593
 
02/04/15::08:29:04: Assembling T1 at Xi=4.195928e-01... 
02/04/15::08:29:04: Assembling BEM matrix block (0,0) 
02/04/15::08:29:11: Assembling T2 at Xi=4.195928e-01... 
02/04/15::08:29:11: Assembling BEM matrix block (1,1) 
02/04/15::09:04:23: LU-factorizing T1 at Xi=0.419593... 
02/04/15::09:04:23: LU-factorizing T2 at Xi=0.419593... 
02/04/15::09:05:29: Applying transform 7.94328... 
02/04/15::09:05:29:  Assembling U(0,1) 
02/04/15::09:05:29: Assembling BEM matrix block (0,1) 
02/04/15::09:08:06:   Computing ZForce... 
02/04/15::09:08:33: Computing Casimir integrand at Xi=0.353499
 
02/04/15::09:08:33: Assembling T1 at Xi=3.534992e-01... 
02/04/15::09:08:33: Assembling BEM matrix block (0,0) 
02/04/15::09:08:40: Assembling T2 at Xi=3.534992e-01... 
02/04/15::09:08:40: Assembling BEM matrix block (1,1) 
02/04/15::09:43:53: LU-factorizing T1 at Xi=0.353499... 
02/04/15::09:43:53: LU-factorizing T2 at Xi=0.353499... 
02/04/15::09:44:58: Applying transform 7.94328... 
02/04/15::09:44:58:  Assembling U(0,1) 
02/04/15::09:44:58: Assembling BEM matrix block (0,1) 
02/04/15::09:47:34:   Computing ZForce... 
02/04/15::09:48:01: Computing Casimir integrand at Xi=0.419593
 
02/04/15::09:48:01: Assembling T1 at Xi=4.195928e-01... 
02/04/15::09:48:01: Assembling BEM matrix block (0,0) 
02/04/15::09:48:08: Assembling T2 at Xi=4.195928e-01... 
02/04/15::09:48:08: Assembling BEM matrix block (1,1) 
02/04/15::10:23:24: LU-factorizing T1 at Xi=0.419593... 
02/04/15::10:23:24: LU-factorizing T2 at Xi=0.419593... 
02/04/15::10:24:30: Applying transform 7.94328... 
02/04/15::10:24:30:  Assembling U(0,1) 
02/04/15::10:24:30: Assembling BEM matrix block (0,1) 
02/04/15::10:27:06:   Computing ZForce... 
02/04/15::10:27:33: Computing Casimir integrand at Xi=0.463655
 
02/04/15::10:27:33: Assembling T1 at Xi=4.636552e-01... 
02/04/15::10:27:33: Assembling BEM matrix block (0,0) 
02/04/15::10:27:41: Assembling T2 at Xi=4.636552e-01... 
02/04/15::10:27:41: Assembling BEM matrix block (1,1) 
02/04/15::11:02:59: LU-factorizing T1 at Xi=0.463655... 
02/04/15::11:02:59: LU-factorizing T2 at Xi=0.463655... 
02/04/15::11:04:05: Applying transform 7.94328... 
02/04/15::11:04:05:  Assembling U(0,1) 
02/04/15::11:04:05: Assembling BEM matrix block (0,1) 
02/04/15::11:06:41:   Computing ZForce... 
02/04/15::11:07:08: Computing Casimir integrand at Xi=0.397562
 
02/04/15::11:07:08: Assembling T1 at Xi=3.975616e-01... 
02/04/15::11:07:08: Assembling BEM matrix block (0,0) 
02/04/15::11:07:16: Assembling T2 at Xi=3.975616e-01... 
02/04/15::11:07:16: Assembling BEM matrix block (1,1) 
02/04/15::11:42:27: LU-factorizing T1 at Xi=0.397562... 
02/04/15::11:42:27: LU-factorizing T2 at Xi=0.397562... 
02/04/15::11:43:33: Applying transform 7.94328... 
02/04/15::11:43:33:  Assembling U(0,1) 
02/04/15::11:43:33: Assembling BEM matrix block (0,1) 
02/04/15::11:46:10:   Computing ZForce... 
02/04/15::11:46:37: Computing Casimir integrand at Xi=0.463655
 
02/04/15::11:46:37: Assembling T1 at Xi=4.636552e-01... 
02/04/15::11:46:37: Assembling BEM matrix block (0,0) 
02/04/15::11:46:45: Assembling T2 at Xi=4.636552e-01... 
02/04/15::11:46:45: Assembling BEM matrix block (1,1) 
02/04/15::12:22:07: LU-factorizing T1 at Xi=0.463655... 
02/04/15::12:22:07: LU-factorizing T2 at Xi=0.463655... 
02/04/15::12:23:22: Applying transform 7.94328... 
02/04/15::12:23:22:  Assembling U(0,1) 
02/04/15::12:23:22: Assembling BEM matrix block (0,1) 
02/04/15::12:26:06:   Computing ZForce... 
02/04/15::12:26:33: Computing Casimir integrand at Xi=0.507718
 
02/04/15::12:26:33: Assembling T1 at Xi=5.077176e-01... 
02/04/15::12:26:33: Assembling BEM matrix block (0,0) 
02/04/15::12:26:41: Assembling T2 at Xi=5.077176e-01... 
02/04/15::12:26:41: Assembling BEM matrix block (1,1) 
02/04/15::13:02:16: LU-factorizing T1 at Xi=0.507718... 
02/04/15::13:02:16: LU-factorizing T2 at Xi=0.507718... 
02/04/15::13:03:22: Applying transform 7.94328... 
02/04/15::13:03:22:  Assembling U(0,1) 
02/04/15::13:03:22: Assembling BEM matrix block (0,1) 
02/04/15::13:06:00:   Computing ZForce... 
02/04/15::13:06:28: Computing Casimir integrand at Xi=0.441624
 
02/04/15::13:06:28: Assembling T1 at Xi=4.416240e-01... 
02/04/15::13:06:28: Assembling BEM matrix block (0,0) 
02/04/15::13:06:35: Assembling T2 at Xi=4.416240e-01... 
02/04/15::13:06:35: Assembling BEM matrix block (1,1) 
02/04/15::13:41:53: LU-factorizing T1 at Xi=0.441624... 
02/04/15::13:41:53: LU-factorizing T2 at Xi=0.441624... 
02/04/15::13:43:00: Applying transform 7.94328... 
02/04/15::13:43:00:  Assembling U(0,1) 
02/04/15::13:43:00: Assembling BEM matrix block (0,1) 
02/04/15::13:45:38:   Computing ZForce... 
02/04/15::13:46:06: Computing Casimir integrand at Xi=0.507718
 
02/04/15::13:46:06: Assembling T1 at Xi=5.077176e-01... 
02/04/15::13:46:06: Assembling BEM matrix block (0,0) 
02/04/15::13:46:13: Assembling T2 at Xi=5.077176e-01... 
02/04/15::13:46:13: Assembling BEM matrix block (1,1) 
02/04/15::14:21:56: LU-factorizing T1 at Xi=0.507718... 
02/04/15::14:21:56: LU-factorizing T2 at Xi=0.507718... 
02/04/15::14:23:08: Applying transform 7.94328... 
02/04/15::14:23:08:  Assembling U(0,1) 
02/04/15::14:23:08: Assembling BEM matrix block (0,1) 
02/04/15::14:25:54:   Computing ZForce... 
02/04/15::14:26:23: Computing Casimir integrand at Xi=0.55178
 
02/04/15::14:26:23: Assembling T1 at Xi=5.517800e-01... 
02/04/15::14:26:23: Assembling BEM matrix block (0,0) 
02/04/15::14:26:31: Assembling T2 at Xi=5.517800e-01... 
02/04/15::14:26:31: Assembling BEM matrix block (1,1) 
02/04/15::15:02:18: LU-factorizing T1 at Xi=0.55178... 
02/04/15::15:02:18: LU-factorizing T2 at Xi=0.55178... 
02/04/15::15:03:29: Applying transform 7.94328... 
02/04/15::15:03:29:  Assembling U(0,1) 
02/04/15::15:03:29: Assembling BEM matrix block (0,1) 
02/04/15::15:06:14:   Computing ZForce... 
02/04/15::15:06:44: Computing Casimir integrand at Xi=0.485686
 
02/04/15::15:06:44: Assembling T1 at Xi=4.856864e-01... 
02/04/15::15:06:44: Assembling BEM matrix block (0,0) 
02/04/15::15:06:51: Assembling T2 at Xi=4.856864e-01... 
02/04/15::15:06:51: Assembling BEM matrix block (1,1) 
02/04/15::15:42:26: LU-factorizing T1 at Xi=0.485686... 
02/04/15::15:42:27: LU-factorizing T2 at Xi=0.485686... 
02/04/15::15:43:36: Applying transform 7.94328... 
02/04/15::15:43:36:  Assembling U(0,1) 
02/04/15::15:43:36: Assembling BEM matrix block (0,1) 
02/04/15::15:46:19:   Computing ZForce... 
02/04/15::15:46:48: Computing Casimir integrand at Xi=0.55178
 
02/04/15::15:46:48: Assembling T1 at Xi=5.517800e-01... 
02/04/15::15:46:48: Assembling BEM matrix block (0,0) 
02/04/15::15:46:56: Assembling T2 at Xi=5.517800e-01... 
02/04/15::15:46:56: Assembling BEM matrix block (1,1) 
02/04/15::16:22:36: LU-factorizing T1 at Xi=0.55178... 
02/04/15::16:22:36: LU-factorizing T2 at Xi=0.55178... 
02/04/15::16:23:43: Applying transform 7.94328... 
02/04/15::16:23:43:  Assembling U(0,1) 
02/04/15::16:23:43: Assembling BEM matrix block (0,1) 
02/04/15::16:26:21:   Computing ZForce... 
02/04/15::16:26:48: Computing Casimir integrand at Xi=0.595842
 
02/04/15::16:26:48: Assembling T1 at Xi=5.958424e-01... 
02/04/15::16:26:48: Assembling BEM matrix block (0,0) 
02/04/15::16:26:56: Assembling T2 at Xi=5.958424e-01... 
02/04/15::16:26:56: Assembling BEM matrix block (1,1) 
02/04/15::17:02:35: LU-factorizing T1 at Xi=0.595842... 
02/04/15::17:02:35: LU-factorizing T2 at Xi=0.595842... 
02/04/15::17:03:41: Applying transform 7.94328... 
02/04/15::17:03:42:  Assembling U(0,1) 
02/04/15::17:03:42: Assembling BEM matrix block (0,1) 
02/04/15::17:06:20:   Computing ZForce... 
02/04/15::17:06:47: Computing Casimir integrand at Xi=0.529749
 
02/04/15::17:06:47: Assembling T1 at Xi=5.297488e-01... 
02/04/15::17:06:47: Assembling BEM matrix block (0,0) 
02/04/15::17:06:55: Assembling T2 at Xi=5.297488e-01... 
02/04/15::17:06:55: Assembling BEM matrix block (1,1) 
02/04/15::17:42:32: LU-factorizing T1 at Xi=0.529749... 
02/04/15::17:42:33: LU-factorizing T2 at Xi=0.529749... 
02/04/15::17:43:41: Applying transform 7.94328... 
02/04/15::17:43:41:  Assembling U(0,1) 
02/04/15::17:43:41: Assembling BEM matrix block (0,1) 
02/04/15::17:46:22:   Computing ZForce... 
02/04/15::17:46:49: Computing Casimir integrand at Xi=0.595842
 
02/04/15::17:46:49: Assembling T1 at Xi=5.958424e-01... 
02/04/15::17:46:49: Assembling BEM matrix block (0,0) 
02/04/15::17:46:57: Assembling T2 at Xi=5.958424e-01... 
02/04/15::17:46:58: Assembling BEM matrix block (1,1) 
02/04/15::18:22:43: LU-factorizing T1 at Xi=0.595842... 
02/04/15::18:22:44: LU-factorizing T2 at Xi=0.595842... 
02/04/15::18:23:50: Applying transform 7.94328... 
02/04/15::18:23:50:  Assembling U(0,1) 
02/04/15::18:23:50: Assembling BEM matrix block (0,1) 
02/04/15::18:26:30:   Computing ZForce... 
02/04/15::18:26:57: Computing Casimir integrand at Xi=0.639905
 
02/04/15::18:26:57: Assembling T1 at Xi=6.399048e-01... 
02/04/15::18:26:57: Assembling BEM matrix block (0,0) 
02/04/15::18:27:05: Assembling T2 at Xi=6.399048e-01... 
02/04/15::18:27:05: Assembling BEM matrix block (1,1) 
02/04/15::19:02:54: LU-factorizing T1 at Xi=0.639905... 
02/04/15::19:03:05: LU-factorizing T2 at Xi=0.639905... 
02/04/15::19:06:34: Applying transform 7.94328... 
02/04/15::19:06:34:  Assembling U(0,1) 
02/04/15::19:06:34: Assembling BEM matrix block (0,1) 
02/04/15::19:10:00:   Computing ZForce... 
02/04/15::19:10:28: Computing Casimir integrand at Xi=0.573811
 
02/04/15::19:10:28: Assembling T1 at Xi=5.738112e-01... 
02/04/15::19:10:28: Assembling BEM matrix block (0,0) 
02/04/15::19:10:39: Assembling T2 at Xi=5.738112e-01... 
02/04/15::19:10:39: Assembling BEM matrix block (1,1) 
02/04/15::19:46:28: LU-factorizing T1 at Xi=0.573811... 
02/04/15::19:46:28: LU-factorizing T2 at Xi=0.573811... 
02/04/15::19:47:57: Applying transform 7.94328... 
02/04/15::19:47:57:  Assembling U(0,1) 
02/04/15::19:47:57: Assembling BEM matrix block (0,1) 
02/04/15::19:50:38:   Computing ZForce... 
02/04/15::19:51:05: Computing Casimir integrand at Xi=0.639905
 
02/04/15::19:51:05: Assembling T1 at Xi=6.399048e-01... 
02/04/15::19:51:05: Assembling BEM matrix block (0,0) 
02/04/15::19:51:14: Assembling T2 at Xi=6.399048e-01... 
02/04/15::19:51:14: Assembling BEM matrix block (1,1) 
02/04/15::20:26:56: LU-factorizing T1 at Xi=0.639905... 
02/04/15::20:26:56: LU-factorizing T2 at Xi=0.639905... 
02/04/15::20:28:03: Applying transform 7.94328... 
02/04/15::20:28:03:  Assembling U(0,1) 
02/04/15::20:28:03: Assembling BEM matrix block (0,1) 
02/04/15::20:30:42:   Computing ZForce... 
02/04/15::20:31:10: Computing Casimir integrand at Xi=0.683967
 
02/04/15::20:31:10: Assembling T1 at Xi=6.839672e-01... 
02/04/15::20:31:10: Assembling BEM matrix block (0,0) 
02/04/15::20:31:18: Assembling T2 at Xi=6.839672e-01... 
02/04/15::20:31:18: Assembling BEM matrix block (1,1) 
02/04/15::21:07:08: LU-factorizing T1 at Xi=0.683967... 
02/04/15::21:07:08: LU-factorizing T2 at Xi=0.683967... 
02/04/15::21:08:14: Applying transform 7.94328... 
02/04/15::21:08:14:  Assembling U(0,1) 
02/04/15::21:08:14: Assembling BEM matrix block (0,1) 
02/04/15::21:10:53:   Computing ZForce... 
02/04/15::21:11:20: Computing Casimir integrand at Xi=0.617874
 
02/04/15::21:11:20: Assembling T1 at Xi=6.178736e-01... 
02/04/15::21:11:20: Assembling BEM matrix block (0,0) 
02/04/15::21:11:28: Assembling T2 at Xi=6.178736e-01... 
02/04/15::21:11:28: Assembling BEM matrix block (1,1) 
02/04/15::21:47:17: LU-factorizing T1 at Xi=0.617874... 
02/04/15::21:47:18: LU-factorizing T2 at Xi=0.617874... 
02/04/15::21:48:24: Applying transform 7.94328... 
02/04/15::21:48:24:  Assembling U(0,1) 
02/04/15::21:48:24: Assembling BEM matrix block (0,1) 
02/04/15::21:51:03:   Computing ZForce... 
02/04/15::21:51:31: Computing Casimir integrand at Xi=0.683967
 
02/04/15::21:51:31: Assembling T1 at Xi=6.839672e-01... 
02/04/15::21:51:31: Assembling BEM matrix block (0,0) 
02/04/15::21:51:39: Assembling T2 at Xi=6.839672e-01... 
02/04/15::21:51:39: Assembling BEM matrix block (1,1) 
02/04/15::22:27:39: LU-factorizing T1 at Xi=0.683967... 
02/04/15::22:27:39: LU-factorizing T2 at Xi=0.683967... 
02/04/15::22:28:55: Applying transform 7.94328... 
02/04/15::22:28:55:  Assembling U(0,1) 
02/04/15::22:28:55: Assembling BEM matrix block (0,1) 
02/04/15::22:31:47:   Computing ZForce... 
02/04/15::22:32:19: Computing Casimir integrand at Xi=0.72803
 
02/04/15::22:32:19: Assembling T1 at Xi=7.280296e-01... 
02/04/15::22:32:19: Assembling BEM matrix block (0,0) 
02/04/15::22:32:27: Assembling T2 at Xi=7.280296e-01... 
02/04/15::22:32:27: Assembling BEM matrix block (1,1) 
02/04/15::23:09:35: LU-factorizing T1 at Xi=0.72803... 
02/04/15::23:09:35: LU-factorizing T2 at Xi=0.72803... 
02/04/15::23:10:56: Applying transform 7.94328... 
02/04/15::23:10:56:  Assembling U(0,1) 
02/04/15::23:10:56: Assembling BEM matrix block (0,1) 
02/04/15::23:13:52:   Computing ZForce... 
02/04/15::23:14:23: Computing Casimir integrand at Xi=0.661936
 
02/04/15::23:14:23: Assembling T1 at Xi=6.619360e-01... 
02/04/15::23:14:23: Assembling BEM matrix block (0,0) 
02/04/15::23:14:32: Assembling T2 at Xi=6.619360e-01... 
02/04/15::23:14:32: Assembling BEM matrix block (1,1) 
02/04/15::23:50:34: LU-factorizing T1 at Xi=0.661936... 
02/04/15::23:50:34: LU-factorizing T2 at Xi=0.661936... 
02/04/15::23:51:42: Applying transform 7.94328... 
02/04/15::23:51:42:  Assembling U(0,1) 
02/04/15::23:51:42: Assembling BEM matrix block (0,1) 
02/04/15::23:54:21:   Computing ZForce... 
