02/04/15::13:34:46: scuff-cas3D running on bullet0297 
02/04/15::13:34:46: Setting material properties of exterior region to VACUUM. 
02/04/15::13:34:46: Flipped 514 panel normals to comport with region definitions. 
02/04/15::13:34:46: Computing full zero-temperature Casimir quantities. 
02/04/15::13:34:46: Read 1 geometrical transformations from file BeadPEC_L-3.16228.trans. 
02/04/15::13:34:46: Minimum distance between surface points=3.162280e+00 
02/04/15::13:34:46: Computing Casimir integrand at Xi=0.001
 
02/04/15::13:34:46: Assembling T1 at Xi=1.000000e-03... 
02/04/15::13:34:46: Assembling BEM matrix block (0,0) 
02/04/15::13:35:19: Assembling T2 at Xi=1.000000e-03... 
02/04/15::13:35:19: Assembling BEM matrix block (1,1) 
02/04/15::13:40:49: LU-factorizing T1 at Xi=0.001... 
02/04/15::13:40:49: LU-factorizing T2 at Xi=0.001... 
02/04/15::13:40:55: Applying transform 3.16228... 
02/04/15::13:40:55:  Assembling U(0,1) 
02/04/15::13:40:55: Assembling BEM matrix block (0,1) 
02/04/15::13:44:09:   Computing ZForce... 
02/04/15::13:44:12: Computing Casimir integrand at Xi=0.0286699
 
02/04/15::13:44:12: Assembling T1 at Xi=2.866991e-02... 
02/04/15::13:44:12: Assembling BEM matrix block (0,0) 
02/04/15::13:44:14: Assembling T2 at Xi=2.866991e-02... 
02/04/15::13:44:14: Assembling BEM matrix block (1,1) 
02/04/15::13:46:44: LU-factorizing T1 at Xi=0.0286699... 
02/04/15::13:46:44: LU-factorizing T2 at Xi=0.0286699... 
02/04/15::13:46:50: Applying transform 3.16228... 
02/04/15::13:46:50:  Assembling U(0,1) 
02/04/15::13:46:50: Assembling BEM matrix block (0,1) 
02/04/15::13:49:54:   Computing ZForce... 
02/04/15::13:49:56: Computing Casimir integrand at Xi=0.0563398
 
02/04/15::13:49:56: Assembling T1 at Xi=5.633982e-02... 
02/04/15::13:49:56: Assembling BEM matrix block (0,0) 
02/04/15::13:49:59: Assembling T2 at Xi=5.633982e-02... 
02/04/15::13:49:59: Assembling BEM matrix block (1,1) 
02/04/15::13:52:31: LU-factorizing T1 at Xi=0.0563398... 
02/04/15::13:52:31: LU-factorizing T2 at Xi=0.0563398... 
02/04/15::13:52:37: Applying transform 3.16228... 
02/04/15::13:52:37:  Assembling U(0,1) 
02/04/15::13:52:37: Assembling BEM matrix block (0,1) 
02/04/15::13:55:41:   Computing ZForce... 
02/04/15::13:55:43: Computing Casimir integrand at Xi=0.11168
 
02/04/15::13:55:43: Assembling T1 at Xi=1.116796e-01... 
02/04/15::13:55:43: Assembling BEM matrix block (0,0) 
02/04/15::13:55:46: Assembling T2 at Xi=1.116796e-01... 
02/04/15::13:55:46: Assembling BEM matrix block (1,1) 
02/04/15::13:58:22: LU-factorizing T1 at Xi=0.11168... 
02/04/15::13:58:22: LU-factorizing T2 at Xi=0.11168... 
02/04/15::13:58:28: Applying transform 3.16228... 
02/04/15::13:58:28:  Assembling U(0,1) 
02/04/15::13:58:28: Assembling BEM matrix block (0,1) 
02/04/15::14:01:32:   Computing ZForce... 
02/04/15::14:01:35: Computing Casimir integrand at Xi=0.167019
 
02/04/15::14:01:35: Assembling T1 at Xi=1.670195e-01... 
02/04/15::14:01:35: Assembling BEM matrix block (0,0) 
02/04/15::14:01:38: Assembling T2 at Xi=1.670195e-01... 
02/04/15::14:01:38: Assembling BEM matrix block (1,1) 
02/04/15::14:04:17: LU-factorizing T1 at Xi=0.167019... 
02/04/15::14:04:17: LU-factorizing T2 at Xi=0.167019... 
02/04/15::14:04:23: Applying transform 3.16228... 
02/04/15::14:04:23:  Assembling U(0,1) 
02/04/15::14:04:23: Assembling BEM matrix block (0,1) 
02/04/15::14:07:28:   Computing ZForce... 
02/04/15::14:07:30: Computing Casimir integrand at Xi=0.277699
 
02/04/15::14:07:30: Assembling T1 at Xi=2.776991e-01... 
02/04/15::14:07:30: Assembling BEM matrix block (0,0) 
02/04/15::14:07:33: Assembling T2 at Xi=2.776991e-01... 
02/04/15::14:07:33: Assembling BEM matrix block (1,1) 
02/04/15::14:10:19: LU-factorizing T1 at Xi=0.277699... 
02/04/15::14:10:19: LU-factorizing T2 at Xi=0.277699... 
02/04/15::14:10:25: Applying transform 3.16228... 
02/04/15::14:10:25:  Assembling U(0,1) 
02/04/15::14:10:25: Assembling BEM matrix block (0,1) 
02/04/15::14:13:30:   Computing ZForce... 
02/04/15::14:13:33: Computing Casimir integrand at Xi=0.388379
 
02/04/15::14:13:33: Assembling T1 at Xi=3.883787e-01... 
02/04/15::14:13:33: Assembling BEM matrix block (0,0) 
02/04/15::14:13:36: Assembling T2 at Xi=3.883787e-01... 
02/04/15::14:13:36: Assembling BEM matrix block (1,1) 
02/04/15::14:16:27: LU-factorizing T1 at Xi=0.388379... 
02/04/15::14:16:27: LU-factorizing T2 at Xi=0.388379... 
02/04/15::14:16:33: Applying transform 3.16228... 
02/04/15::14:16:33:  Assembling U(0,1) 
02/04/15::14:16:33: Assembling BEM matrix block (0,1) 
02/04/15::14:19:39:   Computing ZForce... 
02/04/15::14:19:41: Computing Casimir integrand at Xi=0.499058
 
02/04/15::14:19:41: Assembling T1 at Xi=4.990584e-01... 
02/04/15::14:19:41: Assembling BEM matrix block (0,0) 
02/04/15::14:19:45: Assembling T2 at Xi=4.990584e-01... 
02/04/15::14:19:45: Assembling BEM matrix block (1,1) 
02/04/15::14:22:42: LU-factorizing T1 at Xi=0.499058... 
02/04/15::14:22:42: LU-factorizing T2 at Xi=0.499058... 
02/04/15::14:22:48: Applying transform 3.16228... 
02/04/15::14:22:48:  Assembling U(0,1) 
02/04/15::14:22:48: Assembling BEM matrix block (0,1) 
02/04/15::14:25:55:   Computing ZForce... 
02/04/15::14:25:57: Computing Casimir integrand at Xi=0.609738
 
02/04/15::14:25:57: Assembling T1 at Xi=6.097380e-01... 
02/04/15::14:25:57: Assembling BEM matrix block (0,0) 
02/04/15::14:26:00: Assembling T2 at Xi=6.097380e-01... 
02/04/15::14:26:00: Assembling BEM matrix block (1,1) 
02/04/15::14:29:04: LU-factorizing T1 at Xi=0.609738... 
02/04/15::14:29:04: LU-factorizing T2 at Xi=0.609738... 
02/04/15::14:29:10: Applying transform 3.16228... 
02/04/15::14:29:10:  Assembling U(0,1) 
02/04/15::14:29:10: Assembling BEM matrix block (0,1) 
02/04/15::14:32:17:   Computing ZForce... 
02/04/15::14:32:19: Computing Casimir integrand at Xi=0.443719
 
02/04/15::14:32:19: Assembling T1 at Xi=4.437185e-01... 
02/04/15::14:32:19: Assembling BEM matrix block (0,0) 
02/04/15::14:32:22: Assembling T2 at Xi=4.437185e-01... 
02/04/15::14:32:22: Assembling BEM matrix block (1,1) 
02/04/15::14:35:17: LU-factorizing T1 at Xi=0.443719... 
02/04/15::14:35:17: LU-factorizing T2 at Xi=0.443719... 
02/04/15::14:35:23: Applying transform 3.16228... 
02/04/15::14:35:23:  Assembling U(0,1) 
02/04/15::14:35:23: Assembling BEM matrix block (0,1) 
02/04/15::14:38:29:   Computing ZForce... 
02/04/15::14:38:32: Computing Casimir integrand at Xi=0.609738
 
02/04/15::14:38:32: Assembling T1 at Xi=6.097380e-01... 
02/04/15::14:38:32: Assembling BEM matrix block (0,0) 
02/04/15::14:38:35: Assembling T2 at Xi=6.097380e-01... 
02/04/15::14:38:35: Assembling BEM matrix block (1,1) 
02/04/15::14:41:39: LU-factorizing T1 at Xi=0.609738... 
02/04/15::14:41:39: LU-factorizing T2 at Xi=0.609738... 
02/04/15::14:41:45: Applying transform 3.16228... 
02/04/15::14:41:45:  Assembling U(0,1) 
02/04/15::14:41:45: Assembling BEM matrix block (0,1) 
02/04/15::14:44:52:   Computing ZForce... 
02/04/15::14:44:55: Computing Casimir integrand at Xi=0.720418
 
02/04/15::14:44:55: Assembling T1 at Xi=7.204176e-01... 
02/04/15::14:44:55: Assembling BEM matrix block (0,0) 
02/04/15::14:44:58: Assembling T2 at Xi=7.204176e-01... 
02/04/15::14:44:58: Assembling BEM matrix block (1,1) 
02/04/15::14:48:08: LU-factorizing T1 at Xi=0.720418... 
02/04/15::14:48:08: LU-factorizing T2 at Xi=0.720418... 
02/04/15::14:48:14: Applying transform 3.16228... 
02/04/15::14:48:14:  Assembling U(0,1) 
02/04/15::14:48:14: Assembling BEM matrix block (0,1) 
02/04/15::14:51:22:   Computing ZForce... 
02/04/15::14:51:25: Computing Casimir integrand at Xi=0.554398
 
02/04/15::14:51:25: Assembling T1 at Xi=5.543982e-01... 
02/04/15::14:51:25: Assembling BEM matrix block (0,0) 
02/04/15::14:51:28: Assembling T2 at Xi=5.543982e-01... 
02/04/15::14:51:28: Assembling BEM matrix block (1,1) 
02/04/15::14:54:30: LU-factorizing T1 at Xi=0.554398... 
02/04/15::14:54:30: LU-factorizing T2 at Xi=0.554398... 
02/04/15::14:54:36: Applying transform 3.16228... 
02/04/15::14:54:36:  Assembling U(0,1) 
02/04/15::14:54:36: Assembling BEM matrix block (0,1) 
02/04/15::14:57:43:   Computing ZForce... 
02/04/15::14:57:46: Computing Casimir integrand at Xi=0.720418
 
02/04/15::14:57:46: Assembling T1 at Xi=7.204176e-01... 
02/04/15::14:57:46: Assembling BEM matrix block (0,0) 
02/04/15::14:57:49: Assembling T2 at Xi=7.204176e-01... 
02/04/15::14:57:49: Assembling BEM matrix block (1,1) 
02/04/15::15:01:00: LU-factorizing T1 at Xi=0.720418... 
02/04/15::15:01:00: LU-factorizing T2 at Xi=0.720418... 
02/04/15::15:01:06: Applying transform 3.16228... 
02/04/15::15:01:06:  Assembling U(0,1) 
02/04/15::15:01:06: Assembling BEM matrix block (0,1) 
02/04/15::15:04:14:   Computing ZForce... 
02/04/15::15:04:16: Computing Casimir integrand at Xi=0.831097
 
02/04/15::15:04:16: Assembling T1 at Xi=8.310973e-01... 
02/04/15::15:04:16: Assembling BEM matrix block (0,0) 
02/04/15::15:04:20: Assembling T2 at Xi=8.310973e-01... 
02/04/15::15:04:20: Assembling BEM matrix block (1,1) 
02/04/15::15:07:36: LU-factorizing T1 at Xi=0.831097... 
02/04/15::15:07:36: LU-factorizing T2 at Xi=0.831097... 
02/04/15::15:07:42: Applying transform 3.16228... 
02/04/15::15:07:42:  Assembling U(0,1) 
02/04/15::15:07:42: Assembling BEM matrix block (0,1) 
02/04/15::15:10:50:   Computing ZForce... 
02/04/15::15:10:53: Computing Casimir integrand at Xi=0.665078
 
02/04/15::15:10:53: Assembling T1 at Xi=6.650778e-01... 
02/04/15::15:10:53: Assembling BEM matrix block (0,0) 
02/04/15::15:10:56: Assembling T2 at Xi=6.650778e-01... 
02/04/15::15:10:56: Assembling BEM matrix block (1,1) 
02/04/15::15:14:04: LU-factorizing T1 at Xi=0.665078... 
02/04/15::15:14:04: LU-factorizing T2 at Xi=0.665078... 
02/04/15::15:14:10: Applying transform 3.16228... 
02/04/15::15:14:10:  Assembling U(0,1) 
02/04/15::15:14:10: Assembling BEM matrix block (0,1) 
02/04/15::15:17:18:   Computing ZForce... 
02/04/15::15:17:20: Computing Casimir integrand at Xi=0.831097
 
02/04/15::15:17:20: Assembling T1 at Xi=8.310973e-01... 
02/04/15::15:17:20: Assembling BEM matrix block (0,0) 
02/04/15::15:17:23: Assembling T2 at Xi=8.310973e-01... 
02/04/15::15:17:23: Assembling BEM matrix block (1,1) 
02/04/15::15:20:38: LU-factorizing T1 at Xi=0.831097... 
02/04/15::15:20:38: LU-factorizing T2 at Xi=0.831097... 
02/04/15::15:20:44: Applying transform 3.16228... 
02/04/15::15:20:44:  Assembling U(0,1) 
02/04/15::15:20:44: Assembling BEM matrix block (0,1) 
02/04/15::15:23:52:   Computing ZForce... 
02/04/15::15:23:55: Computing Casimir integrand at Xi=0.941777
 
02/04/15::15:23:55: Assembling T1 at Xi=9.417769e-01... 
02/04/15::15:23:55: Assembling BEM matrix block (0,0) 
02/04/15::15:23:58: Assembling T2 at Xi=9.417769e-01... 
02/04/15::15:23:58: Assembling BEM matrix block (1,1) 
02/04/15::15:47:29: LU-factorizing T1 at Xi=0.941777... 
02/04/15::15:47:29: LU-factorizing T2 at Xi=0.941777... 
02/04/15::15:47:35: Applying transform 3.16228... 
02/04/15::15:47:35:  Assembling U(0,1) 
02/04/15::15:47:35: Assembling BEM matrix block (0,1) 
02/04/15::15:50:39:   Computing ZForce... 
02/04/15::15:50:41: Computing Casimir integrand at Xi=0.775757
 
02/04/15::15:50:41: Assembling T1 at Xi=7.757575e-01... 
02/04/15::15:50:41: Assembling BEM matrix block (0,0) 
02/04/15::15:50:45: Assembling T2 at Xi=7.757575e-01... 
02/04/15::15:50:45: Assembling BEM matrix block (1,1) 
02/04/15::15:53:57: LU-factorizing T1 at Xi=0.775757... 
02/04/15::15:53:57: LU-factorizing T2 at Xi=0.775757... 
02/04/15::15:54:03: Applying transform 3.16228... 
02/04/15::15:54:03:  Assembling U(0,1) 
02/04/15::15:54:03: Assembling BEM matrix block (0,1) 
02/04/15::15:57:11:   Computing ZForce... 
02/04/15::15:57:13: Computing Casimir integrand at Xi=0.941777
 
02/04/15::15:57:13: Assembling T1 at Xi=9.417769e-01... 
02/04/15::15:57:13: Assembling BEM matrix block (0,0) 
02/04/15::15:57:17: Assembling T2 at Xi=9.417769e-01... 
02/04/15::15:57:17: Assembling BEM matrix block (1,1) 
02/04/15::16:20:47: LU-factorizing T1 at Xi=0.941777... 
02/04/15::16:20:47: LU-factorizing T2 at Xi=0.941777... 
02/04/15::16:20:53: Applying transform 3.16228... 
02/04/15::16:20:53:  Assembling U(0,1) 
02/04/15::16:20:53: Assembling BEM matrix block (0,1) 
02/04/15::16:23:56:   Computing ZForce... 
02/04/15::16:23:59: Computing Casimir integrand at Xi=1.05246
 
02/04/15::16:23:59: Assembling T1 at Xi=1.052457e+00... 
02/04/15::16:23:59: Assembling BEM matrix block (0,0) 
02/04/15::16:24:02: Assembling T2 at Xi=1.052457e+00... 
02/04/15::16:24:02: Assembling BEM matrix block (1,1) 
02/04/15::16:47:33: LU-factorizing T1 at Xi=1.05246... 
02/04/15::16:47:33: LU-factorizing T2 at Xi=1.05246... 
02/04/15::16:47:39: Applying transform 3.16228... 
02/04/15::16:47:39:  Assembling U(0,1) 
02/04/15::16:47:39: Assembling BEM matrix block (0,1) 
02/04/15::16:50:42:   Computing ZForce... 
02/04/15::16:50:45: Computing Casimir integrand at Xi=0.886437
 
02/04/15::16:50:45: Assembling T1 at Xi=8.864371e-01... 
02/04/15::16:50:45: Assembling BEM matrix block (0,0) 
02/04/15::16:50:48: Assembling T2 at Xi=8.864371e-01... 
02/04/15::16:50:48: Assembling BEM matrix block (1,1) 
02/04/15::16:54:06: LU-factorizing T1 at Xi=0.886437... 
02/04/15::16:54:06: LU-factorizing T2 at Xi=0.886437... 
02/04/15::16:54:12: Applying transform 3.16228... 
02/04/15::16:54:12:  Assembling U(0,1) 
02/04/15::16:54:12: Assembling BEM matrix block (0,1) 
02/04/15::16:57:20:   Computing ZForce... 
02/04/15::16:57:22: Computing Casimir integrand at Xi=1.05246
 
02/04/15::16:57:22: Assembling T1 at Xi=1.052457e+00... 
02/04/15::16:57:22: Assembling BEM matrix block (0,0) 
02/04/15::16:57:26: Assembling T2 at Xi=1.052457e+00... 
02/04/15::16:57:26: Assembling BEM matrix block (1,1) 
02/04/15::17:20:55: LU-factorizing T1 at Xi=1.05246... 
02/04/15::17:20:55: LU-factorizing T2 at Xi=1.05246... 
02/04/15::17:21:01: Applying transform 3.16228... 
02/04/15::17:21:01:  Assembling U(0,1) 
02/04/15::17:21:01: Assembling BEM matrix block (0,1) 
02/04/15::17:24:04:   Computing ZForce... 
02/04/15::17:24:07: Computing Casimir integrand at Xi=1.16314
 
02/04/15::17:24:07: Assembling T1 at Xi=1.163136e+00... 
02/04/15::17:24:07: Assembling BEM matrix block (0,0) 
02/04/15::17:24:10: Assembling T2 at Xi=1.163136e+00... 
02/04/15::17:24:10: Assembling BEM matrix block (1,1) 
02/04/15::17:47:39: LU-factorizing T1 at Xi=1.16314... 
02/04/15::17:47:39: LU-factorizing T2 at Xi=1.16314... 
02/04/15::17:47:45: Applying transform 3.16228... 
02/04/15::17:47:45:  Assembling U(0,1) 
02/04/15::17:47:45: Assembling BEM matrix block (0,1) 
02/04/15::17:50:49:   Computing ZForce... 
02/04/15::17:50:51: Computing Casimir integrand at Xi=0.997117
 
02/04/15::17:50:51: Assembling T1 at Xi=9.971167e-01... 
02/04/15::17:50:51: Assembling BEM matrix block (0,0) 
02/04/15::17:50:55: Assembling T2 at Xi=9.971167e-01... 
02/04/15::17:50:55: Assembling BEM matrix block (1,1) 
02/04/15::18:14:23: LU-factorizing T1 at Xi=0.997117... 
02/04/15::18:14:23: LU-factorizing T2 at Xi=0.997117... 
02/04/15::18:14:29: Applying transform 3.16228... 
02/04/15::18:14:29:  Assembling U(0,1) 
02/04/15::18:14:29: Assembling BEM matrix block (0,1) 
02/04/15::18:17:32:   Computing ZForce... 
02/04/15::18:17:35: Computing Casimir integrand at Xi=1.16314
 
02/04/15::18:17:35: Assembling T1 at Xi=1.163136e+00... 
02/04/15::18:17:35: Assembling BEM matrix block (0,0) 
02/04/15::18:17:38: Assembling T2 at Xi=1.163136e+00... 
02/04/15::18:17:38: Assembling BEM matrix block (1,1) 
02/04/15::18:41:07: LU-factorizing T1 at Xi=1.16314... 
02/04/15::18:41:07: LU-factorizing T2 at Xi=1.16314... 
02/04/15::18:41:13: Applying transform 3.16228... 
02/04/15::18:41:13:  Assembling U(0,1) 
02/04/15::18:41:13: Assembling BEM matrix block (0,1) 
02/04/15::18:44:16:   Computing ZForce... 
02/04/15::18:44:18: Computing Casimir integrand at Xi=1.27382
 
02/04/15::18:44:18: Assembling T1 at Xi=1.273816e+00... 
02/04/15::18:44:18: Assembling BEM matrix block (0,0) 
02/04/15::18:44:22: Assembling T2 at Xi=1.273816e+00... 
02/04/15::18:44:22: Assembling BEM matrix block (1,1) 
02/04/15::19:07:53: LU-factorizing T1 at Xi=1.27382... 
02/04/15::19:07:53: LU-factorizing T2 at Xi=1.27382... 
02/04/15::19:07:59: Applying transform 3.16228... 
02/04/15::19:07:59:  Assembling U(0,1) 
02/04/15::19:07:59: Assembling BEM matrix block (0,1) 
02/04/15::19:11:04:   Computing ZForce... 
02/04/15::19:11:06: Computing Casimir integrand at Xi=1.1078
 
02/04/15::19:11:06: Assembling T1 at Xi=1.107796e+00... 
02/04/15::19:11:06: Assembling BEM matrix block (0,0) 
02/04/15::19:11:10: Assembling T2 at Xi=1.107796e+00... 
02/04/15::19:11:10: Assembling BEM matrix block (1,1) 
02/04/15::19:34:40: LU-factorizing T1 at Xi=1.1078... 
02/04/15::19:34:40: LU-factorizing T2 at Xi=1.1078... 
02/04/15::19:34:46: Applying transform 3.16228... 
02/04/15::19:34:46:  Assembling U(0,1) 
02/04/15::19:34:46: Assembling BEM matrix block (0,1) 
02/04/15::19:37:50:   Computing ZForce... 
02/04/15::19:37:52: Computing Casimir integrand at Xi=1.21848
 
02/04/15::19:37:52: Assembling T1 at Xi=1.218476e+00... 
02/04/15::19:37:52: Assembling BEM matrix block (0,0) 
02/04/15::19:37:56: Assembling T2 at Xi=1.218476e+00... 
02/04/15::19:37:56: Assembling BEM matrix block (1,1) 
02/04/15::20:01:26: LU-factorizing T1 at Xi=1.21848... 
02/04/15::20:01:26: LU-factorizing T2 at Xi=1.21848... 
02/04/15::20:01:32: Applying transform 3.16228... 
02/04/15::20:01:32:  Assembling U(0,1) 
02/04/15::20:01:32: Assembling BEM matrix block (0,1) 
02/04/15::20:04:36:   Computing ZForce... 
02/04/15::20:04:38: Computing Casimir integrand at Xi=1.27382
 
02/04/15::20:04:38: Assembling T1 at Xi=1.273816e+00... 
02/04/15::20:04:38: Assembling BEM matrix block (0,0) 
02/04/15::20:04:42: Assembling T2 at Xi=1.273816e+00... 
02/04/15::20:04:42: Assembling BEM matrix block (1,1) 
02/04/15::20:28:12: LU-factorizing T1 at Xi=1.27382... 
02/04/15::20:28:12: LU-factorizing T2 at Xi=1.27382... 
02/04/15::20:28:18: Applying transform 3.16228... 
02/04/15::20:28:18:  Assembling U(0,1) 
02/04/15::20:28:18: Assembling BEM matrix block (0,1) 
02/04/15::20:31:22:   Computing ZForce... 
02/04/15::20:31:24: Computing Casimir integrand at Xi=1.32916
 
02/04/15::20:31:24: Assembling T1 at Xi=1.329156e+00... 
02/04/15::20:31:24: Assembling BEM matrix block (0,0) 
02/04/15::20:31:28: Assembling T2 at Xi=1.329156e+00... 
02/04/15::20:31:28: Assembling BEM matrix block (1,1) 
02/04/15::20:55:02: LU-factorizing T1 at Xi=1.32916... 
02/04/15::20:55:02: LU-factorizing T2 at Xi=1.32916... 
02/04/15::20:55:08: Applying transform 3.16228... 
02/04/15::20:55:08:  Assembling U(0,1) 
02/04/15::20:55:08: Assembling BEM matrix block (0,1) 
02/04/15::20:58:12:   Computing ZForce... 
02/04/15::20:58:14: Computing Casimir integrand at Xi=1.3845
 
02/04/15::20:58:14: Assembling T1 at Xi=1.384495e+00... 
02/04/15::20:58:14: Assembling BEM matrix block (0,0) 
02/04/15::20:58:18: Assembling T2 at Xi=1.384495e+00... 
02/04/15::20:58:18: Assembling BEM matrix block (1,1) 
02/04/15::21:21:58: LU-factorizing T1 at Xi=1.3845... 
02/04/15::21:21:58: LU-factorizing T2 at Xi=1.3845... 
02/04/15::21:22:04: Applying transform 3.16228... 
02/04/15::21:22:04:  Assembling U(0,1) 
02/04/15::21:22:04: Assembling BEM matrix block (0,1) 
02/04/15::21:25:07:   Computing ZForce... 
02/04/15::21:25:10: Computing Casimir integrand at Xi=1.43984
 
02/04/15::21:25:10: Assembling T1 at Xi=1.439835e+00... 
02/04/15::21:25:10: Assembling BEM matrix block (0,0) 
02/04/15::21:25:13: Assembling T2 at Xi=1.439835e+00... 
02/04/15::21:25:13: Assembling BEM matrix block (1,1) 
02/04/15::21:48:57: LU-factorizing T1 at Xi=1.43984... 
02/04/15::21:48:57: LU-factorizing T2 at Xi=1.43984... 
02/04/15::21:49:03: Applying transform 3.16228... 
02/04/15::21:49:03:  Assembling U(0,1) 
02/04/15::21:49:03: Assembling BEM matrix block (0,1) 
02/04/15::21:52:07:   Computing ZForce... 
02/04/15::21:52:09: Computing Casimir integrand at Xi=1.49518
 
02/04/15::21:52:09: Assembling T1 at Xi=1.495175e+00... 
02/04/15::21:52:09: Assembling BEM matrix block (0,0) 
02/04/15::21:52:13: Assembling T2 at Xi=1.495175e+00... 
02/04/15::21:52:13: Assembling BEM matrix block (1,1) 
02/04/15::22:16:12: LU-factorizing T1 at Xi=1.49518... 
02/04/15::22:16:12: LU-factorizing T2 at Xi=1.49518... 
02/04/15::22:16:18: Applying transform 3.16228... 
02/04/15::22:16:18:  Assembling U(0,1) 
02/04/15::22:16:18: Assembling BEM matrix block (0,1) 
02/04/15::22:19:21:   Computing ZForce... 
02/04/15::22:19:24: Computing Casimir integrand at Xi=1.60585
 
02/04/15::22:19:24: Assembling T1 at Xi=1.605855e+00... 
02/04/15::22:19:24: Assembling BEM matrix block (0,0) 
02/04/15::22:19:28: Assembling T2 at Xi=1.605855e+00... 
02/04/15::22:19:28: Assembling BEM matrix block (1,1) 
02/04/15::22:44:00: LU-factorizing T1 at Xi=1.60585... 
02/04/15::22:44:00: LU-factorizing T2 at Xi=1.60585... 
02/04/15::22:44:06: Applying transform 3.16228... 
02/04/15::22:44:06:  Assembling U(0,1) 
02/04/15::22:44:06: Assembling BEM matrix block (0,1) 
02/04/15::22:47:08:   Computing ZForce... 
02/04/15::22:47:11: Computing Casimir integrand at Xi=1.71653
 
02/04/15::22:47:11: Assembling T1 at Xi=1.716534e+00... 
02/04/15::22:47:11: Assembling BEM matrix block (0,0) 
02/04/15::22:47:15: Assembling T2 at Xi=1.716534e+00... 
02/04/15::22:47:15: Assembling BEM matrix block (1,1) 
02/04/15::23:12:26: LU-factorizing T1 at Xi=1.71653... 
02/04/15::23:12:26: LU-factorizing T2 at Xi=1.71653... 
02/04/15::23:12:32: Applying transform 3.16228... 
02/04/15::23:12:32:  Assembling U(0,1) 
02/04/15::23:12:32: Assembling BEM matrix block (0,1) 
02/04/15::23:15:35:   Computing ZForce... 
02/04/15::23:15:37: Computing Casimir integrand at Xi=1.55051
 
02/04/15::23:15:37: Assembling T1 at Xi=1.550515e+00... 
02/04/15::23:15:37: Assembling BEM matrix block (0,0) 
02/04/15::23:15:41: Assembling T2 at Xi=1.550515e+00... 
02/04/15::23:15:41: Assembling BEM matrix block (1,1) 
02/04/15::23:40:11: LU-factorizing T1 at Xi=1.55051... 
02/04/15::23:40:11: LU-factorizing T2 at Xi=1.55051... 
02/04/15::23:40:17: Applying transform 3.16228... 
02/04/15::23:40:17:  Assembling U(0,1) 
02/04/15::23:40:17: Assembling BEM matrix block (0,1) 
02/04/15::23:43:21:   Computing ZForce... 
