02/05/15::00:30:40: scuff-cas3D running on fell0066 
02/05/15::00:30:40: Setting material properties of exterior region to VACUUM. 
02/05/15::00:30:40: Flipped 500 panel normals to comport with region definitions. 
02/05/15::00:30:40: Computing full Matsubara-summed Casimir quantities at T=3.000000e+02 Kelvin. 
02/05/15::00:30:40: Read 1 geometrical transformations from file BeadPEC_300K_L-0.398107.trans. 
02/05/15::00:30:41: Beginning Matsubara sum at T=300 kelvin... 
02/05/15::00:30:41: Computing Casimir integrand at Xi=0.001
 
02/05/15::00:30:41: Assembling T1 at Xi=1.000000e-03... 
02/05/15::00:30:41: Assembling BEM matrix block (0,0) 
02/05/15::00:31:23: Assembling T2 at Xi=1.000000e-03... 
02/05/15::00:31:23: Assembling BEM matrix block (1,1) 
02/05/15::00:38:28: LU-factorizing T1 at Xi=0.001... 
02/05/15::00:38:28: LU-factorizing T2 at Xi=0.001... 
02/05/15::00:38:37: Applying transform 0.398107... 
02/05/15::00:38:37:  Assembling U(0,1) 
02/05/15::00:38:37: Assembling BEM matrix block (0,1) 
02/05/15::00:44:29:   Computing ZForce... 
02/05/15::00:44:32: Computing Casimir integrand at Xi=0.823279
 
02/05/15::00:44:32: Assembling T1 at Xi=8.232789e-01... 
02/05/15::00:44:32: Assembling BEM matrix block (0,0) 
02/05/15::00:44:36: Assembling T2 at Xi=8.232789e-01... 
02/05/15::00:44:36: Assembling BEM matrix block (1,1) 
02/05/15::00:48:28: LU-factorizing T1 at Xi=0.823279... 
02/05/15::00:48:28: LU-factorizing T2 at Xi=0.823279... 
02/05/15::00:48:36: Applying transform 0.398107... 
02/05/15::00:48:36:  Assembling U(0,1) 
02/05/15::00:48:36: Assembling BEM matrix block (0,1) 
02/05/15::00:54:05:   Computing ZForce... 
02/05/15::00:54:09: Computing Casimir integrand at Xi=1.64656
 
02/05/15::00:54:09: Assembling T1 at Xi=1.646558e+00... 
02/05/15::00:54:09: Assembling BEM matrix block (0,0) 
02/05/15::00:54:13: Assembling T2 at Xi=1.646558e+00... 
02/05/15::00:54:13: Assembling BEM matrix block (1,1) 
02/05/15::02:03:52: LU-factorizing T1 at Xi=2.46984... 
02/05/15::02:03:52: LU-factorizing T2 at Xi=2.46984... 
02/05/15::02:04:01: Applying transform 0.398107... 
02/05/15::02:04:01:  Assembling U(0,1) 
02/05/15::02:04:01: Assembling BEM matrix block (0,1) 
02/05/15::02:09:18:   Computing ZForce... 
02/05/15::02:09:21: Computing Casimir integrand at Xi=3.29312
 
02/05/15::02:09:21: Assembling T1 at Xi=3.293115e+00... 
02/05/15::02:09:21: Assembling BEM matrix block (0,0) 
02/05/15::02:09:26: Assembling T2 at Xi=3.293115e+00... 
02/05/15::02:09:26: Assembling BEM matrix block (1,1) 
02/05/15::02:41:34: LU-factorizing T1 at Xi=3.29312... 
02/05/15::02:41:34: LU-factorizing T2 at Xi=3.29312... 
02/05/15::02:41:42: Applying transform 0.398107... 
02/05/15::02:41:42:  Assembling U(0,1) 
02/05/15::02:41:42: Assembling BEM matrix block (0,1) 
02/05/15::02:46:57:   Computing ZForce... 
02/05/15::02:47:00: Computing Casimir integrand at Xi=4.11639
 
02/05/15::02:47:00: Assembling T1 at Xi=4.116394e+00... 
02/05/15::02:47:00: Assembling BEM matrix block (0,0) 
02/05/15::02:47:21: Assembling T2 at Xi=4.116394e+00... 
02/05/15::02:47:21: Assembling BEM matrix block (1,1) 
02/05/15::03:19:30: LU-factorizing T1 at Xi=4.11639... 
02/05/15::03:19:30: LU-factorizing T2 at Xi=4.11639... 
02/05/15::03:19:38: Applying transform 0.398107... 
02/05/15::03:19:38:  Assembling U(0,1) 
02/05/15::03:19:38: Assembling BEM matrix block (0,1) 
02/05/15::03:24:53:   Computing ZForce... 
02/05/15::03:24:57: Computing Casimir integrand at Xi=4.93967
 
02/05/15::03:24:57: Assembling T1 at Xi=4.939673e+00... 
02/05/15::03:24:57: Assembling BEM matrix block (0,0) 
02/05/15::03:26:23: Assembling T2 at Xi=4.939673e+00... 
02/05/15::03:26:23: Assembling BEM matrix block (1,1) 
02/05/15::03:58:35: LU-factorizing T1 at Xi=4.93967... 
02/05/15::03:58:35: LU-factorizing T2 at Xi=4.93967... 
02/05/15::03:58:44: Applying transform 0.398107... 
02/05/15::03:58:44:  Assembling U(0,1) 
02/05/15::03:58:44: Assembling BEM matrix block (0,1) 
02/05/15::04:03:57:   Computing ZForce... 
02/05/15::04:04:00: Computing Casimir integrand at Xi=5.76295
 
02/05/15::04:04:00: Assembling T1 at Xi=5.762952e+00... 
02/05/15::04:04:00: Assembling BEM matrix block (0,0) 
02/05/15::04:05:54: Assembling T2 at Xi=5.762952e+00... 
02/05/15::04:05:54: Assembling BEM matrix block (1,1) 
02/05/15::04:36:47: LU-factorizing T1 at Xi=5.76295... 
02/05/15::04:36:47: LU-factorizing T2 at Xi=5.76295... 
02/05/15::04:36:55: Applying transform 0.398107... 
02/05/15::04:36:55:  Assembling U(0,1) 
02/05/15::04:36:56: Assembling BEM matrix block (0,1) 
02/05/15::04:42:10:   Computing ZForce... 
02/05/15::04:42:14: Computing Casimir integrand at Xi=6.58623
 
02/05/15::04:42:14: Assembling T1 at Xi=6.586231e+00... 
02/05/15::04:42:14: Assembling BEM matrix block (0,0) 
02/05/15::04:44:16: Assembling T2 at Xi=6.586231e+00... 
02/05/15::04:44:16: Assembling BEM matrix block (1,1) 
02/05/15::05:15:14: LU-factorizing T1 at Xi=6.58623... 
02/05/15::05:15:14: LU-factorizing T2 at Xi=6.58623... 
02/05/15::05:15:22: Applying transform 0.398107... 
02/05/15::05:15:22:  Assembling U(0,1) 
02/05/15::05:15:22: Assembling BEM matrix block (0,1) 
02/05/15::05:20:35:   Computing ZForce... 
02/05/15::05:20:38: Computing Casimir integrand at Xi=7.40951
 
02/05/15::05:20:38: Assembling T1 at Xi=7.409510e+00... 
02/05/15::05:20:38: Assembling BEM matrix block (0,0) 
02/05/15::05:22:41: Assembling T2 at Xi=7.409510e+00... 
02/05/15::05:22:41: Assembling BEM matrix block (1,1) 
02/05/15::05:53:38: LU-factorizing T1 at Xi=7.40951... 
02/05/15::05:53:38: LU-factorizing T2 at Xi=7.40951... 
02/05/15::05:53:47: Applying transform 0.398107... 
02/05/15::05:53:47:  Assembling U(0,1) 
02/05/15::05:53:47: Assembling BEM matrix block (0,1) 
02/05/15::05:59:01:   Computing ZForce... 
02/05/15::05:59:04: Computing Casimir integrand at Xi=8.23279
 
02/05/15::05:59:04: Assembling T1 at Xi=8.232789e+00... 
02/05/15::05:59:04: Assembling BEM matrix block (0,0) 
02/05/15::06:01:07: Assembling T2 at Xi=8.232789e+00... 
02/05/15::06:01:07: Assembling BEM matrix block (1,1) 
02/05/15::06:32:15: LU-factorizing T1 at Xi=8.23279... 
02/05/15::06:32:15: LU-factorizing T2 at Xi=8.23279... 
02/05/15::06:32:24: Applying transform 0.398107... 
02/05/15::06:32:24:  Assembling U(0,1) 
02/05/15::06:32:24: Assembling BEM matrix block (0,1) 
02/05/15::06:37:38:   Computing ZForce... 
02/05/15::06:37:41: Computing Casimir integrand at Xi=9.05607
 
02/05/15::06:37:41: Assembling T1 at Xi=9.056067e+00... 
02/05/15::06:37:41: Assembling BEM matrix block (0,0) 
02/05/15::06:39:44: Assembling T2 at Xi=9.056067e+00... 
02/05/15::06:39:44: Assembling BEM matrix block (1,1) 
02/05/15::07:10:58: LU-factorizing T1 at Xi=9.05607... 
02/05/15::07:10:58: LU-factorizing T2 at Xi=9.05607... 
02/05/15::07:11:08: Applying transform 0.398107... 
02/05/15::07:11:08:  Assembling U(0,1) 
02/05/15::07:11:08: Assembling BEM matrix block (0,1) 
02/05/15::07:16:22:   Computing ZForce... 
02/05/15::07:16:26: Computing Casimir integrand at Xi=9.87935
 
02/05/15::07:16:26: Assembling T1 at Xi=9.879346e+00... 
02/05/15::07:16:26: Assembling BEM matrix block (0,0) 
02/05/15::07:18:29: Assembling T2 at Xi=9.879346e+00... 
02/05/15::07:18:29: Assembling BEM matrix block (1,1) 
02/05/15::07:49:54: LU-factorizing T1 at Xi=9.87935... 
02/05/15::07:49:54: LU-factorizing T2 at Xi=9.87935... 
02/05/15::07:50:05: Applying transform 0.398107... 
02/05/15::07:50:05:  Assembling U(0,1) 
02/05/15::07:50:05: Assembling BEM matrix block (0,1) 
02/05/15::07:55:33:   Computing ZForce... 
02/05/15::07:55:37: Computing Casimir integrand at Xi=10.7026
 
02/05/15::07:55:37: Assembling T1 at Xi=1.070263e+01... 
02/05/15::07:55:37: Assembling BEM matrix block (0,0) 
02/05/15::07:57:40: Assembling T2 at Xi=1.070263e+01... 
02/05/15::07:57:40: Assembling BEM matrix block (1,1) 
02/05/15::08:29:08: LU-factorizing T1 at Xi=10.7026... 
02/05/15::08:29:08: LU-factorizing T2 at Xi=10.7026... 
02/05/15::08:29:21: Applying transform 0.398107... 
02/05/15::08:29:21:  Assembling U(0,1) 
02/05/15::08:29:21: Assembling BEM matrix block (0,1) 
02/05/15::08:35:13:   Computing ZForce... 
02/05/15::08:35:19: Computing Casimir integrand at Xi=11.5259
 
02/05/15::08:35:19: Assembling T1 at Xi=1.152590e+01... 
02/05/15::08:35:19: Assembling BEM matrix block (0,0) 
02/05/15::08:37:22: Assembling T2 at Xi=1.152590e+01... 
02/05/15::08:37:22: Assembling BEM matrix block (1,1) 
02/05/15::09:08:56: LU-factorizing T1 at Xi=11.5259... 
02/05/15::09:08:56: LU-factorizing T2 at Xi=11.5259... 
02/05/15::09:09:15: Applying transform 0.398107... 
02/05/15::09:09:15:  Assembling U(0,1) 
02/05/15::09:09:15: Assembling BEM matrix block (0,1) 
02/05/15::09:15:18:   Computing ZForce... 
02/05/15::09:15:25: Computing Casimir integrand at Xi=12.3492
 
02/05/15::09:15:25: Assembling T1 at Xi=1.234918e+01... 
02/05/15::09:15:25: Assembling BEM matrix block (0,0) 
02/05/15::09:17:28: Assembling T2 at Xi=1.234918e+01... 
02/05/15::09:17:28: Assembling BEM matrix block (1,1) 
02/05/15::09:48:48: LU-factorizing T1 at Xi=12.3492... 
02/05/15::09:48:48: LU-factorizing T2 at Xi=12.3492... 
02/05/15::09:49:14: Applying transform 0.398107... 
02/05/15::09:49:14:  Assembling U(0,1) 
02/05/15::09:49:14: Assembling BEM matrix block (0,1) 
02/05/15::09:55:35:   Computing ZForce... 
02/05/15::09:55:45: Computing Casimir integrand at Xi=13.1725
 
02/05/15::09:55:45: Assembling T1 at Xi=1.317246e+01... 
02/05/15::09:55:45: Assembling BEM matrix block (0,0) 
02/05/15::09:57:48: Assembling T2 at Xi=1.317246e+01... 
02/05/15::09:57:48: Assembling BEM matrix block (1,1) 
02/05/15::10:29:16: LU-factorizing T1 at Xi=13.1725... 
02/05/15::10:29:16: LU-factorizing T2 at Xi=13.1725... 
02/05/15::10:29:47: Applying transform 0.398107... 
02/05/15::10:29:47:  Assembling U(0,1) 
02/05/15::10:29:47: Assembling BEM matrix block (0,1) 
02/05/15::10:36:29:   Computing ZForce... 
02/05/15::10:36:40: Computing Casimir integrand at Xi=13.9957
 
02/05/15::10:36:40: Assembling T1 at Xi=1.399574e+01... 
02/05/15::10:36:40: Assembling BEM matrix block (0,0) 
02/05/15::10:38:43: Assembling T2 at Xi=1.399574e+01... 
02/05/15::10:38:43: Assembling BEM matrix block (1,1) 
02/05/15::11:10:28: LU-factorizing T1 at Xi=13.9957... 
02/05/15::11:10:28: LU-factorizing T2 at Xi=13.9957... 
02/05/15::11:11:05: Applying transform 0.398107... 
02/05/15::11:11:06:  Assembling U(0,1) 
02/05/15::11:11:06: Assembling BEM matrix block (0,1) 
02/05/15::11:18:00:   Computing ZForce... 
02/05/15::11:18:14: Computing Casimir integrand at Xi=14.819
 
02/05/15::11:18:14: Assembling T1 at Xi=1.481902e+01... 
02/05/15::11:18:14: Assembling BEM matrix block (0,0) 
02/05/15::11:20:16: Assembling T2 at Xi=1.481902e+01... 
02/05/15::11:20:16: Assembling BEM matrix block (1,1) 
02/05/15::11:52:06: LU-factorizing T1 at Xi=14.819... 
02/05/15::11:52:06: LU-factorizing T2 at Xi=14.819... 
02/05/15::11:52:36: Applying transform 0.398107... 
02/05/15::11:52:36:  Assembling U(0,1) 
02/05/15::11:52:36: Assembling BEM matrix block (0,1) 
02/05/15::11:59:19:   Computing ZForce... 
02/05/15::11:59:30: Computing Casimir integrand at Xi=15.6423
 
02/05/15::11:59:30: Assembling T1 at Xi=1.564230e+01... 
02/05/15::11:59:30: Assembling BEM matrix block (0,0) 
02/05/15::12:01:35: Assembling T2 at Xi=1.564230e+01... 
02/05/15::12:01:35: Assembling BEM matrix block (1,1) 
02/05/15::12:33:47: LU-factorizing T1 at Xi=15.6423... 
02/05/15::12:33:47: LU-factorizing T2 at Xi=15.6423... 
02/05/15::12:34:20: Applying transform 0.398107... 
02/05/15::12:34:20:  Assembling U(0,1) 
02/05/15::12:34:20: Assembling BEM matrix block (0,1) 
02/05/15::12:40:52:   Computing ZForce... 
02/05/15::12:41:03: Computing Casimir integrand at Xi=16.4656
 
02/05/15::12:41:03: Assembling T1 at Xi=1.646558e+01... 
02/05/15::12:41:03: Assembling BEM matrix block (0,0) 
02/05/15::12:43:05: Assembling T2 at Xi=1.646558e+01... 
02/05/15::12:43:05: Assembling BEM matrix block (1,1) 
02/05/15::13:14:35: LU-factorizing T1 at Xi=16.4656... 
02/05/15::13:14:35: LU-factorizing T2 at Xi=16.4656... 
02/05/15::13:15:02: Applying transform 0.398107... 
02/05/15::13:15:02:  Assembling U(0,1) 
02/05/15::13:15:02: Assembling BEM matrix block (0,1) 
02/05/15::13:21:25:   Computing ZForce... 
02/05/15::13:21:35: Computing Casimir integrand at Xi=17.2889
 
02/05/15::13:21:35: Assembling T1 at Xi=1.728886e+01... 
02/05/15::13:21:35: Assembling BEM matrix block (0,0) 
02/05/15::13:23:37: Assembling T2 at Xi=1.728886e+01... 
02/05/15::13:23:37: Assembling BEM matrix block (1,1) 
02/05/15::13:57:44: LU-factorizing T1 at Xi=17.2889... 
02/05/15::13:57:44: LU-factorizing T2 at Xi=17.2889... 
02/05/15::13:58:22: Applying transform 0.398107... 
02/05/15::13:58:22:  Assembling U(0,1) 
02/05/15::13:58:22: Assembling BEM matrix block (0,1) 
02/05/15::14:05:19:   Computing ZForce... 
02/05/15::14:05:32: Matsubara sum converged after summing n=21 frequency points. 
