02/05/15::00:30:53: scuff-cas3D running on kiso0031 
02/05/15::00:30:53: Setting material properties of exterior region to VACUUM. 
02/05/15::00:30:53: Flipped 500 panel normals to comport with region definitions. 
02/05/15::00:30:53: Computing full Matsubara-summed Casimir quantities at T=3.000000e+02 Kelvin. 
02/05/15::00:30:53: Read 1 geometrical transformations from file BeadPEC_300K_L-6.30957.trans. 
02/05/15::00:30:53: Beginning Matsubara sum at T=300 kelvin... 
02/05/15::00:30:53: Computing Casimir integrand at Xi=0.001
 
02/05/15::00:30:53: Assembling T1 at Xi=1.000000e-03... 
02/05/15::00:30:53: Assembling BEM matrix block (0,0) 
02/05/15::00:31:15: Assembling T2 at Xi=1.000000e-03... 
02/05/15::00:31:15: Assembling BEM matrix block (1,1) 
02/05/15::00:34:55: LU-factorizing T1 at Xi=0.001... 
02/05/15::00:34:55: LU-factorizing T2 at Xi=0.001... 
02/05/15::00:35:00: Applying transform 6.30957... 
02/05/15::00:35:00:  Assembling U(0,1) 
02/05/15::00:35:00: Assembling BEM matrix block (0,1) 
02/05/15::00:36:03:   Computing ZForce... 
02/05/15::00:36:05: Computing Casimir integrand at Xi=0.823279
 
02/05/15::00:36:05: Assembling T1 at Xi=8.232789e-01... 
02/05/15::00:36:05: Assembling BEM matrix block (0,0) 
02/05/15::00:36:07: Assembling T2 at Xi=8.232789e-01... 
02/05/15::00:36:07: Assembling BEM matrix block (1,1) 
02/05/15::00:38:11: LU-factorizing T1 at Xi=0.823279... 
02/05/15::00:38:11: LU-factorizing T2 at Xi=0.823279... 
02/05/15::00:38:16: Applying transform 6.30957... 
02/05/15::00:38:16:  Assembling U(0,1) 
02/05/15::00:38:16: Assembling BEM matrix block (0,1) 
02/05/15::00:39:19:   Computing ZForce... 
02/05/15::00:39:21: Computing Casimir integrand at Xi=1.64656
 
02/05/15::00:39:21: Assembling T1 at Xi=1.646558e+00... 
02/05/15::00:39:21: Assembling BEM matrix block (0,0) 
02/05/15::00:39:23: Assembling T2 at Xi=1.646558e+00... 
02/05/15::00:39:23: Assembling BEM matrix block (1,1) 
02/05/15::00:55:39: LU-factorizing T1 at Xi=1.64656... 
02/05/15::00:55:39: LU-factorizing T2 at Xi=1.64656... 
02/05/15::00:55:44: Applying transform 6.30957... 
02/05/15::00:55:44:  Assembling U(0,1) 
02/05/15::00:55:44: Assembling BEM matrix block (0,1) 
02/05/15::00:56:45:   Computing ZForce... 
02/05/15::00:56:47: Computing Casimir integrand at Xi=2.46984
 
02/05/15::00:56:47: Assembling T1 at Xi=2.469837e+00... 
02/05/15::00:56:47: Assembling BEM matrix block (0,0) 
02/05/15::00:56:50: Assembling T2 at Xi=2.469837e+00... 
02/05/15::00:56:50: Assembling BEM matrix block (1,1) 
02/05/15::01:13:26: LU-factorizing T1 at Xi=2.46984... 
02/05/15::01:13:26: LU-factorizing T2 at Xi=2.46984... 
02/05/15::01:13:31: Applying transform 6.30957... 
02/05/15::01:13:31:  Assembling U(0,1) 
02/05/15::01:13:31: Assembling BEM matrix block (0,1) 
02/05/15::01:14:32:   Computing ZForce... 
02/05/15::01:14:34: Matsubara sum converged after summing n=3 frequency points. 
