02/04/15::13:34:45: scuff-cas3D running on kiso0048 
02/04/15::13:34:45: Setting material properties of exterior region to VACUUM. 
02/04/15::13:34:45: Flipped 514 panel normals to comport with region definitions. 
02/04/15::13:34:45: Computing full zero-temperature Casimir quantities. 
02/04/15::13:34:45: Read 1 geometrical transformations from file BeadPEC_L-0.1.trans. 
02/04/15::13:34:45: Minimum distance between surface points=1.000000e-01 
02/04/15::13:34:45: Computing Casimir integrand at Xi=0.001
 
02/04/15::13:34:45: Assembling T1 at Xi=1.000000e-03... 
02/04/15::13:34:45: Assembling BEM matrix block (0,0) 
02/04/15::13:35:09: Assembling T2 at Xi=1.000000e-03... 
02/04/15::13:35:09: Assembling BEM matrix block (1,1) 
02/04/15::13:38:51: LU-factorizing T1 at Xi=0.001... 
02/04/15::13:38:51: LU-factorizing T2 at Xi=0.001... 
02/04/15::13:38:57: Applying transform 0.1... 
02/04/15::13:38:57:  Assembling U(0,1) 
02/04/15::13:38:57: Assembling BEM matrix block (0,1) 
02/04/15::13:42:23:   Computing ZForce... 
02/04/15::13:42:25: Computing Casimir integrand at Xi=0.876
 
02/04/15::13:42:25: Assembling T1 at Xi=8.760000e-01... 
02/04/15::13:42:25: Assembling BEM matrix block (0,0) 
02/04/15::13:42:27: Assembling T2 at Xi=8.760000e-01... 
02/04/15::13:42:27: Assembling BEM matrix block (1,1) 
02/04/15::13:44:35: LU-factorizing T1 at Xi=0.876... 
02/04/15::13:44:35: LU-factorizing T2 at Xi=0.876... 
02/04/15::13:44:40: Applying transform 0.1... 
02/04/15::13:44:41:  Assembling U(0,1) 
02/04/15::13:44:41: Assembling BEM matrix block (0,1) 
02/04/15::13:47:53:   Computing ZForce... 
02/04/15::13:47:55: Computing Casimir integrand at Xi=1.751
 
02/04/15::13:47:55: Assembling T1 at Xi=1.751000e+00... 
02/04/15::13:47:55: Assembling BEM matrix block (0,0) 
02/04/15::13:47:58: Assembling T2 at Xi=1.751000e+00... 
02/04/15::13:47:58: Assembling BEM matrix block (1,1) 
02/04/15::14:04:35: LU-factorizing T1 at Xi=1.751... 
02/04/15::14:04:35: LU-factorizing T2 at Xi=1.751... 
02/04/15::14:04:40: Applying transform 0.1... 
02/04/15::14:04:40:  Assembling U(0,1) 
02/04/15::14:04:40: Assembling BEM matrix block (0,1) 
02/04/15::14:07:45:   Computing ZForce... 
02/04/15::14:07:47: Computing Casimir integrand at Xi=3.501
 
02/04/15::14:07:47: Assembling T1 at Xi=3.501000e+00... 
02/04/15::14:07:47: Assembling BEM matrix block (0,0) 
02/04/15::14:07:50: Assembling T2 at Xi=3.501000e+00... 
02/04/15::14:07:50: Assembling BEM matrix block (1,1) 
02/04/15::14:24:38: LU-factorizing T1 at Xi=3.501... 
02/04/15::14:24:38: LU-factorizing T2 at Xi=3.501... 
02/04/15::14:24:43: Applying transform 0.1... 
02/04/15::14:24:43:  Assembling U(0,1) 
02/04/15::14:24:43: Assembling BEM matrix block (0,1) 
02/04/15::14:27:49:   Computing ZForce... 
02/04/15::14:27:51: Computing Casimir integrand at Xi=5.251
 
02/04/15::14:27:51: Assembling T1 at Xi=5.251000e+00... 
02/04/15::14:27:51: Assembling BEM matrix block (0,0) 
02/04/15::14:28:41: Assembling T2 at Xi=5.251000e+00... 
02/04/15::14:28:41: Assembling BEM matrix block (1,1) 
02/04/15::14:45:30: LU-factorizing T1 at Xi=5.251... 
02/04/15::14:45:30: LU-factorizing T2 at Xi=5.251... 
02/04/15::14:45:35: Applying transform 0.1... 
02/04/15::14:45:35:  Assembling U(0,1) 
02/04/15::14:45:35: Assembling BEM matrix block (0,1) 
02/04/15::14:48:41:   Computing ZForce... 
02/04/15::14:48:43: Computing Casimir integrand at Xi=2.626
 
02/04/15::14:48:43: Assembling T1 at Xi=2.626000e+00... 
02/04/15::14:48:43: Assembling BEM matrix block (0,0) 
02/04/15::14:48:46: Assembling T2 at Xi=2.626000e+00... 
02/04/15::14:48:46: Assembling BEM matrix block (1,1) 
02/04/15::15:05:36: LU-factorizing T1 at Xi=2.626... 
02/04/15::15:05:36: LU-factorizing T2 at Xi=2.626... 
02/04/15::15:05:41: Applying transform 0.1... 
02/04/15::15:05:41:  Assembling U(0,1) 
02/04/15::15:05:41: Assembling BEM matrix block (0,1) 
02/04/15::15:08:46:   Computing ZForce... 
02/04/15::15:08:48: Computing Casimir integrand at Xi=2.1885
 
02/04/15::15:08:48: Assembling T1 at Xi=2.188500e+00... 
02/04/15::15:08:48: Assembling BEM matrix block (0,0) 
02/04/15::15:08:51: Assembling T2 at Xi=2.188500e+00... 
02/04/15::15:08:51: Assembling BEM matrix block (1,1) 
02/04/15::15:25:42: LU-factorizing T1 at Xi=2.1885... 
02/04/15::15:25:42: LU-factorizing T2 at Xi=2.1885... 
02/04/15::15:25:47: Applying transform 0.1... 
02/04/15::15:25:47:  Assembling U(0,1) 
02/04/15::15:25:47: Assembling BEM matrix block (0,1) 
02/04/15::15:28:55:   Computing ZForce... 
02/04/15::15:28:57: Computing Casimir integrand at Xi=3.501
 
02/04/15::15:28:57: Assembling T1 at Xi=3.501000e+00... 
02/04/15::15:28:57: Assembling BEM matrix block (0,0) 
02/04/15::15:29:00: Assembling T2 at Xi=3.501000e+00... 
02/04/15::15:29:00: Assembling BEM matrix block (1,1) 
02/04/15::15:46:55: LU-factorizing T1 at Xi=3.501... 
02/04/15::15:46:55: LU-factorizing T2 at Xi=3.501... 
02/04/15::15:47:01: Applying transform 0.1... 
02/04/15::15:47:01:  Assembling U(0,1) 
02/04/15::15:47:01: Assembling BEM matrix block (0,1) 
02/04/15::15:50:19:   Computing ZForce... 
02/04/15::15:50:21: Computing Casimir integrand at Xi=4.376
 
02/04/15::15:50:21: Assembling T1 at Xi=4.376000e+00... 
02/04/15::15:50:21: Assembling BEM matrix block (0,0) 
02/04/15::15:50:43: Assembling T2 at Xi=4.376000e+00... 
02/04/15::15:50:43: Assembling BEM matrix block (1,1) 
02/04/15::16:07:57: LU-factorizing T1 at Xi=4.376... 
02/04/15::16:07:57: LU-factorizing T2 at Xi=4.376... 
02/04/15::16:08:02: Applying transform 0.1... 
02/04/15::16:08:02:  Assembling U(0,1) 
02/04/15::16:08:02: Assembling BEM matrix block (0,1) 
02/04/15::16:11:09:   Computing ZForce... 
02/04/15::16:11:11: Computing Casimir integrand at Xi=3.0635
 
02/04/15::16:11:11: Assembling T1 at Xi=3.063500e+00... 
02/04/15::16:11:11: Assembling BEM matrix block (0,0) 
02/04/15::16:11:14: Assembling T2 at Xi=3.063500e+00... 
02/04/15::16:11:14: Assembling BEM matrix block (1,1) 
02/04/15::16:28:10: LU-factorizing T1 at Xi=3.0635... 
02/04/15::16:28:10: LU-factorizing T2 at Xi=3.0635... 
02/04/15::16:28:15: Applying transform 0.1... 
02/04/15::16:28:15:  Assembling U(0,1) 
02/04/15::16:28:15: Assembling BEM matrix block (0,1) 
02/04/15::16:31:23:   Computing ZForce... 
02/04/15::16:31:25: Computing Casimir integrand at Xi=4.376
 
02/04/15::16:31:25: Assembling T1 at Xi=4.376000e+00... 
02/04/15::16:31:25: Assembling BEM matrix block (0,0) 
02/04/15::16:31:46: Assembling T2 at Xi=4.376000e+00... 
02/04/15::16:31:46: Assembling BEM matrix block (1,1) 
02/04/15::16:48:48: LU-factorizing T1 at Xi=4.376... 
02/04/15::16:48:48: LU-factorizing T2 at Xi=4.376... 
02/04/15::16:48:53: Applying transform 0.1... 
02/04/15::16:48:53:  Assembling U(0,1) 
02/04/15::16:48:53: Assembling BEM matrix block (0,1) 
02/04/15::16:52:01:   Computing ZForce... 
02/04/15::16:52:03: Computing Casimir integrand at Xi=5.251
 
02/04/15::16:52:03: Assembling T1 at Xi=5.251000e+00... 
02/04/15::16:52:03: Assembling BEM matrix block (0,0) 
02/04/15::16:52:54: Assembling T2 at Xi=5.251000e+00... 
02/04/15::16:52:54: Assembling BEM matrix block (1,1) 
02/04/15::17:10:00: LU-factorizing T1 at Xi=5.251... 
02/04/15::17:10:00: LU-factorizing T2 at Xi=5.251... 
02/04/15::17:10:05: Applying transform 0.1... 
02/04/15::17:10:05:  Assembling U(0,1) 
02/04/15::17:10:05: Assembling BEM matrix block (0,1) 
02/04/15::17:13:11:   Computing ZForce... 
02/04/15::17:13:13: Computing Casimir integrand at Xi=6.126
 
02/04/15::17:13:13: Assembling T1 at Xi=6.126000e+00... 
02/04/15::17:13:13: Assembling BEM matrix block (0,0) 
02/04/15::17:14:18: Assembling T2 at Xi=6.126000e+00... 
02/04/15::17:14:18: Assembling BEM matrix block (1,1) 
02/04/15::17:30:18: LU-factorizing T1 at Xi=6.126... 
02/04/15::17:30:18: LU-factorizing T2 at Xi=6.126... 
02/04/15::17:30:23: Applying transform 0.1... 
02/04/15::17:30:23:  Assembling U(0,1) 
02/04/15::17:30:23: Assembling BEM matrix block (0,1) 
02/04/15::17:33:29:   Computing ZForce... 
02/04/15::17:33:31: Computing Casimir integrand at Xi=7.001
 
02/04/15::17:33:31: Assembling T1 at Xi=7.001000e+00... 
02/04/15::17:33:31: Assembling BEM matrix block (0,0) 
02/04/15::17:34:38: Assembling T2 at Xi=7.001000e+00... 
02/04/15::17:34:38: Assembling BEM matrix block (1,1) 
02/04/15::17:50:42: LU-factorizing T1 at Xi=7.001... 
02/04/15::17:50:42: LU-factorizing T2 at Xi=7.001... 
02/04/15::17:50:47: Applying transform 0.1... 
02/04/15::17:50:47:  Assembling U(0,1) 
02/04/15::17:50:47: Assembling BEM matrix block (0,1) 
02/04/15::17:53:52:   Computing ZForce... 
02/04/15::17:53:55: Computing Casimir integrand at Xi=7.876
 
02/04/15::17:53:55: Assembling T1 at Xi=7.876000e+00... 
02/04/15::17:53:55: Assembling BEM matrix block (0,0) 
02/04/15::17:55:02: Assembling T2 at Xi=7.876000e+00... 
02/04/15::17:55:02: Assembling BEM matrix block (1,1) 
02/04/15::18:11:12: LU-factorizing T1 at Xi=7.876... 
02/04/15::18:11:12: LU-factorizing T2 at Xi=7.876... 
02/04/15::18:11:17: Applying transform 0.1... 
02/04/15::18:11:17:  Assembling U(0,1) 
02/04/15::18:11:17: Assembling BEM matrix block (0,1) 
02/04/15::18:14:23:   Computing ZForce... 
02/04/15::18:14:26: Computing Casimir integrand at Xi=8.751
 
02/04/15::18:14:26: Assembling T1 at Xi=8.751000e+00... 
02/04/15::18:14:26: Assembling BEM matrix block (0,0) 
02/04/15::18:15:33: Assembling T2 at Xi=8.751000e+00... 
02/04/15::18:15:33: Assembling BEM matrix block (1,1) 
02/04/15::18:31:46: LU-factorizing T1 at Xi=8.751... 
02/04/15::18:31:46: LU-factorizing T2 at Xi=8.751... 
02/04/15::18:31:52: Applying transform 0.1... 
02/04/15::18:31:52:  Assembling U(0,1) 
02/04/15::18:31:52: Assembling BEM matrix block (0,1) 
02/04/15::18:34:59:   Computing ZForce... 
02/04/15::18:35:01: Computing Casimir integrand at Xi=9.626
 
02/04/15::18:35:01: Assembling T1 at Xi=9.626000e+00... 
02/04/15::18:35:01: Assembling BEM matrix block (0,0) 
02/04/15::18:36:08: Assembling T2 at Xi=9.626000e+00... 
02/04/15::18:36:08: Assembling BEM matrix block (1,1) 
02/04/15::18:52:25: LU-factorizing T1 at Xi=9.626... 
02/04/15::18:52:25: LU-factorizing T2 at Xi=9.626... 
02/04/15::18:52:31: Applying transform 0.1... 
02/04/15::18:52:31:  Assembling U(0,1) 
02/04/15::18:52:31: Assembling BEM matrix block (0,1) 
02/04/15::18:55:40:   Computing ZForce... 
02/04/15::18:55:42: Computing Casimir integrand at Xi=10.501
 
02/04/15::18:55:42: Assembling T1 at Xi=1.050100e+01... 
02/04/15::18:55:42: Assembling BEM matrix block (0,0) 
02/04/15::18:56:50: Assembling T2 at Xi=1.050100e+01... 
02/04/15::18:56:50: Assembling BEM matrix block (1,1) 
02/04/15::19:13:09: LU-factorizing T1 at Xi=10.501... 
02/04/15::19:13:09: LU-factorizing T2 at Xi=10.501... 
02/04/15::19:13:15: Applying transform 0.1... 
02/04/15::19:13:15:  Assembling U(0,1) 
02/04/15::19:13:15: Assembling BEM matrix block (0,1) 
02/04/15::19:16:36:   Computing ZForce... 
02/04/15::19:16:39: Computing Casimir integrand at Xi=11.376
 
02/04/15::19:16:39: Assembling T1 at Xi=1.137600e+01... 
02/04/15::19:16:39: Assembling BEM matrix block (0,0) 
02/04/15::19:17:47: Assembling T2 at Xi=1.137600e+01... 
02/04/15::19:17:47: Assembling BEM matrix block (1,1) 
02/04/15::19:34:13: LU-factorizing T1 at Xi=11.376... 
02/04/15::19:34:13: LU-factorizing T2 at Xi=11.376... 
02/04/15::19:34:21: Applying transform 0.1... 
02/04/15::19:34:21:  Assembling U(0,1) 
02/04/15::19:34:21: Assembling BEM matrix block (0,1) 
02/04/15::19:37:52:   Computing ZForce... 
02/04/15::19:37:55: Computing Casimir integrand at Xi=12.251
 
02/04/15::19:37:55: Assembling T1 at Xi=1.225100e+01... 
02/04/15::19:37:55: Assembling BEM matrix block (0,0) 
02/04/15::19:39:04: Assembling T2 at Xi=1.225100e+01... 
02/04/15::19:39:04: Assembling BEM matrix block (1,1) 
02/04/15::19:55:41: LU-factorizing T1 at Xi=12.251... 
02/04/15::19:55:41: LU-factorizing T2 at Xi=12.251... 
02/04/15::19:55:54: Applying transform 0.1... 
02/04/15::19:55:54:  Assembling U(0,1) 
02/04/15::19:55:54: Assembling BEM matrix block (0,1) 
02/04/15::19:59:35:   Computing ZForce... 
02/04/15::19:59:40: Computing Casimir integrand at Xi=13.126
 
02/04/15::19:59:40: Assembling T1 at Xi=1.312600e+01... 
02/04/15::19:59:40: Assembling BEM matrix block (0,0) 
02/04/15::20:00:49: Assembling T2 at Xi=1.312600e+01... 
02/04/15::20:00:49: Assembling BEM matrix block (1,1) 
02/04/15::20:17:31: LU-factorizing T1 at Xi=13.126... 
02/04/15::20:17:31: LU-factorizing T2 at Xi=13.126... 
02/04/15::20:17:45: Applying transform 0.1... 
02/04/15::20:17:45:  Assembling U(0,1) 
02/04/15::20:17:45: Assembling BEM matrix block (0,1) 
02/04/15::20:21:38:   Computing ZForce... 
02/04/15::20:21:43: Computing Casimir integrand at Xi=14.001
 
02/04/15::20:21:43: Assembling T1 at Xi=1.400100e+01... 
02/04/15::20:21:43: Assembling BEM matrix block (0,0) 
02/04/15::20:22:52: Assembling T2 at Xi=1.400100e+01... 
02/04/15::20:22:52: Assembling BEM matrix block (1,1) 
02/04/15::20:39:46: LU-factorizing T1 at Xi=14.001... 
02/04/15::20:39:46: LU-factorizing T2 at Xi=14.001... 
02/04/15::20:40:05: Applying transform 0.1... 
02/04/15::20:40:05:  Assembling U(0,1) 
02/04/15::20:40:05: Assembling BEM matrix block (0,1) 
02/04/15::20:44:05:   Computing ZForce... 
02/04/15::20:44:12: Computing Casimir integrand at Xi=15.751
 
02/04/15::20:44:12: Assembling T1 at Xi=1.575100e+01... 
02/04/15::20:44:12: Assembling BEM matrix block (0,0) 
02/04/15::20:45:21: Assembling T2 at Xi=1.575100e+01... 
02/04/15::20:45:21: Assembling BEM matrix block (1,1) 
02/04/15::21:02:13: LU-factorizing T1 at Xi=15.751... 
02/04/15::21:02:13: LU-factorizing T2 at Xi=15.751... 
02/04/15::21:02:29: Applying transform 0.1... 
02/04/15::21:02:29:  Assembling U(0,1) 
02/04/15::21:02:29: Assembling BEM matrix block (0,1) 
02/04/15::21:06:15:   Computing ZForce... 
02/04/15::21:06:21: Computing Casimir integrand at Xi=17.501
 
02/04/15::21:06:21: Assembling T1 at Xi=1.750100e+01... 
02/04/15::21:06:21: Assembling BEM matrix block (0,0) 
02/04/15::21:07:29: Assembling T2 at Xi=1.750100e+01... 
02/04/15::21:07:29: Assembling BEM matrix block (1,1) 
02/04/15::21:24:18: LU-factorizing T1 at Xi=17.501... 
02/04/15::21:24:18: LU-factorizing T2 at Xi=17.501... 
02/04/15::21:24:34: Applying transform 0.1... 
02/04/15::21:24:34:  Assembling U(0,1) 
02/04/15::21:24:34: Assembling BEM matrix block (0,1) 
02/04/15::21:28:17:   Computing ZForce... 
02/04/15::21:28:22: Computing Casimir integrand at Xi=14.876
 
02/04/15::21:28:22: Assembling T1 at Xi=1.487600e+01... 
02/04/15::21:28:22: Assembling BEM matrix block (0,0) 
02/04/15::21:29:30: Assembling T2 at Xi=1.487600e+01... 
02/04/15::21:29:30: Assembling BEM matrix block (1,1) 
02/04/15::21:46:06: LU-factorizing T1 at Xi=14.876... 
02/04/15::21:46:06: LU-factorizing T2 at Xi=14.876... 
02/04/15::21:46:20: Applying transform 0.1... 
02/04/15::21:46:20:  Assembling U(0,1) 
02/04/15::21:46:20: Assembling BEM matrix block (0,1) 
02/04/15::21:50:08:   Computing ZForce... 
02/04/15::21:50:13: Computing Casimir integrand at Xi=17.501
 
02/04/15::21:50:13: Assembling T1 at Xi=1.750100e+01... 
02/04/15::21:50:13: Assembling BEM matrix block (0,0) 
02/04/15::21:51:21: Assembling T2 at Xi=1.750100e+01... 
02/04/15::21:51:21: Assembling BEM matrix block (1,1) 
02/04/15::22:08:00: LU-factorizing T1 at Xi=17.501... 
02/04/15::22:08:00: LU-factorizing T2 at Xi=17.501... 
02/04/15::22:08:16: Applying transform 0.1... 
02/04/15::22:08:16:  Assembling U(0,1) 
02/04/15::22:08:16: Assembling BEM matrix block (0,1) 
02/04/15::22:11:59:   Computing ZForce... 
02/04/15::22:12:04: Computing Casimir integrand at Xi=19.251
 
02/04/15::22:12:04: Assembling T1 at Xi=1.925100e+01... 
02/04/15::22:12:04: Assembling BEM matrix block (0,0) 
02/04/15::22:13:12: Assembling T2 at Xi=1.925100e+01... 
02/04/15::22:13:12: Assembling BEM matrix block (1,1) 
02/04/15::22:29:52: LU-factorizing T1 at Xi=19.251... 
02/04/15::22:29:52: LU-factorizing T2 at Xi=19.251... 
02/04/15::22:30:07: Applying transform 0.1... 
02/04/15::22:30:07:  Assembling U(0,1) 
02/04/15::22:30:07: Assembling BEM matrix block (0,1) 
02/04/15::22:33:45:   Computing ZForce... 
02/04/15::22:33:50: Computing Casimir integrand at Xi=16.626
 
02/04/15::22:33:50: Assembling T1 at Xi=1.662600e+01... 
02/04/15::22:33:50: Assembling BEM matrix block (0,0) 
02/04/15::22:34:58: Assembling T2 at Xi=1.662600e+01... 
02/04/15::22:34:58: Assembling BEM matrix block (1,1) 
02/04/15::22:51:33: LU-factorizing T1 at Xi=16.626... 
02/04/15::22:51:33: LU-factorizing T2 at Xi=16.626... 
02/04/15::22:51:47: Applying transform 0.1... 
02/04/15::22:51:47:  Assembling U(0,1) 
02/04/15::22:51:47: Assembling BEM matrix block (0,1) 
02/04/15::22:55:28:   Computing ZForce... 
02/04/15::22:55:33: Computing Casimir integrand at Xi=19.251
 
02/04/15::22:55:33: Assembling T1 at Xi=1.925100e+01... 
02/04/15::22:55:33: Assembling BEM matrix block (0,0) 
02/04/15::22:56:40: Assembling T2 at Xi=1.925100e+01... 
02/04/15::22:56:40: Assembling BEM matrix block (1,1) 
02/04/15::23:13:14: LU-factorizing T1 at Xi=19.251... 
02/04/15::23:13:14: LU-factorizing T2 at Xi=19.251... 
02/04/15::23:13:28: Applying transform 0.1... 
02/04/15::23:13:28:  Assembling U(0,1) 
02/04/15::23:13:28: Assembling BEM matrix block (0,1) 
02/04/15::23:17:06:   Computing ZForce... 
02/04/15::23:17:11: Computing Casimir integrand at Xi=21.001
 
02/04/15::23:17:11: Assembling T1 at Xi=2.100100e+01... 
02/04/15::23:17:11: Assembling BEM matrix block (0,0) 
02/04/15::23:18:18: Assembling T2 at Xi=2.100100e+01... 
02/04/15::23:18:18: Assembling BEM matrix block (1,1) 
02/04/15::23:34:52: LU-factorizing T1 at Xi=21.001... 
02/04/15::23:34:52: LU-factorizing T2 at Xi=21.001... 
02/04/15::23:35:05: Applying transform 0.1... 
02/04/15::23:35:05:  Assembling U(0,1) 
02/04/15::23:35:05: Assembling BEM matrix block (0,1) 
02/04/15::23:38:39:   Computing ZForce... 
02/04/15::23:38:44: Computing Casimir integrand at Xi=18.376
 
02/04/15::23:38:44: Assembling T1 at Xi=1.837600e+01... 
02/04/15::23:38:44: Assembling BEM matrix block (0,0) 
02/04/15::23:39:51: Assembling T2 at Xi=1.837600e+01... 
02/04/15::23:39:51: Assembling BEM matrix block (1,1) 
02/04/15::23:56:23: LU-factorizing T1 at Xi=18.376... 
02/04/15::23:56:23: LU-factorizing T2 at Xi=18.376... 
02/04/15::23:56:36: Applying transform 0.1... 
02/04/15::23:56:36:  Assembling U(0,1) 
02/04/15::23:56:36: Assembling BEM matrix block (0,1) 
02/05/15::00:00:12:   Computing ZForce... 
02/05/15::00:00:17: Computing Casimir integrand at Xi=21.001
 
02/05/15::00:00:17: Assembling T1 at Xi=2.100100e+01... 
02/05/15::00:00:17: Assembling BEM matrix block (0,0) 
02/05/15::00:01:24: Assembling T2 at Xi=2.100100e+01... 
02/05/15::00:01:24: Assembling BEM matrix block (1,1) 
02/05/15::00:18:03: LU-factorizing T1 at Xi=21.001... 
02/05/15::00:18:03: LU-factorizing T2 at Xi=21.001... 
02/05/15::00:18:16: Applying transform 0.1... 
02/05/15::00:18:16:  Assembling U(0,1) 
02/05/15::00:18:16: Assembling BEM matrix block (0,1) 
02/05/15::00:21:50:   Computing ZForce... 
02/05/15::00:21:55: Computing Casimir integrand at Xi=22.751
 
02/05/15::00:21:55: Assembling T1 at Xi=2.275100e+01... 
02/05/15::00:21:55: Assembling BEM matrix block (0,0) 
02/05/15::00:23:02: Assembling T2 at Xi=2.275100e+01... 
02/05/15::00:23:02: Assembling BEM matrix block (1,1) 
02/05/15::00:39:41: LU-factorizing T1 at Xi=22.751... 
02/05/15::00:39:41: LU-factorizing T2 at Xi=22.751... 
02/05/15::00:39:55: Applying transform 0.1... 
02/05/15::00:39:55:  Assembling U(0,1) 
02/05/15::00:39:55: Assembling BEM matrix block (0,1) 
02/05/15::00:43:31:   Computing ZForce... 
02/05/15::00:43:35: Computing Casimir integrand at Xi=20.126
 
02/05/15::00:43:35: Assembling T1 at Xi=2.012600e+01... 
02/05/15::00:43:35: Assembling BEM matrix block (0,0) 
02/05/15::00:44:43: Assembling T2 at Xi=2.012600e+01... 
02/05/15::00:44:43: Assembling BEM matrix block (1,1) 
02/05/15::01:01:21: LU-factorizing T1 at Xi=20.126... 
02/05/15::01:01:21: LU-factorizing T2 at Xi=20.126... 
02/05/15::01:01:37: Applying transform 0.1... 
02/05/15::01:01:37:  Assembling U(0,1) 
02/05/15::01:01:37: Assembling BEM matrix block (0,1) 
02/05/15::01:05:15:   Computing ZForce... 
02/05/15::01:05:19: Computing Casimir integrand at Xi=22.751
 
02/05/15::01:05:19: Assembling T1 at Xi=2.275100e+01... 
02/05/15::01:05:20: Assembling BEM matrix block (0,0) 
02/05/15::01:06:27: Assembling T2 at Xi=2.275100e+01... 
02/05/15::01:06:27: Assembling BEM matrix block (1,1) 
02/05/15::01:45:53: LU-factorizing T1 at Xi=24.501... 
02/05/15::01:45:53: LU-factorizing T2 at Xi=24.501... 
02/05/15::01:46:06: Applying transform 0.1... 
02/05/15::01:46:06:  Assembling U(0,1) 
02/05/15::01:46:07: Assembling BEM matrix block (0,1) 
02/05/15::01:49:40:   Computing ZForce... 
02/05/15::01:49:45: Computing Casimir integrand at Xi=21.876
 
02/05/15::01:49:45: Assembling T1 at Xi=2.187600e+01... 
02/05/15::01:49:45: Assembling BEM matrix block (0,0) 
02/05/15::01:50:53: Assembling T2 at Xi=2.187600e+01... 
02/05/15::01:50:53: Assembling BEM matrix block (1,1) 
02/05/15::02:07:35: LU-factorizing T1 at Xi=21.876... 
02/05/15::02:07:35: LU-factorizing T2 at Xi=21.876... 
02/05/15::02:07:48: Applying transform 0.1... 
02/05/15::02:07:48:  Assembling U(0,1) 
02/05/15::02:07:48: Assembling BEM matrix block (0,1) 
02/05/15::02:11:21:   Computing ZForce... 
02/05/15::02:11:25: Computing Casimir integrand at Xi=24.501
 
02/05/15::02:11:25: Assembling T1 at Xi=2.450100e+01... 
02/05/15::02:11:25: Assembling BEM matrix block (0,0) 
02/05/15::02:12:32: Assembling T2 at Xi=2.450100e+01... 
02/05/15::02:12:32: Assembling BEM matrix block (1,1) 
02/05/15::02:29:07: LU-factorizing T1 at Xi=24.501... 
02/05/15::02:29:07: LU-factorizing T2 at Xi=24.501... 
02/05/15::02:29:20: Applying transform 0.1... 
02/05/15::02:29:20:  Assembling U(0,1) 
02/05/15::02:29:20: Assembling BEM matrix block (0,1) 
02/05/15::02:32:52:   Computing ZForce... 
02/05/15::02:32:56: Computing Casimir integrand at Xi=26.251
 
02/05/15::02:32:56: Assembling T1 at Xi=2.625100e+01... 
02/05/15::02:32:56: Assembling BEM matrix block (0,0) 
02/05/15::02:34:02: Assembling T2 at Xi=2.625100e+01... 
02/05/15::02:34:02: Assembling BEM matrix block (1,1) 
02/05/15::02:50:39: LU-factorizing T1 at Xi=26.251... 
02/05/15::02:50:39: LU-factorizing T2 at Xi=26.251... 
02/05/15::02:50:52: Applying transform 0.1... 
02/05/15::02:50:52:  Assembling U(0,1) 
02/05/15::02:50:52: Assembling BEM matrix block (0,1) 
02/05/15::02:54:24:   Computing ZForce... 
02/05/15::02:54:28: Computing Casimir integrand at Xi=23.626
 
02/05/15::02:54:28: Assembling T1 at Xi=2.362600e+01... 
02/05/15::02:54:28: Assembling BEM matrix block (0,0) 
02/05/15::02:55:36: Assembling T2 at Xi=2.362600e+01... 
02/05/15::02:55:36: Assembling BEM matrix block (1,1) 
02/05/15::03:12:20: LU-factorizing T1 at Xi=23.626... 
02/05/15::03:12:20: LU-factorizing T2 at Xi=23.626... 
02/05/15::03:12:34: Applying transform 0.1... 
02/05/15::03:12:34:  Assembling U(0,1) 
02/05/15::03:12:34: Assembling BEM matrix block (0,1) 
02/05/15::03:16:07:   Computing ZForce... 
02/05/15::03:16:11: Computing Casimir integrand at Xi=26.251
 
02/05/15::03:16:11: Assembling T1 at Xi=2.625100e+01... 
02/05/15::03:16:11: Assembling BEM matrix block (0,0) 
02/05/15::03:17:18: Assembling T2 at Xi=2.625100e+01... 
02/05/15::03:17:18: Assembling BEM matrix block (1,1) 
02/05/15::03:33:55: LU-factorizing T1 at Xi=26.251... 
02/05/15::03:33:55: LU-factorizing T2 at Xi=26.251... 
02/05/15::03:34:08: Applying transform 0.1... 
02/05/15::03:34:08:  Assembling U(0,1) 
02/05/15::03:34:08: Assembling BEM matrix block (0,1) 
02/05/15::03:37:41:   Computing ZForce... 
02/05/15::03:37:45: Computing Casimir integrand at Xi=28.001
 
02/05/15::03:37:45: Assembling T1 at Xi=2.800100e+01... 
02/05/15::03:37:45: Assembling BEM matrix block (0,0) 
02/05/15::03:38:52: Assembling T2 at Xi=2.800100e+01... 
02/05/15::03:38:52: Assembling BEM matrix block (1,1) 
02/05/15::03:55:37: LU-factorizing T1 at Xi=28.001... 
02/05/15::03:55:37: LU-factorizing T2 at Xi=28.001... 
02/05/15::03:55:50: Applying transform 0.1... 
02/05/15::03:55:50:  Assembling U(0,1) 
02/05/15::03:55:50: Assembling BEM matrix block (0,1) 
02/05/15::03:59:21:   Computing ZForce... 
02/05/15::03:59:25: Computing Casimir integrand at Xi=25.376
 
02/05/15::03:59:25: Assembling T1 at Xi=2.537600e+01... 
02/05/15::03:59:25: Assembling BEM matrix block (0,0) 
02/05/15::04:00:33: Assembling T2 at Xi=2.537600e+01... 
02/05/15::04:00:33: Assembling BEM matrix block (1,1) 
02/05/15::04:17:20: LU-factorizing T1 at Xi=25.376... 
02/05/15::04:17:20: LU-factorizing T2 at Xi=25.376... 
02/05/15::04:17:34: Applying transform 0.1... 
02/05/15::04:17:34:  Assembling U(0,1) 
02/05/15::04:17:34: Assembling BEM matrix block (0,1) 
02/05/15::04:21:09:   Computing ZForce... 
