02/04/15::13:34:45: scuff-cas3D running on bullet0034 
02/04/15::13:34:46: Setting material properties of exterior region to VACUUM. 
02/04/15::13:34:46: Flipped 514 panel normals to comport with region definitions. 
02/04/15::13:34:46: Computing full zero-temperature Casimir quantities. 
02/04/15::13:34:46: Read 1 geometrical transformations from file BeadPEC_L-0.251189.trans. 
02/04/15::13:34:46: Minimum distance between surface points=2.511890e-01 
02/04/15::13:34:46: Computing Casimir integrand at Xi=0.001
 
02/04/15::13:34:46: Assembling T1 at Xi=1.000000e-03... 
02/04/15::13:34:46: Assembling BEM matrix block (0,0) 
02/04/15::13:35:19: Assembling T2 at Xi=1.000000e-03... 
02/04/15::13:35:19: Assembling BEM matrix block (1,1) 
02/04/15::13:40:49: LU-factorizing T1 at Xi=0.001... 
02/04/15::13:40:49: LU-factorizing T2 at Xi=0.001... 
02/04/15::13:40:55: Applying transform 0.251189... 
02/04/15::13:40:55:  Assembling U(0,1) 
02/04/15::13:40:55: Assembling BEM matrix block (0,1) 
02/04/15::13:45:55:   Computing ZForce... 
02/04/15::13:45:57: Computing Casimir integrand at Xi=0.349343
 
02/04/15::13:45:57: Assembling T1 at Xi=3.493433e-01... 
02/04/15::13:45:57: Assembling BEM matrix block (0,0) 
02/04/15::13:46:00: Assembling T2 at Xi=3.493433e-01... 
02/04/15::13:46:00: Assembling BEM matrix block (1,1) 
02/04/15::13:48:50: LU-factorizing T1 at Xi=0.349343... 
02/04/15::13:48:50: LU-factorizing T2 at Xi=0.349343... 
02/04/15::13:48:56: Applying transform 0.251189... 
02/04/15::13:48:56:  Assembling U(0,1) 
02/04/15::13:48:56: Assembling BEM matrix block (0,1) 
02/04/15::13:53:35:   Computing ZForce... 
02/04/15::13:53:37: Computing Casimir integrand at Xi=0.697687
 
02/04/15::13:53:37: Assembling T1 at Xi=6.976866e-01... 
02/04/15::13:53:37: Assembling BEM matrix block (0,0) 
02/04/15::13:53:41: Assembling T2 at Xi=6.976866e-01... 
02/04/15::13:53:41: Assembling BEM matrix block (1,1) 
02/04/15::13:56:49: LU-factorizing T1 at Xi=0.697687... 
02/04/15::13:56:49: LU-factorizing T2 at Xi=0.697687... 
02/04/15::13:56:55: Applying transform 0.251189... 
02/04/15::13:56:55:  Assembling U(0,1) 
02/04/15::13:56:55: Assembling BEM matrix block (0,1) 
02/04/15::14:01:36:   Computing ZForce... 
02/04/15::14:01:39: Computing Casimir integrand at Xi=1.39437
 
02/04/15::14:01:39: Assembling T1 at Xi=1.394373e+00... 
02/04/15::14:01:39: Assembling BEM matrix block (0,0) 
02/04/15::14:01:42: Assembling T2 at Xi=1.394373e+00... 
02/04/15::14:01:42: Assembling BEM matrix block (1,1) 
02/04/15::14:25:25: LU-factorizing T1 at Xi=1.39437... 
02/04/15::14:25:25: LU-factorizing T2 at Xi=1.39437... 
02/04/15::14:25:31: Applying transform 0.251189... 
02/04/15::14:25:31:  Assembling U(0,1) 
02/04/15::14:25:31: Assembling BEM matrix block (0,1) 
02/04/15::14:30:08:   Computing ZForce... 
02/04/15::14:30:10: Computing Casimir integrand at Xi=2.09106
 
02/04/15::14:30:10: Assembling T1 at Xi=2.091060e+00... 
02/04/15::14:30:10: Assembling BEM matrix block (0,0) 
02/04/15::14:30:14: Assembling T2 at Xi=2.091060e+00... 
02/04/15::14:30:14: Assembling BEM matrix block (1,1) 
02/04/15::14:55:40: LU-factorizing T1 at Xi=2.09106... 
02/04/15::14:55:40: LU-factorizing T2 at Xi=2.09106... 
02/04/15::14:55:46: Applying transform 0.251189... 
02/04/15::14:55:46:  Assembling U(0,1) 
02/04/15::14:55:46: Assembling BEM matrix block (0,1) 
02/04/15::15:00:19:   Computing ZForce... 
02/04/15::15:00:22: Computing Casimir integrand at Xi=1.04603
 
02/04/15::15:00:22: Assembling T1 at Xi=1.046030e+00... 
02/04/15::15:00:22: Assembling BEM matrix block (0,0) 
02/04/15::15:00:25: Assembling T2 at Xi=1.046030e+00... 
02/04/15::15:00:25: Assembling BEM matrix block (1,1) 
02/04/15::15:23:55: LU-factorizing T1 at Xi=1.04603... 
02/04/15::15:23:55: LU-factorizing T2 at Xi=1.04603... 
02/04/15::15:24:01: Applying transform 0.251189... 
02/04/15::15:24:01:  Assembling U(0,1) 
02/04/15::15:24:01: Assembling BEM matrix block (0,1) 
02/04/15::15:28:37:   Computing ZForce... 
02/04/15::15:28:39: Computing Casimir integrand at Xi=2.09106
 
02/04/15::15:28:39: Assembling T1 at Xi=2.091060e+00... 
02/04/15::15:28:39: Assembling BEM matrix block (0,0) 
02/04/15::15:28:43: Assembling T2 at Xi=2.091060e+00... 
02/04/15::15:28:43: Assembling BEM matrix block (1,1) 
02/04/15::15:54:08: LU-factorizing T1 at Xi=2.09106... 
02/04/15::15:54:08: LU-factorizing T2 at Xi=2.09106... 
02/04/15::15:54:14: Applying transform 0.251189... 
02/04/15::15:54:14:  Assembling U(0,1) 
02/04/15::15:54:14: Assembling BEM matrix block (0,1) 
02/04/15::15:58:47:   Computing ZForce... 
02/04/15::15:58:49: Computing Casimir integrand at Xi=2.78775
 
02/04/15::15:58:49: Assembling T1 at Xi=2.787746e+00... 
02/04/15::15:58:49: Assembling BEM matrix block (0,0) 
02/04/15::15:58:54: Assembling T2 at Xi=2.787746e+00... 
02/04/15::15:58:54: Assembling BEM matrix block (1,1) 
02/04/15::16:24:22: LU-factorizing T1 at Xi=2.78775... 
02/04/15::16:24:22: LU-factorizing T2 at Xi=2.78775... 
02/04/15::16:24:28: Applying transform 0.251189... 
02/04/15::16:24:28:  Assembling U(0,1) 
02/04/15::16:24:28: Assembling BEM matrix block (0,1) 
02/04/15::16:29:01:   Computing ZForce... 
02/04/15::16:29:03: Computing Casimir integrand at Xi=1.74272
 
02/04/15::16:29:03: Assembling T1 at Xi=1.742716e+00... 
02/04/15::16:29:03: Assembling BEM matrix block (0,0) 
02/04/15::16:29:07: Assembling T2 at Xi=1.742716e+00... 
02/04/15::16:29:07: Assembling BEM matrix block (1,1) 
02/04/15::16:54:19: LU-factorizing T1 at Xi=1.74272... 
02/04/15::16:54:19: LU-factorizing T2 at Xi=1.74272... 
02/04/15::16:54:26: Applying transform 0.251189... 
02/04/15::16:54:26:  Assembling U(0,1) 
02/04/15::16:54:26: Assembling BEM matrix block (0,1) 
02/04/15::16:58:59:   Computing ZForce... 
02/04/15::16:59:01: Computing Casimir integrand at Xi=2.78775
 
02/04/15::16:59:01: Assembling T1 at Xi=2.787746e+00... 
02/04/15::16:59:01: Assembling BEM matrix block (0,0) 
02/04/15::16:59:06: Assembling T2 at Xi=2.787746e+00... 
02/04/15::16:59:06: Assembling BEM matrix block (1,1) 
02/04/15::17:24:31: LU-factorizing T1 at Xi=2.78775... 
02/04/15::17:24:31: LU-factorizing T2 at Xi=2.78775... 
02/04/15::17:24:37: Applying transform 0.251189... 
02/04/15::17:24:37:  Assembling U(0,1) 
02/04/15::17:24:37: Assembling BEM matrix block (0,1) 
02/04/15::17:29:08:   Computing ZForce... 
02/04/15::17:29:11: Computing Casimir integrand at Xi=3.48443
 
02/04/15::17:29:11: Assembling T1 at Xi=3.484433e+00... 
02/04/15::17:29:11: Assembling BEM matrix block (0,0) 
02/04/15::17:29:15: Assembling T2 at Xi=3.484433e+00... 
02/04/15::17:29:15: Assembling BEM matrix block (1,1) 
02/04/15::17:54:37: LU-factorizing T1 at Xi=3.48443... 
02/04/15::17:54:37: LU-factorizing T2 at Xi=3.48443... 
02/04/15::17:54:43: Applying transform 0.251189... 
02/04/15::17:54:43:  Assembling U(0,1) 
02/04/15::17:54:43: Assembling BEM matrix block (0,1) 
02/04/15::17:59:14:   Computing ZForce... 
02/04/15::17:59:16: Computing Casimir integrand at Xi=2.4394
 
02/04/15::17:59:16: Assembling T1 at Xi=2.439403e+00... 
02/04/15::17:59:16: Assembling BEM matrix block (0,0) 
02/04/15::17:59:21: Assembling T2 at Xi=2.439403e+00... 
02/04/15::17:59:21: Assembling BEM matrix block (1,1) 
02/04/15::18:24:48: LU-factorizing T1 at Xi=2.4394... 
02/04/15::18:24:48: LU-factorizing T2 at Xi=2.4394... 
02/04/15::18:24:54: Applying transform 0.251189... 
02/04/15::18:24:54:  Assembling U(0,1) 
02/04/15::18:24:54: Assembling BEM matrix block (0,1) 
02/04/15::18:29:29:   Computing ZForce... 
02/04/15::18:29:31: Computing Casimir integrand at Xi=3.48443
 
02/04/15::18:29:31: Assembling T1 at Xi=3.484433e+00... 
02/04/15::18:29:31: Assembling BEM matrix block (0,0) 
02/04/15::18:29:36: Assembling T2 at Xi=3.484433e+00... 
02/04/15::18:29:36: Assembling BEM matrix block (1,1) 
02/04/15::18:55:07: LU-factorizing T1 at Xi=3.48443... 
02/04/15::18:55:07: LU-factorizing T2 at Xi=3.48443... 
02/04/15::18:55:13: Applying transform 0.251189... 
02/04/15::18:55:13:  Assembling U(0,1) 
02/04/15::18:55:13: Assembling BEM matrix block (0,1) 
02/04/15::18:59:46:   Computing ZForce... 
02/04/15::18:59:49: Computing Casimir integrand at Xi=4.18112
 
02/04/15::18:59:49: Assembling T1 at Xi=4.181119e+00... 
02/04/15::18:59:49: Assembling BEM matrix block (0,0) 
02/04/15::19:00:10: Assembling T2 at Xi=4.181119e+00... 
02/04/15::19:00:10: Assembling BEM matrix block (1,1) 
02/04/15::19:25:39: LU-factorizing T1 at Xi=4.18112... 
02/04/15::19:25:39: LU-factorizing T2 at Xi=4.18112... 
02/04/15::19:25:45: Applying transform 0.251189... 
02/04/15::19:25:45:  Assembling U(0,1) 
02/04/15::19:25:45: Assembling BEM matrix block (0,1) 
02/04/15::19:30:18:   Computing ZForce... 
02/04/15::19:30:20: Computing Casimir integrand at Xi=3.13609
 
02/04/15::19:30:20: Assembling T1 at Xi=3.136090e+00... 
02/04/15::19:30:20: Assembling BEM matrix block (0,0) 
02/04/15::19:30:25: Assembling T2 at Xi=3.136090e+00... 
02/04/15::19:30:25: Assembling BEM matrix block (1,1) 
02/04/15::19:55:54: LU-factorizing T1 at Xi=3.13609... 
02/04/15::19:55:54: LU-factorizing T2 at Xi=3.13609... 
02/04/15::19:56:01: Applying transform 0.251189... 
02/04/15::19:56:01:  Assembling U(0,1) 
02/04/15::19:56:01: Assembling BEM matrix block (0,1) 
02/04/15::20:00:47:   Computing ZForce... 
02/04/15::20:00:50: Computing Casimir integrand at Xi=4.18112
 
02/04/15::20:00:50: Assembling T1 at Xi=4.181119e+00... 
02/04/15::20:00:50: Assembling BEM matrix block (0,0) 
02/04/15::20:01:13: Assembling T2 at Xi=4.181119e+00... 
02/04/15::20:01:13: Assembling BEM matrix block (1,1) 
02/04/15::20:27:59: LU-factorizing T1 at Xi=4.18112... 
02/04/15::20:27:59: LU-factorizing T2 at Xi=4.18112... 
02/04/15::20:28:06: Applying transform 0.251189... 
02/04/15::20:28:06:  Assembling U(0,1) 
02/04/15::20:28:06: Assembling BEM matrix block (0,1) 
02/04/15::20:32:53:   Computing ZForce... 
02/04/15::20:32:55: Computing Casimir integrand at Xi=4.87781
 
02/04/15::20:32:55: Assembling T1 at Xi=4.877806e+00... 
02/04/15::20:32:55: Assembling BEM matrix block (0,0) 
02/04/15::20:33:54: Assembling T2 at Xi=4.877806e+00... 
02/04/15::20:33:54: Assembling BEM matrix block (1,1) 
02/04/15::21:00:40: LU-factorizing T1 at Xi=4.87781... 
02/04/15::21:00:40: LU-factorizing T2 at Xi=4.87781... 
02/04/15::21:00:47: Applying transform 0.251189... 
02/04/15::21:00:47:  Assembling U(0,1) 
02/04/15::21:00:47: Assembling BEM matrix block (0,1) 
02/04/15::21:05:34:   Computing ZForce... 
02/04/15::21:05:36: Computing Casimir integrand at Xi=3.83278
 
02/04/15::21:05:36: Assembling T1 at Xi=3.832776e+00... 
02/04/15::21:05:36: Assembling BEM matrix block (0,0) 
02/04/15::21:05:46: Assembling T2 at Xi=3.832776e+00... 
02/04/15::21:05:46: Assembling BEM matrix block (1,1) 
02/04/15::21:31:55: LU-factorizing T1 at Xi=3.83278... 
02/04/15::21:31:55: LU-factorizing T2 at Xi=3.83278... 
02/04/15::21:32:01: Applying transform 0.251189... 
02/04/15::21:32:01:  Assembling U(0,1) 
02/04/15::21:32:01: Assembling BEM matrix block (0,1) 
02/04/15::21:36:33:   Computing ZForce... 
02/04/15::21:36:36: Computing Casimir integrand at Xi=4.87781
 
02/04/15::21:36:36: Assembling T1 at Xi=4.877806e+00... 
02/04/15::21:36:36: Assembling BEM matrix block (0,0) 
02/04/15::21:37:31: Assembling T2 at Xi=4.877806e+00... 
02/04/15::21:37:31: Assembling BEM matrix block (1,1) 
02/04/15::22:02:54: LU-factorizing T1 at Xi=4.87781... 
02/04/15::22:02:54: LU-factorizing T2 at Xi=4.87781... 
02/04/15::22:03:00: Applying transform 0.251189... 
02/04/15::22:03:00:  Assembling U(0,1) 
02/04/15::22:03:00: Assembling BEM matrix block (0,1) 
02/04/15::22:07:32:   Computing ZForce... 
02/04/15::22:07:34: Computing Casimir integrand at Xi=5.57449
 
02/04/15::22:07:34: Assembling T1 at Xi=5.574492e+00... 
02/04/15::22:07:34: Assembling BEM matrix block (0,0) 
02/04/15::22:09:01: Assembling T2 at Xi=5.574492e+00... 
02/04/15::22:09:01: Assembling BEM matrix block (1,1) 
02/04/15::22:34:24: LU-factorizing T1 at Xi=5.57449... 
02/04/15::22:34:24: LU-factorizing T2 at Xi=5.57449... 
02/04/15::22:34:30: Applying transform 0.251189... 
02/04/15::22:34:30:  Assembling U(0,1) 
02/04/15::22:34:30: Assembling BEM matrix block (0,1) 
02/04/15::22:39:03:   Computing ZForce... 
02/04/15::22:39:06: Computing Casimir integrand at Xi=4.52946
 
02/04/15::22:39:06: Assembling T1 at Xi=4.529463e+00... 
02/04/15::22:39:06: Assembling BEM matrix block (0,0) 
02/04/15::22:39:42: Assembling T2 at Xi=4.529463e+00... 
02/04/15::22:39:42: Assembling BEM matrix block (1,1) 
02/04/15::23:05:13: LU-factorizing T1 at Xi=4.52946... 
02/04/15::23:05:13: LU-factorizing T2 at Xi=4.52946... 
02/04/15::23:05:19: Applying transform 0.251189... 
02/04/15::23:05:19:  Assembling U(0,1) 
02/04/15::23:05:19: Assembling BEM matrix block (0,1) 
02/04/15::23:09:52:   Computing ZForce... 
02/04/15::23:09:55: Computing Casimir integrand at Xi=5.57449
 
02/04/15::23:09:55: Assembling T1 at Xi=5.574492e+00... 
02/04/15::23:09:55: Assembling BEM matrix block (0,0) 
02/04/15::23:11:22: Assembling T2 at Xi=5.574492e+00... 
02/04/15::23:11:22: Assembling BEM matrix block (1,1) 
02/04/15::23:36:55: LU-factorizing T1 at Xi=5.57449... 
02/04/15::23:36:55: LU-factorizing T2 at Xi=5.57449... 
02/04/15::23:37:01: Applying transform 0.251189... 
02/04/15::23:37:01:  Assembling U(0,1) 
02/04/15::23:37:01: Assembling BEM matrix block (0,1) 
02/04/15::23:41:33:   Computing ZForce... 
02/04/15::23:41:36: Computing Casimir integrand at Xi=6.27118
 
02/04/15::23:41:36: Assembling T1 at Xi=6.271179e+00... 
02/04/15::23:41:36: Assembling BEM matrix block (0,0) 
02/04/15::23:43:14: Assembling T2 at Xi=6.271179e+00... 
02/04/15::23:43:14: Assembling BEM matrix block (1,1) 
02/05/15::00:07:32: LU-factorizing T1 at Xi=6.27118... 
02/05/15::00:07:32: LU-factorizing T2 at Xi=6.27118... 
02/05/15::00:07:39: Applying transform 0.251189... 
02/05/15::00:07:39:  Assembling U(0,1) 
02/05/15::00:07:39: Assembling BEM matrix block (0,1) 
02/05/15::00:12:12:   Computing ZForce... 
02/05/15::00:12:15: Computing Casimir integrand at Xi=5.22615
 
02/05/15::00:12:15: Assembling T1 at Xi=5.226149e+00... 
02/05/15::00:12:15: Assembling BEM matrix block (0,0) 
02/05/15::00:13:30: Assembling T2 at Xi=5.226149e+00... 
02/05/15::00:13:30: Assembling BEM matrix block (1,1) 
02/05/15::00:38:55: LU-factorizing T1 at Xi=5.22615... 
02/05/15::00:38:55: LU-factorizing T2 at Xi=5.22615... 
02/05/15::00:39:01: Applying transform 0.251189... 
02/05/15::00:39:01:  Assembling U(0,1) 
02/05/15::00:39:01: Assembling BEM matrix block (0,1) 
02/05/15::00:43:33:   Computing ZForce... 
02/05/15::00:43:36: Computing Casimir integrand at Xi=6.27118
 
02/05/15::00:43:36: Assembling T1 at Xi=6.271179e+00... 
02/05/15::00:43:36: Assembling BEM matrix block (0,0) 
02/05/15::00:45:14: Assembling T2 at Xi=6.271179e+00... 
02/05/15::00:45:14: Assembling BEM matrix block (1,1) 
02/05/15::01:09:30: LU-factorizing T1 at Xi=6.27118... 
02/05/15::01:09:30: LU-factorizing T2 at Xi=6.27118... 
02/05/15::01:09:36: Applying transform 0.251189... 
02/05/15::01:09:36:  Assembling U(0,1) 
02/05/15::01:09:36: Assembling BEM matrix block (0,1) 
02/05/15::01:14:08:   Computing ZForce... 
02/05/15::01:14:11: Computing Casimir integrand at Xi=6.96787
 
02/05/15::01:14:11: Assembling T1 at Xi=6.967866e+00... 
02/05/15::01:14:11: Assembling BEM matrix block (0,0) 
02/05/15::01:15:50: Assembling T2 at Xi=6.967866e+00... 
02/05/15::01:15:50: Assembling BEM matrix block (1,1) 
02/05/15::01:44:51:   Computing ZForce... 
02/05/15::01:44:53: Computing Casimir integrand at Xi=5.92284
 
02/05/15::01:44:53: Assembling T1 at Xi=5.922836e+00... 
02/05/15::01:44:53: Assembling BEM matrix block (0,0) 
02/05/15::01:46:29: Assembling T2 at Xi=5.922836e+00... 
02/05/15::01:46:29: Assembling BEM matrix block (1,1) 
02/05/15::02:10:44: LU-factorizing T1 at Xi=5.92284... 
02/05/15::02:10:44: LU-factorizing T2 at Xi=5.92284... 
02/05/15::02:10:50: Applying transform 0.251189... 
02/05/15::02:10:50:  Assembling U(0,1) 
02/05/15::02:10:50: Assembling BEM matrix block (0,1) 
02/05/15::02:15:23:   Computing ZForce... 
02/05/15::02:15:25: Computing Casimir integrand at Xi=6.96787
 
02/05/15::02:15:25: Assembling T1 at Xi=6.967866e+00... 
02/05/15::02:15:25: Assembling BEM matrix block (0,0) 
02/05/15::02:17:05: Assembling T2 at Xi=6.967866e+00... 
02/05/15::02:17:05: Assembling BEM matrix block (1,1) 
02/05/15::02:41:27: LU-factorizing T1 at Xi=6.96787... 
02/05/15::02:41:27: LU-factorizing T2 at Xi=6.96787... 
02/05/15::02:41:33: Applying transform 0.251189... 
02/05/15::02:41:33:  Assembling U(0,1) 
02/05/15::02:41:33: Assembling BEM matrix block (0,1) 
02/05/15::02:46:06:   Computing ZForce... 
02/05/15::02:46:08: Computing Casimir integrand at Xi=7.66455
 
02/05/15::02:46:08: Assembling T1 at Xi=7.664552e+00... 
02/05/15::02:46:08: Assembling BEM matrix block (0,0) 
02/05/15::02:47:49: Assembling T2 at Xi=7.664552e+00... 
02/05/15::02:47:49: Assembling BEM matrix block (1,1) 
02/05/15::03:12:17: LU-factorizing T1 at Xi=7.66455... 
02/05/15::03:12:17: LU-factorizing T2 at Xi=7.66455... 
02/05/15::03:12:24: Applying transform 0.251189... 
02/05/15::03:12:24:  Assembling U(0,1) 
02/05/15::03:12:24: Assembling BEM matrix block (0,1) 
02/05/15::03:16:57:   Computing ZForce... 
02/05/15::03:16:59: Computing Casimir integrand at Xi=6.61952
 
02/05/15::03:16:59: Assembling T1 at Xi=6.619522e+00... 
02/05/15::03:16:59: Assembling BEM matrix block (0,0) 
02/05/15::03:18:39: Assembling T2 at Xi=6.619522e+00... 
02/05/15::03:18:39: Assembling BEM matrix block (1,1) 
02/05/15::03:42:56: LU-factorizing T1 at Xi=6.61952... 
02/05/15::03:42:56: LU-factorizing T2 at Xi=6.61952... 
02/05/15::03:43:02: Applying transform 0.251189... 
02/05/15::03:43:02:  Assembling U(0,1) 
02/05/15::03:43:02: Assembling BEM matrix block (0,1) 
02/05/15::03:47:34:   Computing ZForce... 
02/05/15::03:47:37: Computing Casimir integrand at Xi=7.66455
 
02/05/15::03:47:37: Assembling T1 at Xi=7.664552e+00... 
02/05/15::03:47:37: Assembling BEM matrix block (0,0) 
02/05/15::03:49:17: Assembling T2 at Xi=7.664552e+00... 
02/05/15::03:49:17: Assembling BEM matrix block (1,1) 
02/05/15::04:13:45: LU-factorizing T1 at Xi=7.66455... 
02/05/15::04:13:45: LU-factorizing T2 at Xi=7.66455... 
02/05/15::04:13:51: Applying transform 0.251189... 
02/05/15::04:13:51:  Assembling U(0,1) 
02/05/15::04:13:51: Assembling BEM matrix block (0,1) 
02/05/15::04:18:24:   Computing ZForce... 
02/05/15::04:18:27: Computing Casimir integrand at Xi=8.36124
 
02/05/15::04:18:27: Assembling T1 at Xi=8.361239e+00... 
02/05/15::04:18:27: Assembling BEM matrix block (0,0) 
02/05/15::04:20:07: Assembling T2 at Xi=8.361239e+00... 
02/05/15::04:20:07: Assembling BEM matrix block (1,1) 
02/05/15::04:44:38: LU-factorizing T1 at Xi=8.36124... 
02/05/15::04:44:38: LU-factorizing T2 at Xi=8.36124... 
02/05/15::04:44:45: Applying transform 0.251189... 
02/05/15::04:44:45:  Assembling U(0,1) 
02/05/15::04:44:45: Assembling BEM matrix block (0,1) 
02/05/15::04:49:19:   Computing ZForce... 
02/05/15::04:49:21: Computing Casimir integrand at Xi=7.31621
 
02/05/15::04:49:21: Assembling T1 at Xi=7.316209e+00... 
02/05/15::04:49:21: Assembling BEM matrix block (0,0) 
02/05/15::04:51:01: Assembling T2 at Xi=7.316209e+00... 
02/05/15::04:51:01: Assembling BEM matrix block (1,1) 
02/05/15::05:15:25: LU-factorizing T1 at Xi=7.31621... 
02/05/15::05:15:25: LU-factorizing T2 at Xi=7.31621... 
02/05/15::05:15:32: Applying transform 0.251189... 
02/05/15::05:15:32:  Assembling U(0,1) 
02/05/15::05:15:32: Assembling BEM matrix block (0,1) 
02/05/15::05:20:04:   Computing ZForce... 
02/05/15::05:20:06: Computing Casimir integrand at Xi=8.36124
 
02/05/15::05:20:06: Assembling T1 at Xi=8.361239e+00... 
02/05/15::05:20:06: Assembling BEM matrix block (0,0) 
02/05/15::05:21:47: Assembling T2 at Xi=8.361239e+00... 
02/05/15::05:21:47: Assembling BEM matrix block (1,1) 
02/05/15::05:46:18: LU-factorizing T1 at Xi=8.36124... 
02/05/15::05:46:18: LU-factorizing T2 at Xi=8.36124... 
02/05/15::05:46:24: Applying transform 0.251189... 
02/05/15::05:46:24:  Assembling U(0,1) 
02/05/15::05:46:24: Assembling BEM matrix block (0,1) 
02/05/15::05:50:58:   Computing ZForce... 
02/05/15::05:51:00: Computing Casimir integrand at Xi=9.05793
 
02/05/15::05:51:00: Assembling T1 at Xi=9.057925e+00... 
02/05/15::05:51:00: Assembling BEM matrix block (0,0) 
02/05/15::05:52:41: Assembling T2 at Xi=9.057925e+00... 
02/05/15::05:52:41: Assembling BEM matrix block (1,1) 
02/05/15::06:17:13: LU-factorizing T1 at Xi=9.05793... 
02/05/15::06:17:13: LU-factorizing T2 at Xi=9.05793... 
02/05/15::06:17:20: Applying transform 0.251189... 
02/05/15::06:17:20:  Assembling U(0,1) 
02/05/15::06:17:20: Assembling BEM matrix block (0,1) 
02/05/15::06:21:54:   Computing ZForce... 
02/05/15::06:21:57: Computing Casimir integrand at Xi=8.0129
 
02/05/15::06:21:57: Assembling T1 at Xi=8.012895e+00... 
02/05/15::06:21:57: Assembling BEM matrix block (0,0) 
02/05/15::06:23:37: Assembling T2 at Xi=8.012895e+00... 
02/05/15::06:23:37: Assembling BEM matrix block (1,1) 
02/05/15::06:48:06: LU-factorizing T1 at Xi=8.0129... 
02/05/15::06:48:06: LU-factorizing T2 at Xi=8.0129... 
02/05/15::06:48:12: Applying transform 0.251189... 
02/05/15::06:48:12:  Assembling U(0,1) 
02/05/15::06:48:12: Assembling BEM matrix block (0,1) 
02/05/15::06:52:45:   Computing ZForce... 
02/05/15::06:52:48: Computing Casimir integrand at Xi=9.05793
 
02/05/15::06:52:48: Assembling T1 at Xi=9.057925e+00... 
02/05/15::06:52:48: Assembling BEM matrix block (0,0) 
02/05/15::06:54:28: Assembling T2 at Xi=9.057925e+00... 
02/05/15::06:54:28: Assembling BEM matrix block (1,1) 
02/05/15::07:19:01: LU-factorizing T1 at Xi=9.05793... 
02/05/15::07:19:01: LU-factorizing T2 at Xi=9.05793... 
02/05/15::07:19:09: Applying transform 0.251189... 
02/05/15::07:19:09:  Assembling U(0,1) 
02/05/15::07:19:09: Assembling BEM matrix block (0,1) 
02/05/15::07:23:43:   Computing ZForce... 
02/05/15::07:23:45: Computing Casimir integrand at Xi=9.75461
 
02/05/15::07:23:45: Assembling T1 at Xi=9.754612e+00... 
02/05/15::07:23:45: Assembling BEM matrix block (0,0) 
02/05/15::07:25:26: Assembling T2 at Xi=9.754612e+00... 
02/05/15::07:25:26: Assembling BEM matrix block (1,1) 
02/05/15::07:49:57: LU-factorizing T1 at Xi=9.75461... 
02/05/15::07:49:57: LU-factorizing T2 at Xi=9.75461... 
02/05/15::07:50:06: Applying transform 0.251189... 
02/05/15::07:50:06:  Assembling U(0,1) 
02/05/15::07:50:06: Assembling BEM matrix block (0,1) 
02/05/15::07:54:44:   Computing ZForce... 
02/05/15::07:54:46: Computing Casimir integrand at Xi=8.70958
 
02/05/15::07:54:46: Assembling T1 at Xi=8.709582e+00... 
02/05/15::07:54:46: Assembling BEM matrix block (0,0) 
02/05/15::07:56:27: Assembling T2 at Xi=8.709582e+00... 
02/05/15::07:56:27: Assembling BEM matrix block (1,1) 
02/05/15::08:20:59: LU-factorizing T1 at Xi=8.70958... 
02/05/15::08:20:59: LU-factorizing T2 at Xi=8.70958... 
02/05/15::08:21:06: Applying transform 0.251189... 
02/05/15::08:21:06:  Assembling U(0,1) 
02/05/15::08:21:06: Assembling BEM matrix block (0,1) 
02/05/15::08:25:39:   Computing ZForce... 
02/05/15::08:25:42: Computing Casimir integrand at Xi=9.75461
 
02/05/15::08:25:42: Assembling T1 at Xi=9.754612e+00... 
02/05/15::08:25:42: Assembling BEM matrix block (0,0) 
02/05/15::08:27:23: Assembling T2 at Xi=9.754612e+00... 
02/05/15::08:27:23: Assembling BEM matrix block (1,1) 
02/05/15::08:51:56: LU-factorizing T1 at Xi=9.75461... 
02/05/15::08:51:56: LU-factorizing T2 at Xi=9.75461... 
02/05/15::08:52:04: Applying transform 0.251189... 
02/05/15::08:52:04:  Assembling U(0,1) 
02/05/15::08:52:04: Assembling BEM matrix block (0,1) 
02/05/15::08:56:42:   Computing ZForce... 
02/05/15::08:56:45: Computing Casimir integrand at Xi=10.4513
 
02/05/15::08:56:45: Assembling T1 at Xi=1.045130e+01... 
02/05/15::08:56:45: Assembling BEM matrix block (0,0) 
02/05/15::08:58:26: Assembling T2 at Xi=1.045130e+01... 
02/05/15::08:58:26: Assembling BEM matrix block (1,1) 
02/05/15::09:22:58: LU-factorizing T1 at Xi=10.4513... 
02/05/15::09:22:58: LU-factorizing T2 at Xi=10.4513... 
02/05/15::09:23:08: Applying transform 0.251189... 
02/05/15::09:23:08:  Assembling U(0,1) 
02/05/15::09:23:08: Assembling BEM matrix block (0,1) 
02/05/15::09:28:02:   Computing ZForce... 
02/05/15::09:28:07: Computing Casimir integrand at Xi=11.148
 
02/05/15::09:28:07: Assembling T1 at Xi=1.114798e+01... 
02/05/15::09:28:07: Assembling BEM matrix block (0,0) 
02/05/15::09:29:47: Assembling T2 at Xi=1.114798e+01... 
02/05/15::09:29:47: Assembling BEM matrix block (1,1) 
02/05/15::09:54:16: LU-factorizing T1 at Xi=11.148... 
02/05/15::09:54:16: LU-factorizing T2 at Xi=11.148... 
02/05/15::09:54:29: Applying transform 0.251189... 
02/05/15::09:54:29:  Assembling U(0,1) 
02/05/15::09:54:29: Assembling BEM matrix block (0,1) 
02/05/15::09:59:33:   Computing ZForce... 
02/05/15::09:59:39: Computing Casimir integrand at Xi=11.8447
 
02/05/15::09:59:39: Assembling T1 at Xi=1.184467e+01... 
02/05/15::09:59:39: Assembling BEM matrix block (0,0) 
02/05/15::10:01:19: Assembling T2 at Xi=1.184467e+01... 
02/05/15::10:01:19: Assembling BEM matrix block (1,1) 
02/05/15::10:25:50: LU-factorizing T1 at Xi=11.8447... 
02/05/15::10:25:50: LU-factorizing T2 at Xi=11.8447... 
02/05/15::10:26:11: Applying transform 0.251189... 
02/05/15::10:26:11:  Assembling U(0,1) 
02/05/15::10:26:11: Assembling BEM matrix block (0,1) 
02/05/15::10:31:30:   Computing ZForce... 
02/05/15::10:31:38: Computing Casimir integrand at Xi=12.5414
 
02/05/15::10:31:38: Assembling T1 at Xi=1.254136e+01... 
02/05/15::10:31:38: Assembling BEM matrix block (0,0) 
02/05/15::10:33:19: Assembling T2 at Xi=1.254136e+01... 
02/05/15::10:33:19: Assembling BEM matrix block (1,1) 
02/05/15::10:57:52: LU-factorizing T1 at Xi=12.5414... 
02/05/15::10:57:52: LU-factorizing T2 at Xi=12.5414... 
02/05/15::10:58:20: Applying transform 0.251189... 
02/05/15::10:58:20:  Assembling U(0,1) 
02/05/15::10:58:20: Assembling BEM matrix block (0,1) 
02/05/15::11:03:52:   Computing ZForce... 
02/05/15::11:04:02: Computing Casimir integrand at Xi=13.238
 
02/05/15::11:04:03: Assembling T1 at Xi=1.323804e+01... 
02/05/15::11:04:03: Assembling BEM matrix block (0,0) 
02/05/15::11:05:43: Assembling T2 at Xi=1.323804e+01... 
02/05/15::11:05:43: Assembling BEM matrix block (1,1) 
02/05/15::11:30:19: LU-factorizing T1 at Xi=13.238... 
02/05/15::11:30:19: LU-factorizing T2 at Xi=13.238... 
02/05/15::11:30:50: Applying transform 0.251189... 
02/05/15::11:30:50:  Assembling U(0,1) 
02/05/15::11:30:50: Assembling BEM matrix block (0,1) 
02/05/15::11:36:36:   Computing ZForce... 
02/05/15::11:36:48: Computing Casimir integrand at Xi=13.9347
 
02/05/15::11:36:48: Assembling T1 at Xi=1.393473e+01... 
02/05/15::11:36:48: Assembling BEM matrix block (0,0) 
02/05/15::11:38:29: Assembling T2 at Xi=1.393473e+01... 
02/05/15::11:38:29: Assembling BEM matrix block (1,1) 
02/05/15::12:03:10: LU-factorizing T1 at Xi=13.9347... 
02/05/15::12:03:10: LU-factorizing T2 at Xi=13.9347... 
02/05/15::12:03:48: Applying transform 0.251189... 
02/05/15::12:03:48:  Assembling U(0,1) 
02/05/15::12:03:48: Assembling BEM matrix block (0,1) 
02/05/15::12:09:48:   Computing ZForce... 
02/05/15::12:10:02: Computing Casimir integrand at Xi=14.6314
 
02/05/15::12:10:02: Assembling T1 at Xi=1.463142e+01... 
02/05/15::12:10:02: Assembling BEM matrix block (0,0) 
02/05/15::12:11:43: Assembling T2 at Xi=1.463142e+01... 
02/05/15::12:11:43: Assembling BEM matrix block (1,1) 
02/05/15::12:36:23: LU-factorizing T1 at Xi=14.6314... 
02/05/15::12:36:23: LU-factorizing T2 at Xi=14.6314... 
02/05/15::12:36:58: Applying transform 0.251189... 
02/05/15::12:36:58:  Assembling U(0,1) 
02/05/15::12:36:58: Assembling BEM matrix block (0,1) 
02/05/15::12:42:45:   Computing ZForce... 
