02/05/15::00:30:35: scuff-cas3D running on kiso0061 
02/05/15::00:30:35: Setting material properties of exterior region to VACUUM. 
02/05/15::00:30:35: Flipped 500 panel normals to comport with region definitions. 
02/05/15::00:30:35: Computing full Matsubara-summed Casimir quantities at T=3.000000e+02 Kelvin. 
02/05/15::00:30:35: Read 1 geometrical transformations from file BeadPEC_300K_L-2.51189.trans. 
02/05/15::00:30:35: Beginning Matsubara sum at T=300 kelvin... 
02/05/15::00:30:35: Computing Casimir integrand at Xi=0.001
 
02/05/15::00:30:35: Assembling T1 at Xi=1.000000e-03... 
02/05/15::00:30:35: Assembling BEM matrix block (0,0) 
02/05/15::00:30:58: Assembling T2 at Xi=1.000000e-03... 
02/05/15::00:30:58: Assembling BEM matrix block (1,1) 
02/05/15::00:34:42: LU-factorizing T1 at Xi=0.001... 
02/05/15::00:34:42: LU-factorizing T2 at Xi=0.001... 
02/05/15::00:34:47: Applying transform 2.51189... 
02/05/15::00:34:47:  Assembling U(0,1) 
02/05/15::00:34:47: Assembling BEM matrix block (0,1) 
02/05/15::00:37:14:   Computing ZForce... 
02/05/15::00:37:16: Computing Casimir integrand at Xi=0.823279
 
02/05/15::00:37:16: Assembling T1 at Xi=8.232789e-01... 
02/05/15::00:37:16: Assembling BEM matrix block (0,0) 
02/05/15::00:37:18: Assembling T2 at Xi=8.232789e-01... 
02/05/15::00:37:18: Assembling BEM matrix block (1,1) 
02/05/15::00:39:26: LU-factorizing T1 at Xi=0.823279... 
02/05/15::00:39:26: LU-factorizing T2 at Xi=0.823279... 
02/05/15::00:39:31: Applying transform 2.51189... 
02/05/15::00:39:31:  Assembling U(0,1) 
02/05/15::00:39:31: Assembling BEM matrix block (0,1) 
02/05/15::00:41:52:   Computing ZForce... 
02/05/15::00:41:54: Computing Casimir integrand at Xi=1.64656
 
02/05/15::00:41:54: Assembling T1 at Xi=1.646558e+00... 
02/05/15::00:41:54: Assembling BEM matrix block (0,0) 
02/05/15::00:41:56: Assembling T2 at Xi=1.646558e+00... 
02/05/15::00:41:56: Assembling BEM matrix block (1,1) 
02/05/15::00:58:34: LU-factorizing T1 at Xi=1.64656... 
02/05/15::00:58:34: LU-factorizing T2 at Xi=1.64656... 
02/05/15::00:58:39: Applying transform 2.51189... 
02/05/15::00:58:39:  Assembling U(0,1) 
02/05/15::00:58:39: Assembling BEM matrix block (0,1) 
02/05/15::01:00:54:   Computing ZForce... 
02/05/15::01:00:56: Computing Casimir integrand at Xi=2.46984
 
02/05/15::01:00:56: Assembling T1 at Xi=2.469837e+00... 
02/05/15::01:00:56: Assembling BEM matrix block (0,0) 
02/05/15::01:00:58: Assembling T2 at Xi=2.469837e+00... 
02/05/15::01:00:58: Assembling BEM matrix block (1,1) 
02/05/15::01:17:52: LU-factorizing T1 at Xi=2.46984... 
02/05/15::01:17:52: LU-factorizing T2 at Xi=2.46984... 
02/05/15::01:17:57: Applying transform 2.51189... 
02/05/15::01:17:57:  Assembling U(0,1) 
02/05/15::01:17:57: Assembling BEM matrix block (0,1) 
