02/03/15::18:29:56: scuff-cas3D running on bullet0273 
02/03/15::18:29:56: Setting material properties of exterior region to VACUUM. 
02/03/15::18:29:56: Flipped 514 panel normals to comport with region definitions. 
02/03/15::18:29:56: Computing full zero-temperature Casimir quantities. 
02/03/15::18:29:56: Read 1 geometrical transformations from file Bead_L-0.251189.trans. 
02/03/15::18:29:56: Minimum distance between surface points=2.511890e-01 
02/03/15::18:29:56: Computing Casimir integrand at Xi=0.001
 
02/03/15::18:29:56: Assembling T1 at Xi=1.000000e-03... 
02/03/15::18:29:56: Assembling BEM matrix block (0,0) 
02/03/15::18:30:32: Assembling T2 at Xi=1.000000e-03... 
02/03/15::18:30:32: Assembling BEM matrix block (1,1) 
02/03/15::19:01:29: LU-factorizing T1 at Xi=0.001... 
02/03/15::19:01:29: LU-factorizing T2 at Xi=0.001... 
02/03/15::19:02:13: Applying transform 0.251189... 
02/03/15::19:02:13:  Assembling U(0,1) 
02/03/15::19:02:13: Assembling BEM matrix block (0,1) 
02/03/15::19:08:00:   Computing ZForce... 
02/03/15::19:08:18: Computing Casimir integrand at Xi=0.349343
 
02/03/15::19:08:18: Assembling T1 at Xi=3.493433e-01... 
02/03/15::19:08:18: Assembling BEM matrix block (0,0) 
02/03/15::19:08:24: Assembling T2 at Xi=3.493433e-01... 
02/03/15::19:08:24: Assembling BEM matrix block (1,1) 
02/03/15::19:35:50: LU-factorizing T1 at Xi=0.349343... 
02/03/15::19:35:50: LU-factorizing T2 at Xi=0.349343... 
02/03/15::19:36:34: Applying transform 0.251189... 
02/03/15::19:36:34:  Assembling U(0,1) 
02/03/15::19:36:34: Assembling BEM matrix block (0,1) 
02/03/15::19:42:01:   Computing ZForce... 
02/03/15::19:42:18: Computing Casimir integrand at Xi=0.697687
 
02/03/15::19:42:18: Assembling T1 at Xi=6.976866e-01... 
02/03/15::19:42:18: Assembling BEM matrix block (0,0) 
02/03/15::19:42:26: Assembling T2 at Xi=6.976866e-01... 
02/03/15::19:42:26: Assembling BEM matrix block (1,1) 
02/03/15::20:10:18: LU-factorizing T1 at Xi=0.697687... 
02/03/15::20:10:18: LU-factorizing T2 at Xi=0.697687... 
02/03/15::20:11:01: Applying transform 0.251189... 
02/03/15::20:11:01:  Assembling U(0,1) 
02/03/15::20:11:01: Assembling BEM matrix block (0,1) 
02/03/15::20:16:30:   Computing ZForce... 
02/03/15::20:16:48: Computing Casimir integrand at Xi=1.04603
 
02/03/15::20:16:48: Assembling T1 at Xi=1.046030e+00... 
02/03/15::20:16:48: Assembling BEM matrix block (0,0) 
02/03/15::20:16:57: Assembling T2 at Xi=1.046030e+00... 
02/03/15::20:16:57: Assembling BEM matrix block (1,1) 
02/03/15::21:05:23: LU-factorizing T1 at Xi=1.04603... 
02/03/15::21:05:24: LU-factorizing T2 at Xi=1.04603... 
02/03/15::21:06:07: Applying transform 0.251189... 
02/03/15::21:06:07:  Assembling U(0,1) 
02/03/15::21:06:07: Assembling BEM matrix block (0,1) 
02/03/15::21:11:31:   Computing ZForce... 
02/03/15::21:11:48: Computing Casimir integrand at Xi=1.39437
 
02/03/15::21:11:48: Assembling T1 at Xi=1.394373e+00... 
02/03/15::21:11:48: Assembling BEM matrix block (0,0) 
02/03/15::21:12:46: Assembling T2 at Xi=1.394373e+00... 
02/03/15::21:12:46: Assembling BEM matrix block (1,1) 
02/03/15::22:01:34: LU-factorizing T1 at Xi=1.39437... 
02/03/15::22:01:34: LU-factorizing T2 at Xi=1.39437... 
02/03/15::22:02:17: Applying transform 0.251189... 
02/03/15::22:02:17:  Assembling U(0,1) 
02/03/15::22:02:17: Assembling BEM matrix block (0,1) 
02/03/15::22:07:41:   Computing ZForce... 
02/03/15::22:07:59: Computing Casimir integrand at Xi=0.871858
 
02/03/15::22:07:59: Assembling T1 at Xi=8.718582e-01... 
02/03/15::22:07:59: Assembling BEM matrix block (0,0) 
02/03/15::22:08:07: Assembling T2 at Xi=8.718582e-01... 
02/03/15::22:08:07: Assembling BEM matrix block (1,1) 
02/03/15::22:36:16: LU-factorizing T1 at Xi=0.871858... 
02/03/15::22:36:16: LU-factorizing T2 at Xi=0.871858... 
02/03/15::22:36:59: Applying transform 0.251189... 
02/03/15::22:36:59:  Assembling U(0,1) 
02/03/15::22:36:59: Assembling BEM matrix block (0,1) 
02/03/15::22:42:30:   Computing ZForce... 
02/03/15::22:42:48: Computing Casimir integrand at Xi=1.39437
 
02/03/15::22:42:48: Assembling T1 at Xi=1.394373e+00... 
02/03/15::22:42:48: Assembling BEM matrix block (0,0) 
02/03/15::22:43:46: Assembling T2 at Xi=1.394373e+00... 
02/03/15::22:43:46: Assembling BEM matrix block (1,1) 
02/03/15::23:32:33: LU-factorizing T1 at Xi=1.39437... 
02/03/15::23:32:33: LU-factorizing T2 at Xi=1.39437... 
02/03/15::23:33:16: Applying transform 0.251189... 
02/03/15::23:33:16:  Assembling U(0,1) 
02/03/15::23:33:16: Assembling BEM matrix block (0,1) 
02/03/15::23:38:39:   Computing ZForce... 
02/03/15::23:38:57: Computing Casimir integrand at Xi=1.74272
 
02/03/15::23:38:57: Assembling T1 at Xi=1.742716e+00... 
02/03/15::23:38:57: Assembling BEM matrix block (0,0) 
02/03/15::23:40:38: Assembling T2 at Xi=1.742716e+00... 
02/03/15::23:40:38: Assembling BEM matrix block (1,1) 
02/04/15::00:31:02: LU-factorizing T1 at Xi=1.74272... 
02/04/15::00:31:02: LU-factorizing T2 at Xi=1.74272... 
02/04/15::00:31:45: Applying transform 0.251189... 
02/04/15::00:31:45:  Assembling U(0,1) 
02/04/15::00:31:45: Assembling BEM matrix block (0,1) 
02/04/15::00:37:05:   Computing ZForce... 
02/04/15::00:37:23: Computing Casimir integrand at Xi=1.2202
 
02/04/15::00:37:23: Assembling T1 at Xi=1.220201e+00... 
02/04/15::00:37:23: Assembling BEM matrix block (0,0) 
02/04/15::00:37:48: Assembling T2 at Xi=1.220201e+00... 
02/04/15::00:37:48: Assembling BEM matrix block (1,1) 
02/04/15::01:26:23: LU-factorizing T1 at Xi=1.2202... 
02/04/15::01:26:23: LU-factorizing T2 at Xi=1.2202... 
02/04/15::01:27:06: Applying transform 0.251189... 
02/04/15::01:27:06:  Assembling U(0,1) 
02/04/15::01:27:06: Assembling BEM matrix block (0,1) 
02/04/15::01:32:30:   Computing ZForce... 
02/04/15::01:32:47: Computing Casimir integrand at Xi=1.74272
 
02/04/15::01:32:47: Assembling T1 at Xi=1.742716e+00... 
02/04/15::01:32:47: Assembling BEM matrix block (0,0) 
02/04/15::01:34:28: Assembling T2 at Xi=1.742716e+00... 
02/04/15::01:34:28: Assembling BEM matrix block (1,1) 
02/04/15::02:24:50: LU-factorizing T1 at Xi=1.74272... 
02/04/15::02:24:50: LU-factorizing T2 at Xi=1.74272... 
02/04/15::02:25:33: Applying transform 0.251189... 
02/04/15::02:25:33:  Assembling U(0,1) 
02/04/15::02:25:33: Assembling BEM matrix block (0,1) 
02/04/15::02:30:54:   Computing ZForce... 
02/04/15::02:31:11: Computing Casimir integrand at Xi=2.09106
 
02/04/15::02:31:11: Assembling T1 at Xi=2.091060e+00... 
02/04/15::02:31:11: Assembling BEM matrix block (0,0) 
02/04/15::02:32:56: Assembling T2 at Xi=2.091060e+00... 
02/04/15::02:32:56: Assembling BEM matrix block (1,1) 
02/04/15::03:23:47: LU-factorizing T1 at Xi=2.09106... 
02/04/15::03:23:47: LU-factorizing T2 at Xi=2.09106... 
02/04/15::03:24:30: Applying transform 0.251189... 
02/04/15::03:24:30:  Assembling U(0,1) 
02/04/15::03:24:30: Assembling BEM matrix block (0,1) 
02/04/15::03:29:50:   Computing ZForce... 
02/04/15::03:30:08: Computing Casimir integrand at Xi=1.56854
 
02/04/15::03:30:08: Assembling T1 at Xi=1.568545e+00... 
02/04/15::03:30:08: Assembling BEM matrix block (0,0) 
02/04/15::03:31:33: Assembling T2 at Xi=1.568545e+00... 
02/04/15::03:31:33: Assembling BEM matrix block (1,1) 
02/04/15::04:21:14: LU-factorizing T1 at Xi=1.56854... 
02/04/15::04:21:14: LU-factorizing T2 at Xi=1.56854... 
02/04/15::04:21:57: Applying transform 0.251189... 
02/04/15::04:21:57:  Assembling U(0,1) 
02/04/15::04:21:57: Assembling BEM matrix block (0,1) 
02/04/15::04:27:19:   Computing ZForce... 
02/04/15::04:27:37: Computing Casimir integrand at Xi=1.48146
 
02/04/15::04:27:37: Assembling T1 at Xi=1.481459e+00... 
02/04/15::04:27:37: Assembling BEM matrix block (0,0) 
02/04/15::04:28:49: Assembling T2 at Xi=1.481459e+00... 
02/04/15::04:28:49: Assembling BEM matrix block (1,1) 
02/04/15::05:17:52: LU-factorizing T1 at Xi=1.48146... 
02/04/15::05:17:52: LU-factorizing T2 at Xi=1.48146... 
02/04/15::05:18:35: Applying transform 0.251189... 
02/04/15::05:18:35:  Assembling U(0,1) 
02/04/15::05:18:35: Assembling BEM matrix block (0,1) 
02/04/15::05:23:58:   Computing ZForce... 
02/04/15::05:24:15: Computing Casimir integrand at Xi=1.74272
 
02/04/15::05:24:15: Assembling T1 at Xi=1.742716e+00... 
02/04/15::05:24:15: Assembling BEM matrix block (0,0) 
02/04/15::05:25:56: Assembling T2 at Xi=1.742716e+00... 
02/04/15::05:25:56: Assembling BEM matrix block (1,1) 
02/04/15::06:16:19: LU-factorizing T1 at Xi=1.74272... 
02/04/15::06:16:20: LU-factorizing T2 at Xi=1.74272... 
02/04/15::06:17:03: Applying transform 0.251189... 
02/04/15::06:17:03:  Assembling U(0,1) 
02/04/15::06:17:03: Assembling BEM matrix block (0,1) 
02/04/15::06:22:23:   Computing ZForce... 
02/04/15::06:22:40: Computing Casimir integrand at Xi=1.91689
 
02/04/15::06:22:40: Assembling T1 at Xi=1.916888e+00... 
02/04/15::06:22:40: Assembling BEM matrix block (0,0) 
02/04/15::06:24:24: Assembling T2 at Xi=1.916888e+00... 
02/04/15::06:24:24: Assembling BEM matrix block (1,1) 
02/04/15::07:15:07: LU-factorizing T1 at Xi=1.91689... 
02/04/15::07:15:07: LU-factorizing T2 at Xi=1.91689... 
02/04/15::07:15:50: Applying transform 0.251189... 
02/04/15::07:15:50:  Assembling U(0,1) 
02/04/15::07:15:50: Assembling BEM matrix block (0,1) 
02/04/15::07:21:10:   Computing ZForce... 
02/04/15::07:21:28: Computing Casimir integrand at Xi=1.65563
 
02/04/15::07:21:28: Assembling T1 at Xi=1.655631e+00... 
02/04/15::07:21:28: Assembling BEM matrix block (0,0) 
02/04/15::07:23:02: Assembling T2 at Xi=1.655631e+00... 
02/04/15::07:23:02: Assembling BEM matrix block (1,1) 
02/04/15::08:13:06: LU-factorizing T1 at Xi=1.65563... 
02/04/15::08:13:06: LU-factorizing T2 at Xi=1.65563... 
02/04/15::08:13:49: Applying transform 0.251189... 
02/04/15::08:13:49:  Assembling U(0,1) 
02/04/15::08:13:49: Assembling BEM matrix block (0,1) 
02/04/15::08:19:10:   Computing ZForce... 
02/04/15::08:19:28: Computing Casimir integrand at Xi=1.61209
 
02/04/15::08:19:28: Assembling T1 at Xi=1.612088e+00... 
02/04/15::08:19:28: Assembling BEM matrix block (0,0) 
02/04/15::08:20:57: Assembling T2 at Xi=1.612088e+00... 
02/04/15::08:20:57: Assembling BEM matrix block (1,1) 
02/04/15::09:10:43: LU-factorizing T1 at Xi=1.61209... 
02/04/15::09:10:43: LU-factorizing T2 at Xi=1.61209... 
02/04/15::09:11:26: Applying transform 0.251189... 
02/04/15::09:11:26:  Assembling U(0,1) 
02/04/15::09:11:26: Assembling BEM matrix block (0,1) 
02/04/15::09:16:48:   Computing ZForce... 
02/04/15::09:17:06: Computing Casimir integrand at Xi=1.69917
 
02/04/15::09:17:06: Assembling T1 at Xi=1.699173e+00... 
02/04/15::09:17:06: Assembling BEM matrix block (0,0) 
02/04/15::09:18:44: Assembling T2 at Xi=1.699173e+00... 
02/04/15::09:18:44: Assembling BEM matrix block (1,1) 
02/04/15::10:08:58: LU-factorizing T1 at Xi=1.69917... 
02/04/15::10:08:58: LU-factorizing T2 at Xi=1.69917... 
02/04/15::10:09:41: Applying transform 0.251189... 
02/04/15::10:09:41:  Assembling U(0,1) 
02/04/15::10:09:41: Assembling BEM matrix block (0,1) 
02/04/15::10:15:02:   Computing ZForce... 
02/04/15::10:15:19: Computing Casimir integrand at Xi=1.74272
 
02/04/15::10:15:19: Assembling T1 at Xi=1.742716e+00... 
02/04/15::10:15:19: Assembling BEM matrix block (0,0) 
02/04/15::10:17:00: Assembling T2 at Xi=1.742716e+00... 
02/04/15::10:17:00: Assembling BEM matrix block (1,1) 
02/04/15::11:07:24: LU-factorizing T1 at Xi=1.74272... 
02/04/15::11:07:24: LU-factorizing T2 at Xi=1.74272... 
02/04/15::11:08:07: Applying transform 0.251189... 
02/04/15::11:08:07:  Assembling U(0,1) 
02/04/15::11:08:07: Assembling BEM matrix block (0,1) 
02/04/15::11:13:26:   Computing ZForce... 
02/04/15::11:13:44: Computing Casimir integrand at Xi=1.6774
 
02/04/15::11:13:44: Assembling T1 at Xi=1.677402e+00... 
02/04/15::11:13:44: Assembling BEM matrix block (0,0) 
02/04/15::11:15:20: Assembling T2 at Xi=1.677402e+00... 
02/04/15::11:15:20: Assembling BEM matrix block (1,1) 
02/04/15::12:05:32: LU-factorizing T1 at Xi=1.6774... 
02/04/15::12:05:32: LU-factorizing T2 at Xi=1.6774... 
02/04/15::12:06:15: Applying transform 0.251189... 
02/04/15::12:06:15:  Assembling U(0,1) 
02/04/15::12:06:15: Assembling BEM matrix block (0,1) 
02/04/15::12:11:35:   Computing ZForce... 
02/04/15::12:11:53: Computing Casimir integrand at Xi=1.74272
 
02/04/15::12:11:53: Assembling T1 at Xi=1.742716e+00... 
02/04/15::12:11:53: Assembling BEM matrix block (0,0) 
02/04/15::12:13:34: Assembling T2 at Xi=1.742716e+00... 
02/04/15::12:13:34: Assembling BEM matrix block (1,1) 
02/04/15::13:03:55: LU-factorizing T1 at Xi=1.74272... 
02/04/15::13:03:55: LU-factorizing T2 at Xi=1.74272... 
02/04/15::13:04:38: Applying transform 0.251189... 
02/04/15::13:04:38:  Assembling U(0,1) 
02/04/15::13:04:38: Assembling BEM matrix block (0,1) 
02/04/15::13:09:57:   Computing ZForce... 
02/04/15::13:10:15: Computing Casimir integrand at Xi=1.78626
 
02/04/15::13:10:15: Assembling T1 at Xi=1.786259e+00... 
02/04/15::13:10:15: Assembling BEM matrix block (0,0) 
02/04/15::13:11:57: Assembling T2 at Xi=1.786259e+00... 
02/04/15::13:11:57: Assembling BEM matrix block (1,1) 
02/04/15::14:02:28: LU-factorizing T1 at Xi=1.78626... 
02/04/15::14:02:28: LU-factorizing T2 at Xi=1.78626... 
02/04/15::14:03:11: Applying transform 0.251189... 
02/04/15::14:03:11:  Assembling U(0,1) 
02/04/15::14:03:11: Assembling BEM matrix block (0,1) 
02/04/15::14:08:30:   Computing ZForce... 
02/04/15::14:08:48: Computing Casimir integrand at Xi=1.72094
 
02/04/15::14:08:48: Assembling T1 at Xi=1.720945e+00... 
02/04/15::14:08:48: Assembling BEM matrix block (0,0) 
02/04/15::14:10:27: Assembling T2 at Xi=1.720945e+00... 
02/04/15::14:10:27: Assembling BEM matrix block (1,1) 
02/04/15::15:00:48: LU-factorizing T1 at Xi=1.72094... 
02/04/15::15:00:48: LU-factorizing T2 at Xi=1.72094... 
02/04/15::15:01:32: Applying transform 0.251189... 
02/04/15::15:01:32:  Assembling U(0,1) 
02/04/15::15:01:32: Assembling BEM matrix block (0,1) 
02/04/15::15:06:53:   Computing ZForce... 
02/04/15::15:07:11: Computing Casimir integrand at Xi=1.71006
 
02/04/15::15:07:11: Assembling T1 at Xi=1.710059e+00... 
02/04/15::15:07:11: Assembling BEM matrix block (0,0) 
02/04/15::15:08:50: Assembling T2 at Xi=1.710059e+00... 
02/04/15::15:08:50: Assembling BEM matrix block (1,1) 
02/04/15::15:59:15: LU-factorizing T1 at Xi=1.71006... 
02/04/15::15:59:15: LU-factorizing T2 at Xi=1.71006... 
02/04/15::15:59:58: Applying transform 0.251189... 
02/04/15::15:59:58:  Assembling U(0,1) 
02/04/15::15:59:58: Assembling BEM matrix block (0,1) 
02/04/15::16:05:18:   Computing ZForce... 
02/04/15::16:05:36: Computing Casimir integrand at Xi=1.70462
 
02/04/15::16:05:36: Assembling T1 at Xi=1.704616e+00... 
02/04/15::16:05:36: Assembling BEM matrix block (0,0) 
02/04/15::16:07:15: Assembling T2 at Xi=1.704616e+00... 
02/04/15::16:07:15: Assembling BEM matrix block (1,1) 
02/04/15::16:57:33: LU-factorizing T1 at Xi=1.70462... 
02/04/15::16:57:33: LU-factorizing T2 at Xi=1.70462... 
02/04/15::16:58:17: Applying transform 0.251189... 
02/04/15::16:58:17:  Assembling U(0,1) 
02/04/15::16:58:17: Assembling BEM matrix block (0,1) 
02/04/15::17:03:37:   Computing ZForce... 
02/04/15::17:03:55: Computing Casimir integrand at Xi=1.70189
 
02/04/15::17:03:55: Assembling T1 at Xi=1.701895e+00... 
02/04/15::17:03:55: Assembling BEM matrix block (0,0) 
02/04/15::17:05:34: Assembling T2 at Xi=1.701895e+00... 
02/04/15::17:05:34: Assembling BEM matrix block (1,1) 
02/04/15::17:55:48: LU-factorizing T1 at Xi=1.70189... 
02/04/15::17:55:48: LU-factorizing T2 at Xi=1.70189... 
02/04/15::17:56:32: Applying transform 0.251189... 
02/04/15::17:56:32:  Assembling U(0,1) 
02/04/15::17:56:32: Assembling BEM matrix block (0,1) 
02/04/15::18:01:52:   Computing ZForce... 
02/04/15::18:02:10: Computing Casimir integrand at Xi=1.71006
 
02/04/15::18:02:10: Assembling T1 at Xi=1.710059e+00... 
02/04/15::18:02:10: Assembling BEM matrix block (0,0) 
02/04/15::18:03:49: Assembling T2 at Xi=1.710059e+00... 
02/04/15::18:03:49: Assembling BEM matrix block (1,1) 
02/04/15::18:54:10: LU-factorizing T1 at Xi=1.71006... 
02/04/15::18:54:10: LU-factorizing T2 at Xi=1.71006... 
02/04/15::18:54:53: Applying transform 0.251189... 
02/04/15::18:54:53:  Assembling U(0,1) 
02/04/15::18:54:53: Assembling BEM matrix block (0,1) 
02/04/15::19:00:15:   Computing ZForce... 
02/04/15::19:00:33: Computing Casimir integrand at Xi=1.7155
 
02/04/15::19:00:33: Assembling T1 at Xi=1.715502e+00... 
02/04/15::19:00:33: Assembling BEM matrix block (0,0) 
02/04/15::19:02:12: Assembling T2 at Xi=1.715502e+00... 
02/04/15::19:02:12: Assembling BEM matrix block (1,1) 
02/04/15::19:52:38: LU-factorizing T1 at Xi=1.7155... 
02/04/15::19:52:38: LU-factorizing T2 at Xi=1.7155... 
02/04/15::19:53:22: Applying transform 0.251189... 
02/04/15::19:53:22:  Assembling U(0,1) 
02/04/15::19:53:22: Assembling BEM matrix block (0,1) 
02/04/15::19:58:56:   Computing ZForce... 
02/04/15::19:59:16: Computing Casimir integrand at Xi=1.70734
 
02/04/15::19:59:16: Assembling T1 at Xi=1.707338e+00... 
02/04/15::19:59:16: Assembling BEM matrix block (0,0) 
02/04/15::20:01:12: Assembling T2 at Xi=1.707338e+00... 
02/04/15::20:01:12: Assembling BEM matrix block (1,1) 
02/04/15::20:56:26: LU-factorizing T1 at Xi=1.70734... 
02/04/15::20:56:26: LU-factorizing T2 at Xi=1.70734... 
02/04/15::20:57:09: Applying transform 0.251189... 
02/04/15::20:57:09:  Assembling U(0,1) 
02/04/15::20:57:09: Assembling BEM matrix block (0,1) 
02/04/15::21:02:36:   Computing ZForce... 
02/04/15::21:02:53: Computing Casimir integrand at Xi=1.70598
 
02/04/15::21:02:53: Assembling T1 at Xi=1.705977e+00... 
02/04/15::21:02:54: Assembling BEM matrix block (0,0) 
02/04/15::21:04:33: Assembling T2 at Xi=1.705977e+00... 
02/04/15::21:04:33: Assembling BEM matrix block (1,1) 
02/04/15::22:01:07: LU-factorizing T1 at Xi=1.70598... 
02/04/15::22:01:07: LU-factorizing T2 at Xi=1.70598... 
02/04/15::22:02:03: Applying transform 0.251189... 
02/04/15::22:02:03:  Assembling U(0,1) 
02/04/15::22:02:03: Assembling BEM matrix block (0,1) 
02/04/15::22:07:52:   Computing ZForce... 
02/04/15::22:08:10: Computing Casimir integrand at Xi=1.7053
 
02/04/15::22:08:10: Assembling T1 at Xi=1.705297e+00... 
02/04/15::22:08:10: Assembling BEM matrix block (0,0) 
02/04/15::22:09:49: Assembling T2 at Xi=1.705297e+00... 
02/04/15::22:09:49: Assembling BEM matrix block (1,1) 
02/04/15::23:04:06: LU-factorizing T1 at Xi=1.7053... 
02/04/15::23:04:06: LU-factorizing T2 at Xi=1.7053... 
02/04/15::23:04:50: Applying transform 0.251189... 
02/04/15::23:04:50:  Assembling U(0,1) 
02/04/15::23:04:50: Assembling BEM matrix block (0,1) 
02/04/15::23:11:13:   Computing ZForce... 
02/04/15::23:11:31: Computing Casimir integrand at Xi=1.70734
 
02/04/15::23:11:31: Assembling T1 at Xi=1.707338e+00... 
02/04/15::23:11:31: Assembling BEM matrix block (0,0) 
02/04/15::23:13:11: Assembling T2 at Xi=1.707338e+00... 
02/04/15::23:13:11: Assembling BEM matrix block (1,1) 
02/05/15::00:09:49: LU-factorizing T1 at Xi=1.70734... 
02/05/15::00:09:52: LU-factorizing T2 at Xi=1.70734... 
02/05/15::00:11:00: Applying transform 0.251189... 
02/05/15::00:11:00:  Assembling U(0,1) 
02/05/15::00:11:00: Assembling BEM matrix block (0,1) 
02/05/15::00:16:46:   Computing ZForce... 
02/05/15::00:17:03: Computing Casimir integrand at Xi=1.7087
 
02/05/15::00:17:03: Assembling T1 at Xi=1.708698e+00... 
02/05/15::00:17:03: Assembling BEM matrix block (0,0) 
02/05/15::00:18:43: Assembling T2 at Xi=1.708698e+00... 
02/05/15::00:18:43: Assembling BEM matrix block (1,1) 
02/05/15::01:15:27: LU-factorizing T1 at Xi=1.7087... 
02/05/15::01:15:27: LU-factorizing T2 at Xi=1.7087... 
02/05/15::01:16:11: Applying transform 0.251189... 
02/05/15::01:16:11:  Assembling U(0,1) 
02/05/15::01:16:11: Assembling BEM matrix block (0,1) 
