02/05/15::00:30:41: scuff-cas3D running on fell0273 
02/05/15::00:30:41: Setting material properties of exterior region to VACUUM. 
02/05/15::00:30:41: Flipped 500 panel normals to comport with region definitions. 
02/05/15::00:30:41: Computing full Matsubara-summed Casimir quantities at T=3.000000e+02 Kelvin. 
02/05/15::00:30:41: Read 1 geometrical transformations from file BeadPEC_300K_L-0.501187.trans. 
02/05/15::00:30:41: Beginning Matsubara sum at T=300 kelvin... 
02/05/15::00:30:41: Computing Casimir integrand at Xi=0.001
 
02/05/15::00:30:41: Assembling T1 at Xi=1.000000e-03... 
02/05/15::00:30:41: Assembling BEM matrix block (0,0) 
02/05/15::00:31:22: Assembling T2 at Xi=1.000000e-03... 
02/05/15::00:31:22: Assembling BEM matrix block (1,1) 
02/05/15::00:38:21: LU-factorizing T1 at Xi=0.001... 
02/05/15::00:38:21: LU-factorizing T2 at Xi=0.001... 
02/05/15::00:38:30: Applying transform 0.501187... 
02/05/15::00:38:30:  Assembling U(0,1) 
02/05/15::00:38:30: Assembling BEM matrix block (0,1) 
02/05/15::00:44:20:   Computing ZForce... 
02/05/15::00:44:23: Computing Casimir integrand at Xi=0.823279
 
02/05/15::00:44:23: Assembling T1 at Xi=8.232789e-01... 
02/05/15::00:44:23: Assembling BEM matrix block (0,0) 
02/05/15::00:44:27: Assembling T2 at Xi=8.232789e-01... 
02/05/15::00:44:27: Assembling BEM matrix block (1,1) 
02/05/15::00:48:18: LU-factorizing T1 at Xi=0.823279... 
02/05/15::00:48:18: LU-factorizing T2 at Xi=0.823279... 
02/05/15::00:48:28: Applying transform 0.501187... 
02/05/15::00:48:28:  Assembling U(0,1) 
02/05/15::00:48:28: Assembling BEM matrix block (0,1) 
02/05/15::00:53:53:   Computing ZForce... 
02/05/15::00:53:57: Computing Casimir integrand at Xi=1.64656
 
02/05/15::00:53:57: Assembling T1 at Xi=1.646558e+00... 
02/05/15::00:53:57: Assembling BEM matrix block (0,0) 
02/05/15::00:54:01: Assembling T2 at Xi=1.646558e+00... 
02/05/15::00:54:01: Assembling BEM matrix block (1,1) 
02/05/15::02:03:35: LU-factorizing T1 at Xi=2.46984... 
02/05/15::02:03:35: LU-factorizing T2 at Xi=2.46984... 
02/05/15::02:03:44: Applying transform 0.501187... 
02/05/15::02:03:44:  Assembling U(0,1) 
02/05/15::02:03:44: Assembling BEM matrix block (0,1) 
02/05/15::02:09:00:   Computing ZForce... 
02/05/15::02:09:03: Computing Casimir integrand at Xi=3.29312
 
02/05/15::02:09:03: Assembling T1 at Xi=3.293115e+00... 
02/05/15::02:09:03: Assembling BEM matrix block (0,0) 
02/05/15::02:09:08: Assembling T2 at Xi=3.293115e+00... 
02/05/15::02:09:08: Assembling BEM matrix block (1,1) 
02/05/15::02:41:11: LU-factorizing T1 at Xi=3.29312... 
02/05/15::02:41:11: LU-factorizing T2 at Xi=3.29312... 
02/05/15::02:41:20: Applying transform 0.501187... 
02/05/15::02:41:20:  Assembling U(0,1) 
02/05/15::02:41:20: Assembling BEM matrix block (0,1) 
02/05/15::02:46:33:   Computing ZForce... 
02/05/15::02:46:36: Computing Casimir integrand at Xi=4.11639
 
02/05/15::02:46:36: Assembling T1 at Xi=4.116394e+00... 
02/05/15::02:46:36: Assembling BEM matrix block (0,0) 
02/05/15::02:46:57: Assembling T2 at Xi=4.116394e+00... 
02/05/15::02:46:57: Assembling BEM matrix block (1,1) 
02/05/15::03:18:59: LU-factorizing T1 at Xi=4.11639... 
02/05/15::03:18:59: LU-factorizing T2 at Xi=4.11639... 
02/05/15::03:19:08: Applying transform 0.501187... 
02/05/15::03:19:08:  Assembling U(0,1) 
02/05/15::03:19:08: Assembling BEM matrix block (0,1) 
02/05/15::03:24:23:   Computing ZForce... 
02/05/15::03:24:26: Computing Casimir integrand at Xi=4.93967
 
02/05/15::03:24:26: Assembling T1 at Xi=4.939673e+00... 
02/05/15::03:24:26: Assembling BEM matrix block (0,0) 
02/05/15::03:25:52: Assembling T2 at Xi=4.939673e+00... 
02/05/15::03:25:52: Assembling BEM matrix block (1,1) 
02/05/15::03:57:55: LU-factorizing T1 at Xi=4.93967... 
02/05/15::03:57:55: LU-factorizing T2 at Xi=4.93967... 
02/05/15::03:58:03: Applying transform 0.501187... 
02/05/15::03:58:03:  Assembling U(0,1) 
02/05/15::03:58:03: Assembling BEM matrix block (0,1) 
02/05/15::04:03:16:   Computing ZForce... 
02/05/15::04:03:19: Computing Casimir integrand at Xi=5.76295
 
02/05/15::04:03:19: Assembling T1 at Xi=5.762952e+00... 
02/05/15::04:03:19: Assembling BEM matrix block (0,0) 
02/05/15::04:05:12: Assembling T2 at Xi=5.762952e+00... 
02/05/15::04:05:12: Assembling BEM matrix block (1,1) 
02/05/15::04:35:58: LU-factorizing T1 at Xi=5.76295... 
02/05/15::04:35:58: LU-factorizing T2 at Xi=5.76295... 
02/05/15::04:36:06: Applying transform 0.501187... 
02/05/15::04:36:06:  Assembling U(0,1) 
02/05/15::04:36:06: Assembling BEM matrix block (0,1) 
02/05/15::04:41:19:   Computing ZForce... 
02/05/15::04:41:22: Computing Casimir integrand at Xi=6.58623
 
02/05/15::04:41:22: Assembling T1 at Xi=6.586231e+00... 
02/05/15::04:41:22: Assembling BEM matrix block (0,0) 
02/05/15::04:43:23: Assembling T2 at Xi=6.586231e+00... 
02/05/15::04:43:23: Assembling BEM matrix block (1,1) 
02/05/15::05:14:02: LU-factorizing T1 at Xi=6.58623... 
02/05/15::05:14:02: LU-factorizing T2 at Xi=6.58623... 
02/05/15::05:14:10: Applying transform 0.501187... 
02/05/15::05:14:10:  Assembling U(0,1) 
02/05/15::05:14:10: Assembling BEM matrix block (0,1) 
02/05/15::05:19:24:   Computing ZForce... 
02/05/15::05:19:27: Computing Casimir integrand at Xi=7.40951
 
02/05/15::05:19:27: Assembling T1 at Xi=7.409510e+00... 
02/05/15::05:19:27: Assembling BEM matrix block (0,0) 
02/05/15::05:21:29: Assembling T2 at Xi=7.409510e+00... 
02/05/15::05:21:29: Assembling BEM matrix block (1,1) 
02/05/15::05:52:26: LU-factorizing T1 at Xi=7.40951... 
02/05/15::05:52:26: LU-factorizing T2 at Xi=7.40951... 
02/05/15::05:52:34: Applying transform 0.501187... 
02/05/15::05:52:34:  Assembling U(0,1) 
02/05/15::05:52:34: Assembling BEM matrix block (0,1) 
02/05/15::05:57:48:   Computing ZForce... 
02/05/15::05:57:52: Computing Casimir integrand at Xi=8.23279
 
02/05/15::05:57:52: Assembling T1 at Xi=8.232789e+00... 
02/05/15::05:57:52: Assembling BEM matrix block (0,0) 
02/05/15::05:59:54: Assembling T2 at Xi=8.232789e+00... 
02/05/15::05:59:54: Assembling BEM matrix block (1,1) 
02/05/15::06:31:05: LU-factorizing T1 at Xi=8.23279... 
02/05/15::06:31:05: LU-factorizing T2 at Xi=8.23279... 
02/05/15::06:31:14: Applying transform 0.501187... 
02/05/15::06:31:14:  Assembling U(0,1) 
02/05/15::06:31:14: Assembling BEM matrix block (0,1) 
02/05/15::06:36:33:   Computing ZForce... 
02/05/15::06:36:37: Computing Casimir integrand at Xi=9.05607
 
02/05/15::06:36:37: Assembling T1 at Xi=9.056067e+00... 
02/05/15::06:36:37: Assembling BEM matrix block (0,0) 
02/05/15::06:38:40: Assembling T2 at Xi=9.056067e+00... 
02/05/15::06:38:40: Assembling BEM matrix block (1,1) 
02/05/15::07:09:52: LU-factorizing T1 at Xi=9.05607... 
02/05/15::07:09:52: LU-factorizing T2 at Xi=9.05607... 
02/05/15::07:10:02: Applying transform 0.501187... 
02/05/15::07:10:02:  Assembling U(0,1) 
02/05/15::07:10:02: Assembling BEM matrix block (0,1) 
02/05/15::07:15:17:   Computing ZForce... 
02/05/15::07:15:20: Computing Casimir integrand at Xi=9.87935
 
02/05/15::07:15:20: Assembling T1 at Xi=9.879346e+00... 
02/05/15::07:15:20: Assembling BEM matrix block (0,0) 
02/05/15::07:17:22: Assembling T2 at Xi=9.879346e+00... 
02/05/15::07:17:22: Assembling BEM matrix block (1,1) 
02/05/15::07:48:39: LU-factorizing T1 at Xi=9.87935... 
02/05/15::07:48:39: LU-factorizing T2 at Xi=9.87935... 
02/05/15::07:48:49: Applying transform 0.501187... 
02/05/15::07:48:49:  Assembling U(0,1) 
02/05/15::07:48:49: Assembling BEM matrix block (0,1) 
02/05/15::07:54:15:   Computing ZForce... 
02/05/15::07:54:19: Computing Casimir integrand at Xi=10.7026
 
02/05/15::07:54:19: Assembling T1 at Xi=1.070263e+01... 
02/05/15::07:54:19: Assembling BEM matrix block (0,0) 
02/05/15::07:56:21: Assembling T2 at Xi=1.070263e+01... 
02/05/15::07:56:21: Assembling BEM matrix block (1,1) 
02/05/15::08:27:36: LU-factorizing T1 at Xi=10.7026... 
02/05/15::08:27:36: LU-factorizing T2 at Xi=10.7026... 
02/05/15::08:27:49: Applying transform 0.501187... 
02/05/15::08:27:49:  Assembling U(0,1) 
02/05/15::08:27:49: Assembling BEM matrix block (0,1) 
02/05/15::08:33:35:   Computing ZForce... 
02/05/15::08:33:40: Computing Casimir integrand at Xi=11.5259
 
02/05/15::08:33:40: Assembling T1 at Xi=1.152590e+01... 
02/05/15::08:33:40: Assembling BEM matrix block (0,0) 
02/05/15::08:35:43: Assembling T2 at Xi=1.152590e+01... 
02/05/15::08:35:43: Assembling BEM matrix block (1,1) 
02/05/15::09:07:09: LU-factorizing T1 at Xi=11.5259... 
02/05/15::09:07:09: LU-factorizing T2 at Xi=11.5259... 
02/05/15::09:07:28: Applying transform 0.501187... 
02/05/15::09:07:28:  Assembling U(0,1) 
02/05/15::09:07:28: Assembling BEM matrix block (0,1) 
02/05/15::09:13:30:   Computing ZForce... 
02/05/15::09:13:38: Computing Casimir integrand at Xi=12.3492
 
02/05/15::09:13:38: Assembling T1 at Xi=1.234918e+01... 
02/05/15::09:13:38: Assembling BEM matrix block (0,0) 
02/05/15::09:15:40: Assembling T2 at Xi=1.234918e+01... 
02/05/15::09:15:40: Assembling BEM matrix block (1,1) 
02/05/15::09:47:08: LU-factorizing T1 at Xi=12.3492... 
02/05/15::09:47:08: LU-factorizing T2 at Xi=12.3492... 
02/05/15::09:47:34: Applying transform 0.501187... 
02/05/15::09:47:34:  Assembling U(0,1) 
02/05/15::09:47:34: Assembling BEM matrix block (0,1) 
02/05/15::09:53:56:   Computing ZForce... 
02/05/15::09:54:05: Computing Casimir integrand at Xi=13.1725
 
02/05/15::09:54:05: Assembling T1 at Xi=1.317246e+01... 
02/05/15::09:54:05: Assembling BEM matrix block (0,0) 
02/05/15::09:56:08: Assembling T2 at Xi=1.317246e+01... 
02/05/15::09:56:08: Assembling BEM matrix block (1,1) 
02/05/15::10:27:44: LU-factorizing T1 at Xi=13.1725... 
02/05/15::10:27:44: LU-factorizing T2 at Xi=13.1725... 
02/05/15::10:28:14: Applying transform 0.501187... 
02/05/15::10:28:14:  Assembling U(0,1) 
02/05/15::10:28:14: Assembling BEM matrix block (0,1) 
02/05/15::10:34:57:   Computing ZForce... 
02/05/15::10:35:08: Computing Casimir integrand at Xi=13.9957
 
02/05/15::10:35:08: Assembling T1 at Xi=1.399574e+01... 
02/05/15::10:35:08: Assembling BEM matrix block (0,0) 
02/05/15::10:37:11: Assembling T2 at Xi=1.399574e+01... 
02/05/15::10:37:11: Assembling BEM matrix block (1,1) 
02/05/15::11:09:02: LU-factorizing T1 at Xi=13.9957... 
02/05/15::11:09:02: LU-factorizing T2 at Xi=13.9957... 
02/05/15::11:09:41: Applying transform 0.501187... 
02/05/15::11:09:41:  Assembling U(0,1) 
02/05/15::11:09:41: Assembling BEM matrix block (0,1) 
02/05/15::11:16:37:   Computing ZForce... 
02/05/15::11:16:51: Computing Casimir integrand at Xi=14.819
 
02/05/15::11:16:51: Assembling T1 at Xi=1.481902e+01... 
02/05/15::11:16:51: Assembling BEM matrix block (0,0) 
02/05/15::11:18:54: Assembling T2 at Xi=1.481902e+01... 
02/05/15::11:18:54: Assembling BEM matrix block (1,1) 
02/05/15::11:50:36: LU-factorizing T1 at Xi=14.819... 
02/05/15::11:50:36: LU-factorizing T2 at Xi=14.819... 
02/05/15::11:51:06: Applying transform 0.501187... 
02/05/15::11:51:06:  Assembling U(0,1) 
02/05/15::11:51:06: Assembling BEM matrix block (0,1) 
02/05/15::11:57:44:   Computing ZForce... 
02/05/15::11:57:55: Matsubara sum converged after summing n=18 frequency points. 
