02/05/15::00:30:53: scuff-cas3D running on kiso0029 
02/05/15::00:30:53: Setting material properties of exterior region to VACUUM. 
02/05/15::00:30:53: Flipped 500 panel normals to comport with region definitions. 
02/05/15::00:30:53: Computing full Matsubara-summed Casimir quantities at T=3.000000e+02 Kelvin. 
02/05/15::00:30:53: Read 1 geometrical transformations from file BeadPEC_300K_L-10.trans. 
02/05/15::00:30:53: Beginning Matsubara sum at T=300 kelvin... 
02/05/15::00:30:53: Computing Casimir integrand at Xi=0.001
 
02/05/15::00:30:53: Assembling T1 at Xi=1.000000e-03... 
02/05/15::00:30:53: Assembling BEM matrix block (0,0) 
02/05/15::00:31:15: Assembling T2 at Xi=1.000000e-03... 
02/05/15::00:31:15: Assembling BEM matrix block (1,1) 
02/05/15::00:34:55: LU-factorizing T1 at Xi=0.001... 
02/05/15::00:34:55: LU-factorizing T2 at Xi=0.001... 
02/05/15::00:35:00: Applying transform 10.0... 
02/05/15::00:35:00:  Assembling U(0,1) 
02/05/15::00:35:00: Assembling BEM matrix block (0,1) 
02/05/15::00:35:33:   Computing ZForce... 
02/05/15::00:35:35: Computing Casimir integrand at Xi=0.823279
 
02/05/15::00:35:35: Assembling T1 at Xi=8.232789e-01... 
02/05/15::00:35:35: Assembling BEM matrix block (0,0) 
02/05/15::00:35:37: Assembling T2 at Xi=8.232789e-01... 
02/05/15::00:35:37: Assembling BEM matrix block (1,1) 
02/05/15::00:37:43: LU-factorizing T1 at Xi=0.823279... 
02/05/15::00:37:43: LU-factorizing T2 at Xi=0.823279... 
02/05/15::00:37:48: Applying transform 10.0... 
02/05/15::00:37:48:  Assembling U(0,1) 
02/05/15::00:37:48: Assembling BEM matrix block (0,1) 
02/05/15::00:38:21:   Computing ZForce... 
02/05/15::00:38:23: Computing Casimir integrand at Xi=1.64656
 
02/05/15::00:38:23: Assembling T1 at Xi=1.646558e+00... 
02/05/15::00:38:23: Assembling BEM matrix block (0,0) 
02/05/15::00:38:25: Assembling T2 at Xi=1.646558e+00... 
02/05/15::00:38:25: Assembling BEM matrix block (1,1) 
02/05/15::00:54:53: LU-factorizing T1 at Xi=1.64656... 
02/05/15::00:54:53: LU-factorizing T2 at Xi=1.64656... 
02/05/15::00:54:58: Applying transform 10.0... 
02/05/15::00:54:58:  Assembling U(0,1) 
02/05/15::00:54:58: Assembling BEM matrix block (0,1) 
02/05/15::00:55:30:   Computing ZForce... 
02/05/15::00:55:32: Computing Casimir integrand at Xi=2.46984
 
02/05/15::00:55:32: Assembling T1 at Xi=2.469837e+00... 
02/05/15::00:55:32: Assembling BEM matrix block (0,0) 
02/05/15::00:55:35: Assembling T2 at Xi=2.469837e+00... 
02/05/15::00:55:35: Assembling BEM matrix block (1,1) 
02/05/15::01:12:20: LU-factorizing T1 at Xi=2.46984... 
02/05/15::01:12:20: LU-factorizing T2 at Xi=2.46984... 
02/05/15::01:12:25: Applying transform 10.0... 
02/05/15::01:12:25:  Assembling U(0,1) 
02/05/15::01:12:25: Assembling BEM matrix block (0,1) 
02/05/15::01:12:58:   Computing ZForce... 
02/05/15::01:13:00: Matsubara sum converged after summing n=3 frequency points. 
