02/05/15::00:30:41: scuff-cas3D running on kiso0004 
02/05/15::00:30:41: Setting material properties of exterior region to VACUUM. 
02/05/15::00:30:41: Flipped 500 panel normals to comport with region definitions. 
02/05/15::00:30:41: Computing full Matsubara-summed Casimir quantities at T=3.000000e+02 Kelvin. 
02/05/15::00:30:41: Read 1 geometrical transformations from file BeadPEC_300K_L-3.16228.trans. 
02/05/15::00:30:41: Beginning Matsubara sum at T=300 kelvin... 
02/05/15::00:30:41: Computing Casimir integrand at Xi=0.001
 
02/05/15::00:30:41: Assembling T1 at Xi=1.000000e-03... 
02/05/15::00:30:41: Assembling BEM matrix block (0,0) 
02/05/15::00:31:03: Assembling T2 at Xi=1.000000e-03... 
02/05/15::00:31:03: Assembling BEM matrix block (1,1) 
02/05/15::00:34:45: LU-factorizing T1 at Xi=0.001... 
02/05/15::00:34:45: LU-factorizing T2 at Xi=0.001... 
02/05/15::00:34:50: Applying transform 3.16228... 
02/05/15::00:34:50:  Assembling U(0,1) 
02/05/15::00:34:50: Assembling BEM matrix block (0,1) 
02/05/15::00:37:00:   Computing ZForce... 
02/05/15::00:37:02: Computing Casimir integrand at Xi=0.823279
 
02/05/15::00:37:02: Assembling T1 at Xi=8.232789e-01... 
02/05/15::00:37:02: Assembling BEM matrix block (0,0) 
02/05/15::00:37:04: Assembling T2 at Xi=8.232789e-01... 
02/05/15::00:37:04: Assembling BEM matrix block (1,1) 
02/05/15::00:39:10: LU-factorizing T1 at Xi=0.823279... 
02/05/15::00:39:10: LU-factorizing T2 at Xi=0.823279... 
02/05/15::00:39:15: Applying transform 3.16228... 
02/05/15::00:39:15:  Assembling U(0,1) 
02/05/15::00:39:15: Assembling BEM matrix block (0,1) 
02/05/15::00:41:20:   Computing ZForce... 
02/05/15::00:41:22: Computing Casimir integrand at Xi=1.64656
 
02/05/15::00:41:22: Assembling T1 at Xi=1.646558e+00... 
02/05/15::00:41:22: Assembling BEM matrix block (0,0) 
02/05/15::00:41:25: Assembling T2 at Xi=1.646558e+00... 
02/05/15::00:41:25: Assembling BEM matrix block (1,1) 
02/05/15::00:57:45: LU-factorizing T1 at Xi=1.64656... 
02/05/15::00:57:45: LU-factorizing T2 at Xi=1.64656... 
02/05/15::00:57:50: Applying transform 3.16228... 
02/05/15::00:57:50:  Assembling U(0,1) 
02/05/15::00:57:50: Assembling BEM matrix block (0,1) 
02/05/15::00:59:51:   Computing ZForce... 
02/05/15::00:59:52: Computing Casimir integrand at Xi=2.46984
 
02/05/15::00:59:52: Assembling T1 at Xi=2.469837e+00... 
02/05/15::00:59:52: Assembling BEM matrix block (0,0) 
02/05/15::00:59:55: Assembling T2 at Xi=2.469837e+00... 
02/05/15::00:59:55: Assembling BEM matrix block (1,1) 
02/05/15::01:16:47: LU-factorizing T1 at Xi=2.46984... 
02/05/15::01:16:47: LU-factorizing T2 at Xi=2.46984... 
02/05/15::01:16:52: Applying transform 3.16228... 
02/05/15::01:16:52:  Assembling U(0,1) 
02/05/15::01:16:52: Assembling BEM matrix block (0,1) 
02/05/15::01:18:53:   Computing ZForce... 
02/05/15::01:18:55: Computing Casimir integrand at Xi=3.29312
 
02/05/15::01:18:55: Assembling T1 at Xi=3.293115e+00... 
02/05/15::01:18:55: Assembling BEM matrix block (0,0) 
02/05/15::01:18:58: Assembling T2 at Xi=3.293115e+00... 
02/05/15::01:18:58: Assembling BEM matrix block (1,1) 
02/05/15::01:55:06: LU-factorizing T1 at Xi=4.11639... 
02/05/15::01:55:06: LU-factorizing T2 at Xi=4.11639... 
02/05/15::01:55:11: Applying transform 3.16228... 
02/05/15::01:55:11:  Assembling U(0,1) 
02/05/15::01:55:11: Assembling BEM matrix block (0,1) 
02/05/15::01:57:12:   Computing ZForce... 
02/05/15::01:57:14: Matsubara sum converged after summing n=5 frequency points. 
