02/03/15::18:29:56: scuff-cas3D running on bullet0273 
02/03/15::18:29:56: Setting material properties of exterior region to VACUUM. 
02/03/15::18:29:56: Flipped 514 panel normals to comport with region definitions. 
02/03/15::18:29:56: Computing full zero-temperature Casimir quantities. 
02/03/15::18:29:56: Read 1 geometrical transformations from file Bead_L-0.398107.trans. 
02/03/15::18:29:56: Minimum distance between surface points=3.981070e-01 
02/03/15::18:29:56: Computing Casimir integrand at Xi=0.001
 
02/03/15::18:29:56: Assembling T1 at Xi=1.000000e-03... 
02/03/15::18:29:56: Assembling BEM matrix block (0,0) 
02/03/15::18:30:32: Assembling T2 at Xi=1.000000e-03... 
02/03/15::18:30:32: Assembling BEM matrix block (1,1) 
02/03/15::19:01:27: LU-factorizing T1 at Xi=0.001... 
02/03/15::19:01:27: LU-factorizing T2 at Xi=0.001... 
02/03/15::19:02:14: Applying transform 0.398107... 
02/03/15::19:02:14:  Assembling U(0,1) 
02/03/15::19:02:14: Assembling BEM matrix block (0,1) 
02/03/15::19:08:06:   Computing ZForce... 
02/03/15::19:08:25: Computing Casimir integrand at Xi=0.22079
 
02/03/15::19:08:25: Assembling T1 at Xi=2.207902e-01... 
02/03/15::19:08:25: Assembling BEM matrix block (0,0) 
02/03/15::19:08:31: Assembling T2 at Xi=2.207902e-01... 
02/03/15::19:08:31: Assembling BEM matrix block (1,1) 
02/03/15::19:35:50: LU-factorizing T1 at Xi=0.22079... 
02/03/15::19:35:50: LU-factorizing T2 at Xi=0.22079... 
02/03/15::19:36:37: Applying transform 0.398107... 
02/03/15::19:36:37:  Assembling U(0,1) 
02/03/15::19:36:37: Assembling BEM matrix block (0,1) 
02/03/15::19:42:08:   Computing ZForce... 
02/03/15::19:42:27: Computing Casimir integrand at Xi=0.44058
 
02/03/15::19:42:27: Assembling T1 at Xi=4.405803e-01... 
02/03/15::19:42:27: Assembling BEM matrix block (0,0) 
02/03/15::19:42:34: Assembling T2 at Xi=4.405803e-01... 
02/03/15::19:42:34: Assembling BEM matrix block (1,1) 
02/03/15::20:10:06: LU-factorizing T1 at Xi=0.44058... 
02/03/15::20:10:06: LU-factorizing T2 at Xi=0.44058... 
02/03/15::20:10:53: Applying transform 0.398107... 
02/03/15::20:10:53:  Assembling U(0,1) 
02/03/15::20:10:53: Assembling BEM matrix block (0,1) 
02/03/15::20:16:25:   Computing ZForce... 
02/03/15::20:16:45: Computing Casimir integrand at Xi=0.880161
 
02/03/15::20:16:45: Assembling T1 at Xi=8.801606e-01... 
02/03/15::20:16:45: Assembling BEM matrix block (0,0) 
02/03/15::20:16:53: Assembling T2 at Xi=8.801606e-01... 
02/03/15::20:16:53: Assembling BEM matrix block (1,1) 
02/03/15::20:45:00: LU-factorizing T1 at Xi=0.880161... 
02/03/15::20:45:00: LU-factorizing T2 at Xi=0.880161... 
02/03/15::20:45:47: Applying transform 0.398107... 
02/03/15::20:45:47:  Assembling U(0,1) 
02/03/15::20:45:47: Assembling BEM matrix block (0,1) 
02/03/15::20:51:22:   Computing ZForce... 
02/03/15::20:51:42: Computing Casimir integrand at Xi=1.31974
 
02/03/15::20:51:42: Assembling T1 at Xi=1.319741e+00... 
02/03/15::20:51:42: Assembling BEM matrix block (0,0) 
02/03/15::20:52:22: Assembling T2 at Xi=1.319741e+00... 
02/03/15::20:52:22: Assembling BEM matrix block (1,1) 
02/03/15::21:40:59: LU-factorizing T1 at Xi=1.31974... 
02/03/15::21:40:59: LU-factorizing T2 at Xi=1.31974... 
02/03/15::21:41:46: Applying transform 0.398107... 
02/03/15::21:41:46:  Assembling U(0,1) 
02/03/15::21:41:46: Assembling BEM matrix block (0,1) 
02/03/15::21:47:15:   Computing ZForce... 
02/03/15::21:47:34: Computing Casimir integrand at Xi=0.66037
 
02/03/15::21:47:34: Assembling T1 at Xi=6.603705e-01... 
02/03/15::21:47:34: Assembling BEM matrix block (0,0) 
02/03/15::21:47:42: Assembling T2 at Xi=6.603705e-01... 
02/03/15::21:47:42: Assembling BEM matrix block (1,1) 
02/03/15::22:15:32: LU-factorizing T1 at Xi=0.66037... 
02/03/15::22:15:32: LU-factorizing T2 at Xi=0.66037... 
02/03/15::22:16:19: Applying transform 0.398107... 
02/03/15::22:16:19:  Assembling U(0,1) 
02/03/15::22:16:19: Assembling BEM matrix block (0,1) 
02/03/15::22:21:53:   Computing ZForce... 
02/03/15::22:22:12: Computing Casimir integrand at Xi=1.09995
 
02/03/15::22:22:12: Assembling T1 at Xi=1.099951e+00... 
02/03/15::22:22:12: Assembling BEM matrix block (0,0) 
02/03/15::22:22:23: Assembling T2 at Xi=1.099951e+00... 
02/03/15::22:22:23: Assembling BEM matrix block (1,1) 
02/03/15::23:10:49: LU-factorizing T1 at Xi=1.09995... 
02/03/15::23:10:49: LU-factorizing T2 at Xi=1.09995... 
02/03/15::23:11:36: Applying transform 0.398107... 
02/03/15::23:11:36:  Assembling U(0,1) 
02/03/15::23:11:36: Assembling BEM matrix block (0,1) 
02/03/15::23:17:04:   Computing ZForce... 
02/03/15::23:17:23: Computing Casimir integrand at Xi=1.31974
 
02/03/15::23:17:23: Assembling T1 at Xi=1.319741e+00... 
02/03/15::23:17:23: Assembling BEM matrix block (0,0) 
02/03/15::23:18:04: Assembling T2 at Xi=1.319741e+00... 
02/03/15::23:18:04: Assembling BEM matrix block (1,1) 
02/04/15::00:06:40: LU-factorizing T1 at Xi=1.31974... 
02/04/15::00:06:40: LU-factorizing T2 at Xi=1.31974... 
02/04/15::00:07:27: Applying transform 0.398107... 
02/04/15::00:07:27:  Assembling U(0,1) 
02/04/15::00:07:27: Assembling BEM matrix block (0,1) 
02/04/15::00:12:55:   Computing ZForce... 
02/04/15::00:13:14: Computing Casimir integrand at Xi=1.53953
 
02/04/15::00:13:14: Assembling T1 at Xi=1.539531e+00... 
02/04/15::00:13:14: Assembling BEM matrix block (0,0) 
02/04/15::00:14:35: Assembling T2 at Xi=1.539531e+00... 
02/04/15::00:14:35: Assembling BEM matrix block (1,1) 
02/04/15::01:04:04: LU-factorizing T1 at Xi=1.53953... 
02/04/15::01:04:04: LU-factorizing T2 at Xi=1.53953... 
02/04/15::01:04:50: Applying transform 0.398107... 
02/04/15::01:04:50:  Assembling U(0,1) 
02/04/15::01:04:50: Assembling BEM matrix block (0,1) 
02/04/15::01:10:18:   Computing ZForce... 
02/04/15::01:10:37: Computing Casimir integrand at Xi=1.75932
 
02/04/15::01:10:37: Assembling T1 at Xi=1.759321e+00... 
02/04/15::01:10:37: Assembling BEM matrix block (0,0) 
02/04/15::01:12:18: Assembling T2 at Xi=1.759321e+00... 
02/04/15::01:12:18: Assembling BEM matrix block (1,1) 
02/04/15::02:02:42: LU-factorizing T1 at Xi=1.75932... 
02/04/15::02:02:43: LU-factorizing T2 at Xi=1.75932... 
02/04/15::02:03:29: Applying transform 0.398107... 
02/04/15::02:03:29:  Assembling U(0,1) 
02/04/15::02:03:29: Assembling BEM matrix block (0,1) 
02/04/15::02:08:53:   Computing ZForce... 
02/04/15::02:09:13: Computing Casimir integrand at Xi=1.42964
 
02/04/15::02:09:13: Assembling T1 at Xi=1.429636e+00... 
02/04/15::02:09:13: Assembling BEM matrix block (0,0) 
02/04/15::02:10:16: Assembling T2 at Xi=1.429636e+00... 
02/04/15::02:10:16: Assembling BEM matrix block (1,1) 
02/04/15::02:59:05: LU-factorizing T1 at Xi=1.42964... 
02/04/15::02:59:05: LU-factorizing T2 at Xi=1.42964... 
02/04/15::02:59:52: Applying transform 0.398107... 
02/04/15::02:59:52:  Assembling U(0,1) 
02/04/15::02:59:52: Assembling BEM matrix block (0,1) 
02/04/15::03:05:21:   Computing ZForce... 
02/04/15::03:05:40: Computing Casimir integrand at Xi=1.75932
 
02/04/15::03:05:40: Assembling T1 at Xi=1.759321e+00... 
02/04/15::03:05:40: Assembling BEM matrix block (0,0) 
02/04/15::03:07:21: Assembling T2 at Xi=1.759321e+00... 
02/04/15::03:07:21: Assembling BEM matrix block (1,1) 
02/04/15::03:57:47: LU-factorizing T1 at Xi=1.75932... 
02/04/15::03:57:47: LU-factorizing T2 at Xi=1.75932... 
02/04/15::03:58:33: Applying transform 0.398107... 
02/04/15::03:58:33:  Assembling U(0,1) 
02/04/15::03:58:33: Assembling BEM matrix block (0,1) 
02/04/15::04:03:58:   Computing ZForce... 
02/04/15::04:04:17: Computing Casimir integrand at Xi=1.97911
 
02/04/15::04:04:17: Assembling T1 at Xi=1.979111e+00... 
02/04/15::04:04:17: Assembling BEM matrix block (0,0) 
02/04/15::04:06:01: Assembling T2 at Xi=1.979111e+00... 
02/04/15::04:06:01: Assembling BEM matrix block (1,1) 
02/04/15::04:56:45: LU-factorizing T1 at Xi=1.97911... 
02/04/15::04:56:45: LU-factorizing T2 at Xi=1.97911... 
02/04/15::04:57:31: Applying transform 0.398107... 
02/04/15::04:57:31:  Assembling U(0,1) 
02/04/15::04:57:31: Assembling BEM matrix block (0,1) 
02/04/15::05:02:56:   Computing ZForce... 
02/04/15::05:03:15: Computing Casimir integrand at Xi=1.64943
 
02/04/15::05:03:15: Assembling T1 at Xi=1.649426e+00... 
02/04/15::05:03:15: Assembling BEM matrix block (0,0) 
02/04/15::05:04:48: Assembling T2 at Xi=1.649426e+00... 
02/04/15::05:04:48: Assembling BEM matrix block (1,1) 
02/04/15::05:54:49: LU-factorizing T1 at Xi=1.64943... 
02/04/15::05:54:49: LU-factorizing T2 at Xi=1.64943... 
02/04/15::05:55:36: Applying transform 0.398107... 
02/04/15::05:55:36:  Assembling U(0,1) 
02/04/15::05:55:36: Assembling BEM matrix block (0,1) 
02/04/15::06:01:02:   Computing ZForce... 
02/04/15::06:01:21: Computing Casimir integrand at Xi=1.59448
 
02/04/15::06:01:21: Assembling T1 at Xi=1.594479e+00... 
02/04/15::06:01:21: Assembling BEM matrix block (0,0) 
02/04/15::06:02:49: Assembling T2 at Xi=1.594479e+00... 
02/04/15::06:02:49: Assembling BEM matrix block (1,1) 
02/04/15::06:52:31: LU-factorizing T1 at Xi=1.59448... 
02/04/15::06:52:31: LU-factorizing T2 at Xi=1.59448... 
02/04/15::06:53:18: Applying transform 0.398107... 
02/04/15::06:53:18:  Assembling U(0,1) 
02/04/15::06:53:18: Assembling BEM matrix block (0,1) 
02/04/15::06:58:46:   Computing ZForce... 
02/04/15::06:59:05: Computing Casimir integrand at Xi=1.70437
 
02/04/15::06:59:05: Assembling T1 at Xi=1.704374e+00... 
02/04/15::06:59:05: Assembling BEM matrix block (0,0) 
02/04/15::07:00:44: Assembling T2 at Xi=1.704374e+00... 
02/04/15::07:00:44: Assembling BEM matrix block (1,1) 
02/04/15::07:50:59: LU-factorizing T1 at Xi=1.70437... 
02/04/15::07:51:00: LU-factorizing T2 at Xi=1.70437... 
02/04/15::07:51:46: Applying transform 0.398107... 
02/04/15::07:51:46:  Assembling U(0,1) 
02/04/15::07:51:46: Assembling BEM matrix block (0,1) 
02/04/15::07:57:12:   Computing ZForce... 
02/04/15::07:57:31: Computing Casimir integrand at Xi=1.75932
 
02/04/15::07:57:31: Assembling T1 at Xi=1.759321e+00... 
02/04/15::07:57:31: Assembling BEM matrix block (0,0) 
02/04/15::07:59:12: Assembling T2 at Xi=1.759321e+00... 
02/04/15::07:59:12: Assembling BEM matrix block (1,1) 
02/04/15::08:49:37: LU-factorizing T1 at Xi=1.75932... 
02/04/15::08:49:37: LU-factorizing T2 at Xi=1.75932... 
02/04/15::08:50:24: Applying transform 0.398107... 
02/04/15::08:50:24:  Assembling U(0,1) 
02/04/15::08:50:24: Assembling BEM matrix block (0,1) 
02/04/15::08:55:48:   Computing ZForce... 
02/04/15::08:56:07: Computing Casimir integrand at Xi=1.6769
 
02/04/15::08:56:07: Assembling T1 at Xi=1.676900e+00... 
02/04/15::08:56:07: Assembling BEM matrix block (0,0) 
02/04/15::08:57:43: Assembling T2 at Xi=1.676900e+00... 
02/04/15::08:57:43: Assembling BEM matrix block (1,1) 
02/04/15::09:47:49: LU-factorizing T1 at Xi=1.6769... 
02/04/15::09:47:49: LU-factorizing T2 at Xi=1.6769... 
02/04/15::09:48:35: Applying transform 0.398107... 
02/04/15::09:48:35:  Assembling U(0,1) 
02/04/15::09:48:35: Assembling BEM matrix block (0,1) 
02/04/15::09:54:01:   Computing ZForce... 
02/04/15::09:54:20: Computing Casimir integrand at Xi=1.75932
 
02/04/15::09:54:20: Assembling T1 at Xi=1.759321e+00... 
02/04/15::09:54:20: Assembling BEM matrix block (0,0) 
02/04/15::09:56:01: Assembling T2 at Xi=1.759321e+00... 
02/04/15::09:56:01: Assembling BEM matrix block (1,1) 
02/04/15::10:46:26: LU-factorizing T1 at Xi=1.75932... 
02/04/15::10:46:26: LU-factorizing T2 at Xi=1.75932... 
02/04/15::10:47:12: Applying transform 0.398107... 
02/04/15::10:47:12:  Assembling U(0,1) 
02/04/15::10:47:12: Assembling BEM matrix block (0,1) 
02/04/15::10:52:37:   Computing ZForce... 
02/04/15::10:52:56: Computing Casimir integrand at Xi=1.81427
 
02/04/15::10:52:56: Assembling T1 at Xi=1.814269e+00... 
02/04/15::10:52:56: Assembling BEM matrix block (0,0) 
02/04/15::10:54:39: Assembling T2 at Xi=1.814269e+00... 
02/04/15::10:54:39: Assembling BEM matrix block (1,1) 
02/04/15::11:45:12: LU-factorizing T1 at Xi=1.81427... 
02/04/15::11:45:12: LU-factorizing T2 at Xi=1.81427... 
02/04/15::11:45:59: Applying transform 0.398107... 
02/04/15::11:45:59:  Assembling U(0,1) 
02/04/15::11:45:59: Assembling BEM matrix block (0,1) 
02/04/15::11:51:24:   Computing ZForce... 
02/04/15::11:51:43: Computing Casimir integrand at Xi=1.73185
 
02/04/15::11:51:43: Assembling T1 at Xi=1.731847e+00... 
02/04/15::11:51:43: Assembling BEM matrix block (0,0) 
02/04/15::11:53:23: Assembling T2 at Xi=1.731847e+00... 
02/04/15::11:53:23: Assembling BEM matrix block (1,1) 
02/04/15::12:43:43: LU-factorizing T1 at Xi=1.73185... 
02/04/15::12:43:43: LU-factorizing T2 at Xi=1.73185... 
02/04/15::12:44:29: Applying transform 0.398107... 
02/04/15::12:44:29:  Assembling U(0,1) 
02/04/15::12:44:29: Assembling BEM matrix block (0,1) 
02/04/15::12:49:54:   Computing ZForce... 
02/04/15::12:50:13: Computing Casimir integrand at Xi=1.71811
 
02/04/15::12:50:13: Assembling T1 at Xi=1.718111e+00... 
02/04/15::12:50:13: Assembling BEM matrix block (0,0) 
02/04/15::12:51:52: Assembling T2 at Xi=1.718111e+00... 
02/04/15::12:51:52: Assembling BEM matrix block (1,1) 
02/04/15::13:42:10: LU-factorizing T1 at Xi=1.71811... 
02/04/15::13:42:10: LU-factorizing T2 at Xi=1.71811... 
02/04/15::13:42:57: Applying transform 0.398107... 
02/04/15::13:42:57:  Assembling U(0,1) 
02/04/15::13:42:57: Assembling BEM matrix block (0,1) 
02/04/15::13:48:21:   Computing ZForce... 
02/04/15::13:48:40: Computing Casimir integrand at Xi=1.71124
 
02/04/15::13:48:40: Assembling T1 at Xi=1.711242e+00... 
02/04/15::13:48:40: Assembling BEM matrix block (0,0) 
02/04/15::13:50:20: Assembling T2 at Xi=1.711242e+00... 
02/04/15::13:50:20: Assembling BEM matrix block (1,1) 
02/04/15::14:40:36: LU-factorizing T1 at Xi=1.71124... 
02/04/15::14:40:36: LU-factorizing T2 at Xi=1.71124... 
02/04/15::14:41:23: Applying transform 0.398107... 
02/04/15::14:41:23:  Assembling U(0,1) 
02/04/15::14:41:23: Assembling BEM matrix block (0,1) 
02/04/15::14:46:48:   Computing ZForce... 
02/04/15::14:47:07: Computing Casimir integrand at Xi=1.70781
 
02/04/15::14:47:07: Assembling T1 at Xi=1.707808e+00... 
02/04/15::14:47:07: Assembling BEM matrix block (0,0) 
02/04/15::14:48:47: Assembling T2 at Xi=1.707808e+00... 
02/04/15::14:48:47: Assembling BEM matrix block (1,1) 
02/04/15::15:39:03: LU-factorizing T1 at Xi=1.70781... 
02/04/15::15:39:03: LU-factorizing T2 at Xi=1.70781... 
02/04/15::15:39:50: Applying transform 0.398107... 
02/04/15::15:39:50:  Assembling U(0,1) 
02/04/15::15:39:50: Assembling BEM matrix block (0,1) 
02/04/15::15:45:15:   Computing ZForce... 
02/04/15::15:45:34: Computing Casimir integrand at Xi=1.70609
 
02/04/15::15:45:34: Assembling T1 at Xi=1.706091e+00... 
02/04/15::15:45:34: Assembling BEM matrix block (0,0) 
02/04/15::15:47:14: Assembling T2 at Xi=1.706091e+00... 
02/04/15::15:47:14: Assembling BEM matrix block (1,1) 
02/04/15::16:37:29: LU-factorizing T1 at Xi=1.70609... 
02/04/15::16:37:29: LU-factorizing T2 at Xi=1.70609... 
02/04/15::16:38:15: Applying transform 0.398107... 
02/04/15::16:38:15:  Assembling U(0,1) 
02/04/15::16:38:15: Assembling BEM matrix block (0,1) 
02/04/15::16:43:41:   Computing ZForce... 
02/04/15::16:44:00: Computing Casimir integrand at Xi=1.70523
 
02/04/15::16:44:00: Assembling T1 at Xi=1.705232e+00... 
02/04/15::16:44:00: Assembling BEM matrix block (0,0) 
02/04/15::16:45:39: Assembling T2 at Xi=1.705232e+00... 
02/04/15::16:45:39: Assembling BEM matrix block (1,1) 
02/04/15::17:35:53: LU-factorizing T1 at Xi=1.70523... 
02/04/15::17:35:53: LU-factorizing T2 at Xi=1.70523... 
02/04/15::17:36:40: Applying transform 0.398107... 
02/04/15::17:36:40:  Assembling U(0,1) 
02/04/15::17:36:40: Assembling BEM matrix block (0,1) 
02/04/15::17:42:05:   Computing ZForce... 
02/04/15::17:42:24: Computing Casimir integrand at Xi=1.70781
 
02/04/15::17:42:24: Assembling T1 at Xi=1.707808e+00... 
02/04/15::17:42:24: Assembling BEM matrix block (0,0) 
02/04/15::17:44:04: Assembling T2 at Xi=1.707808e+00... 
02/04/15::17:44:04: Assembling BEM matrix block (1,1) 
02/04/15::18:34:20: LU-factorizing T1 at Xi=1.70781... 
02/04/15::18:34:20: LU-factorizing T2 at Xi=1.70781... 
02/04/15::18:35:07: Applying transform 0.398107... 
02/04/15::18:35:07:  Assembling U(0,1) 
02/04/15::18:35:07: Assembling BEM matrix block (0,1) 
02/04/15::18:40:34:   Computing ZForce... 
02/04/15::18:40:53: Computing Casimir integrand at Xi=1.70953
 
02/04/15::18:40:53: Assembling T1 at Xi=1.709525e+00... 
02/04/15::18:40:53: Assembling BEM matrix block (0,0) 
02/04/15::18:42:32: Assembling T2 at Xi=1.709525e+00... 
02/04/15::18:42:32: Assembling BEM matrix block (1,1) 
02/04/15::19:32:55: LU-factorizing T1 at Xi=1.70953... 
02/04/15::19:32:56: LU-factorizing T2 at Xi=1.70953... 
02/04/15::19:33:42: Applying transform 0.398107... 
02/04/15::19:33:42:  Assembling U(0,1) 
02/04/15::19:33:42: Assembling BEM matrix block (0,1) 
02/04/15::19:39:09:   Computing ZForce... 
02/04/15::19:39:28: Computing Casimir integrand at Xi=1.70695
 
02/04/15::19:39:28: Assembling T1 at Xi=1.706949e+00... 
02/04/15::19:39:28: Assembling BEM matrix block (0,0) 
02/04/15::19:41:08: Assembling T2 at Xi=1.706949e+00... 
02/04/15::19:41:08: Assembling BEM matrix block (1,1) 
02/04/15::20:39:23: LU-factorizing T1 at Xi=1.70695... 
02/04/15::20:39:23: LU-factorizing T2 at Xi=1.70695... 
02/04/15::20:40:10: Applying transform 0.398107... 
02/04/15::20:40:10:  Assembling U(0,1) 
02/04/15::20:40:10: Assembling BEM matrix block (0,1) 
02/04/15::20:46:10:   Computing ZForce... 
02/04/15::20:46:30: Computing Casimir integrand at Xi=1.70652
 
02/04/15::20:46:30: Assembling T1 at Xi=1.706520e+00... 
02/04/15::20:46:30: Assembling BEM matrix block (0,0) 
02/04/15::20:48:09: Assembling T2 at Xi=1.706520e+00... 
02/04/15::20:48:09: Assembling BEM matrix block (1,1) 
02/04/15::21:49:31: LU-factorizing T1 at Xi=1.70652... 
02/04/15::21:49:34: LU-factorizing T2 at Xi=1.70652... 
02/04/15::21:51:08: Applying transform 0.398107... 
02/04/15::21:51:08:  Assembling U(0,1) 
02/04/15::21:51:08: Assembling BEM matrix block (0,1) 
02/04/15::21:57:14:   Computing ZForce... 
02/04/15::21:58:32: Computing Casimir integrand at Xi=1.70631
 
02/04/15::21:58:32: Assembling T1 at Xi=1.706305e+00... 
02/04/15::21:58:32: Assembling BEM matrix block (0,0) 
02/04/15::22:00:24: Assembling T2 at Xi=1.706305e+00... 
02/04/15::22:00:24: Assembling BEM matrix block (1,1) 
02/04/15::22:54:25: LU-factorizing T1 at Xi=1.70631... 
02/04/15::22:54:25: LU-factorizing T2 at Xi=1.70631... 
02/04/15::22:55:53: Applying transform 0.398107... 
02/04/15::22:55:53:  Assembling U(0,1) 
02/04/15::22:55:53: Assembling BEM matrix block (0,1) 
02/04/15::23:01:30:   Computing ZForce... 
02/04/15::23:01:50: Computing Casimir integrand at Xi=1.70695
 
02/04/15::23:01:50: Assembling T1 at Xi=1.706949e+00... 
02/04/15::23:01:50: Assembling BEM matrix block (0,0) 
02/04/15::23:03:56: Assembling T2 at Xi=1.706949e+00... 
02/04/15::23:03:56: Assembling BEM matrix block (1,1) 
02/04/15::23:58:08: LU-factorizing T1 at Xi=1.70695... 
02/04/15::23:58:08: LU-factorizing T2 at Xi=1.70695... 
02/04/15::23:58:55: Applying transform 0.398107... 
02/04/15::23:58:55:  Assembling U(0,1) 
02/04/15::23:58:55: Assembling BEM matrix block (0,1) 
02/05/15::00:05:32:   Computing ZForce... 
02/05/15::00:06:03: Computing Casimir integrand at Xi=1.70738
 
02/05/15::00:06:03: Assembling T1 at Xi=1.707379e+00... 
02/05/15::00:06:03: Assembling BEM matrix block (0,0) 
02/05/15::00:08:42: Assembling T2 at Xi=1.707379e+00... 
02/05/15::00:08:42: Assembling BEM matrix block (1,1) 
02/05/15::01:13:01: LU-factorizing T1 at Xi=1.70738... 
02/05/15::01:13:01: LU-factorizing T2 at Xi=1.70738... 
02/05/15::01:13:47: Applying transform 0.398107... 
02/05/15::01:13:47:  Assembling U(0,1) 
02/05/15::01:13:47: Assembling BEM matrix block (0,1) 
