02/03/15::18:31:16: scuff-cas3D running on fell0181 
02/03/15::18:31:16: Setting material properties of exterior region to VACUUM. 
02/03/15::18:31:16: Flipped 514 panel normals to comport with region definitions. 
02/03/15::18:31:16: Computing full zero-temperature Casimir quantities. 
02/03/15::18:31:16: Read 1 geometrical transformations from file Bead_L-10.trans. 
02/03/15::18:31:17: Minimum distance between surface points=1.000000e+01 
02/03/15::18:31:17: Computing Casimir integrand at Xi=0.001
 
02/03/15::18:31:17: Assembling T1 at Xi=1.000000e-03... 
02/03/15::18:31:17: Assembling BEM matrix block (0,0) 
02/03/15::18:32:02: Assembling T2 at Xi=1.000000e-03... 
02/03/15::18:32:02: Assembling BEM matrix block (1,1) 
02/03/15::19:11:01: LU-factorizing T1 at Xi=0.001... 
02/03/15::19:11:01: LU-factorizing T2 at Xi=0.001... 
02/03/15::19:12:08: Applying transform 10.0... 
02/03/15::19:12:08:  Assembling U(0,1) 
02/03/15::19:12:08: Assembling BEM matrix block (0,1) 
02/03/15::19:14:28:   Computing ZForce... 
02/03/15::19:14:55: Computing Casimir integrand at Xi=0.00975
 
02/03/15::19:14:55: Assembling T1 at Xi=9.750000e-03... 
02/03/15::19:14:55: Assembling BEM matrix block (0,0) 
02/03/15::19:15:01: Assembling T2 at Xi=9.750000e-03... 
02/03/15::19:15:01: Assembling BEM matrix block (1,1) 
02/03/15::19:49:29: LU-factorizing T1 at Xi=0.00975... 
02/03/15::19:49:29: LU-factorizing T2 at Xi=0.00975... 
02/03/15::19:50:35: Applying transform 10.0... 
02/03/15::19:50:35:  Assembling U(0,1) 
02/03/15::19:50:35: Assembling BEM matrix block (0,1) 
02/03/15::19:52:55:   Computing ZForce... 
02/03/15::19:53:22: Computing Casimir integrand at Xi=0.0185
 
02/03/15::19:53:22: Assembling T1 at Xi=1.850000e-02... 
02/03/15::19:53:22: Assembling BEM matrix block (0,0) 
02/03/15::19:53:28: Assembling T2 at Xi=1.850000e-02... 
02/03/15::19:53:28: Assembling BEM matrix block (1,1) 
02/03/15::20:28:20: LU-factorizing T1 at Xi=0.0185... 
02/03/15::20:28:21: LU-factorizing T2 at Xi=0.0185... 
02/03/15::20:29:27: Applying transform 10.0... 
02/03/15::20:29:27:  Assembling U(0,1) 
02/03/15::20:29:27: Assembling BEM matrix block (0,1) 
02/03/15::20:31:45:   Computing ZForce... 
02/03/15::20:32:12: Computing Casimir integrand at Xi=0.036
 
02/03/15::20:32:12: Assembling T1 at Xi=3.600000e-02... 
02/03/15::20:32:12: Assembling BEM matrix block (0,0) 
02/03/15::20:32:19: Assembling T2 at Xi=3.600000e-02... 
02/03/15::20:32:19: Assembling BEM matrix block (1,1) 
02/03/15::21:07:20: LU-factorizing T1 at Xi=0.036... 
02/03/15::21:07:21: LU-factorizing T2 at Xi=0.036... 
02/03/15::21:08:27: Applying transform 10.0... 
02/03/15::21:08:27:  Assembling U(0,1) 
02/03/15::21:08:27: Assembling BEM matrix block (0,1) 
02/03/15::21:10:46:   Computing ZForce... 
02/03/15::21:11:13: Computing Casimir integrand at Xi=0.0535
 
02/03/15::21:11:13: Assembling T1 at Xi=5.350000e-02... 
02/03/15::21:11:13: Assembling BEM matrix block (0,0) 
02/03/15::21:11:20: Assembling T2 at Xi=5.350000e-02... 
02/03/15::21:11:20: Assembling BEM matrix block (1,1) 
02/03/15::21:46:26: LU-factorizing T1 at Xi=0.0535... 
02/03/15::21:46:26: LU-factorizing T2 at Xi=0.0535... 
02/03/15::21:47:32: Applying transform 10.0... 
02/03/15::21:47:32:  Assembling U(0,1) 
02/03/15::21:47:32: Assembling BEM matrix block (0,1) 
02/03/15::21:49:51:   Computing ZForce... 
02/03/15::21:50:18: Computing Casimir integrand at Xi=0.0885
 
02/03/15::21:50:18: Assembling T1 at Xi=8.850000e-02... 
02/03/15::21:50:18: Assembling BEM matrix block (0,0) 
02/03/15::21:50:25: Assembling T2 at Xi=8.850000e-02... 
02/03/15::21:50:25: Assembling BEM matrix block (1,1) 
02/03/15::22:25:33: LU-factorizing T1 at Xi=0.0885... 
02/03/15::22:25:33: LU-factorizing T2 at Xi=0.0885... 
02/03/15::22:26:39: Applying transform 10.0... 
02/03/15::22:26:39:  Assembling U(0,1) 
02/03/15::22:26:39: Assembling BEM matrix block (0,1) 
02/03/15::22:28:59:   Computing ZForce... 
02/03/15::22:29:26: Computing Casimir integrand at Xi=0.1235
 
02/03/15::22:29:26: Assembling T1 at Xi=1.235000e-01... 
02/03/15::22:29:26: Assembling BEM matrix block (0,0) 
02/03/15::22:29:32: Assembling T2 at Xi=1.235000e-01... 
02/03/15::22:29:32: Assembling BEM matrix block (1,1) 
02/03/15::23:04:42: LU-factorizing T1 at Xi=0.1235... 
02/03/15::23:04:42: LU-factorizing T2 at Xi=0.1235... 
02/03/15::23:05:48: Applying transform 10.0... 
02/03/15::23:05:48:  Assembling U(0,1) 
02/03/15::23:05:48: Assembling BEM matrix block (0,1) 
02/03/15::23:08:07:   Computing ZForce... 
02/03/15::23:08:34: Computing Casimir integrand at Xi=0.1935
 
02/03/15::23:08:34: Assembling T1 at Xi=1.935000e-01... 
02/03/15::23:08:34: Assembling BEM matrix block (0,0) 
02/03/15::23:08:41: Assembling T2 at Xi=1.935000e-01... 
02/03/15::23:08:41: Assembling BEM matrix block (1,1) 
02/03/15::23:43:53: LU-factorizing T1 at Xi=0.1935... 
02/03/15::23:43:53: LU-factorizing T2 at Xi=0.1935... 
02/03/15::23:45:00: Applying transform 10.0... 
02/03/15::23:45:00:  Assembling U(0,1) 
02/03/15::23:45:00: Assembling BEM matrix block (0,1) 
02/03/15::23:47:20:   Computing ZForce... 
02/03/15::23:47:47: Computing Casimir integrand at Xi=0.2635
 
02/03/15::23:47:47: Assembling T1 at Xi=2.635000e-01... 
02/03/15::23:47:47: Assembling BEM matrix block (0,0) 
02/03/15::23:47:54: Assembling T2 at Xi=2.635000e-01... 
02/03/15::23:47:54: Assembling BEM matrix block (1,1) 
02/04/15::00:23:29: LU-factorizing T1 at Xi=0.2635... 
02/04/15::00:23:29: LU-factorizing T2 at Xi=0.2635... 
02/04/15::00:24:41: Applying transform 10.0... 
02/04/15::00:24:41:  Assembling U(0,1) 
02/04/15::00:24:41: Assembling BEM matrix block (0,1) 
02/04/15::00:27:08:   Computing ZForce... 
02/04/15::00:27:37: Computing Casimir integrand at Xi=0.1585
 
02/04/15::00:27:37: Assembling T1 at Xi=1.585000e-01... 
02/04/15::00:27:37: Assembling BEM matrix block (0,0) 
02/04/15::00:27:44: Assembling T2 at Xi=1.585000e-01... 
02/04/15::00:27:44: Assembling BEM matrix block (1,1) 
02/04/15::01:03:16: LU-factorizing T1 at Xi=0.1585... 
02/04/15::01:03:17: LU-factorizing T2 at Xi=0.1585... 
02/04/15::01:04:28: Applying transform 10.0... 
02/04/15::01:04:28:  Assembling U(0,1) 
02/04/15::01:04:28: Assembling BEM matrix block (0,1) 
02/04/15::01:06:56:   Computing ZForce... 
02/04/15::01:07:25: Computing Casimir integrand at Xi=0.2285
 
02/04/15::01:07:25: Assembling T1 at Xi=2.285000e-01... 
02/04/15::01:07:25: Assembling BEM matrix block (0,0) 
02/04/15::01:07:32: Assembling T2 at Xi=2.285000e-01... 
02/04/15::01:07:32: Assembling BEM matrix block (1,1) 
02/04/15::01:43:04: LU-factorizing T1 at Xi=0.2285... 
02/04/15::01:43:04: LU-factorizing T2 at Xi=0.2285... 
02/04/15::01:44:12: Applying transform 10.0... 
02/04/15::01:44:12:  Assembling U(0,1) 
02/04/15::01:44:12: Assembling BEM matrix block (0,1) 
02/04/15::01:46:33:   Computing ZForce... 
02/04/15::01:47:01: Computing Casimir integrand at Xi=0.2635
 
02/04/15::01:47:01: Assembling T1 at Xi=2.635000e-01... 
02/04/15::01:47:01: Assembling BEM matrix block (0,0) 
02/04/15::01:47:08: Assembling T2 at Xi=2.635000e-01... 
02/04/15::01:47:08: Assembling BEM matrix block (1,1) 
02/04/15::02:22:25: LU-factorizing T1 at Xi=0.2635... 
02/04/15::02:22:25: LU-factorizing T2 at Xi=0.2635... 
02/04/15::02:23:31: Applying transform 10.0... 
02/04/15::02:23:31:  Assembling U(0,1) 
02/04/15::02:23:31: Assembling BEM matrix block (0,1) 
02/04/15::02:25:49:   Computing ZForce... 
02/04/15::02:26:16: Computing Casimir integrand at Xi=0.211
 
02/04/15::02:26:16: Assembling T1 at Xi=2.110000e-01... 
02/04/15::02:26:16: Assembling BEM matrix block (0,0) 
02/04/15::02:26:23: Assembling T2 at Xi=2.110000e-01... 
02/04/15::02:26:23: Assembling BEM matrix block (1,1) 
02/04/15::03:01:33: LU-factorizing T1 at Xi=0.211... 
02/04/15::03:01:33: LU-factorizing T2 at Xi=0.211... 
02/04/15::03:02:41: Applying transform 10.0... 
02/04/15::03:02:41:  Assembling U(0,1) 
02/04/15::03:02:41: Assembling BEM matrix block (0,1) 
02/04/15::03:04:59:   Computing ZForce... 
02/04/15::03:05:27: Computing Casimir integrand at Xi=0.2635
 
02/04/15::03:05:27: Assembling T1 at Xi=2.635000e-01... 
02/04/15::03:05:27: Assembling BEM matrix block (0,0) 
02/04/15::03:05:34: Assembling T2 at Xi=2.635000e-01... 
02/04/15::03:05:34: Assembling BEM matrix block (1,1) 
02/04/15::03:40:45: LU-factorizing T1 at Xi=0.2635... 
02/04/15::03:40:45: LU-factorizing T2 at Xi=0.2635... 
02/04/15::03:41:51: Applying transform 10.0... 
02/04/15::03:41:51:  Assembling U(0,1) 
02/04/15::03:41:51: Assembling BEM matrix block (0,1) 
02/04/15::03:44:09:   Computing ZForce... 
02/04/15::03:44:36: Computing Casimir integrand at Xi=0.2985
 
02/04/15::03:44:36: Assembling T1 at Xi=2.985000e-01... 
02/04/15::03:44:36: Assembling BEM matrix block (0,0) 
02/04/15::03:44:43: Assembling T2 at Xi=2.985000e-01... 
02/04/15::03:44:43: Assembling BEM matrix block (1,1) 
02/04/15::04:19:59: LU-factorizing T1 at Xi=0.2985... 
02/04/15::04:19:59: LU-factorizing T2 at Xi=0.2985... 
02/04/15::04:21:05: Applying transform 10.0... 
02/04/15::04:21:05:  Assembling U(0,1) 
02/04/15::04:21:05: Assembling BEM matrix block (0,1) 
02/04/15::04:23:23:   Computing ZForce... 
02/04/15::04:23:50: Computing Casimir integrand at Xi=0.246
 
02/04/15::04:23:50: Assembling T1 at Xi=2.460000e-01... 
02/04/15::04:23:50: Assembling BEM matrix block (0,0) 
02/04/15::04:23:57: Assembling T2 at Xi=2.460000e-01... 
02/04/15::04:23:57: Assembling BEM matrix block (1,1) 
02/04/15::04:59:12: LU-factorizing T1 at Xi=0.246... 
02/04/15::04:59:12: LU-factorizing T2 at Xi=0.246... 
02/04/15::05:00:17: Applying transform 10.0... 
02/04/15::05:00:17:  Assembling U(0,1) 
02/04/15::05:00:17: Assembling BEM matrix block (0,1) 
02/04/15::05:02:34:   Computing ZForce... 
02/04/15::05:03:01: Computing Casimir integrand at Xi=0.2985
 
02/04/15::05:03:01: Assembling T1 at Xi=2.985000e-01... 
02/04/15::05:03:01: Assembling BEM matrix block (0,0) 
02/04/15::05:03:08: Assembling T2 at Xi=2.985000e-01... 
02/04/15::05:03:08: Assembling BEM matrix block (1,1) 
02/04/15::05:38:28: LU-factorizing T1 at Xi=0.2985... 
02/04/15::05:38:29: LU-factorizing T2 at Xi=0.2985... 
02/04/15::05:39:34: Applying transform 10.0... 
02/04/15::05:39:34:  Assembling U(0,1) 
02/04/15::05:39:34: Assembling BEM matrix block (0,1) 
02/04/15::05:41:53:   Computing ZForce... 
02/04/15::05:42:20: Computing Casimir integrand at Xi=0.3335
 
02/04/15::05:42:20: Assembling T1 at Xi=3.335000e-01... 
02/04/15::05:42:20: Assembling BEM matrix block (0,0) 
02/04/15::05:42:27: Assembling T2 at Xi=3.335000e-01... 
02/04/15::05:42:27: Assembling BEM matrix block (1,1) 
02/04/15::06:17:41: LU-factorizing T1 at Xi=0.3335... 
02/04/15::06:17:41: LU-factorizing T2 at Xi=0.3335... 
02/04/15::06:18:46: Applying transform 10.0... 
02/04/15::06:18:46:  Assembling U(0,1) 
02/04/15::06:18:46: Assembling BEM matrix block (0,1) 
02/04/15::06:21:05:   Computing ZForce... 
02/04/15::06:21:32: Computing Casimir integrand at Xi=0.281
 
02/04/15::06:21:32: Assembling T1 at Xi=2.810000e-01... 
02/04/15::06:21:32: Assembling BEM matrix block (0,0) 
02/04/15::06:21:39: Assembling T2 at Xi=2.810000e-01... 
02/04/15::06:21:39: Assembling BEM matrix block (1,1) 
02/04/15::06:56:56: LU-factorizing T1 at Xi=0.281... 
02/04/15::06:56:56: LU-factorizing T2 at Xi=0.281... 
02/04/15::06:58:07: Applying transform 10.0... 
02/04/15::06:58:07:  Assembling U(0,1) 
02/04/15::06:58:07: Assembling BEM matrix block (0,1) 
02/04/15::07:00:32:   Computing ZForce... 
02/04/15::07:01:01: Computing Casimir integrand at Xi=0.3335
 
02/04/15::07:01:01: Assembling T1 at Xi=3.335000e-01... 
02/04/15::07:01:01: Assembling BEM matrix block (0,0) 
02/04/15::07:01:08: Assembling T2 at Xi=3.335000e-01... 
02/04/15::07:01:08: Assembling BEM matrix block (1,1) 
02/04/15::07:37:14: LU-factorizing T1 at Xi=0.3335... 
02/04/15::07:37:14: LU-factorizing T2 at Xi=0.3335... 
02/04/15::07:38:19: Applying transform 10.0... 
02/04/15::07:38:19:  Assembling U(0,1) 
02/04/15::07:38:20: Assembling BEM matrix block (0,1) 
02/04/15::07:40:38:   Computing ZForce... 
02/04/15::07:41:05: Computing Casimir integrand at Xi=0.3685
 
02/04/15::07:41:05: Assembling T1 at Xi=3.685000e-01... 
02/04/15::07:41:05: Assembling BEM matrix block (0,0) 
02/04/15::07:41:13: Assembling T2 at Xi=3.685000e-01... 
02/04/15::07:41:13: Assembling BEM matrix block (1,1) 
02/04/15::08:16:53: LU-factorizing T1 at Xi=0.3685... 
02/04/15::08:16:54: LU-factorizing T2 at Xi=0.3685... 
02/04/15::08:18:01: Applying transform 10.0... 
02/04/15::08:18:01:  Assembling U(0,1) 
02/04/15::08:18:01: Assembling BEM matrix block (0,1) 
02/04/15::08:20:23:   Computing ZForce... 
02/04/15::08:20:50: Computing Casimir integrand at Xi=0.316
 
02/04/15::08:20:50: Assembling T1 at Xi=3.160000e-01... 
02/04/15::08:20:50: Assembling BEM matrix block (0,0) 
02/04/15::08:20:57: Assembling T2 at Xi=3.160000e-01... 
02/04/15::08:20:57: Assembling BEM matrix block (1,1) 
02/04/15::08:56:27: LU-factorizing T1 at Xi=0.316... 
02/04/15::08:56:27: LU-factorizing T2 at Xi=0.316... 
02/04/15::08:57:33: Applying transform 10.0... 
02/04/15::08:57:33:  Assembling U(0,1) 
02/04/15::08:57:33: Assembling BEM matrix block (0,1) 
02/04/15::08:59:52:   Computing ZForce... 
02/04/15::09:00:19: Computing Casimir integrand at Xi=0.3685
 
02/04/15::09:00:19: Assembling T1 at Xi=3.685000e-01... 
02/04/15::09:00:19: Assembling BEM matrix block (0,0) 
02/04/15::09:00:27: Assembling T2 at Xi=3.685000e-01... 
02/04/15::09:00:27: Assembling BEM matrix block (1,1) 
02/04/15::09:35:54: LU-factorizing T1 at Xi=0.3685... 
02/04/15::09:35:54: LU-factorizing T2 at Xi=0.3685... 
02/04/15::09:37:01: Applying transform 10.0... 
02/04/15::09:37:01:  Assembling U(0,1) 
02/04/15::09:37:01: Assembling BEM matrix block (0,1) 
02/04/15::09:39:20:   Computing ZForce... 
02/04/15::09:39:47: Computing Casimir integrand at Xi=0.4035
 
02/04/15::09:39:47: Assembling T1 at Xi=4.035000e-01... 
02/04/15::09:39:47: Assembling BEM matrix block (0,0) 
02/04/15::09:39:55: Assembling T2 at Xi=4.035000e-01... 
02/04/15::09:39:55: Assembling BEM matrix block (1,1) 
02/04/15::10:15:26: LU-factorizing T1 at Xi=0.4035... 
02/04/15::10:15:26: LU-factorizing T2 at Xi=0.4035... 
02/04/15::10:16:32: Applying transform 10.0... 
02/04/15::10:16:32:  Assembling U(0,1) 
02/04/15::10:16:32: Assembling BEM matrix block (0,1) 
02/04/15::10:18:51:   Computing ZForce... 
02/04/15::10:19:18: Computing Casimir integrand at Xi=0.351
 
02/04/15::10:19:18: Assembling T1 at Xi=3.510000e-01... 
02/04/15::10:19:18: Assembling BEM matrix block (0,0) 
02/04/15::10:19:25: Assembling T2 at Xi=3.510000e-01... 
02/04/15::10:19:25: Assembling BEM matrix block (1,1) 
02/04/15::10:54:52: LU-factorizing T1 at Xi=0.351... 
02/04/15::10:54:52: LU-factorizing T2 at Xi=0.351... 
02/04/15::10:55:57: Applying transform 10.0... 
02/04/15::10:55:58:  Assembling U(0,1) 
02/04/15::10:55:58: Assembling BEM matrix block (0,1) 
02/04/15::10:58:18:   Computing ZForce... 
02/04/15::10:58:45: Computing Casimir integrand at Xi=0.4035
 
02/04/15::10:58:45: Assembling T1 at Xi=4.035000e-01... 
02/04/15::10:58:45: Assembling BEM matrix block (0,0) 
02/04/15::10:58:53: Assembling T2 at Xi=4.035000e-01... 
02/04/15::10:58:53: Assembling BEM matrix block (1,1) 
02/04/15::11:34:22: LU-factorizing T1 at Xi=0.4035... 
02/04/15::11:34:22: LU-factorizing T2 at Xi=0.4035... 
02/04/15::11:35:28: Applying transform 10.0... 
02/04/15::11:35:28:  Assembling U(0,1) 
02/04/15::11:35:28: Assembling BEM matrix block (0,1) 
02/04/15::11:37:47:   Computing ZForce... 
02/04/15::11:38:14: Computing Casimir integrand at Xi=0.4385
 
02/04/15::11:38:14: Assembling T1 at Xi=4.385000e-01... 
02/04/15::11:38:14: Assembling BEM matrix block (0,0) 
02/04/15::11:38:22: Assembling T2 at Xi=4.385000e-01... 
02/04/15::11:38:22: Assembling BEM matrix block (1,1) 
02/04/15::12:13:58: LU-factorizing T1 at Xi=0.4385... 
02/04/15::12:13:58: LU-factorizing T2 at Xi=0.4385... 
02/04/15::12:15:04: Applying transform 10.0... 
02/04/15::12:15:04:  Assembling U(0,1) 
02/04/15::12:15:04: Assembling BEM matrix block (0,1) 
02/04/15::12:17:23:   Computing ZForce... 
02/04/15::12:17:50: Computing Casimir integrand at Xi=0.386
 
02/04/15::12:17:50: Assembling T1 at Xi=3.860000e-01... 
02/04/15::12:17:50: Assembling BEM matrix block (0,0) 
02/04/15::12:17:57: Assembling T2 at Xi=3.860000e-01... 
02/04/15::12:17:57: Assembling BEM matrix block (1,1) 
02/04/15::12:53:41: LU-factorizing T1 at Xi=0.386... 
02/04/15::12:53:41: LU-factorizing T2 at Xi=0.386... 
02/04/15::12:55:37: Applying transform 10.0... 
02/04/15::12:55:37:  Assembling U(0,1) 
02/04/15::12:55:37: Assembling BEM matrix block (0,1) 
02/04/15::12:58:02:   Computing ZForce... 
02/04/15::12:58:29: Computing Casimir integrand at Xi=0.4385
 
02/04/15::12:58:29: Assembling T1 at Xi=4.385000e-01... 
02/04/15::12:58:29: Assembling BEM matrix block (0,0) 
02/04/15::12:58:37: Assembling T2 at Xi=4.385000e-01... 
02/04/15::12:58:37: Assembling BEM matrix block (1,1) 
02/04/15::13:34:11: LU-factorizing T1 at Xi=0.4385... 
02/04/15::13:34:12: LU-factorizing T2 at Xi=0.4385... 
02/04/15::13:35:18: Applying transform 10.0... 
02/04/15::13:35:18:  Assembling U(0,1) 
02/04/15::13:35:18: Assembling BEM matrix block (0,1) 
02/04/15::13:37:38:   Computing ZForce... 
02/04/15::13:38:05: Computing Casimir integrand at Xi=0.4735
 
02/04/15::13:38:05: Assembling T1 at Xi=4.735000e-01... 
02/04/15::13:38:05: Assembling BEM matrix block (0,0) 
02/04/15::13:38:13: Assembling T2 at Xi=4.735000e-01... 
02/04/15::13:38:13: Assembling BEM matrix block (1,1) 
02/04/15::14:13:52: LU-factorizing T1 at Xi=0.4735... 
02/04/15::14:13:52: LU-factorizing T2 at Xi=0.4735... 
02/04/15::14:14:59: Applying transform 10.0... 
02/04/15::14:14:59:  Assembling U(0,1) 
02/04/15::14:14:59: Assembling BEM matrix block (0,1) 
02/04/15::14:17:18:   Computing ZForce... 
02/04/15::14:17:45: Computing Casimir integrand at Xi=0.421
 
02/04/15::14:17:45: Assembling T1 at Xi=4.210000e-01... 
02/04/15::14:17:45: Assembling BEM matrix block (0,0) 
02/04/15::14:17:53: Assembling T2 at Xi=4.210000e-01... 
02/04/15::14:17:53: Assembling BEM matrix block (1,1) 
02/04/15::14:53:29: LU-factorizing T1 at Xi=0.421... 
02/04/15::14:53:29: LU-factorizing T2 at Xi=0.421... 
02/04/15::14:54:36: Applying transform 10.0... 
02/04/15::14:54:36:  Assembling U(0,1) 
02/04/15::14:54:36: Assembling BEM matrix block (0,1) 
02/04/15::14:56:56:   Computing ZForce... 
02/04/15::14:57:23: Computing Casimir integrand at Xi=0.4735
 
02/04/15::14:57:23: Assembling T1 at Xi=4.735000e-01... 
02/04/15::14:57:23: Assembling BEM matrix block (0,0) 
02/04/15::14:57:30: Assembling T2 at Xi=4.735000e-01... 
02/04/15::14:57:30: Assembling BEM matrix block (1,1) 
02/04/15::15:33:19: LU-factorizing T1 at Xi=0.4735... 
02/04/15::15:33:23: LU-factorizing T2 at Xi=0.4735... 
02/04/15::15:36:01: Applying transform 10.0... 
02/04/15::15:36:01:  Assembling U(0,1) 
02/04/15::15:36:01: Assembling BEM matrix block (0,1) 
02/04/15::15:38:31:   Computing ZForce... 
02/04/15::15:39:00: Computing Casimir integrand at Xi=0.5085
 
02/04/15::15:39:00: Assembling T1 at Xi=5.085000e-01... 
02/04/15::15:39:00: Assembling BEM matrix block (0,0) 
02/04/15::15:39:08: Assembling T2 at Xi=5.085000e-01... 
02/04/15::15:39:08: Assembling BEM matrix block (1,1) 
02/04/15::16:14:57: LU-factorizing T1 at Xi=0.5085... 
02/04/15::16:14:57: LU-factorizing T2 at Xi=0.5085... 
02/04/15::16:16:05: Applying transform 10.0... 
02/04/15::16:16:05:  Assembling U(0,1) 
02/04/15::16:16:05: Assembling BEM matrix block (0,1) 
02/04/15::16:18:27:   Computing ZForce... 
02/04/15::16:18:54: Computing Casimir integrand at Xi=0.456
 
02/04/15::16:18:54: Assembling T1 at Xi=4.560000e-01... 
02/04/15::16:18:54: Assembling BEM matrix block (0,0) 
02/04/15::16:19:02: Assembling T2 at Xi=4.560000e-01... 
02/04/15::16:19:02: Assembling BEM matrix block (1,1) 
02/04/15::16:54:43: LU-factorizing T1 at Xi=0.456... 
02/04/15::16:54:43: LU-factorizing T2 at Xi=0.456... 
02/04/15::16:55:52: Applying transform 10.0... 
02/04/15::16:55:52:  Assembling U(0,1) 
02/04/15::16:55:52: Assembling BEM matrix block (0,1) 
02/04/15::16:58:14:   Computing ZForce... 
02/04/15::16:58:42: Computing Casimir integrand at Xi=0.5085
 
02/04/15::16:58:42: Assembling T1 at Xi=5.085000e-01... 
02/04/15::16:58:42: Assembling BEM matrix block (0,0) 
02/04/15::16:58:50: Assembling T2 at Xi=5.085000e-01... 
02/04/15::16:58:50: Assembling BEM matrix block (1,1) 
02/04/15::17:34:37: LU-factorizing T1 at Xi=0.5085... 
02/04/15::17:34:37: LU-factorizing T2 at Xi=0.5085... 
02/04/15::17:35:44: Applying transform 10.0... 
02/04/15::17:35:44:  Assembling U(0,1) 
02/04/15::17:35:44: Assembling BEM matrix block (0,1) 
02/04/15::17:38:06:   Computing ZForce... 
02/04/15::17:38:34: Computing Casimir integrand at Xi=0.5435
 
02/04/15::17:38:34: Assembling T1 at Xi=5.435000e-01... 
02/04/15::17:38:34: Assembling BEM matrix block (0,0) 
02/04/15::17:38:42: Assembling T2 at Xi=5.435000e-01... 
02/04/15::17:38:42: Assembling BEM matrix block (1,1) 
02/04/15::18:14:29: LU-factorizing T1 at Xi=0.5435... 
02/04/15::18:14:30: LU-factorizing T2 at Xi=0.5435... 
02/04/15::18:15:38: Applying transform 10.0... 
02/04/15::18:15:38:  Assembling U(0,1) 
02/04/15::18:15:38: Assembling BEM matrix block (0,1) 
02/04/15::18:17:59:   Computing ZForce... 
02/04/15::18:18:27: Computing Casimir integrand at Xi=0.491
 
02/04/15::18:18:27: Assembling T1 at Xi=4.910000e-01... 
02/04/15::18:18:27: Assembling BEM matrix block (0,0) 
02/04/15::18:18:35: Assembling T2 at Xi=4.910000e-01... 
02/04/15::18:18:35: Assembling BEM matrix block (1,1) 
02/04/15::18:54:14: LU-factorizing T1 at Xi=0.491... 
02/04/15::18:54:14: LU-factorizing T2 at Xi=0.491... 
02/04/15::18:55:20: Applying transform 10.0... 
02/04/15::18:55:20:  Assembling U(0,1) 
02/04/15::18:55:20: Assembling BEM matrix block (0,1) 
02/04/15::18:57:38:   Computing ZForce... 
02/04/15::18:58:05: Computing Casimir integrand at Xi=0.5435
 
02/04/15::18:58:05: Assembling T1 at Xi=5.435000e-01... 
02/04/15::18:58:05: Assembling BEM matrix block (0,0) 
02/04/15::18:58:13: Assembling T2 at Xi=5.435000e-01... 
02/04/15::18:58:13: Assembling BEM matrix block (1,1) 
02/04/15::19:33:48: LU-factorizing T1 at Xi=0.5435... 
02/04/15::19:33:48: LU-factorizing T2 at Xi=0.5435... 
02/04/15::19:34:54: Applying transform 10.0... 
02/04/15::19:34:54:  Assembling U(0,1) 
02/04/15::19:34:54: Assembling BEM matrix block (0,1) 
02/04/15::19:37:13:   Computing ZForce... 
02/04/15::19:37:40: Computing Casimir integrand at Xi=0.5785
 
02/04/15::19:37:40: Assembling T1 at Xi=5.785000e-01... 
02/04/15::19:37:40: Assembling BEM matrix block (0,0) 
02/04/15::19:37:48: Assembling T2 at Xi=5.785000e-01... 
02/04/15::19:37:48: Assembling BEM matrix block (1,1) 
02/04/15::20:13:25: LU-factorizing T1 at Xi=0.5785... 
02/04/15::20:13:25: LU-factorizing T2 at Xi=0.5785... 
02/04/15::20:14:30: Applying transform 10.0... 
02/04/15::20:14:30:  Assembling U(0,1) 
02/04/15::20:14:30: Assembling BEM matrix block (0,1) 
02/04/15::20:16:49:   Computing ZForce... 
02/04/15::20:17:16: Computing Casimir integrand at Xi=0.526
 
02/04/15::20:17:16: Assembling T1 at Xi=5.260000e-01... 
02/04/15::20:17:16: Assembling BEM matrix block (0,0) 
02/04/15::20:17:24: Assembling T2 at Xi=5.260000e-01... 
02/04/15::20:17:24: Assembling BEM matrix block (1,1) 
02/04/15::20:52:56: LU-factorizing T1 at Xi=0.526... 
02/04/15::20:52:56: LU-factorizing T2 at Xi=0.526... 
02/04/15::20:54:02: Applying transform 10.0... 
02/04/15::20:54:02:  Assembling U(0,1) 
02/04/15::20:54:02: Assembling BEM matrix block (0,1) 
02/04/15::20:56:21:   Computing ZForce... 
