02/03/15::18:30:16: scuff-cas3D running on dole0034 
02/03/15::18:30:16: Setting material properties of exterior region to VACUUM. 
02/03/15::18:30:16: Flipped 514 panel normals to comport with region definitions. 
02/03/15::18:30:16: Computing full zero-temperature Casimir quantities. 
02/03/15::18:30:16: Read 1 geometrical transformations from file Bead_L-2.51189.trans. 
02/03/15::18:30:17: Minimum distance between surface points=2.511890e+00 
02/03/15::18:30:17: Computing Casimir integrand at Xi=0.001
 
02/03/15::18:30:17: Assembling T1 at Xi=1.000000e-03... 
02/03/15::18:30:17: Assembling BEM matrix block (0,0) 
02/03/15::18:30:47: Assembling T2 at Xi=1.000000e-03... 
02/03/15::18:30:47: Assembling BEM matrix block (1,1) 
02/03/15::18:57:46: LU-factorizing T1 at Xi=0.001... 
02/03/15::18:57:46: LU-factorizing T2 at Xi=0.001... 
02/03/15::18:58:25: Applying transform 2.51189... 
02/03/15::18:58:25:  Assembling U(0,1) 
02/03/15::18:58:25: Assembling BEM matrix block (0,1) 
02/03/15::19:02:16:   Computing ZForce... 
02/03/15::19:02:32: Computing Casimir integrand at Xi=0.0358343
 
02/03/15::19:02:32: Assembling T1 at Xi=3.583433e-02... 
02/03/15::19:02:32: Assembling BEM matrix block (0,0) 
02/03/15::19:02:36: Assembling T2 at Xi=3.583433e-02... 
02/03/15::19:02:36: Assembling BEM matrix block (1,1) 
02/03/15::19:26:34: LU-factorizing T1 at Xi=0.0358343... 
02/03/15::19:26:34: LU-factorizing T2 at Xi=0.0358343... 
02/03/15::19:27:13: Applying transform 2.51189... 
02/03/15::19:27:13:  Assembling U(0,1) 
02/03/15::19:27:13: Assembling BEM matrix block (0,1) 
02/03/15::19:30:54:   Computing ZForce... 
02/03/15::19:31:09: Computing Casimir integrand at Xi=0.0706687
 
02/03/15::19:31:09: Assembling T1 at Xi=7.066866e-02... 
02/03/15::19:31:09: Assembling BEM matrix block (0,0) 
02/03/15::19:31:14: Assembling T2 at Xi=7.066866e-02... 
02/03/15::19:31:14: Assembling BEM matrix block (1,1) 
02/03/15::19:55:17: LU-factorizing T1 at Xi=0.0706687... 
02/03/15::19:55:17: LU-factorizing T2 at Xi=0.0706687... 
02/03/15::19:55:56: Applying transform 2.51189... 
02/03/15::19:55:56:  Assembling U(0,1) 
02/03/15::19:55:56: Assembling BEM matrix block (0,1) 
02/03/15::19:59:36:   Computing ZForce... 
02/03/15::19:59:52: Computing Casimir integrand at Xi=0.140337
 
02/03/15::19:59:52: Assembling T1 at Xi=1.403373e-01... 
02/03/15::19:59:52: Assembling BEM matrix block (0,0) 
02/03/15::19:59:57: Assembling T2 at Xi=1.403373e-01... 
02/03/15::19:59:57: Assembling BEM matrix block (1,1) 
02/03/15::20:24:03: LU-factorizing T1 at Xi=0.140337... 
02/03/15::20:24:04: LU-factorizing T2 at Xi=0.140337... 
02/03/15::20:24:43: Applying transform 2.51189... 
02/03/15::20:24:43:  Assembling U(0,1) 
02/03/15::20:24:43: Assembling BEM matrix block (0,1) 
02/03/15::20:28:24:   Computing ZForce... 
02/03/15::20:28:40: Computing Casimir integrand at Xi=0.210006
 
02/03/15::20:28:40: Assembling T1 at Xi=2.100060e-01... 
02/03/15::20:28:40: Assembling BEM matrix block (0,0) 
02/03/15::20:28:45: Assembling T2 at Xi=2.100060e-01... 
02/03/15::20:28:45: Assembling BEM matrix block (1,1) 
02/03/15::20:52:59: LU-factorizing T1 at Xi=0.210006... 
02/03/15::20:52:59: LU-factorizing T2 at Xi=0.210006... 
02/03/15::20:53:38: Applying transform 2.51189... 
02/03/15::20:53:38:  Assembling U(0,1) 
02/03/15::20:53:38: Assembling BEM matrix block (0,1) 
02/03/15::20:57:20:   Computing ZForce... 
02/03/15::20:57:36: Computing Casimir integrand at Xi=0.349343
 
02/03/15::20:57:36: Assembling T1 at Xi=3.493433e-01... 
02/03/15::20:57:36: Assembling BEM matrix block (0,0) 
02/03/15::20:57:42: Assembling T2 at Xi=3.493433e-01... 
02/03/15::20:57:42: Assembling BEM matrix block (1,1) 
02/03/15::21:22:05: LU-factorizing T1 at Xi=0.349343... 
02/03/15::21:22:05: LU-factorizing T2 at Xi=0.349343... 
02/03/15::21:22:45: Applying transform 2.51189... 
02/03/15::21:22:45:  Assembling U(0,1) 
02/03/15::21:22:45: Assembling BEM matrix block (0,1) 
02/03/15::21:26:27:   Computing ZForce... 
02/03/15::21:26:43: Computing Casimir integrand at Xi=0.488681
 
02/03/15::21:26:43: Assembling T1 at Xi=4.886806e-01... 
02/03/15::21:26:43: Assembling BEM matrix block (0,0) 
02/03/15::21:26:49: Assembling T2 at Xi=4.886806e-01... 
02/03/15::21:26:49: Assembling BEM matrix block (1,1) 
02/03/15::21:51:38: LU-factorizing T1 at Xi=0.488681... 
02/03/15::21:51:38: LU-factorizing T2 at Xi=0.488681... 
02/03/15::21:52:19: Applying transform 2.51189... 
02/03/15::21:52:19:  Assembling U(0,1) 
02/03/15::21:52:19: Assembling BEM matrix block (0,1) 
02/03/15::21:56:05:   Computing ZForce... 
02/03/15::21:56:21: Computing Casimir integrand at Xi=0.279675
 
02/03/15::21:56:21: Assembling T1 at Xi=2.796746e-01... 
02/03/15::21:56:21: Assembling BEM matrix block (0,0) 
02/03/15::21:56:27: Assembling T2 at Xi=2.796746e-01... 
02/03/15::21:56:27: Assembling BEM matrix block (1,1) 
02/03/15::22:21:07: LU-factorizing T1 at Xi=0.279675... 
02/03/15::22:21:07: LU-factorizing T2 at Xi=0.279675... 
02/03/15::22:21:47: Applying transform 2.51189... 
02/03/15::22:21:47:  Assembling U(0,1) 
02/03/15::22:21:47: Assembling BEM matrix block (0,1) 
02/03/15::22:25:32:   Computing ZForce... 
02/03/15::22:25:48: Computing Casimir integrand at Xi=0.488681
 
02/03/15::22:25:48: Assembling T1 at Xi=4.886806e-01... 
02/03/15::22:25:48: Assembling BEM matrix block (0,0) 
02/03/15::22:25:54: Assembling T2 at Xi=4.886806e-01... 
02/03/15::22:25:54: Assembling BEM matrix block (1,1) 
02/03/15::23:10:01: LU-factorizing T1 at Xi=0.488681... 
02/03/15::23:10:01: LU-factorizing T2 at Xi=0.488681... 
02/03/15::23:10:41: Applying transform 2.51189... 
02/03/15::23:10:41:  Assembling U(0,1) 
02/03/15::23:10:41: Assembling BEM matrix block (0,1) 
02/03/15::23:14:25:   Computing ZForce... 
02/03/15::23:14:41: Computing Casimir integrand at Xi=0.628018
 
02/03/15::23:14:41: Assembling T1 at Xi=6.280179e-01... 
02/03/15::23:14:41: Assembling BEM matrix block (0,0) 
02/03/15::23:14:47: Assembling T2 at Xi=6.280179e-01... 
02/03/15::23:14:47: Assembling BEM matrix block (1,1) 
02/03/15::23:39:49: LU-factorizing T1 at Xi=0.628018... 
02/03/15::23:39:49: LU-factorizing T2 at Xi=0.628018... 
02/03/15::23:40:29: Applying transform 2.51189... 
02/03/15::23:40:29:  Assembling U(0,1) 
02/03/15::23:40:29: Assembling BEM matrix block (0,1) 
02/03/15::23:44:15:   Computing ZForce... 
02/03/15::23:44:31: Computing Casimir integrand at Xi=0.419012
 
02/03/15::23:44:31: Assembling T1 at Xi=4.190119e-01... 
02/03/15::23:44:31: Assembling BEM matrix block (0,0) 
02/03/15::23:44:37: Assembling T2 at Xi=4.190119e-01... 
02/03/15::23:44:37: Assembling BEM matrix block (1,1) 
02/04/15::00:09:23: LU-factorizing T1 at Xi=0.419012... 
02/04/15::00:09:23: LU-factorizing T2 at Xi=0.419012... 
02/04/15::00:10:03: Applying transform 2.51189... 
02/04/15::00:10:03:  Assembling U(0,1) 
02/04/15::00:10:03: Assembling BEM matrix block (0,1) 
02/04/15::00:23:32:   Computing ZForce... 
02/04/15::00:23:48: Computing Casimir integrand at Xi=0.628018
 
02/04/15::00:23:48: Assembling T1 at Xi=6.280179e-01... 
02/04/15::00:23:48: Assembling BEM matrix block (0,0) 
02/04/15::00:23:54: Assembling T2 at Xi=6.280179e-01... 
02/04/15::00:23:54: Assembling BEM matrix block (1,1) 
02/04/15::00:48:46: LU-factorizing T1 at Xi=0.628018... 
02/04/15::00:48:46: LU-factorizing T2 at Xi=0.628018... 
02/04/15::00:49:26: Applying transform 2.51189... 
02/04/15::00:49:26:  Assembling U(0,1) 
02/04/15::00:49:26: Assembling BEM matrix block (0,1) 
02/04/15::00:53:11:   Computing ZForce... 
02/04/15::00:53:28: Computing Casimir integrand at Xi=0.767355
 
02/04/15::00:53:28: Assembling T1 at Xi=7.673552e-01... 
02/04/15::00:53:28: Assembling BEM matrix block (0,0) 
02/04/15::00:53:34: Assembling T2 at Xi=7.673552e-01... 
02/04/15::00:53:34: Assembling BEM matrix block (1,1) 
02/04/15::01:18:52: LU-factorizing T1 at Xi=0.767355... 
02/04/15::01:18:52: LU-factorizing T2 at Xi=0.767355... 
02/04/15::01:19:37: Applying transform 2.51189... 
02/04/15::01:19:37:  Assembling U(0,1) 
02/04/15::01:19:37: Assembling BEM matrix block (0,1) 
02/04/15::01:23:24:   Computing ZForce... 
02/04/15::01:23:40: Computing Casimir integrand at Xi=0.558349
 
02/04/15::01:23:40: Assembling T1 at Xi=5.583492e-01... 
02/04/15::01:23:40: Assembling BEM matrix block (0,0) 
02/04/15::01:23:46: Assembling T2 at Xi=5.583492e-01... 
02/04/15::01:23:46: Assembling BEM matrix block (1,1) 
02/04/15::01:48:40: LU-factorizing T1 at Xi=0.558349... 
02/04/15::01:48:40: LU-factorizing T2 at Xi=0.558349... 
02/04/15::01:49:20: Applying transform 2.51189... 
02/04/15::01:49:20:  Assembling U(0,1) 
02/04/15::01:49:20: Assembling BEM matrix block (0,1) 
02/04/15::01:53:05:   Computing ZForce... 
02/04/15::01:53:22: Computing Casimir integrand at Xi=0.697687
 
02/04/15::01:53:22: Assembling T1 at Xi=6.976866e-01... 
02/04/15::01:53:22: Assembling BEM matrix block (0,0) 
02/04/15::01:53:29: Assembling T2 at Xi=6.976866e-01... 
02/04/15::01:53:29: Assembling BEM matrix block (1,1) 
02/04/15::02:18:27: LU-factorizing T1 at Xi=0.697687... 
02/04/15::02:18:27: LU-factorizing T2 at Xi=0.697687... 
02/04/15::02:19:06: Applying transform 2.51189... 
02/04/15::02:19:06:  Assembling U(0,1) 
02/04/15::02:19:07: Assembling BEM matrix block (0,1) 
02/04/15::02:22:50:   Computing ZForce... 
02/04/15::02:23:06: Computing Casimir integrand at Xi=0.767355
 
02/04/15::02:23:06: Assembling T1 at Xi=7.673552e-01... 
02/04/15::02:23:06: Assembling BEM matrix block (0,0) 
02/04/15::02:23:13: Assembling T2 at Xi=7.673552e-01... 
02/04/15::02:23:13: Assembling BEM matrix block (1,1) 
02/04/15::02:48:01: LU-factorizing T1 at Xi=0.767355... 
02/04/15::02:48:01: LU-factorizing T2 at Xi=0.767355... 
02/04/15::02:48:40: Applying transform 2.51189... 
02/04/15::02:48:40:  Assembling U(0,1) 
02/04/15::02:48:40: Assembling BEM matrix block (0,1) 
02/04/15::02:52:25:   Computing ZForce... 
02/04/15::02:52:41: Computing Casimir integrand at Xi=0.837024
 
02/04/15::02:52:41: Assembling T1 at Xi=8.370239e-01... 
02/04/15::02:52:41: Assembling BEM matrix block (0,0) 
02/04/15::02:52:48: Assembling T2 at Xi=8.370239e-01... 
02/04/15::02:52:48: Assembling BEM matrix block (1,1) 
02/04/15::03:39:23: LU-factorizing T1 at Xi=0.837024... 
02/04/15::03:39:23: LU-factorizing T2 at Xi=0.837024... 
02/04/15::03:40:02: Applying transform 2.51189... 
02/04/15::03:40:02:  Assembling U(0,1) 
02/04/15::03:40:02: Assembling BEM matrix block (0,1) 
02/04/15::03:43:47:   Computing ZForce... 
02/04/15::03:44:03: Computing Casimir integrand at Xi=0.906693
 
02/04/15::03:44:03: Assembling T1 at Xi=9.066925e-01... 
02/04/15::03:44:03: Assembling BEM matrix block (0,0) 
02/04/15::03:44:10: Assembling T2 at Xi=9.066925e-01... 
02/04/15::03:44:10: Assembling BEM matrix block (1,1) 
02/04/15::04:26:27: LU-factorizing T1 at Xi=0.906693... 
02/04/15::04:26:27: LU-factorizing T2 at Xi=0.906693... 
02/04/15::04:27:07: Applying transform 2.51189... 
02/04/15::04:27:07:  Assembling U(0,1) 
02/04/15::04:27:07: Assembling BEM matrix block (0,1) 
02/04/15::04:30:50:   Computing ZForce... 
02/04/15::04:31:06: Computing Casimir integrand at Xi=0.976361
 
02/04/15::04:31:06: Assembling T1 at Xi=9.763612e-01... 
02/04/15::04:31:06: Assembling BEM matrix block (0,0) 
02/04/15::04:31:13: Assembling T2 at Xi=9.763612e-01... 
02/04/15::04:31:13: Assembling BEM matrix block (1,1) 
02/04/15::05:36:34: LU-factorizing T1 at Xi=0.976361... 
02/04/15::05:36:34: LU-factorizing T2 at Xi=0.976361... 
02/04/15::05:37:14: Applying transform 2.51189... 
02/04/15::05:37:14:  Assembling U(0,1) 
02/04/15::05:37:14: Assembling BEM matrix block (0,1) 
02/04/15::05:40:55:   Computing ZForce... 
02/04/15::05:41:11: Computing Casimir integrand at Xi=1.04603
 
02/04/15::05:41:11: Assembling T1 at Xi=1.046030e+00... 
02/04/15::05:41:11: Assembling BEM matrix block (0,0) 
02/04/15::05:41:20: Assembling T2 at Xi=1.046030e+00... 
02/04/15::05:41:20: Assembling BEM matrix block (1,1) 
02/04/15::06:51:42: LU-factorizing T1 at Xi=1.04603... 
02/04/15::06:51:42: LU-factorizing T2 at Xi=1.04603... 
02/04/15::06:52:22: Applying transform 2.51189... 
02/04/15::06:52:22:  Assembling U(0,1) 
02/04/15::06:52:22: Assembling BEM matrix block (0,1) 
02/04/15::06:56:05:   Computing ZForce... 
02/04/15::06:56:22: Computing Casimir integrand at Xi=1.1157
 
02/04/15::06:56:22: Assembling T1 at Xi=1.115698e+00... 
02/04/15::06:56:22: Assembling BEM matrix block (0,0) 
02/04/15::06:56:32: Assembling T2 at Xi=1.115698e+00... 
02/04/15::06:56:32: Assembling BEM matrix block (1,1) 
02/04/15::07:39:57: LU-factorizing T1 at Xi=1.1157... 
02/04/15::07:39:58: LU-factorizing T2 at Xi=1.1157... 
02/04/15::07:40:38: Applying transform 2.51189... 
02/04/15::07:40:38:  Assembling U(0,1) 
02/04/15::07:40:38: Assembling BEM matrix block (0,1) 
02/04/15::07:44:19:   Computing ZForce... 
02/04/15::07:44:35: Computing Casimir integrand at Xi=1.18537
 
02/04/15::07:44:35: Assembling T1 at Xi=1.185367e+00... 
02/04/15::07:44:35: Assembling BEM matrix block (0,0) 
02/04/15::07:44:52: Assembling T2 at Xi=1.185367e+00... 
02/04/15::07:44:52: Assembling BEM matrix block (1,1) 
02/04/15::08:28:41: LU-factorizing T1 at Xi=1.18537... 
02/04/15::08:28:41: LU-factorizing T2 at Xi=1.18537... 
02/04/15::08:29:20: Applying transform 2.51189... 
02/04/15::08:29:20:  Assembling U(0,1) 
02/04/15::08:29:20: Assembling BEM matrix block (0,1) 
02/04/15::08:33:03:   Computing ZForce... 
02/04/15::08:33:19: Computing Casimir integrand at Xi=1.25504
 
02/04/15::08:33:19: Assembling T1 at Xi=1.255036e+00... 
02/04/15::08:33:19: Assembling BEM matrix block (0,0) 
02/04/15::08:33:45: Assembling T2 at Xi=1.255036e+00... 
02/04/15::08:33:45: Assembling BEM matrix block (1,1) 
02/04/15::09:17:35: LU-factorizing T1 at Xi=1.25504... 
02/04/15::09:17:35: LU-factorizing T2 at Xi=1.25504... 
02/04/15::09:18:14: Applying transform 2.51189... 
02/04/15::09:18:15:  Assembling U(0,1) 
02/04/15::09:18:15: Assembling BEM matrix block (0,1) 
02/04/15::09:21:57:   Computing ZForce... 
02/04/15::09:22:13: Computing Casimir integrand at Xi=1.3247
 
02/04/15::09:22:13: Assembling T1 at Xi=1.324704e+00... 
02/04/15::09:22:13: Assembling BEM matrix block (0,0) 
02/04/15::09:22:49: Assembling T2 at Xi=1.324704e+00... 
02/04/15::09:22:49: Assembling BEM matrix block (1,1) 
02/04/15::10:06:32: LU-factorizing T1 at Xi=1.3247... 
02/04/15::10:06:32: LU-factorizing T2 at Xi=1.3247... 
02/04/15::10:07:12: Applying transform 2.51189... 
02/04/15::10:07:12:  Assembling U(0,1) 
02/04/15::10:07:12: Assembling BEM matrix block (0,1) 
02/04/15::10:10:54:   Computing ZForce... 
02/04/15::10:11:10: Computing Casimir integrand at Xi=1.39437
 
02/04/15::10:11:10: Assembling T1 at Xi=1.394373e+00... 
02/04/15::10:11:10: Assembling BEM matrix block (0,0) 
02/04/15::10:12:00: Assembling T2 at Xi=1.394373e+00... 
02/04/15::10:12:00: Assembling BEM matrix block (1,1) 
02/04/15::11:30:06: LU-factorizing T1 at Xi=1.39437... 
02/04/15::11:30:06: LU-factorizing T2 at Xi=1.39437... 
02/04/15::11:30:45: Applying transform 2.51189... 
02/04/15::11:30:45:  Assembling U(0,1) 
02/04/15::11:30:45: Assembling BEM matrix block (0,1) 
02/04/15::11:34:30:   Computing ZForce... 
02/04/15::11:34:46: Computing Casimir integrand at Xi=1.46404
 
02/04/15::11:34:46: Assembling T1 at Xi=1.464042e+00... 
02/04/15::11:34:46: Assembling BEM matrix block (0,0) 
02/04/15::11:35:48: Assembling T2 at Xi=1.464042e+00... 
02/04/15::11:35:48: Assembling BEM matrix block (1,1) 
02/04/15::12:53:45: LU-factorizing T1 at Xi=1.46404... 
02/04/15::12:53:45: LU-factorizing T2 at Xi=1.46404... 
02/04/15::12:54:24: Applying transform 2.51189... 
02/04/15::12:54:24:  Assembling U(0,1) 
02/04/15::12:54:24: Assembling BEM matrix block (0,1) 
02/04/15::12:58:08:   Computing ZForce... 
02/04/15::12:58:24: Computing Casimir integrand at Xi=1.35954
 
02/04/15::12:58:24: Assembling T1 at Xi=1.359539e+00... 
02/04/15::12:58:24: Assembling BEM matrix block (0,0) 
02/04/15::12:59:07: Assembling T2 at Xi=1.359539e+00... 
02/04/15::12:59:07: Assembling BEM matrix block (1,1) 
02/04/15::13:43:02: LU-factorizing T1 at Xi=1.35954... 
02/04/15::13:43:02: LU-factorizing T2 at Xi=1.35954... 
02/04/15::13:43:43: Applying transform 2.51189... 
02/04/15::13:43:43:  Assembling U(0,1) 
02/04/15::13:43:43: Assembling BEM matrix block (0,1) 
02/04/15::13:47:27:   Computing ZForce... 
02/04/15::13:47:44: Computing Casimir integrand at Xi=1.46404
 
02/04/15::13:47:44: Assembling T1 at Xi=1.464042e+00... 
02/04/15::13:47:44: Assembling BEM matrix block (0,0) 
02/04/15::13:48:45: Assembling T2 at Xi=1.464042e+00... 
02/04/15::13:48:45: Assembling BEM matrix block (1,1) 
02/04/15::14:32:48: LU-factorizing T1 at Xi=1.46404... 
02/04/15::14:32:49: LU-factorizing T2 at Xi=1.46404... 
02/04/15::14:33:29: Applying transform 2.51189... 
02/04/15::14:33:29:  Assembling U(0,1) 
02/04/15::14:33:29: Assembling BEM matrix block (0,1) 
02/04/15::14:37:11:   Computing ZForce... 
02/04/15::14:37:28: Computing Casimir integrand at Xi=1.53371
 
02/04/15::14:37:28: Assembling T1 at Xi=1.533710e+00... 
02/04/15::14:37:28: Assembling BEM matrix block (0,0) 
02/04/15::14:38:38: Assembling T2 at Xi=1.533710e+00... 
02/04/15::14:38:38: Assembling BEM matrix block (1,1) 
02/04/15::15:43:53: LU-factorizing T1 at Xi=1.53371... 
02/04/15::15:43:54: LU-factorizing T2 at Xi=1.53371... 
02/04/15::15:44:33: Applying transform 2.51189... 
02/04/15::15:44:33:  Assembling U(0,1) 
02/04/15::15:44:33: Assembling BEM matrix block (0,1) 
02/04/15::15:48:15:   Computing ZForce... 
02/04/15::15:48:31: Computing Casimir integrand at Xi=1.67305
 
02/04/15::15:48:31: Assembling T1 at Xi=1.673048e+00... 
02/04/15::15:48:31: Assembling BEM matrix block (0,0) 
02/04/15::15:49:55: Assembling T2 at Xi=1.673048e+00... 
02/04/15::15:49:55: Assembling BEM matrix block (1,1) 
02/04/15::16:46:07: LU-factorizing T1 at Xi=1.67305... 
02/04/15::16:46:07: LU-factorizing T2 at Xi=1.67305... 
02/04/15::16:46:46: Applying transform 2.51189... 
02/04/15::16:46:46:  Assembling U(0,1) 
02/04/15::16:46:46: Assembling BEM matrix block (0,1) 
02/04/15::16:50:27:   Computing ZForce... 
02/04/15::16:50:43: Computing Casimir integrand at Xi=1.81239
 
02/04/15::16:50:43: Assembling T1 at Xi=1.812385e+00... 
02/04/15::16:50:43: Assembling BEM matrix block (0,0) 
02/04/15::16:52:13: Assembling T2 at Xi=1.812385e+00... 
02/04/15::16:52:13: Assembling BEM matrix block (1,1) 
02/04/15::17:37:32: LU-factorizing T1 at Xi=1.81239... 
02/04/15::17:37:32: LU-factorizing T2 at Xi=1.81239... 
02/04/15::17:38:12: Applying transform 2.51189... 
02/04/15::17:38:12:  Assembling U(0,1) 
02/04/15::17:38:12: Assembling BEM matrix block (0,1) 
02/04/15::17:41:52:   Computing ZForce... 
02/04/15::17:42:08: Computing Casimir integrand at Xi=1.60338
 
02/04/15::17:42:08: Assembling T1 at Xi=1.603379e+00... 
02/04/15::17:42:08: Assembling BEM matrix block (0,0) 
02/04/15::17:43:26: Assembling T2 at Xi=1.603379e+00... 
02/04/15::17:43:26: Assembling BEM matrix block (1,1) 
02/04/15::18:27:58: LU-factorizing T1 at Xi=1.60338... 
02/04/15::18:27:58: LU-factorizing T2 at Xi=1.60338... 
02/04/15::18:28:39: Applying transform 2.51189... 
02/04/15::18:28:39:  Assembling U(0,1) 
02/04/15::18:28:39: Assembling BEM matrix block (0,1) 
02/04/15::18:32:22:   Computing ZForce... 
02/04/15::18:32:39: Computing Casimir integrand at Xi=1.56854
 
02/04/15::18:32:39: Assembling T1 at Xi=1.568545e+00... 
02/04/15::18:32:39: Assembling BEM matrix block (0,0) 
02/04/15::18:33:54: Assembling T2 at Xi=1.568545e+00... 
02/04/15::18:33:54: Assembling BEM matrix block (1,1) 
02/04/15::19:18:34: LU-factorizing T1 at Xi=1.56854... 
02/04/15::19:18:34: LU-factorizing T2 at Xi=1.56854... 
02/04/15::19:19:15: Applying transform 2.51189... 
02/04/15::19:19:15:  Assembling U(0,1) 
02/04/15::19:19:15: Assembling BEM matrix block (0,1) 
02/04/15::19:22:58:   Computing ZForce... 
02/04/15::19:23:14: Computing Casimir integrand at Xi=1.67305
 
02/04/15::19:23:14: Assembling T1 at Xi=1.673048e+00... 
02/04/15::19:23:14: Assembling BEM matrix block (0,0) 
02/04/15::19:24:38: Assembling T2 at Xi=1.673048e+00... 
02/04/15::19:24:38: Assembling BEM matrix block (1,1) 
02/04/15::20:23:49: LU-factorizing T1 at Xi=1.67305... 
02/04/15::20:23:49: LU-factorizing T2 at Xi=1.67305... 
02/04/15::20:24:29: Applying transform 2.51189... 
02/04/15::20:24:29:  Assembling U(0,1) 
02/04/15::20:24:29: Assembling BEM matrix block (0,1) 
02/04/15::20:28:10:   Computing ZForce... 
02/04/15::20:28:26: Computing Casimir integrand at Xi=1.74272
 
02/04/15::20:28:26: Assembling T1 at Xi=1.742716e+00... 
02/04/15::20:28:26: Assembling BEM matrix block (0,0) 
02/04/15::20:29:55: Assembling T2 at Xi=1.742716e+00... 
02/04/15::20:29:55: Assembling BEM matrix block (1,1) 
02/04/15::21:33:27: LU-factorizing T1 at Xi=1.74272... 
02/04/15::21:33:27: LU-factorizing T2 at Xi=1.74272... 
02/04/15::21:34:07: Applying transform 2.51189... 
02/04/15::21:34:07:  Assembling U(0,1) 
02/04/15::21:34:07: Assembling BEM matrix block (0,1) 
02/04/15::21:37:47:   Computing ZForce... 
02/04/15::21:38:03: Computing Casimir integrand at Xi=1.81239
 
02/04/15::21:38:03: Assembling T1 at Xi=1.812385e+00... 
02/04/15::21:38:03: Assembling BEM matrix block (0,0) 
02/04/15::21:39:34: Assembling T2 at Xi=1.812385e+00... 
02/04/15::21:39:34: Assembling BEM matrix block (1,1) 
02/04/15::22:25:09: LU-factorizing T1 at Xi=1.81239... 
02/04/15::22:25:09: LU-factorizing T2 at Xi=1.81239... 
02/04/15::22:25:48: Applying transform 2.51189... 
02/04/15::22:25:48:  Assembling U(0,1) 
02/04/15::22:25:48: Assembling BEM matrix block (0,1) 
02/04/15::22:29:29:   Computing ZForce... 
02/04/15::22:29:45: Computing Casimir integrand at Xi=1.88205
 
02/04/15::22:29:45: Assembling T1 at Xi=1.882054e+00... 
02/04/15::22:29:45: Assembling BEM matrix block (0,0) 
02/04/15::22:31:16: Assembling T2 at Xi=1.882054e+00... 
02/04/15::22:31:16: Assembling BEM matrix block (1,1) 
02/04/15::23:16:57: LU-factorizing T1 at Xi=1.88205... 
02/04/15::23:16:57: LU-factorizing T2 at Xi=1.88205... 
02/04/15::23:17:37: Applying transform 2.51189... 
02/04/15::23:17:37:  Assembling U(0,1) 
02/04/15::23:17:37: Assembling BEM matrix block (0,1) 
02/04/15::23:21:17:   Computing ZForce... 
