02/05/15::00:29:54: scuff-cas3D running on fell0307 
02/05/15::00:29:54: Setting material properties of exterior region to VACUUM. 
02/05/15::00:29:54: Flipped 500 panel normals to comport with region definitions. 
02/05/15::00:29:54: Computing full Matsubara-summed Casimir quantities at T=3.000000e+02 Kelvin. 
02/05/15::00:29:54: Read 1 geometrical transformations from file BeadPEC_300K_L-0.158489.trans. 
02/05/15::00:29:54: Beginning Matsubara sum at T=300 kelvin... 
02/05/15::00:29:54: Computing Casimir integrand at Xi=0.001
 
02/05/15::00:29:54: Assembling T1 at Xi=1.000000e-03... 
02/05/15::00:29:54: Assembling BEM matrix block (0,0) 
02/05/15::00:30:34: Assembling T2 at Xi=1.000000e-03... 
02/05/15::00:30:34: Assembling BEM matrix block (1,1) 
02/05/15::00:37:24: LU-factorizing T1 at Xi=0.001... 
02/05/15::00:37:24: LU-factorizing T2 at Xi=0.001... 
02/05/15::00:37:32: Applying transform 0.158489... 
02/05/15::00:37:32:  Assembling U(0,1) 
02/05/15::00:37:32: Assembling BEM matrix block (0,1) 
02/05/15::00:43:30:   Computing ZForce... 
02/05/15::00:43:33: Computing Casimir integrand at Xi=0.823279
 
02/05/15::00:43:33: Assembling T1 at Xi=8.232789e-01... 
02/05/15::00:43:33: Assembling BEM matrix block (0,0) 
02/05/15::00:43:37: Assembling T2 at Xi=8.232789e-01... 
02/05/15::00:43:37: Assembling BEM matrix block (1,1) 
02/05/15::00:47:24: LU-factorizing T1 at Xi=0.823279... 
02/05/15::00:47:24: LU-factorizing T2 at Xi=0.823279... 
02/05/15::00:47:32: Applying transform 0.158489... 
02/05/15::00:47:32:  Assembling U(0,1) 
02/05/15::00:47:32: Assembling BEM matrix block (0,1) 
02/05/15::00:53:04:   Computing ZForce... 
02/05/15::00:53:08: Computing Casimir integrand at Xi=1.64656
 
02/05/15::00:53:08: Assembling T1 at Xi=1.646558e+00... 
02/05/15::00:53:08: Assembling BEM matrix block (0,0) 
02/05/15::00:53:12: Assembling T2 at Xi=1.646558e+00... 
02/05/15::00:53:12: Assembling BEM matrix block (1,1) 
02/05/15::02:03:49: LU-factorizing T1 at Xi=2.46984... 
02/05/15::02:03:49: LU-factorizing T2 at Xi=2.46984... 
02/05/15::02:03:58: Applying transform 0.158489... 
02/05/15::02:03:58:  Assembling U(0,1) 
02/05/15::02:03:58: Assembling BEM matrix block (0,1) 
02/05/15::02:09:25:   Computing ZForce... 
02/05/15::02:09:29: Computing Casimir integrand at Xi=3.29312
 
02/05/15::02:09:29: Assembling T1 at Xi=3.293115e+00... 
02/05/15::02:09:29: Assembling BEM matrix block (0,0) 
02/05/15::02:09:34: Assembling T2 at Xi=3.293115e+00... 
02/05/15::02:09:34: Assembling BEM matrix block (1,1) 
02/05/15::02:42:06: LU-factorizing T1 at Xi=3.29312... 
02/05/15::02:42:06: LU-factorizing T2 at Xi=3.29312... 
02/05/15::02:42:15: Applying transform 0.158489... 
02/05/15::02:42:15:  Assembling U(0,1) 
02/05/15::02:42:15: Assembling BEM matrix block (0,1) 
02/05/15::02:47:38:   Computing ZForce... 
02/05/15::02:47:41: Computing Casimir integrand at Xi=4.11639
 
02/05/15::02:47:41: Assembling T1 at Xi=4.116394e+00... 
02/05/15::02:47:41: Assembling BEM matrix block (0,0) 
02/05/15::02:48:02: Assembling T2 at Xi=4.116394e+00... 
02/05/15::02:48:02: Assembling BEM matrix block (1,1) 
02/05/15::03:20:03: LU-factorizing T1 at Xi=4.11639... 
02/05/15::03:20:03: LU-factorizing T2 at Xi=4.11639... 
02/05/15::03:20:12: Applying transform 0.158489... 
02/05/15::03:20:12:  Assembling U(0,1) 
02/05/15::03:20:12: Assembling BEM matrix block (0,1) 
02/05/15::03:25:34:   Computing ZForce... 
02/05/15::03:25:37: Computing Casimir integrand at Xi=4.93967
 
02/05/15::03:25:37: Assembling T1 at Xi=4.939673e+00... 
02/05/15::03:25:37: Assembling BEM matrix block (0,0) 
02/05/15::03:27:03: Assembling T2 at Xi=4.939673e+00... 
02/05/15::03:27:03: Assembling BEM matrix block (1,1) 
02/05/15::03:59:01: LU-factorizing T1 at Xi=4.93967... 
02/05/15::03:59:01: LU-factorizing T2 at Xi=4.93967... 
02/05/15::03:59:09: Applying transform 0.158489... 
02/05/15::03:59:09:  Assembling U(0,1) 
02/05/15::03:59:09: Assembling BEM matrix block (0,1) 
02/05/15::04:04:31:   Computing ZForce... 
02/05/15::04:04:34: Computing Casimir integrand at Xi=5.76295
 
02/05/15::04:04:34: Assembling T1 at Xi=5.762952e+00... 
02/05/15::04:04:34: Assembling BEM matrix block (0,0) 
02/05/15::04:06:28: Assembling T2 at Xi=5.762952e+00... 
02/05/15::04:06:28: Assembling BEM matrix block (1,1) 
02/05/15::04:37:20: LU-factorizing T1 at Xi=5.76295... 
02/05/15::04:37:20: LU-factorizing T2 at Xi=5.76295... 
02/05/15::04:37:28: Applying transform 0.158489... 
02/05/15::04:37:28:  Assembling U(0,1) 
02/05/15::04:37:28: Assembling BEM matrix block (0,1) 
02/05/15::04:42:52:   Computing ZForce... 
02/05/15::04:42:55: Computing Casimir integrand at Xi=6.58623
 
02/05/15::04:42:55: Assembling T1 at Xi=6.586231e+00... 
02/05/15::04:42:55: Assembling BEM matrix block (0,0) 
02/05/15::04:44:57: Assembling T2 at Xi=6.586231e+00... 
02/05/15::04:44:57: Assembling BEM matrix block (1,1) 
02/05/15::05:15:47: LU-factorizing T1 at Xi=6.58623... 
02/05/15::05:15:47: LU-factorizing T2 at Xi=6.58623... 
02/05/15::05:15:56: Applying transform 0.158489... 
02/05/15::05:15:56:  Assembling U(0,1) 
02/05/15::05:15:56: Assembling BEM matrix block (0,1) 
02/05/15::05:21:18:   Computing ZForce... 
02/05/15::05:21:21: Computing Casimir integrand at Xi=7.40951
 
02/05/15::05:21:21: Assembling T1 at Xi=7.409510e+00... 
02/05/15::05:21:21: Assembling BEM matrix block (0,0) 
02/05/15::05:23:23: Assembling T2 at Xi=7.409510e+00... 
02/05/15::05:23:23: Assembling BEM matrix block (1,1) 
02/05/15::05:54:30: LU-factorizing T1 at Xi=7.40951... 
02/05/15::05:54:30: LU-factorizing T2 at Xi=7.40951... 
02/05/15::05:54:38: Applying transform 0.158489... 
02/05/15::05:54:38:  Assembling U(0,1) 
02/05/15::05:54:38: Assembling BEM matrix block (0,1) 
02/05/15::06:00:02:   Computing ZForce... 
02/05/15::06:00:05: Computing Casimir integrand at Xi=8.23279
 
02/05/15::06:00:05: Assembling T1 at Xi=8.232789e+00... 
02/05/15::06:00:05: Assembling BEM matrix block (0,0) 
02/05/15::06:02:09: Assembling T2 at Xi=8.232789e+00... 
02/05/15::06:02:09: Assembling BEM matrix block (1,1) 
02/05/15::06:33:29: LU-factorizing T1 at Xi=8.23279... 
02/05/15::06:33:29: LU-factorizing T2 at Xi=8.23279... 
02/05/15::06:33:40: Applying transform 0.158489... 
02/05/15::06:33:40:  Assembling U(0,1) 
02/05/15::06:33:40: Assembling BEM matrix block (0,1) 
02/05/15::06:39:09:   Computing ZForce... 
02/05/15::06:39:13: Computing Casimir integrand at Xi=9.05607
 
02/05/15::06:39:13: Assembling T1 at Xi=9.056067e+00... 
02/05/15::06:39:13: Assembling BEM matrix block (0,0) 
02/05/15::06:41:17: Assembling T2 at Xi=9.056067e+00... 
02/05/15::06:41:17: Assembling BEM matrix block (1,1) 
02/05/15::07:12:55: LU-factorizing T1 at Xi=9.05607... 
02/05/15::07:12:55: LU-factorizing T2 at Xi=9.05607... 
02/05/15::07:13:06: Applying transform 0.158489... 
02/05/15::07:13:06:  Assembling U(0,1) 
02/05/15::07:13:06: Assembling BEM matrix block (0,1) 
02/05/15::07:18:34:   Computing ZForce... 
02/05/15::07:18:38: Computing Casimir integrand at Xi=9.87935
 
02/05/15::07:18:38: Assembling T1 at Xi=9.879346e+00... 
02/05/15::07:18:38: Assembling BEM matrix block (0,0) 
02/05/15::07:20:42: Assembling T2 at Xi=9.879346e+00... 
02/05/15::07:20:42: Assembling BEM matrix block (1,1) 
02/05/15::07:52:16: LU-factorizing T1 at Xi=9.87935... 
02/05/15::07:52:16: LU-factorizing T2 at Xi=9.87935... 
02/05/15::07:52:27: Applying transform 0.158489... 
02/05/15::07:52:27:  Assembling U(0,1) 
02/05/15::07:52:27: Assembling BEM matrix block (0,1) 
02/05/15::07:58:04:   Computing ZForce... 
02/05/15::07:58:08: Computing Casimir integrand at Xi=10.7026
 
02/05/15::07:58:08: Assembling T1 at Xi=1.070263e+01... 
02/05/15::07:58:08: Assembling BEM matrix block (0,0) 
02/05/15::08:00:11: Assembling T2 at Xi=1.070263e+01... 
02/05/15::08:00:11: Assembling BEM matrix block (1,1) 
02/05/15::08:31:49: LU-factorizing T1 at Xi=10.7026... 
02/05/15::08:31:49: LU-factorizing T2 at Xi=10.7026... 
02/05/15::08:32:03: Applying transform 0.158489... 
02/05/15::08:32:03:  Assembling U(0,1) 
02/05/15::08:32:03: Assembling BEM matrix block (0,1) 
02/05/15::08:38:03:   Computing ZForce... 
02/05/15::08:38:09: Computing Casimir integrand at Xi=11.5259
 
02/05/15::08:38:09: Assembling T1 at Xi=1.152590e+01... 
02/05/15::08:38:09: Assembling BEM matrix block (0,0) 
02/05/15::08:40:12: Assembling T2 at Xi=1.152590e+01... 
02/05/15::08:40:12: Assembling BEM matrix block (1,1) 
02/05/15::09:11:42: LU-factorizing T1 at Xi=11.5259... 
02/05/15::09:11:42: LU-factorizing T2 at Xi=11.5259... 
02/05/15::09:12:01: Applying transform 0.158489... 
02/05/15::09:12:01:  Assembling U(0,1) 
02/05/15::09:12:01: Assembling BEM matrix block (0,1) 
02/05/15::09:18:11:   Computing ZForce... 
02/05/15::09:18:18: Computing Casimir integrand at Xi=12.3492
 
02/05/15::09:18:18: Assembling T1 at Xi=1.234918e+01... 
02/05/15::09:18:18: Assembling BEM matrix block (0,0) 
02/05/15::09:20:21: Assembling T2 at Xi=1.234918e+01... 
02/05/15::09:20:21: Assembling BEM matrix block (1,1) 
02/05/15::09:51:49: LU-factorizing T1 at Xi=12.3492... 
02/05/15::09:51:49: LU-factorizing T2 at Xi=12.3492... 
02/05/15::09:52:15: Applying transform 0.158489... 
02/05/15::09:52:15:  Assembling U(0,1) 
02/05/15::09:52:15: Assembling BEM matrix block (0,1) 
02/05/15::09:58:44:   Computing ZForce... 
02/05/15::09:58:53: Computing Casimir integrand at Xi=13.1725
 
02/05/15::09:58:53: Assembling T1 at Xi=1.317246e+01... 
02/05/15::09:58:53: Assembling BEM matrix block (0,0) 
02/05/15::10:00:55: Assembling T2 at Xi=1.317246e+01... 
02/05/15::10:00:55: Assembling BEM matrix block (1,1) 
02/05/15::10:32:24: LU-factorizing T1 at Xi=13.1725... 
02/05/15::10:32:24: LU-factorizing T2 at Xi=13.1725... 
02/05/15::10:32:54: Applying transform 0.158489... 
02/05/15::10:32:54:  Assembling U(0,1) 
02/05/15::10:32:54: Assembling BEM matrix block (0,1) 
02/05/15::10:39:45:   Computing ZForce... 
02/05/15::10:39:56: Computing Casimir integrand at Xi=13.9957
 
02/05/15::10:39:56: Assembling T1 at Xi=1.399574e+01... 
02/05/15::10:39:56: Assembling BEM matrix block (0,0) 
02/05/15::10:41:58: Assembling T2 at Xi=1.399574e+01... 
02/05/15::10:41:58: Assembling BEM matrix block (1,1) 
02/05/15::11:13:50: LU-factorizing T1 at Xi=13.9957... 
02/05/15::11:13:50: LU-factorizing T2 at Xi=13.9957... 
02/05/15::11:14:29: Applying transform 0.158489... 
02/05/15::11:14:29:  Assembling U(0,1) 
02/05/15::11:14:29: Assembling BEM matrix block (0,1) 
02/05/15::11:21:38:   Computing ZForce... 
02/05/15::11:21:52: Computing Casimir integrand at Xi=14.819
 
02/05/15::11:21:52: Assembling T1 at Xi=1.481902e+01... 
02/05/15::11:21:52: Assembling BEM matrix block (0,0) 
02/05/15::11:23:55: Assembling T2 at Xi=1.481902e+01... 
02/05/15::11:23:55: Assembling BEM matrix block (1,1) 
02/05/15::11:55:39: LU-factorizing T1 at Xi=14.819... 
02/05/15::11:55:39: LU-factorizing T2 at Xi=14.819... 
02/05/15::11:56:08: Applying transform 0.158489... 
02/05/15::11:56:08:  Assembling U(0,1) 
02/05/15::11:56:08: Assembling BEM matrix block (0,1) 
02/05/15::12:02:55:   Computing ZForce... 
02/05/15::12:03:06: Computing Casimir integrand at Xi=15.6423
 
02/05/15::12:03:06: Assembling T1 at Xi=1.564230e+01... 
02/05/15::12:03:06: Assembling BEM matrix block (0,0) 
02/05/15::12:05:09: Assembling T2 at Xi=1.564230e+01... 
02/05/15::12:05:09: Assembling BEM matrix block (1,1) 
02/05/15::12:37:00: LU-factorizing T1 at Xi=15.6423... 
02/05/15::12:37:00: LU-factorizing T2 at Xi=15.6423... 
02/05/15::12:37:33: Applying transform 0.158489... 
02/05/15::12:37:33:  Assembling U(0,1) 
02/05/15::12:37:33: Assembling BEM matrix block (0,1) 
02/05/15::12:44:15:   Computing ZForce... 
02/05/15::12:44:26: Computing Casimir integrand at Xi=16.4656
 
02/05/15::12:44:26: Assembling T1 at Xi=1.646558e+01... 
02/05/15::12:44:26: Assembling BEM matrix block (0,0) 
02/05/15::12:46:28: Assembling T2 at Xi=1.646558e+01... 
02/05/15::12:46:28: Assembling BEM matrix block (1,1) 
02/05/15::13:18:22: LU-factorizing T1 at Xi=16.4656... 
02/05/15::13:18:23: LU-factorizing T2 at Xi=16.4656... 
02/05/15::13:18:51: Applying transform 0.158489... 
02/05/15::13:18:51:  Assembling U(0,1) 
02/05/15::13:18:51: Assembling BEM matrix block (0,1) 
02/05/15::13:25:27:   Computing ZForce... 
02/05/15::13:25:37: Computing Casimir integrand at Xi=17.2889
 
02/05/15::13:25:37: Assembling T1 at Xi=1.728886e+01... 
02/05/15::13:25:37: Assembling BEM matrix block (0,0) 
02/05/15::13:27:40: Assembling T2 at Xi=1.728886e+01... 
02/05/15::13:27:40: Assembling BEM matrix block (1,1) 
02/05/15::13:59:27: LU-factorizing T1 at Xi=17.2889... 
02/05/15::13:59:27: LU-factorizing T2 at Xi=17.2889... 
02/05/15::14:00:00: Applying transform 0.158489... 
02/05/15::14:00:00:  Assembling U(0,1) 
02/05/15::14:00:00: Assembling BEM matrix block (0,1) 
02/05/15::14:06:36:   Computing ZForce... 
02/05/15::14:06:47: Computing Casimir integrand at Xi=18.1121
 
02/05/15::14:06:47: Assembling T1 at Xi=1.811213e+01... 
02/05/15::14:06:47: Assembling BEM matrix block (0,0) 
02/05/15::14:08:49: Assembling T2 at Xi=1.811213e+01... 
02/05/15::14:08:49: Assembling BEM matrix block (1,1) 
02/05/15::14:40:43: LU-factorizing T1 at Xi=18.1121... 
02/05/15::14:40:43: LU-factorizing T2 at Xi=18.1121... 
02/05/15::14:41:11: Applying transform 0.158489... 
02/05/15::14:41:11:  Assembling U(0,1) 
02/05/15::14:41:11: Assembling BEM matrix block (0,1) 
02/05/15::14:47:37:   Computing ZForce... 
02/05/15::14:47:46: Computing Casimir integrand at Xi=18.9354
 
02/05/15::14:47:46: Assembling T1 at Xi=1.893541e+01... 
02/05/15::14:47:46: Assembling BEM matrix block (0,0) 
02/05/15::14:49:49: Assembling T2 at Xi=1.893541e+01... 
02/05/15::14:49:49: Assembling BEM matrix block (1,1) 
02/05/15::15:21:36: LU-factorizing T1 at Xi=18.9354... 
02/05/15::15:21:36: LU-factorizing T2 at Xi=18.9354... 
02/05/15::15:22:03: Applying transform 0.158489... 
02/05/15::15:22:03:  Assembling U(0,1) 
02/05/15::15:22:03: Assembling BEM matrix block (0,1) 
02/05/15::15:28:29:   Computing ZForce... 
02/05/15::15:28:38: Computing Casimir integrand at Xi=19.7587
 
02/05/15::15:28:38: Assembling T1 at Xi=1.975869e+01... 
02/05/15::15:28:38: Assembling BEM matrix block (0,0) 
02/05/15::15:30:40: Assembling T2 at Xi=1.975869e+01... 
02/05/15::15:30:40: Assembling BEM matrix block (1,1) 
02/05/15::16:02:23: LU-factorizing T1 at Xi=19.7587... 
02/05/15::16:02:23: LU-factorizing T2 at Xi=19.7587... 
02/05/15::16:02:55: Applying transform 0.158489... 
02/05/15::16:02:55:  Assembling U(0,1) 
02/05/15::16:02:55: Assembling BEM matrix block (0,1) 
02/05/15::16:09:23:   Computing ZForce... 
02/05/15::16:09:33: Computing Casimir integrand at Xi=20.582
 
02/05/15::16:09:33: Assembling T1 at Xi=2.058197e+01... 
02/05/15::16:09:33: Assembling BEM matrix block (0,0) 
02/05/15::16:11:34: Assembling T2 at Xi=2.058197e+01... 
02/05/15::16:11:34: Assembling BEM matrix block (1,1) 
02/05/15::16:43:20: LU-factorizing T1 at Xi=20.582... 
02/05/15::16:43:20: LU-factorizing T2 at Xi=20.582... 
02/05/15::16:43:49: Applying transform 0.158489... 
02/05/15::16:43:49:  Assembling U(0,1) 
02/05/15::16:43:49: Assembling BEM matrix block (0,1) 
02/05/15::16:50:09:   Computing ZForce... 
02/05/15::16:50:18: Computing Casimir integrand at Xi=21.4053
 
02/05/15::16:50:18: Assembling T1 at Xi=2.140525e+01... 
02/05/15::16:50:18: Assembling BEM matrix block (0,0) 
02/05/15::16:52:20: Assembling T2 at Xi=2.140525e+01... 
02/05/15::16:52:20: Assembling BEM matrix block (1,1) 
02/05/15::17:24:07: LU-factorizing T1 at Xi=21.4053... 
02/05/15::17:24:07: LU-factorizing T2 at Xi=21.4053... 
02/05/15::17:24:34: Applying transform 0.158489... 
02/05/15::17:24:34:  Assembling U(0,1) 
02/05/15::17:24:34: Assembling BEM matrix block (0,1) 
02/05/15::17:30:52:   Computing ZForce... 
02/05/15::17:31:00: Computing Casimir integrand at Xi=22.2285
 
02/05/15::17:31:00: Assembling T1 at Xi=2.222853e+01... 
02/05/15::17:31:00: Assembling BEM matrix block (0,0) 
02/05/15::17:33:02: Assembling T2 at Xi=2.222853e+01... 
02/05/15::17:33:02: Assembling BEM matrix block (1,1) 
02/05/15::18:04:51: LU-factorizing T1 at Xi=22.2285... 
02/05/15::18:04:51: LU-factorizing T2 at Xi=22.2285... 
02/05/15::18:05:18: Applying transform 0.158489... 
02/05/15::18:05:18:  Assembling U(0,1) 
02/05/15::18:05:18: Assembling BEM matrix block (0,1) 
02/05/15::18:11:37:   Computing ZForce... 
02/05/15::18:11:46: Computing Casimir integrand at Xi=23.0518
 
02/05/15::18:11:46: Assembling T1 at Xi=2.305181e+01... 
02/05/15::18:11:46: Assembling BEM matrix block (0,0) 
02/05/15::18:13:48: Assembling T2 at Xi=2.305181e+01... 
02/05/15::18:13:48: Assembling BEM matrix block (1,1) 
02/05/15::18:45:37: LU-factorizing T1 at Xi=23.0518... 
02/05/15::18:45:37: LU-factorizing T2 at Xi=23.0518... 
02/05/15::18:46:08: Applying transform 0.158489... 
02/05/15::18:46:08:  Assembling U(0,1) 
02/05/15::18:46:08: Assembling BEM matrix block (0,1) 
02/05/15::18:52:29:   Computing ZForce... 
02/05/15::18:52:38: Computing Casimir integrand at Xi=23.8751
 
02/05/15::18:52:38: Assembling T1 at Xi=2.387509e+01... 
02/05/15::18:52:38: Assembling BEM matrix block (0,0) 
02/05/15::18:54:40: Assembling T2 at Xi=2.387509e+01... 
02/05/15::18:54:40: Assembling BEM matrix block (1,1) 
02/05/15::19:26:30: LU-factorizing T1 at Xi=23.8751... 
02/05/15::19:26:30: LU-factorizing T2 at Xi=23.8751... 
02/05/15::19:26:58: Applying transform 0.158489... 
02/05/15::19:26:58:  Assembling U(0,1) 
02/05/15::19:26:58: Assembling BEM matrix block (0,1) 
02/05/15::19:33:12:   Computing ZForce... 
02/05/15::19:33:20: Computing Casimir integrand at Xi=24.6984
 
02/05/15::19:33:20: Assembling T1 at Xi=2.469837e+01... 
02/05/15::19:33:20: Assembling BEM matrix block (0,0) 
02/05/15::19:35:22: Assembling T2 at Xi=2.469837e+01... 
02/05/15::19:35:22: Assembling BEM matrix block (1,1) 
02/05/15::20:07:18: LU-factorizing T1 at Xi=24.6984... 
02/05/15::20:07:18: LU-factorizing T2 at Xi=24.6984... 
02/05/15::20:07:44: Applying transform 0.158489... 
02/05/15::20:07:44:  Assembling U(0,1) 
02/05/15::20:07:44: Assembling BEM matrix block (0,1) 
02/05/15::20:13:57:   Computing ZForce... 
02/05/15::20:14:05: Computing Casimir integrand at Xi=25.5216
 
02/05/15::20:14:05: Assembling T1 at Xi=2.552164e+01... 
02/05/15::20:14:05: Assembling BEM matrix block (0,0) 
02/05/15::20:16:07: Assembling T2 at Xi=2.552164e+01... 
02/05/15::20:16:07: Assembling BEM matrix block (1,1) 
02/05/15::20:47:55: LU-factorizing T1 at Xi=25.5216... 
02/05/15::20:47:55: LU-factorizing T2 at Xi=25.5216... 
02/05/15::20:48:21: Applying transform 0.158489... 
02/05/15::20:48:21:  Assembling U(0,1) 
02/05/15::20:48:21: Assembling BEM matrix block (0,1) 
02/05/15::20:54:36:   Computing ZForce... 
02/05/15::20:54:44: Computing Casimir integrand at Xi=26.3449
 
02/05/15::20:54:44: Assembling T1 at Xi=2.634492e+01... 
02/05/15::20:54:44: Assembling BEM matrix block (0,0) 
02/05/15::20:56:46: Assembling T2 at Xi=2.634492e+01... 
02/05/15::20:56:46: Assembling BEM matrix block (1,1) 
02/05/15::21:28:38: LU-factorizing T1 at Xi=26.3449... 
02/05/15::21:28:38: LU-factorizing T2 at Xi=26.3449... 
02/05/15::21:29:04: Applying transform 0.158489... 
02/05/15::21:29:04:  Assembling U(0,1) 
02/05/15::21:29:04: Assembling BEM matrix block (0,1) 
02/05/15::21:35:19:   Computing ZForce... 
02/05/15::21:35:27: Computing Casimir integrand at Xi=27.1682
 
02/05/15::21:35:27: Assembling T1 at Xi=2.716820e+01... 
02/05/15::21:35:27: Assembling BEM matrix block (0,0) 
02/05/15::21:37:31: Assembling T2 at Xi=2.716820e+01... 
02/05/15::21:37:31: Assembling BEM matrix block (1,1) 
02/05/15::22:09:24: LU-factorizing T1 at Xi=27.1682... 
02/05/15::22:09:24: LU-factorizing T2 at Xi=27.1682... 
02/05/15::22:09:50: Applying transform 0.158489... 
02/05/15::22:09:50:  Assembling U(0,1) 
02/05/15::22:09:50: Assembling BEM matrix block (0,1) 
02/05/15::22:16:02:   Computing ZForce... 
02/05/15::22:16:10: Computing Casimir integrand at Xi=27.9915
 
02/05/15::22:16:10: Assembling T1 at Xi=2.799148e+01... 
02/05/15::22:16:10: Assembling BEM matrix block (0,0) 
02/05/15::22:18:10: Assembling T2 at Xi=2.799148e+01... 
02/05/15::22:18:10: Assembling BEM matrix block (1,1) 
02/05/15::22:50:01: LU-factorizing T1 at Xi=27.9915... 
02/05/15::22:50:01: LU-factorizing T2 at Xi=27.9915... 
02/05/15::22:50:26: Applying transform 0.158489... 
02/05/15::22:50:26:  Assembling U(0,1) 
02/05/15::22:50:26: Assembling BEM matrix block (0,1) 
02/05/15::22:56:36:   Computing ZForce... 
02/05/15::22:56:43: Computing Casimir integrand at Xi=28.8148
 
02/05/15::22:56:43: Assembling T1 at Xi=2.881476e+01... 
02/05/15::22:56:43: Assembling BEM matrix block (0,0) 
02/05/15::22:58:42: Assembling T2 at Xi=2.881476e+01... 
02/05/15::22:58:42: Assembling BEM matrix block (1,1) 
02/05/15::23:30:37: LU-factorizing T1 at Xi=28.8148... 
02/05/15::23:30:37: LU-factorizing T2 at Xi=28.8148... 
02/05/15::23:31:00: Applying transform 0.158489... 
02/05/15::23:31:00:  Assembling U(0,1) 
02/05/15::23:31:00: Assembling BEM matrix block (0,1) 
02/05/15::23:37:06:   Computing ZForce... 
02/05/15::23:37:13: Computing Casimir integrand at Xi=29.638
 
02/05/15::23:37:13: Assembling T1 at Xi=2.963804e+01... 
02/05/15::23:37:13: Assembling BEM matrix block (0,0) 
02/05/15::23:39:11: Assembling T2 at Xi=2.963804e+01... 
02/05/15::23:39:11: Assembling BEM matrix block (1,1) 
02/06/15::00:11:07: LU-factorizing T1 at Xi=29.638... 
02/06/15::00:11:07: LU-factorizing T2 at Xi=29.638... 
02/06/15::00:11:33: Applying transform 0.158489... 
02/06/15::00:11:33:  Assembling U(0,1) 
02/06/15::00:11:33: Assembling BEM matrix block (0,1) 
02/06/15::00:17:42:   Computing ZForce... 
02/06/15::00:17:49: Computing Casimir integrand at Xi=30.4613
 
02/06/15::00:17:49: Assembling T1 at Xi=3.046132e+01... 
02/06/15::00:17:49: Assembling BEM matrix block (0,0) 
02/06/15::00:19:47: Assembling T2 at Xi=3.046132e+01... 
02/06/15::00:19:47: Assembling BEM matrix block (1,1) 
02/06/15::00:51:48: LU-factorizing T1 at Xi=30.4613... 
02/06/15::00:51:48: LU-factorizing T2 at Xi=30.4613... 
02/06/15::00:52:13: Applying transform 0.158489... 
02/06/15::00:52:13:  Assembling U(0,1) 
02/06/15::00:52:13: Assembling BEM matrix block (0,1) 
02/06/15::00:58:23:   Computing ZForce... 
02/06/15::00:58:30: Computing Casimir integrand at Xi=31.2846
 
02/06/15::00:58:30: Assembling T1 at Xi=3.128460e+01... 
02/06/15::00:58:30: Assembling BEM matrix block (0,0) 
02/06/15::01:00:28: Assembling T2 at Xi=3.128460e+01... 
02/06/15::01:00:28: Assembling BEM matrix block (1,1) 
02/06/15::01:32:22: LU-factorizing T1 at Xi=31.2846... 
02/06/15::01:32:22: LU-factorizing T2 at Xi=31.2846... 
02/06/15::01:32:47: Applying transform 0.158489... 
02/06/15::01:32:47:  Assembling U(0,1) 
02/06/15::01:32:47: Assembling BEM matrix block (0,1) 
02/06/15::01:38:54:   Computing ZForce... 
02/06/15::01:39:02: Computing Casimir integrand at Xi=32.1079
 
02/06/15::01:39:02: Assembling T1 at Xi=3.210788e+01... 
02/06/15::01:39:02: Assembling BEM matrix block (0,0) 
02/06/15::01:40:59: Assembling T2 at Xi=3.210788e+01... 
02/06/15::01:40:59: Assembling BEM matrix block (1,1) 
02/06/15::02:12:52: LU-factorizing T1 at Xi=32.1079... 
02/06/15::02:12:52: LU-factorizing T2 at Xi=32.1079... 
02/06/15::02:13:17: Applying transform 0.158489... 
02/06/15::02:13:17:  Assembling U(0,1) 
02/06/15::02:13:17: Assembling BEM matrix block (0,1) 
02/06/15::02:19:27:   Computing ZForce... 
02/06/15::02:19:34: Computing Casimir integrand at Xi=32.9312
 
02/06/15::02:19:34: Assembling T1 at Xi=3.293115e+01... 
02/06/15::02:19:34: Assembling BEM matrix block (0,0) 
02/06/15::02:21:31: Assembling T2 at Xi=3.293115e+01... 
02/06/15::02:21:31: Assembling BEM matrix block (1,1) 
02/06/15::02:53:27: LU-factorizing T1 at Xi=32.9312... 
02/06/15::02:53:27: LU-factorizing T2 at Xi=32.9312... 
02/06/15::02:53:53: Applying transform 0.158489... 
02/06/15::02:53:53:  Assembling U(0,1) 
02/06/15::02:53:53: Assembling BEM matrix block (0,1) 
02/06/15::03:00:03:   Computing ZForce... 
02/06/15::03:00:11: Computing Casimir integrand at Xi=33.7544
 
02/06/15::03:00:11: Assembling T1 at Xi=3.375443e+01... 
02/06/15::03:00:11: Assembling BEM matrix block (0,0) 
02/06/15::03:02:07: Assembling T2 at Xi=3.375443e+01... 
02/06/15::03:02:07: Assembling BEM matrix block (1,1) 
02/06/15::03:34:00: LU-factorizing T1 at Xi=33.7544... 
02/06/15::03:34:00: LU-factorizing T2 at Xi=33.7544... 
02/06/15::03:34:27: Applying transform 0.158489... 
02/06/15::03:34:27:  Assembling U(0,1) 
02/06/15::03:34:27: Assembling BEM matrix block (0,1) 
02/06/15::03:40:35:   Computing ZForce... 
02/06/15::03:40:42: Matsubara sum converged after summing n=41 frequency points. 
