02/03/15::18:31:16: scuff-cas3D running on hequ0131 
02/03/15::18:31:16: Setting material properties of exterior region to VACUUM. 
02/03/15::18:31:16: Flipped 514 panel normals to comport with region definitions. 
02/03/15::18:31:16: Computing full zero-temperature Casimir quantities. 
02/03/15::18:31:16: Read 1 geometrical transformations from file Bead_L-6.30957.trans. 
02/03/15::18:31:17: Minimum distance between surface points=6.309570e+00 
02/03/15::18:31:17: Computing Casimir integrand at Xi=0.001
 
02/03/15::18:31:17: Assembling T1 at Xi=1.000000e-03... 
02/03/15::18:31:17: Assembling BEM matrix block (0,0) 
02/03/15::18:31:45: Assembling T2 at Xi=1.000000e-03... 
02/03/15::18:31:45: Assembling BEM matrix block (1,1) 
02/03/15::18:56:55: LU-factorizing T1 at Xi=0.001... 
02/03/15::18:56:55: LU-factorizing T2 at Xi=0.001... 
02/03/15::18:57:32: Applying transform 6.30957... 
02/03/15::18:57:32:  Assembling U(0,1) 
02/03/15::18:57:32: Assembling BEM matrix block (0,1) 
02/03/15::18:59:31:   Computing ZForce... 
02/03/15::18:59:45: Computing Casimir integrand at Xi=0.0148678
 
02/03/15::18:59:45: Assembling T1 at Xi=1.486782e-02... 
02/03/15::18:59:45: Assembling BEM matrix block (0,0) 
02/03/15::18:59:49: Assembling T2 at Xi=1.486782e-02... 
02/03/15::18:59:49: Assembling BEM matrix block (1,1) 
02/03/15::19:22:07: LU-factorizing T1 at Xi=0.0148678... 
02/03/15::19:22:07: LU-factorizing T2 at Xi=0.0148678... 
02/03/15::19:22:43: Applying transform 6.30957... 
02/03/15::19:22:43:  Assembling U(0,1) 
02/03/15::19:22:43: Assembling BEM matrix block (0,1) 
02/03/15::19:24:40:   Computing ZForce... 
02/03/15::19:24:55: Computing Casimir integrand at Xi=0.0287356
 
02/03/15::19:24:55: Assembling T1 at Xi=2.873565e-02... 
02/03/15::19:24:55: Assembling BEM matrix block (0,0) 
02/03/15::19:24:59: Assembling T2 at Xi=2.873565e-02... 
02/03/15::19:24:59: Assembling BEM matrix block (1,1) 
02/03/15::19:47:32: LU-factorizing T1 at Xi=0.0287356... 
02/03/15::19:47:32: LU-factorizing T2 at Xi=0.0287356... 
02/03/15::19:48:08: Applying transform 6.30957... 
02/03/15::19:48:08:  Assembling U(0,1) 
02/03/15::19:48:08: Assembling BEM matrix block (0,1) 
02/03/15::19:50:05:   Computing ZForce... 
02/03/15::19:50:19: Computing Casimir integrand at Xi=0.0564713
 
02/03/15::19:50:19: Assembling T1 at Xi=5.647129e-02... 
02/03/15::19:50:19: Assembling BEM matrix block (0,0) 
02/03/15::19:50:24: Assembling T2 at Xi=5.647129e-02... 
02/03/15::19:50:24: Assembling BEM matrix block (1,1) 
02/03/15::20:13:00: LU-factorizing T1 at Xi=0.0564713... 
02/03/15::20:13:00: LU-factorizing T2 at Xi=0.0564713... 
02/03/15::20:13:36: Applying transform 6.30957... 
02/03/15::20:13:36:  Assembling U(0,1) 
02/03/15::20:13:36: Assembling BEM matrix block (0,1) 
02/03/15::20:15:33:   Computing ZForce... 
02/03/15::20:15:47: Computing Casimir integrand at Xi=0.0842069
 
02/03/15::20:15:47: Assembling T1 at Xi=8.420694e-02... 
02/03/15::20:15:47: Assembling BEM matrix block (0,0) 
02/03/15::20:15:51: Assembling T2 at Xi=8.420694e-02... 
02/03/15::20:15:51: Assembling BEM matrix block (1,1) 
02/03/15::20:38:35: LU-factorizing T1 at Xi=0.0842069... 
02/03/15::20:38:35: LU-factorizing T2 at Xi=0.0842069... 
02/03/15::20:39:11: Applying transform 6.30957... 
02/03/15::20:39:11:  Assembling U(0,1) 
02/03/15::20:39:11: Assembling BEM matrix block (0,1) 
02/03/15::20:41:08:   Computing ZForce... 
02/03/15::20:41:22: Computing Casimir integrand at Xi=0.139678
 
02/03/15::20:41:22: Assembling T1 at Xi=1.396782e-01... 
02/03/15::20:41:22: Assembling BEM matrix block (0,0) 
02/03/15::20:41:27: Assembling T2 at Xi=1.396782e-01... 
02/03/15::20:41:27: Assembling BEM matrix block (1,1) 
02/03/15::21:04:17: LU-factorizing T1 at Xi=0.139678... 
02/03/15::21:04:17: LU-factorizing T2 at Xi=0.139678... 
02/03/15::21:04:53: Applying transform 6.30957... 
02/03/15::21:04:53:  Assembling U(0,1) 
02/03/15::21:04:53: Assembling BEM matrix block (0,1) 
02/03/15::21:06:50:   Computing ZForce... 
02/03/15::21:07:05: Computing Casimir integrand at Xi=0.19515
 
02/03/15::21:07:05: Assembling T1 at Xi=1.951495e-01... 
02/03/15::21:07:05: Assembling BEM matrix block (0,0) 
02/03/15::21:07:10: Assembling T2 at Xi=1.951495e-01... 
02/03/15::21:07:10: Assembling BEM matrix block (1,1) 
02/03/15::21:30:01: LU-factorizing T1 at Xi=0.19515... 
02/03/15::21:30:01: LU-factorizing T2 at Xi=0.19515... 
02/03/15::21:30:37: Applying transform 6.30957... 
02/03/15::21:30:37:  Assembling U(0,1) 
02/03/15::21:30:37: Assembling BEM matrix block (0,1) 
02/03/15::21:32:34:   Computing ZForce... 
02/03/15::21:32:48: Computing Casimir integrand at Xi=0.306092
 
02/03/15::21:32:48: Assembling T1 at Xi=3.060921e-01... 
02/03/15::21:32:48: Assembling BEM matrix block (0,0) 
02/03/15::21:32:53: Assembling T2 at Xi=3.060921e-01... 
02/03/15::21:32:53: Assembling BEM matrix block (1,1) 
02/03/15::21:55:48: LU-factorizing T1 at Xi=0.306092... 
02/03/15::21:55:48: LU-factorizing T2 at Xi=0.306092... 
02/03/15::21:56:24: Applying transform 6.30957... 
02/03/15::21:56:24:  Assembling U(0,1) 
02/03/15::21:56:24: Assembling BEM matrix block (0,1) 
02/03/15::21:58:21:   Computing ZForce... 
02/03/15::21:58:35: Computing Casimir integrand at Xi=0.417035
 
02/03/15::21:58:35: Assembling T1 at Xi=4.170347e-01... 
02/03/15::21:58:35: Assembling BEM matrix block (0,0) 
02/03/15::21:58:40: Assembling T2 at Xi=4.170347e-01... 
02/03/15::21:58:40: Assembling BEM matrix block (1,1) 
02/03/15::22:21:42: LU-factorizing T1 at Xi=0.417035... 
02/03/15::22:21:42: LU-factorizing T2 at Xi=0.417035... 
02/03/15::22:22:18: Applying transform 6.30957... 
02/03/15::22:22:18:  Assembling U(0,1) 
02/03/15::22:22:18: Assembling BEM matrix block (0,1) 
02/03/15::22:24:15:   Computing ZForce... 
02/03/15::22:24:29: Computing Casimir integrand at Xi=0.250621
 
02/03/15::22:24:29: Assembling T1 at Xi=2.506208e-01... 
02/03/15::22:24:29: Assembling BEM matrix block (0,0) 
02/03/15::22:24:34: Assembling T2 at Xi=2.506208e-01... 
02/03/15::22:24:34: Assembling BEM matrix block (1,1) 
02/03/15::22:47:27: LU-factorizing T1 at Xi=0.250621... 
02/03/15::22:47:27: LU-factorizing T2 at Xi=0.250621... 
02/03/15::22:48:02: Applying transform 6.30957... 
02/03/15::22:48:02:  Assembling U(0,1) 
02/03/15::22:48:02: Assembling BEM matrix block (0,1) 
02/03/15::22:49:59:   Computing ZForce... 
02/03/15::22:50:14: Computing Casimir integrand at Xi=0.222885
 
02/03/15::22:50:14: Assembling T1 at Xi=2.228852e-01... 
02/03/15::22:50:14: Assembling BEM matrix block (0,0) 
02/03/15::22:50:19: Assembling T2 at Xi=2.228852e-01... 
02/03/15::22:50:19: Assembling BEM matrix block (1,1) 
02/03/15::23:13:12: LU-factorizing T1 at Xi=0.222885... 
02/03/15::23:13:12: LU-factorizing T2 at Xi=0.222885... 
02/03/15::23:13:47: Applying transform 6.30957... 
02/03/15::23:13:47:  Assembling U(0,1) 
02/03/15::23:13:47: Assembling BEM matrix block (0,1) 
02/03/15::23:15:44:   Computing ZForce... 
02/03/15::23:15:59: Computing Casimir integrand at Xi=0.306092
 
02/03/15::23:15:59: Assembling T1 at Xi=3.060921e-01... 
02/03/15::23:15:59: Assembling BEM matrix block (0,0) 
02/03/15::23:16:04: Assembling T2 at Xi=3.060921e-01... 
02/03/15::23:16:04: Assembling BEM matrix block (1,1) 
02/03/15::23:38:57: LU-factorizing T1 at Xi=0.306092... 
02/03/15::23:38:57: LU-factorizing T2 at Xi=0.306092... 
02/03/15::23:39:33: Applying transform 6.30957... 
02/03/15::23:39:33:  Assembling U(0,1) 
02/03/15::23:39:33: Assembling BEM matrix block (0,1) 
02/03/15::23:41:30:   Computing ZForce... 
02/03/15::23:41:44: Computing Casimir integrand at Xi=0.361563
 
02/03/15::23:41:44: Assembling T1 at Xi=3.615634e-01... 
02/03/15::23:41:44: Assembling BEM matrix block (0,0) 
02/03/15::23:41:49: Assembling T2 at Xi=3.615634e-01... 
02/03/15::23:41:49: Assembling BEM matrix block (1,1) 
02/04/15::00:04:46: LU-factorizing T1 at Xi=0.361563... 
02/04/15::00:04:47: LU-factorizing T2 at Xi=0.361563... 
02/04/15::00:05:22: Applying transform 6.30957... 
02/04/15::00:05:22:  Assembling U(0,1) 
02/04/15::00:05:22: Assembling BEM matrix block (0,1) 
02/04/15::00:07:19:   Computing ZForce... 
02/04/15::00:07:34: Computing Casimir integrand at Xi=0.278356
 
02/04/15::00:07:34: Assembling T1 at Xi=2.783565e-01... 
02/04/15::00:07:34: Assembling BEM matrix block (0,0) 
02/04/15::00:07:39: Assembling T2 at Xi=2.783565e-01... 
02/04/15::00:07:39: Assembling BEM matrix block (1,1) 
02/04/15::00:30:33: LU-factorizing T1 at Xi=0.278356... 
02/04/15::00:30:33: LU-factorizing T2 at Xi=0.278356... 
02/04/15::00:31:09: Applying transform 6.30957... 
02/04/15::00:31:09:  Assembling U(0,1) 
02/04/15::00:31:09: Assembling BEM matrix block (0,1) 
02/04/15::00:33:06:   Computing ZForce... 
02/04/15::00:33:20: Computing Casimir integrand at Xi=0.361563
 
02/04/15::00:33:20: Assembling T1 at Xi=3.615634e-01... 
02/04/15::00:33:20: Assembling BEM matrix block (0,0) 
02/04/15::00:33:25: Assembling T2 at Xi=3.615634e-01... 
02/04/15::00:33:25: Assembling BEM matrix block (1,1) 
02/04/15::00:56:24: LU-factorizing T1 at Xi=0.361563... 
02/04/15::00:56:24: LU-factorizing T2 at Xi=0.361563... 
02/04/15::00:57:00: Applying transform 6.30957... 
02/04/15::00:57:00:  Assembling U(0,1) 
02/04/15::00:57:00: Assembling BEM matrix block (0,1) 
02/04/15::00:58:57:   Computing ZForce... 
02/04/15::00:59:12: Computing Casimir integrand at Xi=0.417035
 
02/04/15::00:59:12: Assembling T1 at Xi=4.170347e-01... 
02/04/15::00:59:12: Assembling BEM matrix block (0,0) 
02/04/15::00:59:17: Assembling T2 at Xi=4.170347e-01... 
02/04/15::00:59:17: Assembling BEM matrix block (1,1) 
02/04/15::01:22:18: LU-factorizing T1 at Xi=0.417035... 
02/04/15::01:22:19: LU-factorizing T2 at Xi=0.417035... 
02/04/15::01:22:54: Applying transform 6.30957... 
02/04/15::01:22:54:  Assembling U(0,1) 
02/04/15::01:22:54: Assembling BEM matrix block (0,1) 
02/04/15::01:24:51:   Computing ZForce... 
02/04/15::01:25:06: Computing Casimir integrand at Xi=0.333828
 
02/04/15::01:25:06: Assembling T1 at Xi=3.338278e-01... 
02/04/15::01:25:06: Assembling BEM matrix block (0,0) 
02/04/15::01:25:11: Assembling T2 at Xi=3.338278e-01... 
02/04/15::01:25:11: Assembling BEM matrix block (1,1) 
02/04/15::01:48:06: LU-factorizing T1 at Xi=0.333828... 
02/04/15::01:48:06: LU-factorizing T2 at Xi=0.333828... 
02/04/15::01:48:42: Applying transform 6.30957... 
02/04/15::01:48:42:  Assembling U(0,1) 
02/04/15::01:48:42: Assembling BEM matrix block (0,1) 
02/04/15::01:50:39:   Computing ZForce... 
02/04/15::01:50:54: Computing Casimir integrand at Xi=0.417035
 
02/04/15::01:50:54: Assembling T1 at Xi=4.170347e-01... 
02/04/15::01:50:54: Assembling BEM matrix block (0,0) 
02/04/15::01:50:59: Assembling T2 at Xi=4.170347e-01... 
02/04/15::01:50:59: Assembling BEM matrix block (1,1) 
02/04/15::02:14:00: LU-factorizing T1 at Xi=0.417035... 
02/04/15::02:14:00: LU-factorizing T2 at Xi=0.417035... 
02/04/15::02:14:36: Applying transform 6.30957... 
02/04/15::02:14:36:  Assembling U(0,1) 
02/04/15::02:14:36: Assembling BEM matrix block (0,1) 
02/04/15::02:16:34:   Computing ZForce... 
02/04/15::02:16:48: Computing Casimir integrand at Xi=0.472506
 
02/04/15::02:16:49: Assembling T1 at Xi=4.725060e-01... 
02/04/15::02:16:49: Assembling BEM matrix block (0,0) 
02/04/15::02:16:54: Assembling T2 at Xi=4.725060e-01... 
02/04/15::02:16:54: Assembling BEM matrix block (1,1) 
02/04/15::02:40:08: LU-factorizing T1 at Xi=0.472506... 
02/04/15::02:40:08: LU-factorizing T2 at Xi=0.472506... 
02/04/15::02:40:44: Applying transform 6.30957... 
02/04/15::02:40:44:  Assembling U(0,1) 
02/04/15::02:40:44: Assembling BEM matrix block (0,1) 
02/04/15::02:42:41:   Computing ZForce... 
02/04/15::02:42:56: Computing Casimir integrand at Xi=0.389299
 
02/04/15::02:42:56: Assembling T1 at Xi=3.892990e-01... 
02/04/15::02:42:56: Assembling BEM matrix block (0,0) 
02/04/15::02:43:01: Assembling T2 at Xi=3.892990e-01... 
02/04/15::02:43:01: Assembling BEM matrix block (1,1) 
02/04/15::03:05:55: LU-factorizing T1 at Xi=0.389299... 
02/04/15::03:05:55: LU-factorizing T2 at Xi=0.389299... 
02/04/15::03:06:29: Applying transform 6.30957... 
02/04/15::03:06:29:  Assembling U(0,1) 
02/04/15::03:06:29: Assembling BEM matrix block (0,1) 
02/04/15::03:08:22:   Computing ZForce... 
02/04/15::03:08:36: Computing Casimir integrand at Xi=0.472506
 
02/04/15::03:08:36: Assembling T1 at Xi=4.725060e-01... 
02/04/15::03:08:36: Assembling BEM matrix block (0,0) 
02/04/15::03:08:41: Assembling T2 at Xi=4.725060e-01... 
02/04/15::03:08:41: Assembling BEM matrix block (1,1) 
02/04/15::03:31:52: LU-factorizing T1 at Xi=0.472506... 
02/04/15::03:31:52: LU-factorizing T2 at Xi=0.472506... 
02/04/15::03:32:27: Applying transform 6.30957... 
02/04/15::03:32:27:  Assembling U(0,1) 
02/04/15::03:32:27: Assembling BEM matrix block (0,1) 
02/04/15::03:34:24:   Computing ZForce... 
02/04/15::03:34:39: Computing Casimir integrand at Xi=0.527977
 
02/04/15::03:34:39: Assembling T1 at Xi=5.279773e-01... 
02/04/15::03:34:39: Assembling BEM matrix block (0,0) 
02/04/15::03:34:44: Assembling T2 at Xi=5.279773e-01... 
02/04/15::03:34:44: Assembling BEM matrix block (1,1) 
02/04/15::03:57:45: LU-factorizing T1 at Xi=0.527977... 
02/04/15::03:57:45: LU-factorizing T2 at Xi=0.527977... 
02/04/15::03:58:20: Applying transform 6.30957... 
02/04/15::03:58:20:  Assembling U(0,1) 
02/04/15::03:58:20: Assembling BEM matrix block (0,1) 
02/04/15::04:00:18:   Computing ZForce... 
02/04/15::04:00:32: Computing Casimir integrand at Xi=0.44477
 
02/04/15::04:00:32: Assembling T1 at Xi=4.447703e-01... 
02/04/15::04:00:32: Assembling BEM matrix block (0,0) 
02/04/15::04:00:37: Assembling T2 at Xi=4.447703e-01... 
02/04/15::04:00:37: Assembling BEM matrix block (1,1) 
02/04/15::04:23:50: LU-factorizing T1 at Xi=0.44477... 
02/04/15::04:23:50: LU-factorizing T2 at Xi=0.44477... 
02/04/15::04:24:25: Applying transform 6.30957... 
02/04/15::04:24:25:  Assembling U(0,1) 
02/04/15::04:24:25: Assembling BEM matrix block (0,1) 
02/04/15::04:26:22:   Computing ZForce... 
02/04/15::04:26:37: Computing Casimir integrand at Xi=0.527977
 
02/04/15::04:26:37: Assembling T1 at Xi=5.279773e-01... 
02/04/15::04:26:37: Assembling BEM matrix block (0,0) 
02/04/15::04:26:42: Assembling T2 at Xi=5.279773e-01... 
02/04/15::04:26:42: Assembling BEM matrix block (1,1) 
02/04/15::04:49:44: LU-factorizing T1 at Xi=0.527977... 
02/04/15::04:49:44: LU-factorizing T2 at Xi=0.527977... 
02/04/15::04:50:20: Applying transform 6.30957... 
02/04/15::04:50:20:  Assembling U(0,1) 
02/04/15::04:50:20: Assembling BEM matrix block (0,1) 
02/04/15::04:52:17:   Computing ZForce... 
02/04/15::04:52:31: Computing Casimir integrand at Xi=0.583449
 
02/04/15::04:52:31: Assembling T1 at Xi=5.834486e-01... 
02/04/15::04:52:31: Assembling BEM matrix block (0,0) 
02/04/15::04:52:37: Assembling T2 at Xi=5.834486e-01... 
02/04/15::04:52:37: Assembling BEM matrix block (1,1) 
02/04/15::05:15:58: LU-factorizing T1 at Xi=0.583449... 
02/04/15::05:15:58: LU-factorizing T2 at Xi=0.583449... 
02/04/15::05:16:32: Applying transform 6.30957... 
02/04/15::05:16:32:  Assembling U(0,1) 
02/04/15::05:16:32: Assembling BEM matrix block (0,1) 
02/04/15::05:18:25:   Computing ZForce... 
02/04/15::05:18:39: Computing Casimir integrand at Xi=0.500242
 
02/04/15::05:18:39: Assembling T1 at Xi=5.002416e-01... 
02/04/15::05:18:39: Assembling BEM matrix block (0,0) 
02/04/15::05:18:44: Assembling T2 at Xi=5.002416e-01... 
02/04/15::05:18:44: Assembling BEM matrix block (1,1) 
02/04/15::05:41:36: LU-factorizing T1 at Xi=0.500242... 
02/04/15::05:41:36: LU-factorizing T2 at Xi=0.500242... 
02/04/15::05:42:12: Applying transform 6.30957... 
02/04/15::05:42:12:  Assembling U(0,1) 
02/04/15::05:42:12: Assembling BEM matrix block (0,1) 
02/04/15::05:44:09:   Computing ZForce... 
02/04/15::05:44:23: Computing Casimir integrand at Xi=0.583449
 
02/04/15::05:44:23: Assembling T1 at Xi=5.834486e-01... 
02/04/15::05:44:23: Assembling BEM matrix block (0,0) 
02/04/15::05:44:29: Assembling T2 at Xi=5.834486e-01... 
02/04/15::05:44:29: Assembling BEM matrix block (1,1) 
02/04/15::06:07:45: LU-factorizing T1 at Xi=0.583449... 
02/04/15::06:07:45: LU-factorizing T2 at Xi=0.583449... 
02/04/15::06:08:20: Applying transform 6.30957... 
02/04/15::06:08:20:  Assembling U(0,1) 
02/04/15::06:08:20: Assembling BEM matrix block (0,1) 
02/04/15::06:10:13:   Computing ZForce... 
02/04/15::06:10:27: Computing Casimir integrand at Xi=0.63892
 
02/04/15::06:10:27: Assembling T1 at Xi=6.389199e-01... 
02/04/15::06:10:27: Assembling BEM matrix block (0,0) 
02/04/15::06:10:32: Assembling T2 at Xi=6.389199e-01... 
02/04/15::06:10:32: Assembling BEM matrix block (1,1) 
02/04/15::06:33:55: LU-factorizing T1 at Xi=0.63892... 
02/04/15::06:33:56: LU-factorizing T2 at Xi=0.63892... 
02/04/15::06:34:31: Applying transform 6.30957... 
02/04/15::06:34:31:  Assembling U(0,1) 
02/04/15::06:34:31: Assembling BEM matrix block (0,1) 
02/04/15::06:36:25:   Computing ZForce... 
02/04/15::06:36:40: Computing Casimir integrand at Xi=0.555713
 
02/04/15::06:36:40: Assembling T1 at Xi=5.557129e-01... 
02/04/15::06:36:40: Assembling BEM matrix block (0,0) 
02/04/15::06:36:45: Assembling T2 at Xi=5.557129e-01... 
02/04/15::06:36:45: Assembling BEM matrix block (1,1) 
02/04/15::06:59:53: LU-factorizing T1 at Xi=0.555713... 
02/04/15::06:59:53: LU-factorizing T2 at Xi=0.555713... 
02/04/15::07:00:29: Applying transform 6.30957... 
02/04/15::07:00:29:  Assembling U(0,1) 
02/04/15::07:00:29: Assembling BEM matrix block (0,1) 
02/04/15::07:02:27:   Computing ZForce... 
02/04/15::07:02:42: Computing Casimir integrand at Xi=0.63892
 
02/04/15::07:02:42: Assembling T1 at Xi=6.389199e-01... 
02/04/15::07:02:42: Assembling BEM matrix block (0,0) 
02/04/15::07:02:48: Assembling T2 at Xi=6.389199e-01... 
02/04/15::07:02:48: Assembling BEM matrix block (1,1) 
02/04/15::07:25:56: LU-factorizing T1 at Xi=0.63892... 
02/04/15::07:25:56: LU-factorizing T2 at Xi=0.63892... 
02/04/15::07:26:32: Applying transform 6.30957... 
02/04/15::07:26:32:  Assembling U(0,1) 
02/04/15::07:26:32: Assembling BEM matrix block (0,1) 
02/04/15::07:28:30:   Computing ZForce... 
02/04/15::07:28:45: Computing Casimir integrand at Xi=0.694391
 
02/04/15::07:28:45: Assembling T1 at Xi=6.943912e-01... 
02/04/15::07:28:45: Assembling BEM matrix block (0,0) 
02/04/15::07:28:50: Assembling T2 at Xi=6.943912e-01... 
02/04/15::07:28:50: Assembling BEM matrix block (1,1) 
02/04/15::07:51:49: LU-factorizing T1 at Xi=0.694391... 
02/04/15::07:51:50: LU-factorizing T2 at Xi=0.694391... 
02/04/15::07:52:26: Applying transform 6.30957... 
02/04/15::07:52:26:  Assembling U(0,1) 
02/04/15::07:52:26: Assembling BEM matrix block (0,1) 
02/04/15::07:54:24:   Computing ZForce... 
02/04/15::07:54:39: Computing Casimir integrand at Xi=0.611184
 
02/04/15::07:54:39: Assembling T1 at Xi=6.111842e-01... 
02/04/15::07:54:39: Assembling BEM matrix block (0,0) 
02/04/15::07:54:44: Assembling T2 at Xi=6.111842e-01... 
02/04/15::07:54:44: Assembling BEM matrix block (1,1) 
02/04/15::08:17:43: LU-factorizing T1 at Xi=0.611184... 
02/04/15::08:17:43: LU-factorizing T2 at Xi=0.611184... 
02/04/15::08:18:19: Applying transform 6.30957... 
02/04/15::08:18:19:  Assembling U(0,1) 
02/04/15::08:18:19: Assembling BEM matrix block (0,1) 
02/04/15::08:20:17:   Computing ZForce... 
02/04/15::08:20:32: Computing Casimir integrand at Xi=0.694391
 
02/04/15::08:20:32: Assembling T1 at Xi=6.943912e-01... 
02/04/15::08:20:32: Assembling BEM matrix block (0,0) 
02/04/15::08:20:37: Assembling T2 at Xi=6.943912e-01... 
02/04/15::08:20:38: Assembling BEM matrix block (1,1) 
02/04/15::08:43:52: LU-factorizing T1 at Xi=0.694391... 
02/04/15::08:43:52: LU-factorizing T2 at Xi=0.694391... 
02/04/15::08:44:28: Applying transform 6.30957... 
02/04/15::08:44:28:  Assembling U(0,1) 
02/04/15::08:44:28: Assembling BEM matrix block (0,1) 
02/04/15::08:46:25:   Computing ZForce... 
02/04/15::08:46:40: Computing Casimir integrand at Xi=0.749862
 
02/04/15::08:46:40: Assembling T1 at Xi=7.498624e-01... 
02/04/15::08:46:40: Assembling BEM matrix block (0,0) 
02/04/15::08:46:46: Assembling T2 at Xi=7.498624e-01... 
02/04/15::08:46:46: Assembling BEM matrix block (1,1) 
02/04/15::09:10:18: LU-factorizing T1 at Xi=0.749862... 
02/04/15::09:10:18: LU-factorizing T2 at Xi=0.749862... 
02/04/15::09:10:54: Applying transform 6.30957... 
02/04/15::09:10:54:  Assembling U(0,1) 
02/04/15::09:10:54: Assembling BEM matrix block (0,1) 
02/04/15::09:12:52:   Computing ZForce... 
02/04/15::09:13:06: Computing Casimir integrand at Xi=0.666656
 
02/04/15::09:13:06: Assembling T1 at Xi=6.666555e-01... 
02/04/15::09:13:06: Assembling BEM matrix block (0,0) 
02/04/15::09:13:12: Assembling T2 at Xi=6.666555e-01... 
02/04/15::09:13:12: Assembling BEM matrix block (1,1) 
02/04/15::09:36:37: LU-factorizing T1 at Xi=0.666656... 
02/04/15::09:36:37: LU-factorizing T2 at Xi=0.666656... 
02/04/15::09:37:13: Applying transform 6.30957... 
02/04/15::09:37:13:  Assembling U(0,1) 
02/04/15::09:37:13: Assembling BEM matrix block (0,1) 
02/04/15::09:39:12:   Computing ZForce... 
02/04/15::09:39:27: Computing Casimir integrand at Xi=0.722127
 
02/04/15::09:39:27: Assembling T1 at Xi=7.221268e-01... 
02/04/15::09:39:27: Assembling BEM matrix block (0,0) 
02/04/15::09:39:33: Assembling T2 at Xi=7.221268e-01... 
02/04/15::09:39:33: Assembling BEM matrix block (1,1) 
02/04/15::10:02:54: LU-factorizing T1 at Xi=0.722127... 
02/04/15::10:02:54: LU-factorizing T2 at Xi=0.722127... 
02/04/15::10:03:30: Applying transform 6.30957... 
02/04/15::10:03:30:  Assembling U(0,1) 
02/04/15::10:03:30: Assembling BEM matrix block (0,1) 
02/04/15::10:05:27:   Computing ZForce... 
02/04/15::10:05:42: Computing Casimir integrand at Xi=0.749862
 
02/04/15::10:05:42: Assembling T1 at Xi=7.498624e-01... 
02/04/15::10:05:42: Assembling BEM matrix block (0,0) 
02/04/15::10:05:48: Assembling T2 at Xi=7.498624e-01... 
02/04/15::10:05:48: Assembling BEM matrix block (1,1) 
02/04/15::10:29:33: LU-factorizing T1 at Xi=0.749862... 
02/04/15::10:29:33: LU-factorizing T2 at Xi=0.749862... 
02/04/15::10:30:08: Applying transform 6.30957... 
02/04/15::10:30:08:  Assembling U(0,1) 
02/04/15::10:30:08: Assembling BEM matrix block (0,1) 
02/04/15::10:32:06:   Computing ZForce... 
02/04/15::10:32:21: Computing Casimir integrand at Xi=0.805334
 
02/04/15::10:32:21: Assembling T1 at Xi=8.053337e-01... 
02/04/15::10:32:21: Assembling BEM matrix block (0,0) 
02/04/15::10:32:27: Assembling T2 at Xi=8.053337e-01... 
02/04/15::10:32:27: Assembling BEM matrix block (1,1) 
02/04/15::10:55:58: LU-factorizing T1 at Xi=0.805334... 
02/04/15::10:55:58: LU-factorizing T2 at Xi=0.805334... 
02/04/15::10:56:34: Applying transform 6.30957... 
02/04/15::10:56:34:  Assembling U(0,1) 
02/04/15::10:56:35: Assembling BEM matrix block (0,1) 
02/04/15::10:58:42:   Computing ZForce... 
02/04/15::10:58:56: Computing Casimir integrand at Xi=0.860805
 
02/04/15::10:58:56: Assembling T1 at Xi=8.608050e-01... 
02/04/15::10:58:56: Assembling BEM matrix block (0,0) 
02/04/15::10:59:04: Assembling T2 at Xi=8.608050e-01... 
02/04/15::10:59:04: Assembling BEM matrix block (1,1) 
02/04/15::11:22:48: LU-factorizing T1 at Xi=0.860805... 
02/04/15::11:22:49: LU-factorizing T2 at Xi=0.860805... 
02/04/15::11:23:24: Applying transform 6.30957... 
02/04/15::11:23:24:  Assembling U(0,1) 
02/04/15::11:23:25: Assembling BEM matrix block (0,1) 
02/04/15::11:25:23:   Computing ZForce... 
02/04/15::11:25:37: Computing Casimir integrand at Xi=0.777598
 
02/04/15::11:25:37: Assembling T1 at Xi=7.775981e-01... 
02/04/15::11:25:37: Assembling BEM matrix block (0,0) 
02/04/15::11:25:43: Assembling T2 at Xi=7.775981e-01... 
02/04/15::11:25:43: Assembling BEM matrix block (1,1) 
02/04/15::11:49:17: LU-factorizing T1 at Xi=0.777598... 
02/04/15::11:49:17: LU-factorizing T2 at Xi=0.777598... 
02/04/15::11:49:53: Applying transform 6.30957... 
02/04/15::11:49:53:  Assembling U(0,1) 
02/04/15::11:49:53: Assembling BEM matrix block (0,1) 
02/04/15::11:51:51:   Computing ZForce... 
