02/03/15::18:30:12: scuff-cas3D running on kiso0025 
02/03/15::18:30:12: Setting material properties of exterior region to VACUUM. 
02/03/15::18:30:12: Flipped 514 panel normals to comport with region definitions. 
02/03/15::18:30:12: Computing full zero-temperature Casimir quantities. 
02/03/15::18:30:13: Read 1 geometrical transformations from file Bead_L-5.01187.trans. 
02/03/15::18:30:13: Minimum distance between surface points=5.011870e+00 
02/03/15::18:30:13: Computing Casimir integrand at Xi=0.001
 
02/03/15::18:30:13: Assembling T1 at Xi=1.000000e-03... 
02/03/15::18:30:13: Assembling BEM matrix block (0,0) 
02/03/15::18:30:37: Assembling T2 at Xi=1.000000e-03... 
02/03/15::18:30:37: Assembling BEM matrix block (1,1) 
02/03/15::18:50:58: LU-factorizing T1 at Xi=0.001... 
02/03/15::18:50:58: LU-factorizing T2 at Xi=0.001... 
02/03/15::18:51:36: Applying transform 5.01187... 
02/03/15::18:51:36:  Assembling U(0,1) 
02/03/15::18:51:36: Assembling BEM matrix block (0,1) 
02/03/15::18:53:51:   Computing ZForce... 
02/03/15::18:54:07: Computing Casimir integrand at Xi=0.0184586
 
02/03/15::18:54:07: Assembling T1 at Xi=1.845855e-02... 
02/03/15::18:54:07: Assembling BEM matrix block (0,0) 
02/03/15::18:54:10: Assembling T2 at Xi=1.845855e-02... 
02/03/15::18:54:10: Assembling BEM matrix block (1,1) 
02/03/15::19:12:11: LU-factorizing T1 at Xi=0.0184586... 
02/03/15::19:12:11: LU-factorizing T2 at Xi=0.0184586... 
02/03/15::19:12:49: Applying transform 5.01187... 
02/03/15::19:12:49:  Assembling U(0,1) 
02/03/15::19:12:49: Assembling BEM matrix block (0,1) 
02/03/15::19:15:00:   Computing ZForce... 
02/03/15::19:15:16: Computing Casimir integrand at Xi=0.0359171
 
02/03/15::19:15:16: Assembling T1 at Xi=3.591711e-02... 
02/03/15::19:15:16: Assembling BEM matrix block (0,0) 
02/03/15::19:15:19: Assembling T2 at Xi=3.591711e-02... 
02/03/15::19:15:19: Assembling BEM matrix block (1,1) 
02/03/15::19:33:24: LU-factorizing T1 at Xi=0.0359171... 
02/03/15::19:33:24: LU-factorizing T2 at Xi=0.0359171... 
02/03/15::19:34:03: Applying transform 5.01187... 
02/03/15::19:34:03:  Assembling U(0,1) 
02/03/15::19:34:03: Assembling BEM matrix block (0,1) 
02/03/15::19:36:14:   Computing ZForce... 
02/03/15::19:36:29: Computing Casimir integrand at Xi=0.0708342
 
02/03/15::19:36:29: Assembling T1 at Xi=7.083421e-02... 
02/03/15::19:36:29: Assembling BEM matrix block (0,0) 
02/03/15::19:36:33: Assembling T2 at Xi=7.083421e-02... 
02/03/15::19:36:33: Assembling BEM matrix block (1,1) 
02/03/15::19:54:42: LU-factorizing T1 at Xi=0.0708342... 
02/03/15::19:54:42: LU-factorizing T2 at Xi=0.0708342... 
02/03/15::19:55:21: Applying transform 5.01187... 
02/03/15::19:55:21:  Assembling U(0,1) 
02/03/15::19:55:21: Assembling BEM matrix block (0,1) 
02/03/15::19:57:32:   Computing ZForce... 
02/03/15::19:57:47: Computing Casimir integrand at Xi=0.105751
 
02/03/15::19:57:47: Assembling T1 at Xi=1.057513e-01... 
02/03/15::19:57:47: Assembling BEM matrix block (0,0) 
02/03/15::19:57:51: Assembling T2 at Xi=1.057513e-01... 
02/03/15::19:57:51: Assembling BEM matrix block (1,1) 
02/03/15::20:16:03: LU-factorizing T1 at Xi=0.105751... 
02/03/15::20:16:03: LU-factorizing T2 at Xi=0.105751... 
02/03/15::20:16:42: Applying transform 5.01187... 
02/03/15::20:16:42:  Assembling U(0,1) 
02/03/15::20:16:42: Assembling BEM matrix block (0,1) 
02/03/15::20:18:53:   Computing ZForce... 
02/03/15::20:19:08: Computing Casimir integrand at Xi=0.175586
 
02/03/15::20:19:08: Assembling T1 at Xi=1.755855e-01... 
02/03/15::20:19:08: Assembling BEM matrix block (0,0) 
02/03/15::20:19:12: Assembling T2 at Xi=1.755855e-01... 
02/03/15::20:19:12: Assembling BEM matrix block (1,1) 
02/03/15::20:37:28: LU-factorizing T1 at Xi=0.175586... 
02/03/15::20:37:28: LU-factorizing T2 at Xi=0.175586... 
02/03/15::20:38:06: Applying transform 5.01187... 
02/03/15::20:38:06:  Assembling U(0,1) 
02/03/15::20:38:06: Assembling BEM matrix block (0,1) 
02/03/15::20:40:18:   Computing ZForce... 
02/03/15::20:40:34: Computing Casimir integrand at Xi=0.24542
 
02/03/15::20:40:34: Assembling T1 at Xi=2.454197e-01... 
02/03/15::20:40:34: Assembling BEM matrix block (0,0) 
02/03/15::20:40:38: Assembling T2 at Xi=2.454197e-01... 
02/03/15::20:40:38: Assembling BEM matrix block (1,1) 
02/03/15::20:58:57: LU-factorizing T1 at Xi=0.24542... 
02/03/15::20:58:57: LU-factorizing T2 at Xi=0.24542... 
02/03/15::20:59:36: Applying transform 5.01187... 
02/03/15::20:59:36:  Assembling U(0,1) 
02/03/15::20:59:36: Assembling BEM matrix block (0,1) 
02/03/15::21:01:48:   Computing ZForce... 
02/03/15::21:02:04: Computing Casimir integrand at Xi=0.315254
 
02/03/15::21:02:04: Assembling T1 at Xi=3.152540e-01... 
02/03/15::21:02:04: Assembling BEM matrix block (0,0) 
02/03/15::21:02:08: Assembling T2 at Xi=3.152540e-01... 
02/03/15::21:02:08: Assembling BEM matrix block (1,1) 
02/03/15::21:20:28: LU-factorizing T1 at Xi=0.315254... 
02/03/15::21:20:28: LU-factorizing T2 at Xi=0.315254... 
02/03/15::21:21:07: Applying transform 5.01187... 
02/03/15::21:21:07:  Assembling U(0,1) 
02/03/15::21:21:07: Assembling BEM matrix block (0,1) 
02/03/15::21:23:18:   Computing ZForce... 
02/03/15::21:23:34: Computing Casimir integrand at Xi=0.385088
 
02/03/15::21:23:34: Assembling T1 at Xi=3.850882e-01... 
02/03/15::21:23:34: Assembling BEM matrix block (0,0) 
02/03/15::21:23:38: Assembling T2 at Xi=3.850882e-01... 
02/03/15::21:23:38: Assembling BEM matrix block (1,1) 
02/03/15::21:42:01: LU-factorizing T1 at Xi=0.385088... 
02/03/15::21:42:01: LU-factorizing T2 at Xi=0.385088... 
02/03/15::21:42:40: Applying transform 5.01187... 
02/03/15::21:42:40:  Assembling U(0,1) 
02/03/15::21:42:40: Assembling BEM matrix block (0,1) 
02/03/15::21:44:51:   Computing ZForce... 
02/03/15::21:45:07: Computing Casimir integrand at Xi=0.280337
 
02/03/15::21:45:07: Assembling T1 at Xi=2.803369e-01... 
02/03/15::21:45:07: Assembling BEM matrix block (0,0) 
02/03/15::21:45:11: Assembling T2 at Xi=2.803369e-01... 
02/03/15::21:45:11: Assembling BEM matrix block (1,1) 
02/03/15::22:03:30: LU-factorizing T1 at Xi=0.280337... 
02/03/15::22:03:31: LU-factorizing T2 at Xi=0.280337... 
02/03/15::22:04:09: Applying transform 5.01187... 
02/03/15::22:04:09:  Assembling U(0,1) 
02/03/15::22:04:09: Assembling BEM matrix block (0,1) 
02/03/15::22:06:21:   Computing ZForce... 
02/03/15::22:06:37: Computing Casimir integrand at Xi=0.385088
 
02/03/15::22:06:37: Assembling T1 at Xi=3.850882e-01... 
02/03/15::22:06:37: Assembling BEM matrix block (0,0) 
02/03/15::22:06:41: Assembling T2 at Xi=3.850882e-01... 
02/03/15::22:06:41: Assembling BEM matrix block (1,1) 
02/03/15::22:25:05: LU-factorizing T1 at Xi=0.385088... 
02/03/15::22:25:05: LU-factorizing T2 at Xi=0.385088... 
02/03/15::22:25:43: Applying transform 5.01187... 
02/03/15::22:25:43:  Assembling U(0,1) 
02/03/15::22:25:43: Assembling BEM matrix block (0,1) 
02/03/15::22:27:55:   Computing ZForce... 
02/03/15::22:28:10: Computing Casimir integrand at Xi=0.454922
 
02/03/15::22:28:10: Assembling T1 at Xi=4.549224e-01... 
02/03/15::22:28:10: Assembling BEM matrix block (0,0) 
02/03/15::22:28:15: Assembling T2 at Xi=4.549224e-01... 
02/03/15::22:28:15: Assembling BEM matrix block (1,1) 
02/03/15::22:46:42: LU-factorizing T1 at Xi=0.454922... 
02/03/15::22:46:42: LU-factorizing T2 at Xi=0.454922... 
02/03/15::22:47:21: Applying transform 5.01187... 
02/03/15::22:47:21:  Assembling U(0,1) 
02/03/15::22:47:21: Assembling BEM matrix block (0,1) 
02/03/15::22:49:32:   Computing ZForce... 
02/03/15::22:49:48: Computing Casimir integrand at Xi=0.350171
 
02/03/15::22:49:48: Assembling T1 at Xi=3.501711e-01... 
02/03/15::22:49:48: Assembling BEM matrix block (0,0) 
02/03/15::22:49:52: Assembling T2 at Xi=3.501711e-01... 
02/03/15::22:49:52: Assembling BEM matrix block (1,1) 
02/03/15::23:08:14: LU-factorizing T1 at Xi=0.350171... 
02/03/15::23:08:14: LU-factorizing T2 at Xi=0.350171... 
02/03/15::23:08:52: Applying transform 5.01187... 
02/03/15::23:08:52:  Assembling U(0,1) 
02/03/15::23:08:52: Assembling BEM matrix block (0,1) 
02/03/15::23:11:04:   Computing ZForce... 
02/03/15::23:11:19: Computing Casimir integrand at Xi=0.454922
 
02/03/15::23:11:19: Assembling T1 at Xi=4.549224e-01... 
02/03/15::23:11:19: Assembling BEM matrix block (0,0) 
02/03/15::23:11:24: Assembling T2 at Xi=4.549224e-01... 
02/03/15::23:11:24: Assembling BEM matrix block (1,1) 
02/03/15::23:29:56: LU-factorizing T1 at Xi=0.454922... 
02/03/15::23:29:56: LU-factorizing T2 at Xi=0.454922... 
02/03/15::23:30:35: Applying transform 5.01187... 
02/03/15::23:30:35:  Assembling U(0,1) 
02/03/15::23:30:35: Assembling BEM matrix block (0,1) 
02/03/15::23:32:49:   Computing ZForce... 
02/03/15::23:33:05: Computing Casimir integrand at Xi=0.524757
 
02/03/15::23:33:05: Assembling T1 at Xi=5.247566e-01... 
02/03/15::23:33:05: Assembling BEM matrix block (0,0) 
02/03/15::23:33:09: Assembling T2 at Xi=5.247566e-01... 
02/03/15::23:33:09: Assembling BEM matrix block (1,1) 
02/03/15::23:51:52: LU-factorizing T1 at Xi=0.524757... 
02/03/15::23:51:53: LU-factorizing T2 at Xi=0.524757... 
02/03/15::23:52:32: Applying transform 5.01187... 
02/03/15::23:52:32:  Assembling U(0,1) 
02/03/15::23:52:32: Assembling BEM matrix block (0,1) 
02/03/15::23:54:45:   Computing ZForce... 
02/03/15::23:55:02: Computing Casimir integrand at Xi=0.420005
 
02/03/15::23:55:02: Assembling T1 at Xi=4.200053e-01... 
02/03/15::23:55:02: Assembling BEM matrix block (0,0) 
02/03/15::23:55:06: Assembling T2 at Xi=4.200053e-01... 
02/03/15::23:55:06: Assembling BEM matrix block (1,1) 
02/04/15::00:13:34: LU-factorizing T1 at Xi=0.420005... 
02/04/15::00:13:34: LU-factorizing T2 at Xi=0.420005... 
02/04/15::00:14:12: Applying transform 5.01187... 
02/04/15::00:14:12:  Assembling U(0,1) 
02/04/15::00:14:12: Assembling BEM matrix block (0,1) 
02/04/15::00:16:24:   Computing ZForce... 
02/04/15::00:16:40: Computing Casimir integrand at Xi=0.524757
 
02/04/15::00:16:40: Assembling T1 at Xi=5.247566e-01... 
02/04/15::00:16:40: Assembling BEM matrix block (0,0) 
02/04/15::00:16:44: Assembling T2 at Xi=5.247566e-01... 
02/04/15::00:16:44: Assembling BEM matrix block (1,1) 
02/04/15::00:35:15: LU-factorizing T1 at Xi=0.524757... 
02/04/15::00:35:15: LU-factorizing T2 at Xi=0.524757... 
02/04/15::00:35:54: Applying transform 5.01187... 
02/04/15::00:35:54:  Assembling U(0,1) 
02/04/15::00:35:54: Assembling BEM matrix block (0,1) 
02/04/15::00:38:05:   Computing ZForce... 
02/04/15::00:38:21: Computing Casimir integrand at Xi=0.594591
 
02/04/15::00:38:21: Assembling T1 at Xi=5.945908e-01... 
02/04/15::00:38:21: Assembling BEM matrix block (0,0) 
02/04/15::00:38:25: Assembling T2 at Xi=5.945908e-01... 
02/04/15::00:38:25: Assembling BEM matrix block (1,1) 
02/04/15::00:56:59: LU-factorizing T1 at Xi=0.594591... 
02/04/15::00:56:59: LU-factorizing T2 at Xi=0.594591... 
02/04/15::00:57:37: Applying transform 5.01187... 
02/04/15::00:57:37:  Assembling U(0,1) 
02/04/15::00:57:37: Assembling BEM matrix block (0,1) 
02/04/15::00:59:49:   Computing ZForce... 
02/04/15::01:00:04: Computing Casimir integrand at Xi=0.489839
 
02/04/15::01:00:04: Assembling T1 at Xi=4.898395e-01... 
02/04/15::01:00:04: Assembling BEM matrix block (0,0) 
02/04/15::01:00:09: Assembling T2 at Xi=4.898395e-01... 
02/04/15::01:00:09: Assembling BEM matrix block (1,1) 
02/04/15::01:18:36: LU-factorizing T1 at Xi=0.489839... 
02/04/15::01:18:36: LU-factorizing T2 at Xi=0.489839... 
02/04/15::01:19:14: Applying transform 5.01187... 
02/04/15::01:19:14:  Assembling U(0,1) 
02/04/15::01:19:14: Assembling BEM matrix block (0,1) 
02/04/15::01:21:26:   Computing ZForce... 
02/04/15::01:21:41: Computing Casimir integrand at Xi=0.594591
 
02/04/15::01:21:41: Assembling T1 at Xi=5.945908e-01... 
02/04/15::01:21:41: Assembling BEM matrix block (0,0) 
02/04/15::01:21:46: Assembling T2 at Xi=5.945908e-01... 
02/04/15::01:21:46: Assembling BEM matrix block (1,1) 
02/04/15::01:40:22: LU-factorizing T1 at Xi=0.594591... 
02/04/15::01:40:22: LU-factorizing T2 at Xi=0.594591... 
02/04/15::01:41:00: Applying transform 5.01187... 
02/04/15::01:41:00:  Assembling U(0,1) 
02/04/15::01:41:00: Assembling BEM matrix block (0,1) 
02/04/15::01:43:12:   Computing ZForce... 
02/04/15::01:43:27: Computing Casimir integrand at Xi=0.664425
 
02/04/15::01:43:27: Assembling T1 at Xi=6.644250e-01... 
02/04/15::01:43:28: Assembling BEM matrix block (0,0) 
02/04/15::01:43:32: Assembling T2 at Xi=6.644250e-01... 
02/04/15::01:43:32: Assembling BEM matrix block (1,1) 
02/04/15::02:02:08: LU-factorizing T1 at Xi=0.664425... 
02/04/15::02:02:09: LU-factorizing T2 at Xi=0.664425... 
02/04/15::02:02:47: Applying transform 5.01187... 
02/04/15::02:02:47:  Assembling U(0,1) 
02/04/15::02:02:47: Assembling BEM matrix block (0,1) 
02/04/15::02:04:59:   Computing ZForce... 
02/04/15::02:05:15: Computing Casimir integrand at Xi=0.559674
 
02/04/15::02:05:15: Assembling T1 at Xi=5.596737e-01... 
02/04/15::02:05:15: Assembling BEM matrix block (0,0) 
02/04/15::02:05:20: Assembling T2 at Xi=5.596737e-01... 
02/04/15::02:05:20: Assembling BEM matrix block (1,1) 
02/04/15::02:23:54: LU-factorizing T1 at Xi=0.559674... 
02/04/15::02:23:54: LU-factorizing T2 at Xi=0.559674... 
02/04/15::02:24:32: Applying transform 5.01187... 
02/04/15::02:24:32:  Assembling U(0,1) 
02/04/15::02:24:32: Assembling BEM matrix block (0,1) 
02/04/15::02:26:43:   Computing ZForce... 
02/04/15::02:26:59: Computing Casimir integrand at Xi=0.664425
 
02/04/15::02:26:59: Assembling T1 at Xi=6.644250e-01... 
02/04/15::02:26:59: Assembling BEM matrix block (0,0) 
02/04/15::02:27:04: Assembling T2 at Xi=6.644250e-01... 
02/04/15::02:27:04: Assembling BEM matrix block (1,1) 
02/04/15::02:45:40: LU-factorizing T1 at Xi=0.664425... 
02/04/15::02:45:40: LU-factorizing T2 at Xi=0.664425... 
02/04/15::02:46:18: Applying transform 5.01187... 
02/04/15::02:46:18:  Assembling U(0,1) 
02/04/15::02:46:18: Assembling BEM matrix block (0,1) 
02/04/15::02:48:30:   Computing ZForce... 
02/04/15::02:48:46: Computing Casimir integrand at Xi=0.734259
 
02/04/15::02:48:46: Assembling T1 at Xi=7.342592e-01... 
02/04/15::02:48:46: Assembling BEM matrix block (0,0) 
02/04/15::02:48:51: Assembling T2 at Xi=7.342592e-01... 
02/04/15::02:48:51: Assembling BEM matrix block (1,1) 
02/04/15::03:07:31: LU-factorizing T1 at Xi=0.734259... 
02/04/15::03:07:31: LU-factorizing T2 at Xi=0.734259... 
02/04/15::03:08:09: Applying transform 5.01187... 
02/04/15::03:08:09:  Assembling U(0,1) 
02/04/15::03:08:09: Assembling BEM matrix block (0,1) 
02/04/15::03:10:21:   Computing ZForce... 
02/04/15::03:10:37: Computing Casimir integrand at Xi=0.629508
 
02/04/15::03:10:37: Assembling T1 at Xi=6.295079e-01... 
02/04/15::03:10:37: Assembling BEM matrix block (0,0) 
02/04/15::03:10:41: Assembling T2 at Xi=6.295079e-01... 
02/04/15::03:10:41: Assembling BEM matrix block (1,1) 
02/04/15::03:29:16: LU-factorizing T1 at Xi=0.629508... 
02/04/15::03:29:16: LU-factorizing T2 at Xi=0.629508... 
02/04/15::03:29:55: Applying transform 5.01187... 
02/04/15::03:29:55:  Assembling U(0,1) 
02/04/15::03:29:55: Assembling BEM matrix block (0,1) 
02/04/15::03:32:07:   Computing ZForce... 
02/04/15::03:32:23: Computing Casimir integrand at Xi=0.699342
 
02/04/15::03:32:23: Assembling T1 at Xi=6.993421e-01... 
02/04/15::03:32:23: Assembling BEM matrix block (0,0) 
02/04/15::03:32:27: Assembling T2 at Xi=6.993421e-01... 
02/04/15::03:32:27: Assembling BEM matrix block (1,1) 
02/04/15::03:51:06: LU-factorizing T1 at Xi=0.699342... 
02/04/15::03:51:06: LU-factorizing T2 at Xi=0.699342... 
02/04/15::03:51:45: Applying transform 5.01187... 
02/04/15::03:51:45:  Assembling U(0,1) 
02/04/15::03:51:45: Assembling BEM matrix block (0,1) 
02/04/15::03:53:56:   Computing ZForce... 
02/04/15::03:54:12: Computing Casimir integrand at Xi=0.734259
 
02/04/15::03:54:12: Assembling T1 at Xi=7.342592e-01... 
02/04/15::03:54:12: Assembling BEM matrix block (0,0) 
02/04/15::03:54:17: Assembling T2 at Xi=7.342592e-01... 
02/04/15::03:54:17: Assembling BEM matrix block (1,1) 
02/04/15::04:12:57: LU-factorizing T1 at Xi=0.734259... 
02/04/15::04:12:57: LU-factorizing T2 at Xi=0.734259... 
02/04/15::04:13:36: Applying transform 5.01187... 
02/04/15::04:13:36:  Assembling U(0,1) 
02/04/15::04:13:36: Assembling BEM matrix block (0,1) 
02/04/15::04:15:48:   Computing ZForce... 
02/04/15::04:16:04: Computing Casimir integrand at Xi=0.769176
 
02/04/15::04:16:04: Assembling T1 at Xi=7.691763e-01... 
02/04/15::04:16:04: Assembling BEM matrix block (0,0) 
02/04/15::04:16:08: Assembling T2 at Xi=7.691763e-01... 
02/04/15::04:16:09: Assembling BEM matrix block (1,1) 
02/04/15::04:34:51: LU-factorizing T1 at Xi=0.769176... 
02/04/15::04:34:51: LU-factorizing T2 at Xi=0.769176... 
02/04/15::04:35:30: Applying transform 5.01187... 
02/04/15::04:35:30:  Assembling U(0,1) 
02/04/15::04:35:30: Assembling BEM matrix block (0,1) 
02/04/15::04:37:42:   Computing ZForce... 
02/04/15::04:37:58: Computing Casimir integrand at Xi=0.804093
 
02/04/15::04:37:58: Assembling T1 at Xi=8.040935e-01... 
02/04/15::04:37:58: Assembling BEM matrix block (0,0) 
02/04/15::04:38:03: Assembling T2 at Xi=8.040935e-01... 
02/04/15::04:38:03: Assembling BEM matrix block (1,1) 
02/04/15::04:56:48: LU-factorizing T1 at Xi=0.804093... 
02/04/15::04:56:48: LU-factorizing T2 at Xi=0.804093... 
02/04/15::04:57:26: Applying transform 5.01187... 
02/04/15::04:57:26:  Assembling U(0,1) 
02/04/15::04:57:26: Assembling BEM matrix block (0,1) 
02/04/15::04:59:38:   Computing ZForce... 
02/04/15::04:59:54: Computing Casimir integrand at Xi=0.839011
 
02/04/15::04:59:54: Assembling T1 at Xi=8.390106e-01... 
02/04/15::04:59:54: Assembling BEM matrix block (0,0) 
02/04/15::04:59:59: Assembling T2 at Xi=8.390106e-01... 
02/04/15::04:59:59: Assembling BEM matrix block (1,1) 
02/04/15::05:18:45: LU-factorizing T1 at Xi=0.839011... 
02/04/15::05:18:45: LU-factorizing T2 at Xi=0.839011... 
02/04/15::05:19:23: Applying transform 5.01187... 
02/04/15::05:19:23:  Assembling U(0,1) 
02/04/15::05:19:23: Assembling BEM matrix block (0,1) 
02/04/15::05:21:36:   Computing ZForce... 
02/04/15::05:21:52: Computing Casimir integrand at Xi=0.873928
 
02/04/15::05:21:52: Assembling T1 at Xi=8.739277e-01... 
02/04/15::05:21:52: Assembling BEM matrix block (0,0) 
02/04/15::05:21:57: Assembling T2 at Xi=8.739277e-01... 
02/04/15::05:21:57: Assembling BEM matrix block (1,1) 
02/04/15::05:40:44: LU-factorizing T1 at Xi=0.873928... 
02/04/15::05:40:45: LU-factorizing T2 at Xi=0.873928... 
02/04/15::05:41:23: Applying transform 5.01187... 
02/04/15::05:41:23:  Assembling U(0,1) 
02/04/15::05:41:23: Assembling BEM matrix block (0,1) 
02/04/15::05:43:35:   Computing ZForce... 
02/04/15::05:43:51: Computing Casimir integrand at Xi=0.908845
 
02/04/15::05:43:51: Assembling T1 at Xi=9.088448e-01... 
02/04/15::05:43:51: Assembling BEM matrix block (0,0) 
02/04/15::05:43:56: Assembling T2 at Xi=9.088448e-01... 
02/04/15::05:43:56: Assembling BEM matrix block (1,1) 
02/04/15::06:15:19: LU-factorizing T1 at Xi=0.908845... 
02/04/15::06:15:19: LU-factorizing T2 at Xi=0.908845... 
02/04/15::06:15:58: Applying transform 5.01187... 
02/04/15::06:15:58:  Assembling U(0,1) 
02/04/15::06:15:58: Assembling BEM matrix block (0,1) 
02/04/15::06:18:08:   Computing ZForce... 
02/04/15::06:18:24: Computing Casimir integrand at Xi=0.943762
 
02/04/15::06:18:24: Assembling T1 at Xi=9.437619e-01... 
02/04/15::06:18:24: Assembling BEM matrix block (0,0) 
02/04/15::06:18:29: Assembling T2 at Xi=9.437619e-01... 
02/04/15::06:18:29: Assembling BEM matrix block (1,1) 
02/04/15::06:50:37: LU-factorizing T1 at Xi=0.943762... 
02/04/15::06:50:38: LU-factorizing T2 at Xi=0.943762... 
02/04/15::06:51:16: Applying transform 5.01187... 
02/04/15::06:51:16:  Assembling U(0,1) 
02/04/15::06:51:16: Assembling BEM matrix block (0,1) 
02/04/15::06:53:27:   Computing ZForce... 
02/04/15::06:53:43: Computing Casimir integrand at Xi=1.0136
 
02/04/15::06:53:43: Assembling T1 at Xi=1.013596e+00... 
02/04/15::06:53:43: Assembling BEM matrix block (0,0) 
02/04/15::06:53:48: Assembling T2 at Xi=1.013596e+00... 
02/04/15::06:53:48: Assembling BEM matrix block (1,1) 
02/04/15::07:25:57: LU-factorizing T1 at Xi=1.0136... 
02/04/15::07:25:57: LU-factorizing T2 at Xi=1.0136... 
02/04/15::07:26:36: Applying transform 5.01187... 
02/04/15::07:26:36:  Assembling U(0,1) 
02/04/15::07:26:36: Assembling BEM matrix block (0,1) 
02/04/15::07:28:47:   Computing ZForce... 
02/04/15::07:29:03: Computing Casimir integrand at Xi=1.08343
 
02/04/15::07:29:03: Assembling T1 at Xi=1.083430e+00... 
02/04/15::07:29:03: Assembling BEM matrix block (0,0) 
02/04/15::07:29:10: Assembling T2 at Xi=1.083430e+00... 
02/04/15::07:29:10: Assembling BEM matrix block (1,1) 
02/04/15::08:01:22: LU-factorizing T1 at Xi=1.08343... 
02/04/15::08:01:22: LU-factorizing T2 at Xi=1.08343... 
02/04/15::08:02:01: Applying transform 5.01187... 
02/04/15::08:02:01:  Assembling U(0,1) 
02/04/15::08:02:01: Assembling BEM matrix block (0,1) 
02/04/15::08:04:12:   Computing ZForce... 
02/04/15::08:04:27: Computing Casimir integrand at Xi=0.978679
 
02/04/15::08:04:27: Assembling T1 at Xi=9.786790e-01... 
02/04/15::08:04:27: Assembling BEM matrix block (0,0) 
02/04/15::08:04:33: Assembling T2 at Xi=9.786790e-01... 
02/04/15::08:04:33: Assembling BEM matrix block (1,1) 
02/04/15::08:36:39: LU-factorizing T1 at Xi=0.978679... 
02/04/15::08:36:39: LU-factorizing T2 at Xi=0.978679... 
02/04/15::08:37:18: Applying transform 5.01187... 
02/04/15::08:37:18:  Assembling U(0,1) 
02/04/15::08:37:18: Assembling BEM matrix block (0,1) 
02/04/15::08:39:29:   Computing ZForce... 
